[
      {
            "phase": "N/A",
            "source_file": [
                  null
            ],
            "source_line_no": 0,
            "line_no": 306,
            "repeat_count": 0,
            "start": 300,
            "end": 313,
            "text": ">> 20    configure: error: Autoconf 2.65 or better is required.",
            "pre_context": "     14    checking for tex... tex\n     15    checking for yacc... yacc\n     16    checking for lex... lex\n     17    checking whether autoconf is installed... yes\n     18    checking whether autoconf works... yes\n     19    checking whether autoconf is recent enough... no",
            "post_context": "\nSee build log for details:\n  /var/tmp/koparasy/spack-stage/spack-stage-automake-1.16.1-oyvm3i4vxtvniy5ers44jedmg2svh5gr/spack-build-out.txt\n\nTraceback (most recent call last):\n  File \"/p/vast1/koparasy/BUILD/spack/lib/spack/spack/build_environment.py\", line 1035, in _setup_pkg_and_run"
      },
      {
            "phase": "N/A",
            "source_file": [
                  null
            ],
            "source_line_no": 0,
            "line_no": 306,
            "repeat_count": 0,
            "start": 300,
            "end": 313,
            "text": ">> 20    configure: error: Autoconf 2.65 or better is required.",
            "pre_context": "     14    checking for tex... tex\n     15    checking for yacc... yacc\n     16    checking for lex... lex\n     17    checking whether autoconf is installed... yes\n     18    checking whether autoconf works... yes\n     19    checking whether autoconf is recent enough... no",
            "post_context": "\nSee build log for details:\n  /var/tmp/koparasy/spack-stage/spack-stage-automake-1.15-mkrvhyv7s3pq3epj4napqmobnwckv4de/spack-build-out.txt\n\nTraceback (most recent call last):\n  File \"/p/vast1/koparasy/BUILD/spack/lib/spack/spack/build_environment.py\", line 1035, in _setup_pkg_and_run"
      },
      {
            "phase": "N/A",
            "source_file": [
                  null
            ],
            "source_line_no": 0,
            "line_no": 974,
            "repeat_count": 0,
            "start": 968,
            "end": 981,
            "text": ">> 11    configure.ac:14: error: Autoconf version 2.65 or higher is required",
            "pre_context": "           y/BUILD/spack_cluster_installer/quartz/adios/spack_env_dir/linux-rhe\n           l7-broadwell/gcc-8.3.1/libtool-2.4.6-kuqj4u7d46erm45lqr2ka5omepzty4d\n           o/share/aclocal'\n     8     autoreconf: Entering directory `.'\n     9     autoreconf: configure.ac: not using Gettext\n     10    autoreconf: running: aclocal --force -I config",
            "post_context": "  >> 12    /p/vast1/koparasy/BUILD/spack_cluster_installer/quartz/adios/spack_e\n           nv_dir/linux-rhel7-broadwell/gcc-8.3.1/automake-1.15-mkrvhyv7s3pq3ep\n           j4napqmobnwckv4de/share/aclocal-1.15/init.m4:29: AM_INIT_AUTOMAKE is\n            expanded from...\n  >> 13    configure.ac:14: the top level\n     14    autom4te: /p/vast1/koparasy/BUILD/spack_cluster_installer/quartz/adi"
      },
      {
            "phase": "N/A",
            "source_file": [
                  null
            ],
            "source_line_no": 0,
            "line_no": 983,
            "repeat_count": 0,
            "start": 977,
            "end": 990,
            "text": ">> 15    aclocal: error: echo failed with exit status: 63",
            "pre_context": "           j4napqmobnwckv4de/share/aclocal-1.15/init.m4:29: AM_INIT_AUTOMAKE is\n            expanded from...\n  >> 13    configure.ac:14: the top level\n     14    autom4te: /p/vast1/koparasy/BUILD/spack_cluster_installer/quartz/adi\n           os/spack_env_dir/linux-rhel7-broadwell/gcc-8.3.1/m4-1.4.19-4qzdeqdkj\n           b5xc6wjpzcx4dj7dqgjh6ul/bin/m4 failed with exit status: 63",
            "post_context": "     16    autoreconf: aclocal failed with exit status: 63\n\nSee build log for details:\n  /var/tmp/koparasy/spack-stage/spack-stage-adios-1.13.1-czn3smtivvnxrmx3vfatw2djpmasy4j5/spack-build-out.txt\n\nTraceback (most recent call last):"
      },
      {
            "phase": "N/A",
            "source_file": [
                  null
            ],
            "source_line_no": 0,
            "line_no": 1061,
            "repeat_count": 0,
            "start": 1055,
            "end": 1068,
            "text": ">> 11    configure.ac:14: error: Autoconf version 2.65 or higher is required",
            "pre_context": "           asy/BUILD/spack_cluster_installer/quartz/adios/spack_env_dir/linux-r\n           hel7-broadwell/gcc-8.3.1/libtool-develop-ll23dbfixnkpp227umpjv6vcq44\n           sj264/share/aclocal'\n     8     autoreconf: Entering directory `.'\n     9     autoreconf: configure.ac: not using Gettext\n     10    autoreconf: running: aclocal --force -I config",
            "post_context": "  >> 12    /p/vast1/koparasy/BUILD/spack_cluster_installer/quartz/adios/spack_e\n           nv_dir/linux-rhel7-broadwell/gcc-8.3.1/automake-1.16.3-44br3n65rs67z\n           wszebflwonqof6clc3t/share/aclocal-1.16/init.m4:29: AM_INIT_AUTOMAKE\n           is expanded from...\n  >> 13    configure.ac:14: the top level\n     14    autom4te: /p/vast1/koparasy/BUILD/spack_cluster_installer/quartz/adi"
      },
      {
            "phase": "N/A",
            "source_file": [
                  null
            ],
            "source_line_no": 0,
            "line_no": 1070,
            "repeat_count": 0,
            "start": 1064,
            "end": 1077,
            "text": ">> 15    aclocal: error: autom4te failed with exit status: 63",
            "pre_context": "           wszebflwonqof6clc3t/share/aclocal-1.16/init.m4:29: AM_INIT_AUTOMAKE\n           is expanded from...\n  >> 13    configure.ac:14: the top level\n     14    autom4te: /p/vast1/koparasy/BUILD/spack_cluster_installer/quartz/adi\n           os/spack_env_dir/linux-rhel7-broadwell/gcc-8.3.1/m4-1.4.19-4qzdeqdkj\n           b5xc6wjpzcx4dj7dqgjh6ul/bin/m4 failed with exit status: 63",
            "post_context": "     16    autoreconf: aclocal failed with exit status: 63\n\nSee build log for details:\n  /var/tmp/koparasy/spack-stage/spack-stage-adios-develop-kk7k2udpsjexirtzucrrleufze5hlexd/spack-build-out.txt\n\nTraceback (most recent call last):"
      },
      {
            "phase": "N/A",
            "source_file": [
                  null
            ],
            "source_line_no": 0,
            "line_no": 473,
            "repeat_count": 0,
            "start": 467,
            "end": 480,
            "text": ">> 1025    make: *** [pybuilddir.txt] Error 1",
            "pre_context": "     1022    fi\n     1023    /bin/sh: line 5: 63471 Segmentation fault      (core dumped) LD_LI\n             BRARY_PATH=/tmp/koparasy/spack-stage/spack-stage-python-2.7.10-exo\n             oybl4mf3b6vtbs7347agxxo5xyjhm/spack-src/spack-build ./python -E -S\n              -m sysconfig --generate-posix-vars\n     1024    generate-posix-vars failed",
            "post_context": "\nSee build log for details:\n  /var/tmp/koparasy/spack-stage/spack-stage-python-2.7.10-exooybl4mf3b6vtbs7347agxxo5xyjhm/spack-build-out.txt\n\nTraceback (most recent call last):\n  File \"/p/vast1/koparasy/BUILD/spack/lib/spack/spack/build_environment.py\", line 1035, in _setup_pkg_and_run"
      },
      {
            "phase": "N/A",
            "source_file": [
                  null
            ],
            "source_line_no": 0,
            "line_no": 970,
            "repeat_count": 0,
            "start": 964,
            "end": 977,
            "text": ">> 11    configure.ac:14: error: Autoconf version 2.65 or higher is required",
            "pre_context": "           asy/BUILD/spack_cluster_installer/quartz/adios/spack_env_dir/linux-r\n           hel7-broadwell/gcc-8.3.1/libtool-2.4.6-kuqj4u7d46erm45lqr2ka5omepzty\n           4do/share/aclocal'\n     8     autoreconf: Entering directory `.'\n     9     autoreconf: configure.ac: not using Gettext\n     10    autoreconf: running: aclocal --force -I config",
            "post_context": "  >> 12    /p/vast1/koparasy/BUILD/spack_cluster_installer/quartz/adios/spack_e\n           nv_dir/linux-rhel7-broadwell/gcc-8.3.1/automake-1.16.3-44br3n65rs67z\n           wszebflwonqof6clc3t/share/aclocal-1.16/init.m4:29: AM_INIT_AUTOMAKE\n           is expanded from...\n  >> 13    configure.ac:14: the top level\n     14    autom4te: /p/vast1/koparasy/BUILD/spack_cluster_installer/quartz/adi"
      },
      {
            "phase": "N/A",
            "source_file": [
                  null
            ],
            "source_line_no": 0,
            "line_no": 979,
            "repeat_count": 0,
            "start": 973,
            "end": 986,
            "text": ">> 15    aclocal: error: autom4te failed with exit status: 63",
            "pre_context": "           wszebflwonqof6clc3t/share/aclocal-1.16/init.m4:29: AM_INIT_AUTOMAKE\n           is expanded from...\n  >> 13    configure.ac:14: the top level\n     14    autom4te: /p/vast1/koparasy/BUILD/spack_cluster_installer/quartz/adi\n           os/spack_env_dir/linux-rhel7-broadwell/gcc-8.3.1/m4-1.4.19-4qzdeqdkj\n           b5xc6wjpzcx4dj7dqgjh6ul/bin/m4 failed with exit status: 63",
            "post_context": "     16    autoreconf: aclocal failed with exit status: 63\n\nSee build log for details:\n  /var/tmp/koparasy/spack-stage/spack-stage-adios-1.10.0-sd5iiwfdy5vyqczmpve2npidiyo52hke/spack-build-out.txt\n\nTraceback (most recent call last):"
      },
      {
            "phase": "N/A",
            "source_file": [
                  null
            ],
            "source_line_no": 0,
            "line_no": 306,
            "repeat_count": 0,
            "start": 300,
            "end": 313,
            "text": ">> 20    configure: error: Autoconf 2.65 or better is required.",
            "pre_context": "     14    checking for tex... tex\n     15    checking for yacc... yacc\n     16    checking for lex... lex\n     17    checking whether autoconf is installed... yes\n     18    checking whether autoconf works... yes\n     19    checking whether autoconf is recent enough... no",
            "post_context": "\nSee build log for details:\n  /var/tmp/koparasy/spack-stage/spack-stage-automake-1.16.2-c7rjrwouzbmr33srrxv6br5ubjsvjibr/spack-build-out.txt\n\nTraceback (most recent call last):\n  File \"/p/vast1/koparasy/BUILD/spack/lib/spack/spack/build_environment.py\", line 1035, in _setup_pkg_and_run"
      },
      {
            "phase": "N/A",
            "source_file": [
                  null
            ],
            "source_line_no": 0,
            "line_no": 1024,
            "repeat_count": 0,
            "start": 1018,
            "end": 1031,
            "text": ">> 11    configure.ac:14: error: Autoconf version 2.65 or higher is required",
            "pre_context": "           asy/BUILD/spack_cluster_installer/quartz/adios/spack_env_dir/linux-r\n           hel7-broadwell/gcc-8.3.1/libtool-2.4.6-kuqj4u7d46erm45lqr2ka5omepzty\n           4do/share/aclocal'\n     8     autoreconf: Entering directory `.'\n     9     autoreconf: configure.ac: not using Gettext\n     10    autoreconf: running: aclocal --force -I config",
            "post_context": "  >> 12    /p/vast1/koparasy/BUILD/spack_cluster_installer/quartz/adios/spack_e\n           nv_dir/linux-rhel7-broadwell/gcc-8.3.1/automake-1.14.1-t43xhfb4bsias\n           pdrxhyrm45goycbzmtz/share/aclocal-1.14/init.m4:29: AM_INIT_AUTOMAKE\n           is expanded from...\n  >> 13    configure.ac:14: the top level\n     14    autom4te: /p/vast1/koparasy/BUILD/spack_cluster_installer/quartz/adi"
      },
      {
            "phase": "N/A",
            "source_file": [
                  null
            ],
            "source_line_no": 0,
            "line_no": 1033,
            "repeat_count": 0,
            "start": 1027,
            "end": 1040,
            "text": ">> 15    aclocal: error: echo failed with exit status: 63",
            "pre_context": "           pdrxhyrm45goycbzmtz/share/aclocal-1.14/init.m4:29: AM_INIT_AUTOMAKE\n           is expanded from...\n  >> 13    configure.ac:14: the top level\n     14    autom4te: /p/vast1/koparasy/BUILD/spack_cluster_installer/quartz/adi\n           os/spack_env_dir/linux-rhel7-broadwell/gcc-8.3.1/m4-1.4.19-4qzdeqdkj\n           b5xc6wjpzcx4dj7dqgjh6ul/bin/m4 failed with exit status: 63",
            "post_context": "     16    autoreconf: aclocal failed with exit status: 63\n\nSee build log for details:\n  /var/tmp/koparasy/spack-stage/spack-stage-adios-1.13.0-belitlw36tptc2zeblf5efigkr2iyrdm/spack-build-out.txt\n\nTraceback (most recent call last):"
      },
      {
            "phase": "N/A",
            "source_file": [
                  null
            ],
            "source_line_no": 0,
            "line_no": 306,
            "repeat_count": 0,
            "start": 300,
            "end": 313,
            "text": ">> 21    configure: error: Autoconf 2.65 or better is required.",
            "pre_context": "     15    checking for tex... tex\n     16    checking for yacc... yacc\n     17    checking for lex... lex\n     18    checking whether autoconf is installed... yes\n     19    checking whether autoconf works... yes\n     20    checking whether autoconf is recent enough... no",
            "post_context": "\nSee build log for details:\n  /var/tmp/koparasy/spack-stage/spack-stage-automake-1.13.4-zvp2tjj3pr5ao3iyxedp5k4owhbkxxmf/spack-build-out.txt\n\nTraceback (most recent call last):\n  File \"/p/vast1/koparasy/BUILD/spack/lib/spack/spack/build_environment.py\", line 1035, in _setup_pkg_and_run"
      },
      {
            "phase": "N/A",
            "source_file": [
                  null
            ],
            "source_line_no": 0,
            "line_no": 1034,
            "repeat_count": 0,
            "start": 1028,
            "end": 1041,
            "text": ">> 11    configure.ac:14: error: Autoconf version 2.65 or higher is required",
            "pre_context": "           asy/BUILD/spack_cluster_installer/quartz/adios/spack_env_dir/linux-r\n           hel7-broadwell/gcc-8.3.1/libtool-develop-ll23dbfixnkpp227umpjv6vcq44\n           sj264/share/aclocal'\n     8     autoreconf: Entering directory `.'\n     9     autoreconf: configure.ac: not using Gettext\n     10    autoreconf: running: aclocal --force -I config",
            "post_context": "  >> 12    /p/vast1/koparasy/BUILD/spack_cluster_installer/quartz/adios/spack_e\n           nv_dir/linux-rhel7-broadwell/gcc-8.3.1/automake-1.16.3-44br3n65rs67z\n           wszebflwonqof6clc3t/share/aclocal-1.16/init.m4:29: AM_INIT_AUTOMAKE\n           is expanded from...\n  >> 13    configure.ac:14: the top level\n     14    autom4te: /p/vast1/koparasy/BUILD/spack_cluster_installer/quartz/adi"
      },
      {
            "phase": "N/A",
            "source_file": [
                  null
            ],
            "source_line_no": 0,
            "line_no": 1043,
            "repeat_count": 0,
            "start": 1037,
            "end": 1050,
            "text": ">> 15    aclocal: error: autom4te failed with exit status: 63",
            "pre_context": "           wszebflwonqof6clc3t/share/aclocal-1.16/init.m4:29: AM_INIT_AUTOMAKE\n           is expanded from...\n  >> 13    configure.ac:14: the top level\n     14    autom4te: /p/vast1/koparasy/BUILD/spack_cluster_installer/quartz/adi\n           os/spack_env_dir/linux-rhel7-broadwell/gcc-8.3.1/m4-1.4.19-4qzdeqdkj\n           b5xc6wjpzcx4dj7dqgjh6ul/bin/m4 failed with exit status: 63",
            "post_context": "     16    autoreconf: aclocal failed with exit status: 63\n\nSee build log for details:\n  /var/tmp/koparasy/spack-stage/spack-stage-adios-1.13.0-moom46hmhbf22d5otsqu5tkvqfxmmgnr/spack-build-out.txt\n\nTraceback (most recent call last):"
      },
      {
            "phase": "N/A",
            "source_file": [
                  null
            ],
            "source_line_no": 0,
            "line_no": 317,
            "repeat_count": 0,
            "start": 311,
            "end": 324,
            "text": ">> 105    make[1]: *** [tests/wrapper.in] Error 126",
            "pre_context": "            ukjyfcdrd6i/spack-src'/lib         --language=M4sh /var/tmp/koparas\n            y/spack-stage/spack-stage-autoconf-2.71-2xjrsbzeubo3g4iwtgt4jukjyfc\n            drd6i/spack-src/tests/wrapper.as -o tests/wrapper.in\n  >> 104    /bin/sh: bin/autom4te: /p/vast1/koparasy/BUILD/spack_cluster_instal\n            ler/quartz/adios/spack_env_dir/li: bad interpreter: No such file or\n             directory",
            "post_context": "     106    make[1]: *** Waiting for unfinished jobs....\n     107    chmod +x bin/autoscan.tmp\n     108    chmod a-w bin/autoscan.tmp\n     109    chmod +x bin/ifnames.tmp\n     110    chmod +x bin/autoupdate.tmp\n     111    mv bin/autoscan.tmp bin/autoscan"
      },
      {
            "phase": "N/A",
            "source_file": [
                  null
            ],
            "source_line_no": 0,
            "line_no": 331,
            "repeat_count": 0,
            "start": 325,
            "end": 338,
            "text": ">> 117    make: *** [all] Error 2",
            "pre_context": "     113    chmod a-w bin/autoupdate.tmp\n     114    mv bin/ifnames.tmp bin/ifnames\n     115    mv bin/autoupdate.tmp bin/autoupdate\n     116    make[1]: Leaving directory `/tmp/koparasy/spack-stage/spack-stage-a\n            utoconf-2.71-2xjrsbzeubo3g4iwtgt4jukjyfcdrd6i/spack-src/spack-build\n            '",
            "post_context": "\nSee build log for details:\n  /var/tmp/koparasy/spack-stage/spack-stage-autoconf-2.71-2xjrsbzeubo3g4iwtgt4jukjyfcdrd6i/spack-build-out.txt\n\nTraceback (most recent call last):\n  File \"/p/vast1/koparasy/BUILD/spack/lib/spack/spack/build_environment.py\", line 1035, in _setup_pkg_and_run"
      },
      {
            "phase": "N/A",
            "source_file": [
                  null
            ],
            "source_line_no": 0,
            "line_no": 975,
            "repeat_count": 0,
            "start": 969,
            "end": 982,
            "text": ">> 129    configure: error: The ADIOS libraries for writing cannot be built w",
            "pre_context": "     124    checking if more special flags are required for pthreads... no\n     125    checking for cc_r... /p/vast1/koparasy/BUILD/spack/lib/spack/env/gc\n            c/gcc\n     126    checking mxml.h usability... no\n     127    checking mxml.h presence... no\n     128    checking for mxml.h... no",
            "post_context": "            ithout the MXML library. Either specify where the MXML library is f\n            ound, or use --disable-write to build ADIOS for reading only.\n\nSee build log for details:\n  /var/tmp/koparasy/spack-stage/spack-stage-adios-1.9.0-neqlyo6qsdfemeyid4fxwqnzyxnhpii7/spack-build-out.txt\n"
      },
      {
            "phase": "N/A",
            "source_file": [
                  null
            ],
            "source_line_no": 0,
            "line_no": 1024,
            "repeat_count": 0,
            "start": 1018,
            "end": 1031,
            "text": ">> 11    configure.ac:14: error: Autoconf version 2.65 or higher is required",
            "pre_context": "           asy/BUILD/spack_cluster_installer/quartz/adios/spack_env_dir/linux-r\n           hel7-broadwell/gcc-8.3.1/libtool-2.4.6-kuqj4u7d46erm45lqr2ka5omepzty\n           4do/share/aclocal'\n     8     autoreconf: Entering directory `.'\n     9     autoreconf: configure.ac: not using Gettext\n     10    autoreconf: running: aclocal --force -I config",
            "post_context": "  >> 12    /p/vast1/koparasy/BUILD/spack_cluster_installer/quartz/adios/spack_e\n           nv_dir/linux-rhel7-broadwell/gcc-8.3.1/automake-1.16.3-44br3n65rs67z\n           wszebflwonqof6clc3t/share/aclocal-1.16/init.m4:29: AM_INIT_AUTOMAKE\n           is expanded from...\n  >> 13    configure.ac:14: the top level\n     14    autom4te: /p/vast1/koparasy/BUILD/spack_cluster_installer/quartz/adi"
      },
      {
            "phase": "N/A",
            "source_file": [
                  null
            ],
            "source_line_no": 0,
            "line_no": 1033,
            "repeat_count": 0,
            "start": 1027,
            "end": 1040,
            "text": ">> 15    aclocal: error: autom4te failed with exit status: 63",
            "pre_context": "           wszebflwonqof6clc3t/share/aclocal-1.16/init.m4:29: AM_INIT_AUTOMAKE\n           is expanded from...\n  >> 13    configure.ac:14: the top level\n     14    autom4te: /p/vast1/koparasy/BUILD/spack_cluster_installer/quartz/adi\n           os/spack_env_dir/linux-rhel7-broadwell/gcc-8.3.1/m4-1.4.19-4qzdeqdkj\n           b5xc6wjpzcx4dj7dqgjh6ul/bin/m4 failed with exit status: 63",
            "post_context": "     16    autoreconf: aclocal failed with exit status: 63\n\nSee build log for details:\n  /var/tmp/koparasy/spack-stage/spack-stage-adios-1.13.1-wjwtrv7kgot3ibgob6u4xdnm2fhfzufu/spack-build-out.txt\n\nTraceback (most recent call last):"
      },
      {
            "phase": "N/A",
            "source_file": [
                  null
            ],
            "source_line_no": 0,
            "line_no": 1045,
            "repeat_count": 0,
            "start": 1039,
            "end": 1052,
            "text": ">> 11    configure.ac:14: error: Autoconf version 2.65 or higher is required",
            "pre_context": "           asy/BUILD/spack_cluster_installer/quartz/adios/spack_env_dir/linux-r\n           hel7-broadwell/gcc-8.3.1/libtool-develop-ll23dbfixnkpp227umpjv6vcq44\n           sj264/share/aclocal'\n     8     autoreconf: Entering directory `.'\n     9     autoreconf: configure.ac: not using Gettext\n     10    autoreconf: running: aclocal --force -I config",
            "post_context": "  >> 12    /p/vast1/koparasy/BUILD/spack_cluster_installer/quartz/adios/spack_e\n           nv_dir/linux-rhel7-broadwell/gcc-8.3.1/automake-1.16.3-44br3n65rs67z\n           wszebflwonqof6clc3t/share/aclocal-1.16/init.m4:29: AM_INIT_AUTOMAKE\n           is expanded from...\n  >> 13    configure.ac:14: the top level\n     14    autom4te: /p/vast1/koparasy/BUILD/spack_cluster_installer/quartz/adi"
      },
      {
            "phase": "N/A",
            "source_file": [
                  null
            ],
            "source_line_no": 0,
            "line_no": 1054,
            "repeat_count": 0,
            "start": 1048,
            "end": 1061,
            "text": ">> 15    aclocal: error: autom4te failed with exit status: 63",
            "pre_context": "           wszebflwonqof6clc3t/share/aclocal-1.16/init.m4:29: AM_INIT_AUTOMAKE\n           is expanded from...\n  >> 13    configure.ac:14: the top level\n     14    autom4te: /p/vast1/koparasy/BUILD/spack_cluster_installer/quartz/adi\n           os/spack_env_dir/linux-rhel7-broadwell/gcc-8.3.1/m4-1.4.19-4qzdeqdkj\n           b5xc6wjpzcx4dj7dqgjh6ul/bin/m4 failed with exit status: 63",
            "post_context": "     16    autoreconf: aclocal failed with exit status: 63\n\nSee build log for details:\n  /var/tmp/koparasy/spack-stage/spack-stage-adios-1.13.0-z42mgrljoqrnyuurvqvwngwwfd4mvgfp/spack-build-out.txt\n\nTraceback (most recent call last):"
      },
      {
            "phase": "N/A",
            "source_file": [
                  null
            ],
            "source_line_no": 0,
            "line_no": 1181,
            "repeat_count": 0,
            "start": 1175,
            "end": 1188,
            "text": ">> 609    //usr/lib64/libpthread.so.0: error adding symbols: DSO missing from",
            "pre_context": "            4 -L/p/vast1/koparasy/BUILD/spack_cluster_installer/quartz/adios/sp\n            ack_env_dir/linux-rhel7-broadwell/gcc-8.3.1/zfp-0.5.2-os53q35jo46ht\n            iaubc4i2pthilni2ju7/lib ../../src/libadios.a -lz -lzfp -lm\n  >> 608    /usr/tce/packages/gcc/gcc-8.3.1/rh/usr/bin/../libexec/gcc/x86_64-re\n            dhat-linux/8/ld: ../../src/libadios.a(libadios_a-adios_mpi_amr.o):\n            undefined reference to symbol 'pthread_create@@@@GLIBC_2.2.5'",
            "post_context": "             command line\n  >> 610    collect2: error: ld returned 1 exit status\n  >> 611    make[3]: *** [adios_list_methods] Error 1\n     612    make[3]: *** Waiting for unfinished jobs....\n     613    make[3]: Leaving directory `/tmp/koparasy/spack-stage/spack-stage-a\n            dios-1.11.0-tcqyp2yyxkynddv27lw7aqpgqte2wrcs/spack-src/spack-build/"
      },
      {
            "phase": "N/A",
            "source_file": [
                  null
            ],
            "source_line_no": 0,
            "line_no": 1183,
            "repeat_count": 0,
            "start": 1177,
            "end": 1190,
            "text": ">> 610    collect2: error: ld returned 1 exit status",
            "pre_context": "            iaubc4i2pthilni2ju7/lib ../../src/libadios.a -lz -lzfp -lm\n  >> 608    /usr/tce/packages/gcc/gcc-8.3.1/rh/usr/bin/../libexec/gcc/x86_64-re\n            dhat-linux/8/ld: ../../src/libadios.a(libadios_a-adios_mpi_amr.o):\n            undefined reference to symbol 'pthread_create@@@@GLIBC_2.2.5'\n  >> 609    //usr/lib64/libpthread.so.0: error adding symbols: DSO missing from\n             command line",
            "post_context": "  >> 611    make[3]: *** [adios_list_methods] Error 1\n     612    make[3]: *** Waiting for unfinished jobs....\n     613    make[3]: Leaving directory `/tmp/koparasy/spack-stage/spack-stage-a\n            dios-1.11.0-tcqyp2yyxkynddv27lw7aqpgqte2wrcs/spack-src/spack-build/\n            utils/adios_list_methods'\n  >> 614    make[2]: *** [all-recursive] Error 1"
      },
      {
            "phase": "N/A",
            "source_file": [
                  null
            ],
            "source_line_no": 0,
            "line_no": 1184,
            "repeat_count": 0,
            "start": 1178,
            "end": 1191,
            "text": ">> 611    make[3]: *** [adios_list_methods] Error 1",
            "pre_context": "  >> 608    /usr/tce/packages/gcc/gcc-8.3.1/rh/usr/bin/../libexec/gcc/x86_64-re\n            dhat-linux/8/ld: ../../src/libadios.a(libadios_a-adios_mpi_amr.o):\n            undefined reference to symbol 'pthread_create@@@@GLIBC_2.2.5'\n  >> 609    //usr/lib64/libpthread.so.0: error adding symbols: DSO missing from\n             command line\n  >> 610    collect2: error: ld returned 1 exit status",
            "post_context": "     612    make[3]: *** Waiting for unfinished jobs....\n     613    make[3]: Leaving directory `/tmp/koparasy/spack-stage/spack-stage-a\n            dios-1.11.0-tcqyp2yyxkynddv27lw7aqpgqte2wrcs/spack-src/spack-build/\n            utils/adios_list_methods'\n  >> 614    make[2]: *** [all-recursive] Error 1\n     615    make[2]: Leaving directory `/tmp/koparasy/spack-stage/spack-stage-a"
      },
      {
            "phase": "N/A",
            "source_file": [
                  null
            ],
            "source_line_no": 0,
            "line_no": 1189,
            "repeat_count": 0,
            "start": 1183,
            "end": 1196,
            "text": ">> 614    make[2]: *** [all-recursive] Error 1",
            "pre_context": "  >> 610    collect2: error: ld returned 1 exit status\n  >> 611    make[3]: *** [adios_list_methods] Error 1\n     612    make[3]: *** Waiting for unfinished jobs....\n     613    make[3]: Leaving directory `/tmp/koparasy/spack-stage/spack-stage-a\n            dios-1.11.0-tcqyp2yyxkynddv27lw7aqpgqte2wrcs/spack-src/spack-build/\n            utils/adios_list_methods'",
            "post_context": "     615    make[2]: Leaving directory `/tmp/koparasy/spack-stage/spack-stage-a\n            dios-1.11.0-tcqyp2yyxkynddv27lw7aqpgqte2wrcs/spack-src/spack-build/\n            utils'\n  >> 616    make[1]: *** [all-recursive] Error 1\n     617    make[1]: Leaving directory `/tmp/koparasy/spack-stage/spack-stage-a\n            dios-1.11.0-tcqyp2yyxkynddv27lw7aqpgqte2wrcs/spack-src/spack-build'"
      },
      {
            "phase": "N/A",
            "source_file": [
                  null
            ],
            "source_line_no": 0,
            "line_no": 1193,
            "repeat_count": 0,
            "start": 1187,
            "end": 1200,
            "text": ">> 616    make[1]: *** [all-recursive] Error 1",
            "pre_context": "            dios-1.11.0-tcqyp2yyxkynddv27lw7aqpgqte2wrcs/spack-src/spack-build/\n            utils/adios_list_methods'\n  >> 614    make[2]: *** [all-recursive] Error 1\n     615    make[2]: Leaving directory `/tmp/koparasy/spack-stage/spack-stage-a\n            dios-1.11.0-tcqyp2yyxkynddv27lw7aqpgqte2wrcs/spack-src/spack-build/\n            utils'",
            "post_context": "     617    make[1]: Leaving directory `/tmp/koparasy/spack-stage/spack-stage-a\n            dios-1.11.0-tcqyp2yyxkynddv27lw7aqpgqte2wrcs/spack-src/spack-build'\n  >> 618    make: *** [all] Error 2\n\nSee build log for details:\n  /var/tmp/koparasy/spack-stage/spack-stage-adios-1.11.0-tcqyp2yyxkynddv27lw7aqpgqte2wrcs/spack-build-out.txt"
      },
      {
            "phase": "N/A",
            "source_file": [
                  null
            ],
            "source_line_no": 0,
            "line_no": 1196,
            "repeat_count": 0,
            "start": 1190,
            "end": 1203,
            "text": ">> 618    make: *** [all] Error 2",
            "pre_context": "     615    make[2]: Leaving directory `/tmp/koparasy/spack-stage/spack-stage-a\n            dios-1.11.0-tcqyp2yyxkynddv27lw7aqpgqte2wrcs/spack-src/spack-build/\n            utils'\n  >> 616    make[1]: *** [all-recursive] Error 1\n     617    make[1]: Leaving directory `/tmp/koparasy/spack-stage/spack-stage-a\n            dios-1.11.0-tcqyp2yyxkynddv27lw7aqpgqte2wrcs/spack-src/spack-build'",
            "post_context": "\nSee build log for details:\n  /var/tmp/koparasy/spack-stage/spack-stage-adios-1.11.0-tcqyp2yyxkynddv27lw7aqpgqte2wrcs/spack-build-out.txt\n\nTraceback (most recent call last):\n  File \"/p/vast1/koparasy/BUILD/spack/lib/spack/spack/build_environment.py\", line 1035, in _setup_pkg_and_run"
      },
      {
            "phase": "N/A",
            "source_file": [
                  null
            ],
            "source_line_no": 0,
            "line_no": 473,
            "repeat_count": 0,
            "start": 467,
            "end": 480,
            "text": ">> 915    make: *** [pybuilddir.txt] Error 1",
            "pre_context": "     912    fi\n     913    /bin/sh: line 5: 63251 Segmentation fault      (core dumped) LD_LIB\n            RARY_PATH=/tmp/koparasy/spack-stage/spack-stage-python-2.7.13-srfoi\n            aszm2yr27zqrjix6h323c2j3rxx/spack-src/spack-build ./python -E -S -m\n             sysconfig --generate-posix-vars\n     914    generate-posix-vars failed",
            "post_context": "\nSee build log for details:\n  /var/tmp/koparasy/spack-stage/spack-stage-python-2.7.13-srfoiaszm2yr27zqrjix6h323c2j3rxx/spack-build-out.txt\n\nTraceback (most recent call last):\n  File \"/p/vast1/koparasy/BUILD/spack/lib/spack/spack/build_environment.py\", line 1035, in _setup_pkg_and_run"
      },
      {
            "phase": "N/A",
            "source_file": [
                  null
            ],
            "source_line_no": 0,
            "line_no": 306,
            "repeat_count": 0,
            "start": 300,
            "end": 313,
            "text": ">> 21    configure: error: Autoconf 2.65 or better is required.",
            "pre_context": "     15    checking for tex... tex\n     16    checking for yacc... yacc\n     17    checking for lex... lex\n     18    checking whether autoconf is installed... yes\n     19    checking whether autoconf works... yes\n     20    checking whether autoconf is recent enough... no",
            "post_context": "\nSee build log for details:\n  /var/tmp/koparasy/spack-stage/spack-stage-automake-1.13.4-zvp2tjj3pr5ao3iyxedp5k4owhbkxxmf/spack-build-out.txt\n\nTraceback (most recent call last):\n  File \"/p/vast1/koparasy/BUILD/spack/lib/spack/spack/build_environment.py\", line 1035, in _setup_pkg_and_run"
      },
      {
            "phase": "N/A",
            "source_file": [
                  null
            ],
            "source_line_no": 0,
            "line_no": 313,
            "repeat_count": 0,
            "start": 307,
            "end": 320,
            "text": ">> 108    make[1]: *** [tests/wrapper.in] Error 126",
            "pre_context": "            srcdir}bin/ifnames.in >bin/ifnames.tmp\n     105    chmod a-w bin/autoscan.tmp\n     106    mv bin/autoscan.tmp bin/autoscan\n  >> 107    /bin/sh: bin/autom4te: /p/vast1/koparasy/BUILD/spack_cluster_instal\n            ler/quartz/adios/spack_env_dir/li: bad interpreter: No such file or\n             directory",
            "post_context": "     109    make[1]: *** Waiting for unfinished jobs....\n     110    chmod +x bin/autoupdate.tmp\n     111    chmod a-w bin/autoupdate.tmp\n     112    mv bin/autoupdate.tmp bin/autoupdate\n     113    chmod +x bin/ifnames.tmp\n     114    chmod a-w bin/ifnames.tmp"
      },
      {
            "phase": "N/A",
            "source_file": [
                  null
            ],
            "source_line_no": 0,
            "line_no": 324,
            "repeat_count": 0,
            "start": 318,
            "end": 331,
            "text": ">> 117    make: *** [all] Error 2",
            "pre_context": "     113    chmod +x bin/ifnames.tmp\n     114    chmod a-w bin/ifnames.tmp\n     115    mv bin/ifnames.tmp bin/ifnames\n     116    make[1]: Leaving directory `/tmp/koparasy/spack-stage/spack-stage-a\n            utoconf-2.70-wihosojgvqk473yp5q3dcrydriczd4la/spack-src/spack-build\n            '",
            "post_context": "\nSee build log for details:\n  /var/tmp/koparasy/spack-stage/spack-stage-autoconf-2.70-wihosojgvqk473yp5q3dcrydriczd4la/spack-build-out.txt\n\nTraceback (most recent call last):\n  File \"/p/vast1/koparasy/BUILD/spack/lib/spack/spack/build_environment.py\", line 1035, in _setup_pkg_and_run"
      },
      {
            "phase": "N/A",
            "source_file": [
                  null
            ],
            "source_line_no": 0,
            "line_no": 1046,
            "repeat_count": 0,
            "start": 1040,
            "end": 1053,
            "text": ">> 11    configure.ac:14: error: Autoconf version 2.65 or higher is required",
            "pre_context": "           asy/BUILD/spack_cluster_installer/quartz/adios/spack_env_dir/linux-r\n           hel7-broadwell/gcc-8.3.1/libtool-develop-ll23dbfixnkpp227umpjv6vcq44\n           sj264/share/aclocal'\n     8     autoreconf: Entering directory `.'\n     9     autoreconf: configure.ac: not using Gettext\n     10    autoreconf: running: aclocal --force -I config",
            "post_context": "  >> 12    /p/vast1/koparasy/BUILD/spack_cluster_installer/quartz/adios/spack_e\n           nv_dir/linux-rhel7-broadwell/gcc-8.3.1/automake-1.16.3-44br3n65rs67z\n           wszebflwonqof6clc3t/share/aclocal-1.16/init.m4:29: AM_INIT_AUTOMAKE\n           is expanded from...\n  >> 13    configure.ac:14: the top level\n     14    autom4te: /p/vast1/koparasy/BUILD/spack_cluster_installer/quartz/adi"
      },
      {
            "phase": "N/A",
            "source_file": [
                  null
            ],
            "source_line_no": 0,
            "line_no": 1055,
            "repeat_count": 0,
            "start": 1049,
            "end": 1062,
            "text": ">> 15    aclocal: error: autom4te failed with exit status: 63",
            "pre_context": "           wszebflwonqof6clc3t/share/aclocal-1.16/init.m4:29: AM_INIT_AUTOMAKE\n           is expanded from...\n  >> 13    configure.ac:14: the top level\n     14    autom4te: /p/vast1/koparasy/BUILD/spack_cluster_installer/quartz/adi\n           os/spack_env_dir/linux-rhel7-broadwell/gcc-8.3.1/m4-1.4.19-4qzdeqdkj\n           b5xc6wjpzcx4dj7dqgjh6ul/bin/m4 failed with exit status: 63",
            "post_context": "     16    autoreconf: aclocal failed with exit status: 63\n\nSee build log for details:\n  /var/tmp/koparasy/spack-stage/spack-stage-adios-1.13.0-zevkddkjcegvpfyiswsrcq2u5fzungxu/spack-build-out.txt\n\nTraceback (most recent call last):"
      },
      {
            "phase": "N/A",
            "source_file": [
                  null
            ],
            "source_line_no": 0,
            "line_no": 988,
            "repeat_count": 0,
            "start": 982,
            "end": 995,
            "text": ">> 11    configure.ac:14: error: Autoconf version 2.65 or higher is required",
            "pre_context": "           asy/BUILD/spack_cluster_installer/quartz/adios/spack_env_dir/linux-r\n           hel7-broadwell/gcc-8.3.1/libtool-2.4.6-kuqj4u7d46erm45lqr2ka5omepzty\n           4do/share/aclocal'\n     8     autoreconf: Entering directory `.'\n     9     autoreconf: configure.ac: not using Gettext\n     10    autoreconf: running: aclocal --force -I config",
            "post_context": "  >> 12    /p/vast1/koparasy/BUILD/spack_cluster_installer/quartz/adios/spack_e\n           nv_dir/linux-rhel7-broadwell/gcc-8.3.1/automake-1.15.1-a3zndsb75aop3\n           yffxm6twgxlozyrlgqg/share/aclocal-1.15/init.m4:29: AM_INIT_AUTOMAKE\n           is expanded from...\n  >> 13    configure.ac:14: the top level\n     14    autom4te: /p/vast1/koparasy/BUILD/spack_cluster_installer/quartz/adi"
      },
      {
            "phase": "N/A",
            "source_file": [
                  null
            ],
            "source_line_no": 0,
            "line_no": 997,
            "repeat_count": 0,
            "start": 991,
            "end": 1004,
            "text": ">> 15    aclocal: error: echo failed with exit status: 63",
            "pre_context": "           yffxm6twgxlozyrlgqg/share/aclocal-1.15/init.m4:29: AM_INIT_AUTOMAKE\n           is expanded from...\n  >> 13    configure.ac:14: the top level\n     14    autom4te: /p/vast1/koparasy/BUILD/spack_cluster_installer/quartz/adi\n           os/spack_env_dir/linux-rhel7-broadwell/gcc-8.3.1/m4-1.4.19-4qzdeqdkj\n           b5xc6wjpzcx4dj7dqgjh6ul/bin/m4 failed with exit status: 63",
            "post_context": "     16    autoreconf: aclocal failed with exit status: 63\n\nSee build log for details:\n  /var/tmp/koparasy/spack-stage/spack-stage-adios-1.13.0-tmrkiesg7cg7fspjkxfmeep4hzfvqwp4/spack-build-out.txt\n\nTraceback (most recent call last):"
      }
]