[
      {
            "phase": "N/A",
            "source_file": [
                  null
            ],
            "source_line_no": 0,
            "line_no": 831,
            "repeat_count": 0,
            "start": 825,
            "end": 838,
            "text": ">> 99     linalg/sundials.cpp:162:51: error: 'MPI_LONG' was not declared in t",
            "pre_context": "            c-9.3.1/sundials-5.8.0-cpb5vyiflloo5zxhc3tziondhdaxnixl/include -I/\n            p/vast1/koparasy/BUILD/spack_cluster_installer/quartz/mfem/spack_en\n            v_dir/linux-rhel7-broadwell/gcc-9.3.1/zlib-1.2.11-dtzzlwcy6jw7hjm7z\n            2aip4eyed2rizzu/include  -c linalg/ode.cpp -o linalg/ode.o\n     98     linalg/sundials.cpp: In member function 'virtual void mfem::CVODESo\n            lver::Init(mfem::TimeDependentOperator&)':",
            "post_context": "            his scope\n     100      162 |       MPI_Allreduce(&local_size, &global_size, 1, MPI_LONG,\n             MPI_SUM,\n     101          |                                                   ^~~~~~~~\n  >> 102    linalg/sundials.cpp:162:61: error: 'MPI_SUM' was not declared in th\n            is scope"
      },
      {
            "phase": "N/A",
            "source_file": [
                  null
            ],
            "source_line_no": 0,
            "line_no": 836,
            "repeat_count": 0,
            "start": 830,
            "end": 843,
            "text": ">> 102    linalg/sundials.cpp:162:61: error: 'MPI_SUM' was not declared in th",
            "pre_context": "            lver::Init(mfem::TimeDependentOperator&)':\n  >> 99     linalg/sundials.cpp:162:51: error: 'MPI_LONG' was not declared in t\n            his scope\n     100      162 |       MPI_Allreduce(&local_size, &global_size, 1, MPI_LONG,\n             MPI_SUM,\n     101          |                                                   ^~~~~~~~",
            "post_context": "            is scope\n     103      162 |       MPI_Allreduce(&local_size, &global_size, 1, MPI_LONG,\n             MPI_SUM,\n     104          |\n             ^~~~~~~\n  >> 105    linalg/sundials.cpp:163:21: error: 'NV_COMM_P' was not declared in"
      },
      {
            "phase": "N/A",
            "source_file": [
                  null
            ],
            "source_line_no": 0,
            "line_no": 842,
            "repeat_count": 0,
            "start": 836,
            "end": 849,
            "text": ">> 105    linalg/sundials.cpp:163:21: error: 'NV_COMM_P' was not declared in",
            "pre_context": "  >> 102    linalg/sundials.cpp:162:61: error: 'MPI_SUM' was not declared in th\n            is scope\n     103      162 |       MPI_Allreduce(&local_size, &global_size, 1, MPI_LONG,\n             MPI_SUM,\n     104          |\n             ^~~~~~~",
            "post_context": "            this scope\n     106      163 |                     NV_COMM_P(y));\n     107          |                     ^~~~~~~~~\n  >> 108    linalg/sundials.cpp:162:7: error: 'MPI_Allreduce' was not declared\n            in this scope\n     109      162 |       MPI_Allreduce(&local_size, &global_size, 1, MPI_LONG,"
      },
      {
            "phase": "N/A",
            "source_file": [
                  null
            ],
            "source_line_no": 0,
            "line_no": 846,
            "repeat_count": 0,
            "start": 840,
            "end": 853,
            "text": ">> 108    linalg/sundials.cpp:162:7: error: 'MPI_Allreduce' was not declared",
            "pre_context": "     104          |\n             ^~~~~~~\n  >> 105    linalg/sundials.cpp:163:21: error: 'NV_COMM_P' was not declared in\n            this scope\n     106      163 |                     NV_COMM_P(y));\n     107          |                     ^~~~~~~~~",
            "post_context": "            in this scope\n     109      162 |       MPI_Allreduce(&local_size, &global_size, 1, MPI_LONG,\n             MPI_SUM,\n     110          |       ^~~~~~~~~~~~~\n     111    linalg/sundials.cpp: In member function 'virtual void mfem::ARKStep\n            Solver::Init(mfem::TimeDependentOperator&)':"
      },
      {
            "phase": "N/A",
            "source_file": [
                  null
            ],
            "source_line_no": 0,
            "line_no": 853,
            "repeat_count": 0,
            "start": 847,
            "end": 860,
            "text": ">> 112    linalg/sundials.cpp:572:51: error: 'MPI_LONG' was not declared in t",
            "pre_context": "            in this scope\n     109      162 |       MPI_Allreduce(&local_size, &global_size, 1, MPI_LONG,\n             MPI_SUM,\n     110          |       ^~~~~~~~~~~~~\n     111    linalg/sundials.cpp: In member function 'virtual void mfem::ARKStep\n            Solver::Init(mfem::TimeDependentOperator&)':",
            "post_context": "            his scope\n     113      572 |       MPI_Allreduce(&local_size, &global_size, 1, MPI_LONG,\n             MPI_SUM,\n     114          |                                                   ^~~~~~~~\n  >> 115    linalg/sundials.cpp:572:61: error: 'MPI_SUM' was not declared in th\n            is scope"
      },
      {
            "phase": "N/A",
            "source_file": [
                  null
            ],
            "source_line_no": 0,
            "line_no": 858,
            "repeat_count": 0,
            "start": 852,
            "end": 865,
            "text": ">> 115    linalg/sundials.cpp:572:61: error: 'MPI_SUM' was not declared in th",
            "pre_context": "            Solver::Init(mfem::TimeDependentOperator&)':\n  >> 112    linalg/sundials.cpp:572:51: error: 'MPI_LONG' was not declared in t\n            his scope\n     113      572 |       MPI_Allreduce(&local_size, &global_size, 1, MPI_LONG,\n             MPI_SUM,\n     114          |                                                   ^~~~~~~~",
            "post_context": "            is scope\n     116      572 |       MPI_Allreduce(&local_size, &global_size, 1, MPI_LONG,\n             MPI_SUM,\n     117          |\n             ^~~~~~~\n  >> 118    linalg/sundials.cpp:573:21: error: 'NV_COMM_P' was not declared in"
      },
      {
            "phase": "N/A",
            "source_file": [
                  null
            ],
            "source_line_no": 0,
            "line_no": 864,
            "repeat_count": 0,
            "start": 858,
            "end": 871,
            "text": ">> 118    linalg/sundials.cpp:573:21: error: 'NV_COMM_P' was not declared in",
            "pre_context": "  >> 115    linalg/sundials.cpp:572:61: error: 'MPI_SUM' was not declared in th\n            is scope\n     116      572 |       MPI_Allreduce(&local_size, &global_size, 1, MPI_LONG,\n             MPI_SUM,\n     117          |\n             ^~~~~~~",
            "post_context": "            this scope\n     119      573 |                     NV_COMM_P(y));\n     120          |                     ^~~~~~~~~\n  >> 121    linalg/sundials.cpp:572:7: error: 'MPI_Allreduce' was not declared\n            in this scope\n     122      572 |       MPI_Allreduce(&local_size, &global_size, 1, MPI_LONG,"
      },
      {
            "phase": "N/A",
            "source_file": [
                  null
            ],
            "source_line_no": 0,
            "line_no": 868,
            "repeat_count": 0,
            "start": 862,
            "end": 875,
            "text": ">> 121    linalg/sundials.cpp:572:7: error: 'MPI_Allreduce' was not declared",
            "pre_context": "     117          |\n             ^~~~~~~\n  >> 118    linalg/sundials.cpp:573:21: error: 'NV_COMM_P' was not declared in\n            this scope\n     119      573 |                     NV_COMM_P(y));\n     120          |                     ^~~~~~~~~",
            "post_context": "            in this scope\n     122      572 |       MPI_Allreduce(&local_size, &global_size, 1, MPI_LONG,\n             MPI_SUM,\n     123          |       ^~~~~~~~~~~~~\n     124    linalg/sundials.cpp: In member function 'virtual void mfem::KINSolv\n            er::SetOperator(const mfem::Operator&)':"
      },
      {
            "phase": "N/A",
            "source_file": [
                  null
            ],
            "source_line_no": 0,
            "line_no": 875,
            "repeat_count": 0,
            "start": 869,
            "end": 882,
            "text": ">> 125    linalg/sundials.cpp:1056:51: error: 'MPI_LONG' was not declared in",
            "pre_context": "            in this scope\n     122      572 |       MPI_Allreduce(&local_size, &global_size, 1, MPI_LONG,\n             MPI_SUM,\n     123          |       ^~~~~~~~~~~~~\n     124    linalg/sundials.cpp: In member function 'virtual void mfem::KINSolv\n            er::SetOperator(const mfem::Operator&)':",
            "post_context": "            this scope\n     126     1056 |       MPI_Allreduce(&local_size, &global_size, 1, MPI_LONG,\n             MPI_SUM,\n     127          |                                                   ^~~~~~~~\n  >> 128    linalg/sundials.cpp:1056:61: error: 'MPI_SUM' was not declared in t\n            his scope"
      },
      {
            "phase": "N/A",
            "source_file": [
                  null
            ],
            "source_line_no": 0,
            "line_no": 880,
            "repeat_count": 0,
            "start": 874,
            "end": 887,
            "text": ">> 128    linalg/sundials.cpp:1056:61: error: 'MPI_SUM' was not declared in t",
            "pre_context": "            er::SetOperator(const mfem::Operator&)':\n  >> 125    linalg/sundials.cpp:1056:51: error: 'MPI_LONG' was not declared in\n            this scope\n     126     1056 |       MPI_Allreduce(&local_size, &global_size, 1, MPI_LONG,\n             MPI_SUM,\n     127          |                                                   ^~~~~~~~",
            "post_context": "            his scope\n     129     1056 |       MPI_Allreduce(&local_size, &global_size, 1, MPI_LONG,\n             MPI_SUM,\n     130          |\n             ^~~~~~~\n  >> 131    linalg/sundials.cpp:1057:21: error: 'NV_COMM_P' was not declared in"
      },
      {
            "phase": "N/A",
            "source_file": [
                  null
            ],
            "source_line_no": 0,
            "line_no": 886,
            "repeat_count": 0,
            "start": 880,
            "end": 893,
            "text": ">> 131    linalg/sundials.cpp:1057:21: error: 'NV_COMM_P' was not declared in",
            "pre_context": "  >> 128    linalg/sundials.cpp:1056:61: error: 'MPI_SUM' was not declared in t\n            his scope\n     129     1056 |       MPI_Allreduce(&local_size, &global_size, 1, MPI_LONG,\n             MPI_SUM,\n     130          |\n             ^~~~~~~",
            "post_context": "             this scope\n     132     1057 |                     NV_COMM_P(y));\n     133          |                     ^~~~~~~~~\n  >> 134    linalg/sundials.cpp:1056:7: error: 'MPI_Allreduce' was not declared\n             in this scope\n     135     1056 |       MPI_Allreduce(&local_size, &global_size, 1, MPI_LONG,"
      },
      {
            "phase": "N/A",
            "source_file": [
                  null
            ],
            "source_line_no": 0,
            "line_no": 890,
            "repeat_count": 0,
            "start": 884,
            "end": 897,
            "text": ">> 134    linalg/sundials.cpp:1056:7: error: 'MPI_Allreduce' was not declared",
            "pre_context": "     130          |\n             ^~~~~~~\n  >> 131    linalg/sundials.cpp:1057:21: error: 'NV_COMM_P' was not declared in\n             this scope\n     132     1057 |                     NV_COMM_P(y));\n     133          |                     ^~~~~~~~~",
            "post_context": "             in this scope\n     135     1056 |       MPI_Allreduce(&local_size, &global_size, 1, MPI_LONG,\n             MPI_SUM,\n     136          |       ^~~~~~~~~~~~~\n  >> 137    make: *** [linalg/sundials.o] Error 1\n     138    make: *** Waiting for unfinished jobs...."
      },
      {
            "phase": "N/A",
            "source_file": [
                  null
            ],
            "source_line_no": 0,
            "line_no": 895,
            "repeat_count": 0,
            "start": 889,
            "end": 902,
            "text": ">> 137    make: *** [linalg/sundials.o] Error 1",
            "pre_context": "     133          |                     ^~~~~~~~~\n  >> 134    linalg/sundials.cpp:1056:7: error: 'MPI_Allreduce' was not declared\n             in this scope\n     135     1056 |       MPI_Allreduce(&local_size, &global_size, 1, MPI_LONG,\n             MPI_SUM,\n     136          |       ^~~~~~~~~~~~~",
            "post_context": "     138    make: *** Waiting for unfinished jobs....\n\nSee build log for details:\n  /var/tmp/koparasy/spack-stage/spack-stage-mfem-4.0.1-xsdk-d2w36vsmapzpfaerihkw74tha57k6dne/spack-build-out.txt\n\nTraceback (most recent call last):"
      },
      {
            "phase": "N/A",
            "source_file": [
                  null
            ],
            "source_line_no": 0,
            "line_no": 804,
            "repeat_count": 0,
            "start": 798,
            "end": 811,
            "text": ">> 77    linalg/sundials.hpp:277:13: error: 'ARKodeSetMaxStep' was not declar",
            "pre_context": "           5.8.0-cpb5vyiflloo5zxhc3tziondhdaxnixl/include  -c linalg/densemat.c\n           pp -o linalg/densemat.o\n     74    In file included from linalg/linalg.hpp:32,\n     75                     from linalg/sparsemat.cpp:14:\n     76    linalg/sundials.hpp: In member function 'void mfem::ARKODESolver::Se\n           tMaxStep(double)':",
            "post_context": "           ed in this scope; did you mean 'CVodeSetMaxStep'?\n     78      277 |    { flag = ARKodeSetMaxStep(sundials_mem, dt_max); }\n     79          |             ^~~~~~~~~~~~~~~~\n     80          |             CVodeSetMaxStep\n  >> 81    make: *** [linalg/sparsemat.o] Error 1\n     82    make: *** Waiting for unfinished jobs...."
      },
      {
            "phase": "N/A",
            "source_file": [
                  null
            ],
            "source_line_no": 0,
            "line_no": 809,
            "repeat_count": 0,
            "start": 803,
            "end": 816,
            "text": ">> 81    make: *** [linalg/sparsemat.o] Error 1",
            "pre_context": "           tMaxStep(double)':\n  >> 77    linalg/sundials.hpp:277:13: error: 'ARKodeSetMaxStep' was not declar\n           ed in this scope; did you mean 'CVodeSetMaxStep'?\n     78      277 |    { flag = ARKodeSetMaxStep(sundials_mem, dt_max); }\n     79          |             ^~~~~~~~~~~~~~~~\n     80          |             CVodeSetMaxStep",
            "post_context": "     82    make: *** Waiting for unfinished jobs....\n\nSee build log for details:\n  /var/tmp/koparasy/spack-stage/spack-stage-mfem-3.3.2-sr4voav2kg226ip7gpblkidlblwfx5b7/spack-build-out.txt\n\nTraceback (most recent call last):"
      },
      {
            "phase": "N/A",
            "source_file": [
                  null
            ],
            "source_line_no": 0,
            "line_no": 802,
            "repeat_count": 0,
            "start": 796,
            "end": 809,
            "text": ">> 77    linalg/sundials.hpp:277:13: error: 'ARKodeSetMaxStep' was not declar",
            "pre_context": "           5.8.0-gyq342wajyzdayha5qdsqsfgaksc44qk/include  -c linalg/densemat.c\n           pp -o linalg/densemat.o\n     74    In file included from linalg/linalg.hpp:32,\n     75                     from linalg/sparsemat.cpp:14:\n     76    linalg/sundials.hpp: In member function 'void mfem::ARKODESolver::Se\n           tMaxStep(double)':",
            "post_context": "           ed in this scope; did you mean 'CVodeSetMaxStep'?\n     78      277 |    { flag = ARKodeSetMaxStep(sundials_mem, dt_max); }\n     79          |             ^~~~~~~~~~~~~~~~\n     80          |             CVodeSetMaxStep\n  >> 81    make: *** [linalg/sparsemat.o] Error 1\n     82    make: *** Waiting for unfinished jobs...."
      },
      {
            "phase": "N/A",
            "source_file": [
                  null
            ],
            "source_line_no": 0,
            "line_no": 807,
            "repeat_count": 0,
            "start": 801,
            "end": 814,
            "text": ">> 81    make: *** [linalg/sparsemat.o] Error 1",
            "pre_context": "           tMaxStep(double)':\n  >> 77    linalg/sundials.hpp:277:13: error: 'ARKodeSetMaxStep' was not declar\n           ed in this scope; did you mean 'CVodeSetMaxStep'?\n     78      277 |    { flag = ARKodeSetMaxStep(sundials_mem, dt_max); }\n     79          |             ^~~~~~~~~~~~~~~~\n     80          |             CVodeSetMaxStep",
            "post_context": "     82    make: *** Waiting for unfinished jobs....\n\nSee build log for details:\n  /var/tmp/koparasy/spack-stage/spack-stage-mfem-3.3.2-in6j5upgm37hoa34ckomb3cusimdbalf/spack-build-out.txt\n\nTraceback (most recent call last):"
      },
      {
            "phase": "N/A",
            "source_file": [
                  null
            ],
            "source_line_no": 0,
            "line_no": 799,
            "repeat_count": 0,
            "start": 793,
            "end": 806,
            "text": ">> 77    linalg/sundials.hpp:277:13: error: 'ARKodeSetMaxStep' was not declar",
            "pre_context": "           5.8.0-dqciui4dtvqagul4ppmhcf6lzhco52dt/include  -c linalg/densemat.c\n           pp -o linalg/densemat.o\n     74    In file included from linalg/linalg.hpp:32,\n     75                     from linalg/sparsemat.cpp:14:\n     76    linalg/sundials.hpp: In member function 'void mfem::ARKODESolver::Se\n           tMaxStep(double)':",
            "post_context": "           ed in this scope; did you mean 'CVodeSetMaxStep'?\n     78      277 |    { flag = ARKodeSetMaxStep(sundials_mem, dt_max); }\n     79          |             ^~~~~~~~~~~~~~~~\n     80          |             CVodeSetMaxStep\n  >> 81    make: *** [linalg/sparsemat.o] Error 1\n     82    make: *** Waiting for unfinished jobs...."
      },
      {
            "phase": "N/A",
            "source_file": [
                  null
            ],
            "source_line_no": 0,
            "line_no": 804,
            "repeat_count": 0,
            "start": 798,
            "end": 811,
            "text": ">> 81    make: *** [linalg/sparsemat.o] Error 1",
            "pre_context": "           tMaxStep(double)':\n  >> 77    linalg/sundials.hpp:277:13: error: 'ARKodeSetMaxStep' was not declar\n           ed in this scope; did you mean 'CVodeSetMaxStep'?\n     78      277 |    { flag = ARKodeSetMaxStep(sundials_mem, dt_max); }\n     79          |             ^~~~~~~~~~~~~~~~\n     80          |             CVodeSetMaxStep",
            "post_context": "     82    make: *** Waiting for unfinished jobs....\n\nSee build log for details:\n  /var/tmp/koparasy/spack-stage/spack-stage-mfem-3.3.2-ejb34potz4thj2ihta2gahcmmkwyfqfw/spack-build-out.txt\n\nTraceback (most recent call last):"
      },
      {
            "phase": "N/A",
            "source_file": [
                  null
            ],
            "source_line_no": 0,
            "line_no": 806,
            "repeat_count": 0,
            "start": 800,
            "end": 813,
            "text": ">> 77    linalg/sundials.hpp:277:13: error: 'ARKodeSetMaxStep' was not declar",
            "pre_context": "           5.8.0-q56zlyiyqvssakxrps5ld6qd3hucrpad/include  -c linalg/densemat.c\n           pp -o linalg/densemat.o\n     74    In file included from linalg/linalg.hpp:32,\n     75                     from linalg/sparsemat.cpp:14:\n     76    linalg/sundials.hpp: In member function 'void mfem::ARKODESolver::Se\n           tMaxStep(double)':",
            "post_context": "           ed in this scope; did you mean 'CVodeSetMaxStep'?\n     78      277 |    { flag = ARKodeSetMaxStep(sundials_mem, dt_max); }\n     79          |             ^~~~~~~~~~~~~~~~\n     80          |             CVodeSetMaxStep\n  >> 81    make: *** [linalg/sparsemat.o] Error 1\n     82    make: *** Waiting for unfinished jobs...."
      },
      {
            "phase": "N/A",
            "source_file": [
                  null
            ],
            "source_line_no": 0,
            "line_no": 811,
            "repeat_count": 0,
            "start": 805,
            "end": 818,
            "text": ">> 81    make: *** [linalg/sparsemat.o] Error 1",
            "pre_context": "           tMaxStep(double)':\n  >> 77    linalg/sundials.hpp:277:13: error: 'ARKodeSetMaxStep' was not declar\n           ed in this scope; did you mean 'CVodeSetMaxStep'?\n     78      277 |    { flag = ARKodeSetMaxStep(sundials_mem, dt_max); }\n     79          |             ^~~~~~~~~~~~~~~~\n     80          |             CVodeSetMaxStep",
            "post_context": "     82    make: *** Waiting for unfinished jobs....\n\nSee build log for details:\n  /var/tmp/koparasy/spack-stage/spack-stage-mfem-3.3.2-6o5qwfducxwurtdccfrnkqf2uvuj3ezx/spack-build-out.txt\n\nTraceback (most recent call last):"
      },
      {
            "phase": "N/A",
            "source_file": [
                  null
            ],
            "source_line_no": 0,
            "line_no": 819,
            "repeat_count": 0,
            "start": 813,
            "end": 826,
            "text": ">> 90    linalg/sundials.hpp:277:13: error: 'ARKodeSetMaxStep' was not declar",
            "pre_context": "           inux-rhel7-broadwell/gcc-9.3.1/zlib-1.2.11-dtzzlwcy6jw7hjm7z2aip4eye\n           d2rizzu/include  -c linalg/hypre_parcsr.cpp -o linalg/hypre_parcsr.o\n     87    In file included from linalg/linalg.hpp:33,\n     88                     from linalg/sparsemat.cpp:14:\n     89    linalg/sundials.hpp: In member function 'void mfem::ARKODESolver::Se\n           tMaxStep(double)':",
            "post_context": "           ed in this scope; did you mean 'CVodeSetMaxStep'?\n     91      277 |    { flag = ARKodeSetMaxStep(sundials_mem, dt_max); }\n     92          |             ^~~~~~~~~~~~~~~~\n     93          |             CVodeSetMaxStep\n     94    /p/vast1/koparasy/BUILD/head/spack/lib/spack/env/gcc/g++   -O3 -std=\n           c++11 -I/p/vast1/koparasy/BUILD/spack_cluster_installer/quartz/mfem/"
      },
      {
            "phase": "N/A",
            "source_file": [
                  null
            ],
            "source_line_no": 0,
            "line_no": 834,
            "repeat_count": 0,
            "start": 828,
            "end": 841,
            "text": ">> 95    make: *** [linalg/sparsemat.o] Error 1",
            "pre_context": "           er_installer/quartz/mfem/spack_env_dir/linux-rhel7-broadwell/gcc-9.3\n           .1/sundials-5.8.0-cpb5vyiflloo5zxhc3tziondhdaxnixl/include -I/p/vast\n           1/koparasy/BUILD/spack_cluster_installer/quartz/mfem/spack_env_dir/l\n           inux-rhel7-broadwell/gcc-9.3.1/zlib-1.2.11-dtzzlwcy6jw7hjm7z2aip4eye\n           d2rizzu/include  -c linalg/blockoperator.cpp -o linalg/blockoperator\n           .o",
            "post_context": "     96    make: *** Waiting for unfinished jobs....\n\nSee build log for details:\n  /var/tmp/koparasy/spack-stage/spack-stage-mfem-4.0.0-onpkfuempksi3pgsh4ayjoz2yslmt36c/spack-build-out.txt\n\nTraceback (most recent call last):"
      },
      {
            "phase": "N/A",
            "source_file": [
                  null
            ],
            "source_line_no": 0,
            "line_no": 820,
            "repeat_count": 0,
            "start": 814,
            "end": 827,
            "text": ">> 81    linalg/sundials.hpp:277:13: error: 'ARKodeSetMaxStep' was not declar",
            "pre_context": "           broadwell/gcc-9.3.1/zlib-1.2.11-dtzzlwcy6jw7hjm7z2aip4eyed2rizzu/inc\n           lude  -c linalg/hypre_parcsr.cpp -o linalg/hypre_parcsr.o\n     78    In file included from linalg/linalg.hpp:33,\n     79                     from linalg/sparsemat.cpp:14:\n     80    linalg/sundials.hpp: In member function 'void mfem::ARKODESolver::Se\n           tMaxStep(double)':",
            "post_context": "           ed in this scope; did you mean 'CVodeSetMaxStep'?\n     82      277 |    { flag = ARKodeSetMaxStep(sundials_mem, dt_max); }\n     83          |             ^~~~~~~~~~~~~~~~\n     84          |             CVodeSetMaxStep\n     85    /p/vast1/koparasy/BUILD/head/spack/lib/spack/env/gcc/g++   -O3 -I/p/\n           vast1/koparasy/BUILD/spack_cluster_installer/quartz/mfem/spack_env_d"
      },
      {
            "phase": "N/A",
            "source_file": [
                  null
            ],
            "source_line_no": 0,
            "line_no": 843,
            "repeat_count": 0,
            "start": 837,
            "end": 850,
            "text": ">> 87    make: *** [linalg/sparsemat.o] Error 1",
            "pre_context": "           zjtyenuynmy/include -I/p/vast1/koparasy/BUILD/spack_cluster_installe\n           r/quartz/mfem/spack_env_dir/linux-rhel7-broadwell/gcc-9.3.1/sundials\n           -5.8.0-cpb5vyiflloo5zxhc3tziondhdaxnixl/include -I/p/vast1/koparasy/\n           BUILD/spack_cluster_installer/quartz/mfem/spack_env_dir/linux-rhel7-\n           broadwell/gcc-9.3.1/zlib-1.2.11-dtzzlwcy6jw7hjm7z2aip4eyed2rizzu/inc\n           lude  -c linalg/densemat.cpp -o linalg/densemat.o",
            "post_context": "     88    make: *** Waiting for unfinished jobs....\n\nSee build log for details:\n  /var/tmp/koparasy/spack-stage/spack-stage-mfem-3.4.0-mz6ytakgqiccglgpi2romcwdtftggfyd/spack-build-out.txt\n\nTraceback (most recent call last):"
      },
      {
            "phase": "N/A",
            "source_file": [
                  null
            ],
            "source_line_no": 0,
            "line_no": 808,
            "repeat_count": 0,
            "start": 802,
            "end": 815,
            "text": ">> 81    linalg/sundials.hpp:277:13: error: 'ARKodeSetMaxStep' was not declar",
            "pre_context": "           broadwell/gcc-9.3.1/zlib-1.2.11-dtzzlwcy6jw7hjm7z2aip4eyed2rizzu/inc\n           lude  -c linalg/hypre_parcsr.cpp -o linalg/hypre_parcsr.o\n     78    In file included from linalg/linalg.hpp:33,\n     79                     from linalg/sparsemat.cpp:14:\n     80    linalg/sundials.hpp: In member function 'void mfem::ARKODESolver::Se\n           tMaxStep(double)':",
            "post_context": "           ed in this scope; did you mean 'CVodeSetMaxStep'?\n     82      277 |    { flag = ARKodeSetMaxStep(sundials_mem, dt_max); }\n     83          |             ^~~~~~~~~~~~~~~~\n     84          |             CVodeSetMaxStep\n     85    /p/vast1/koparasy/BUILD/head/spack/lib/spack/env/gcc/g++   -O3 -I/p/\n           vast1/koparasy/BUILD/spack_cluster_installer/quartz/mfem/spack_env_d"
      },
      {
            "phase": "N/A",
            "source_file": [
                  null
            ],
            "source_line_no": 0,
            "line_no": 822,
            "repeat_count": 0,
            "start": 816,
            "end": 829,
            "text": ">> 86    make: *** [linalg/sparsemat.o] Error 1",
            "pre_context": "           ohqgzyrtqou/include -I/p/vast1/koparasy/BUILD/spack_cluster_installe\n           r/quartz/mfem/spack_env_dir/linux-rhel7-broadwell/gcc-9.3.1/sundials\n           -5.8.0-cpb5vyiflloo5zxhc3tziondhdaxnixl/include -I/p/vast1/koparasy/\n           BUILD/spack_cluster_installer/quartz/mfem/spack_env_dir/linux-rhel7-\n           broadwell/gcc-9.3.1/zlib-1.2.11-dtzzlwcy6jw7hjm7z2aip4eyed2rizzu/inc\n           lude  -c linalg/blockoperator.cpp -o linalg/blockoperator.o",
            "post_context": "     87    make: *** Waiting for unfinished jobs....\n\nSee build log for details:\n  /var/tmp/koparasy/spack-stage/spack-stage-mfem-3.4.0-wmqz2tsdutkpoykaygpnel4drgytj7aq/spack-build-out.txt\n\nTraceback (most recent call last):"
      },
      {
            "phase": "N/A",
            "source_file": [
                  null
            ],
            "source_line_no": 0,
            "line_no": 815,
            "repeat_count": 0,
            "start": 809,
            "end": 822,
            "text": ">> 91    linalg/sundials.hpp:277:13: error: 'ARKodeSetMaxStep' was not declar",
            "pre_context": "           d2rizzu/include  -c linalg/blockoperator.cpp -o linalg/blockoperator\n           .o\n     88    In file included from linalg/linalg.hpp:33,\n     89                     from linalg/sparsemat.cpp:14:\n     90    linalg/sundials.hpp: In member function 'void mfem::ARKODESolver::Se\n           tMaxStep(double)':",
            "post_context": "           ed in this scope; did you mean 'CVodeSetMaxStep'?\n     92      277 |    { flag = ARKodeSetMaxStep(sundials_mem, dt_max); }\n     93          |             ^~~~~~~~~~~~~~~~\n     94          |             CVodeSetMaxStep\n     95    /p/vast1/koparasy/BUILD/head/spack/lib/spack/env/gcc/g++   -O3 -std=\n           c++11 -I/p/vast1/koparasy/BUILD/spack_cluster_installer/quartz/mfem/"
      },
      {
            "phase": "N/A",
            "source_file": [
                  null
            ],
            "source_line_no": 0,
            "line_no": 829,
            "repeat_count": 0,
            "start": 823,
            "end": 836,
            "text": ">> 96    make: *** [linalg/sparsemat.o] Error 1",
            "pre_context": "           xfsqwg2a2mrzjtyenuynmy/include -I/p/vast1/koparasy/BUILD/spack_clust\n           er_installer/quartz/mfem/spack_env_dir/linux-rhel7-broadwell/gcc-9.3\n           .1/sundials-5.8.0-fenbkyj3knuvrdh3axftyb4zpxo3esc5/include -I/p/vast\n           1/koparasy/BUILD/spack_cluster_installer/quartz/mfem/spack_env_dir/l\n           inux-rhel7-broadwell/gcc-9.3.1/zlib-1.2.11-dtzzlwcy6jw7hjm7z2aip4eye\n           d2rizzu/include  -c linalg/densemat.cpp -o linalg/densemat.o",
            "post_context": "     97    make: *** Waiting for unfinished jobs....\n\nSee build log for details:\n  /var/tmp/koparasy/spack-stage/spack-stage-mfem-4.0.0-bq3nug2tl2742hjz3pecchf2vzzgt4jk/spack-build-out.txt\n\nTraceback (most recent call last):"
      },
      {
            "phase": "N/A",
            "source_file": [
                  null
            ],
            "source_line_no": 0,
            "line_no": 804,
            "repeat_count": 0,
            "start": 798,
            "end": 811,
            "text": ">> 77    linalg/sundials.hpp:277:13: error: 'ARKodeSetMaxStep' was not declar",
            "pre_context": "           5.8.0-gwkhxmjdfyq6sex4iewpd7addu3bqmux/include  -c linalg/densemat.c\n           pp -o linalg/densemat.o\n     74    In file included from linalg/linalg.hpp:32,\n     75                     from linalg/sparsemat.cpp:14:\n     76    linalg/sundials.hpp: In member function 'void mfem::ARKODESolver::Se\n           tMaxStep(double)':",
            "post_context": "           ed in this scope; did you mean 'CVodeSetMaxStep'?\n     78      277 |    { flag = ARKodeSetMaxStep(sundials_mem, dt_max); }\n     79          |             ^~~~~~~~~~~~~~~~\n     80          |             CVodeSetMaxStep\n  >> 81    make: *** [linalg/sparsemat.o] Error 1\n     82    make: *** Waiting for unfinished jobs...."
      },
      {
            "phase": "N/A",
            "source_file": [
                  null
            ],
            "source_line_no": 0,
            "line_no": 809,
            "repeat_count": 0,
            "start": 803,
            "end": 816,
            "text": ">> 81    make: *** [linalg/sparsemat.o] Error 1",
            "pre_context": "           tMaxStep(double)':\n  >> 77    linalg/sundials.hpp:277:13: error: 'ARKodeSetMaxStep' was not declar\n           ed in this scope; did you mean 'CVodeSetMaxStep'?\n     78      277 |    { flag = ARKodeSetMaxStep(sundials_mem, dt_max); }\n     79          |             ^~~~~~~~~~~~~~~~\n     80          |             CVodeSetMaxStep",
            "post_context": "     82    make: *** Waiting for unfinished jobs....\n\nSee build log for details:\n  /var/tmp/koparasy/spack-stage/spack-stage-mfem-3.3.2-kcztr2xtgxza23ch7uqwu3d4ccl4b3i5/spack-build-out.txt\n\nTraceback (most recent call last):"
      },
      {
            "phase": "N/A",
            "source_file": [
                  null
            ],
            "source_line_no": 0,
            "line_no": 801,
            "repeat_count": 0,
            "start": 795,
            "end": 808,
            "text": ">> 77    linalg/sundials.hpp:277:13: error: 'ARKodeSetMaxStep' was not declar",
            "pre_context": "           5.8.0-tno7w7ih5d6wt2rzcikx5hr3zy2idisn/include  -c linalg/densemat.c\n           pp -o linalg/densemat.o\n     74    In file included from linalg/linalg.hpp:32,\n     75                     from linalg/sparsemat.cpp:14:\n     76    linalg/sundials.hpp: In member function 'void mfem::ARKODESolver::Se\n           tMaxStep(double)':",
            "post_context": "           ed in this scope; did you mean 'CVodeSetMaxStep'?\n     78      277 |    { flag = ARKodeSetMaxStep(sundials_mem, dt_max); }\n     79          |             ^~~~~~~~~~~~~~~~\n     80          |             CVodeSetMaxStep\n  >> 81    make: *** [linalg/sparsemat.o] Error 1\n     82    make: *** Waiting for unfinished jobs...."
      },
      {
            "phase": "N/A",
            "source_file": [
                  null
            ],
            "source_line_no": 0,
            "line_no": 806,
            "repeat_count": 0,
            "start": 800,
            "end": 813,
            "text": ">> 81    make: *** [linalg/sparsemat.o] Error 1",
            "pre_context": "           tMaxStep(double)':\n  >> 77    linalg/sundials.hpp:277:13: error: 'ARKodeSetMaxStep' was not declar\n           ed in this scope; did you mean 'CVodeSetMaxStep'?\n     78      277 |    { flag = ARKodeSetMaxStep(sundials_mem, dt_max); }\n     79          |             ^~~~~~~~~~~~~~~~\n     80          |             CVodeSetMaxStep",
            "post_context": "     82    make: *** Waiting for unfinished jobs....\n\nSee build log for details:\n  /var/tmp/koparasy/spack-stage/spack-stage-mfem-3.3.2-rh5igm5mrlfumradufz7qrso2sdejpkr/spack-build-out.txt\n\nTraceback (most recent call last):"
      },
      {
            "phase": "N/A",
            "source_file": [
                  null
            ],
            "source_line_no": 0,
            "line_no": 809,
            "repeat_count": 0,
            "start": 803,
            "end": 816,
            "text": ">> 91    linalg/sundials.hpp:277:13: error: 'ARKodeSetMaxStep' was not declar",
            "pre_context": "           d2rizzu/include  -c linalg/blockoperator.cpp -o linalg/blockoperator\n           .o\n     88    In file included from linalg/linalg.hpp:33,\n     89                     from linalg/sparsemat.cpp:14:\n     90    linalg/sundials.hpp: In member function 'void mfem::ARKODESolver::Se\n           tMaxStep(double)':",
            "post_context": "           ed in this scope; did you mean 'CVodeSetMaxStep'?\n     92      277 |    { flag = ARKodeSetMaxStep(sundials_mem, dt_max); }\n     93          |             ^~~~~~~~~~~~~~~~\n     94          |             CVodeSetMaxStep\n     95    /p/vast1/koparasy/BUILD/head/spack/lib/spack/env/gcc/g++   -O3 -std=\n           c++11 -I/p/vast1/koparasy/BUILD/spack_cluster_installer/quartz/mfem/"
      },
      {
            "phase": "N/A",
            "source_file": [
                  null
            ],
            "source_line_no": 0,
            "line_no": 823,
            "repeat_count": 0,
            "start": 817,
            "end": 830,
            "text": ">> 96    make: *** [linalg/sparsemat.o] Error 1",
            "pre_context": "           w7xsvv3dlfkohqgzyrtqou/include -I/p/vast1/koparasy/BUILD/spack_clust\n           er_installer/quartz/mfem/spack_env_dir/linux-rhel7-broadwell/gcc-9.3\n           .1/sundials-5.8.0-fenbkyj3knuvrdh3axftyb4zpxo3esc5/include -I/p/vast\n           1/koparasy/BUILD/spack_cluster_installer/quartz/mfem/spack_env_dir/l\n           inux-rhel7-broadwell/gcc-9.3.1/zlib-1.2.11-dtzzlwcy6jw7hjm7z2aip4eye\n           d2rizzu/include  -c linalg/densemat.cpp -o linalg/densemat.o",
            "post_context": "     97    make: *** Waiting for unfinished jobs....\n\nSee build log for details:\n  /var/tmp/koparasy/spack-stage/spack-stage-mfem-4.0.0-uqzz4t45hekzl5cfvqgeqvqzh62kyk23/spack-build-out.txt\n\nTraceback (most recent call last):"
      },
      {
            "phase": "N/A",
            "source_file": [
                  null
            ],
            "source_line_no": 0,
            "line_no": 827,
            "repeat_count": 0,
            "start": 821,
            "end": 834,
            "text": ">> 100    linalg/sundials.cpp:162:51: error: 'MPI_LONG' was not declared in t",
            "pre_context": "            c-9.3.1/sundials-5.8.0-fenbkyj3knuvrdh3axftyb4zpxo3esc5/include -I/\n            p/vast1/koparasy/BUILD/spack_cluster_installer/quartz/mfem/spack_en\n            v_dir/linux-rhel7-broadwell/gcc-9.3.1/zlib-1.2.11-dtzzlwcy6jw7hjm7z\n            2aip4eyed2rizzu/include  -c linalg/superlu.cpp -o linalg/superlu.o\n     99     linalg/sundials.cpp: In member function 'virtual void mfem::CVODESo\n            lver::Init(mfem::TimeDependentOperator&)':",
            "post_context": "            his scope\n     101      162 |       MPI_Allreduce(&local_size, &global_size, 1, MPI_LONG,\n             MPI_SUM,\n     102          |                                                   ^~~~~~~~\n  >> 103    linalg/sundials.cpp:162:61: error: 'MPI_SUM' was not declared in th\n            is scope"
      },
      {
            "phase": "N/A",
            "source_file": [
                  null
            ],
            "source_line_no": 0,
            "line_no": 832,
            "repeat_count": 0,
            "start": 826,
            "end": 839,
            "text": ">> 103    linalg/sundials.cpp:162:61: error: 'MPI_SUM' was not declared in th",
            "pre_context": "            lver::Init(mfem::TimeDependentOperator&)':\n  >> 100    linalg/sundials.cpp:162:51: error: 'MPI_LONG' was not declared in t\n            his scope\n     101      162 |       MPI_Allreduce(&local_size, &global_size, 1, MPI_LONG,\n             MPI_SUM,\n     102          |                                                   ^~~~~~~~",
            "post_context": "            is scope\n     104      162 |       MPI_Allreduce(&local_size, &global_size, 1, MPI_LONG,\n             MPI_SUM,\n     105          |\n             ^~~~~~~\n  >> 106    linalg/sundials.cpp:163:21: error: 'NV_COMM_P' was not declared in"
      },
      {
            "phase": "N/A",
            "source_file": [
                  null
            ],
            "source_line_no": 0,
            "line_no": 838,
            "repeat_count": 0,
            "start": 832,
            "end": 845,
            "text": ">> 106    linalg/sundials.cpp:163:21: error: 'NV_COMM_P' was not declared in",
            "pre_context": "  >> 103    linalg/sundials.cpp:162:61: error: 'MPI_SUM' was not declared in th\n            is scope\n     104      162 |       MPI_Allreduce(&local_size, &global_size, 1, MPI_LONG,\n             MPI_SUM,\n     105          |\n             ^~~~~~~",
            "post_context": "            this scope\n     107      163 |                     NV_COMM_P(y));\n     108          |                     ^~~~~~~~~\n  >> 109    linalg/sundials.cpp:162:7: error: 'MPI_Allreduce' was not declared\n            in this scope\n     110      162 |       MPI_Allreduce(&local_size, &global_size, 1, MPI_LONG,"
      },
      {
            "phase": "N/A",
            "source_file": [
                  null
            ],
            "source_line_no": 0,
            "line_no": 842,
            "repeat_count": 0,
            "start": 836,
            "end": 849,
            "text": ">> 109    linalg/sundials.cpp:162:7: error: 'MPI_Allreduce' was not declared",
            "pre_context": "     105          |\n             ^~~~~~~\n  >> 106    linalg/sundials.cpp:163:21: error: 'NV_COMM_P' was not declared in\n            this scope\n     107      163 |                     NV_COMM_P(y));\n     108          |                     ^~~~~~~~~",
            "post_context": "            in this scope\n     110      162 |       MPI_Allreduce(&local_size, &global_size, 1, MPI_LONG,\n             MPI_SUM,\n     111          |       ^~~~~~~~~~~~~\n     112    /p/vast1/koparasy/BUILD/head/spack/lib/spack/env/gcc/g++   -O3 -std\n            =c++11 -I/p/vast1/koparasy/BUILD/spack_cluster_installer/quartz/mfe"
      },
      {
            "phase": "N/A",
            "source_file": [
                  null
            ],
            "source_line_no": 0,
            "line_no": 858,
            "repeat_count": 0,
            "start": 852,
            "end": 865,
            "text": ">> 114    linalg/sundials.cpp:572:51: error: 'MPI_LONG' was not declared in t",
            "pre_context": "            c-9.3.1/sundials-5.8.0-fenbkyj3knuvrdh3axftyb4zpxo3esc5/include -I/\n            p/vast1/koparasy/BUILD/spack_cluster_installer/quartz/mfem/spack_en\n            v_dir/linux-rhel7-broadwell/gcc-9.3.1/zlib-1.2.11-dtzzlwcy6jw7hjm7z\n            2aip4eyed2rizzu/include  -c linalg/solvers.cpp -o linalg/solvers.o\n     113    linalg/sundials.cpp: In member function 'virtual void mfem::ARKStep\n            Solver::Init(mfem::TimeDependentOperator&)':",
            "post_context": "            his scope\n     115      572 |       MPI_Allreduce(&local_size, &global_size, 1, MPI_LONG,\n             MPI_SUM,\n     116          |                                                   ^~~~~~~~\n  >> 117    linalg/sundials.cpp:572:61: error: 'MPI_SUM' was not declared in th\n            is scope"
      },
      {
            "phase": "N/A",
            "source_file": [
                  null
            ],
            "source_line_no": 0,
            "line_no": 863,
            "repeat_count": 0,
            "start": 857,
            "end": 870,
            "text": ">> 117    linalg/sundials.cpp:572:61: error: 'MPI_SUM' was not declared in th",
            "pre_context": "            Solver::Init(mfem::TimeDependentOperator&)':\n  >> 114    linalg/sundials.cpp:572:51: error: 'MPI_LONG' was not declared in t\n            his scope\n     115      572 |       MPI_Allreduce(&local_size, &global_size, 1, MPI_LONG,\n             MPI_SUM,\n     116          |                                                   ^~~~~~~~",
            "post_context": "            is scope\n     118      572 |       MPI_Allreduce(&local_size, &global_size, 1, MPI_LONG,\n             MPI_SUM,\n     119          |\n             ^~~~~~~\n  >> 120    linalg/sundials.cpp:573:21: error: 'NV_COMM_P' was not declared in"
      },
      {
            "phase": "N/A",
            "source_file": [
                  null
            ],
            "source_line_no": 0,
            "line_no": 869,
            "repeat_count": 0,
            "start": 863,
            "end": 876,
            "text": ">> 120    linalg/sundials.cpp:573:21: error: 'NV_COMM_P' was not declared in",
            "pre_context": "  >> 117    linalg/sundials.cpp:572:61: error: 'MPI_SUM' was not declared in th\n            is scope\n     118      572 |       MPI_Allreduce(&local_size, &global_size, 1, MPI_LONG,\n             MPI_SUM,\n     119          |\n             ^~~~~~~",
            "post_context": "            this scope\n     121      573 |                     NV_COMM_P(y));\n     122          |                     ^~~~~~~~~\n  >> 123    linalg/sundials.cpp:572:7: error: 'MPI_Allreduce' was not declared\n            in this scope\n     124      572 |       MPI_Allreduce(&local_size, &global_size, 1, MPI_LONG,"
      },
      {
            "phase": "N/A",
            "source_file": [
                  null
            ],
            "source_line_no": 0,
            "line_no": 873,
            "repeat_count": 0,
            "start": 867,
            "end": 880,
            "text": ">> 123    linalg/sundials.cpp:572:7: error: 'MPI_Allreduce' was not declared",
            "pre_context": "     119          |\n             ^~~~~~~\n  >> 120    linalg/sundials.cpp:573:21: error: 'NV_COMM_P' was not declared in\n            this scope\n     121      573 |                     NV_COMM_P(y));\n     122          |                     ^~~~~~~~~",
            "post_context": "            in this scope\n     124      572 |       MPI_Allreduce(&local_size, &global_size, 1, MPI_LONG,\n             MPI_SUM,\n     125          |       ^~~~~~~~~~~~~\n     126    linalg/sundials.cpp: In member function 'virtual void mfem::KINSolv\n            er::SetOperator(const mfem::Operator&)':"
      },
      {
            "phase": "N/A",
            "source_file": [
                  null
            ],
            "source_line_no": 0,
            "line_no": 880,
            "repeat_count": 0,
            "start": 874,
            "end": 887,
            "text": ">> 127    linalg/sundials.cpp:1056:51: error: 'MPI_LONG' was not declared in",
            "pre_context": "            in this scope\n     124      572 |       MPI_Allreduce(&local_size, &global_size, 1, MPI_LONG,\n             MPI_SUM,\n     125          |       ^~~~~~~~~~~~~\n     126    linalg/sundials.cpp: In member function 'virtual void mfem::KINSolv\n            er::SetOperator(const mfem::Operator&)':",
            "post_context": "            this scope\n     128     1056 |       MPI_Allreduce(&local_size, &global_size, 1, MPI_LONG,\n             MPI_SUM,\n     129          |                                                   ^~~~~~~~\n  >> 130    linalg/sundials.cpp:1056:61: error: 'MPI_SUM' was not declared in t\n            his scope"
      },
      {
            "phase": "N/A",
            "source_file": [
                  null
            ],
            "source_line_no": 0,
            "line_no": 885,
            "repeat_count": 0,
            "start": 879,
            "end": 892,
            "text": ">> 130    linalg/sundials.cpp:1056:61: error: 'MPI_SUM' was not declared in t",
            "pre_context": "            er::SetOperator(const mfem::Operator&)':\n  >> 127    linalg/sundials.cpp:1056:51: error: 'MPI_LONG' was not declared in\n            this scope\n     128     1056 |       MPI_Allreduce(&local_size, &global_size, 1, MPI_LONG,\n             MPI_SUM,\n     129          |                                                   ^~~~~~~~",
            "post_context": "            his scope\n     131     1056 |       MPI_Allreduce(&local_size, &global_size, 1, MPI_LONG,\n             MPI_SUM,\n     132          |\n             ^~~~~~~\n  >> 133    linalg/sundials.cpp:1057:21: error: 'NV_COMM_P' was not declared in"
      },
      {
            "phase": "N/A",
            "source_file": [
                  null
            ],
            "source_line_no": 0,
            "line_no": 891,
            "repeat_count": 0,
            "start": 885,
            "end": 898,
            "text": ">> 133    linalg/sundials.cpp:1057:21: error: 'NV_COMM_P' was not declared in",
            "pre_context": "  >> 130    linalg/sundials.cpp:1056:61: error: 'MPI_SUM' was not declared in t\n            his scope\n     131     1056 |       MPI_Allreduce(&local_size, &global_size, 1, MPI_LONG,\n             MPI_SUM,\n     132          |\n             ^~~~~~~",
            "post_context": "             this scope\n     134     1057 |                     NV_COMM_P(y));\n     135          |                     ^~~~~~~~~\n  >> 136    linalg/sundials.cpp:1056:7: error: 'MPI_Allreduce' was not declared\n             in this scope\n     137     1056 |       MPI_Allreduce(&local_size, &global_size, 1, MPI_LONG,"
      },
      {
            "phase": "N/A",
            "source_file": [
                  null
            ],
            "source_line_no": 0,
            "line_no": 895,
            "repeat_count": 0,
            "start": 889,
            "end": 902,
            "text": ">> 136    linalg/sundials.cpp:1056:7: error: 'MPI_Allreduce' was not declared",
            "pre_context": "     132          |\n             ^~~~~~~\n  >> 133    linalg/sundials.cpp:1057:21: error: 'NV_COMM_P' was not declared in\n             this scope\n     134     1057 |                     NV_COMM_P(y));\n     135          |                     ^~~~~~~~~",
            "post_context": "             in this scope\n     137     1056 |       MPI_Allreduce(&local_size, &global_size, 1, MPI_LONG,\n             MPI_SUM,\n     138          |       ^~~~~~~~~~~~~\n  >> 139    make: *** [linalg/sundials.o] Error 1\n     140    make: *** Waiting for unfinished jobs...."
      },
      {
            "phase": "N/A",
            "source_file": [
                  null
            ],
            "source_line_no": 0,
            "line_no": 900,
            "repeat_count": 0,
            "start": 894,
            "end": 907,
            "text": ">> 139    make: *** [linalg/sundials.o] Error 1",
            "pre_context": "     135          |                     ^~~~~~~~~\n  >> 136    linalg/sundials.cpp:1056:7: error: 'MPI_Allreduce' was not declared\n             in this scope\n     137     1056 |       MPI_Allreduce(&local_size, &global_size, 1, MPI_LONG,\n             MPI_SUM,\n     138          |       ^~~~~~~~~~~~~",
            "post_context": "     140    make: *** Waiting for unfinished jobs....\n\nSee build log for details:\n  /var/tmp/koparasy/spack-stage/spack-stage-mfem-4.0.1-xsdk-hynv4aapcuopbr5hyym7dbwinn4a3m3j/spack-build-out.txt\n\nTraceback (most recent call last):"
      },
      {
            "phase": "N/A",
            "source_file": [
                  null
            ],
            "source_line_no": 0,
            "line_no": 802,
            "repeat_count": 0,
            "start": 796,
            "end": 809,
            "text": ">> 77    linalg/sundials.hpp:277:13: error: 'ARKodeSetMaxStep' was not declar",
            "pre_context": "           5.8.0-fjzqx5if33vj5mdhnsy5vpyasxhcfaup/include  -c linalg/densemat.c\n           pp -o linalg/densemat.o\n     74    In file included from linalg/linalg.hpp:32,\n     75                     from linalg/sparsemat.cpp:14:\n     76    linalg/sundials.hpp: In member function 'void mfem::ARKODESolver::Se\n           tMaxStep(double)':",
            "post_context": "           ed in this scope; did you mean 'CVodeSetMaxStep'?\n     78      277 |    { flag = ARKodeSetMaxStep(sundials_mem, dt_max); }\n     79          |             ^~~~~~~~~~~~~~~~\n     80          |             CVodeSetMaxStep\n  >> 81    make: *** [linalg/sparsemat.o] Error 1\n     82    make: *** Waiting for unfinished jobs...."
      },
      {
            "phase": "N/A",
            "source_file": [
                  null
            ],
            "source_line_no": 0,
            "line_no": 807,
            "repeat_count": 0,
            "start": 801,
            "end": 814,
            "text": ">> 81    make: *** [linalg/sparsemat.o] Error 1",
            "pre_context": "           tMaxStep(double)':\n  >> 77    linalg/sundials.hpp:277:13: error: 'ARKodeSetMaxStep' was not declar\n           ed in this scope; did you mean 'CVodeSetMaxStep'?\n     78      277 |    { flag = ARKodeSetMaxStep(sundials_mem, dt_max); }\n     79          |             ^~~~~~~~~~~~~~~~\n     80          |             CVodeSetMaxStep",
            "post_context": "     82    make: *** Waiting for unfinished jobs....\n\nSee build log for details:\n  /var/tmp/koparasy/spack-stage/spack-stage-mfem-3.3.2-isqunncxgxajelhikmuwp7czyspewqn7/spack-build-out.txt\n\nTraceback (most recent call last):"
      },
      {
            "phase": "N/A",
            "source_file": [
                  null
            ],
            "source_line_no": 0,
            "line_no": 804,
            "repeat_count": 0,
            "start": 798,
            "end": 811,
            "text": ">> 79    linalg/sundials.hpp:277:13: error: 'ARKodeSetMaxStep' was not declar",
            "pre_context": "           broadwell/gcc-9.3.1/zlib-1.2.11-dtzzlwcy6jw7hjm7z2aip4eyed2rizzu/inc\n           lude  -c linalg/handle.cpp -o linalg/handle.o\n     76    In file included from linalg/linalg.hpp:33,\n     77                     from linalg/sparsemat.cpp:14:\n     78    linalg/sundials.hpp: In member function 'void mfem::ARKODESolver::Se\n           tMaxStep(double)':",
            "post_context": "           ed in this scope; did you mean 'CVodeSetMaxStep'?\n     80      277 |    { flag = ARKodeSetMaxStep(sundials_mem, dt_max); }\n     81          |             ^~~~~~~~~~~~~~~~\n     82          |             CVodeSetMaxStep\n     83    /p/vast1/koparasy/BUILD/head/spack/lib/spack/env/gcc/g++   -O3 -I/p/\n           vast1/koparasy/BUILD/spack_cluster_installer/quartz/mfem/spack_env_d"
      },
      {
            "phase": "N/A",
            "source_file": [
                  null
            ],
            "source_line_no": 0,
            "line_no": 818,
            "repeat_count": 0,
            "start": 812,
            "end": 825,
            "text": ">> 84    make: *** [linalg/sparsemat.o] Error 1",
            "pre_context": "           ohqgzyrtqou/include -I/p/vast1/koparasy/BUILD/spack_cluster_installe\n           r/quartz/mfem/spack_env_dir/linux-rhel7-broadwell/gcc-9.3.1/sundials\n           -5.8.0-jbz5wqhdyzczk5hq2wm65xsahbondvtq/include -I/p/vast1/koparasy/\n           BUILD/spack_cluster_installer/quartz/mfem/spack_env_dir/linux-rhel7-\n           broadwell/gcc-9.3.1/zlib-1.2.11-dtzzlwcy6jw7hjm7z2aip4eyed2rizzu/inc\n           lude  -c linalg/blockoperator.cpp -o linalg/blockoperator.o",
            "post_context": "     85    make: *** Waiting for unfinished jobs....\n\nSee build log for details:\n  /var/tmp/koparasy/spack-stage/spack-stage-mfem-3.4.1-laghos-v2.0-wuuaibiof54bfagzlg7e2eiswnvlz5dk/spack-build-out.txt\n\nTraceback (most recent call last):"
      },
      {
            "phase": "N/A",
            "source_file": [
                  null
            ],
            "source_line_no": 0,
            "line_no": 810,
            "repeat_count": 0,
            "start": 804,
            "end": 817,
            "text": ">> 91    linalg/sundials.hpp:277:13: error: 'ARKodeSetMaxStep' was not declar",
            "pre_context": "           d2rizzu/include  -c linalg/blockoperator.cpp -o linalg/blockoperator\n           .o\n     88    In file included from linalg/linalg.hpp:33,\n     89                     from linalg/sparsemat.cpp:14:\n     90    linalg/sundials.hpp: In member function 'void mfem::ARKODESolver::Se\n           tMaxStep(double)':",
            "post_context": "           ed in this scope; did you mean 'CVodeSetMaxStep'?\n     92      277 |    { flag = ARKodeSetMaxStep(sundials_mem, dt_max); }\n     93          |             ^~~~~~~~~~~~~~~~\n     94          |             CVodeSetMaxStep\n     95    /p/vast1/koparasy/BUILD/head/spack/lib/spack/env/gcc/g++   -O3 -std=\n           c++11 -I/p/vast1/koparasy/BUILD/spack_cluster_installer/quartz/mfem/"
      },
      {
            "phase": "N/A",
            "source_file": [
                  null
            ],
            "source_line_no": 0,
            "line_no": 824,
            "repeat_count": 0,
            "start": 818,
            "end": 831,
            "text": ">> 96    make: *** [linalg/sparsemat.o] Error 1",
            "pre_context": "           xfsqwg2a2mrzjtyenuynmy/include -I/p/vast1/koparasy/BUILD/spack_clust\n           er_installer/quartz/mfem/spack_env_dir/linux-rhel7-broadwell/gcc-9.3\n           .1/sundials-5.8.0-lmvnwa3sbnwqtbo5kxiys2xt6mgrsbzc/include -I/p/vast\n           1/koparasy/BUILD/spack_cluster_installer/quartz/mfem/spack_env_dir/l\n           inux-rhel7-broadwell/gcc-9.3.1/zlib-1.2.11-dtzzlwcy6jw7hjm7z2aip4eye\n           d2rizzu/include  -c linalg/densemat.cpp -o linalg/densemat.o",
            "post_context": "     97    make: *** Waiting for unfinished jobs....\n\nSee build log for details:\n  /var/tmp/koparasy/spack-stage/spack-stage-mfem-4.0.0-zlix32gc4xmitlstby6sd6wbeshkxwdu/spack-build-out.txt\n\nTraceback (most recent call last):"
      },
      {
            "phase": "N/A",
            "source_file": [
                  null
            ],
            "source_line_no": 0,
            "line_no": 797,
            "repeat_count": 0,
            "start": 791,
            "end": 804,
            "text": ">> 77    linalg/sundials.hpp:277:13: error: 'ARKodeSetMaxStep' was not declar",
            "pre_context": "           5.8.0-aupzilejnwza6kyrcxshpvzrdobgboxn/include  -c linalg/densemat.c\n           pp -o linalg/densemat.o\n     74    In file included from linalg/linalg.hpp:32,\n     75                     from linalg/sparsemat.cpp:14:\n     76    linalg/sundials.hpp: In member function 'void mfem::ARKODESolver::Se\n           tMaxStep(double)':",
            "post_context": "           ed in this scope; did you mean 'CVodeSetMaxStep'?\n     78      277 |    { flag = ARKodeSetMaxStep(sundials_mem, dt_max); }\n     79          |             ^~~~~~~~~~~~~~~~\n     80          |             CVodeSetMaxStep\n  >> 81    make: *** [linalg/sparsemat.o] Error 1\n     82    make: *** Waiting for unfinished jobs...."
      },
      {
            "phase": "N/A",
            "source_file": [
                  null
            ],
            "source_line_no": 0,
            "line_no": 802,
            "repeat_count": 0,
            "start": 796,
            "end": 809,
            "text": ">> 81    make: *** [linalg/sparsemat.o] Error 1",
            "pre_context": "           tMaxStep(double)':\n  >> 77    linalg/sundials.hpp:277:13: error: 'ARKodeSetMaxStep' was not declar\n           ed in this scope; did you mean 'CVodeSetMaxStep'?\n     78      277 |    { flag = ARKodeSetMaxStep(sundials_mem, dt_max); }\n     79          |             ^~~~~~~~~~~~~~~~\n     80          |             CVodeSetMaxStep",
            "post_context": "     82    make: *** Waiting for unfinished jobs....\n\nSee build log for details:\n  /var/tmp/koparasy/spack-stage/spack-stage-mfem-3.3.2-udped5t26cbhbdlz24fspclfjczaj3fc/spack-build-out.txt\n\nTraceback (most recent call last):"
      },
      {
            "phase": "N/A",
            "source_file": [
                  null
            ],
            "source_line_no": 0,
            "line_no": 820,
            "repeat_count": 0,
            "start": 814,
            "end": 827,
            "text": ">> 90    linalg/sundials.hpp:277:13: error: 'ARKodeSetMaxStep' was not declar",
            "pre_context": "           inux-rhel7-broadwell/gcc-9.3.1/zlib-1.2.11-dtzzlwcy6jw7hjm7z2aip4eye\n           d2rizzu/include  -c linalg/hypre_parcsr.cpp -o linalg/hypre_parcsr.o\n     87    In file included from linalg/linalg.hpp:33,\n     88                     from linalg/sparsemat.cpp:14:\n     89    linalg/sundials.hpp: In member function 'void mfem::ARKODESolver::Se\n           tMaxStep(double)':",
            "post_context": "           ed in this scope; did you mean 'CVodeSetMaxStep'?\n     91      277 |    { flag = ARKodeSetMaxStep(sundials_mem, dt_max); }\n     92          |             ^~~~~~~~~~~~~~~~\n     93          |             CVodeSetMaxStep\n     94    /p/vast1/koparasy/BUILD/head/spack/lib/spack/env/gcc/g++   -O3 -std=\n           c++11 -I/p/vast1/koparasy/BUILD/spack_cluster_installer/quartz/mfem/"
      },
      {
            "phase": "N/A",
            "source_file": [
                  null
            ],
            "source_line_no": 0,
            "line_no": 844,
            "repeat_count": 0,
            "start": 838,
            "end": 851,
            "text": ">> 96    make: *** [linalg/sparsemat.o] Error 1",
            "pre_context": "           xfsqwg2a2mrzjtyenuynmy/include -I/p/vast1/koparasy/BUILD/spack_clust\n           er_installer/quartz/mfem/spack_env_dir/linux-rhel7-broadwell/gcc-9.3\n           .1/sundials-5.8.0-jbz5wqhdyzczk5hq2wm65xsahbondvtq/include -I/p/vast\n           1/koparasy/BUILD/spack_cluster_installer/quartz/mfem/spack_env_dir/l\n           inux-rhel7-broadwell/gcc-9.3.1/zlib-1.2.11-dtzzlwcy6jw7hjm7z2aip4eye\n           d2rizzu/include  -c linalg/densemat.cpp -o linalg/densemat.o",
            "post_context": "     97    make: *** Waiting for unfinished jobs....\n\nSee build log for details:\n  /var/tmp/koparasy/spack-stage/spack-stage-mfem-4.0.0-3pnbpdwpjhmyolmef2b5aeins2jyalum/spack-build-out.txt\n\nTraceback (most recent call last):"
      },
      {
            "phase": "N/A",
            "source_file": [
                  null
            ],
            "source_line_no": 0,
            "line_no": 810,
            "repeat_count": 0,
            "start": 804,
            "end": 817,
            "text": ">> 79    linalg/sundials.hpp:277:13: error: 'ARKodeSetMaxStep' was not declar",
            "pre_context": "           broadwell/gcc-9.3.1/zlib-1.2.11-dtzzlwcy6jw7hjm7z2aip4eyed2rizzu/inc\n           lude  -c linalg/handle.cpp -o linalg/handle.o\n     76    In file included from linalg/linalg.hpp:33,\n     77                     from linalg/sparsemat.cpp:14:\n     78    linalg/sundials.hpp: In member function 'void mfem::ARKODESolver::Se\n           tMaxStep(double)':",
            "post_context": "           ed in this scope; did you mean 'CVodeSetMaxStep'?\n     80      277 |    { flag = ARKodeSetMaxStep(sundials_mem, dt_max); }\n     81          |             ^~~~~~~~~~~~~~~~\n     82          |             CVodeSetMaxStep\n  >> 83    make: *** [linalg/sparsemat.o] Error 1\n     84    make: *** Waiting for unfinished jobs...."
      },
      {
            "phase": "N/A",
            "source_file": [
                  null
            ],
            "source_line_no": 0,
            "line_no": 815,
            "repeat_count": 0,
            "start": 809,
            "end": 822,
            "text": ">> 83    make: *** [linalg/sparsemat.o] Error 1",
            "pre_context": "           tMaxStep(double)':\n  >> 79    linalg/sundials.hpp:277:13: error: 'ARKodeSetMaxStep' was not declar\n           ed in this scope; did you mean 'CVodeSetMaxStep'?\n     80      277 |    { flag = ARKodeSetMaxStep(sundials_mem, dt_max); }\n     81          |             ^~~~~~~~~~~~~~~~\n     82          |             CVodeSetMaxStep",
            "post_context": "     84    make: *** Waiting for unfinished jobs....\n\nSee build log for details:\n  /var/tmp/koparasy/spack-stage/spack-stage-mfem-3.4.1-laghos-v2.0-w6476m5hnhfgpchmxpeg42do5h5lqnhl/spack-build-out.txt\n\nTraceback (most recent call last):"
      },
      {
            "phase": "N/A",
            "source_file": [
                  null
            ],
            "source_line_no": 0,
            "line_no": 819,
            "repeat_count": 0,
            "start": 813,
            "end": 826,
            "text": ">> 90    linalg/sundials.hpp:277:13: error: 'ARKodeSetMaxStep' was not declar",
            "pre_context": "           inux-rhel7-broadwell/gcc-9.3.1/zlib-1.2.11-dtzzlwcy6jw7hjm7z2aip4eye\n           d2rizzu/include  -c linalg/hypre_parcsr.cpp -o linalg/hypre_parcsr.o\n     87    In file included from linalg/linalg.hpp:33,\n     88                     from linalg/sparsemat.cpp:14:\n     89    linalg/sundials.hpp: In member function 'void mfem::ARKODESolver::Se\n           tMaxStep(double)':",
            "post_context": "           ed in this scope; did you mean 'CVodeSetMaxStep'?\n     91      277 |    { flag = ARKodeSetMaxStep(sundials_mem, dt_max); }\n     92          |             ^~~~~~~~~~~~~~~~\n     93          |             CVodeSetMaxStep\n     94    /p/vast1/koparasy/BUILD/head/spack/lib/spack/env/gcc/g++   -O3 -std=\n           c++11 -I/p/vast1/koparasy/BUILD/spack_cluster_installer/quartz/mfem/"
      },
      {
            "phase": "N/A",
            "source_file": [
                  null
            ],
            "source_line_no": 0,
            "line_no": 843,
            "repeat_count": 0,
            "start": 837,
            "end": 850,
            "text": ">> 96    make: *** [linalg/sparsemat.o] Error 1",
            "pre_context": "           xfsqwg2a2mrzjtyenuynmy/include -I/p/vast1/koparasy/BUILD/spack_clust\n           er_installer/quartz/mfem/spack_env_dir/linux-rhel7-broadwell/gcc-9.3\n           .1/sundials-5.8.0-fjzqx5if33vj5mdhnsy5vpyasxhcfaup/include -I/p/vast\n           1/koparasy/BUILD/spack_cluster_installer/quartz/mfem/spack_env_dir/l\n           inux-rhel7-broadwell/gcc-9.3.1/zlib-1.2.11-dtzzlwcy6jw7hjm7z2aip4eye\n           d2rizzu/include  -c linalg/densemat.cpp -o linalg/densemat.o",
            "post_context": "     97    make: *** Waiting for unfinished jobs....\n\nSee build log for details:\n  /var/tmp/koparasy/spack-stage/spack-stage-mfem-4.0.0-ultewjwqugqoj6fexb5w6j3pbtkb3eoh/spack-build-out.txt\n\nTraceback (most recent call last):"
      },
      {
            "phase": "N/A",
            "source_file": [
                  null
            ],
            "source_line_no": 0,
            "line_no": 814,
            "repeat_count": 0,
            "start": 808,
            "end": 821,
            "text": ">> 77    linalg/sundials.hpp:277:13: error: 'ARKodeSetMaxStep' was not declar",
            "pre_context": "           5.8.0-oi2pnw4hhfodd5ras7naqph5lnnkronw/include  -c linalg/densemat.c\n           pp -o linalg/densemat.o\n     74    In file included from linalg/linalg.hpp:32,\n     75                     from linalg/sparsemat.cpp:14:\n     76    linalg/sundials.hpp: In member function 'void mfem::ARKODESolver::Se\n           tMaxStep(double)':",
            "post_context": "           ed in this scope; did you mean 'CVodeSetMaxStep'?\n     78      277 |    { flag = ARKodeSetMaxStep(sundials_mem, dt_max); }\n     79          |             ^~~~~~~~~~~~~~~~\n     80          |             CVodeSetMaxStep\n  >> 81    make: *** [linalg/sparsemat.o] Error 1\n     82    make: *** Waiting for unfinished jobs...."
      },
      {
            "phase": "N/A",
            "source_file": [
                  null
            ],
            "source_line_no": 0,
            "line_no": 819,
            "repeat_count": 0,
            "start": 813,
            "end": 826,
            "text": ">> 81    make: *** [linalg/sparsemat.o] Error 1",
            "pre_context": "           tMaxStep(double)':\n  >> 77    linalg/sundials.hpp:277:13: error: 'ARKodeSetMaxStep' was not declar\n           ed in this scope; did you mean 'CVodeSetMaxStep'?\n     78      277 |    { flag = ARKodeSetMaxStep(sundials_mem, dt_max); }\n     79          |             ^~~~~~~~~~~~~~~~\n     80          |             CVodeSetMaxStep",
            "post_context": "     82    make: *** Waiting for unfinished jobs....\n\nSee build log for details:\n  /var/tmp/koparasy/spack-stage/spack-stage-mfem-3.3.2-lwsx74emekmrgy5dekfkpn2e637wnxv4/spack-build-out.txt\n\nTraceback (most recent call last):"
      },
      {
            "phase": "N/A",
            "source_file": [
                  null
            ],
            "source_line_no": 0,
            "line_no": 815,
            "repeat_count": 0,
            "start": 809,
            "end": 822,
            "text": ">> 77    linalg/sundials.hpp:277:13: error: 'ARKodeSetMaxStep' was not declar",
            "pre_context": "           5.8.0-lmvnwa3sbnwqtbo5kxiys2xt6mgrsbzc/include  -c linalg/densemat.c\n           pp -o linalg/densemat.o\n     74    In file included from linalg/linalg.hpp:32,\n     75                     from linalg/sparsemat.cpp:14:\n     76    linalg/sundials.hpp: In member function 'void mfem::ARKODESolver::Se\n           tMaxStep(double)':",
            "post_context": "           ed in this scope; did you mean 'CVodeSetMaxStep'?\n     78      277 |    { flag = ARKodeSetMaxStep(sundials_mem, dt_max); }\n     79          |             ^~~~~~~~~~~~~~~~\n     80          |             CVodeSetMaxStep\n     81    /p/vast1/koparasy/BUILD/head/spack/lib/spack/env/gcc/g++  -O3 -I/p/v\n           ast1/koparasy/BUILD/spack_cluster_installer/quartz/mfem/spack_env_di"
      },
      {
            "phase": "N/A",
            "source_file": [
                  null
            ],
            "source_line_no": 0,
            "line_no": 827,
            "repeat_count": 0,
            "start": 821,
            "end": 834,
            "text": ">> 82    make: *** [linalg/sparsemat.o] Error 1",
            "pre_context": "           ast1/koparasy/BUILD/spack_cluster_installer/quartz/mfem/spack_env_di\n           r/linux-rhel7-broadwell/gcc-9.3.1/metis-5.1.0-elboq6eq4uxfsqwg2a2mrz\n           jtyenuynmy/include -I/p/vast1/koparasy/BUILD/spack_cluster_installer\n           /quartz/mfem/spack_env_dir/linux-rhel7-broadwell/gcc-9.3.1/sundials-\n           5.8.0-lmvnwa3sbnwqtbo5kxiys2xt6mgrsbzc/include  -c linalg/strumpack.\n           cpp -o linalg/strumpack.o",
            "post_context": "     83    make: *** Waiting for unfinished jobs....\n\nSee build log for details:\n  /var/tmp/koparasy/spack-stage/spack-stage-mfem-3.3.2-tkhw4lpsbftnhvohmrqwfwiy647owvaw/spack-build-out.txt\n\nTraceback (most recent call last):"
      },
      {
            "phase": "N/A",
            "source_file": [
                  null
            ],
            "source_line_no": 0,
            "line_no": 815,
            "repeat_count": 0,
            "start": 809,
            "end": 822,
            "text": ">> 79    linalg/sundials.hpp:277:13: error: 'ARKodeSetMaxStep' was not declar",
            "pre_context": "           broadwell/gcc-9.3.1/zlib-1.2.11-dtzzlwcy6jw7hjm7z2aip4eyed2rizzu/inc\n           lude  -c linalg/handle.cpp -o linalg/handle.o\n     76    In file included from linalg/linalg.hpp:33,\n     77                     from linalg/sparsemat.cpp:14:\n     78    linalg/sundials.hpp: In member function 'void mfem::ARKODESolver::Se\n           tMaxStep(double)':",
            "post_context": "           ed in this scope; did you mean 'CVodeSetMaxStep'?\n     80      277 |    { flag = ARKodeSetMaxStep(sundials_mem, dt_max); }\n     81          |             ^~~~~~~~~~~~~~~~\n     82          |             CVodeSetMaxStep\n     83    /p/vast1/koparasy/BUILD/head/spack/lib/spack/env/gcc/g++   -O3 -I/p/\n           vast1/koparasy/BUILD/spack_cluster_installer/quartz/mfem/spack_env_d"
      },
      {
            "phase": "N/A",
            "source_file": [
                  null
            ],
            "source_line_no": 0,
            "line_no": 829,
            "repeat_count": 0,
            "start": 823,
            "end": 836,
            "text": ">> 84    make: *** [linalg/sparsemat.o] Error 1",
            "pre_context": "           ohqgzyrtqou/include -I/p/vast1/koparasy/BUILD/spack_cluster_installe\n           r/quartz/mfem/spack_env_dir/linux-rhel7-broadwell/gcc-9.3.1/sundials\n           -5.8.0-fenbkyj3knuvrdh3axftyb4zpxo3esc5/include -I/p/vast1/koparasy/\n           BUILD/spack_cluster_installer/quartz/mfem/spack_env_dir/linux-rhel7-\n           broadwell/gcc-9.3.1/zlib-1.2.11-dtzzlwcy6jw7hjm7z2aip4eyed2rizzu/inc\n           lude  -c linalg/blockoperator.cpp -o linalg/blockoperator.o",
            "post_context": "     85    make: *** Waiting for unfinished jobs....\n\nSee build log for details:\n  /var/tmp/koparasy/spack-stage/spack-stage-mfem-3.4.1-laghos-v2.0-sm757rt6a54hcqox32grmypkf5y2aqnw/spack-build-out.txt\n\nTraceback (most recent call last):"
      },
      {
            "phase": "N/A",
            "source_file": [
                  null
            ],
            "source_line_no": 0,
            "line_no": 805,
            "repeat_count": 0,
            "start": 799,
            "end": 812,
            "text": ">> 90    linalg/sundials.hpp:277:13: error: 'ARKodeSetMaxStep' was not declar",
            "pre_context": "           inux-rhel7-broadwell/gcc-9.3.1/zlib-1.2.11-dtzzlwcy6jw7hjm7z2aip4eye\n           d2rizzu/include  -c linalg/hypre_parcsr.cpp -o linalg/hypre_parcsr.o\n     87    In file included from linalg/linalg.hpp:33,\n     88                     from linalg/sparsemat.cpp:14:\n     89    linalg/sundials.hpp: In member function 'void mfem::ARKODESolver::Se\n           tMaxStep(double)':",
            "post_context": "           ed in this scope; did you mean 'CVodeSetMaxStep'?\n     91      277 |    { flag = ARKodeSetMaxStep(sundials_mem, dt_max); }\n     92          |             ^~~~~~~~~~~~~~~~\n     93          |             CVodeSetMaxStep\n  >> 94    make: *** [linalg/sparsemat.o] Error 1\n     95    make: *** Waiting for unfinished jobs...."
      },
      {
            "phase": "N/A",
            "source_file": [
                  null
            ],
            "source_line_no": 0,
            "line_no": 810,
            "repeat_count": 0,
            "start": 804,
            "end": 817,
            "text": ">> 94    make: *** [linalg/sparsemat.o] Error 1",
            "pre_context": "           tMaxStep(double)':\n  >> 90    linalg/sundials.hpp:277:13: error: 'ARKodeSetMaxStep' was not declar\n           ed in this scope; did you mean 'CVodeSetMaxStep'?\n     91      277 |    { flag = ARKodeSetMaxStep(sundials_mem, dt_max); }\n     92          |             ^~~~~~~~~~~~~~~~\n     93          |             CVodeSetMaxStep",
            "post_context": "     95    make: *** Waiting for unfinished jobs....\n\nSee build log for details:\n  /var/tmp/koparasy/spack-stage/spack-stage-mfem-4.0.0-5mvvofwv553pxg4dktauggtogn533byi/spack-build-out.txt\n\nTraceback (most recent call last):"
      },
      {
            "phase": "N/A",
            "source_file": [
                  null
            ],
            "source_line_no": 0,
            "line_no": 801,
            "repeat_count": 0,
            "start": 795,
            "end": 808,
            "text": ">> 77    linalg/sundials.hpp:277:13: error: 'ARKodeSetMaxStep' was not declar",
            "pre_context": "           5.8.0-gyq342wajyzdayha5qdsqsfgaksc44qk/include  -c linalg/densemat.c\n           pp -o linalg/densemat.o\n     74    In file included from linalg/linalg.hpp:32,\n     75                     from linalg/sparsemat.cpp:14:\n     76    linalg/sundials.hpp: In member function 'void mfem::ARKODESolver::Se\n           tMaxStep(double)':",
            "post_context": "           ed in this scope; did you mean 'CVodeSetMaxStep'?\n     78      277 |    { flag = ARKodeSetMaxStep(sundials_mem, dt_max); }\n     79          |             ^~~~~~~~~~~~~~~~\n     80          |             CVodeSetMaxStep\n  >> 81    make: *** [linalg/sparsemat.o] Error 1\n     82    make: *** Waiting for unfinished jobs...."
      },
      {
            "phase": "N/A",
            "source_file": [
                  null
            ],
            "source_line_no": 0,
            "line_no": 806,
            "repeat_count": 0,
            "start": 800,
            "end": 813,
            "text": ">> 81    make: *** [linalg/sparsemat.o] Error 1",
            "pre_context": "           tMaxStep(double)':\n  >> 77    linalg/sundials.hpp:277:13: error: 'ARKodeSetMaxStep' was not declar\n           ed in this scope; did you mean 'CVodeSetMaxStep'?\n     78      277 |    { flag = ARKodeSetMaxStep(sundials_mem, dt_max); }\n     79          |             ^~~~~~~~~~~~~~~~\n     80          |             CVodeSetMaxStep",
            "post_context": "     82    make: *** Waiting for unfinished jobs....\n\nSee build log for details:\n  /var/tmp/koparasy/spack-stage/spack-stage-mfem-3.3.2-hcbu76e4uytf3vlw3gzbevrvm4vp2rpe/spack-build-out.txt\n\nTraceback (most recent call last):"
      },
      {
            "phase": "N/A",
            "source_file": [
                  null
            ],
            "source_line_no": 0,
            "line_no": 804,
            "repeat_count": 0,
            "start": 798,
            "end": 811,
            "text": ">> 77    linalg/sundials.hpp:277:13: error: 'ARKodeSetMaxStep' was not declar",
            "pre_context": "           5.8.0-q56zlyiyqvssakxrps5ld6qd3hucrpad/include  -c linalg/densemat.c\n           pp -o linalg/densemat.o\n     74    In file included from linalg/linalg.hpp:32,\n     75                     from linalg/sparsemat.cpp:14:\n     76    linalg/sundials.hpp: In member function 'void mfem::ARKODESolver::Se\n           tMaxStep(double)':",
            "post_context": "           ed in this scope; did you mean 'CVodeSetMaxStep'?\n     78      277 |    { flag = ARKodeSetMaxStep(sundials_mem, dt_max); }\n     79          |             ^~~~~~~~~~~~~~~~\n     80          |             CVodeSetMaxStep\n     81    /p/vast1/koparasy/BUILD/head/spack/lib/spack/env/gcc/g++  -O3 -I/p/v\n           ast1/koparasy/BUILD/spack_cluster_installer/quartz/mfem/spack_env_di"
      },
      {
            "phase": "N/A",
            "source_file": [
                  null
            ],
            "source_line_no": 0,
            "line_no": 823,
            "repeat_count": 0,
            "start": 817,
            "end": 830,
            "text": ">> 83    make: *** [linalg/sparsemat.o] Error 1",
            "pre_context": "           ast1/koparasy/BUILD/spack_cluster_installer/quartz/mfem/spack_env_di\n           r/linux-rhel7-broadwell/gcc-9.3.1/metis-4.0.3-ad5ojcnmtww7xsvv3dlfko\n           hqgzyrtqou/include -I/p/vast1/koparasy/BUILD/spack_cluster_installer\n           /quartz/mfem/spack_env_dir/linux-rhel7-broadwell/gcc-9.3.1/sundials-\n           5.8.0-q56zlyiyqvssakxrps5ld6qd3hucrpad/include  -c linalg/blockvecto\n           r.cpp -o linalg/blockvector.o",
            "post_context": "     84    make: *** Waiting for unfinished jobs....\n\nSee build log for details:\n  /var/tmp/koparasy/spack-stage/spack-stage-mfem-3.3.2-5sktmw3oe7ztp4uwwl4vdvtakqazj36o/spack-build-out.txt\n\nTraceback (most recent call last):"
      },
      {
            "phase": "N/A",
            "source_file": [
                  null
            ],
            "source_line_no": 0,
            "line_no": 804,
            "repeat_count": 0,
            "start": 798,
            "end": 811,
            "text": ">> 77    linalg/sundials.hpp:277:13: error: 'ARKodeSetMaxStep' was not declar",
            "pre_context": "           5.8.0-dqciui4dtvqagul4ppmhcf6lzhco52dt/include  -c linalg/densemat.c\n           pp -o linalg/densemat.o\n     74    In file included from linalg/linalg.hpp:32,\n     75                     from linalg/sparsemat.cpp:14:\n     76    linalg/sundials.hpp: In member function 'void mfem::ARKODESolver::Se\n           tMaxStep(double)':",
            "post_context": "           ed in this scope; did you mean 'CVodeSetMaxStep'?\n     78      277 |    { flag = ARKodeSetMaxStep(sundials_mem, dt_max); }\n     79          |             ^~~~~~~~~~~~~~~~\n     80          |             CVodeSetMaxStep\n  >> 81    make: *** [linalg/sparsemat.o] Error 1\n     82    make: *** Waiting for unfinished jobs...."
      },
      {
            "phase": "N/A",
            "source_file": [
                  null
            ],
            "source_line_no": 0,
            "line_no": 809,
            "repeat_count": 0,
            "start": 803,
            "end": 816,
            "text": ">> 81    make: *** [linalg/sparsemat.o] Error 1",
            "pre_context": "           tMaxStep(double)':\n  >> 77    linalg/sundials.hpp:277:13: error: 'ARKodeSetMaxStep' was not declar\n           ed in this scope; did you mean 'CVodeSetMaxStep'?\n     78      277 |    { flag = ARKodeSetMaxStep(sundials_mem, dt_max); }\n     79          |             ^~~~~~~~~~~~~~~~\n     80          |             CVodeSetMaxStep",
            "post_context": "     82    make: *** Waiting for unfinished jobs....\n\nSee build log for details:\n  /var/tmp/koparasy/spack-stage/spack-stage-mfem-3.3.2-wajnkhphqss3pm2uzrl6iitakgqwqywo/spack-build-out.txt\n\nTraceback (most recent call last):"
      },
      {
            "phase": "N/A",
            "source_file": [
                  null
            ],
            "source_line_no": 0,
            "line_no": 822,
            "repeat_count": 0,
            "start": 816,
            "end": 829,
            "text": ">> 101    linalg/sundials.cpp:162:51: error: 'MPI_LONG' was not declared in t",
            "pre_context": "            c-9.3.1/sundials-5.8.0-lmvnwa3sbnwqtbo5kxiys2xt6mgrsbzc/include -I/\n            p/vast1/koparasy/BUILD/spack_cluster_installer/quartz/mfem/spack_en\n            v_dir/linux-rhel7-broadwell/gcc-9.3.1/zlib-1.2.11-dtzzlwcy6jw7hjm7z\n            2aip4eyed2rizzu/include  -c linalg/solvers.cpp -o linalg/solvers.o\n     100    linalg/sundials.cpp: In member function 'virtual void mfem::CVODESo\n            lver::Init(mfem::TimeDependentOperator&)':",
            "post_context": "            his scope\n     102      162 |       MPI_Allreduce(&local_size, &global_size, 1, MPI_LONG,\n             MPI_SUM,\n     103          |                                                   ^~~~~~~~\n  >> 104    linalg/sundials.cpp:162:61: error: 'MPI_SUM' was not declared in th\n            is scope"
      },
      {
            "phase": "N/A",
            "source_file": [
                  null
            ],
            "source_line_no": 0,
            "line_no": 827,
            "repeat_count": 0,
            "start": 821,
            "end": 834,
            "text": ">> 104    linalg/sundials.cpp:162:61: error: 'MPI_SUM' was not declared in th",
            "pre_context": "            lver::Init(mfem::TimeDependentOperator&)':\n  >> 101    linalg/sundials.cpp:162:51: error: 'MPI_LONG' was not declared in t\n            his scope\n     102      162 |       MPI_Allreduce(&local_size, &global_size, 1, MPI_LONG,\n             MPI_SUM,\n     103          |                                                   ^~~~~~~~",
            "post_context": "            is scope\n     105      162 |       MPI_Allreduce(&local_size, &global_size, 1, MPI_LONG,\n             MPI_SUM,\n     106          |\n             ^~~~~~~\n  >> 107    linalg/sundials.cpp:163:21: error: 'NV_COMM_P' was not declared in"
      },
      {
            "phase": "N/A",
            "source_file": [
                  null
            ],
            "source_line_no": 0,
            "line_no": 833,
            "repeat_count": 0,
            "start": 827,
            "end": 840,
            "text": ">> 107    linalg/sundials.cpp:163:21: error: 'NV_COMM_P' was not declared in",
            "pre_context": "  >> 104    linalg/sundials.cpp:162:61: error: 'MPI_SUM' was not declared in th\n            is scope\n     105      162 |       MPI_Allreduce(&local_size, &global_size, 1, MPI_LONG,\n             MPI_SUM,\n     106          |\n             ^~~~~~~",
            "post_context": "            this scope\n     108      163 |                     NV_COMM_P(y));\n     109          |                     ^~~~~~~~~\n  >> 110    linalg/sundials.cpp:162:7: error: 'MPI_Allreduce' was not declared\n            in this scope\n     111      162 |       MPI_Allreduce(&local_size, &global_size, 1, MPI_LONG,"
      },
      {
            "phase": "N/A",
            "source_file": [
                  null
            ],
            "source_line_no": 0,
            "line_no": 837,
            "repeat_count": 0,
            "start": 831,
            "end": 844,
            "text": ">> 110    linalg/sundials.cpp:162:7: error: 'MPI_Allreduce' was not declared",
            "pre_context": "     106          |\n             ^~~~~~~\n  >> 107    linalg/sundials.cpp:163:21: error: 'NV_COMM_P' was not declared in\n            this scope\n     108      163 |                     NV_COMM_P(y));\n     109          |                     ^~~~~~~~~",
            "post_context": "            in this scope\n     111      162 |       MPI_Allreduce(&local_size, &global_size, 1, MPI_LONG,\n             MPI_SUM,\n     112          |       ^~~~~~~~~~~~~\n     113    linalg/sundials.cpp: In member function 'virtual void mfem::ARKStep\n            Solver::Init(mfem::TimeDependentOperator&)':"
      },
      {
            "phase": "N/A",
            "source_file": [
                  null
            ],
            "source_line_no": 0,
            "line_no": 844,
            "repeat_count": 0,
            "start": 838,
            "end": 851,
            "text": ">> 114    linalg/sundials.cpp:572:51: error: 'MPI_LONG' was not declared in t",
            "pre_context": "            in this scope\n     111      162 |       MPI_Allreduce(&local_size, &global_size, 1, MPI_LONG,\n             MPI_SUM,\n     112          |       ^~~~~~~~~~~~~\n     113    linalg/sundials.cpp: In member function 'virtual void mfem::ARKStep\n            Solver::Init(mfem::TimeDependentOperator&)':",
            "post_context": "            his scope\n     115      572 |       MPI_Allreduce(&local_size, &global_size, 1, MPI_LONG,\n             MPI_SUM,\n     116          |                                                   ^~~~~~~~\n  >> 117    linalg/sundials.cpp:572:61: error: 'MPI_SUM' was not declared in th\n            is scope"
      },
      {
            "phase": "N/A",
            "source_file": [
                  null
            ],
            "source_line_no": 0,
            "line_no": 849,
            "repeat_count": 0,
            "start": 843,
            "end": 856,
            "text": ">> 117    linalg/sundials.cpp:572:61: error: 'MPI_SUM' was not declared in th",
            "pre_context": "            Solver::Init(mfem::TimeDependentOperator&)':\n  >> 114    linalg/sundials.cpp:572:51: error: 'MPI_LONG' was not declared in t\n            his scope\n     115      572 |       MPI_Allreduce(&local_size, &global_size, 1, MPI_LONG,\n             MPI_SUM,\n     116          |                                                   ^~~~~~~~",
            "post_context": "            is scope\n     118      572 |       MPI_Allreduce(&local_size, &global_size, 1, MPI_LONG,\n             MPI_SUM,\n     119          |\n             ^~~~~~~\n  >> 120    linalg/sundials.cpp:573:21: error: 'NV_COMM_P' was not declared in"
      },
      {
            "phase": "N/A",
            "source_file": [
                  null
            ],
            "source_line_no": 0,
            "line_no": 855,
            "repeat_count": 0,
            "start": 849,
            "end": 862,
            "text": ">> 120    linalg/sundials.cpp:573:21: error: 'NV_COMM_P' was not declared in",
            "pre_context": "  >> 117    linalg/sundials.cpp:572:61: error: 'MPI_SUM' was not declared in th\n            is scope\n     118      572 |       MPI_Allreduce(&local_size, &global_size, 1, MPI_LONG,\n             MPI_SUM,\n     119          |\n             ^~~~~~~",
            "post_context": "            this scope\n     121      573 |                     NV_COMM_P(y));\n     122          |                     ^~~~~~~~~\n  >> 123    linalg/sundials.cpp:572:7: error: 'MPI_Allreduce' was not declared\n            in this scope\n     124      572 |       MPI_Allreduce(&local_size, &global_size, 1, MPI_LONG,"
      },
      {
            "phase": "N/A",
            "source_file": [
                  null
            ],
            "source_line_no": 0,
            "line_no": 859,
            "repeat_count": 0,
            "start": 853,
            "end": 866,
            "text": ">> 123    linalg/sundials.cpp:572:7: error: 'MPI_Allreduce' was not declared",
            "pre_context": "     119          |\n             ^~~~~~~\n  >> 120    linalg/sundials.cpp:573:21: error: 'NV_COMM_P' was not declared in\n            this scope\n     121      573 |                     NV_COMM_P(y));\n     122          |                     ^~~~~~~~~",
            "post_context": "            in this scope\n     124      572 |       MPI_Allreduce(&local_size, &global_size, 1, MPI_LONG,\n             MPI_SUM,\n     125          |       ^~~~~~~~~~~~~\n     126    linalg/sundials.cpp: In member function 'virtual void mfem::KINSolv\n            er::SetOperator(const mfem::Operator&)':"
      },
      {
            "phase": "N/A",
            "source_file": [
                  null
            ],
            "source_line_no": 0,
            "line_no": 866,
            "repeat_count": 0,
            "start": 860,
            "end": 873,
            "text": ">> 127    linalg/sundials.cpp:1056:51: error: 'MPI_LONG' was not declared in",
            "pre_context": "            in this scope\n     124      572 |       MPI_Allreduce(&local_size, &global_size, 1, MPI_LONG,\n             MPI_SUM,\n     125          |       ^~~~~~~~~~~~~\n     126    linalg/sundials.cpp: In member function 'virtual void mfem::KINSolv\n            er::SetOperator(const mfem::Operator&)':",
            "post_context": "            this scope\n     128     1056 |       MPI_Allreduce(&local_size, &global_size, 1, MPI_LONG,\n             MPI_SUM,\n     129          |                                                   ^~~~~~~~\n  >> 130    linalg/sundials.cpp:1056:61: error: 'MPI_SUM' was not declared in t\n            his scope"
      },
      {
            "phase": "N/A",
            "source_file": [
                  null
            ],
            "source_line_no": 0,
            "line_no": 871,
            "repeat_count": 0,
            "start": 865,
            "end": 878,
            "text": ">> 130    linalg/sundials.cpp:1056:61: error: 'MPI_SUM' was not declared in t",
            "pre_context": "            er::SetOperator(const mfem::Operator&)':\n  >> 127    linalg/sundials.cpp:1056:51: error: 'MPI_LONG' was not declared in\n            this scope\n     128     1056 |       MPI_Allreduce(&local_size, &global_size, 1, MPI_LONG,\n             MPI_SUM,\n     129          |                                                   ^~~~~~~~",
            "post_context": "            his scope\n     131     1056 |       MPI_Allreduce(&local_size, &global_size, 1, MPI_LONG,\n             MPI_SUM,\n     132          |\n             ^~~~~~~\n  >> 133    linalg/sundials.cpp:1057:21: error: 'NV_COMM_P' was not declared in"
      },
      {
            "phase": "N/A",
            "source_file": [
                  null
            ],
            "source_line_no": 0,
            "line_no": 877,
            "repeat_count": 0,
            "start": 871,
            "end": 884,
            "text": ">> 133    linalg/sundials.cpp:1057:21: error: 'NV_COMM_P' was not declared in",
            "pre_context": "  >> 130    linalg/sundials.cpp:1056:61: error: 'MPI_SUM' was not declared in t\n            his scope\n     131     1056 |       MPI_Allreduce(&local_size, &global_size, 1, MPI_LONG,\n             MPI_SUM,\n     132          |\n             ^~~~~~~",
            "post_context": "             this scope\n     134     1057 |                     NV_COMM_P(y));\n     135          |                     ^~~~~~~~~\n  >> 136    linalg/sundials.cpp:1056:7: error: 'MPI_Allreduce' was not declared\n             in this scope\n     137     1056 |       MPI_Allreduce(&local_size, &global_size, 1, MPI_LONG,"
      },
      {
            "phase": "N/A",
            "source_file": [
                  null
            ],
            "source_line_no": 0,
            "line_no": 881,
            "repeat_count": 0,
            "start": 875,
            "end": 888,
            "text": ">> 136    linalg/sundials.cpp:1056:7: error: 'MPI_Allreduce' was not declared",
            "pre_context": "     132          |\n             ^~~~~~~\n  >> 133    linalg/sundials.cpp:1057:21: error: 'NV_COMM_P' was not declared in\n             this scope\n     134     1057 |                     NV_COMM_P(y));\n     135          |                     ^~~~~~~~~",
            "post_context": "             in this scope\n     137     1056 |       MPI_Allreduce(&local_size, &global_size, 1, MPI_LONG,\n             MPI_SUM,\n     138          |       ^~~~~~~~~~~~~\n  >> 139    make: *** [linalg/sundials.o] Error 1\n     140    make: *** Waiting for unfinished jobs...."
      },
      {
            "phase": "N/A",
            "source_file": [
                  null
            ],
            "source_line_no": 0,
            "line_no": 886,
            "repeat_count": 0,
            "start": 880,
            "end": 893,
            "text": ">> 139    make: *** [linalg/sundials.o] Error 1",
            "pre_context": "     135          |                     ^~~~~~~~~\n  >> 136    linalg/sundials.cpp:1056:7: error: 'MPI_Allreduce' was not declared\n             in this scope\n     137     1056 |       MPI_Allreduce(&local_size, &global_size, 1, MPI_LONG,\n             MPI_SUM,\n     138          |       ^~~~~~~~~~~~~",
            "post_context": "     140    make: *** Waiting for unfinished jobs....\n\nSee build log for details:\n  /var/tmp/koparasy/spack-stage/spack-stage-mfem-4.0.1-xsdk-waj3h6egtvol5l3suxvrlztxlknbt3px/spack-build-out.txt\n\nTraceback (most recent call last):"
      },
      {
            "phase": "N/A",
            "source_file": [
                  null
            ],
            "source_line_no": 0,
            "line_no": 807,
            "repeat_count": 0,
            "start": 801,
            "end": 814,
            "text": ">> 77    linalg/sundials.hpp:277:13: error: 'ARKodeSetMaxStep' was not declar",
            "pre_context": "           5.8.0-oi2pnw4hhfodd5ras7naqph5lnnkronw/include  -c linalg/densemat.c\n           pp -o linalg/densemat.o\n     74    In file included from linalg/linalg.hpp:32,\n     75                     from linalg/sparsemat.cpp:14:\n     76    linalg/sundials.hpp: In member function 'void mfem::ARKODESolver::Se\n           tMaxStep(double)':",
            "post_context": "           ed in this scope; did you mean 'CVodeSetMaxStep'?\n     78      277 |    { flag = ARKodeSetMaxStep(sundials_mem, dt_max); }\n     79          |             ^~~~~~~~~~~~~~~~\n     80          |             CVodeSetMaxStep\n  >> 81    make: *** [linalg/sparsemat.o] Error 1\n     82    make: *** Waiting for unfinished jobs...."
      },
      {
            "phase": "N/A",
            "source_file": [
                  null
            ],
            "source_line_no": 0,
            "line_no": 812,
            "repeat_count": 0,
            "start": 806,
            "end": 819,
            "text": ">> 81    make: *** [linalg/sparsemat.o] Error 1",
            "pre_context": "           tMaxStep(double)':\n  >> 77    linalg/sundials.hpp:277:13: error: 'ARKodeSetMaxStep' was not declar\n           ed in this scope; did you mean 'CVodeSetMaxStep'?\n     78      277 |    { flag = ARKodeSetMaxStep(sundials_mem, dt_max); }\n     79          |             ^~~~~~~~~~~~~~~~\n     80          |             CVodeSetMaxStep",
            "post_context": "     82    make: *** Waiting for unfinished jobs....\n\nSee build log for details:\n  /var/tmp/koparasy/spack-stage/spack-stage-mfem-3.3.2-ethnzdy2cchs2mlsjrw7nykcvkmnubuj/spack-build-out.txt\n\nTraceback (most recent call last):"
      },
      {
            "phase": "N/A",
            "source_file": [
                  null
            ],
            "source_line_no": 0,
            "line_no": 820,
            "repeat_count": 0,
            "start": 814,
            "end": 827,
            "text": ">> 79    linalg/sundials.hpp:277:13: error: 'ARKodeSetMaxStep' was not declar",
            "pre_context": "           broadwell/gcc-9.3.1/zlib-1.2.11-dtzzlwcy6jw7hjm7z2aip4eyed2rizzu/inc\n           lude  -c linalg/handle.cpp -o linalg/handle.o\n     76    In file included from linalg/linalg.hpp:33,\n     77                     from linalg/sparsemat.cpp:14:\n     78    linalg/sundials.hpp: In member function 'void mfem::ARKODESolver::Se\n           tMaxStep(double)':",
            "post_context": "           ed in this scope; did you mean 'CVodeSetMaxStep'?\n     80      277 |    { flag = ARKodeSetMaxStep(sundials_mem, dt_max); }\n     81          |             ^~~~~~~~~~~~~~~~\n     82          |             CVodeSetMaxStep\n  >> 83    make: *** [linalg/sparsemat.o] Error 1\n     84    make: *** Waiting for unfinished jobs...."
      },
      {
            "phase": "N/A",
            "source_file": [
                  null
            ],
            "source_line_no": 0,
            "line_no": 825,
            "repeat_count": 0,
            "start": 819,
            "end": 832,
            "text": ">> 83    make: *** [linalg/sparsemat.o] Error 1",
            "pre_context": "           tMaxStep(double)':\n  >> 79    linalg/sundials.hpp:277:13: error: 'ARKodeSetMaxStep' was not declar\n           ed in this scope; did you mean 'CVodeSetMaxStep'?\n     80      277 |    { flag = ARKodeSetMaxStep(sundials_mem, dt_max); }\n     81          |             ^~~~~~~~~~~~~~~~\n     82          |             CVodeSetMaxStep",
            "post_context": "     84    make: *** Waiting for unfinished jobs....\n\nSee build log for details:\n  /var/tmp/koparasy/spack-stage/spack-stage-mfem-3.4.1-laghos-v2.0-oly4gxsdfhzuwkroklu2hfwnpiyb5r3v/spack-build-out.txt\n\nTraceback (most recent call last):"
      },
      {
            "phase": "N/A",
            "source_file": [
                  null
            ],
            "source_line_no": 0,
            "line_no": 814,
            "repeat_count": 0,
            "start": 808,
            "end": 821,
            "text": ">> 77    linalg/sundials.hpp:277:13: error: 'ARKodeSetMaxStep' was not declar",
            "pre_context": "           5.8.0-cpb5vyiflloo5zxhc3tziondhdaxnixl/include  -c linalg/densemat.c\n           pp -o linalg/densemat.o\n     74    In file included from linalg/linalg.hpp:32,\n     75                     from linalg/sparsemat.cpp:14:\n     76    linalg/sundials.hpp: In member function 'void mfem::ARKODESolver::Se\n           tMaxStep(double)':",
            "post_context": "           ed in this scope; did you mean 'CVodeSetMaxStep'?\n     78      277 |    { flag = ARKodeSetMaxStep(sundials_mem, dt_max); }\n     79          |             ^~~~~~~~~~~~~~~~\n     80          |             CVodeSetMaxStep\n  >> 81    make: *** [linalg/sparsemat.o] Error 1\n     82    make: *** Waiting for unfinished jobs...."
      },
      {
            "phase": "N/A",
            "source_file": [
                  null
            ],
            "source_line_no": 0,
            "line_no": 819,
            "repeat_count": 0,
            "start": 813,
            "end": 826,
            "text": ">> 81    make: *** [linalg/sparsemat.o] Error 1",
            "pre_context": "           tMaxStep(double)':\n  >> 77    linalg/sundials.hpp:277:13: error: 'ARKodeSetMaxStep' was not declar\n           ed in this scope; did you mean 'CVodeSetMaxStep'?\n     78      277 |    { flag = ARKodeSetMaxStep(sundials_mem, dt_max); }\n     79          |             ^~~~~~~~~~~~~~~~\n     80          |             CVodeSetMaxStep",
            "post_context": "     82    make: *** Waiting for unfinished jobs....\n\nSee build log for details:\n  /var/tmp/koparasy/spack-stage/spack-stage-mfem-3.3.2-5d2ogwdtmxaagdpel5lxqtjke6m3hmpe/spack-build-out.txt\n\nTraceback (most recent call last):"
      },
      {
            "phase": "N/A",
            "source_file": [
                  null
            ],
            "source_line_no": 0,
            "line_no": 815,
            "repeat_count": 0,
            "start": 809,
            "end": 822,
            "text": ">> 77    linalg/sundials.hpp:277:13: error: 'ARKodeSetMaxStep' was not declar",
            "pre_context": "           5.8.0-jbz5wqhdyzczk5hq2wm65xsahbondvtq/include  -c linalg/densemat.c\n           pp -o linalg/densemat.o\n     74    In file included from linalg/linalg.hpp:32,\n     75                     from linalg/sparsemat.cpp:14:\n     76    linalg/sundials.hpp: In member function 'void mfem::ARKODESolver::Se\n           tMaxStep(double)':",
            "post_context": "           ed in this scope; did you mean 'CVodeSetMaxStep'?\n     78      277 |    { flag = ARKodeSetMaxStep(sundials_mem, dt_max); }\n     79          |             ^~~~~~~~~~~~~~~~\n     80          |             CVodeSetMaxStep\n  >> 81    make: *** [linalg/sparsemat.o] Error 1\n     82    make: *** Waiting for unfinished jobs...."
      },
      {
            "phase": "N/A",
            "source_file": [
                  null
            ],
            "source_line_no": 0,
            "line_no": 820,
            "repeat_count": 0,
            "start": 814,
            "end": 827,
            "text": ">> 81    make: *** [linalg/sparsemat.o] Error 1",
            "pre_context": "           tMaxStep(double)':\n  >> 77    linalg/sundials.hpp:277:13: error: 'ARKodeSetMaxStep' was not declar\n           ed in this scope; did you mean 'CVodeSetMaxStep'?\n     78      277 |    { flag = ARKodeSetMaxStep(sundials_mem, dt_max); }\n     79          |             ^~~~~~~~~~~~~~~~\n     80          |             CVodeSetMaxStep",
            "post_context": "     82    make: *** Waiting for unfinished jobs....\n\nSee build log for details:\n  /var/tmp/koparasy/spack-stage/spack-stage-mfem-3.3.2-cpdtw4rpvpstgp5xiyxokraomc245ful/spack-build-out.txt\n\nTraceback (most recent call last):"
      },
      {
            "phase": "N/A",
            "source_file": [
                  null
            ],
            "source_line_no": 0,
            "line_no": 821,
            "repeat_count": 0,
            "start": 815,
            "end": 828,
            "text": ">> 82    linalg/sundials.hpp:277:13: error: 'ARKodeSetMaxStep' was not declar",
            "pre_context": "           broadwell/gcc-9.3.1/zlib-1.2.11-dtzzlwcy6jw7hjm7z2aip4eyed2rizzu/inc\n           lude  -c linalg/blockoperator.cpp -o linalg/blockoperator.o\n     79    In file included from linalg/linalg.hpp:33,\n     80                     from linalg/sparsemat.cpp:14:\n     81    linalg/sundials.hpp: In member function 'void mfem::ARKODESolver::Se\n           tMaxStep(double)':",
            "post_context": "           ed in this scope; did you mean 'CVodeSetMaxStep'?\n     83      277 |    { flag = ARKodeSetMaxStep(sundials_mem, dt_max); }\n     84          |             ^~~~~~~~~~~~~~~~\n     85          |             CVodeSetMaxStep\n     86    /p/vast1/koparasy/BUILD/head/spack/lib/spack/env/gcc/g++   -O3 -I/p/\n           vast1/koparasy/BUILD/spack_cluster_installer/quartz/mfem/spack_env_d"
      },
      {
            "phase": "N/A",
            "source_file": [
                  null
            ],
            "source_line_no": 0,
            "line_no": 835,
            "repeat_count": 0,
            "start": 829,
            "end": 842,
            "text": ">> 87    make: *** [linalg/sparsemat.o] Error 1",
            "pre_context": "           zjtyenuynmy/include -I/p/vast1/koparasy/BUILD/spack_cluster_installe\n           r/quartz/mfem/spack_env_dir/linux-rhel7-broadwell/gcc-9.3.1/sundials\n           -5.8.0-lmvnwa3sbnwqtbo5kxiys2xt6mgrsbzc/include -I/p/vast1/koparasy/\n           BUILD/spack_cluster_installer/quartz/mfem/spack_env_dir/linux-rhel7-\n           broadwell/gcc-9.3.1/zlib-1.2.11-dtzzlwcy6jw7hjm7z2aip4eyed2rizzu/inc\n           lude  -c linalg/densemat.cpp -o linalg/densemat.o",
            "post_context": "     88    make: *** Waiting for unfinished jobs....\n\nSee build log for details:\n  /var/tmp/koparasy/spack-stage/spack-stage-mfem-3.4.0-tvosa4ikkyndbjlxqoeemoxecc5znnl7/spack-build-out.txt\n\nTraceback (most recent call last):"
      },
      {
            "phase": "N/A",
            "source_file": [
                  null
            ],
            "source_line_no": 0,
            "line_no": 852,
            "repeat_count": 0,
            "start": 846,
            "end": 859,
            "text": ">> 102    linalg/sundials.cpp:162:51: error: 'MPI_LONG' was not declared in t",
            "pre_context": "            p/vast1/koparasy/BUILD/spack_cluster_installer/quartz/mfem/spack_en\n            v_dir/linux-rhel7-broadwell/gcc-9.3.1/zlib-1.2.11-dtzzlwcy6jw7hjm7z\n            2aip4eyed2rizzu/include  -c linalg/hypre_parcsr.cpp -o linalg/hypre\n            _parcsr.o\n     101    linalg/sundials.cpp: In member function 'virtual void mfem::CVODESo\n            lver::Init(mfem::TimeDependentOperator&)':",
            "post_context": "            his scope\n     103      162 |       MPI_Allreduce(&local_size, &global_size, 1, MPI_LONG,\n             MPI_SUM,\n     104          |                                                   ^~~~~~~~\n  >> 105    linalg/sundials.cpp:162:61: error: 'MPI_SUM' was not declared in th\n            is scope"
      },
      {
            "phase": "N/A",
            "source_file": [
                  null
            ],
            "source_line_no": 0,
            "line_no": 857,
            "repeat_count": 0,
            "start": 851,
            "end": 864,
            "text": ">> 105    linalg/sundials.cpp:162:61: error: 'MPI_SUM' was not declared in th",
            "pre_context": "            lver::Init(mfem::TimeDependentOperator&)':\n  >> 102    linalg/sundials.cpp:162:51: error: 'MPI_LONG' was not declared in t\n            his scope\n     103      162 |       MPI_Allreduce(&local_size, &global_size, 1, MPI_LONG,\n             MPI_SUM,\n     104          |                                                   ^~~~~~~~",
            "post_context": "            is scope\n     106      162 |       MPI_Allreduce(&local_size, &global_size, 1, MPI_LONG,\n             MPI_SUM,\n     107          |\n             ^~~~~~~\n  >> 108    linalg/sundials.cpp:163:21: error: 'NV_COMM_P' was not declared in"
      },
      {
            "phase": "N/A",
            "source_file": [
                  null
            ],
            "source_line_no": 0,
            "line_no": 863,
            "repeat_count": 0,
            "start": 857,
            "end": 870,
            "text": ">> 108    linalg/sundials.cpp:163:21: error: 'NV_COMM_P' was not declared in",
            "pre_context": "  >> 105    linalg/sundials.cpp:162:61: error: 'MPI_SUM' was not declared in th\n            is scope\n     106      162 |       MPI_Allreduce(&local_size, &global_size, 1, MPI_LONG,\n             MPI_SUM,\n     107          |\n             ^~~~~~~",
            "post_context": "            this scope\n     109      163 |                     NV_COMM_P(y));\n     110          |                     ^~~~~~~~~\n  >> 111    linalg/sundials.cpp:162:7: error: 'MPI_Allreduce' was not declared\n            in this scope\n     112      162 |       MPI_Allreduce(&local_size, &global_size, 1, MPI_LONG,"
      },
      {
            "phase": "N/A",
            "source_file": [
                  null
            ],
            "source_line_no": 0,
            "line_no": 867,
            "repeat_count": 0,
            "start": 861,
            "end": 874,
            "text": ">> 111    linalg/sundials.cpp:162:7: error: 'MPI_Allreduce' was not declared",
            "pre_context": "     107          |\n             ^~~~~~~\n  >> 108    linalg/sundials.cpp:163:21: error: 'NV_COMM_P' was not declared in\n            this scope\n     109      163 |                     NV_COMM_P(y));\n     110          |                     ^~~~~~~~~",
            "post_context": "            in this scope\n     112      162 |       MPI_Allreduce(&local_size, &global_size, 1, MPI_LONG,\n             MPI_SUM,\n     113          |       ^~~~~~~~~~~~~\n     114    linalg/sundials.cpp: In member function 'virtual void mfem::ARKStep\n            Solver::Init(mfem::TimeDependentOperator&)':"
      },
      {
            "phase": "N/A",
            "source_file": [
                  null
            ],
            "source_line_no": 0,
            "line_no": 874,
            "repeat_count": 0,
            "start": 868,
            "end": 881,
            "text": ">> 115    linalg/sundials.cpp:572:51: error: 'MPI_LONG' was not declared in t",
            "pre_context": "            in this scope\n     112      162 |       MPI_Allreduce(&local_size, &global_size, 1, MPI_LONG,\n             MPI_SUM,\n     113          |       ^~~~~~~~~~~~~\n     114    linalg/sundials.cpp: In member function 'virtual void mfem::ARKStep\n            Solver::Init(mfem::TimeDependentOperator&)':",
            "post_context": "            his scope\n     116      572 |       MPI_Allreduce(&local_size, &global_size, 1, MPI_LONG,\n             MPI_SUM,\n     117          |                                                   ^~~~~~~~\n  >> 118    linalg/sundials.cpp:572:61: error: 'MPI_SUM' was not declared in th\n            is scope"
      },
      {
            "phase": "N/A",
            "source_file": [
                  null
            ],
            "source_line_no": 0,
            "line_no": 879,
            "repeat_count": 0,
            "start": 873,
            "end": 886,
            "text": ">> 118    linalg/sundials.cpp:572:61: error: 'MPI_SUM' was not declared in th",
            "pre_context": "            Solver::Init(mfem::TimeDependentOperator&)':\n  >> 115    linalg/sundials.cpp:572:51: error: 'MPI_LONG' was not declared in t\n            his scope\n     116      572 |       MPI_Allreduce(&local_size, &global_size, 1, MPI_LONG,\n             MPI_SUM,\n     117          |                                                   ^~~~~~~~",
            "post_context": "            is scope\n     119      572 |       MPI_Allreduce(&local_size, &global_size, 1, MPI_LONG,\n             MPI_SUM,\n     120          |\n             ^~~~~~~\n  >> 121    linalg/sundials.cpp:573:21: error: 'NV_COMM_P' was not declared in"
      },
      {
            "phase": "N/A",
            "source_file": [
                  null
            ],
            "source_line_no": 0,
            "line_no": 885,
            "repeat_count": 0,
            "start": 879,
            "end": 892,
            "text": ">> 121    linalg/sundials.cpp:573:21: error: 'NV_COMM_P' was not declared in",
            "pre_context": "  >> 118    linalg/sundials.cpp:572:61: error: 'MPI_SUM' was not declared in th\n            is scope\n     119      572 |       MPI_Allreduce(&local_size, &global_size, 1, MPI_LONG,\n             MPI_SUM,\n     120          |\n             ^~~~~~~",
            "post_context": "            this scope\n     122      573 |                     NV_COMM_P(y));\n     123          |                     ^~~~~~~~~\n  >> 124    linalg/sundials.cpp:572:7: error: 'MPI_Allreduce' was not declared\n            in this scope\n     125      572 |       MPI_Allreduce(&local_size, &global_size, 1, MPI_LONG,"
      },
      {
            "phase": "N/A",
            "source_file": [
                  null
            ],
            "source_line_no": 0,
            "line_no": 889,
            "repeat_count": 0,
            "start": 883,
            "end": 896,
            "text": ">> 124    linalg/sundials.cpp:572:7: error: 'MPI_Allreduce' was not declared",
            "pre_context": "     120          |\n             ^~~~~~~\n  >> 121    linalg/sundials.cpp:573:21: error: 'NV_COMM_P' was not declared in\n            this scope\n     122      573 |                     NV_COMM_P(y));\n     123          |                     ^~~~~~~~~",
            "post_context": "            in this scope\n     125      572 |       MPI_Allreduce(&local_size, &global_size, 1, MPI_LONG,\n             MPI_SUM,\n     126          |       ^~~~~~~~~~~~~\n     127    linalg/sundials.cpp: In member function 'virtual void mfem::KINSolv\n            er::SetOperator(const mfem::Operator&)':"
      },
      {
            "phase": "N/A",
            "source_file": [
                  null
            ],
            "source_line_no": 0,
            "line_no": 896,
            "repeat_count": 0,
            "start": 890,
            "end": 903,
            "text": ">> 128    linalg/sundials.cpp:1056:51: error: 'MPI_LONG' was not declared in",
            "pre_context": "            in this scope\n     125      572 |       MPI_Allreduce(&local_size, &global_size, 1, MPI_LONG,\n             MPI_SUM,\n     126          |       ^~~~~~~~~~~~~\n     127    linalg/sundials.cpp: In member function 'virtual void mfem::KINSolv\n            er::SetOperator(const mfem::Operator&)':",
            "post_context": "            this scope\n     129     1056 |       MPI_Allreduce(&local_size, &global_size, 1, MPI_LONG,\n             MPI_SUM,\n     130          |                                                   ^~~~~~~~\n  >> 131    linalg/sundials.cpp:1056:61: error: 'MPI_SUM' was not declared in t\n            his scope"
      },
      {
            "phase": "N/A",
            "source_file": [
                  null
            ],
            "source_line_no": 0,
            "line_no": 901,
            "repeat_count": 0,
            "start": 895,
            "end": 908,
            "text": ">> 131    linalg/sundials.cpp:1056:61: error: 'MPI_SUM' was not declared in t",
            "pre_context": "            er::SetOperator(const mfem::Operator&)':\n  >> 128    linalg/sundials.cpp:1056:51: error: 'MPI_LONG' was not declared in\n            this scope\n     129     1056 |       MPI_Allreduce(&local_size, &global_size, 1, MPI_LONG,\n             MPI_SUM,\n     130          |                                                   ^~~~~~~~",
            "post_context": "            his scope\n     132     1056 |       MPI_Allreduce(&local_size, &global_size, 1, MPI_LONG,\n             MPI_SUM,\n     133          |\n             ^~~~~~~\n  >> 134    linalg/sundials.cpp:1057:21: error: 'NV_COMM_P' was not declared in"
      },
      {
            "phase": "N/A",
            "source_file": [
                  null
            ],
            "source_line_no": 0,
            "line_no": 907,
            "repeat_count": 0,
            "start": 901,
            "end": 914,
            "text": ">> 134    linalg/sundials.cpp:1057:21: error: 'NV_COMM_P' was not declared in",
            "pre_context": "  >> 131    linalg/sundials.cpp:1056:61: error: 'MPI_SUM' was not declared in t\n            his scope\n     132     1056 |       MPI_Allreduce(&local_size, &global_size, 1, MPI_LONG,\n             MPI_SUM,\n     133          |\n             ^~~~~~~",
            "post_context": "             this scope\n     135     1057 |                     NV_COMM_P(y));\n     136          |                     ^~~~~~~~~\n  >> 137    linalg/sundials.cpp:1056:7: error: 'MPI_Allreduce' was not declared\n             in this scope\n     138     1056 |       MPI_Allreduce(&local_size, &global_size, 1, MPI_LONG,"
      },
      {
            "phase": "N/A",
            "source_file": [
                  null
            ],
            "source_line_no": 0,
            "line_no": 911,
            "repeat_count": 0,
            "start": 905,
            "end": 918,
            "text": ">> 137    linalg/sundials.cpp:1056:7: error: 'MPI_Allreduce' was not declared",
            "pre_context": "     133          |\n             ^~~~~~~\n  >> 134    linalg/sundials.cpp:1057:21: error: 'NV_COMM_P' was not declared in\n             this scope\n     135     1057 |                     NV_COMM_P(y));\n     136          |                     ^~~~~~~~~",
            "post_context": "             in this scope\n     138     1056 |       MPI_Allreduce(&local_size, &global_size, 1, MPI_LONG,\n             MPI_SUM,\n     139          |       ^~~~~~~~~~~~~\n  >> 140    make: *** [linalg/sundials.o] Error 1\n     141    make: *** Waiting for unfinished jobs...."
      },
      {
            "phase": "N/A",
            "source_file": [
                  null
            ],
            "source_line_no": 0,
            "line_no": 916,
            "repeat_count": 0,
            "start": 910,
            "end": 923,
            "text": ">> 140    make: *** [linalg/sundials.o] Error 1",
            "pre_context": "     136          |                     ^~~~~~~~~\n  >> 137    linalg/sundials.cpp:1056:7: error: 'MPI_Allreduce' was not declared\n             in this scope\n     138     1056 |       MPI_Allreduce(&local_size, &global_size, 1, MPI_LONG,\n             MPI_SUM,\n     139          |       ^~~~~~~~~~~~~",
            "post_context": "     141    make: *** Waiting for unfinished jobs....\n\nSee build log for details:\n  /var/tmp/koparasy/spack-stage/spack-stage-mfem-4.0.1-xsdk-ejx7nzfloziqqqckjuznauo43v6mvhxp/spack-build-out.txt\n\nTraceback (most recent call last):"
      },
      {
            "phase": "N/A",
            "source_file": [
                  null
            ],
            "source_line_no": 0,
            "line_no": 811,
            "repeat_count": 0,
            "start": 805,
            "end": 818,
            "text": ">> 77    linalg/sundials.hpp:277:13: error: 'ARKodeSetMaxStep' was not declar",
            "pre_context": "           5.8.0-jbz5wqhdyzczk5hq2wm65xsahbondvtq/include  -c linalg/densemat.c\n           pp -o linalg/densemat.o\n     74    In file included from linalg/linalg.hpp:32,\n     75                     from linalg/sparsemat.cpp:14:\n     76    linalg/sundials.hpp: In member function 'void mfem::ARKODESolver::Se\n           tMaxStep(double)':",
            "post_context": "           ed in this scope; did you mean 'CVodeSetMaxStep'?\n     78      277 |    { flag = ARKodeSetMaxStep(sundials_mem, dt_max); }\n     79          |             ^~~~~~~~~~~~~~~~\n     80          |             CVodeSetMaxStep\n     81    /p/vast1/koparasy/BUILD/head/spack/lib/spack/env/gcc/g++  -O3 -I/p/v\n           ast1/koparasy/BUILD/spack_cluster_installer/quartz/mfem/spack_env_di"
      },
      {
            "phase": "N/A",
            "source_file": [
                  null
            ],
            "source_line_no": 0,
            "line_no": 823,
            "repeat_count": 0,
            "start": 817,
            "end": 830,
            "text": ">> 82    make: *** [linalg/sparsemat.o] Error 1",
            "pre_context": "           ast1/koparasy/BUILD/spack_cluster_installer/quartz/mfem/spack_env_di\n           r/linux-rhel7-broadwell/gcc-9.3.1/metis-5.1.0-elboq6eq4uxfsqwg2a2mrz\n           jtyenuynmy/include -I/p/vast1/koparasy/BUILD/spack_cluster_installer\n           /quartz/mfem/spack_env_dir/linux-rhel7-broadwell/gcc-9.3.1/sundials-\n           5.8.0-jbz5wqhdyzczk5hq2wm65xsahbondvtq/include  -c linalg/strumpack.\n           cpp -o linalg/strumpack.o",
            "post_context": "     83    make: *** Waiting for unfinished jobs....\n\nSee build log for details:\n  /var/tmp/koparasy/spack-stage/spack-stage-mfem-3.3.2-i6md2cq7nu64nyazipszxmsuqvdtcdwa/spack-build-out.txt\n\nTraceback (most recent call last):"
      },
      {
            "phase": "N/A",
            "source_file": [
                  null
            ],
            "source_line_no": 0,
            "line_no": 813,
            "repeat_count": 0,
            "start": 807,
            "end": 820,
            "text": ">> 79    linalg/sundials.hpp:277:13: error: 'ARKodeSetMaxStep' was not declar",
            "pre_context": "           broadwell/gcc-9.3.1/zlib-1.2.11-dtzzlwcy6jw7hjm7z2aip4eyed2rizzu/inc\n           lude  -c linalg/handle.cpp -o linalg/handle.o\n     76    In file included from linalg/linalg.hpp:33,\n     77                     from linalg/sparsemat.cpp:14:\n     78    linalg/sundials.hpp: In member function 'void mfem::ARKODESolver::Se\n           tMaxStep(double)':",
            "post_context": "           ed in this scope; did you mean 'CVodeSetMaxStep'?\n     80      277 |    { flag = ARKodeSetMaxStep(sundials_mem, dt_max); }\n     81          |             ^~~~~~~~~~~~~~~~\n     82          |             CVodeSetMaxStep\n  >> 83    make: *** [linalg/sparsemat.o] Error 1\n     84    make: *** Waiting for unfinished jobs...."
      },
      {
            "phase": "N/A",
            "source_file": [
                  null
            ],
            "source_line_no": 0,
            "line_no": 818,
            "repeat_count": 0,
            "start": 812,
            "end": 825,
            "text": ">> 83    make: *** [linalg/sparsemat.o] Error 1",
            "pre_context": "           tMaxStep(double)':\n  >> 79    linalg/sundials.hpp:277:13: error: 'ARKodeSetMaxStep' was not declar\n           ed in this scope; did you mean 'CVodeSetMaxStep'?\n     80      277 |    { flag = ARKodeSetMaxStep(sundials_mem, dt_max); }\n     81          |             ^~~~~~~~~~~~~~~~\n     82          |             CVodeSetMaxStep",
            "post_context": "     84    make: *** Waiting for unfinished jobs....\n\nSee build log for details:\n  /var/tmp/koparasy/spack-stage/spack-stage-mfem-3.4.1-laghos-v2.0-54k2nfmiivx63kpfi2vit42oaa7mqiys/spack-build-out.txt\n\nTraceback (most recent call last):"
      },
      {
            "phase": "N/A",
            "source_file": [
                  null
            ],
            "source_line_no": 0,
            "line_no": 815,
            "repeat_count": 0,
            "start": 809,
            "end": 822,
            "text": ">> 79    linalg/sundials.hpp:277:13: error: 'ARKodeSetMaxStep' was not declar",
            "pre_context": "           broadwell/gcc-9.3.1/zlib-1.2.11-dtzzlwcy6jw7hjm7z2aip4eyed2rizzu/inc\n           lude  -c linalg/handle.cpp -o linalg/handle.o\n     76    In file included from linalg/linalg.hpp:33,\n     77                     from linalg/sparsemat.cpp:14:\n     78    linalg/sundials.hpp: In member function 'void mfem::ARKODESolver::Se\n           tMaxStep(double)':",
            "post_context": "           ed in this scope; did you mean 'CVodeSetMaxStep'?\n     80      277 |    { flag = ARKodeSetMaxStep(sundials_mem, dt_max); }\n     81          |             ^~~~~~~~~~~~~~~~\n     82          |             CVodeSetMaxStep\n  >> 83    make: *** [linalg/sparsemat.o] Error 1\n     84    make: *** Waiting for unfinished jobs...."
      },
      {
            "phase": "N/A",
            "source_file": [
                  null
            ],
            "source_line_no": 0,
            "line_no": 820,
            "repeat_count": 0,
            "start": 814,
            "end": 827,
            "text": ">> 83    make: *** [linalg/sparsemat.o] Error 1",
            "pre_context": "           tMaxStep(double)':\n  >> 79    linalg/sundials.hpp:277:13: error: 'ARKodeSetMaxStep' was not declar\n           ed in this scope; did you mean 'CVodeSetMaxStep'?\n     80      277 |    { flag = ARKodeSetMaxStep(sundials_mem, dt_max); }\n     81          |             ^~~~~~~~~~~~~~~~\n     82          |             CVodeSetMaxStep",
            "post_context": "     84    make: *** Waiting for unfinished jobs....\n\nSee build log for details:\n  /var/tmp/koparasy/spack-stage/spack-stage-mfem-3.4.1-laghos-v2.0-h4ty3ckhh3ljegoxd3nb7p4oucp72qog/spack-build-out.txt\n\nTraceback (most recent call last):"
      },
      {
            "phase": "N/A",
            "source_file": [
                  null
            ],
            "source_line_no": 0,
            "line_no": 809,
            "repeat_count": 0,
            "start": 803,
            "end": 816,
            "text": ">> 77    linalg/sundials.hpp:277:13: error: 'ARKodeSetMaxStep' was not declar",
            "pre_context": "           5.8.0-n2heg63y6vyc7uphssayswdbxmexx4je/include  -c linalg/densemat.c\n           pp -o linalg/densemat.o\n     74    In file included from linalg/linalg.hpp:32,\n     75                     from linalg/sparsemat.cpp:14:\n     76    linalg/sundials.hpp: In member function 'void mfem::ARKODESolver::Se\n           tMaxStep(double)':",
            "post_context": "           ed in this scope; did you mean 'CVodeSetMaxStep'?\n     78      277 |    { flag = ARKodeSetMaxStep(sundials_mem, dt_max); }\n     79          |             ^~~~~~~~~~~~~~~~\n     80          |             CVodeSetMaxStep\n  >> 81    make: *** [linalg/sparsemat.o] Error 1\n     82    make: *** Waiting for unfinished jobs...."
      },
      {
            "phase": "N/A",
            "source_file": [
                  null
            ],
            "source_line_no": 0,
            "line_no": 814,
            "repeat_count": 0,
            "start": 808,
            "end": 821,
            "text": ">> 81    make: *** [linalg/sparsemat.o] Error 1",
            "pre_context": "           tMaxStep(double)':\n  >> 77    linalg/sundials.hpp:277:13: error: 'ARKodeSetMaxStep' was not declar\n           ed in this scope; did you mean 'CVodeSetMaxStep'?\n     78      277 |    { flag = ARKodeSetMaxStep(sundials_mem, dt_max); }\n     79          |             ^~~~~~~~~~~~~~~~\n     80          |             CVodeSetMaxStep",
            "post_context": "     82    make: *** Waiting for unfinished jobs....\n\nSee build log for details:\n  /var/tmp/koparasy/spack-stage/spack-stage-mfem-3.3.2-df3jfmodjesedabarrp4finvgulalmzi/spack-build-out.txt\n\nTraceback (most recent call last):"
      },
      {
            "phase": "N/A",
            "source_file": [
                  null
            ],
            "source_line_no": 0,
            "line_no": 823,
            "repeat_count": 0,
            "start": 817,
            "end": 830,
            "text": ">> 79    linalg/sundials.hpp:277:13: error: 'ARKodeSetMaxStep' was not declar",
            "pre_context": "           broadwell/gcc-9.3.1/zlib-1.2.11-dtzzlwcy6jw7hjm7z2aip4eyed2rizzu/inc\n           lude  -c linalg/handle.cpp -o linalg/handle.o\n     76    In file included from linalg/linalg.hpp:33,\n     77                     from linalg/sparsemat.cpp:14:\n     78    linalg/sundials.hpp: In member function 'void mfem::ARKODESolver::Se\n           tMaxStep(double)':",
            "post_context": "           ed in this scope; did you mean 'CVodeSetMaxStep'?\n     80      277 |    { flag = ARKodeSetMaxStep(sundials_mem, dt_max); }\n     81          |             ^~~~~~~~~~~~~~~~\n     82          |             CVodeSetMaxStep\n     83    /p/vast1/koparasy/BUILD/head/spack/lib/spack/env/gcc/g++   -O3 -I/p/\n           vast1/koparasy/BUILD/spack_cluster_installer/quartz/mfem/spack_env_d"
      },
      {
            "phase": "N/A",
            "source_file": [
                  null
            ],
            "source_line_no": 0,
            "line_no": 837,
            "repeat_count": 0,
            "start": 831,
            "end": 844,
            "text": ">> 84    make: *** [linalg/sparsemat.o] Error 1",
            "pre_context": "           ohqgzyrtqou/include -I/p/vast1/koparasy/BUILD/spack_cluster_installe\n           r/quartz/mfem/spack_env_dir/linux-rhel7-broadwell/gcc-9.3.1/sundials\n           -5.8.0-lmvnwa3sbnwqtbo5kxiys2xt6mgrsbzc/include -I/p/vast1/koparasy/\n           BUILD/spack_cluster_installer/quartz/mfem/spack_env_dir/linux-rhel7-\n           broadwell/gcc-9.3.1/zlib-1.2.11-dtzzlwcy6jw7hjm7z2aip4eyed2rizzu/inc\n           lude  -c linalg/blockoperator.cpp -o linalg/blockoperator.o",
            "post_context": "     85    make: *** Waiting for unfinished jobs....\n\nSee build log for details:\n  /var/tmp/koparasy/spack-stage/spack-stage-mfem-3.4.1-laghos-v2.0-qm7nj6bvzhdagennzxshjukuv266yef4/spack-build-out.txt\n\nTraceback (most recent call last):"
      },
      {
            "phase": "N/A",
            "source_file": [
                  null
            ],
            "source_line_no": 0,
            "line_no": 826,
            "repeat_count": 0,
            "start": 820,
            "end": 833,
            "text": ">> 77    linalg/sundials.hpp:277:13: error: 'ARKodeSetMaxStep' was not declar",
            "pre_context": "           5.8.0-tno7w7ih5d6wt2rzcikx5hr3zy2idisn/include  -c linalg/densemat.c\n           pp -o linalg/densemat.o\n     74    In file included from linalg/linalg.hpp:32,\n     75                     from linalg/sparsemat.cpp:14:\n     76    linalg/sundials.hpp: In member function 'void mfem::ARKODESolver::Se\n           tMaxStep(double)':",
            "post_context": "           ed in this scope; did you mean 'CVodeSetMaxStep'?\n     78      277 |    { flag = ARKodeSetMaxStep(sundials_mem, dt_max); }\n     79          |             ^~~~~~~~~~~~~~~~\n     80          |             CVodeSetMaxStep\n  >> 81    make: *** [linalg/sparsemat.o] Error 1\n     82    make: *** Waiting for unfinished jobs...."
      },
      {
            "phase": "N/A",
            "source_file": [
                  null
            ],
            "source_line_no": 0,
            "line_no": 831,
            "repeat_count": 0,
            "start": 825,
            "end": 838,
            "text": ">> 81    make: *** [linalg/sparsemat.o] Error 1",
            "pre_context": "           tMaxStep(double)':\n  >> 77    linalg/sundials.hpp:277:13: error: 'ARKodeSetMaxStep' was not declar\n           ed in this scope; did you mean 'CVodeSetMaxStep'?\n     78      277 |    { flag = ARKodeSetMaxStep(sundials_mem, dt_max); }\n     79          |             ^~~~~~~~~~~~~~~~\n     80          |             CVodeSetMaxStep",
            "post_context": "     82    make: *** Waiting for unfinished jobs....\n\nSee build log for details:\n  /var/tmp/koparasy/spack-stage/spack-stage-mfem-3.3.2-aysuzqmhgbxtkazecpjuwmm5em5uqqri/spack-build-out.txt\n\nTraceback (most recent call last):"
      },
      {
            "phase": "N/A",
            "source_file": [
                  null
            ],
            "source_line_no": 0,
            "line_no": 837,
            "repeat_count": 0,
            "start": 831,
            "end": 844,
            "text": ">> 81    linalg/sundials.hpp:277:13: error: 'ARKodeSetMaxStep' was not declar",
            "pre_context": "           broadwell/gcc-9.3.1/zlib-1.2.11-dtzzlwcy6jw7hjm7z2aip4eyed2rizzu/inc\n           lude  -c linalg/hypre_parcsr.cpp -o linalg/hypre_parcsr.o\n     78    In file included from linalg/linalg.hpp:33,\n     79                     from linalg/sparsemat.cpp:14:\n     80    linalg/sundials.hpp: In member function 'void mfem::ARKODESolver::Se\n           tMaxStep(double)':",
            "post_context": "           ed in this scope; did you mean 'CVodeSetMaxStep'?\n     82      277 |    { flag = ARKodeSetMaxStep(sundials_mem, dt_max); }\n     83          |             ^~~~~~~~~~~~~~~~\n     84          |             CVodeSetMaxStep\n     85    /p/vast1/koparasy/BUILD/head/spack/lib/spack/env/gcc/g++   -O3 -I/p/\n           vast1/koparasy/BUILD/spack_cluster_installer/quartz/mfem/spack_env_d"
      },
      {
            "phase": "N/A",
            "source_file": [
                  null
            ],
            "source_line_no": 0,
            "line_no": 851,
            "repeat_count": 0,
            "start": 845,
            "end": 858,
            "text": ">> 86    make: *** [linalg/sparsemat.o] Error 1",
            "pre_context": "           zjtyenuynmy/include -I/p/vast1/koparasy/BUILD/spack_cluster_installe\n           r/quartz/mfem/spack_env_dir/linux-rhel7-broadwell/gcc-9.3.1/sundials\n           -5.8.0-jbz5wqhdyzczk5hq2wm65xsahbondvtq/include -I/p/vast1/koparasy/\n           BUILD/spack_cluster_installer/quartz/mfem/spack_env_dir/linux-rhel7-\n           broadwell/gcc-9.3.1/zlib-1.2.11-dtzzlwcy6jw7hjm7z2aip4eyed2rizzu/inc\n           lude  -c linalg/blockoperator.cpp -o linalg/blockoperator.o",
            "post_context": "     87    make: *** Waiting for unfinished jobs....\n\nSee build log for details:\n  /var/tmp/koparasy/spack-stage/spack-stage-mfem-3.4.0-d7ypbli5pjjpcfdxgigptwmgq37adgri/spack-build-out.txt\n\nTraceback (most recent call last):"
      },
      {
            "phase": "N/A",
            "source_file": [
                  null
            ],
            "source_line_no": 0,
            "line_no": 824,
            "repeat_count": 0,
            "start": 818,
            "end": 831,
            "text": ">> 77    linalg/sundials.hpp:277:13: error: 'ARKodeSetMaxStep' was not declar",
            "pre_context": "           5.8.0-lmvnwa3sbnwqtbo5kxiys2xt6mgrsbzc/include  -c linalg/densemat.c\n           pp -o linalg/densemat.o\n     74    In file included from linalg/linalg.hpp:32,\n     75                     from linalg/sparsemat.cpp:14:\n     76    linalg/sundials.hpp: In member function 'void mfem::ARKODESolver::Se\n           tMaxStep(double)':",
            "post_context": "           ed in this scope; did you mean 'CVodeSetMaxStep'?\n     78      277 |    { flag = ARKodeSetMaxStep(sundials_mem, dt_max); }\n     79          |             ^~~~~~~~~~~~~~~~\n     80          |             CVodeSetMaxStep\n  >> 81    make: *** [linalg/sparsemat.o] Error 1\n     82    make: *** Waiting for unfinished jobs...."
      },
      {
            "phase": "N/A",
            "source_file": [
                  null
            ],
            "source_line_no": 0,
            "line_no": 829,
            "repeat_count": 0,
            "start": 823,
            "end": 836,
            "text": ">> 81    make: *** [linalg/sparsemat.o] Error 1",
            "pre_context": "           tMaxStep(double)':\n  >> 77    linalg/sundials.hpp:277:13: error: 'ARKodeSetMaxStep' was not declar\n           ed in this scope; did you mean 'CVodeSetMaxStep'?\n     78      277 |    { flag = ARKodeSetMaxStep(sundials_mem, dt_max); }\n     79          |             ^~~~~~~~~~~~~~~~\n     80          |             CVodeSetMaxStep",
            "post_context": "     82    make: *** Waiting for unfinished jobs....\n\nSee build log for details:\n  /var/tmp/koparasy/spack-stage/spack-stage-mfem-3.3.2-vq5bbwpfckmn5m6lel7swlklkq2w2nct/spack-build-out.txt\n\nTraceback (most recent call last):"
      },
      {
            "phase": "N/A",
            "source_file": [
                  null
            ],
            "source_line_no": 0,
            "line_no": 825,
            "repeat_count": 0,
            "start": 819,
            "end": 832,
            "text": ">> 77    linalg/sundials.hpp:277:13: error: 'ARKodeSetMaxStep' was not declar",
            "pre_context": "           5.8.0-eb46af42jx6tyhhwx5mduvx6dutdujft/include  -c linalg/densemat.c\n           pp -o linalg/densemat.o\n     74    In file included from linalg/linalg.hpp:32,\n     75                     from linalg/sparsemat.cpp:14:\n     76    linalg/sundials.hpp: In member function 'void mfem::ARKODESolver::Se\n           tMaxStep(double)':",
            "post_context": "           ed in this scope; did you mean 'CVodeSetMaxStep'?\n     78      277 |    { flag = ARKodeSetMaxStep(sundials_mem, dt_max); }\n     79          |             ^~~~~~~~~~~~~~~~\n     80          |             CVodeSetMaxStep\n  >> 81    make: *** [linalg/sparsemat.o] Error 1\n     82    make: *** Waiting for unfinished jobs...."
      },
      {
            "phase": "N/A",
            "source_file": [
                  null
            ],
            "source_line_no": 0,
            "line_no": 830,
            "repeat_count": 0,
            "start": 824,
            "end": 837,
            "text": ">> 81    make: *** [linalg/sparsemat.o] Error 1",
            "pre_context": "           tMaxStep(double)':\n  >> 77    linalg/sundials.hpp:277:13: error: 'ARKodeSetMaxStep' was not declar\n           ed in this scope; did you mean 'CVodeSetMaxStep'?\n     78      277 |    { flag = ARKodeSetMaxStep(sundials_mem, dt_max); }\n     79          |             ^~~~~~~~~~~~~~~~\n     80          |             CVodeSetMaxStep",
            "post_context": "     82    make: *** Waiting for unfinished jobs....\n\nSee build log for details:\n  /var/tmp/koparasy/spack-stage/spack-stage-mfem-3.3.2-h4wwalhbh33fsvtleidsjm3scx4wvh34/spack-build-out.txt\n\nTraceback (most recent call last):"
      },
      {
            "phase": "N/A",
            "source_file": [
                  null
            ],
            "source_line_no": 0,
            "line_no": 845,
            "repeat_count": 0,
            "start": 839,
            "end": 852,
            "text": ">> 102    linalg/sundials.cpp:162:51: error: 'MPI_LONG' was not declared in t",
            "pre_context": "            p/vast1/koparasy/BUILD/spack_cluster_installer/quartz/mfem/spack_en\n            v_dir/linux-rhel7-broadwell/gcc-9.3.1/zlib-1.2.11-dtzzlwcy6jw7hjm7z\n            2aip4eyed2rizzu/include  -c linalg/hypre_parcsr.cpp -o linalg/hypre\n            _parcsr.o\n     101    linalg/sundials.cpp: In member function 'virtual void mfem::CVODESo\n            lver::Init(mfem::TimeDependentOperator&)':",
            "post_context": "            his scope\n     103      162 |       MPI_Allreduce(&local_size, &global_size, 1, MPI_LONG,\n             MPI_SUM,\n     104          |                                                   ^~~~~~~~\n  >> 105    linalg/sundials.cpp:162:61: error: 'MPI_SUM' was not declared in th\n            is scope"
      },
      {
            "phase": "N/A",
            "source_file": [
                  null
            ],
            "source_line_no": 0,
            "line_no": 850,
            "repeat_count": 0,
            "start": 844,
            "end": 857,
            "text": ">> 105    linalg/sundials.cpp:162:61: error: 'MPI_SUM' was not declared in th",
            "pre_context": "            lver::Init(mfem::TimeDependentOperator&)':\n  >> 102    linalg/sundials.cpp:162:51: error: 'MPI_LONG' was not declared in t\n            his scope\n     103      162 |       MPI_Allreduce(&local_size, &global_size, 1, MPI_LONG,\n             MPI_SUM,\n     104          |                                                   ^~~~~~~~",
            "post_context": "            is scope\n     106      162 |       MPI_Allreduce(&local_size, &global_size, 1, MPI_LONG,\n             MPI_SUM,\n     107          |\n             ^~~~~~~\n  >> 108    linalg/sundials.cpp:163:21: error: 'NV_COMM_P' was not declared in"
      },
      {
            "phase": "N/A",
            "source_file": [
                  null
            ],
            "source_line_no": 0,
            "line_no": 856,
            "repeat_count": 0,
            "start": 850,
            "end": 863,
            "text": ">> 108    linalg/sundials.cpp:163:21: error: 'NV_COMM_P' was not declared in",
            "pre_context": "  >> 105    linalg/sundials.cpp:162:61: error: 'MPI_SUM' was not declared in th\n            is scope\n     106      162 |       MPI_Allreduce(&local_size, &global_size, 1, MPI_LONG,\n             MPI_SUM,\n     107          |\n             ^~~~~~~",
            "post_context": "            this scope\n     109      163 |                     NV_COMM_P(y));\n     110          |                     ^~~~~~~~~\n  >> 111    linalg/sundials.cpp:162:7: error: 'MPI_Allreduce' was not declared\n            in this scope\n     112      162 |       MPI_Allreduce(&local_size, &global_size, 1, MPI_LONG,"
      },
      {
            "phase": "N/A",
            "source_file": [
                  null
            ],
            "source_line_no": 0,
            "line_no": 860,
            "repeat_count": 0,
            "start": 854,
            "end": 867,
            "text": ">> 111    linalg/sundials.cpp:162:7: error: 'MPI_Allreduce' was not declared",
            "pre_context": "     107          |\n             ^~~~~~~\n  >> 108    linalg/sundials.cpp:163:21: error: 'NV_COMM_P' was not declared in\n            this scope\n     109      163 |                     NV_COMM_P(y));\n     110          |                     ^~~~~~~~~",
            "post_context": "            in this scope\n     112      162 |       MPI_Allreduce(&local_size, &global_size, 1, MPI_LONG,\n             MPI_SUM,\n     113          |       ^~~~~~~~~~~~~\n     114    linalg/sundials.cpp: In member function 'virtual void mfem::ARKStep\n            Solver::Init(mfem::TimeDependentOperator&)':"
      },
      {
            "phase": "N/A",
            "source_file": [
                  null
            ],
            "source_line_no": 0,
            "line_no": 867,
            "repeat_count": 0,
            "start": 861,
            "end": 874,
            "text": ">> 115    linalg/sundials.cpp:572:51: error: 'MPI_LONG' was not declared in t",
            "pre_context": "            in this scope\n     112      162 |       MPI_Allreduce(&local_size, &global_size, 1, MPI_LONG,\n             MPI_SUM,\n     113          |       ^~~~~~~~~~~~~\n     114    linalg/sundials.cpp: In member function 'virtual void mfem::ARKStep\n            Solver::Init(mfem::TimeDependentOperator&)':",
            "post_context": "            his scope\n     116      572 |       MPI_Allreduce(&local_size, &global_size, 1, MPI_LONG,\n             MPI_SUM,\n     117          |                                                   ^~~~~~~~\n  >> 118    linalg/sundials.cpp:572:61: error: 'MPI_SUM' was not declared in th\n            is scope"
      },
      {
            "phase": "N/A",
            "source_file": [
                  null
            ],
            "source_line_no": 0,
            "line_no": 872,
            "repeat_count": 0,
            "start": 866,
            "end": 879,
            "text": ">> 118    linalg/sundials.cpp:572:61: error: 'MPI_SUM' was not declared in th",
            "pre_context": "            Solver::Init(mfem::TimeDependentOperator&)':\n  >> 115    linalg/sundials.cpp:572:51: error: 'MPI_LONG' was not declared in t\n            his scope\n     116      572 |       MPI_Allreduce(&local_size, &global_size, 1, MPI_LONG,\n             MPI_SUM,\n     117          |                                                   ^~~~~~~~",
            "post_context": "            is scope\n     119      572 |       MPI_Allreduce(&local_size, &global_size, 1, MPI_LONG,\n             MPI_SUM,\n     120          |\n             ^~~~~~~\n  >> 121    linalg/sundials.cpp:573:21: error: 'NV_COMM_P' was not declared in"
      },
      {
            "phase": "N/A",
            "source_file": [
                  null
            ],
            "source_line_no": 0,
            "line_no": 878,
            "repeat_count": 0,
            "start": 872,
            "end": 885,
            "text": ">> 121    linalg/sundials.cpp:573:21: error: 'NV_COMM_P' was not declared in",
            "pre_context": "  >> 118    linalg/sundials.cpp:572:61: error: 'MPI_SUM' was not declared in th\n            is scope\n     119      572 |       MPI_Allreduce(&local_size, &global_size, 1, MPI_LONG,\n             MPI_SUM,\n     120          |\n             ^~~~~~~",
            "post_context": "            this scope\n     122      573 |                     NV_COMM_P(y));\n     123          |                     ^~~~~~~~~\n  >> 124    linalg/sundials.cpp:572:7: error: 'MPI_Allreduce' was not declared\n            in this scope\n     125      572 |       MPI_Allreduce(&local_size, &global_size, 1, MPI_LONG,"
      },
      {
            "phase": "N/A",
            "source_file": [
                  null
            ],
            "source_line_no": 0,
            "line_no": 882,
            "repeat_count": 0,
            "start": 876,
            "end": 889,
            "text": ">> 124    linalg/sundials.cpp:572:7: error: 'MPI_Allreduce' was not declared",
            "pre_context": "     120          |\n             ^~~~~~~\n  >> 121    linalg/sundials.cpp:573:21: error: 'NV_COMM_P' was not declared in\n            this scope\n     122      573 |                     NV_COMM_P(y));\n     123          |                     ^~~~~~~~~",
            "post_context": "            in this scope\n     125      572 |       MPI_Allreduce(&local_size, &global_size, 1, MPI_LONG,\n             MPI_SUM,\n     126          |       ^~~~~~~~~~~~~\n     127    linalg/sundials.cpp: In member function 'virtual void mfem::KINSolv\n            er::SetOperator(const mfem::Operator&)':"
      },
      {
            "phase": "N/A",
            "source_file": [
                  null
            ],
            "source_line_no": 0,
            "line_no": 889,
            "repeat_count": 0,
            "start": 883,
            "end": 896,
            "text": ">> 128    linalg/sundials.cpp:1056:51: error: 'MPI_LONG' was not declared in",
            "pre_context": "            in this scope\n     125      572 |       MPI_Allreduce(&local_size, &global_size, 1, MPI_LONG,\n             MPI_SUM,\n     126          |       ^~~~~~~~~~~~~\n     127    linalg/sundials.cpp: In member function 'virtual void mfem::KINSolv\n            er::SetOperator(const mfem::Operator&)':",
            "post_context": "            this scope\n     129     1056 |       MPI_Allreduce(&local_size, &global_size, 1, MPI_LONG,\n             MPI_SUM,\n     130          |                                                   ^~~~~~~~\n  >> 131    linalg/sundials.cpp:1056:61: error: 'MPI_SUM' was not declared in t\n            his scope"
      },
      {
            "phase": "N/A",
            "source_file": [
                  null
            ],
            "source_line_no": 0,
            "line_no": 894,
            "repeat_count": 0,
            "start": 888,
            "end": 901,
            "text": ">> 131    linalg/sundials.cpp:1056:61: error: 'MPI_SUM' was not declared in t",
            "pre_context": "            er::SetOperator(const mfem::Operator&)':\n  >> 128    linalg/sundials.cpp:1056:51: error: 'MPI_LONG' was not declared in\n            this scope\n     129     1056 |       MPI_Allreduce(&local_size, &global_size, 1, MPI_LONG,\n             MPI_SUM,\n     130          |                                                   ^~~~~~~~",
            "post_context": "            his scope\n     132     1056 |       MPI_Allreduce(&local_size, &global_size, 1, MPI_LONG,\n             MPI_SUM,\n     133          |\n             ^~~~~~~\n  >> 134    linalg/sundials.cpp:1057:21: error: 'NV_COMM_P' was not declared in"
      },
      {
            "phase": "N/A",
            "source_file": [
                  null
            ],
            "source_line_no": 0,
            "line_no": 900,
            "repeat_count": 0,
            "start": 894,
            "end": 907,
            "text": ">> 134    linalg/sundials.cpp:1057:21: error: 'NV_COMM_P' was not declared in",
            "pre_context": "  >> 131    linalg/sundials.cpp:1056:61: error: 'MPI_SUM' was not declared in t\n            his scope\n     132     1056 |       MPI_Allreduce(&local_size, &global_size, 1, MPI_LONG,\n             MPI_SUM,\n     133          |\n             ^~~~~~~",
            "post_context": "             this scope\n     135     1057 |                     NV_COMM_P(y));\n     136          |                     ^~~~~~~~~\n  >> 137    linalg/sundials.cpp:1056:7: error: 'MPI_Allreduce' was not declared\n             in this scope\n     138     1056 |       MPI_Allreduce(&local_size, &global_size, 1, MPI_LONG,"
      },
      {
            "phase": "N/A",
            "source_file": [
                  null
            ],
            "source_line_no": 0,
            "line_no": 904,
            "repeat_count": 0,
            "start": 898,
            "end": 911,
            "text": ">> 137    linalg/sundials.cpp:1056:7: error: 'MPI_Allreduce' was not declared",
            "pre_context": "     133          |\n             ^~~~~~~\n  >> 134    linalg/sundials.cpp:1057:21: error: 'NV_COMM_P' was not declared in\n             this scope\n     135     1057 |                     NV_COMM_P(y));\n     136          |                     ^~~~~~~~~",
            "post_context": "             in this scope\n     138     1056 |       MPI_Allreduce(&local_size, &global_size, 1, MPI_LONG,\n             MPI_SUM,\n     139          |       ^~~~~~~~~~~~~\n  >> 140    make: *** [linalg/sundials.o] Error 1\n     141    make: *** Waiting for unfinished jobs...."
      },
      {
            "phase": "N/A",
            "source_file": [
                  null
            ],
            "source_line_no": 0,
            "line_no": 909,
            "repeat_count": 0,
            "start": 903,
            "end": 916,
            "text": ">> 140    make: *** [linalg/sundials.o] Error 1",
            "pre_context": "     136          |                     ^~~~~~~~~\n  >> 137    linalg/sundials.cpp:1056:7: error: 'MPI_Allreduce' was not declared\n             in this scope\n     138     1056 |       MPI_Allreduce(&local_size, &global_size, 1, MPI_LONG,\n             MPI_SUM,\n     139          |       ^~~~~~~~~~~~~",
            "post_context": "     141    make: *** Waiting for unfinished jobs....\n\nSee build log for details:\n  /var/tmp/koparasy/spack-stage/spack-stage-mfem-4.0.1-xsdk-7p7vgqbbm62fz4zoqhtolh2gkrt3od52/spack-build-out.txt\n\nTraceback (most recent call last):"
      },
      {
            "phase": "N/A",
            "source_file": [
                  null
            ],
            "source_line_no": 0,
            "line_no": 831,
            "repeat_count": 0,
            "start": 825,
            "end": 838,
            "text": ">> 82    linalg/sundials.hpp:277:13: error: 'ARKodeSetMaxStep' was not declar",
            "pre_context": "           broadwell/gcc-9.3.1/zlib-1.2.11-dtzzlwcy6jw7hjm7z2aip4eyed2rizzu/inc\n           lude  -c linalg/blockoperator.cpp -o linalg/blockoperator.o\n     79    In file included from linalg/linalg.hpp:33,\n     80                     from linalg/sparsemat.cpp:14:\n     81    linalg/sundials.hpp: In member function 'void mfem::ARKODESolver::Se\n           tMaxStep(double)':",
            "post_context": "           ed in this scope; did you mean 'CVodeSetMaxStep'?\n     83      277 |    { flag = ARKodeSetMaxStep(sundials_mem, dt_max); }\n     84          |             ^~~~~~~~~~~~~~~~\n     85          |             CVodeSetMaxStep\n     86    /p/vast1/koparasy/BUILD/head/spack/lib/spack/env/gcc/g++   -O3 -I/p/\n           vast1/koparasy/BUILD/spack_cluster_installer/quartz/mfem/spack_env_d"
      },
      {
            "phase": "N/A",
            "source_file": [
                  null
            ],
            "source_line_no": 0,
            "line_no": 845,
            "repeat_count": 0,
            "start": 839,
            "end": 852,
            "text": ">> 87    make: *** [linalg/sparsemat.o] Error 1",
            "pre_context": "           ohqgzyrtqou/include -I/p/vast1/koparasy/BUILD/spack_cluster_installe\n           r/quartz/mfem/spack_env_dir/linux-rhel7-broadwell/gcc-9.3.1/sundials\n           -5.8.0-fenbkyj3knuvrdh3axftyb4zpxo3esc5/include -I/p/vast1/koparasy/\n           BUILD/spack_cluster_installer/quartz/mfem/spack_env_dir/linux-rhel7-\n           broadwell/gcc-9.3.1/zlib-1.2.11-dtzzlwcy6jw7hjm7z2aip4eyed2rizzu/inc\n           lude  -c linalg/densemat.cpp -o linalg/densemat.o",
            "post_context": "     88    make: *** Waiting for unfinished jobs....\n\nSee build log for details:\n  /var/tmp/koparasy/spack-stage/spack-stage-mfem-3.4.0-uaew4mxwbafa47g2hhunksj3eh2d2olo/spack-build-out.txt\n\nTraceback (most recent call last):"
      },
      {
            "phase": "N/A",
            "source_file": [
                  null
            ],
            "source_line_no": 0,
            "line_no": 842,
            "repeat_count": 0,
            "start": 836,
            "end": 849,
            "text": ">> 82    linalg/sundials.hpp:277:13: error: 'ARKodeSetMaxStep' was not declar",
            "pre_context": "           broadwell/gcc-9.3.1/zlib-1.2.11-dtzzlwcy6jw7hjm7z2aip4eyed2rizzu/inc\n           lude  -c linalg/blockoperator.cpp -o linalg/blockoperator.o\n     79    In file included from linalg/linalg.hpp:33,\n     80                     from linalg/sparsemat.cpp:14:\n     81    linalg/sundials.hpp: In member function 'void mfem::ARKODESolver::Se\n           tMaxStep(double)':",
            "post_context": "           ed in this scope; did you mean 'CVodeSetMaxStep'?\n     83      277 |    { flag = ARKodeSetMaxStep(sundials_mem, dt_max); }\n     84          |             ^~~~~~~~~~~~~~~~\n     85          |             CVodeSetMaxStep\n     86    /p/vast1/koparasy/BUILD/head/spack/lib/spack/env/gcc/g++   -O3 -I/p/\n           vast1/koparasy/BUILD/spack_cluster_installer/quartz/mfem/spack_env_d"
      },
      {
            "phase": "N/A",
            "source_file": [
                  null
            ],
            "source_line_no": 0,
            "line_no": 856,
            "repeat_count": 0,
            "start": 850,
            "end": 863,
            "text": ">> 87    make: *** [linalg/sparsemat.o] Error 1",
            "pre_context": "           zjtyenuynmy/include -I/p/vast1/koparasy/BUILD/spack_cluster_installe\n           r/quartz/mfem/spack_env_dir/linux-rhel7-broadwell/gcc-9.3.1/sundials\n           -5.8.0-fenbkyj3knuvrdh3axftyb4zpxo3esc5/include -I/p/vast1/koparasy/\n           BUILD/spack_cluster_installer/quartz/mfem/spack_env_dir/linux-rhel7-\n           broadwell/gcc-9.3.1/zlib-1.2.11-dtzzlwcy6jw7hjm7z2aip4eyed2rizzu/inc\n           lude  -c linalg/densemat.cpp -o linalg/densemat.o",
            "post_context": "     88    make: *** Waiting for unfinished jobs....\n\nSee build log for details:\n  /var/tmp/koparasy/spack-stage/spack-stage-mfem-3.4.0-4z4lszfhp63l6hxmsdnia46h5pra23dz/spack-build-out.txt\n\nTraceback (most recent call last):"
      },
      {
            "phase": "N/A",
            "source_file": [
                  null
            ],
            "source_line_no": 0,
            "line_no": 835,
            "repeat_count": 0,
            "start": 829,
            "end": 842,
            "text": ">> 79    linalg/sundials.hpp:277:13: error: 'ARKodeSetMaxStep' was not declar",
            "pre_context": "           broadwell/gcc-9.3.1/zlib-1.2.11-dtzzlwcy6jw7hjm7z2aip4eyed2rizzu/inc\n           lude  -c linalg/handle.cpp -o linalg/handle.o\n     76    In file included from linalg/linalg.hpp:33,\n     77                     from linalg/sparsemat.cpp:14:\n     78    linalg/sundials.hpp: In member function 'void mfem::ARKODESolver::Se\n           tMaxStep(double)':",
            "post_context": "           ed in this scope; did you mean 'CVodeSetMaxStep'?\n     80      277 |    { flag = ARKodeSetMaxStep(sundials_mem, dt_max); }\n     81          |             ^~~~~~~~~~~~~~~~\n     82          |             CVodeSetMaxStep\n     83    /p/vast1/koparasy/BUILD/head/spack/lib/spack/env/gcc/g++   -O3 -I/p/\n           vast1/koparasy/BUILD/spack_cluster_installer/quartz/mfem/spack_env_d"
      },
      {
            "phase": "N/A",
            "source_file": [
                  null
            ],
            "source_line_no": 0,
            "line_no": 849,
            "repeat_count": 0,
            "start": 843,
            "end": 856,
            "text": ">> 84    make: *** [linalg/sparsemat.o] Error 1",
            "pre_context": "           zjtyenuynmy/include -I/p/vast1/koparasy/BUILD/spack_cluster_installe\n           r/quartz/mfem/spack_env_dir/linux-rhel7-broadwell/gcc-9.3.1/sundials\n           -5.8.0-lmvnwa3sbnwqtbo5kxiys2xt6mgrsbzc/include -I/p/vast1/koparasy/\n           BUILD/spack_cluster_installer/quartz/mfem/spack_env_dir/linux-rhel7-\n           broadwell/gcc-9.3.1/zlib-1.2.11-dtzzlwcy6jw7hjm7z2aip4eyed2rizzu/inc\n           lude  -c linalg/blockoperator.cpp -o linalg/blockoperator.o",
            "post_context": "     85    make: *** Waiting for unfinished jobs....\n\nSee build log for details:\n  /var/tmp/koparasy/spack-stage/spack-stage-mfem-3.4.1-laghos-v2.0-zojgqgzkob3kxmlv3eaa5rdbctf5rrof/spack-build-out.txt\n\nTraceback (most recent call last):"
      },
      {
            "phase": "N/A",
            "source_file": [
                  null
            ],
            "source_line_no": 0,
            "line_no": 832,
            "repeat_count": 0,
            "start": 826,
            "end": 839,
            "text": ">> 82    linalg/sundials.hpp:277:13: error: 'ARKodeSetMaxStep' was not declar",
            "pre_context": "           broadwell/gcc-9.3.1/zlib-1.2.11-dtzzlwcy6jw7hjm7z2aip4eyed2rizzu/inc\n           lude  -c linalg/blockoperator.cpp -o linalg/blockoperator.o\n     79    In file included from linalg/linalg.hpp:33,\n     80                     from linalg/sparsemat.cpp:14:\n     81    linalg/sundials.hpp: In member function 'void mfem::ARKODESolver::Se\n           tMaxStep(double)':",
            "post_context": "           ed in this scope; did you mean 'CVodeSetMaxStep'?\n     83      277 |    { flag = ARKodeSetMaxStep(sundials_mem, dt_max); }\n     84          |             ^~~~~~~~~~~~~~~~\n     85          |             CVodeSetMaxStep\n  >> 86    make: *** [linalg/sparsemat.o] Error 1\n     87    make: *** Waiting for unfinished jobs...."
      },
      {
            "phase": "N/A",
            "source_file": [
                  null
            ],
            "source_line_no": 0,
            "line_no": 837,
            "repeat_count": 0,
            "start": 831,
            "end": 844,
            "text": ">> 86    make: *** [linalg/sparsemat.o] Error 1",
            "pre_context": "           tMaxStep(double)':\n  >> 82    linalg/sundials.hpp:277:13: error: 'ARKodeSetMaxStep' was not declar\n           ed in this scope; did you mean 'CVodeSetMaxStep'?\n     83      277 |    { flag = ARKodeSetMaxStep(sundials_mem, dt_max); }\n     84          |             ^~~~~~~~~~~~~~~~\n     85          |             CVodeSetMaxStep",
            "post_context": "     87    make: *** Waiting for unfinished jobs....\n\nSee build log for details:\n  /var/tmp/koparasy/spack-stage/spack-stage-mfem-3.4.0-jyuhso5jv4pskhdcua5bym23ynh6quau/spack-build-out.txt\n\nTraceback (most recent call last):"
      },
      {
            "phase": "N/A",
            "source_file": [
                  null
            ],
            "source_line_no": 0,
            "line_no": 829,
            "repeat_count": 0,
            "start": 823,
            "end": 836,
            "text": ">> 77    linalg/sundials.hpp:277:13: error: 'ARKodeSetMaxStep' was not declar",
            "pre_context": "           5.8.0-fenbkyj3knuvrdh3axftyb4zpxo3esc5/include  -c linalg/densemat.c\n           pp -o linalg/densemat.o\n     74    In file included from linalg/linalg.hpp:32,\n     75                     from linalg/sparsemat.cpp:14:\n     76    linalg/sundials.hpp: In member function 'void mfem::ARKODESolver::Se\n           tMaxStep(double)':",
            "post_context": "           ed in this scope; did you mean 'CVodeSetMaxStep'?\n     78      277 |    { flag = ARKodeSetMaxStep(sundials_mem, dt_max); }\n     79          |             ^~~~~~~~~~~~~~~~\n     80          |             CVodeSetMaxStep\n  >> 81    make: *** [linalg/sparsemat.o] Error 1\n     82    make: *** Waiting for unfinished jobs...."
      },
      {
            "phase": "N/A",
            "source_file": [
                  null
            ],
            "source_line_no": 0,
            "line_no": 834,
            "repeat_count": 0,
            "start": 828,
            "end": 841,
            "text": ">> 81    make: *** [linalg/sparsemat.o] Error 1",
            "pre_context": "           tMaxStep(double)':\n  >> 77    linalg/sundials.hpp:277:13: error: 'ARKodeSetMaxStep' was not declar\n           ed in this scope; did you mean 'CVodeSetMaxStep'?\n     78      277 |    { flag = ARKodeSetMaxStep(sundials_mem, dt_max); }\n     79          |             ^~~~~~~~~~~~~~~~\n     80          |             CVodeSetMaxStep",
            "post_context": "     82    make: *** Waiting for unfinished jobs....\n\nSee build log for details:\n  /var/tmp/koparasy/spack-stage/spack-stage-mfem-3.3.2-cba6zk6gpux5usx466hygtpu557fdtj2/spack-build-out.txt\n\nTraceback (most recent call last):"
      },
      {
            "phase": "N/A",
            "source_file": [
                  null
            ],
            "source_line_no": 0,
            "line_no": 813,
            "repeat_count": 0,
            "start": 807,
            "end": 820,
            "text": ">> 79    linalg/sundials.hpp:277:13: error: 'ARKodeSetMaxStep' was not declar",
            "pre_context": "           broadwell/gcc-9.3.1/zlib-1.2.11-dtzzlwcy6jw7hjm7z2aip4eyed2rizzu/inc\n           lude  -c linalg/handle.cpp -o linalg/handle.o\n     76    In file included from linalg/linalg.hpp:33,\n     77                     from linalg/sparsemat.cpp:14:\n     78    linalg/sundials.hpp: In member function 'void mfem::ARKODESolver::Se\n           tMaxStep(double)':",
            "post_context": "           ed in this scope; did you mean 'CVodeSetMaxStep'?\n     80      277 |    { flag = ARKodeSetMaxStep(sundials_mem, dt_max); }\n     81          |             ^~~~~~~~~~~~~~~~\n     82          |             CVodeSetMaxStep\n     83    /p/vast1/koparasy/BUILD/head/spack/lib/spack/env/gcc/g++   -O3 -I/p/\n           vast1/koparasy/BUILD/spack_cluster_installer/quartz/mfem/spack_env_d"
      },
      {
            "phase": "N/A",
            "source_file": [
                  null
            ],
            "source_line_no": 0,
            "line_no": 827,
            "repeat_count": 0,
            "start": 821,
            "end": 834,
            "text": ">> 84    make: *** [linalg/sparsemat.o] Error 1",
            "pre_context": "           ohqgzyrtqou/include -I/p/vast1/koparasy/BUILD/spack_cluster_installe\n           r/quartz/mfem/spack_env_dir/linux-rhel7-broadwell/gcc-9.3.1/sundials\n           -5.8.0-fjzqx5if33vj5mdhnsy5vpyasxhcfaup/include -I/p/vast1/koparasy/\n           BUILD/spack_cluster_installer/quartz/mfem/spack_env_dir/linux-rhel7-\n           broadwell/gcc-9.3.1/zlib-1.2.11-dtzzlwcy6jw7hjm7z2aip4eyed2rizzu/inc\n           lude  -c linalg/blockoperator.cpp -o linalg/blockoperator.o",
            "post_context": "     85    make: *** Waiting for unfinished jobs....\n\nSee build log for details:\n  /var/tmp/koparasy/spack-stage/spack-stage-mfem-3.4.1-laghos-v2.0-qxyzncfcmo35iuce2vb24agimjzqdpm4/spack-build-out.txt\n\nTraceback (most recent call last):"
      },
      {
            "phase": "N/A",
            "source_file": [
                  null
            ],
            "source_line_no": 0,
            "line_no": 841,
            "repeat_count": 0,
            "start": 835,
            "end": 848,
            "text": ">> 114    linalg/hypre.cpp:1614:48: error: cannot convert 'HYPRE_BigInt**' {a",
            "pre_context": "            _cluster_installer/quartz/mfem/spack_env_dir/linux-rhel7-broadwell/\n            gcc-9.3.1/zlib-1.2.11-dtzzlwcy6jw7hjm7z2aip4eyed2rizzu/include  -c\n            linalg/hypre_parcsr.cpp -o linalg/hypre_parcsr.o\n     113    linalg/hypre.cpp: In member function 'mfem::HypreParMatrix* mfem::H\n            ypreParMatrix::ExtractSubmatrix(const mfem::Array<int>&, double) co\n            nst':",
            "post_context": "            ka 'int**'} to 'HYPRE_BigInt*' {aka 'int*'}\n     115     1614 |                               CF_marker, NULL, &cpts_global\n            );\n     116          |                                                ^~~~~~~~~~~~\n     117          |                                                |\n     118          |                                                HYPRE_BigInt"
      },
      {
            "phase": "N/A",
            "source_file": [
                  null
            ],
            "source_line_no": 0,
            "line_no": 887,
            "repeat_count": 0,
            "start": 881,
            "end": 894,
            "text": ">> 128    make: *** [linalg/hypre.o] Error 1",
            "pre_context": "            /include -I/p/vast1/koparasy/BUILD/spack_cluster_installer/quartz/m\n            fem/spack_env_dir/linux-rhel7-broadwell/gcc-9.3.1/metis-5.1.0-elboq\n            6eq4uxfsqwg2a2mrzjtyenuynmy/include -I/p/vast1/koparasy/BUILD/spack\n            _cluster_installer/quartz/mfem/spack_env_dir/linux-rhel7-broadwell/\n            gcc-9.3.1/zlib-1.2.11-dtzzlwcy6jw7hjm7z2aip4eyed2rizzu/include  -c\n            linalg/blockoperator.cpp -o linalg/blockoperator.o",
            "post_context": "     129    make: *** Waiting for unfinished jobs....\n\nSee build log for details:\n  /var/tmp/koparasy/spack-stage/spack-stage-mfem-develop-3shgg4ivlikzme6nzajnjg5y2f4rlmyd/spack-build-out.txt\n\nTraceback (most recent call last):"
      },
      {
            "phase": "N/A",
            "source_file": [
                  null
            ],
            "source_line_no": 0,
            "line_no": 820,
            "repeat_count": 0,
            "start": 814,
            "end": 827,
            "text": ">> 81    linalg/sundials.hpp:277:13: error: 'ARKodeSetMaxStep' was not declar",
            "pre_context": "           broadwell/gcc-9.3.1/zlib-1.2.11-dtzzlwcy6jw7hjm7z2aip4eyed2rizzu/inc\n           lude  -c linalg/hypre_parcsr.cpp -o linalg/hypre_parcsr.o\n     78    In file included from linalg/linalg.hpp:33,\n     79                     from linalg/sparsemat.cpp:14:\n     80    linalg/sundials.hpp: In member function 'void mfem::ARKODESolver::Se\n           tMaxStep(double)':",
            "post_context": "           ed in this scope; did you mean 'CVodeSetMaxStep'?\n     82      277 |    { flag = ARKodeSetMaxStep(sundials_mem, dt_max); }\n     83          |             ^~~~~~~~~~~~~~~~\n     84          |             CVodeSetMaxStep\n     85    /p/vast1/koparasy/BUILD/head/spack/lib/spack/env/gcc/g++   -O3 -I/p/\n           vast1/koparasy/BUILD/spack_cluster_installer/quartz/mfem/spack_env_d"
      },
      {
            "phase": "N/A",
            "source_file": [
                  null
            ],
            "source_line_no": 0,
            "line_no": 834,
            "repeat_count": 0,
            "start": 828,
            "end": 841,
            "text": ">> 86    make: *** [linalg/sparsemat.o] Error 1",
            "pre_context": "           ohqgzyrtqou/include -I/p/vast1/koparasy/BUILD/spack_cluster_installe\n           r/quartz/mfem/spack_env_dir/linux-rhel7-broadwell/gcc-9.3.1/sundials\n           -5.8.0-lmvnwa3sbnwqtbo5kxiys2xt6mgrsbzc/include -I/p/vast1/koparasy/\n           BUILD/spack_cluster_installer/quartz/mfem/spack_env_dir/linux-rhel7-\n           broadwell/gcc-9.3.1/zlib-1.2.11-dtzzlwcy6jw7hjm7z2aip4eyed2rizzu/inc\n           lude  -c linalg/blockoperator.cpp -o linalg/blockoperator.o",
            "post_context": "     87    make: *** Waiting for unfinished jobs....\n\nSee build log for details:\n  /var/tmp/koparasy/spack-stage/spack-stage-mfem-3.4.0-hzazavrhmr6ndiopy7uahy5dhos42q5i/spack-build-out.txt\n\nTraceback (most recent call last):"
      },
      {
            "phase": "N/A",
            "source_file": [
                  null
            ],
            "source_line_no": 0,
            "line_no": 826,
            "repeat_count": 0,
            "start": 820,
            "end": 833,
            "text": ">> 77    linalg/sundials.hpp:277:13: error: 'ARKodeSetMaxStep' was not declar",
            "pre_context": "           5.8.0-eb46af42jx6tyhhwx5mduvx6dutdujft/include  -c linalg/densemat.c\n           pp -o linalg/densemat.o\n     74    In file included from linalg/linalg.hpp:32,\n     75                     from linalg/sparsemat.cpp:14:\n     76    linalg/sundials.hpp: In member function 'void mfem::ARKODESolver::Se\n           tMaxStep(double)':",
            "post_context": "           ed in this scope; did you mean 'CVodeSetMaxStep'?\n     78      277 |    { flag = ARKodeSetMaxStep(sundials_mem, dt_max); }\n     79          |             ^~~~~~~~~~~~~~~~\n     80          |             CVodeSetMaxStep\n  >> 81    make: *** [linalg/sparsemat.o] Error 1\n     82    make: *** Waiting for unfinished jobs...."
      },
      {
            "phase": "N/A",
            "source_file": [
                  null
            ],
            "source_line_no": 0,
            "line_no": 831,
            "repeat_count": 0,
            "start": 825,
            "end": 838,
            "text": ">> 81    make: *** [linalg/sparsemat.o] Error 1",
            "pre_context": "           tMaxStep(double)':\n  >> 77    linalg/sundials.hpp:277:13: error: 'ARKodeSetMaxStep' was not declar\n           ed in this scope; did you mean 'CVodeSetMaxStep'?\n     78      277 |    { flag = ARKodeSetMaxStep(sundials_mem, dt_max); }\n     79          |             ^~~~~~~~~~~~~~~~\n     80          |             CVodeSetMaxStep",
            "post_context": "     82    make: *** Waiting for unfinished jobs....\n\nSee build log for details:\n  /var/tmp/koparasy/spack-stage/spack-stage-mfem-3.3.2-c4aw24jjdjntbhi2ymmbjl5f6crb3rc2/spack-build-out.txt\n\nTraceback (most recent call last):"
      },
      {
            "phase": "N/A",
            "source_file": [
                  null
            ],
            "source_line_no": 0,
            "line_no": 848,
            "repeat_count": 0,
            "start": 842,
            "end": 855,
            "text": ">> 99     linalg/sundials.cpp:162:51: error: 'MPI_LONG' was not declared in t",
            "pre_context": "            c-9.3.1/sundials-5.8.0-fjzqx5if33vj5mdhnsy5vpyasxhcfaup/include -I/\n            p/vast1/koparasy/BUILD/spack_cluster_installer/quartz/mfem/spack_en\n            v_dir/linux-rhel7-broadwell/gcc-9.3.1/zlib-1.2.11-dtzzlwcy6jw7hjm7z\n            2aip4eyed2rizzu/include  -c linalg/ode.cpp -o linalg/ode.o\n     98     linalg/sundials.cpp: In member function 'virtual void mfem::CVODESo\n            lver::Init(mfem::TimeDependentOperator&)':",
            "post_context": "            his scope\n     100      162 |       MPI_Allreduce(&local_size, &global_size, 1, MPI_LONG,\n             MPI_SUM,\n     101          |                                                   ^~~~~~~~\n  >> 102    linalg/sundials.cpp:162:61: error: 'MPI_SUM' was not declared in th\n            is scope"
      },
      {
            "phase": "N/A",
            "source_file": [
                  null
            ],
            "source_line_no": 0,
            "line_no": 853,
            "repeat_count": 0,
            "start": 847,
            "end": 860,
            "text": ">> 102    linalg/sundials.cpp:162:61: error: 'MPI_SUM' was not declared in th",
            "pre_context": "            lver::Init(mfem::TimeDependentOperator&)':\n  >> 99     linalg/sundials.cpp:162:51: error: 'MPI_LONG' was not declared in t\n            his scope\n     100      162 |       MPI_Allreduce(&local_size, &global_size, 1, MPI_LONG,\n             MPI_SUM,\n     101          |                                                   ^~~~~~~~",
            "post_context": "            is scope\n     103      162 |       MPI_Allreduce(&local_size, &global_size, 1, MPI_LONG,\n             MPI_SUM,\n     104          |\n             ^~~~~~~\n  >> 105    linalg/sundials.cpp:163:21: error: 'NV_COMM_P' was not declared in"
      },
      {
            "phase": "N/A",
            "source_file": [
                  null
            ],
            "source_line_no": 0,
            "line_no": 859,
            "repeat_count": 0,
            "start": 853,
            "end": 866,
            "text": ">> 105    linalg/sundials.cpp:163:21: error: 'NV_COMM_P' was not declared in",
            "pre_context": "  >> 102    linalg/sundials.cpp:162:61: error: 'MPI_SUM' was not declared in th\n            is scope\n     103      162 |       MPI_Allreduce(&local_size, &global_size, 1, MPI_LONG,\n             MPI_SUM,\n     104          |\n             ^~~~~~~",
            "post_context": "            this scope\n     106      163 |                     NV_COMM_P(y));\n     107          |                     ^~~~~~~~~\n  >> 108    linalg/sundials.cpp:162:7: error: 'MPI_Allreduce' was not declared\n            in this scope\n     109      162 |       MPI_Allreduce(&local_size, &global_size, 1, MPI_LONG,"
      },
      {
            "phase": "N/A",
            "source_file": [
                  null
            ],
            "source_line_no": 0,
            "line_no": 863,
            "repeat_count": 0,
            "start": 857,
            "end": 870,
            "text": ">> 108    linalg/sundials.cpp:162:7: error: 'MPI_Allreduce' was not declared",
            "pre_context": "     104          |\n             ^~~~~~~\n  >> 105    linalg/sundials.cpp:163:21: error: 'NV_COMM_P' was not declared in\n            this scope\n     106      163 |                     NV_COMM_P(y));\n     107          |                     ^~~~~~~~~",
            "post_context": "            in this scope\n     109      162 |       MPI_Allreduce(&local_size, &global_size, 1, MPI_LONG,\n             MPI_SUM,\n     110          |       ^~~~~~~~~~~~~\n     111    linalg/sundials.cpp: In member function 'virtual void mfem::ARKStep\n            Solver::Init(mfem::TimeDependentOperator&)':"
      },
      {
            "phase": "N/A",
            "source_file": [
                  null
            ],
            "source_line_no": 0,
            "line_no": 870,
            "repeat_count": 0,
            "start": 864,
            "end": 877,
            "text": ">> 112    linalg/sundials.cpp:572:51: error: 'MPI_LONG' was not declared in t",
            "pre_context": "            in this scope\n     109      162 |       MPI_Allreduce(&local_size, &global_size, 1, MPI_LONG,\n             MPI_SUM,\n     110          |       ^~~~~~~~~~~~~\n     111    linalg/sundials.cpp: In member function 'virtual void mfem::ARKStep\n            Solver::Init(mfem::TimeDependentOperator&)':",
            "post_context": "            his scope\n     113      572 |       MPI_Allreduce(&local_size, &global_size, 1, MPI_LONG,\n             MPI_SUM,\n     114          |                                                   ^~~~~~~~\n  >> 115    linalg/sundials.cpp:572:61: error: 'MPI_SUM' was not declared in th\n            is scope"
      },
      {
            "phase": "N/A",
            "source_file": [
                  null
            ],
            "source_line_no": 0,
            "line_no": 875,
            "repeat_count": 0,
            "start": 869,
            "end": 882,
            "text": ">> 115    linalg/sundials.cpp:572:61: error: 'MPI_SUM' was not declared in th",
            "pre_context": "            Solver::Init(mfem::TimeDependentOperator&)':\n  >> 112    linalg/sundials.cpp:572:51: error: 'MPI_LONG' was not declared in t\n            his scope\n     113      572 |       MPI_Allreduce(&local_size, &global_size, 1, MPI_LONG,\n             MPI_SUM,\n     114          |                                                   ^~~~~~~~",
            "post_context": "            is scope\n     116      572 |       MPI_Allreduce(&local_size, &global_size, 1, MPI_LONG,\n             MPI_SUM,\n     117          |\n             ^~~~~~~\n  >> 118    linalg/sundials.cpp:573:21: error: 'NV_COMM_P' was not declared in"
      },
      {
            "phase": "N/A",
            "source_file": [
                  null
            ],
            "source_line_no": 0,
            "line_no": 881,
            "repeat_count": 0,
            "start": 875,
            "end": 888,
            "text": ">> 118    linalg/sundials.cpp:573:21: error: 'NV_COMM_P' was not declared in",
            "pre_context": "  >> 115    linalg/sundials.cpp:572:61: error: 'MPI_SUM' was not declared in th\n            is scope\n     116      572 |       MPI_Allreduce(&local_size, &global_size, 1, MPI_LONG,\n             MPI_SUM,\n     117          |\n             ^~~~~~~",
            "post_context": "            this scope\n     119      573 |                     NV_COMM_P(y));\n     120          |                     ^~~~~~~~~\n  >> 121    linalg/sundials.cpp:572:7: error: 'MPI_Allreduce' was not declared\n            in this scope\n     122      572 |       MPI_Allreduce(&local_size, &global_size, 1, MPI_LONG,"
      },
      {
            "phase": "N/A",
            "source_file": [
                  null
            ],
            "source_line_no": 0,
            "line_no": 885,
            "repeat_count": 0,
            "start": 879,
            "end": 892,
            "text": ">> 121    linalg/sundials.cpp:572:7: error: 'MPI_Allreduce' was not declared",
            "pre_context": "     117          |\n             ^~~~~~~\n  >> 118    linalg/sundials.cpp:573:21: error: 'NV_COMM_P' was not declared in\n            this scope\n     119      573 |                     NV_COMM_P(y));\n     120          |                     ^~~~~~~~~",
            "post_context": "            in this scope\n     122      572 |       MPI_Allreduce(&local_size, &global_size, 1, MPI_LONG,\n             MPI_SUM,\n     123          |       ^~~~~~~~~~~~~\n     124    linalg/sundials.cpp: In member function 'virtual void mfem::KINSolv\n            er::SetOperator(const mfem::Operator&)':"
      },
      {
            "phase": "N/A",
            "source_file": [
                  null
            ],
            "source_line_no": 0,
            "line_no": 892,
            "repeat_count": 0,
            "start": 886,
            "end": 899,
            "text": ">> 125    linalg/sundials.cpp:1056:51: error: 'MPI_LONG' was not declared in",
            "pre_context": "            in this scope\n     122      572 |       MPI_Allreduce(&local_size, &global_size, 1, MPI_LONG,\n             MPI_SUM,\n     123          |       ^~~~~~~~~~~~~\n     124    linalg/sundials.cpp: In member function 'virtual void mfem::KINSolv\n            er::SetOperator(const mfem::Operator&)':",
            "post_context": "            this scope\n     126     1056 |       MPI_Allreduce(&local_size, &global_size, 1, MPI_LONG,\n             MPI_SUM,\n     127          |                                                   ^~~~~~~~\n  >> 128    linalg/sundials.cpp:1056:61: error: 'MPI_SUM' was not declared in t\n            his scope"
      },
      {
            "phase": "N/A",
            "source_file": [
                  null
            ],
            "source_line_no": 0,
            "line_no": 897,
            "repeat_count": 0,
            "start": 891,
            "end": 904,
            "text": ">> 128    linalg/sundials.cpp:1056:61: error: 'MPI_SUM' was not declared in t",
            "pre_context": "            er::SetOperator(const mfem::Operator&)':\n  >> 125    linalg/sundials.cpp:1056:51: error: 'MPI_LONG' was not declared in\n            this scope\n     126     1056 |       MPI_Allreduce(&local_size, &global_size, 1, MPI_LONG,\n             MPI_SUM,\n     127          |                                                   ^~~~~~~~",
            "post_context": "            his scope\n     129     1056 |       MPI_Allreduce(&local_size, &global_size, 1, MPI_LONG,\n             MPI_SUM,\n     130          |\n             ^~~~~~~\n  >> 131    linalg/sundials.cpp:1057:21: error: 'NV_COMM_P' was not declared in"
      },
      {
            "phase": "N/A",
            "source_file": [
                  null
            ],
            "source_line_no": 0,
            "line_no": 903,
            "repeat_count": 0,
            "start": 897,
            "end": 910,
            "text": ">> 131    linalg/sundials.cpp:1057:21: error: 'NV_COMM_P' was not declared in",
            "pre_context": "  >> 128    linalg/sundials.cpp:1056:61: error: 'MPI_SUM' was not declared in t\n            his scope\n     129     1056 |       MPI_Allreduce(&local_size, &global_size, 1, MPI_LONG,\n             MPI_SUM,\n     130          |\n             ^~~~~~~",
            "post_context": "             this scope\n     132     1057 |                     NV_COMM_P(y));\n     133          |                     ^~~~~~~~~\n  >> 134    linalg/sundials.cpp:1056:7: error: 'MPI_Allreduce' was not declared\n             in this scope\n     135     1056 |       MPI_Allreduce(&local_size, &global_size, 1, MPI_LONG,"
      },
      {
            "phase": "N/A",
            "source_file": [
                  null
            ],
            "source_line_no": 0,
            "line_no": 907,
            "repeat_count": 0,
            "start": 901,
            "end": 914,
            "text": ">> 134    linalg/sundials.cpp:1056:7: error: 'MPI_Allreduce' was not declared",
            "pre_context": "     130          |\n             ^~~~~~~\n  >> 131    linalg/sundials.cpp:1057:21: error: 'NV_COMM_P' was not declared in\n             this scope\n     132     1057 |                     NV_COMM_P(y));\n     133          |                     ^~~~~~~~~",
            "post_context": "             in this scope\n     135     1056 |       MPI_Allreduce(&local_size, &global_size, 1, MPI_LONG,\n             MPI_SUM,\n     136          |       ^~~~~~~~~~~~~\n  >> 137    make: *** [linalg/sundials.o] Error 1\n     138    make: *** Waiting for unfinished jobs...."
      },
      {
            "phase": "N/A",
            "source_file": [
                  null
            ],
            "source_line_no": 0,
            "line_no": 912,
            "repeat_count": 0,
            "start": 906,
            "end": 919,
            "text": ">> 137    make: *** [linalg/sundials.o] Error 1",
            "pre_context": "     133          |                     ^~~~~~~~~\n  >> 134    linalg/sundials.cpp:1056:7: error: 'MPI_Allreduce' was not declared\n             in this scope\n     135     1056 |       MPI_Allreduce(&local_size, &global_size, 1, MPI_LONG,\n             MPI_SUM,\n     136          |       ^~~~~~~~~~~~~",
            "post_context": "     138    make: *** Waiting for unfinished jobs....\n\nSee build log for details:\n  /var/tmp/koparasy/spack-stage/spack-stage-mfem-4.0.1-xsdk-pguxl5x7qjc6hrjbuiq7xvhtqdyivzbr/spack-build-out.txt\n\nTraceback (most recent call last):"
      },
      {
            "phase": "N/A",
            "source_file": [
                  null
            ],
            "source_line_no": 0,
            "line_no": 831,
            "repeat_count": 0,
            "start": 825,
            "end": 838,
            "text": ">> 77    linalg/sundials.hpp:277:13: error: 'ARKodeSetMaxStep' was not declar",
            "pre_context": "           5.8.0-fjzqx5if33vj5mdhnsy5vpyasxhcfaup/include  -c linalg/densemat.c\n           pp -o linalg/densemat.o\n     74    In file included from linalg/linalg.hpp:32,\n     75                     from linalg/sparsemat.cpp:14:\n     76    linalg/sundials.hpp: In member function 'void mfem::ARKODESolver::Se\n           tMaxStep(double)':",
            "post_context": "           ed in this scope; did you mean 'CVodeSetMaxStep'?\n     78      277 |    { flag = ARKodeSetMaxStep(sundials_mem, dt_max); }\n     79          |             ^~~~~~~~~~~~~~~~\n     80          |             CVodeSetMaxStep\n  >> 81    make: *** [linalg/sparsemat.o] Error 1\n     82    make: *** Waiting for unfinished jobs...."
      },
      {
            "phase": "N/A",
            "source_file": [
                  null
            ],
            "source_line_no": 0,
            "line_no": 836,
            "repeat_count": 0,
            "start": 830,
            "end": 843,
            "text": ">> 81    make: *** [linalg/sparsemat.o] Error 1",
            "pre_context": "           tMaxStep(double)':\n  >> 77    linalg/sundials.hpp:277:13: error: 'ARKodeSetMaxStep' was not declar\n           ed in this scope; did you mean 'CVodeSetMaxStep'?\n     78      277 |    { flag = ARKodeSetMaxStep(sundials_mem, dt_max); }\n     79          |             ^~~~~~~~~~~~~~~~\n     80          |             CVodeSetMaxStep",
            "post_context": "     82    make: *** Waiting for unfinished jobs....\n\nSee build log for details:\n  /var/tmp/koparasy/spack-stage/spack-stage-mfem-3.3.2-47ouyg7j26speb5nhk7dz54lmgptd2mt/spack-build-out.txt\n\nTraceback (most recent call last):"
      },
      {
            "phase": "N/A",
            "source_file": [
                  null
            ],
            "source_line_no": 0,
            "line_no": 832,
            "repeat_count": 0,
            "start": 826,
            "end": 839,
            "text": ">> 81    linalg/sundials.hpp:277:13: error: 'ARKodeSetMaxStep' was not declar",
            "pre_context": "           broadwell/gcc-9.3.1/zlib-1.2.11-dtzzlwcy6jw7hjm7z2aip4eyed2rizzu/inc\n           lude  -c linalg/hypre_parcsr.cpp -o linalg/hypre_parcsr.o\n     78    In file included from linalg/linalg.hpp:33,\n     79                     from linalg/sparsemat.cpp:14:\n     80    linalg/sundials.hpp: In member function 'void mfem::ARKODESolver::Se\n           tMaxStep(double)':",
            "post_context": "           ed in this scope; did you mean 'CVodeSetMaxStep'?\n     82      277 |    { flag = ARKodeSetMaxStep(sundials_mem, dt_max); }\n     83          |             ^~~~~~~~~~~~~~~~\n     84          |             CVodeSetMaxStep\n     85    /p/vast1/koparasy/BUILD/head/spack/lib/spack/env/gcc/g++   -O3 -I/p/\n           vast1/koparasy/BUILD/spack_cluster_installer/quartz/mfem/spack_env_d"
      },
      {
            "phase": "N/A",
            "source_file": [
                  null
            ],
            "source_line_no": 0,
            "line_no": 846,
            "repeat_count": 0,
            "start": 840,
            "end": 853,
            "text": ">> 86    make: *** [linalg/sparsemat.o] Error 1",
            "pre_context": "           ohqgzyrtqou/include -I/p/vast1/koparasy/BUILD/spack_cluster_installe\n           r/quartz/mfem/spack_env_dir/linux-rhel7-broadwell/gcc-9.3.1/sundials\n           -5.8.0-fjzqx5if33vj5mdhnsy5vpyasxhcfaup/include -I/p/vast1/koparasy/\n           BUILD/spack_cluster_installer/quartz/mfem/spack_env_dir/linux-rhel7-\n           broadwell/gcc-9.3.1/zlib-1.2.11-dtzzlwcy6jw7hjm7z2aip4eyed2rizzu/inc\n           lude  -c linalg/blockoperator.cpp -o linalg/blockoperator.o",
            "post_context": "     87    make: *** Waiting for unfinished jobs....\n\nSee build log for details:\n  /var/tmp/koparasy/spack-stage/spack-stage-mfem-3.4.0-y7v4em2qe65tgz5vmfnufqllmcdhipdr/spack-build-out.txt\n\nTraceback (most recent call last):"
      },
      {
            "phase": "N/A",
            "source_file": [
                  null
            ],
            "source_line_no": 0,
            "line_no": 831,
            "repeat_count": 0,
            "start": 825,
            "end": 838,
            "text": ">> 79    linalg/sundials.hpp:277:13: error: 'ARKodeSetMaxStep' was not declar",
            "pre_context": "           broadwell/gcc-9.3.1/zlib-1.2.11-dtzzlwcy6jw7hjm7z2aip4eyed2rizzu/inc\n           lude  -c linalg/handle.cpp -o linalg/handle.o\n     76    In file included from linalg/linalg.hpp:33,\n     77                     from linalg/sparsemat.cpp:14:\n     78    linalg/sundials.hpp: In member function 'void mfem::ARKODESolver::Se\n           tMaxStep(double)':",
            "post_context": "           ed in this scope; did you mean 'CVodeSetMaxStep'?\n     80      277 |    { flag = ARKodeSetMaxStep(sundials_mem, dt_max); }\n     81          |             ^~~~~~~~~~~~~~~~\n     82          |             CVodeSetMaxStep\n  >> 83    make: *** [linalg/sparsemat.o] Error 1\n     84    make: *** Waiting for unfinished jobs...."
      },
      {
            "phase": "N/A",
            "source_file": [
                  null
            ],
            "source_line_no": 0,
            "line_no": 836,
            "repeat_count": 0,
            "start": 830,
            "end": 843,
            "text": ">> 83    make: *** [linalg/sparsemat.o] Error 1",
            "pre_context": "           tMaxStep(double)':\n  >> 79    linalg/sundials.hpp:277:13: error: 'ARKodeSetMaxStep' was not declar\n           ed in this scope; did you mean 'CVodeSetMaxStep'?\n     80      277 |    { flag = ARKodeSetMaxStep(sundials_mem, dt_max); }\n     81          |             ^~~~~~~~~~~~~~~~\n     82          |             CVodeSetMaxStep",
            "post_context": "     84    make: *** Waiting for unfinished jobs....\n\nSee build log for details:\n  /var/tmp/koparasy/spack-stage/spack-stage-mfem-3.4.1-laghos-v2.0-cgrohcy5kz7ej3ur23uh6thyxx5jmqe5/spack-build-out.txt\n\nTraceback (most recent call last):"
      },
      {
            "phase": "N/A",
            "source_file": [
                  null
            ],
            "source_line_no": 0,
            "line_no": 812,
            "repeat_count": 0,
            "start": 806,
            "end": 819,
            "text": ">> 114    linalg/hypre.cpp:1614:48: error: cannot convert 'HYPRE_BigInt**' {a",
            "pre_context": "            _cluster_installer/quartz/mfem/spack_env_dir/linux-rhel7-broadwell/\n            gcc-9.3.1/zlib-1.2.11-dtzzlwcy6jw7hjm7z2aip4eyed2rizzu/include  -c\n            linalg/hypre_parcsr.cpp -o linalg/hypre_parcsr.o\n     113    linalg/hypre.cpp: In member function 'mfem::HypreParMatrix* mfem::H\n            ypreParMatrix::ExtractSubmatrix(const mfem::Array<int>&, double) co\n            nst':",
            "post_context": "            ka 'int**'} to 'HYPRE_BigInt*' {aka 'int*'}\n     115     1614 |                               CF_marker, NULL, &cpts_global\n            );\n     116          |                                                ^~~~~~~~~~~~\n     117          |                                                |\n     118          |                                                HYPRE_BigInt"
      },
      {
            "phase": "N/A",
            "source_file": [
                  null
            ],
            "source_line_no": 0,
            "line_no": 858,
            "repeat_count": 0,
            "start": 852,
            "end": 865,
            "text": ">> 128    make: *** [linalg/hypre.o] Error 1",
            "pre_context": "            /include -I/p/vast1/koparasy/BUILD/spack_cluster_installer/quartz/m\n            fem/spack_env_dir/linux-rhel7-broadwell/gcc-9.3.1/metis-4.0.3-ad5oj\n            cnmtww7xsvv3dlfkohqgzyrtqou/include -I/p/vast1/koparasy/BUILD/spack\n            _cluster_installer/quartz/mfem/spack_env_dir/linux-rhel7-broadwell/\n            gcc-9.3.1/zlib-1.2.11-dtzzlwcy6jw7hjm7z2aip4eyed2rizzu/include  -c\n            linalg/blockoperator.cpp -o linalg/blockoperator.o",
            "post_context": "     129    make: *** Waiting for unfinished jobs....\n\nSee build log for details:\n  /var/tmp/koparasy/spack-stage/spack-stage-mfem-develop-epb2c43e2hrrx2bzgkyfwpmld4jvqzs5/spack-build-out.txt\n\nTraceback (most recent call last):"
      },
      {
            "phase": "N/A",
            "source_file": [
                  null
            ],
            "source_line_no": 0,
            "line_no": 825,
            "repeat_count": 0,
            "start": 819,
            "end": 832,
            "text": ">> 77    linalg/sundials.hpp:277:13: error: 'ARKodeSetMaxStep' was not declar",
            "pre_context": "           5.8.0-hfoilxxrlio3bnn67zif3xfehbcdg3xt/include  -c linalg/densemat.c\n           pp -o linalg/densemat.o\n     74    In file included from linalg/linalg.hpp:32,\n     75                     from linalg/sparsemat.cpp:14:\n     76    linalg/sundials.hpp: In member function 'void mfem::ARKODESolver::Se\n           tMaxStep(double)':",
            "post_context": "           ed in this scope; did you mean 'CVodeSetMaxStep'?\n     78      277 |    { flag = ARKodeSetMaxStep(sundials_mem, dt_max); }\n     79          |             ^~~~~~~~~~~~~~~~\n     80          |             CVodeSetMaxStep\n  >> 81    make: *** [linalg/sparsemat.o] Error 1\n     82    make: *** Waiting for unfinished jobs...."
      },
      {
            "phase": "N/A",
            "source_file": [
                  null
            ],
            "source_line_no": 0,
            "line_no": 830,
            "repeat_count": 0,
            "start": 824,
            "end": 837,
            "text": ">> 81    make: *** [linalg/sparsemat.o] Error 1",
            "pre_context": "           tMaxStep(double)':\n  >> 77    linalg/sundials.hpp:277:13: error: 'ARKodeSetMaxStep' was not declar\n           ed in this scope; did you mean 'CVodeSetMaxStep'?\n     78      277 |    { flag = ARKodeSetMaxStep(sundials_mem, dt_max); }\n     79          |             ^~~~~~~~~~~~~~~~\n     80          |             CVodeSetMaxStep",
            "post_context": "     82    make: *** Waiting for unfinished jobs....\n\nSee build log for details:\n  /var/tmp/koparasy/spack-stage/spack-stage-mfem-3.3.2-hkjq5bqg2ymuhx3legitavcqdkurha4j/spack-build-out.txt\n\nTraceback (most recent call last):"
      },
      {
            "phase": "N/A",
            "source_file": [
                  null
            ],
            "source_line_no": 0,
            "line_no": 830,
            "repeat_count": 0,
            "start": 824,
            "end": 837,
            "text": ">> 83    linalg/sundials.hpp:277:13: error: 'ARKodeSetMaxStep' was not declar",
            "pre_context": "           broadwell/gcc-9.3.1/zlib-1.2.11-dtzzlwcy6jw7hjm7z2aip4eyed2rizzu/inc\n           lude  -c linalg/densemat.cpp -o linalg/densemat.o\n     80    In file included from linalg/linalg.hpp:33,\n     81                     from linalg/sparsemat.cpp:14:\n     82    linalg/sundials.hpp: In member function 'void mfem::ARKODESolver::Se\n           tMaxStep(double)':",
            "post_context": "           ed in this scope; did you mean 'CVodeSetMaxStep'?\n     84      277 |    { flag = ARKodeSetMaxStep(sundials_mem, dt_max); }\n     85          |             ^~~~~~~~~~~~~~~~\n     86          |             CVodeSetMaxStep\n  >> 87    make: *** [linalg/sparsemat.o] Error 1\n     88    make: *** Waiting for unfinished jobs...."
      },
      {
            "phase": "N/A",
            "source_file": [
                  null
            ],
            "source_line_no": 0,
            "line_no": 835,
            "repeat_count": 0,
            "start": 829,
            "end": 842,
            "text": ">> 87    make: *** [linalg/sparsemat.o] Error 1",
            "pre_context": "           tMaxStep(double)':\n  >> 83    linalg/sundials.hpp:277:13: error: 'ARKodeSetMaxStep' was not declar\n           ed in this scope; did you mean 'CVodeSetMaxStep'?\n     84      277 |    { flag = ARKodeSetMaxStep(sundials_mem, dt_max); }\n     85          |             ^~~~~~~~~~~~~~~~\n     86          |             CVodeSetMaxStep",
            "post_context": "     88    make: *** Waiting for unfinished jobs....\n\nSee build log for details:\n  /var/tmp/koparasy/spack-stage/spack-stage-mfem-3.4.0-trf34fyngavz5ru5kfxn7ptf2h23e5gb/spack-build-out.txt\n\nTraceback (most recent call last):"
      },
      {
            "phase": "N/A",
            "source_file": [
                  null
            ],
            "source_line_no": 0,
            "line_no": 837,
            "repeat_count": 0,
            "start": 831,
            "end": 844,
            "text": ">> 77    linalg/sundials.hpp:277:13: error: 'ARKodeSetMaxStep' was not declar",
            "pre_context": "           5.8.0-gwkhxmjdfyq6sex4iewpd7addu3bqmux/include  -c linalg/densemat.c\n           pp -o linalg/densemat.o\n     74    In file included from linalg/linalg.hpp:32,\n     75                     from linalg/sparsemat.cpp:14:\n     76    linalg/sundials.hpp: In member function 'void mfem::ARKODESolver::Se\n           tMaxStep(double)':",
            "post_context": "           ed in this scope; did you mean 'CVodeSetMaxStep'?\n     78      277 |    { flag = ARKodeSetMaxStep(sundials_mem, dt_max); }\n     79          |             ^~~~~~~~~~~~~~~~\n     80          |             CVodeSetMaxStep\n  >> 81    make: *** [linalg/sparsemat.o] Error 1\n     82    make: *** Waiting for unfinished jobs...."
      },
      {
            "phase": "N/A",
            "source_file": [
                  null
            ],
            "source_line_no": 0,
            "line_no": 842,
            "repeat_count": 0,
            "start": 836,
            "end": 849,
            "text": ">> 81    make: *** [linalg/sparsemat.o] Error 1",
            "pre_context": "           tMaxStep(double)':\n  >> 77    linalg/sundials.hpp:277:13: error: 'ARKodeSetMaxStep' was not declar\n           ed in this scope; did you mean 'CVodeSetMaxStep'?\n     78      277 |    { flag = ARKodeSetMaxStep(sundials_mem, dt_max); }\n     79          |             ^~~~~~~~~~~~~~~~\n     80          |             CVodeSetMaxStep",
            "post_context": "     82    make: *** Waiting for unfinished jobs....\n\nSee build log for details:\n  /var/tmp/koparasy/spack-stage/spack-stage-mfem-3.3.2-lv2gvm6ljayjibsvwkii2ekivtdglznu/spack-build-out.txt\n\nTraceback (most recent call last):"
      },
      {
            "phase": "N/A",
            "source_file": [
                  null
            ],
            "source_line_no": 0,
            "line_no": 844,
            "repeat_count": 0,
            "start": 838,
            "end": 851,
            "text": ">> 101    linalg/sundials.cpp:162:51: error: 'MPI_LONG' was not declared in t",
            "pre_context": "            c-9.3.1/sundials-5.8.0-fjzqx5if33vj5mdhnsy5vpyasxhcfaup/include -I/\n            p/vast1/koparasy/BUILD/spack_cluster_installer/quartz/mfem/spack_en\n            v_dir/linux-rhel7-broadwell/gcc-9.3.1/zlib-1.2.11-dtzzlwcy6jw7hjm7z\n            2aip4eyed2rizzu/include  -c linalg/solvers.cpp -o linalg/solvers.o\n     100    linalg/sundials.cpp: In member function 'virtual void mfem::CVODESo\n            lver::Init(mfem::TimeDependentOperator&)':",
            "post_context": "            his scope\n     102      162 |       MPI_Allreduce(&local_size, &global_size, 1, MPI_LONG,\n             MPI_SUM,\n     103          |                                                   ^~~~~~~~\n  >> 104    linalg/sundials.cpp:162:61: error: 'MPI_SUM' was not declared in th\n            is scope"
      },
      {
            "phase": "N/A",
            "source_file": [
                  null
            ],
            "source_line_no": 0,
            "line_no": 849,
            "repeat_count": 0,
            "start": 843,
            "end": 856,
            "text": ">> 104    linalg/sundials.cpp:162:61: error: 'MPI_SUM' was not declared in th",
            "pre_context": "            lver::Init(mfem::TimeDependentOperator&)':\n  >> 101    linalg/sundials.cpp:162:51: error: 'MPI_LONG' was not declared in t\n            his scope\n     102      162 |       MPI_Allreduce(&local_size, &global_size, 1, MPI_LONG,\n             MPI_SUM,\n     103          |                                                   ^~~~~~~~",
            "post_context": "            is scope\n     105      162 |       MPI_Allreduce(&local_size, &global_size, 1, MPI_LONG,\n             MPI_SUM,\n     106          |\n             ^~~~~~~\n  >> 107    linalg/sundials.cpp:163:21: error: 'NV_COMM_P' was not declared in"
      },
      {
            "phase": "N/A",
            "source_file": [
                  null
            ],
            "source_line_no": 0,
            "line_no": 855,
            "repeat_count": 0,
            "start": 849,
            "end": 862,
            "text": ">> 107    linalg/sundials.cpp:163:21: error: 'NV_COMM_P' was not declared in",
            "pre_context": "  >> 104    linalg/sundials.cpp:162:61: error: 'MPI_SUM' was not declared in th\n            is scope\n     105      162 |       MPI_Allreduce(&local_size, &global_size, 1, MPI_LONG,\n             MPI_SUM,\n     106          |\n             ^~~~~~~",
            "post_context": "            this scope\n     108      163 |                     NV_COMM_P(y));\n     109          |                     ^~~~~~~~~\n  >> 110    linalg/sundials.cpp:162:7: error: 'MPI_Allreduce' was not declared\n            in this scope\n     111      162 |       MPI_Allreduce(&local_size, &global_size, 1, MPI_LONG,"
      },
      {
            "phase": "N/A",
            "source_file": [
                  null
            ],
            "source_line_no": 0,
            "line_no": 859,
            "repeat_count": 0,
            "start": 853,
            "end": 866,
            "text": ">> 110    linalg/sundials.cpp:162:7: error: 'MPI_Allreduce' was not declared",
            "pre_context": "     106          |\n             ^~~~~~~\n  >> 107    linalg/sundials.cpp:163:21: error: 'NV_COMM_P' was not declared in\n            this scope\n     108      163 |                     NV_COMM_P(y));\n     109          |                     ^~~~~~~~~",
            "post_context": "            in this scope\n     111      162 |       MPI_Allreduce(&local_size, &global_size, 1, MPI_LONG,\n             MPI_SUM,\n     112          |       ^~~~~~~~~~~~~\n     113    linalg/sundials.cpp: In member function 'virtual void mfem::ARKStep\n            Solver::Init(mfem::TimeDependentOperator&)':"
      },
      {
            "phase": "N/A",
            "source_file": [
                  null
            ],
            "source_line_no": 0,
            "line_no": 866,
            "repeat_count": 0,
            "start": 860,
            "end": 873,
            "text": ">> 114    linalg/sundials.cpp:572:51: error: 'MPI_LONG' was not declared in t",
            "pre_context": "            in this scope\n     111      162 |       MPI_Allreduce(&local_size, &global_size, 1, MPI_LONG,\n             MPI_SUM,\n     112          |       ^~~~~~~~~~~~~\n     113    linalg/sundials.cpp: In member function 'virtual void mfem::ARKStep\n            Solver::Init(mfem::TimeDependentOperator&)':",
            "post_context": "            his scope\n     115      572 |       MPI_Allreduce(&local_size, &global_size, 1, MPI_LONG,\n             MPI_SUM,\n     116          |                                                   ^~~~~~~~\n  >> 117    linalg/sundials.cpp:572:61: error: 'MPI_SUM' was not declared in th\n            is scope"
      },
      {
            "phase": "N/A",
            "source_file": [
                  null
            ],
            "source_line_no": 0,
            "line_no": 871,
            "repeat_count": 0,
            "start": 865,
            "end": 878,
            "text": ">> 117    linalg/sundials.cpp:572:61: error: 'MPI_SUM' was not declared in th",
            "pre_context": "            Solver::Init(mfem::TimeDependentOperator&)':\n  >> 114    linalg/sundials.cpp:572:51: error: 'MPI_LONG' was not declared in t\n            his scope\n     115      572 |       MPI_Allreduce(&local_size, &global_size, 1, MPI_LONG,\n             MPI_SUM,\n     116          |                                                   ^~~~~~~~",
            "post_context": "            is scope\n     118      572 |       MPI_Allreduce(&local_size, &global_size, 1, MPI_LONG,\n             MPI_SUM,\n     119          |\n             ^~~~~~~\n  >> 120    linalg/sundials.cpp:573:21: error: 'NV_COMM_P' was not declared in"
      },
      {
            "phase": "N/A",
            "source_file": [
                  null
            ],
            "source_line_no": 0,
            "line_no": 877,
            "repeat_count": 0,
            "start": 871,
            "end": 884,
            "text": ">> 120    linalg/sundials.cpp:573:21: error: 'NV_COMM_P' was not declared in",
            "pre_context": "  >> 117    linalg/sundials.cpp:572:61: error: 'MPI_SUM' was not declared in th\n            is scope\n     118      572 |       MPI_Allreduce(&local_size, &global_size, 1, MPI_LONG,\n             MPI_SUM,\n     119          |\n             ^~~~~~~",
            "post_context": "            this scope\n     121      573 |                     NV_COMM_P(y));\n     122          |                     ^~~~~~~~~\n  >> 123    linalg/sundials.cpp:572:7: error: 'MPI_Allreduce' was not declared\n            in this scope\n     124      572 |       MPI_Allreduce(&local_size, &global_size, 1, MPI_LONG,"
      },
      {
            "phase": "N/A",
            "source_file": [
                  null
            ],
            "source_line_no": 0,
            "line_no": 881,
            "repeat_count": 0,
            "start": 875,
            "end": 888,
            "text": ">> 123    linalg/sundials.cpp:572:7: error: 'MPI_Allreduce' was not declared",
            "pre_context": "     119          |\n             ^~~~~~~\n  >> 120    linalg/sundials.cpp:573:21: error: 'NV_COMM_P' was not declared in\n            this scope\n     121      573 |                     NV_COMM_P(y));\n     122          |                     ^~~~~~~~~",
            "post_context": "            in this scope\n     124      572 |       MPI_Allreduce(&local_size, &global_size, 1, MPI_LONG,\n             MPI_SUM,\n     125          |       ^~~~~~~~~~~~~\n     126    linalg/sundials.cpp: In member function 'virtual void mfem::KINSolv\n            er::SetOperator(const mfem::Operator&)':"
      },
      {
            "phase": "N/A",
            "source_file": [
                  null
            ],
            "source_line_no": 0,
            "line_no": 888,
            "repeat_count": 0,
            "start": 882,
            "end": 895,
            "text": ">> 127    linalg/sundials.cpp:1056:51: error: 'MPI_LONG' was not declared in",
            "pre_context": "            in this scope\n     124      572 |       MPI_Allreduce(&local_size, &global_size, 1, MPI_LONG,\n             MPI_SUM,\n     125          |       ^~~~~~~~~~~~~\n     126    linalg/sundials.cpp: In member function 'virtual void mfem::KINSolv\n            er::SetOperator(const mfem::Operator&)':",
            "post_context": "            this scope\n     128     1056 |       MPI_Allreduce(&local_size, &global_size, 1, MPI_LONG,\n             MPI_SUM,\n     129          |                                                   ^~~~~~~~\n  >> 130    linalg/sundials.cpp:1056:61: error: 'MPI_SUM' was not declared in t\n            his scope"
      },
      {
            "phase": "N/A",
            "source_file": [
                  null
            ],
            "source_line_no": 0,
            "line_no": 893,
            "repeat_count": 0,
            "start": 887,
            "end": 900,
            "text": ">> 130    linalg/sundials.cpp:1056:61: error: 'MPI_SUM' was not declared in t",
            "pre_context": "            er::SetOperator(const mfem::Operator&)':\n  >> 127    linalg/sundials.cpp:1056:51: error: 'MPI_LONG' was not declared in\n            this scope\n     128     1056 |       MPI_Allreduce(&local_size, &global_size, 1, MPI_LONG,\n             MPI_SUM,\n     129          |                                                   ^~~~~~~~",
            "post_context": "            his scope\n     131     1056 |       MPI_Allreduce(&local_size, &global_size, 1, MPI_LONG,\n             MPI_SUM,\n     132          |\n             ^~~~~~~\n  >> 133    linalg/sundials.cpp:1057:21: error: 'NV_COMM_P' was not declared in"
      },
      {
            "phase": "N/A",
            "source_file": [
                  null
            ],
            "source_line_no": 0,
            "line_no": 899,
            "repeat_count": 0,
            "start": 893,
            "end": 906,
            "text": ">> 133    linalg/sundials.cpp:1057:21: error: 'NV_COMM_P' was not declared in",
            "pre_context": "  >> 130    linalg/sundials.cpp:1056:61: error: 'MPI_SUM' was not declared in t\n            his scope\n     131     1056 |       MPI_Allreduce(&local_size, &global_size, 1, MPI_LONG,\n             MPI_SUM,\n     132          |\n             ^~~~~~~",
            "post_context": "             this scope\n     134     1057 |                     NV_COMM_P(y));\n     135          |                     ^~~~~~~~~\n  >> 136    linalg/sundials.cpp:1056:7: error: 'MPI_Allreduce' was not declared\n             in this scope\n     137     1056 |       MPI_Allreduce(&local_size, &global_size, 1, MPI_LONG,"
      },
      {
            "phase": "N/A",
            "source_file": [
                  null
            ],
            "source_line_no": 0,
            "line_no": 903,
            "repeat_count": 0,
            "start": 897,
            "end": 910,
            "text": ">> 136    linalg/sundials.cpp:1056:7: error: 'MPI_Allreduce' was not declared",
            "pre_context": "     132          |\n             ^~~~~~~\n  >> 133    linalg/sundials.cpp:1057:21: error: 'NV_COMM_P' was not declared in\n             this scope\n     134     1057 |                     NV_COMM_P(y));\n     135          |                     ^~~~~~~~~",
            "post_context": "             in this scope\n     137     1056 |       MPI_Allreduce(&local_size, &global_size, 1, MPI_LONG,\n             MPI_SUM,\n     138          |       ^~~~~~~~~~~~~\n  >> 139    make: *** [linalg/sundials.o] Error 1\n     140    make: *** Waiting for unfinished jobs...."
      },
      {
            "phase": "N/A",
            "source_file": [
                  null
            ],
            "source_line_no": 0,
            "line_no": 908,
            "repeat_count": 0,
            "start": 902,
            "end": 915,
            "text": ">> 139    make: *** [linalg/sundials.o] Error 1",
            "pre_context": "     135          |                     ^~~~~~~~~\n  >> 136    linalg/sundials.cpp:1056:7: error: 'MPI_Allreduce' was not declared\n             in this scope\n     137     1056 |       MPI_Allreduce(&local_size, &global_size, 1, MPI_LONG,\n             MPI_SUM,\n     138          |       ^~~~~~~~~~~~~",
            "post_context": "     140    make: *** Waiting for unfinished jobs....\n\nSee build log for details:\n  /var/tmp/koparasy/spack-stage/spack-stage-mfem-4.0.1-xsdk-4r5ntaoadjx6vgodeycsjrth6icgikdv/spack-build-out.txt\n\nTraceback (most recent call last):"
      },
      {
            "phase": "N/A",
            "source_file": [
                  null
            ],
            "source_line_no": 0,
            "line_no": 858,
            "repeat_count": 0,
            "start": 852,
            "end": 865,
            "text": ">> 100    linalg/sundials.cpp:162:51: error: 'MPI_LONG' was not declared in t",
            "pre_context": "            c-9.3.1/sundials-5.8.0-jbz5wqhdyzczk5hq2wm65xsahbondvtq/include -I/\n            p/vast1/koparasy/BUILD/spack_cluster_installer/quartz/mfem/spack_en\n            v_dir/linux-rhel7-broadwell/gcc-9.3.1/zlib-1.2.11-dtzzlwcy6jw7hjm7z\n            2aip4eyed2rizzu/include  -c linalg/superlu.cpp -o linalg/superlu.o\n     99     linalg/sundials.cpp: In member function 'virtual void mfem::CVODESo\n            lver::Init(mfem::TimeDependentOperator&)':",
            "post_context": "            his scope\n     101      162 |       MPI_Allreduce(&local_size, &global_size, 1, MPI_LONG,\n             MPI_SUM,\n     102          |                                                   ^~~~~~~~\n  >> 103    linalg/sundials.cpp:162:61: error: 'MPI_SUM' was not declared in th\n            is scope"
      },
      {
            "phase": "N/A",
            "source_file": [
                  null
            ],
            "source_line_no": 0,
            "line_no": 863,
            "repeat_count": 0,
            "start": 857,
            "end": 870,
            "text": ">> 103    linalg/sundials.cpp:162:61: error: 'MPI_SUM' was not declared in th",
            "pre_context": "            lver::Init(mfem::TimeDependentOperator&)':\n  >> 100    linalg/sundials.cpp:162:51: error: 'MPI_LONG' was not declared in t\n            his scope\n     101      162 |       MPI_Allreduce(&local_size, &global_size, 1, MPI_LONG,\n             MPI_SUM,\n     102          |                                                   ^~~~~~~~",
            "post_context": "            is scope\n     104      162 |       MPI_Allreduce(&local_size, &global_size, 1, MPI_LONG,\n             MPI_SUM,\n     105          |\n             ^~~~~~~\n  >> 106    linalg/sundials.cpp:163:21: error: 'NV_COMM_P' was not declared in"
      },
      {
            "phase": "N/A",
            "source_file": [
                  null
            ],
            "source_line_no": 0,
            "line_no": 869,
            "repeat_count": 0,
            "start": 863,
            "end": 876,
            "text": ">> 106    linalg/sundials.cpp:163:21: error: 'NV_COMM_P' was not declared in",
            "pre_context": "  >> 103    linalg/sundials.cpp:162:61: error: 'MPI_SUM' was not declared in th\n            is scope\n     104      162 |       MPI_Allreduce(&local_size, &global_size, 1, MPI_LONG,\n             MPI_SUM,\n     105          |\n             ^~~~~~~",
            "post_context": "            this scope\n     107      163 |                     NV_COMM_P(y));\n     108          |                     ^~~~~~~~~\n  >> 109    linalg/sundials.cpp:162:7: error: 'MPI_Allreduce' was not declared\n            in this scope\n     110      162 |       MPI_Allreduce(&local_size, &global_size, 1, MPI_LONG,"
      },
      {
            "phase": "N/A",
            "source_file": [
                  null
            ],
            "source_line_no": 0,
            "line_no": 873,
            "repeat_count": 0,
            "start": 867,
            "end": 880,
            "text": ">> 109    linalg/sundials.cpp:162:7: error: 'MPI_Allreduce' was not declared",
            "pre_context": "     105          |\n             ^~~~~~~\n  >> 106    linalg/sundials.cpp:163:21: error: 'NV_COMM_P' was not declared in\n            this scope\n     107      163 |                     NV_COMM_P(y));\n     108          |                     ^~~~~~~~~",
            "post_context": "            in this scope\n     110      162 |       MPI_Allreduce(&local_size, &global_size, 1, MPI_LONG,\n             MPI_SUM,\n     111          |       ^~~~~~~~~~~~~\n     112    /p/vast1/koparasy/BUILD/head/spack/lib/spack/env/gcc/g++   -O3 -std\n            =c++11 -I/p/vast1/koparasy/BUILD/spack_cluster_installer/quartz/mfe"
      },
      {
            "phase": "N/A",
            "source_file": [
                  null
            ],
            "source_line_no": 0,
            "line_no": 889,
            "repeat_count": 0,
            "start": 883,
            "end": 896,
            "text": ">> 114    linalg/sundials.cpp:572:51: error: 'MPI_LONG' was not declared in t",
            "pre_context": "            c-9.3.1/sundials-5.8.0-jbz5wqhdyzczk5hq2wm65xsahbondvtq/include -I/\n            p/vast1/koparasy/BUILD/spack_cluster_installer/quartz/mfem/spack_en\n            v_dir/linux-rhel7-broadwell/gcc-9.3.1/zlib-1.2.11-dtzzlwcy6jw7hjm7z\n            2aip4eyed2rizzu/include  -c linalg/solvers.cpp -o linalg/solvers.o\n     113    linalg/sundials.cpp: In member function 'virtual void mfem::ARKStep\n            Solver::Init(mfem::TimeDependentOperator&)':",
            "post_context": "            his scope\n     115      572 |       MPI_Allreduce(&local_size, &global_size, 1, MPI_LONG,\n             MPI_SUM,\n     116          |                                                   ^~~~~~~~\n  >> 117    linalg/sundials.cpp:572:61: error: 'MPI_SUM' was not declared in th\n            is scope"
      },
      {
            "phase": "N/A",
            "source_file": [
                  null
            ],
            "source_line_no": 0,
            "line_no": 894,
            "repeat_count": 0,
            "start": 888,
            "end": 901,
            "text": ">> 117    linalg/sundials.cpp:572:61: error: 'MPI_SUM' was not declared in th",
            "pre_context": "            Solver::Init(mfem::TimeDependentOperator&)':\n  >> 114    linalg/sundials.cpp:572:51: error: 'MPI_LONG' was not declared in t\n            his scope\n     115      572 |       MPI_Allreduce(&local_size, &global_size, 1, MPI_LONG,\n             MPI_SUM,\n     116          |                                                   ^~~~~~~~",
            "post_context": "            is scope\n     118      572 |       MPI_Allreduce(&local_size, &global_size, 1, MPI_LONG,\n             MPI_SUM,\n     119          |\n             ^~~~~~~\n  >> 120    linalg/sundials.cpp:573:21: error: 'NV_COMM_P' was not declared in"
      },
      {
            "phase": "N/A",
            "source_file": [
                  null
            ],
            "source_line_no": 0,
            "line_no": 900,
            "repeat_count": 0,
            "start": 894,
            "end": 907,
            "text": ">> 120    linalg/sundials.cpp:573:21: error: 'NV_COMM_P' was not declared in",
            "pre_context": "  >> 117    linalg/sundials.cpp:572:61: error: 'MPI_SUM' was not declared in th\n            is scope\n     118      572 |       MPI_Allreduce(&local_size, &global_size, 1, MPI_LONG,\n             MPI_SUM,\n     119          |\n             ^~~~~~~",
            "post_context": "            this scope\n     121      573 |                     NV_COMM_P(y));\n     122          |                     ^~~~~~~~~\n  >> 123    linalg/sundials.cpp:572:7: error: 'MPI_Allreduce' was not declared\n            in this scope\n     124      572 |       MPI_Allreduce(&local_size, &global_size, 1, MPI_LONG,"
      },
      {
            "phase": "N/A",
            "source_file": [
                  null
            ],
            "source_line_no": 0,
            "line_no": 904,
            "repeat_count": 0,
            "start": 898,
            "end": 911,
            "text": ">> 123    linalg/sundials.cpp:572:7: error: 'MPI_Allreduce' was not declared",
            "pre_context": "     119          |\n             ^~~~~~~\n  >> 120    linalg/sundials.cpp:573:21: error: 'NV_COMM_P' was not declared in\n            this scope\n     121      573 |                     NV_COMM_P(y));\n     122          |                     ^~~~~~~~~",
            "post_context": "            in this scope\n     124      572 |       MPI_Allreduce(&local_size, &global_size, 1, MPI_LONG,\n             MPI_SUM,\n     125          |       ^~~~~~~~~~~~~\n     126    linalg/sundials.cpp: In member function 'virtual void mfem::KINSolv\n            er::SetOperator(const mfem::Operator&)':"
      },
      {
            "phase": "N/A",
            "source_file": [
                  null
            ],
            "source_line_no": 0,
            "line_no": 911,
            "repeat_count": 0,
            "start": 905,
            "end": 918,
            "text": ">> 127    linalg/sundials.cpp:1056:51: error: 'MPI_LONG' was not declared in",
            "pre_context": "            in this scope\n     124      572 |       MPI_Allreduce(&local_size, &global_size, 1, MPI_LONG,\n             MPI_SUM,\n     125          |       ^~~~~~~~~~~~~\n     126    linalg/sundials.cpp: In member function 'virtual void mfem::KINSolv\n            er::SetOperator(const mfem::Operator&)':",
            "post_context": "            this scope\n     128     1056 |       MPI_Allreduce(&local_size, &global_size, 1, MPI_LONG,\n             MPI_SUM,\n     129          |                                                   ^~~~~~~~\n  >> 130    linalg/sundials.cpp:1056:61: error: 'MPI_SUM' was not declared in t\n            his scope"
      },
      {
            "phase": "N/A",
            "source_file": [
                  null
            ],
            "source_line_no": 0,
            "line_no": 916,
            "repeat_count": 0,
            "start": 910,
            "end": 923,
            "text": ">> 130    linalg/sundials.cpp:1056:61: error: 'MPI_SUM' was not declared in t",
            "pre_context": "            er::SetOperator(const mfem::Operator&)':\n  >> 127    linalg/sundials.cpp:1056:51: error: 'MPI_LONG' was not declared in\n            this scope\n     128     1056 |       MPI_Allreduce(&local_size, &global_size, 1, MPI_LONG,\n             MPI_SUM,\n     129          |                                                   ^~~~~~~~",
            "post_context": "            his scope\n     131     1056 |       MPI_Allreduce(&local_size, &global_size, 1, MPI_LONG,\n             MPI_SUM,\n     132          |\n             ^~~~~~~\n  >> 133    linalg/sundials.cpp:1057:21: error: 'NV_COMM_P' was not declared in"
      },
      {
            "phase": "N/A",
            "source_file": [
                  null
            ],
            "source_line_no": 0,
            "line_no": 922,
            "repeat_count": 0,
            "start": 916,
            "end": 929,
            "text": ">> 133    linalg/sundials.cpp:1057:21: error: 'NV_COMM_P' was not declared in",
            "pre_context": "  >> 130    linalg/sundials.cpp:1056:61: error: 'MPI_SUM' was not declared in t\n            his scope\n     131     1056 |       MPI_Allreduce(&local_size, &global_size, 1, MPI_LONG,\n             MPI_SUM,\n     132          |\n             ^~~~~~~",
            "post_context": "             this scope\n     134     1057 |                     NV_COMM_P(y));\n     135          |                     ^~~~~~~~~\n  >> 136    linalg/sundials.cpp:1056:7: error: 'MPI_Allreduce' was not declared\n             in this scope\n     137     1056 |       MPI_Allreduce(&local_size, &global_size, 1, MPI_LONG,"
      },
      {
            "phase": "N/A",
            "source_file": [
                  null
            ],
            "source_line_no": 0,
            "line_no": 926,
            "repeat_count": 0,
            "start": 920,
            "end": 933,
            "text": ">> 136    linalg/sundials.cpp:1056:7: error: 'MPI_Allreduce' was not declared",
            "pre_context": "     132          |\n             ^~~~~~~\n  >> 133    linalg/sundials.cpp:1057:21: error: 'NV_COMM_P' was not declared in\n             this scope\n     134     1057 |                     NV_COMM_P(y));\n     135          |                     ^~~~~~~~~",
            "post_context": "             in this scope\n     137     1056 |       MPI_Allreduce(&local_size, &global_size, 1, MPI_LONG,\n             MPI_SUM,\n     138          |       ^~~~~~~~~~~~~\n  >> 139    make: *** [linalg/sundials.o] Error 1\n     140    make: *** Waiting for unfinished jobs...."
      },
      {
            "phase": "N/A",
            "source_file": [
                  null
            ],
            "source_line_no": 0,
            "line_no": 931,
            "repeat_count": 0,
            "start": 925,
            "end": 938,
            "text": ">> 139    make: *** [linalg/sundials.o] Error 1",
            "pre_context": "     135          |                     ^~~~~~~~~\n  >> 136    linalg/sundials.cpp:1056:7: error: 'MPI_Allreduce' was not declared\n             in this scope\n     137     1056 |       MPI_Allreduce(&local_size, &global_size, 1, MPI_LONG,\n             MPI_SUM,\n     138          |       ^~~~~~~~~~~~~",
            "post_context": "     140    make: *** Waiting for unfinished jobs....\n\nSee build log for details:\n  /var/tmp/koparasy/spack-stage/spack-stage-mfem-4.0.1-xsdk-ekzibenjfhqorifuyndaz7nlmdoge775/spack-build-out.txt\n\nTraceback (most recent call last):"
      },
      {
            "phase": "N/A",
            "source_file": [
                  null
            ],
            "source_line_no": 0,
            "line_no": 853,
            "repeat_count": 0,
            "start": 847,
            "end": 860,
            "text": ">> 101    linalg/sundials.cpp:162:51: error: 'MPI_LONG' was not declared in t",
            "pre_context": "            c-9.3.1/sundials-5.8.0-cpb5vyiflloo5zxhc3tziondhdaxnixl/include -I/\n            p/vast1/koparasy/BUILD/spack_cluster_installer/quartz/mfem/spack_en\n            v_dir/linux-rhel7-broadwell/gcc-9.3.1/zlib-1.2.11-dtzzlwcy6jw7hjm7z\n            2aip4eyed2rizzu/include  -c linalg/solvers.cpp -o linalg/solvers.o\n     100    linalg/sundials.cpp: In member function 'virtual void mfem::CVODESo\n            lver::Init(mfem::TimeDependentOperator&)':",
            "post_context": "            his scope\n     102      162 |       MPI_Allreduce(&local_size, &global_size, 1, MPI_LONG,\n             MPI_SUM,\n     103          |                                                   ^~~~~~~~\n  >> 104    linalg/sundials.cpp:162:61: error: 'MPI_SUM' was not declared in th\n            is scope"
      },
      {
            "phase": "N/A",
            "source_file": [
                  null
            ],
            "source_line_no": 0,
            "line_no": 858,
            "repeat_count": 0,
            "start": 852,
            "end": 865,
            "text": ">> 104    linalg/sundials.cpp:162:61: error: 'MPI_SUM' was not declared in th",
            "pre_context": "            lver::Init(mfem::TimeDependentOperator&)':\n  >> 101    linalg/sundials.cpp:162:51: error: 'MPI_LONG' was not declared in t\n            his scope\n     102      162 |       MPI_Allreduce(&local_size, &global_size, 1, MPI_LONG,\n             MPI_SUM,\n     103          |                                                   ^~~~~~~~",
            "post_context": "            is scope\n     105      162 |       MPI_Allreduce(&local_size, &global_size, 1, MPI_LONG,\n             MPI_SUM,\n     106          |\n             ^~~~~~~\n  >> 107    linalg/sundials.cpp:163:21: error: 'NV_COMM_P' was not declared in"
      },
      {
            "phase": "N/A",
            "source_file": [
                  null
            ],
            "source_line_no": 0,
            "line_no": 864,
            "repeat_count": 0,
            "start": 858,
            "end": 871,
            "text": ">> 107    linalg/sundials.cpp:163:21: error: 'NV_COMM_P' was not declared in",
            "pre_context": "  >> 104    linalg/sundials.cpp:162:61: error: 'MPI_SUM' was not declared in th\n            is scope\n     105      162 |       MPI_Allreduce(&local_size, &global_size, 1, MPI_LONG,\n             MPI_SUM,\n     106          |\n             ^~~~~~~",
            "post_context": "            this scope\n     108      163 |                     NV_COMM_P(y));\n     109          |                     ^~~~~~~~~\n  >> 110    linalg/sundials.cpp:162:7: error: 'MPI_Allreduce' was not declared\n            in this scope\n     111      162 |       MPI_Allreduce(&local_size, &global_size, 1, MPI_LONG,"
      },
      {
            "phase": "N/A",
            "source_file": [
                  null
            ],
            "source_line_no": 0,
            "line_no": 868,
            "repeat_count": 0,
            "start": 862,
            "end": 875,
            "text": ">> 110    linalg/sundials.cpp:162:7: error: 'MPI_Allreduce' was not declared",
            "pre_context": "     106          |\n             ^~~~~~~\n  >> 107    linalg/sundials.cpp:163:21: error: 'NV_COMM_P' was not declared in\n            this scope\n     108      163 |                     NV_COMM_P(y));\n     109          |                     ^~~~~~~~~",
            "post_context": "            in this scope\n     111      162 |       MPI_Allreduce(&local_size, &global_size, 1, MPI_LONG,\n             MPI_SUM,\n     112          |       ^~~~~~~~~~~~~\n     113    linalg/sundials.cpp: In member function 'virtual void mfem::ARKStep\n            Solver::Init(mfem::TimeDependentOperator&)':"
      },
      {
            "phase": "N/A",
            "source_file": [
                  null
            ],
            "source_line_no": 0,
            "line_no": 875,
            "repeat_count": 0,
            "start": 869,
            "end": 882,
            "text": ">> 114    linalg/sundials.cpp:572:51: error: 'MPI_LONG' was not declared in t",
            "pre_context": "            in this scope\n     111      162 |       MPI_Allreduce(&local_size, &global_size, 1, MPI_LONG,\n             MPI_SUM,\n     112          |       ^~~~~~~~~~~~~\n     113    linalg/sundials.cpp: In member function 'virtual void mfem::ARKStep\n            Solver::Init(mfem::TimeDependentOperator&)':",
            "post_context": "            his scope\n     115      572 |       MPI_Allreduce(&local_size, &global_size, 1, MPI_LONG,\n             MPI_SUM,\n     116          |                                                   ^~~~~~~~\n  >> 117    linalg/sundials.cpp:572:61: error: 'MPI_SUM' was not declared in th\n            is scope"
      },
      {
            "phase": "N/A",
            "source_file": [
                  null
            ],
            "source_line_no": 0,
            "line_no": 880,
            "repeat_count": 0,
            "start": 874,
            "end": 887,
            "text": ">> 117    linalg/sundials.cpp:572:61: error: 'MPI_SUM' was not declared in th",
            "pre_context": "            Solver::Init(mfem::TimeDependentOperator&)':\n  >> 114    linalg/sundials.cpp:572:51: error: 'MPI_LONG' was not declared in t\n            his scope\n     115      572 |       MPI_Allreduce(&local_size, &global_size, 1, MPI_LONG,\n             MPI_SUM,\n     116          |                                                   ^~~~~~~~",
            "post_context": "            is scope\n     118      572 |       MPI_Allreduce(&local_size, &global_size, 1, MPI_LONG,\n             MPI_SUM,\n     119          |\n             ^~~~~~~\n  >> 120    linalg/sundials.cpp:573:21: error: 'NV_COMM_P' was not declared in"
      },
      {
            "phase": "N/A",
            "source_file": [
                  null
            ],
            "source_line_no": 0,
            "line_no": 886,
            "repeat_count": 0,
            "start": 880,
            "end": 893,
            "text": ">> 120    linalg/sundials.cpp:573:21: error: 'NV_COMM_P' was not declared in",
            "pre_context": "  >> 117    linalg/sundials.cpp:572:61: error: 'MPI_SUM' was not declared in th\n            is scope\n     118      572 |       MPI_Allreduce(&local_size, &global_size, 1, MPI_LONG,\n             MPI_SUM,\n     119          |\n             ^~~~~~~",
            "post_context": "            this scope\n     121      573 |                     NV_COMM_P(y));\n     122          |                     ^~~~~~~~~\n  >> 123    linalg/sundials.cpp:572:7: error: 'MPI_Allreduce' was not declared\n            in this scope\n     124      572 |       MPI_Allreduce(&local_size, &global_size, 1, MPI_LONG,"
      },
      {
            "phase": "N/A",
            "source_file": [
                  null
            ],
            "source_line_no": 0,
            "line_no": 890,
            "repeat_count": 0,
            "start": 884,
            "end": 897,
            "text": ">> 123    linalg/sundials.cpp:572:7: error: 'MPI_Allreduce' was not declared",
            "pre_context": "     119          |\n             ^~~~~~~\n  >> 120    linalg/sundials.cpp:573:21: error: 'NV_COMM_P' was not declared in\n            this scope\n     121      573 |                     NV_COMM_P(y));\n     122          |                     ^~~~~~~~~",
            "post_context": "            in this scope\n     124      572 |       MPI_Allreduce(&local_size, &global_size, 1, MPI_LONG,\n             MPI_SUM,\n     125          |       ^~~~~~~~~~~~~\n     126    linalg/sundials.cpp: In member function 'virtual void mfem::KINSolv\n            er::SetOperator(const mfem::Operator&)':"
      },
      {
            "phase": "N/A",
            "source_file": [
                  null
            ],
            "source_line_no": 0,
            "line_no": 897,
            "repeat_count": 0,
            "start": 891,
            "end": 904,
            "text": ">> 127    linalg/sundials.cpp:1056:51: error: 'MPI_LONG' was not declared in",
            "pre_context": "            in this scope\n     124      572 |       MPI_Allreduce(&local_size, &global_size, 1, MPI_LONG,\n             MPI_SUM,\n     125          |       ^~~~~~~~~~~~~\n     126    linalg/sundials.cpp: In member function 'virtual void mfem::KINSolv\n            er::SetOperator(const mfem::Operator&)':",
            "post_context": "            this scope\n     128     1056 |       MPI_Allreduce(&local_size, &global_size, 1, MPI_LONG,\n             MPI_SUM,\n     129          |                                                   ^~~~~~~~\n  >> 130    linalg/sundials.cpp:1056:61: error: 'MPI_SUM' was not declared in t\n            his scope"
      },
      {
            "phase": "N/A",
            "source_file": [
                  null
            ],
            "source_line_no": 0,
            "line_no": 902,
            "repeat_count": 0,
            "start": 896,
            "end": 909,
            "text": ">> 130    linalg/sundials.cpp:1056:61: error: 'MPI_SUM' was not declared in t",
            "pre_context": "            er::SetOperator(const mfem::Operator&)':\n  >> 127    linalg/sundials.cpp:1056:51: error: 'MPI_LONG' was not declared in\n            this scope\n     128     1056 |       MPI_Allreduce(&local_size, &global_size, 1, MPI_LONG,\n             MPI_SUM,\n     129          |                                                   ^~~~~~~~",
            "post_context": "            his scope\n     131     1056 |       MPI_Allreduce(&local_size, &global_size, 1, MPI_LONG,\n             MPI_SUM,\n     132          |\n             ^~~~~~~\n  >> 133    linalg/sundials.cpp:1057:21: error: 'NV_COMM_P' was not declared in"
      },
      {
            "phase": "N/A",
            "source_file": [
                  null
            ],
            "source_line_no": 0,
            "line_no": 908,
            "repeat_count": 0,
            "start": 902,
            "end": 915,
            "text": ">> 133    linalg/sundials.cpp:1057:21: error: 'NV_COMM_P' was not declared in",
            "pre_context": "  >> 130    linalg/sundials.cpp:1056:61: error: 'MPI_SUM' was not declared in t\n            his scope\n     131     1056 |       MPI_Allreduce(&local_size, &global_size, 1, MPI_LONG,\n             MPI_SUM,\n     132          |\n             ^~~~~~~",
            "post_context": "             this scope\n     134     1057 |                     NV_COMM_P(y));\n     135          |                     ^~~~~~~~~\n  >> 136    linalg/sundials.cpp:1056:7: error: 'MPI_Allreduce' was not declared\n             in this scope\n     137     1056 |       MPI_Allreduce(&local_size, &global_size, 1, MPI_LONG,"
      },
      {
            "phase": "N/A",
            "source_file": [
                  null
            ],
            "source_line_no": 0,
            "line_no": 912,
            "repeat_count": 0,
            "start": 906,
            "end": 919,
            "text": ">> 136    linalg/sundials.cpp:1056:7: error: 'MPI_Allreduce' was not declared",
            "pre_context": "     132          |\n             ^~~~~~~\n  >> 133    linalg/sundials.cpp:1057:21: error: 'NV_COMM_P' was not declared in\n             this scope\n     134     1057 |                     NV_COMM_P(y));\n     135          |                     ^~~~~~~~~",
            "post_context": "             in this scope\n     137     1056 |       MPI_Allreduce(&local_size, &global_size, 1, MPI_LONG,\n             MPI_SUM,\n     138          |       ^~~~~~~~~~~~~\n  >> 139    make: *** [linalg/sundials.o] Error 1\n     140    make: *** Waiting for unfinished jobs...."
      },
      {
            "phase": "N/A",
            "source_file": [
                  null
            ],
            "source_line_no": 0,
            "line_no": 917,
            "repeat_count": 0,
            "start": 911,
            "end": 924,
            "text": ">> 139    make: *** [linalg/sundials.o] Error 1",
            "pre_context": "     135          |                     ^~~~~~~~~\n  >> 136    linalg/sundials.cpp:1056:7: error: 'MPI_Allreduce' was not declared\n             in this scope\n     137     1056 |       MPI_Allreduce(&local_size, &global_size, 1, MPI_LONG,\n             MPI_SUM,\n     138          |       ^~~~~~~~~~~~~",
            "post_context": "     140    make: *** Waiting for unfinished jobs....\n\nSee build log for details:\n  /var/tmp/koparasy/spack-stage/spack-stage-mfem-4.0.1-xsdk-ucvcnyb6jniyr4jlm3yl2eyqoa2swsvl/spack-build-out.txt\n\nTraceback (most recent call last):"
      },
      {
            "phase": "N/A",
            "source_file": [
                  null
            ],
            "source_line_no": 0,
            "line_no": 831,
            "repeat_count": 0,
            "start": 825,
            "end": 838,
            "text": ">> 91    linalg/sundials.hpp:277:13: error: 'ARKodeSetMaxStep' was not declar",
            "pre_context": "           d2rizzu/include  -c linalg/blockoperator.cpp -o linalg/blockoperator\n           .o\n     88    In file included from linalg/linalg.hpp:33,\n     89                     from linalg/sparsemat.cpp:14:\n     90    linalg/sundials.hpp: In member function 'void mfem::ARKODESolver::Se\n           tMaxStep(double)':",
            "post_context": "           ed in this scope; did you mean 'CVodeSetMaxStep'?\n     92      277 |    { flag = ARKodeSetMaxStep(sundials_mem, dt_max); }\n     93          |             ^~~~~~~~~~~~~~~~\n     94          |             CVodeSetMaxStep\n  >> 95    make: *** [linalg/sparsemat.o] Error 1\n     96    make: *** Waiting for unfinished jobs...."
      },
      {
            "phase": "N/A",
            "source_file": [
                  null
            ],
            "source_line_no": 0,
            "line_no": 836,
            "repeat_count": 0,
            "start": 830,
            "end": 843,
            "text": ">> 95    make: *** [linalg/sparsemat.o] Error 1",
            "pre_context": "           tMaxStep(double)':\n  >> 91    linalg/sundials.hpp:277:13: error: 'ARKodeSetMaxStep' was not declar\n           ed in this scope; did you mean 'CVodeSetMaxStep'?\n     92      277 |    { flag = ARKodeSetMaxStep(sundials_mem, dt_max); }\n     93          |             ^~~~~~~~~~~~~~~~\n     94          |             CVodeSetMaxStep",
            "post_context": "     96    make: *** Waiting for unfinished jobs....\n\nSee build log for details:\n  /var/tmp/koparasy/spack-stage/spack-stage-mfem-4.0.0-spf3k7ucr5kqn5waaswflrevicypey2k/spack-build-out.txt\n\nTraceback (most recent call last):"
      }
]