[
      {
            "phase": "N/A",
            "source_file": "     865     _configtest.c",
            "source_line_no": "3",
            "line_no": 785,
            "repeat_count": 0,
            "start": 779,
            "end": 792,
            "text": "865     _configtest.c:3: warning: ignoring #pragma clang diagnostic [-Wunk",
            "pre_context": "             y/core -Inumpy/core/src/npymath -Inumpy/core/src/multiarray -Inump\n             y/core/src/umath -Inumpy/core/src/npysort -I/p/vast1/koparasy/BUIL\n             D/spack_cluster_installer/quartz/nrm/spack_env_dir/linux-rhel7-bro\n             adwell/gcc-9.3.1/python-3.8.12-zq6ku5weq2g2lnidc7o5wtbfqu64d3ld/in\n             clude/python3.8 -c'\n     864     gcc: _configtest.c",
            "post_context": "             nown-pragmas]\n     866         3 | #pragma clang diagnostic error \"-Wattributes\"\n     867           |\n     868     _configtest.c: In function '__declspec':\n  >> 869     _configtest.c:5:24: error: expected declaration specifiers before\n             'foo'"
      },
      {
            "phase": "N/A",
            "source_file": "     875     _configtest.c",
            "source_line_no": "5",
            "line_no": 798,
            "repeat_count": 0,
            "start": 792,
            "end": 805,
            "text": "875     _configtest.c:5:5: warning: type of 'thread' defaults to 'int' [-W",
            "pre_context": "     870         5 | int __declspec(thread) foo;\n     871           |                        ^~~\n  >> 872     _configtest.c:9:1: error: expected '=', ',', ';', 'asm' or '__attr\n             ibute__' before '{' token\n     873         9 | {\n     874           | ^",
            "post_context": "             implicit-int]\n     876         5 | int __declspec(thread) foo;\n     877           |     ^~~~~~~~~~\n  >> 878     _configtest.c:11: error: expected '{' at end of input\n     879        11 | }\n     880           |"
      },
      {
            "phase": "N/A",
            "source_file": "     881     _configtest.c",
            "source_line_no": "1",
            "line_no": 805,
            "repeat_count": 0,
            "start": 799,
            "end": 812,
            "text": "881     _configtest.c:11: warning: control reaches end of non-void functio",
            "pre_context": "             implicit-int]\n     876         5 | int __declspec(thread) foo;\n     877           |     ^~~~~~~~~~\n  >> 878     _configtest.c:11: error: expected '{' at end of input\n     879        11 | }\n     880           |",
            "post_context": "             n [-Wreturn-type]\n     882        11 | }\n     883           |\n     884     _configtest.c:3: warning: ignoring #pragma clang diagnostic [-Wunk\n             nown-pragmas]\n     885         3 | #pragma clang diagnostic error \"-Wattributes\""
      },
      {
            "phase": "N/A",
            "source_file": "     884     _configtest.c",
            "source_line_no": "3",
            "line_no": 809,
            "repeat_count": 0,
            "start": 803,
            "end": 816,
            "text": "884     _configtest.c:3: warning: ignoring #pragma clang diagnostic [-Wunk",
            "pre_context": "     879        11 | }\n     880           |\n     881     _configtest.c:11: warning: control reaches end of non-void functio\n             n [-Wreturn-type]\n     882        11 | }\n     883           |",
            "post_context": "             nown-pragmas]\n     885         3 | #pragma clang diagnostic error \"-Wattributes\"\n     886           |\n     887     _configtest.c: In function '__declspec':\n  >> 888     _configtest.c:5:24: error: expected declaration specifiers before\n             'foo'"
      },
      {
            "phase": "N/A",
            "source_file": "     894     _configtest.c",
            "source_line_no": "5",
            "line_no": 822,
            "repeat_count": 0,
            "start": 816,
            "end": 829,
            "text": "894     _configtest.c:5:5: warning: type of 'thread' defaults to 'int' [-W",
            "pre_context": "     889         5 | int __declspec(thread) foo;\n     890           |                        ^~~\n  >> 891     _configtest.c:9:1: error: expected '=', ',', ';', 'asm' or '__attr\n             ibute__' before '{' token\n     892         9 | {\n     893           | ^",
            "post_context": "             implicit-int]\n     895         5 | int __declspec(thread) foo;\n     896           |     ^~~~~~~~~~\n  >> 897     _configtest.c:11: error: expected '{' at end of input\n     898        11 | }\n     899           |"
      },
      {
            "phase": "N/A",
            "source_file": "     900     _configtest.c",
            "source_line_no": "1",
            "line_no": 829,
            "repeat_count": 0,
            "start": 823,
            "end": 836,
            "text": "900     _configtest.c:11: warning: control reaches end of non-void functio",
            "pre_context": "             implicit-int]\n     895         5 | int __declspec(thread) foo;\n     896           |     ^~~~~~~~~~\n  >> 897     _configtest.c:11: error: expected '{' at end of input\n     898        11 | }\n     899           |",
            "post_context": "             n [-Wreturn-type]\n     901        11 | }\n     902           |\n     903     failure.\n\n     ..."
      },
      {
            "phase": "N/A",
            "source_file": "     4085    numpy/random/mtrand/mtrand.c",
            "source_line_no": "4",
            "line_no": 1027,
            "repeat_count": 0,
            "start": 1021,
            "end": 1034,
            "text": "4085    numpy/random/mtrand/mtrand.c:43644:3: warning: 'tp_print' is depre",
            "pre_context": "             z56muf3y24twbgptm5fwkbrmdx/lib/python3.8/site-packages/setuptools/\n             command/install.py:34: SetuptoolsDeprecationWarning: setup.py inst\n             all is deprecated. Use build and pip and other standards-based too\n             ls.\n     4083      warnings.warn(\n     4084    numpy/random/mtrand/mtrand.c: In function 'PyInit_mtrand':",
            "post_context": "             cated [-Wdeprecated-declarations]\n     4086    43644 |   __pyx_type_6mtrand_RandomState.tp_print = 0;\n     4087          |   ^~~~~~~~~~~~~~~~~~~~~~~~~~~~~~\n     4088    In file included from /p/vast1/koparasy/BUILD/spack_cluster_instal\n             ler/quartz/nrm/spack_env_dir/linux-rhel7-broadwell/gcc-9.3.1/pytho\n             n-3.8.12-zq6ku5weq2g2lnidc7o5wtbfqu64d3ld/include/python3.8/object"
      },
      {
            "phase": "N/A",
            "source_file": "     853     _configtest.c",
            "source_line_no": "3",
            "line_no": 785,
            "repeat_count": 0,
            "start": 779,
            "end": 792,
            "text": "853     _configtest.c:3: warning: ignoring #pragma clang diagnostic [-Wunk",
            "pre_context": "             y/core -Inumpy/core/src/npymath -Inumpy/core/src/multiarray -Inump\n             y/core/src/umath -Inumpy/core/src/npysort -I/p/vast1/koparasy/BUIL\n             D/spack_cluster_installer/quartz/nrm/spack_env_dir/linux-rhel7-bro\n             adwell/gcc-9.3.1/python-3.8.12-zq6ku5weq2g2lnidc7o5wtbfqu64d3ld/in\n             clude/python3.8 -c'\n     852     gcc: _configtest.c",
            "post_context": "             nown-pragmas]\n     854         3 | #pragma clang diagnostic error \"-Wattributes\"\n     855           |\n     856     _configtest.c: In function '__declspec':\n  >> 857     _configtest.c:5:24: error: expected declaration specifiers before\n             'foo'"
      },
      {
            "phase": "N/A",
            "source_file": "     863     _configtest.c",
            "source_line_no": "5",
            "line_no": 798,
            "repeat_count": 0,
            "start": 792,
            "end": 805,
            "text": "863     _configtest.c:5:5: warning: type of 'thread' defaults to 'int' [-W",
            "pre_context": "     858         5 | int __declspec(thread) foo;\n     859           |                        ^~~\n  >> 860     _configtest.c:9:1: error: expected '=', ',', ';', 'asm' or '__attr\n             ibute__' before '{' token\n     861         9 | {\n     862           | ^",
            "post_context": "             implicit-int]\n     864         5 | int __declspec(thread) foo;\n     865           |     ^~~~~~~~~~\n  >> 866     _configtest.c:11: error: expected '{' at end of input\n     867        11 | }\n     868           |"
      },
      {
            "phase": "N/A",
            "source_file": "     869     _configtest.c",
            "source_line_no": "1",
            "line_no": 805,
            "repeat_count": 0,
            "start": 799,
            "end": 812,
            "text": "869     _configtest.c:11: warning: control reaches end of non-void functio",
            "pre_context": "             implicit-int]\n     864         5 | int __declspec(thread) foo;\n     865           |     ^~~~~~~~~~\n  >> 866     _configtest.c:11: error: expected '{' at end of input\n     867        11 | }\n     868           |",
            "post_context": "             n [-Wreturn-type]\n     870        11 | }\n     871           |\n     872     _configtest.c:3: warning: ignoring #pragma clang diagnostic [-Wunk\n             nown-pragmas]\n     873         3 | #pragma clang diagnostic error \"-Wattributes\""
      },
      {
            "phase": "N/A",
            "source_file": "     872     _configtest.c",
            "source_line_no": "3",
            "line_no": 809,
            "repeat_count": 0,
            "start": 803,
            "end": 816,
            "text": "872     _configtest.c:3: warning: ignoring #pragma clang diagnostic [-Wunk",
            "pre_context": "     867        11 | }\n     868           |\n     869     _configtest.c:11: warning: control reaches end of non-void functio\n             n [-Wreturn-type]\n     870        11 | }\n     871           |",
            "post_context": "             nown-pragmas]\n     873         3 | #pragma clang diagnostic error \"-Wattributes\"\n     874           |\n     875     _configtest.c: In function '__declspec':\n  >> 876     _configtest.c:5:24: error: expected declaration specifiers before\n             'foo'"
      },
      {
            "phase": "N/A",
            "source_file": "     882     _configtest.c",
            "source_line_no": "5",
            "line_no": 822,
            "repeat_count": 0,
            "start": 816,
            "end": 829,
            "text": "882     _configtest.c:5:5: warning: type of 'thread' defaults to 'int' [-W",
            "pre_context": "     877         5 | int __declspec(thread) foo;\n     878           |                        ^~~\n  >> 879     _configtest.c:9:1: error: expected '=', ',', ';', 'asm' or '__attr\n             ibute__' before '{' token\n     880         9 | {\n     881           | ^",
            "post_context": "             implicit-int]\n     883         5 | int __declspec(thread) foo;\n     884           |     ^~~~~~~~~~\n  >> 885     _configtest.c:11: error: expected '{' at end of input\n     886        11 | }\n     887           |"
      },
      {
            "phase": "N/A",
            "source_file": "     888     _configtest.c",
            "source_line_no": "1",
            "line_no": 829,
            "repeat_count": 0,
            "start": 823,
            "end": 836,
            "text": "888     _configtest.c:11: warning: control reaches end of non-void functio",
            "pre_context": "             implicit-int]\n     883         5 | int __declspec(thread) foo;\n     884           |     ^~~~~~~~~~\n  >> 885     _configtest.c:11: error: expected '{' at end of input\n     886        11 | }\n     887           |",
            "post_context": "             n [-Wreturn-type]\n     889        11 | }\n     890           |\n     891     failure.\n\n     ..."
      },
      {
            "phase": "N/A",
            "source_file": "     4113    numpy/random/mtrand/mtrand.c",
            "source_line_no": "4",
            "line_no": 1035,
            "repeat_count": 0,
            "start": 1029,
            "end": 1042,
            "text": "4113    numpy/random/mtrand/mtrand.c:42765:3: warning: 'tp_print' is depre",
            "pre_context": "             z56muf3y24twbgptm5fwkbrmdx/lib/python3.8/site-packages/setuptools/\n             command/install.py:34: SetuptoolsDeprecationWarning: setup.py inst\n             all is deprecated. Use build and pip and other standards-based too\n             ls.\n     4111      warnings.warn(\n     4112    numpy/random/mtrand/mtrand.c: In function 'PyInit_mtrand':",
            "post_context": "             cated [-Wdeprecated-declarations]\n     4114    42765 |   __pyx_type_6mtrand_RandomState.tp_print = 0;\n     4115          |   ^~~~~~~~~~~~~~~~~~~~~~~~~~~~~~\n     4116    In file included from /p/vast1/koparasy/BUILD/spack_cluster_instal\n             ler/quartz/nrm/spack_env_dir/linux-rhel7-broadwell/gcc-9.3.1/pytho\n             n-3.8.12-zq6ku5weq2g2lnidc7o5wtbfqu64d3ld/include/python3.8/object"
      },
      {
            "phase": "N/A",
            "source_file": "     765     _configtest.c",
            "source_line_no": "3",
            "line_no": 754,
            "repeat_count": 0,
            "start": 748,
            "end": 761,
            "text": "765     _configtest.c:3: warning: ignoring #pragma clang diagnostic [-Wunk",
            "pre_context": "             y/core -Inumpy/core/src/npymath -Inumpy/core/src/multiarray -Inump\n             y/core/src/umath -Inumpy/core/src/npysort -I/p/vast1/koparasy/BUIL\n             D/spack_cluster_installer/quartz/nrm/spack_env_dir/linux-rhel7-bro\n             adwell/gcc-9.3.1/python-3.8.12-zq6ku5weq2g2lnidc7o5wtbfqu64d3ld/in\n             clude/python3.8 -c'\n     764     gcc: _configtest.c",
            "post_context": "             nown-pragmas]\n     766         3 | #pragma clang diagnostic error \"-Wattributes\"\n     767           |\n     768     _configtest.c: In function '__declspec':\n  >> 769     _configtest.c:5:24: error: expected declaration specifiers before\n             'foo'"
      },
      {
            "phase": "N/A",
            "source_file": "     775     _configtest.c",
            "source_line_no": "5",
            "line_no": 767,
            "repeat_count": 0,
            "start": 761,
            "end": 774,
            "text": "775     _configtest.c:5:5: warning: type of 'thread' defaults to 'int' [-W",
            "pre_context": "     770         5 | int __declspec(thread) foo;\n     771           |                        ^~~\n  >> 772     _configtest.c:9:1: error: expected '=', ',', ';', 'asm' or '__attr\n             ibute__' before '{' token\n     773         9 | {\n     774           | ^",
            "post_context": "             implicit-int]\n     776         5 | int __declspec(thread) foo;\n     777           |     ^~~~~~~~~~\n  >> 778     _configtest.c:11: error: expected '{' at end of input\n     779        11 | }\n     780           |"
      },
      {
            "phase": "N/A",
            "source_file": "     781     _configtest.c",
            "source_line_no": "1",
            "line_no": 774,
            "repeat_count": 0,
            "start": 768,
            "end": 781,
            "text": "781     _configtest.c:11: warning: control reaches end of non-void functio",
            "pre_context": "             implicit-int]\n     776         5 | int __declspec(thread) foo;\n     777           |     ^~~~~~~~~~\n  >> 778     _configtest.c:11: error: expected '{' at end of input\n     779        11 | }\n     780           |",
            "post_context": "             n [-Wreturn-type]\n     782        11 | }\n     783           |\n     784     _configtest.c:3: warning: ignoring #pragma clang diagnostic [-Wunk\n             nown-pragmas]\n     785         3 | #pragma clang diagnostic error \"-Wattributes\""
      },
      {
            "phase": "N/A",
            "source_file": "     784     _configtest.c",
            "source_line_no": "3",
            "line_no": 778,
            "repeat_count": 0,
            "start": 772,
            "end": 785,
            "text": "784     _configtest.c:3: warning: ignoring #pragma clang diagnostic [-Wunk",
            "pre_context": "     779        11 | }\n     780           |\n     781     _configtest.c:11: warning: control reaches end of non-void functio\n             n [-Wreturn-type]\n     782        11 | }\n     783           |",
            "post_context": "             nown-pragmas]\n     785         3 | #pragma clang diagnostic error \"-Wattributes\"\n     786           |\n     787     _configtest.c: In function '__declspec':\n  >> 788     _configtest.c:5:24: error: expected declaration specifiers before\n             'foo'"
      },
      {
            "phase": "N/A",
            "source_file": "     794     _configtest.c",
            "source_line_no": "5",
            "line_no": 791,
            "repeat_count": 0,
            "start": 785,
            "end": 798,
            "text": "794     _configtest.c:5:5: warning: type of 'thread' defaults to 'int' [-W",
            "pre_context": "     789         5 | int __declspec(thread) foo;\n     790           |                        ^~~\n  >> 791     _configtest.c:9:1: error: expected '=', ',', ';', 'asm' or '__attr\n             ibute__' before '{' token\n     792         9 | {\n     793           | ^",
            "post_context": "             implicit-int]\n     795         5 | int __declspec(thread) foo;\n     796           |     ^~~~~~~~~~\n  >> 797     _configtest.c:11: error: expected '{' at end of input\n     798        11 | }\n     799           |"
      },
      {
            "phase": "N/A",
            "source_file": "     800     _configtest.c",
            "source_line_no": "1",
            "line_no": 798,
            "repeat_count": 0,
            "start": 792,
            "end": 805,
            "text": "800     _configtest.c:11: warning: control reaches end of non-void functio",
            "pre_context": "             implicit-int]\n     795         5 | int __declspec(thread) foo;\n     796           |     ^~~~~~~~~~\n  >> 797     _configtest.c:11: error: expected '{' at end of input\n     798        11 | }\n     799           |",
            "post_context": "             n [-Wreturn-type]\n     801        11 | }\n     802           |\n     803     failure.\n\n     ..."
      },
      {
            "phase": "N/A",
            "source_file": "     4000    numpy/random/mtrand/mtrand.c",
            "source_line_no": "4",
            "line_no": 1004,
            "repeat_count": 0,
            "start": 998,
            "end": 1011,
            "text": "4000    numpy/random/mtrand/mtrand.c:41024:3: warning: 'tp_print' is depre",
            "pre_context": "             z56muf3y24twbgptm5fwkbrmdx/lib/python3.8/site-packages/setuptools/\n             command/install.py:34: SetuptoolsDeprecationWarning: setup.py inst\n             all is deprecated. Use build and pip and other standards-based too\n             ls.\n     3998      warnings.warn(\n     3999    numpy/random/mtrand/mtrand.c: In function 'PyInit_mtrand':",
            "post_context": "             cated [-Wdeprecated-declarations]\n     4001    41024 |   __pyx_type_6mtrand_RandomState.tp_print = 0;\n     4002          |   ^~~~~~~~~~~~~~~~~~~~~~~~~~~~~~\n     4003    In file included from /p/vast1/koparasy/BUILD/spack_cluster_instal\n             ler/quartz/nrm/spack_env_dir/linux-rhel7-broadwell/gcc-9.3.1/pytho\n             n-3.8.12-zq6ku5weq2g2lnidc7o5wtbfqu64d3ld/include/python3.8/object"
      },
      {
            "phase": "N/A",
            "source_file": "     765     _configtest.c",
            "source_line_no": "3",
            "line_no": 754,
            "repeat_count": 0,
            "start": 748,
            "end": 761,
            "text": "765     _configtest.c:3: warning: ignoring #pragma clang diagnostic [-Wunk",
            "pre_context": "             y/core -Inumpy/core/src/npymath -Inumpy/core/src/multiarray -Inump\n             y/core/src/umath -Inumpy/core/src/npysort -I/p/vast1/koparasy/BUIL\n             D/spack_cluster_installer/quartz/nrm/spack_env_dir/linux-rhel7-bro\n             adwell/gcc-9.3.1/python-3.8.12-zq6ku5weq2g2lnidc7o5wtbfqu64d3ld/in\n             clude/python3.8 -c'\n     764     gcc: _configtest.c",
            "post_context": "             nown-pragmas]\n     766         3 | #pragma clang diagnostic error \"-Wattributes\"\n     767           |\n     768     _configtest.c: In function '__declspec':\n  >> 769     _configtest.c:5:24: error: expected declaration specifiers before\n             'foo'"
      },
      {
            "phase": "N/A",
            "source_file": "     775     _configtest.c",
            "source_line_no": "5",
            "line_no": 767,
            "repeat_count": 0,
            "start": 761,
            "end": 774,
            "text": "775     _configtest.c:5:5: warning: type of 'thread' defaults to 'int' [-W",
            "pre_context": "     770         5 | int __declspec(thread) foo;\n     771           |                        ^~~\n  >> 772     _configtest.c:9:1: error: expected '=', ',', ';', 'asm' or '__attr\n             ibute__' before '{' token\n     773         9 | {\n     774           | ^",
            "post_context": "             implicit-int]\n     776         5 | int __declspec(thread) foo;\n     777           |     ^~~~~~~~~~\n  >> 778     _configtest.c:11: error: expected '{' at end of input\n     779        11 | }\n     780           |"
      },
      {
            "phase": "N/A",
            "source_file": "     781     _configtest.c",
            "source_line_no": "1",
            "line_no": 774,
            "repeat_count": 0,
            "start": 768,
            "end": 781,
            "text": "781     _configtest.c:11: warning: control reaches end of non-void functio",
            "pre_context": "             implicit-int]\n     776         5 | int __declspec(thread) foo;\n     777           |     ^~~~~~~~~~\n  >> 778     _configtest.c:11: error: expected '{' at end of input\n     779        11 | }\n     780           |",
            "post_context": "             n [-Wreturn-type]\n     782        11 | }\n     783           |\n     784     _configtest.c:3: warning: ignoring #pragma clang diagnostic [-Wunk\n             nown-pragmas]\n     785         3 | #pragma clang diagnostic error \"-Wattributes\""
      },
      {
            "phase": "N/A",
            "source_file": "     784     _configtest.c",
            "source_line_no": "3",
            "line_no": 778,
            "repeat_count": 0,
            "start": 772,
            "end": 785,
            "text": "784     _configtest.c:3: warning: ignoring #pragma clang diagnostic [-Wunk",
            "pre_context": "     779        11 | }\n     780           |\n     781     _configtest.c:11: warning: control reaches end of non-void functio\n             n [-Wreturn-type]\n     782        11 | }\n     783           |",
            "post_context": "             nown-pragmas]\n     785         3 | #pragma clang diagnostic error \"-Wattributes\"\n     786           |\n     787     _configtest.c: In function '__declspec':\n  >> 788     _configtest.c:5:24: error: expected declaration specifiers before\n             'foo'"
      },
      {
            "phase": "N/A",
            "source_file": "     794     _configtest.c",
            "source_line_no": "5",
            "line_no": 791,
            "repeat_count": 0,
            "start": 785,
            "end": 798,
            "text": "794     _configtest.c:5:5: warning: type of 'thread' defaults to 'int' [-W",
            "pre_context": "     789         5 | int __declspec(thread) foo;\n     790           |                        ^~~\n  >> 791     _configtest.c:9:1: error: expected '=', ',', ';', 'asm' or '__attr\n             ibute__' before '{' token\n     792         9 | {\n     793           | ^",
            "post_context": "             implicit-int]\n     795         5 | int __declspec(thread) foo;\n     796           |     ^~~~~~~~~~\n  >> 797     _configtest.c:11: error: expected '{' at end of input\n     798        11 | }\n     799           |"
      },
      {
            "phase": "N/A",
            "source_file": "     800     _configtest.c",
            "source_line_no": "1",
            "line_no": 798,
            "repeat_count": 0,
            "start": 792,
            "end": 805,
            "text": "800     _configtest.c:11: warning: control reaches end of non-void functio",
            "pre_context": "             implicit-int]\n     795         5 | int __declspec(thread) foo;\n     796           |     ^~~~~~~~~~\n  >> 797     _configtest.c:11: error: expected '{' at end of input\n     798        11 | }\n     799           |",
            "post_context": "             n [-Wreturn-type]\n     801        11 | }\n     802           |\n     803     failure.\n\n     ..."
      },
      {
            "phase": "N/A",
            "source_file": "     3995    numpy/random/mtrand/mtrand.c",
            "source_line_no": "3",
            "line_no": 996,
            "repeat_count": 0,
            "start": 990,
            "end": 1003,
            "text": "3995    numpy/random/mtrand/mtrand.c:37726:3: warning: 'tp_print' is depre",
            "pre_context": "             z56muf3y24twbgptm5fwkbrmdx/lib/python3.8/site-packages/setuptools/\n             command/install.py:34: SetuptoolsDeprecationWarning: setup.py inst\n             all is deprecated. Use build and pip and other standards-based too\n             ls.\n     3993      warnings.warn(\n     3994    numpy/random/mtrand/mtrand.c: In function 'PyInit_mtrand':",
            "post_context": "             cated [-Wdeprecated-declarations]\n     3996    37726 |   __pyx_type_6mtrand_RandomState.tp_print = 0;\n     3997          |   ^~~~~~~~~~~~~~~~~~~~~~~~~~~~~~\n     3998    In file included from /p/vast1/koparasy/BUILD/spack_cluster_instal\n             ler/quartz/nrm/spack_env_dir/linux-rhel7-broadwell/gcc-9.3.1/pytho\n             n-3.8.12-zq6ku5weq2g2lnidc7o5wtbfqu64d3ld/include/python3.8/object"
      },
      {
            "phase": "N/A",
            "source_file": "     900     _configtest.c",
            "source_line_no": "3",
            "line_no": 760,
            "repeat_count": 0,
            "start": 754,
            "end": 767,
            "text": "900     _configtest.c:3: warning: ignoring #pragma clang diagnostic [-Wunk",
            "pre_context": "             /core -Inumpy/core/src/npymath -Inumpy/core/src/multiarray -Inumpy\n             /core/src/umath -Inumpy/core/src/npysort -I/p/vast1/koparasy/BUILD\n             /spack_cluster_installer/quartz/nrm/spack_env_dir/linux-rhel7-broa\n             dwell/gcc-9.3.1/python-3.8.12-zq6ku5weq2g2lnidc7o5wtbfqu64d3ld/inc\n             lude/python3.8 -c'\n     899     gcc: _configtest.c",
            "post_context": "             nown-pragmas]\n     901         3 | #pragma clang diagnostic error \"-Wattributes\"\n     902           |\n     903     _configtest.c: In function '__declspec':\n  >> 904     _configtest.c:5:24: error: expected declaration specifiers before\n             'foo'"
      },
      {
            "phase": "N/A",
            "source_file": "     910     _configtest.c",
            "source_line_no": "5",
            "line_no": 773,
            "repeat_count": 0,
            "start": 767,
            "end": 780,
            "text": "910     _configtest.c:5:5: warning: type of 'thread' defaults to 'int' [-W",
            "pre_context": "     905         5 | int __declspec(thread) foo;\n     906           |                        ^~~\n  >> 907     _configtest.c:9:1: error: expected '=', ',', ';', 'asm' or '__attr\n             ibute__' before '{' token\n     908         9 | {\n     909           | ^",
            "post_context": "             implicit-int]\n     911         5 | int __declspec(thread) foo;\n     912           |     ^~~~~~~~~~\n  >> 913     _configtest.c:11: error: expected '{' at end of input\n     914        11 | }\n     915           |"
      },
      {
            "phase": "N/A",
            "source_file": "     916     _configtest.c",
            "source_line_no": "1",
            "line_no": 780,
            "repeat_count": 0,
            "start": 774,
            "end": 787,
            "text": "916     _configtest.c:11: warning: control reaches end of non-void functio",
            "pre_context": "             implicit-int]\n     911         5 | int __declspec(thread) foo;\n     912           |     ^~~~~~~~~~\n  >> 913     _configtest.c:11: error: expected '{' at end of input\n     914        11 | }\n     915           |",
            "post_context": "             n [-Wreturn-type]\n     917        11 | }\n     918           |\n     919     failure.\n\n     ..."
      },
      {
            "phase": "N/A",
            "source_file": "     900     _configtest.c",
            "source_line_no": "3",
            "line_no": 760,
            "repeat_count": 0,
            "start": 754,
            "end": 767,
            "text": "900     _configtest.c:3: warning: ignoring #pragma clang diagnostic [-Wunk",
            "pre_context": "             /core -Inumpy/core/src/npymath -Inumpy/core/src/multiarray -Inumpy\n             /core/src/umath -Inumpy/core/src/npysort -I/p/vast1/koparasy/BUILD\n             /spack_cluster_installer/quartz/nrm/spack_env_dir/linux-rhel7-broa\n             dwell/gcc-9.3.1/python-3.8.12-zq6ku5weq2g2lnidc7o5wtbfqu64d3ld/inc\n             lude/python3.8 -c'\n     899     gcc: _configtest.c",
            "post_context": "             nown-pragmas]\n     901         3 | #pragma clang diagnostic error \"-Wattributes\"\n     902           |\n     903     _configtest.c: In function '__declspec':\n  >> 904     _configtest.c:5:24: error: expected declaration specifiers before\n             'foo'"
      },
      {
            "phase": "N/A",
            "source_file": "     910     _configtest.c",
            "source_line_no": "5",
            "line_no": 773,
            "repeat_count": 0,
            "start": 767,
            "end": 780,
            "text": "910     _configtest.c:5:5: warning: type of 'thread' defaults to 'int' [-W",
            "pre_context": "     905         5 | int __declspec(thread) foo;\n     906           |                        ^~~\n  >> 907     _configtest.c:9:1: error: expected '=', ',', ';', 'asm' or '__attr\n             ibute__' before '{' token\n     908         9 | {\n     909           | ^",
            "post_context": "             implicit-int]\n     911         5 | int __declspec(thread) foo;\n     912           |     ^~~~~~~~~~\n  >> 913     _configtest.c:11: error: expected '{' at end of input\n     914        11 | }\n     915           |"
      },
      {
            "phase": "N/A",
            "source_file": "     916     _configtest.c",
            "source_line_no": "1",
            "line_no": 780,
            "repeat_count": 0,
            "start": 774,
            "end": 787,
            "text": "916     _configtest.c:11: warning: control reaches end of non-void functio",
            "pre_context": "             implicit-int]\n     911         5 | int __declspec(thread) foo;\n     912           |     ^~~~~~~~~~\n  >> 913     _configtest.c:11: error: expected '{' at end of input\n     914        11 | }\n     915           |",
            "post_context": "             n [-Wreturn-type]\n     917        11 | }\n     918           |\n     919     failure.\n\n     ..."
      },
      {
            "phase": "N/A",
            "source_file": "     853     _configtest.c",
            "source_line_no": "3",
            "line_no": 785,
            "repeat_count": 0,
            "start": 779,
            "end": 792,
            "text": "853     _configtest.c:3: warning: ignoring #pragma clang diagnostic [-Wunk",
            "pre_context": "             y/core -Inumpy/core/src/npymath -Inumpy/core/src/multiarray -Inump\n             y/core/src/umath -Inumpy/core/src/npysort -I/p/vast1/koparasy/BUIL\n             D/spack_cluster_installer/quartz/nrm/spack_env_dir/linux-rhel7-bro\n             adwell/gcc-9.3.1/python-3.8.12-zq6ku5weq2g2lnidc7o5wtbfqu64d3ld/in\n             clude/python3.8 -c'\n     852     gcc: _configtest.c",
            "post_context": "             nown-pragmas]\n     854         3 | #pragma clang diagnostic error \"-Wattributes\"\n     855           |\n     856     _configtest.c: In function '__declspec':\n  >> 857     _configtest.c:5:24: error: expected declaration specifiers before\n             'foo'"
      },
      {
            "phase": "N/A",
            "source_file": "     863     _configtest.c",
            "source_line_no": "5",
            "line_no": 798,
            "repeat_count": 0,
            "start": 792,
            "end": 805,
            "text": "863     _configtest.c:5:5: warning: type of 'thread' defaults to 'int' [-W",
            "pre_context": "     858         5 | int __declspec(thread) foo;\n     859           |                        ^~~\n  >> 860     _configtest.c:9:1: error: expected '=', ',', ';', 'asm' or '__attr\n             ibute__' before '{' token\n     861         9 | {\n     862           | ^",
            "post_context": "             implicit-int]\n     864         5 | int __declspec(thread) foo;\n     865           |     ^~~~~~~~~~\n  >> 866     _configtest.c:11: error: expected '{' at end of input\n     867        11 | }\n     868           |"
      },
      {
            "phase": "N/A",
            "source_file": "     869     _configtest.c",
            "source_line_no": "1",
            "line_no": 805,
            "repeat_count": 0,
            "start": 799,
            "end": 812,
            "text": "869     _configtest.c:11: warning: control reaches end of non-void functio",
            "pre_context": "             implicit-int]\n     864         5 | int __declspec(thread) foo;\n     865           |     ^~~~~~~~~~\n  >> 866     _configtest.c:11: error: expected '{' at end of input\n     867        11 | }\n     868           |",
            "post_context": "             n [-Wreturn-type]\n     870        11 | }\n     871           |\n     872     _configtest.c:3: warning: ignoring #pragma clang diagnostic [-Wunk\n             nown-pragmas]\n     873         3 | #pragma clang diagnostic error \"-Wattributes\""
      },
      {
            "phase": "N/A",
            "source_file": "     872     _configtest.c",
            "source_line_no": "3",
            "line_no": 809,
            "repeat_count": 0,
            "start": 803,
            "end": 816,
            "text": "872     _configtest.c:3: warning: ignoring #pragma clang diagnostic [-Wunk",
            "pre_context": "     867        11 | }\n     868           |\n     869     _configtest.c:11: warning: control reaches end of non-void functio\n             n [-Wreturn-type]\n     870        11 | }\n     871           |",
            "post_context": "             nown-pragmas]\n     873         3 | #pragma clang diagnostic error \"-Wattributes\"\n     874           |\n     875     _configtest.c: In function '__declspec':\n  >> 876     _configtest.c:5:24: error: expected declaration specifiers before\n             'foo'"
      },
      {
            "phase": "N/A",
            "source_file": "     882     _configtest.c",
            "source_line_no": "5",
            "line_no": 822,
            "repeat_count": 0,
            "start": 816,
            "end": 829,
            "text": "882     _configtest.c:5:5: warning: type of 'thread' defaults to 'int' [-W",
            "pre_context": "     877         5 | int __declspec(thread) foo;\n     878           |                        ^~~\n  >> 879     _configtest.c:9:1: error: expected '=', ',', ';', 'asm' or '__attr\n             ibute__' before '{' token\n     880         9 | {\n     881           | ^",
            "post_context": "             implicit-int]\n     883         5 | int __declspec(thread) foo;\n     884           |     ^~~~~~~~~~\n  >> 885     _configtest.c:11: error: expected '{' at end of input\n     886        11 | }\n     887           |"
      },
      {
            "phase": "N/A",
            "source_file": "     888     _configtest.c",
            "source_line_no": "1",
            "line_no": 829,
            "repeat_count": 0,
            "start": 823,
            "end": 836,
            "text": "888     _configtest.c:11: warning: control reaches end of non-void functio",
            "pre_context": "             implicit-int]\n     883         5 | int __declspec(thread) foo;\n     884           |     ^~~~~~~~~~\n  >> 885     _configtest.c:11: error: expected '{' at end of input\n     886        11 | }\n     887           |",
            "post_context": "             n [-Wreturn-type]\n     889        11 | }\n     890           |\n     891     failure.\n\n     ..."
      },
      {
            "phase": "N/A",
            "source_file": "     4109    numpy/random/mtrand/mtrand.c",
            "source_line_no": "4",
            "line_no": 1027,
            "repeat_count": 0,
            "start": 1021,
            "end": 1034,
            "text": "4109    numpy/random/mtrand/mtrand.c:43380:3: warning: 'tp_print' is depre",
            "pre_context": "             z56muf3y24twbgptm5fwkbrmdx/lib/python3.8/site-packages/setuptools/\n             command/install.py:34: SetuptoolsDeprecationWarning: setup.py inst\n             all is deprecated. Use build and pip and other standards-based too\n             ls.\n     4107      warnings.warn(\n     4108    numpy/random/mtrand/mtrand.c: In function 'PyInit_mtrand':",
            "post_context": "             cated [-Wdeprecated-declarations]\n     4110    43380 |   __pyx_type_6mtrand_RandomState.tp_print = 0;\n     4111          |   ^~~~~~~~~~~~~~~~~~~~~~~~~~~~~~\n     4112    In file included from /p/vast1/koparasy/BUILD/spack_cluster_instal\n             ler/quartz/nrm/spack_env_dir/linux-rhel7-broadwell/gcc-9.3.1/pytho\n             n-3.8.12-zq6ku5weq2g2lnidc7o5wtbfqu64d3ld/include/python3.8/object"
      },
      {
            "phase": "N/A",
            "source_file": "              clude/numpy/__multiarray_api.h",
            "source_line_no": "1",
            "line_no": 971,
            "repeat_count": 0,
            "start": 965,
            "end": 978,
            "text": "clude/numpy/__multiarray_api.h:1463:1: warning: '_import_array' d",
            "pre_context": "              packages/numpy/core/include/numpy/arrayobject.h:4,\n     13251                     from scipy/cluster/_hierarchy.c:352:\n     13252    At top level:\n     13253    /p/vast1/koparasy/BUILD/spack_cluster_installer/quartz/nrm/spack_\n              env_dir/linux-rhel7-broadwell/gcc-9.3.1/py-numpy-1.19.3-bwiwyade2\n              2xn535kblhzcxrkz2pa5b43/lib/python3.8/site-packages/numpy/core/in",
            "post_context": "              efined but not used [-Wunused-function]\n     13254     1463 | _import_array(void)\n     13255          | ^~~~~~~~~~~~~\n  >> 13256    setup.py:104: DeprecationWarning: the imp module is deprecated in\n               favour of importlib; see the module's documentation for alternat\n              ive uses"
      },
      {
            "phase": "N/A",
            "source_file": "     830     _configtest.c",
            "source_line_no": "3",
            "line_no": 786,
            "repeat_count": 0,
            "start": 780,
            "end": 793,
            "text": "830     _configtest.c:3: warning: ignoring #pragma clang diagnostic [-Wunk",
            "pre_context": "             y/core -Inumpy/core/src/npymath -Inumpy/core/src/multiarray -Inump\n             y/core/src/umath -Inumpy/core/src/npysort -I/p/vast1/koparasy/BUIL\n             D/spack_cluster_installer/quartz/nrm/spack_env_dir/linux-rhel7-bro\n             adwell/gcc-9.3.1/python-3.8.12-zq6ku5weq2g2lnidc7o5wtbfqu64d3ld/in\n             clude/python3.8 -c'\n     829     gcc: _configtest.c",
            "post_context": "             nown-pragmas]\n     831         3 | #pragma clang diagnostic error \"-Wattributes\"\n     832           |\n     833     _configtest.c: In function '__declspec':\n  >> 834     _configtest.c:5:24: error: expected declaration specifiers before\n             'foo'"
      },
      {
            "phase": "N/A",
            "source_file": "     840     _configtest.c",
            "source_line_no": "5",
            "line_no": 799,
            "repeat_count": 0,
            "start": 793,
            "end": 806,
            "text": "840     _configtest.c:5:5: warning: type of 'thread' defaults to 'int' [-W",
            "pre_context": "     835         5 | int __declspec(thread) foo;\n     836           |                        ^~~\n  >> 837     _configtest.c:9:1: error: expected '=', ',', ';', 'asm' or '__attr\n             ibute__' before '{' token\n     838         9 | {\n     839           | ^",
            "post_context": "             implicit-int]\n     841         5 | int __declspec(thread) foo;\n     842           |     ^~~~~~~~~~\n  >> 843     _configtest.c:11: error: expected '{' at end of input\n     844        11 | }\n     845           |"
      },
      {
            "phase": "N/A",
            "source_file": "     846     _configtest.c",
            "source_line_no": "1",
            "line_no": 806,
            "repeat_count": 0,
            "start": 800,
            "end": 813,
            "text": "846     _configtest.c:11: warning: control reaches end of non-void functio",
            "pre_context": "             implicit-int]\n     841         5 | int __declspec(thread) foo;\n     842           |     ^~~~~~~~~~\n  >> 843     _configtest.c:11: error: expected '{' at end of input\n     844        11 | }\n     845           |",
            "post_context": "             n [-Wreturn-type]\n     847        11 | }\n     848           |\n     849     _configtest.c:3: warning: ignoring #pragma clang diagnostic [-Wunk\n             nown-pragmas]\n     850         3 | #pragma clang diagnostic error \"-Wattributes\""
      },
      {
            "phase": "N/A",
            "source_file": "     849     _configtest.c",
            "source_line_no": "3",
            "line_no": 810,
            "repeat_count": 0,
            "start": 804,
            "end": 817,
            "text": "849     _configtest.c:3: warning: ignoring #pragma clang diagnostic [-Wunk",
            "pre_context": "     844        11 | }\n     845           |\n     846     _configtest.c:11: warning: control reaches end of non-void functio\n             n [-Wreturn-type]\n     847        11 | }\n     848           |",
            "post_context": "             nown-pragmas]\n     850         3 | #pragma clang diagnostic error \"-Wattributes\"\n     851           |\n     852     _configtest.c: In function '__declspec':\n  >> 853     _configtest.c:5:24: error: expected declaration specifiers before\n             'foo'"
      },
      {
            "phase": "N/A",
            "source_file": "     859     _configtest.c",
            "source_line_no": "5",
            "line_no": 823,
            "repeat_count": 0,
            "start": 817,
            "end": 830,
            "text": "859     _configtest.c:5:5: warning: type of 'thread' defaults to 'int' [-W",
            "pre_context": "     854         5 | int __declspec(thread) foo;\n     855           |                        ^~~\n  >> 856     _configtest.c:9:1: error: expected '=', ',', ';', 'asm' or '__attr\n             ibute__' before '{' token\n     857         9 | {\n     858           | ^",
            "post_context": "             implicit-int]\n     860         5 | int __declspec(thread) foo;\n     861           |     ^~~~~~~~~~\n  >> 862     _configtest.c:11: error: expected '{' at end of input\n     863        11 | }\n     864           |"
      },
      {
            "phase": "N/A",
            "source_file": "     865     _configtest.c",
            "source_line_no": "1",
            "line_no": 830,
            "repeat_count": 0,
            "start": 824,
            "end": 837,
            "text": "865     _configtest.c:11: warning: control reaches end of non-void functio",
            "pre_context": "             implicit-int]\n     860         5 | int __declspec(thread) foo;\n     861           |     ^~~~~~~~~~\n  >> 862     _configtest.c:11: error: expected '{' at end of input\n     863        11 | }\n     864           |",
            "post_context": "             n [-Wreturn-type]\n     866        11 | }\n     867           |\n     868     failure.\n\n     ..."
      },
      {
            "phase": "N/A",
            "source_file": "     4058    numpy/random/mtrand/mtrand.c",
            "source_line_no": "4",
            "line_no": 1036,
            "repeat_count": 0,
            "start": 1030,
            "end": 1043,
            "text": "4058    numpy/random/mtrand/mtrand.c:42495:3: warning: 'tp_print' is depre",
            "pre_context": "             z56muf3y24twbgptm5fwkbrmdx/lib/python3.8/site-packages/setuptools/\n             command/install.py:34: SetuptoolsDeprecationWarning: setup.py inst\n             all is deprecated. Use build and pip and other standards-based too\n             ls.\n     4056      warnings.warn(\n     4057    numpy/random/mtrand/mtrand.c: In function 'PyInit_mtrand':",
            "post_context": "             cated [-Wdeprecated-declarations]\n     4059    42495 |   __pyx_type_6mtrand_RandomState.tp_print = 0;\n     4060          |   ^~~~~~~~~~~~~~~~~~~~~~~~~~~~~~\n     4061    In file included from /p/vast1/koparasy/BUILD/spack_cluster_instal\n             ler/quartz/nrm/spack_env_dir/linux-rhel7-broadwell/gcc-9.3.1/pytho\n             n-3.8.12-zq6ku5weq2g2lnidc7o5wtbfqu64d3ld/include/python3.8/object"
      },
      {
            "phase": "N/A",
            "source_file": "              clude/numpy/__multiarray_api.h",
            "source_line_no": "1",
            "line_no": 968,
            "repeat_count": 0,
            "start": 962,
            "end": 975,
            "text": "clude/numpy/__multiarray_api.h:1464:1: warning: '_import_array' d",
            "pre_context": "              packages/numpy/core/include/numpy/arrayobject.h:4,\n     13484                     from scipy/cluster/_hierarchy.c:352:\n     13485    At top level:\n     13486    /p/vast1/koparasy/BUILD/spack_cluster_installer/quartz/nrm/spack_\n              env_dir/linux-rhel7-broadwell/gcc-9.3.1/py-numpy-1.21.5-frhumhoqr\n              l6z3n6owoi5w47pht2qxoqk/lib/python3.8/site-packages/numpy/core/in",
            "post_context": "              efined but not used [-Wunused-function]\n     13487     1464 | _import_array(void)\n     13488          | ^~~~~~~~~~~~~\n  >> 13489    setup.py:104: DeprecationWarning: the imp module is deprecated in\n               favour of importlib; see the module's documentation for alternat\n              ive uses"
      },
      {
            "phase": "N/A",
            "source_file": "     196     _configtest.c",
            "source_line_no": "5",
            "line_no": 697,
            "repeat_count": 0,
            "start": 691,
            "end": 704,
            "text": "196     _configtest.c:5:16: warning: variable 'test_array' set but not use",
            "pre_context": "     191     gcc: _configtest.c\n     192     _configtest.c: In function 'main':\n  >> 193     _configtest.c:5:16: error: size of array 'test_array' is negative\n     194         5 |     static int test_array [1 - 2 * !(((long) (sizeof (npy_\n             check_sizeof_type))) == 4)];\n     195           |                ^~~~~~~~~~",
            "post_context": "             d [-Wunused-but-set-variable]\n     197     _configtest.c: In function 'main':\n  >> 198     _configtest.c:5:16: error: size of array 'test_array' is negative\n     199         5 |     static int test_array [1 - 2 * !(((long) (sizeof (npy_\n             check_sizeof_type))) == 4)];\n     200           |                ^~~~~~~~~~"
      },
      {
            "phase": "N/A",
            "source_file": "     201     _configtest.c",
            "source_line_no": "5",
            "line_no": 704,
            "repeat_count": 0,
            "start": 698,
            "end": 711,
            "text": "201     _configtest.c:5:16: warning: variable 'test_array' set but not use",
            "pre_context": "             d [-Wunused-but-set-variable]\n     197     _configtest.c: In function 'main':\n  >> 198     _configtest.c:5:16: error: size of array 'test_array' is negative\n     199         5 |     static int test_array [1 - 2 * !(((long) (sizeof (npy_\n             check_sizeof_type))) == 4)];\n     200           |                ^~~~~~~~~~",
            "post_context": "             d [-Wunused-but-set-variable]\n     202     C compiler: /p/vast1/koparasy/BUILD/head/spack/lib/spack/env/gcc/g\n             cc -Wno-unused-result -Wsign-compare -DNDEBUG -g -fwrapv -O3 -Wall\n              -fPIC -fPIC\n     203\n     204     compile options: '-Inumpy/core/src/private -Inumpy/core/src -Inump"
      },
      {
            "phase": "N/A",
            "source_file": "     210     _configtest.c",
            "source_line_no": "5",
            "line_no": 722,
            "repeat_count": 0,
            "start": 716,
            "end": 729,
            "text": "210     _configtest.c:5:16: warning: variable 'test_array' set but not use",
            "pre_context": "     205     gcc: _configtest.c\n     206     _configtest.c: In function 'main':\n  >> 207     _configtest.c:5:16: error: size of array 'test_array' is negative\n     208         5 |     static int test_array [1 - 2 * !(((long) (sizeof (npy_\n             check_sizeof_type))) == 4)];\n     209           |                ^~~~~~~~~~",
            "post_context": "             d [-Wunused-but-set-variable]\n     211     _configtest.c: In function 'main':\n  >> 212     _configtest.c:5:16: error: size of array 'test_array' is negative\n     213         5 |     static int test_array [1 - 2 * !(((long) (sizeof (npy_\n             check_sizeof_type))) == 4)];\n     214           |                ^~~~~~~~~~"
      },
      {
            "phase": "N/A",
            "source_file": "     215     _configtest.c",
            "source_line_no": "5",
            "line_no": 729,
            "repeat_count": 0,
            "start": 723,
            "end": 736,
            "text": "215     _configtest.c:5:16: warning: variable 'test_array' set but not use",
            "pre_context": "             d [-Wunused-but-set-variable]\n     211     _configtest.c: In function 'main':\n  >> 212     _configtest.c:5:16: error: size of array 'test_array' is negative\n     213         5 |     static int test_array [1 - 2 * !(((long) (sizeof (npy_\n             check_sizeof_type))) == 4)];\n     214           |                ^~~~~~~~~~",
            "post_context": "             d [-Wunused-but-set-variable]\n     216     C compiler: /p/vast1/koparasy/BUILD/head/spack/lib/spack/env/gcc/g\n             cc -Wno-unused-result -Wsign-compare -DNDEBUG -g -fwrapv -O3 -Wall\n              -fPIC -fPIC\n     217\n     218     compile options: '-Inumpy/core/src/private -Inumpy/core/src -Inump"
      },
      {
            "phase": "N/A",
            "source_file": "     224     _configtest.c",
            "source_line_no": "5",
            "line_no": 747,
            "repeat_count": 0,
            "start": 741,
            "end": 754,
            "text": "224     _configtest.c:5:16: warning: variable 'test_array' set but not use",
            "pre_context": "     219     gcc: _configtest.c\n     220     _configtest.c: In function 'main':\n  >> 221     _configtest.c:5:16: error: size of array 'test_array' is negative\n     222         5 |     static int test_array [1 - 2 * !(((long) (sizeof (npy_\n             check_sizeof_type))) <= 0)];\n     223           |                ^~~~~~~~~~",
            "post_context": "             d [-Wunused-but-set-variable]\n     225     _configtest.c: In function 'main':\n  >> 226     _configtest.c:5:16: error: size of array 'test_array' is negative\n     227         5 |     static int test_array [1 - 2 * !(((long) (sizeof (npy_\n             check_sizeof_type))) <= 0)];\n     228           |                ^~~~~~~~~~"
      },
      {
            "phase": "N/A",
            "source_file": "     229     _configtest.c",
            "source_line_no": "5",
            "line_no": 754,
            "repeat_count": 0,
            "start": 748,
            "end": 761,
            "text": "229     _configtest.c:5:16: warning: variable 'test_array' set but not use",
            "pre_context": "             d [-Wunused-but-set-variable]\n     225     _configtest.c: In function 'main':\n  >> 226     _configtest.c:5:16: error: size of array 'test_array' is negative\n     227         5 |     static int test_array [1 - 2 * !(((long) (sizeof (npy_\n             check_sizeof_type))) <= 0)];\n     228           |                ^~~~~~~~~~",
            "post_context": "             d [-Wunused-but-set-variable]\n     230     C compiler: /p/vast1/koparasy/BUILD/head/spack/lib/spack/env/gcc/g\n             cc -Wno-unused-result -Wsign-compare -DNDEBUG -g -fwrapv -O3 -Wall\n              -fPIC -fPIC\n     231\n     232     compile options: '-Inumpy/core/src/private -Inumpy/core/src -Inump"
      },
      {
            "phase": "N/A",
            "source_file": "     238     _configtest.c",
            "source_line_no": "5",
            "line_no": 772,
            "repeat_count": 0,
            "start": 766,
            "end": 779,
            "text": "238     _configtest.c:5:16: warning: variable 'test_array' set but not use",
            "pre_context": "     233     gcc: _configtest.c\n     234     _configtest.c: In function 'main':\n  >> 235     _configtest.c:5:16: error: size of array 'test_array' is negative\n     236         5 |     static int test_array [1 - 2 * !(((long) (sizeof (npy_\n             check_sizeof_type))) <= 1)];\n     237           |                ^~~~~~~~~~",
            "post_context": "             d [-Wunused-but-set-variable]\n     239     _configtest.c: In function 'main':\n  >> 240     _configtest.c:5:16: error: size of array 'test_array' is negative\n     241         5 |     static int test_array [1 - 2 * !(((long) (sizeof (npy_\n             check_sizeof_type))) <= 1)];\n     242           |                ^~~~~~~~~~"
      },
      {
            "phase": "N/A",
            "source_file": "     243     _configtest.c",
            "source_line_no": "5",
            "line_no": 779,
            "repeat_count": 0,
            "start": 773,
            "end": 786,
            "text": "243     _configtest.c:5:16: warning: variable 'test_array' set but not use",
            "pre_context": "             d [-Wunused-but-set-variable]\n     239     _configtest.c: In function 'main':\n  >> 240     _configtest.c:5:16: error: size of array 'test_array' is negative\n     241         5 |     static int test_array [1 - 2 * !(((long) (sizeof (npy_\n             check_sizeof_type))) <= 1)];\n     242           |                ^~~~~~~~~~",
            "post_context": "             d [-Wunused-but-set-variable]\n     244     C compiler: /p/vast1/koparasy/BUILD/head/spack/lib/spack/env/gcc/g\n             cc -Wno-unused-result -Wsign-compare -DNDEBUG -g -fwrapv -O3 -Wall\n              -fPIC -fPIC\n     245\n     246     compile options: '-Inumpy/core/src/private -Inumpy/core/src -Inump"
      },
      {
            "phase": "N/A",
            "source_file": "     252     _configtest.c",
            "source_line_no": "5",
            "line_no": 797,
            "repeat_count": 0,
            "start": 791,
            "end": 804,
            "text": "252     _configtest.c:5:16: warning: variable 'test_array' set but not use",
            "pre_context": "     247     gcc: _configtest.c\n     248     _configtest.c: In function 'main':\n  >> 249     _configtest.c:5:16: error: size of array 'test_array' is negative\n     250         5 |     static int test_array [1 - 2 * !(((long) (sizeof (npy_\n             check_sizeof_type))) <= 3)];\n     251           |                ^~~~~~~~~~",
            "post_context": "             d [-Wunused-but-set-variable]\n     253     _configtest.c: In function 'main':\n  >> 254     _configtest.c:5:16: error: size of array 'test_array' is negative\n     255         5 |     static int test_array [1 - 2 * !(((long) (sizeof (npy_\n             check_sizeof_type))) <= 3)];\n     256           |                ^~~~~~~~~~"
      },
      {
            "phase": "N/A",
            "source_file": "     257     _configtest.c",
            "source_line_no": "5",
            "line_no": 804,
            "repeat_count": 0,
            "start": 798,
            "end": 811,
            "text": "257     _configtest.c:5:16: warning: variable 'test_array' set but not use",
            "pre_context": "             d [-Wunused-but-set-variable]\n     253     _configtest.c: In function 'main':\n  >> 254     _configtest.c:5:16: error: size of array 'test_array' is negative\n     255         5 |     static int test_array [1 - 2 * !(((long) (sizeof (npy_\n             check_sizeof_type))) <= 3)];\n     256           |                ^~~~~~~~~~",
            "post_context": "             d [-Wunused-but-set-variable]\n     258     C compiler: /p/vast1/koparasy/BUILD/head/spack/lib/spack/env/gcc/g\n             cc -Wno-unused-result -Wsign-compare -DNDEBUG -g -fwrapv -O3 -Wall\n              -fPIC -fPIC\n     259\n     260     compile options: '-Inumpy/core/src/private -Inumpy/core/src -Inump"
      },
      {
            "phase": "N/A",
            "source_file": "     266     _configtest.c",
            "source_line_no": "5",
            "line_no": 822,
            "repeat_count": 0,
            "start": 816,
            "end": 829,
            "text": "266     _configtest.c:5:16: warning: variable 'test_array' set but not use",
            "pre_context": "     261     gcc: _configtest.c\n     262     _configtest.c: In function 'main':\n  >> 263     _configtest.c:5:16: error: size of array 'test_array' is negative\n     264         5 |     static int test_array [1 - 2 * !(((long) (sizeof (npy_\n             check_sizeof_type))) <= 7)];\n     265           |                ^~~~~~~~~~",
            "post_context": "             d [-Wunused-but-set-variable]\n     267     _configtest.c: In function 'main':\n  >> 268     _configtest.c:5:16: error: size of array 'test_array' is negative\n     269         5 |     static int test_array [1 - 2 * !(((long) (sizeof (npy_\n             check_sizeof_type))) <= 7)];\n     270           |                ^~~~~~~~~~"
      },
      {
            "phase": "N/A",
            "source_file": "     271     _configtest.c",
            "source_line_no": "5",
            "line_no": 829,
            "repeat_count": 0,
            "start": 823,
            "end": 836,
            "text": "271     _configtest.c:5:16: warning: variable 'test_array' set but not use",
            "pre_context": "             d [-Wunused-but-set-variable]\n     267     _configtest.c: In function 'main':\n  >> 268     _configtest.c:5:16: error: size of array 'test_array' is negative\n     269         5 |     static int test_array [1 - 2 * !(((long) (sizeof (npy_\n             check_sizeof_type))) <= 7)];\n     270           |                ^~~~~~~~~~",
            "post_context": "             d [-Wunused-but-set-variable]\n     272     C compiler: /p/vast1/koparasy/BUILD/head/spack/lib/spack/env/gcc/g\n             cc -Wno-unused-result -Wsign-compare -DNDEBUG -g -fwrapv -O3 -Wall\n              -fPIC -fPIC\n     273\n     274     compile options: '-Inumpy/core/src/private -Inumpy/core/src -Inump"
      },
      {
            "phase": "N/A",
            "source_file": "     349     _configtest.c",
            "source_line_no": "5",
            "line_no": 861,
            "repeat_count": 0,
            "start": 855,
            "end": 868,
            "text": "349     _configtest.c:5:16: warning: variable 'test_array' set but not use",
            "pre_context": "     344     gcc: _configtest.c\n     345     _configtest.c: In function 'main':\n  >> 346     _configtest.c:5:16: error: size of array 'test_array' is negative\n     347         5 |     static int test_array [1 - 2 * !(((long) (sizeof (npy_\n             check_sizeof_type))) == 8)];\n     348           |                ^~~~~~~~~~",
            "post_context": "             d [-Wunused-but-set-variable]\n     350     _configtest.c: In function 'main':\n  >> 351     _configtest.c:5:16: error: size of array 'test_array' is negative\n     352         5 |     static int test_array [1 - 2 * !(((long) (sizeof (npy_\n             check_sizeof_type))) == 8)];\n     353           |                ^~~~~~~~~~"
      },
      {
            "phase": "N/A",
            "source_file": "     354     _configtest.c",
            "source_line_no": "5",
            "line_no": 868,
            "repeat_count": 0,
            "start": 862,
            "end": 875,
            "text": "354     _configtest.c:5:16: warning: variable 'test_array' set but not use",
            "pre_context": "             d [-Wunused-but-set-variable]\n     350     _configtest.c: In function 'main':\n  >> 351     _configtest.c:5:16: error: size of array 'test_array' is negative\n     352         5 |     static int test_array [1 - 2 * !(((long) (sizeof (npy_\n             check_sizeof_type))) == 8)];\n     353           |                ^~~~~~~~~~",
            "post_context": "             d [-Wunused-but-set-variable]\n     355     C compiler: /p/vast1/koparasy/BUILD/head/spack/lib/spack/env/gcc/g\n             cc -Wno-unused-result -Wsign-compare -DNDEBUG -g -fwrapv -O3 -Wall\n              -fPIC -fPIC\n     356\n     357     compile options: '-Inumpy/core/src/private -Inumpy/core/src -Inump"
      },
      {
            "phase": "N/A",
            "source_file": "     363     _configtest.c",
            "source_line_no": "5",
            "line_no": 886,
            "repeat_count": 0,
            "start": 880,
            "end": 893,
            "text": "363     _configtest.c:5:16: warning: variable 'test_array' set but not use",
            "pre_context": "     358     gcc: _configtest.c\n     359     _configtest.c: In function 'main':\n  >> 360     _configtest.c:5:16: error: size of array 'test_array' is negative\n     361         5 |     static int test_array [1 - 2 * !(((long) (sizeof (npy_\n             check_sizeof_type))) == 8)];\n     362           |                ^~~~~~~~~~",
            "post_context": "             d [-Wunused-but-set-variable]\n     364     _configtest.c: In function 'main':\n  >> 365     _configtest.c:5:16: error: size of array 'test_array' is negative\n     366         5 |     static int test_array [1 - 2 * !(((long) (sizeof (npy_\n             check_sizeof_type))) == 8)];\n     367           |                ^~~~~~~~~~"
      },
      {
            "phase": "N/A",
            "source_file": "     368     _configtest.c",
            "source_line_no": "5",
            "line_no": 893,
            "repeat_count": 0,
            "start": 887,
            "end": 900,
            "text": "368     _configtest.c:5:16: warning: variable 'test_array' set but not use",
            "pre_context": "             d [-Wunused-but-set-variable]\n     364     _configtest.c: In function 'main':\n  >> 365     _configtest.c:5:16: error: size of array 'test_array' is negative\n     366         5 |     static int test_array [1 - 2 * !(((long) (sizeof (npy_\n             check_sizeof_type))) == 8)];\n     367           |                ^~~~~~~~~~",
            "post_context": "             d [-Wunused-but-set-variable]\n     369     C compiler: /p/vast1/koparasy/BUILD/head/spack/lib/spack/env/gcc/g\n             cc -Wno-unused-result -Wsign-compare -DNDEBUG -g -fwrapv -O3 -Wall\n              -fPIC -fPIC\n     370\n     371     compile options: '-Inumpy/core/src/private -Inumpy/core/src -Inump"
      },
      {
            "phase": "N/A",
            "source_file": "     377     _configtest.c",
            "source_line_no": "5",
            "line_no": 911,
            "repeat_count": 0,
            "start": 905,
            "end": 918,
            "text": "377     _configtest.c:5:16: warning: variable 'test_array' set but not use",
            "pre_context": "     372     gcc: _configtest.c\n     373     _configtest.c: In function 'main':\n  >> 374     _configtest.c:5:16: error: size of array 'test_array' is negative\n     375         5 |     static int test_array [1 - 2 * !(((long) (sizeof (npy_\n             check_sizeof_type))) <= 0)];\n     376           |                ^~~~~~~~~~",
            "post_context": "             d [-Wunused-but-set-variable]\n     378     _configtest.c: In function 'main':\n  >> 379     _configtest.c:5:16: error: size of array 'test_array' is negative\n     380         5 |     static int test_array [1 - 2 * !(((long) (sizeof (npy_\n             check_sizeof_type))) <= 0)];\n     381           |                ^~~~~~~~~~"
      },
      {
            "phase": "N/A",
            "source_file": "     382     _configtest.c",
            "source_line_no": "5",
            "line_no": 918,
            "repeat_count": 0,
            "start": 912,
            "end": 925,
            "text": "382     _configtest.c:5:16: warning: variable 'test_array' set but not use",
            "pre_context": "             d [-Wunused-but-set-variable]\n     378     _configtest.c: In function 'main':\n  >> 379     _configtest.c:5:16: error: size of array 'test_array' is negative\n     380         5 |     static int test_array [1 - 2 * !(((long) (sizeof (npy_\n             check_sizeof_type))) <= 0)];\n     381           |                ^~~~~~~~~~",
            "post_context": "             d [-Wunused-but-set-variable]\n     383     C compiler: /p/vast1/koparasy/BUILD/head/spack/lib/spack/env/gcc/g\n             cc -Wno-unused-result -Wsign-compare -DNDEBUG -g -fwrapv -O3 -Wall\n              -fPIC -fPIC\n     384\n     385     compile options: '-Inumpy/core/src/private -Inumpy/core/src -Inump"
      },
      {
            "phase": "N/A",
            "source_file": "     391     _configtest.c",
            "source_line_no": "5",
            "line_no": 936,
            "repeat_count": 0,
            "start": 930,
            "end": 943,
            "text": "391     _configtest.c:5:16: warning: variable 'test_array' set but not use",
            "pre_context": "     386     gcc: _configtest.c\n     387     _configtest.c: In function 'main':\n  >> 388     _configtest.c:5:16: error: size of array 'test_array' is negative\n     389         5 |     static int test_array [1 - 2 * !(((long) (sizeof (npy_\n             check_sizeof_type))) <= 1)];\n     390           |                ^~~~~~~~~~",
            "post_context": "             d [-Wunused-but-set-variable]\n     392     _configtest.c: In function 'main':\n  >> 393     _configtest.c:5:16: error: size of array 'test_array' is negative\n     394         5 |     static int test_array [1 - 2 * !(((long) (sizeof (npy_\n             check_sizeof_type))) <= 1)];\n     395           |                ^~~~~~~~~~"
      },
      {
            "phase": "N/A",
            "source_file": "     396     _configtest.c",
            "source_line_no": "5",
            "line_no": 943,
            "repeat_count": 0,
            "start": 937,
            "end": 950,
            "text": "396     _configtest.c:5:16: warning: variable 'test_array' set but not use",
            "pre_context": "             d [-Wunused-but-set-variable]\n     392     _configtest.c: In function 'main':\n  >> 393     _configtest.c:5:16: error: size of array 'test_array' is negative\n     394         5 |     static int test_array [1 - 2 * !(((long) (sizeof (npy_\n             check_sizeof_type))) <= 1)];\n     395           |                ^~~~~~~~~~",
            "post_context": "             d [-Wunused-but-set-variable]\n     397     C compiler: /p/vast1/koparasy/BUILD/head/spack/lib/spack/env/gcc/g\n             cc -Wno-unused-result -Wsign-compare -DNDEBUG -g -fwrapv -O3 -Wall\n              -fPIC -fPIC\n     398\n     399     compile options: '-Inumpy/core/src/private -Inumpy/core/src -Inump"
      },
      {
            "phase": "N/A",
            "source_file": "     405     _configtest.c",
            "source_line_no": "5",
            "line_no": 961,
            "repeat_count": 0,
            "start": 955,
            "end": 968,
            "text": "405     _configtest.c:5:16: warning: variable 'test_array' set but not use",
            "pre_context": "     400     gcc: _configtest.c\n     401     _configtest.c: In function 'main':\n  >> 402     _configtest.c:5:16: error: size of array 'test_array' is negative\n     403         5 |     static int test_array [1 - 2 * !(((long) (sizeof (npy_\n             check_sizeof_type))) <= 3)];\n     404           |                ^~~~~~~~~~",
            "post_context": "             d [-Wunused-but-set-variable]\n     406     _configtest.c: In function 'main':\n  >> 407     _configtest.c:5:16: error: size of array 'test_array' is negative\n     408         5 |     static int test_array [1 - 2 * !(((long) (sizeof (npy_\n             check_sizeof_type))) <= 3)];\n     409           |                ^~~~~~~~~~"
      },
      {
            "phase": "N/A",
            "source_file": "     410     _configtest.c",
            "source_line_no": "5",
            "line_no": 968,
            "repeat_count": 0,
            "start": 962,
            "end": 975,
            "text": "410     _configtest.c:5:16: warning: variable 'test_array' set but not use",
            "pre_context": "             d [-Wunused-but-set-variable]\n     406     _configtest.c: In function 'main':\n  >> 407     _configtest.c:5:16: error: size of array 'test_array' is negative\n     408         5 |     static int test_array [1 - 2 * !(((long) (sizeof (npy_\n             check_sizeof_type))) <= 3)];\n     409           |                ^~~~~~~~~~",
            "post_context": "             d [-Wunused-but-set-variable]\n     411     C compiler: /p/vast1/koparasy/BUILD/head/spack/lib/spack/env/gcc/g\n             cc -Wno-unused-result -Wsign-compare -DNDEBUG -g -fwrapv -O3 -Wall\n              -fPIC -fPIC\n     412\n     413     compile options: '-Inumpy/core/src/private -Inumpy/core/src -Inump"
      },
      {
            "phase": "N/A",
            "source_file": "     419     _configtest.c",
            "source_line_no": "5",
            "line_no": 986,
            "repeat_count": 0,
            "start": 980,
            "end": 993,
            "text": "419     _configtest.c:5:16: warning: variable 'test_array' set but not use",
            "pre_context": "     414     gcc: _configtest.c\n     415     _configtest.c: In function 'main':\n  >> 416     _configtest.c:5:16: error: size of array 'test_array' is negative\n     417         5 |     static int test_array [1 - 2 * !(((long) (sizeof (npy_\n             check_sizeof_type))) <= 7)];\n     418           |                ^~~~~~~~~~",
            "post_context": "             d [-Wunused-but-set-variable]\n     420     _configtest.c: In function 'main':\n  >> 421     _configtest.c:5:16: error: size of array 'test_array' is negative\n     422         5 |     static int test_array [1 - 2 * !(((long) (sizeof (npy_\n             check_sizeof_type))) <= 7)];\n     423           |                ^~~~~~~~~~"
      },
      {
            "phase": "N/A",
            "source_file": "     424     _configtest.c",
            "source_line_no": "5",
            "line_no": 993,
            "repeat_count": 0,
            "start": 987,
            "end": 1000,
            "text": "424     _configtest.c:5:16: warning: variable 'test_array' set but not use",
            "pre_context": "             d [-Wunused-but-set-variable]\n     420     _configtest.c: In function 'main':\n  >> 421     _configtest.c:5:16: error: size of array 'test_array' is negative\n     422         5 |     static int test_array [1 - 2 * !(((long) (sizeof (npy_\n             check_sizeof_type))) <= 7)];\n     423           |                ^~~~~~~~~~",
            "post_context": "             d [-Wunused-but-set-variable]\n     425     C compiler: /p/vast1/koparasy/BUILD/head/spack/lib/spack/env/gcc/g\n             cc -Wno-unused-result -Wsign-compare -DNDEBUG -g -fwrapv -O3 -Wall\n              -fPIC -fPIC\n     426\n     427     compile options: '-Inumpy/core/src/private -Inumpy/core/src -Inump"
      },
      {
            "phase": "N/A",
            "source_file": "     433     _configtest.c",
            "source_line_no": "5",
            "line_no": 1011,
            "repeat_count": 0,
            "start": 1005,
            "end": 1018,
            "text": "433     _configtest.c:5:16: warning: variable 'test_array' set but not use",
            "pre_context": "     428     gcc: _configtest.c\n     429     _configtest.c: In function 'main':\n  >> 430     _configtest.c:5:16: error: size of array 'test_array' is negative\n     431         5 |     static int test_array [1 - 2 * !(((long) (sizeof (npy_\n             check_sizeof_type))) <= 15)];\n     432           |                ^~~~~~~~~~",
            "post_context": "             d [-Wunused-but-set-variable]\n     434     _configtest.c: In function 'main':\n  >> 435     _configtest.c:5:16: error: size of array 'test_array' is negative\n     436         5 |     static int test_array [1 - 2 * !(((long) (sizeof (npy_\n             check_sizeof_type))) <= 15)];\n     437           |                ^~~~~~~~~~"
      },
      {
            "phase": "N/A",
            "source_file": "     438     _configtest.c",
            "source_line_no": "5",
            "line_no": 1018,
            "repeat_count": 0,
            "start": 1012,
            "end": 1025,
            "text": "438     _configtest.c:5:16: warning: variable 'test_array' set but not use",
            "pre_context": "             d [-Wunused-but-set-variable]\n     434     _configtest.c: In function 'main':\n  >> 435     _configtest.c:5:16: error: size of array 'test_array' is negative\n     436         5 |     static int test_array [1 - 2 * !(((long) (sizeof (npy_\n             check_sizeof_type))) <= 15)];\n     437           |                ^~~~~~~~~~",
            "post_context": "             d [-Wunused-but-set-variable]\n     439     C compiler: /p/vast1/koparasy/BUILD/head/spack/lib/spack/env/gcc/g\n             cc -Wno-unused-result -Wsign-compare -DNDEBUG -g -fwrapv -O3 -Wall\n              -fPIC -fPIC\n     440\n     441     compile options: '-Inumpy/core/src/private -Inumpy/core/src -Inump"
      },
      {
            "phase": "N/A",
            "source_file": "     519     _configtest.c",
            "source_line_no": "5",
            "line_no": 1083,
            "repeat_count": 0,
            "start": 1077,
            "end": 1090,
            "text": "519     _configtest.c:5:16: warning: variable 'test_array' set but not use",
            "pre_context": "     514     gcc: _configtest.c\n     515     _configtest.c: In function 'main':\n  >> 516     _configtest.c:5:16: error: size of array 'test_array' is negative\n     517         5 |     static int test_array [1 - 2 * !(((long) (sizeof (npy_\n             check_sizeof_type))) == 8)];\n     518           |                ^~~~~~~~~~",
            "post_context": "             d [-Wunused-but-set-variable]\n     520     _configtest.c: In function 'main':\n  >> 521     _configtest.c:5:16: error: size of array 'test_array' is negative\n     522         5 |     static int test_array [1 - 2 * !(((long) (sizeof (npy_\n             check_sizeof_type))) == 8)];\n     523           |                ^~~~~~~~~~"
      },
      {
            "phase": "N/A",
            "source_file": "     524     _configtest.c",
            "source_line_no": "5",
            "line_no": 1090,
            "repeat_count": 0,
            "start": 1084,
            "end": 1097,
            "text": "524     _configtest.c:5:16: warning: variable 'test_array' set but not use",
            "pre_context": "             d [-Wunused-but-set-variable]\n     520     _configtest.c: In function 'main':\n  >> 521     _configtest.c:5:16: error: size of array 'test_array' is negative\n     522         5 |     static int test_array [1 - 2 * !(((long) (sizeof (npy_\n             check_sizeof_type))) == 8)];\n     523           |                ^~~~~~~~~~",
            "post_context": "             d [-Wunused-but-set-variable]\n     525     C compiler: /p/vast1/koparasy/BUILD/head/spack/lib/spack/env/gcc/g\n             cc -Wno-unused-result -Wsign-compare -DNDEBUG -g -fwrapv -O3 -Wall\n              -fPIC -fPIC\n     526\n     527     compile options: '-Inumpy/core/src/private -Inumpy/core/src -Inump"
      },
      {
            "phase": "N/A",
            "source_file": "     533     _configtest.c",
            "source_line_no": "5",
            "line_no": 1108,
            "repeat_count": 0,
            "start": 1102,
            "end": 1115,
            "text": "533     _configtest.c:5:16: warning: variable 'test_array' set but not use",
            "pre_context": "     528     gcc: _configtest.c\n     529     _configtest.c: In function 'main':\n  >> 530     _configtest.c:5:16: error: size of array 'test_array' is negative\n     531         5 |     static int test_array [1 - 2 * !(((long) (sizeof (npy_\n             check_sizeof_type))) == 12)];\n     532           |                ^~~~~~~~~~",
            "post_context": "             d [-Wunused-but-set-variable]\n     534     _configtest.c: In function 'main':\n  >> 535     _configtest.c:5:16: error: size of array 'test_array' is negative\n     536         5 |     static int test_array [1 - 2 * !(((long) (sizeof (npy_\n             check_sizeof_type))) == 12)];\n     537           |                ^~~~~~~~~~"
      },
      {
            "phase": "N/A",
            "source_file": "     538     _configtest.c",
            "source_line_no": "5",
            "line_no": 1115,
            "repeat_count": 0,
            "start": 1109,
            "end": 1122,
            "text": "538     _configtest.c:5:16: warning: variable 'test_array' set but not use",
            "pre_context": "             d [-Wunused-but-set-variable]\n     534     _configtest.c: In function 'main':\n  >> 535     _configtest.c:5:16: error: size of array 'test_array' is negative\n     536         5 |     static int test_array [1 - 2 * !(((long) (sizeof (npy_\n             check_sizeof_type))) == 12)];\n     537           |                ^~~~~~~~~~",
            "post_context": "             d [-Wunused-but-set-variable]\n     539     C compiler: /p/vast1/koparasy/BUILD/head/spack/lib/spack/env/gcc/g\n             cc -Wno-unused-result -Wsign-compare -DNDEBUG -g -fwrapv -O3 -Wall\n              -fPIC -fPIC\n     540\n     541     compile options: '-Inumpy/core/src/private -Inumpy/core/src -Inump"
      },
      {
            "phase": "N/A",
            "source_file": "     565     _configtest.c",
            "source_line_no": "5",
            "line_no": 1147,
            "repeat_count": 0,
            "start": 1141,
            "end": 1154,
            "text": "565     _configtest.c:5:16: warning: variable 'test_array' set but not use",
            "pre_context": "     560     gcc: _configtest.c\n     561     _configtest.c: In function 'main':\n  >> 562     _configtest.c:5:16: error: size of array 'test_array' is negative\n     563         5 |     static int test_array [1 - 2 * !(((long) (sizeof (npy_\n             check_sizeof_type))) == 8)];\n     564           |                ^~~~~~~~~~",
            "post_context": "             d [-Wunused-but-set-variable]\n     566     _configtest.c: In function 'main':\n  >> 567     _configtest.c:5:16: error: size of array 'test_array' is negative\n     568         5 |     static int test_array [1 - 2 * !(((long) (sizeof (npy_\n             check_sizeof_type))) == 8)];\n     569           |                ^~~~~~~~~~"
      },
      {
            "phase": "N/A",
            "source_file": "     570     _configtest.c",
            "source_line_no": "5",
            "line_no": 1154,
            "repeat_count": 0,
            "start": 1148,
            "end": 1161,
            "text": "570     _configtest.c:5:16: warning: variable 'test_array' set but not use",
            "pre_context": "             d [-Wunused-but-set-variable]\n     566     _configtest.c: In function 'main':\n  >> 567     _configtest.c:5:16: error: size of array 'test_array' is negative\n     568         5 |     static int test_array [1 - 2 * !(((long) (sizeof (npy_\n             check_sizeof_type))) == 8)];\n     569           |                ^~~~~~~~~~",
            "post_context": "             d [-Wunused-but-set-variable]\n     571     C compiler: /p/vast1/koparasy/BUILD/head/spack/lib/spack/env/gcc/g\n             cc -Wno-unused-result -Wsign-compare -DNDEBUG -g -fwrapv -O3 -Wall\n              -fPIC -fPIC\n     572\n     573     compile options: '-Inumpy/core/src/private -Inumpy/core/src -Inump"
      },
      {
            "phase": "N/A",
            "source_file": "     579     _configtest.c",
            "source_line_no": "5",
            "line_no": 1172,
            "repeat_count": 0,
            "start": 1166,
            "end": 1179,
            "text": "579     _configtest.c:5:16: warning: variable 'test_array' set but not use",
            "pre_context": "     574     gcc: _configtest.c\n     575     _configtest.c: In function 'main':\n  >> 576     _configtest.c:5:16: error: size of array 'test_array' is negative\n     577         5 |     static int test_array [1 - 2 * !(((long) (sizeof (npy_\n             check_sizeof_type))) == 12)];\n     578           |                ^~~~~~~~~~",
            "post_context": "             d [-Wunused-but-set-variable]\n     580     _configtest.c: In function 'main':\n  >> 581     _configtest.c:5:16: error: size of array 'test_array' is negative\n     582         5 |     static int test_array [1 - 2 * !(((long) (sizeof (npy_\n             check_sizeof_type))) == 12)];\n     583           |                ^~~~~~~~~~"
      },
      {
            "phase": "N/A",
            "source_file": "     584     _configtest.c",
            "source_line_no": "5",
            "line_no": 1179,
            "repeat_count": 0,
            "start": 1173,
            "end": 1186,
            "text": "584     _configtest.c:5:16: warning: variable 'test_array' set but not use",
            "pre_context": "             d [-Wunused-but-set-variable]\n     580     _configtest.c: In function 'main':\n  >> 581     _configtest.c:5:16: error: size of array 'test_array' is negative\n     582         5 |     static int test_array [1 - 2 * !(((long) (sizeof (npy_\n             check_sizeof_type))) == 12)];\n     583           |                ^~~~~~~~~~",
            "post_context": "             d [-Wunused-but-set-variable]\n     585     C compiler: /p/vast1/koparasy/BUILD/head/spack/lib/spack/env/gcc/g\n             cc -Wno-unused-result -Wsign-compare -DNDEBUG -g -fwrapv -O3 -Wall\n              -fPIC -fPIC\n     586\n     587     compile options: '-Inumpy/core/src/private -Inumpy/core/src -Inump"
      },
      {
            "phase": "N/A",
            "source_file": "     593     _configtest.c",
            "source_line_no": "5",
            "line_no": 1197,
            "repeat_count": 0,
            "start": 1191,
            "end": 1204,
            "text": "593     _configtest.c:5:16: warning: variable 'test_array' set but not use",
            "pre_context": "     588     gcc: _configtest.c\n     589     _configtest.c: In function 'main':\n  >> 590     _configtest.c:5:16: error: size of array 'test_array' is negative\n     591         5 |     static int test_array [1 - 2 * !(((long) (sizeof (npy_\n             check_sizeof_type))) == 16)];\n     592           |                ^~~~~~~~~~",
            "post_context": "             d [-Wunused-but-set-variable]\n     594     _configtest.c: In function 'main':\n  >> 595     _configtest.c:5:16: error: size of array 'test_array' is negative\n     596         5 |     static int test_array [1 - 2 * !(((long) (sizeof (npy_\n             check_sizeof_type))) == 16)];\n     597           |                ^~~~~~~~~~"
      },
      {
            "phase": "N/A",
            "source_file": "     598     _configtest.c",
            "source_line_no": "5",
            "line_no": 1204,
            "repeat_count": 0,
            "start": 1198,
            "end": 1211,
            "text": "598     _configtest.c:5:16: warning: variable 'test_array' set but not use",
            "pre_context": "             d [-Wunused-but-set-variable]\n     594     _configtest.c: In function 'main':\n  >> 595     _configtest.c:5:16: error: size of array 'test_array' is negative\n     596         5 |     static int test_array [1 - 2 * !(((long) (sizeof (npy_\n             check_sizeof_type))) == 16)];\n     597           |                ^~~~~~~~~~",
            "post_context": "             d [-Wunused-but-set-variable]\n     599     C compiler: /p/vast1/koparasy/BUILD/head/spack/lib/spack/env/gcc/g\n             cc -Wno-unused-result -Wsign-compare -DNDEBUG -g -fwrapv -O3 -Wall\n              -fPIC -fPIC\n     600\n     601     compile options: '-Inumpy/core/src/private -Inumpy/core/src -Inump"
      },
      {
            "phase": "N/A",
            "source_file": "     607     _configtest.c",
            "source_line_no": "5",
            "line_no": 1222,
            "repeat_count": 0,
            "start": 1216,
            "end": 1229,
            "text": "607     _configtest.c:5:16: warning: variable 'test_array' set but not use",
            "pre_context": "     602     gcc: _configtest.c\n     603     _configtest.c: In function 'main':\n  >> 604     _configtest.c:5:16: error: size of array 'test_array' is negative\n     605         5 |     static int test_array [1 - 2 * !(((long) (sizeof (npy_\n             check_sizeof_type))) == 8)];\n     606           |                ^~~~~~~~~~",
            "post_context": "             d [-Wunused-but-set-variable]\n     608     _configtest.c: In function 'main':\n  >> 609     _configtest.c:5:16: error: size of array 'test_array' is negative\n     610         5 |     static int test_array [1 - 2 * !(((long) (sizeof (npy_\n             check_sizeof_type))) == 8)];\n     611           |                ^~~~~~~~~~"
      },
      {
            "phase": "N/A",
            "source_file": "     612     _configtest.c",
            "source_line_no": "5",
            "line_no": 1229,
            "repeat_count": 0,
            "start": 1223,
            "end": 1236,
            "text": "612     _configtest.c:5:16: warning: variable 'test_array' set but not use",
            "pre_context": "             d [-Wunused-but-set-variable]\n     608     _configtest.c: In function 'main':\n  >> 609     _configtest.c:5:16: error: size of array 'test_array' is negative\n     610         5 |     static int test_array [1 - 2 * !(((long) (sizeof (npy_\n             check_sizeof_type))) == 8)];\n     611           |                ^~~~~~~~~~",
            "post_context": "             d [-Wunused-but-set-variable]\n     613     C compiler: /p/vast1/koparasy/BUILD/head/spack/lib/spack/env/gcc/g\n             cc -Wno-unused-result -Wsign-compare -DNDEBUG -g -fwrapv -O3 -Wall\n              -fPIC -fPIC\n     614\n     615     compile options: '-Inumpy/core/src/private -Inumpy/core/src -Inump"
      },
      {
            "phase": "N/A",
            "source_file": "     621     _configtest.c",
            "source_line_no": "5",
            "line_no": 1247,
            "repeat_count": 0,
            "start": 1241,
            "end": 1254,
            "text": "621     _configtest.c:5:16: warning: variable 'test_array' set but not use",
            "pre_context": "     616     gcc: _configtest.c\n     617     _configtest.c: In function 'main':\n  >> 618     _configtest.c:5:16: error: size of array 'test_array' is negative\n     619         5 |     static int test_array [1 - 2 * !(((long) (sizeof (npy_\n             check_sizeof_type))) == 12)];\n     620           |                ^~~~~~~~~~",
            "post_context": "             d [-Wunused-but-set-variable]\n     622     _configtest.c: In function 'main':\n  >> 623     _configtest.c:5:16: error: size of array 'test_array' is negative\n     624         5 |     static int test_array [1 - 2 * !(((long) (sizeof (npy_\n             check_sizeof_type))) == 12)];\n     625           |                ^~~~~~~~~~"
      },
      {
            "phase": "N/A",
            "source_file": "     626     _configtest.c",
            "source_line_no": "5",
            "line_no": 1254,
            "repeat_count": 0,
            "start": 1248,
            "end": 1261,
            "text": "626     _configtest.c:5:16: warning: variable 'test_array' set but not use",
            "pre_context": "             d [-Wunused-but-set-variable]\n     622     _configtest.c: In function 'main':\n  >> 623     _configtest.c:5:16: error: size of array 'test_array' is negative\n     624         5 |     static int test_array [1 - 2 * !(((long) (sizeof (npy_\n             check_sizeof_type))) == 12)];\n     625           |                ^~~~~~~~~~",
            "post_context": "             d [-Wunused-but-set-variable]\n     627     C compiler: /p/vast1/koparasy/BUILD/head/spack/lib/spack/env/gcc/g\n             cc -Wno-unused-result -Wsign-compare -DNDEBUG -g -fwrapv -O3 -Wall\n              -fPIC -fPIC\n     628\n     629     compile options: '-Inumpy/core/src/private -Inumpy/core/src -Inump"
      },
      {
            "phase": "N/A",
            "source_file": "     635     _configtest.c",
            "source_line_no": "5",
            "line_no": 1272,
            "repeat_count": 0,
            "start": 1266,
            "end": 1279,
            "text": "635     _configtest.c:5:16: warning: variable 'test_array' set but not use",
            "pre_context": "     630     gcc: _configtest.c\n     631     _configtest.c: In function 'main':\n  >> 632     _configtest.c:5:16: error: size of array 'test_array' is negative\n     633         5 |     static int test_array [1 - 2 * !(((long) (sizeof (npy_\n             check_sizeof_type))) == 16)];\n     634           |                ^~~~~~~~~~",
            "post_context": "             d [-Wunused-but-set-variable]\n     636     _configtest.c: In function 'main':\n  >> 637     _configtest.c:5:16: error: size of array 'test_array' is negative\n     638         5 |     static int test_array [1 - 2 * !(((long) (sizeof (npy_\n             check_sizeof_type))) == 16)];\n     639           |                ^~~~~~~~~~"
      },
      {
            "phase": "N/A",
            "source_file": "     640     _configtest.c",
            "source_line_no": "5",
            "line_no": 1279,
            "repeat_count": 0,
            "start": 1273,
            "end": 1286,
            "text": "640     _configtest.c:5:16: warning: variable 'test_array' set but not use",
            "pre_context": "             d [-Wunused-but-set-variable]\n     636     _configtest.c: In function 'main':\n  >> 637     _configtest.c:5:16: error: size of array 'test_array' is negative\n     638         5 |     static int test_array [1 - 2 * !(((long) (sizeof (npy_\n             check_sizeof_type))) == 16)];\n     639           |                ^~~~~~~~~~",
            "post_context": "             d [-Wunused-but-set-variable]\n     641     C compiler: /p/vast1/koparasy/BUILD/head/spack/lib/spack/env/gcc/g\n             cc -Wno-unused-result -Wsign-compare -DNDEBUG -g -fwrapv -O3 -Wall\n              -fPIC -fPIC\n     642\n     643     compile options: '-Inumpy/core/src/private -Inumpy/core/src -Inump"
      },
      {
            "phase": "N/A",
            "source_file": "     649     _configtest.c",
            "source_line_no": "5",
            "line_no": 1297,
            "repeat_count": 0,
            "start": 1291,
            "end": 1304,
            "text": "649     _configtest.c:5:16: warning: variable 'test_array' set but not use",
            "pre_context": "     644     gcc: _configtest.c\n     645     _configtest.c: In function 'main':\n  >> 646     _configtest.c:5:16: error: size of array 'test_array' is negative\n     647         5 |     static int test_array [1 - 2 * !(((long) (sizeof (npy_\n             check_sizeof_type))) <= 0)];\n     648           |                ^~~~~~~~~~",
            "post_context": "             d [-Wunused-but-set-variable]\n     650     _configtest.c: In function 'main':\n  >> 651     _configtest.c:5:16: error: size of array 'test_array' is negative\n     652         5 |     static int test_array [1 - 2 * !(((long) (sizeof (npy_\n             check_sizeof_type))) <= 0)];\n     653           |                ^~~~~~~~~~"
      },
      {
            "phase": "N/A",
            "source_file": "     654     _configtest.c",
            "source_line_no": "5",
            "line_no": 1304,
            "repeat_count": 0,
            "start": 1298,
            "end": 1311,
            "text": "654     _configtest.c:5:16: warning: variable 'test_array' set but not use",
            "pre_context": "             d [-Wunused-but-set-variable]\n     650     _configtest.c: In function 'main':\n  >> 651     _configtest.c:5:16: error: size of array 'test_array' is negative\n     652         5 |     static int test_array [1 - 2 * !(((long) (sizeof (npy_\n             check_sizeof_type))) <= 0)];\n     653           |                ^~~~~~~~~~",
            "post_context": "             d [-Wunused-but-set-variable]\n     655     C compiler: /p/vast1/koparasy/BUILD/head/spack/lib/spack/env/gcc/g\n             cc -Wno-unused-result -Wsign-compare -DNDEBUG -g -fwrapv -O3 -Wall\n              -fPIC -fPIC\n     656\n     657     compile options: '-Inumpy/core/src/private -Inumpy/core/src -Inump"
      },
      {
            "phase": "N/A",
            "source_file": "     663     _configtest.c",
            "source_line_no": "5",
            "line_no": 1322,
            "repeat_count": 0,
            "start": 1316,
            "end": 1329,
            "text": "663     _configtest.c:5:16: warning: variable 'test_array' set but not use",
            "pre_context": "     658     gcc: _configtest.c\n     659     _configtest.c: In function 'main':\n  >> 660     _configtest.c:5:16: error: size of array 'test_array' is negative\n     661         5 |     static int test_array [1 - 2 * !(((long) (sizeof (npy_\n             check_sizeof_type))) <= 1)];\n     662           |                ^~~~~~~~~~",
            "post_context": "             d [-Wunused-but-set-variable]\n     664     _configtest.c: In function 'main':\n  >> 665     _configtest.c:5:16: error: size of array 'test_array' is negative\n     666         5 |     static int test_array [1 - 2 * !(((long) (sizeof (npy_\n             check_sizeof_type))) <= 1)];\n     667           |                ^~~~~~~~~~"
      },
      {
            "phase": "N/A",
            "source_file": "     668     _configtest.c",
            "source_line_no": "5",
            "line_no": 1329,
            "repeat_count": 0,
            "start": 1323,
            "end": 1336,
            "text": "668     _configtest.c:5:16: warning: variable 'test_array' set but not use",
            "pre_context": "             d [-Wunused-but-set-variable]\n     664     _configtest.c: In function 'main':\n  >> 665     _configtest.c:5:16: error: size of array 'test_array' is negative\n     666         5 |     static int test_array [1 - 2 * !(((long) (sizeof (npy_\n             check_sizeof_type))) <= 1)];\n     667           |                ^~~~~~~~~~",
            "post_context": "             d [-Wunused-but-set-variable]\n     669     C compiler: /p/vast1/koparasy/BUILD/head/spack/lib/spack/env/gcc/g\n             cc -Wno-unused-result -Wsign-compare -DNDEBUG -g -fwrapv -O3 -Wall\n              -fPIC -fPIC\n     670\n     671     compile options: '-Inumpy/core/src/private -Inumpy/core/src -Inump"
      },
      {
            "phase": "N/A",
            "source_file": "     677     _configtest.c",
            "source_line_no": "5",
            "line_no": 1347,
            "repeat_count": 0,
            "start": 1341,
            "end": 1354,
            "text": "677     _configtest.c:5:16: warning: variable 'test_array' set but not use",
            "pre_context": "     672     gcc: _configtest.c\n     673     _configtest.c: In function 'main':\n  >> 674     _configtest.c:5:16: error: size of array 'test_array' is negative\n     675         5 |     static int test_array [1 - 2 * !(((long) (sizeof (npy_\n             check_sizeof_type))) <= 3)];\n     676           |                ^~~~~~~~~~",
            "post_context": "             d [-Wunused-but-set-variable]\n     678     _configtest.c: In function 'main':\n  >> 679     _configtest.c:5:16: error: size of array 'test_array' is negative\n     680         5 |     static int test_array [1 - 2 * !(((long) (sizeof (npy_\n             check_sizeof_type))) <= 3)];\n     681           |                ^~~~~~~~~~"
      },
      {
            "phase": "N/A",
            "source_file": "     682     _configtest.c",
            "source_line_no": "5",
            "line_no": 1354,
            "repeat_count": 0,
            "start": 1348,
            "end": 1361,
            "text": "682     _configtest.c:5:16: warning: variable 'test_array' set but not use",
            "pre_context": "             d [-Wunused-but-set-variable]\n     678     _configtest.c: In function 'main':\n  >> 679     _configtest.c:5:16: error: size of array 'test_array' is negative\n     680         5 |     static int test_array [1 - 2 * !(((long) (sizeof (npy_\n             check_sizeof_type))) <= 3)];\n     681           |                ^~~~~~~~~~",
            "post_context": "             d [-Wunused-but-set-variable]\n     683     C compiler: /p/vast1/koparasy/BUILD/head/spack/lib/spack/env/gcc/g\n             cc -Wno-unused-result -Wsign-compare -DNDEBUG -g -fwrapv -O3 -Wall\n              -fPIC -fPIC\n     684\n     685     compile options: '-Inumpy/core/src/private -Inumpy/core/src -Inump"
      },
      {
            "phase": "N/A",
            "source_file": "     691     _configtest.c",
            "source_line_no": "5",
            "line_no": 1372,
            "repeat_count": 0,
            "start": 1366,
            "end": 1379,
            "text": "691     _configtest.c:5:16: warning: variable 'test_array' set but not use",
            "pre_context": "     686     gcc: _configtest.c\n     687     _configtest.c: In function 'main':\n  >> 688     _configtest.c:5:16: error: size of array 'test_array' is negative\n     689         5 |     static int test_array [1 - 2 * !(((long) (sizeof (npy_\n             check_sizeof_type))) <= 7)];\n     690           |                ^~~~~~~~~~",
            "post_context": "             d [-Wunused-but-set-variable]\n     692     _configtest.c: In function 'main':\n  >> 693     _configtest.c:5:16: error: size of array 'test_array' is negative\n     694         5 |     static int test_array [1 - 2 * !(((long) (sizeof (npy_\n             check_sizeof_type))) <= 7)];\n     695           |                ^~~~~~~~~~"
      },
      {
            "phase": "N/A",
            "source_file": "     696     _configtest.c",
            "source_line_no": "5",
            "line_no": 1379,
            "repeat_count": 0,
            "start": 1373,
            "end": 1386,
            "text": "696     _configtest.c:5:16: warning: variable 'test_array' set but not use",
            "pre_context": "             d [-Wunused-but-set-variable]\n     692     _configtest.c: In function 'main':\n  >> 693     _configtest.c:5:16: error: size of array 'test_array' is negative\n     694         5 |     static int test_array [1 - 2 * !(((long) (sizeof (npy_\n             check_sizeof_type))) <= 7)];\n     695           |                ^~~~~~~~~~",
            "post_context": "             d [-Wunused-but-set-variable]\n     697     C compiler: /p/vast1/koparasy/BUILD/head/spack/lib/spack/env/gcc/g\n             cc -Wno-unused-result -Wsign-compare -DNDEBUG -g -fwrapv -O3 -Wall\n              -fPIC -fPIC\n     698\n     699     compile options: '-Inumpy/core/src/private -Inumpy/core/src -Inump"
      },
      {
            "phase": "N/A",
            "source_file": "     705     _configtest.c",
            "source_line_no": "5",
            "line_no": 1397,
            "repeat_count": 0,
            "start": 1391,
            "end": 1404,
            "text": "705     _configtest.c:5:16: warning: variable 'test_array' set but not use",
            "pre_context": "     700     gcc: _configtest.c\n     701     _configtest.c: In function 'main':\n  >> 702     _configtest.c:5:16: error: size of array 'test_array' is negative\n     703         5 |     static int test_array [1 - 2 * !(((long) (sizeof (npy_\n             check_sizeof_type))) <= 15)];\n     704           |                ^~~~~~~~~~",
            "post_context": "             d [-Wunused-but-set-variable]\n     706     _configtest.c: In function 'main':\n  >> 707     _configtest.c:5:16: error: size of array 'test_array' is negative\n     708         5 |     static int test_array [1 - 2 * !(((long) (sizeof (npy_\n             check_sizeof_type))) <= 15)];\n     709           |                ^~~~~~~~~~"
      },
      {
            "phase": "N/A",
            "source_file": "     710     _configtest.c",
            "source_line_no": "5",
            "line_no": 1404,
            "repeat_count": 0,
            "start": 1398,
            "end": 1411,
            "text": "710     _configtest.c:5:16: warning: variable 'test_array' set but not use",
            "pre_context": "             d [-Wunused-but-set-variable]\n     706     _configtest.c: In function 'main':\n  >> 707     _configtest.c:5:16: error: size of array 'test_array' is negative\n     708         5 |     static int test_array [1 - 2 * !(((long) (sizeof (npy_\n             check_sizeof_type))) <= 15)];\n     709           |                ^~~~~~~~~~",
            "post_context": "             d [-Wunused-but-set-variable]\n     711     C compiler: /p/vast1/koparasy/BUILD/head/spack/lib/spack/env/gcc/g\n             cc -Wno-unused-result -Wsign-compare -DNDEBUG -g -fwrapv -O3 -Wall\n              -fPIC -fPIC\n     712\n     713     compile options: '-Inumpy/core/src/private -Inumpy/core/src -Inump"
      },
      {
            "phase": "N/A",
            "source_file": "     719     _configtest.c",
            "source_line_no": "5",
            "line_no": 1422,
            "repeat_count": 0,
            "start": 1416,
            "end": 1429,
            "text": "719     _configtest.c:5:16: warning: variable 'test_array' set but not use",
            "pre_context": "     714     gcc: _configtest.c\n     715     _configtest.c: In function 'main':\n  >> 716     _configtest.c:5:16: error: size of array 'test_array' is negative\n     717         5 |     static int test_array [1 - 2 * !(((long) (sizeof (npy_\n             check_sizeof_type))) <= 31)];\n     718           |                ^~~~~~~~~~",
            "post_context": "             d [-Wunused-but-set-variable]\n     720     _configtest.c: In function 'main':\n  >> 721     _configtest.c:5:16: error: size of array 'test_array' is negative\n     722         5 |     static int test_array [1 - 2 * !(((long) (sizeof (npy_\n             check_sizeof_type))) <= 31)];\n     723           |                ^~~~~~~~~~"
      },
      {
            "phase": "N/A",
            "source_file": "     724     _configtest.c",
            "source_line_no": "5",
            "line_no": 1429,
            "repeat_count": 0,
            "start": 1423,
            "end": 1436,
            "text": "724     _configtest.c:5:16: warning: variable 'test_array' set but not use",
            "pre_context": "             d [-Wunused-but-set-variable]\n     720     _configtest.c: In function 'main':\n  >> 721     _configtest.c:5:16: error: size of array 'test_array' is negative\n     722         5 |     static int test_array [1 - 2 * !(((long) (sizeof (npy_\n             check_sizeof_type))) <= 31)];\n     723           |                ^~~~~~~~~~",
            "post_context": "             d [-Wunused-but-set-variable]\n     725     C compiler: /p/vast1/koparasy/BUILD/head/spack/lib/spack/env/gcc/g\n             cc -Wno-unused-result -Wsign-compare -DNDEBUG -g -fwrapv -O3 -Wall\n              -fPIC -fPIC\n     726\n     727     compile options: '-Inumpy/core/src/private -Inumpy/core/src -Inump"
      },
      {
            "phase": "N/A",
            "source_file": "     796     _configtest.c",
            "source_line_no": "7",
            "line_no": 1461,
            "repeat_count": 0,
            "start": 1455,
            "end": 1468,
            "text": "796     _configtest.c:7:16: warning: variable 'test_array' set but not use",
            "pre_context": "     791     gcc: _configtest.c\n     792     _configtest.c: In function 'main':\n  >> 793     _configtest.c:7:16: error: size of array 'test_array' is negative\n     794         7 |     static int test_array [1 - 2 * !(((long) (sizeof (npy_\n             check_sizeof_type))) == 4)];\n     795           |                ^~~~~~~~~~",
            "post_context": "             d [-Wunused-but-set-variable]\n     797     _configtest.c: In function 'main':\n  >> 798     _configtest.c:7:16: error: size of array 'test_array' is negative\n     799         7 |     static int test_array [1 - 2 * !(((long) (sizeof (npy_\n             check_sizeof_type))) == 4)];\n     800           |                ^~~~~~~~~~"
      },
      {
            "phase": "N/A",
            "source_file": "     801     _configtest.c",
            "source_line_no": "7",
            "line_no": 1468,
            "repeat_count": 0,
            "start": 1462,
            "end": 1475,
            "text": "801     _configtest.c:7:16: warning: variable 'test_array' set but not use",
            "pre_context": "             d [-Wunused-but-set-variable]\n     797     _configtest.c: In function 'main':\n  >> 798     _configtest.c:7:16: error: size of array 'test_array' is negative\n     799         7 |     static int test_array [1 - 2 * !(((long) (sizeof (npy_\n             check_sizeof_type))) == 4)];\n     800           |                ^~~~~~~~~~",
            "post_context": "             d [-Wunused-but-set-variable]\n     802     C compiler: /p/vast1/koparasy/BUILD/head/spack/lib/spack/env/gcc/g\n             cc -Wno-unused-result -Wsign-compare -DNDEBUG -g -fwrapv -O3 -Wall\n              -fPIC -fPIC\n     803\n     804     compile options: '-Inumpy/core/src/private -Inumpy/core/src -Inump"
      },
      {
            "phase": "N/A",
            "source_file": "     828     _configtest.c",
            "source_line_no": "7",
            "line_no": 1500,
            "repeat_count": 0,
            "start": 1494,
            "end": 1507,
            "text": "828     _configtest.c:7:16: warning: variable 'test_array' set but not use",
            "pre_context": "     823     gcc: _configtest.c\n     824     _configtest.c: In function 'main':\n  >> 825     _configtest.c:7:16: error: size of array 'test_array' is negative\n     826         7 |     static int test_array [1 - 2 * !(((long) (sizeof (npy_\n             check_sizeof_type))) == 4)];\n     827           |                ^~~~~~~~~~",
            "post_context": "             d [-Wunused-but-set-variable]\n     829     _configtest.c: In function 'main':\n  >> 830     _configtest.c:7:16: error: size of array 'test_array' is negative\n     831         7 |     static int test_array [1 - 2 * !(((long) (sizeof (npy_\n             check_sizeof_type))) == 4)];\n     832           |                ^~~~~~~~~~"
      },
      {
            "phase": "N/A",
            "source_file": "     833     _configtest.c",
            "source_line_no": "7",
            "line_no": 1507,
            "repeat_count": 0,
            "start": 1501,
            "end": 1514,
            "text": "833     _configtest.c:7:16: warning: variable 'test_array' set but not use",
            "pre_context": "             d [-Wunused-but-set-variable]\n     829     _configtest.c: In function 'main':\n  >> 830     _configtest.c:7:16: error: size of array 'test_array' is negative\n     831         7 |     static int test_array [1 - 2 * !(((long) (sizeof (npy_\n             check_sizeof_type))) == 4)];\n     832           |                ^~~~~~~~~~",
            "post_context": "             d [-Wunused-but-set-variable]\n     834     C compiler: /p/vast1/koparasy/BUILD/head/spack/lib/spack/env/gcc/g\n             cc -Wno-unused-result -Wsign-compare -DNDEBUG -g -fwrapv -O3 -Wall\n              -fPIC -fPIC\n     835\n     836     compile options: '-Inumpy/core/src/private -Inumpy/core/src -Inump"
      },
      {
            "phase": "N/A",
            "source_file": "     1253    _configtest.c",
            "source_line_no": "1",
            "line_no": 1577,
            "repeat_count": 0,
            "start": 1571,
            "end": 1584,
            "text": "1253    _configtest.c:1:5: warning: type of 'thread' defaults to 'int' [-W",
            "pre_context": "     1248        1 | int __declspec(thread) a;\n     1249          |                        ^\n  >> 1250    _configtest.c:5:17: error: expected '=', ',', ';', 'asm' or '__att\n             ribute__' before '{' token\n     1251        5 | int main (void) {\n     1252          |                 ^",
            "post_context": "             implicit-int]\n     1254        1 | int __declspec(thread) a;\n     1255          |     ^~~~~~~~~~\n  >> 1256    _configtest.c:8: error: expected '{' at end of input\n     1257        8 | }\n     1258          |"
      },
      {
            "phase": "N/A",
            "source_file": "     1259    _configtest.c",
            "source_line_no": "8",
            "line_no": 1584,
            "repeat_count": 0,
            "start": 1578,
            "end": 1591,
            "text": "1259    _configtest.c:8: warning: control reaches end of non-void function",
            "pre_context": "             implicit-int]\n     1254        1 | int __declspec(thread) a;\n     1255          |     ^~~~~~~~~~\n  >> 1256    _configtest.c:8: error: expected '{' at end of input\n     1257        8 | }\n     1258          |",
            "post_context": "              [-Wreturn-type]\n     1260        8 | }\n     1261          |\n     1262    _configtest.c: In function '__declspec':\n  >> 1263    _configtest.c:1:24: error: expected declaration specifiers before\n             'a'"
      },
      {
            "phase": "N/A",
            "source_file": "     1269    _configtest.c",
            "source_line_no": "1",
            "line_no": 1597,
            "repeat_count": 0,
            "start": 1591,
            "end": 1604,
            "text": "1269    _configtest.c:1:5: warning: type of 'thread' defaults to 'int' [-W",
            "pre_context": "     1264        1 | int __declspec(thread) a;\n     1265          |                        ^\n  >> 1266    _configtest.c:5:17: error: expected '=', ',', ';', 'asm' or '__att\n             ribute__' before '{' token\n     1267        5 | int main (void) {\n     1268          |                 ^",
            "post_context": "             implicit-int]\n     1270        1 | int __declspec(thread) a;\n     1271          |     ^~~~~~~~~~\n  >> 1272    _configtest.c:8: error: expected '{' at end of input\n     1273        8 | }\n     1274          |"
      },
      {
            "phase": "N/A",
            "source_file": "     1275    _configtest.c",
            "source_line_no": "8",
            "line_no": 1604,
            "repeat_count": 0,
            "start": 1598,
            "end": 1611,
            "text": "1275    _configtest.c:8: warning: control reaches end of non-void function",
            "pre_context": "             implicit-int]\n     1270        1 | int __declspec(thread) a;\n     1271          |     ^~~~~~~~~~\n  >> 1272    _configtest.c:8: error: expected '{' at end of input\n     1273        8 | }\n     1274          |",
            "post_context": "              [-Wreturn-type]\n     1276        8 | }\n     1277          |\n     1278    failure.\n\n     ..."
      },
      {
            "phase": "N/A",
            "source_file": "     4424    numpy/random/mtrand/mtrand.c",
            "source_line_no": "3",
            "line_no": 1805,
            "repeat_count": 0,
            "start": 1799,
            "end": 1812,
            "text": "4424    numpy/random/mtrand/mtrand.c:32937:3: warning: 'tp_print' is depre",
            "pre_context": "  >> 4421    /p/vast1/koparasy/BUILD/spack_cluster_installer/quartz/nrm/spack_e\n             nv_dir/linux-rhel7-broadwell/gcc-9.3.1/python-3.8.12-zq6ku5weq2g2l\n             nidc7o5wtbfqu64d3ld/lib/python3.8/distutils/dist.py:274: UserWarni\n             ng: Unknown distribution option: 'define_macros'\n     4422      warnings.warn(msg)\n     4423    numpy/random/mtrand/mtrand.c: In function 'PyInit_mtrand':",
            "post_context": "             cated [-Wdeprecated-declarations]\n     4425    32937 |   __pyx_type_6mtrand_RandomState.tp_print = 0;\n     4426          |   ^~~~~~~~~~~~~~~~~~~~~~~~~~~~~~\n     4427    In file included from /p/vast1/koparasy/BUILD/spack_cluster_instal\n             ler/quartz/nrm/spack_env_dir/linux-rhel7-broadwell/gcc-9.3.1/pytho\n             n-3.8.12-zq6ku5weq2g2lnidc7o5wtbfqu64d3ld/include/python3.8/object"
      }
]