[
      {
            "phase": "N/A",
            "source_file": [
                  null
            ],
            "source_line_no": 0,
            "line_no": 1148,
            "repeat_count": 0,
            "start": 1142,
            "end": 1155,
            "text": "==> [2022-01-14-21:23:54.674833] Error: OSError: No such file or directory: '/var/tmp/koparasy/spack-stage/spack-stage-petsc-3.11.2-3lpt3sknmcc2jixsfy4myrqvbb7octrk/spack-src/src/ksp/ksp/tutorials'",
            "pre_context": "==> [2022-01-14-21:13:37.875948] found raw link dirs: /usr/tce/packages/gcc/gcc-9.3.1/rh/usr/bin/../lib/gcc/x86_64-redhat-linux/9, /usr/tce/packages/gcc/gcc-9.3.1/rh/usr/bin/../lib/gcc, /usr/tce/packages/gcc/gcc-9.3.1/rh/usr/bin/../lib/gcc/x86_64-redhat-linux/9/../../../../lib64, /lib/../lib64, /usr/lib/../lib64, /usr/tce/packages/gcc/gcc-9.3.1/rh/usr/bin/../lib/gcc/x86_64-redhat-linux/9/../../..\n==> [2022-01-14-21:13:37.876062] found link dirs: /usr/tce/packages/gcc/gcc-9.3.1/rh/usr/lib/gcc/x86_64-redhat-linux/9, /usr/tce/packages/gcc/gcc-9.3.1/rh/usr/lib/gcc, /usr/tce/packages/gcc/gcc-9.3.1/rh/usr/lib64, /lib64, /usr/lib64, /usr/tce/packages/gcc/gcc-9.3.1/rh/usr/lib\n==> [2022-01-14-21:13:38.752884] Staging archive: /var/tmp/koparasy/spack-stage/spack-stage-petsc-3.11.2-3lpt3sknmcc2jixsfy4myrqvbb7octrk/petsc-3.11.2.tar.gz\n==> [2022-01-14-21:13:38.754551] '/usr/bin/tar' '-oxf' '/var/tmp/koparasy/spack-stage/spack-stage-petsc-3.11.2-3lpt3sknmcc2jixsfy4myrqvbb7octrk/petsc-3.11.2.tar.gz'\n==> [2022-01-14-21:13:40.053326] Created stage in /var/tmp/koparasy/spack-stage/spack-stage-petsc-3.11.2-3lpt3sknmcc2jixsfy4myrqvbb7octrk\n==> [2022-01-14-21:13:40.053795] petsc: Building petsc-3.11.2-4regxt4x6htd5xi7lkfe7goh6qdwe6iy [Package]",
            "post_context": "\n/p/vast1/koparasy/BUILD/head/spack/lib/spack/spack/package.py:1781, in cache_extra_test_sources:\n       1778            if os.path.isdir(src_path):\n       1779                fsys.install_tree(src_path, dest_path)\n       1780            else:\n  >>   1781                fsys.mkdirp(os.path.dirname(dest_path))"
      },
      {
            "phase": "N/A",
            "source_file": [
                  null
            ],
            "source_line_no": 0,
            "line_no": 1177,
            "repeat_count": 0,
            "start": 1171,
            "end": 1182,
            "text": "OSError: No such file or directory: '/var/tmp/koparasy/spack-stage/spack-stage-petsc-3.11.2-3lpt3sknmcc2jixsfy4myrqvbb7octrk/spack-src/src/ksp/ksp/tutorials'",
            "pre_context": "  File \"/p/vast1/koparasy/BUILD/head/spack/var/spack/repos/builtin/packages/petsc/package.py\", line 585, in setup_build_tests\n    self.cache_extra_test_sources('src/snes/tutorials')\n  File \"/p/vast1/koparasy/BUILD/head/spack/lib/spack/spack/package.py\", line 1782, in cache_extra_test_sources\n    fsys.copy(src_path, dest_path)\n  File \"/p/vast1/koparasy/BUILD/head/spack/lib/spack/llnl/util/filesystem.py\", line 376, in copy\n    raise IOError(\"No such file or directory: '{0}'\".format(src))",
            "post_context": "==> [2022-01-14-21:23:54.675213] Flagging petsc-3.11.2-4regxt4x6htd5xi7lkfe7goh6qdwe6iy as failed: OSError: No such file or directory: '/var/tmp/koparasy/spack-stage/spack-stage-petsc-3.11.2-3lpt3sknmcc2jixsfy4myrqvbb7octrk/spack-src/src/ksp/ksp/tutorials'\n==> [2022-01-14-21:24:18.930360] Skip view update, this environment does not maintain a view\n==> [2022-01-14-21:24:18.932580] ChildError: OSError: No such file or directory: '/var/tmp/koparasy/spack-stage/spack-stage-petsc-3.11.2-3lpt3sknmcc2jixsfy4myrqvbb7octrk/spack-src/src/ksp/ksp/tutorials'\n"
      },
      {
            "phase": "N/A",
            "source_file": [
                  null
            ],
            "source_line_no": 0,
            "line_no": 1178,
            "repeat_count": 0,
            "start": 1172,
            "end": 1182,
            "text": "==> [2022-01-14-21:23:54.675213] Flagging petsc-3.11.2-4regxt4x6htd5xi7lkfe7goh6qdwe6iy as failed: OSError: No such file or directory: '/var/tmp/koparasy/spack-stage/spack-stage-petsc-3.11.2-3lpt3sknmcc2jixsfy4myrqvbb7octrk/spack-src/src/ksp/ksp/tutorials'",
            "pre_context": "    self.cache_extra_test_sources('src/snes/tutorials')\n  File \"/p/vast1/koparasy/BUILD/head/spack/lib/spack/spack/package.py\", line 1782, in cache_extra_test_sources\n    fsys.copy(src_path, dest_path)\n  File \"/p/vast1/koparasy/BUILD/head/spack/lib/spack/llnl/util/filesystem.py\", line 376, in copy\n    raise IOError(\"No such file or directory: '{0}'\".format(src))\nOSError: No such file or directory: '/var/tmp/koparasy/spack-stage/spack-stage-petsc-3.11.2-3lpt3sknmcc2jixsfy4myrqvbb7octrk/spack-src/src/ksp/ksp/tutorials'",
            "post_context": "==> [2022-01-14-21:24:18.930360] Skip view update, this environment does not maintain a view\n==> [2022-01-14-21:24:18.932580] ChildError: OSError: No such file or directory: '/var/tmp/koparasy/spack-stage/spack-stage-petsc-3.11.2-3lpt3sknmcc2jixsfy4myrqvbb7octrk/spack-src/src/ksp/ksp/tutorials'\n"
      },
      {
            "phase": "N/A",
            "source_file": [
                  null
            ],
            "source_line_no": 0,
            "line_no": 1180,
            "repeat_count": 0,
            "start": 1174,
            "end": 1182,
            "text": "==> [2022-01-14-21:24:18.932580] ChildError: OSError: No such file or directory: '/var/tmp/koparasy/spack-stage/spack-stage-petsc-3.11.2-3lpt3sknmcc2jixsfy4myrqvbb7octrk/spack-src/src/ksp/ksp/tutorials'",
            "pre_context": "    fsys.copy(src_path, dest_path)\n  File \"/p/vast1/koparasy/BUILD/head/spack/lib/spack/llnl/util/filesystem.py\", line 376, in copy\n    raise IOError(\"No such file or directory: '{0}'\".format(src))\nOSError: No such file or directory: '/var/tmp/koparasy/spack-stage/spack-stage-petsc-3.11.2-3lpt3sknmcc2jixsfy4myrqvbb7octrk/spack-src/src/ksp/ksp/tutorials'\n==> [2022-01-14-21:23:54.675213] Flagging petsc-3.11.2-4regxt4x6htd5xi7lkfe7goh6qdwe6iy as failed: OSError: No such file or directory: '/var/tmp/koparasy/spack-stage/spack-stage-petsc-3.11.2-3lpt3sknmcc2jixsfy4myrqvbb7octrk/spack-src/src/ksp/ksp/tutorials'\n==> [2022-01-14-21:24:18.930360] Skip view update, this environment does not maintain a view",
            "post_context": ""
      },
      {
            "phase": "N/A",
            "source_file": [
                  null
            ],
            "source_line_no": 0,
            "line_no": 1142,
            "repeat_count": 0,
            "start": 1136,
            "end": 1149,
            "text": "==> [2022-01-14-21:21:26.806621] Error: OSError: No such file or directory: '/var/tmp/koparasy/spack-stage/spack-stage-petsc-3.10.5-mpdlwy64pyn4jtwzoyaqrcqbt7pz4wj3/spack-src/src/ksp/ksp/tutorials'",
            "pre_context": "==> [2022-01-14-21:11:13.233769] found raw link dirs: /usr/tce/packages/gcc/gcc-9.3.1/rh/usr/bin/../lib/gcc/x86_64-redhat-linux/9, /usr/tce/packages/gcc/gcc-9.3.1/rh/usr/bin/../lib/gcc, /usr/tce/packages/gcc/gcc-9.3.1/rh/usr/bin/../lib/gcc/x86_64-redhat-linux/9/../../../../lib64, /lib/../lib64, /usr/lib/../lib64, /usr/tce/packages/gcc/gcc-9.3.1/rh/usr/bin/../lib/gcc/x86_64-redhat-linux/9/../../..\n==> [2022-01-14-21:11:13.233860] found link dirs: /usr/tce/packages/gcc/gcc-9.3.1/rh/usr/lib/gcc/x86_64-redhat-linux/9, /usr/tce/packages/gcc/gcc-9.3.1/rh/usr/lib/gcc, /usr/tce/packages/gcc/gcc-9.3.1/rh/usr/lib64, /lib64, /usr/lib64, /usr/tce/packages/gcc/gcc-9.3.1/rh/usr/lib\n==> [2022-01-14-21:11:13.527784] Staging archive: /var/tmp/koparasy/spack-stage/spack-stage-petsc-3.10.5-mpdlwy64pyn4jtwzoyaqrcqbt7pz4wj3/petsc-3.10.5.tar.gz\n==> [2022-01-14-21:11:13.529612] '/usr/bin/tar' '-oxf' '/var/tmp/koparasy/spack-stage/spack-stage-petsc-3.10.5-mpdlwy64pyn4jtwzoyaqrcqbt7pz4wj3/petsc-3.10.5.tar.gz'\n==> [2022-01-14-21:11:14.730791] Created stage in /var/tmp/koparasy/spack-stage/spack-stage-petsc-3.10.5-mpdlwy64pyn4jtwzoyaqrcqbt7pz4wj3\n==> [2022-01-14-21:11:14.731240] petsc: Building petsc-3.10.5-4tx4d7vkwsxvepww52gmec2la2moato3 [Package]",
            "post_context": "\n/p/vast1/koparasy/BUILD/head/spack/lib/spack/spack/package.py:1781, in cache_extra_test_sources:\n       1778            if os.path.isdir(src_path):\n       1779                fsys.install_tree(src_path, dest_path)\n       1780            else:\n  >>   1781                fsys.mkdirp(os.path.dirname(dest_path))"
      },
      {
            "phase": "N/A",
            "source_file": [
                  null
            ],
            "source_line_no": 0,
            "line_no": 1171,
            "repeat_count": 0,
            "start": 1165,
            "end": 1176,
            "text": "OSError: No such file or directory: '/var/tmp/koparasy/spack-stage/spack-stage-petsc-3.10.5-mpdlwy64pyn4jtwzoyaqrcqbt7pz4wj3/spack-src/src/ksp/ksp/tutorials'",
            "pre_context": "  File \"/p/vast1/koparasy/BUILD/head/spack/var/spack/repos/builtin/packages/petsc/package.py\", line 585, in setup_build_tests\n    self.cache_extra_test_sources('src/snes/tutorials')\n  File \"/p/vast1/koparasy/BUILD/head/spack/lib/spack/spack/package.py\", line 1782, in cache_extra_test_sources\n    fsys.copy(src_path, dest_path)\n  File \"/p/vast1/koparasy/BUILD/head/spack/lib/spack/llnl/util/filesystem.py\", line 376, in copy\n    raise IOError(\"No such file or directory: '{0}'\".format(src))",
            "post_context": "==> [2022-01-14-21:21:26.806948] Flagging petsc-3.10.5-4tx4d7vkwsxvepww52gmec2la2moato3 as failed: OSError: No such file or directory: '/var/tmp/koparasy/spack-stage/spack-stage-petsc-3.10.5-mpdlwy64pyn4jtwzoyaqrcqbt7pz4wj3/spack-src/src/ksp/ksp/tutorials'\n==> [2022-01-14-21:21:48.483956] Skip view update, this environment does not maintain a view\n==> [2022-01-14-21:21:48.485702] ChildError: OSError: No such file or directory: '/var/tmp/koparasy/spack-stage/spack-stage-petsc-3.10.5-mpdlwy64pyn4jtwzoyaqrcqbt7pz4wj3/spack-src/src/ksp/ksp/tutorials'\n"
      },
      {
            "phase": "N/A",
            "source_file": [
                  null
            ],
            "source_line_no": 0,
            "line_no": 1172,
            "repeat_count": 0,
            "start": 1166,
            "end": 1176,
            "text": "==> [2022-01-14-21:21:26.806948] Flagging petsc-3.10.5-4tx4d7vkwsxvepww52gmec2la2moato3 as failed: OSError: No such file or directory: '/var/tmp/koparasy/spack-stage/spack-stage-petsc-3.10.5-mpdlwy64pyn4jtwzoyaqrcqbt7pz4wj3/spack-src/src/ksp/ksp/tutorials'",
            "pre_context": "    self.cache_extra_test_sources('src/snes/tutorials')\n  File \"/p/vast1/koparasy/BUILD/head/spack/lib/spack/spack/package.py\", line 1782, in cache_extra_test_sources\n    fsys.copy(src_path, dest_path)\n  File \"/p/vast1/koparasy/BUILD/head/spack/lib/spack/llnl/util/filesystem.py\", line 376, in copy\n    raise IOError(\"No such file or directory: '{0}'\".format(src))\nOSError: No such file or directory: '/var/tmp/koparasy/spack-stage/spack-stage-petsc-3.10.5-mpdlwy64pyn4jtwzoyaqrcqbt7pz4wj3/spack-src/src/ksp/ksp/tutorials'",
            "post_context": "==> [2022-01-14-21:21:48.483956] Skip view update, this environment does not maintain a view\n==> [2022-01-14-21:21:48.485702] ChildError: OSError: No such file or directory: '/var/tmp/koparasy/spack-stage/spack-stage-petsc-3.10.5-mpdlwy64pyn4jtwzoyaqrcqbt7pz4wj3/spack-src/src/ksp/ksp/tutorials'\n"
      },
      {
            "phase": "N/A",
            "source_file": [
                  null
            ],
            "source_line_no": 0,
            "line_no": 1174,
            "repeat_count": 0,
            "start": 1168,
            "end": 1176,
            "text": "==> [2022-01-14-21:21:48.485702] ChildError: OSError: No such file or directory: '/var/tmp/koparasy/spack-stage/spack-stage-petsc-3.10.5-mpdlwy64pyn4jtwzoyaqrcqbt7pz4wj3/spack-src/src/ksp/ksp/tutorials'",
            "pre_context": "    fsys.copy(src_path, dest_path)\n  File \"/p/vast1/koparasy/BUILD/head/spack/lib/spack/llnl/util/filesystem.py\", line 376, in copy\n    raise IOError(\"No such file or directory: '{0}'\".format(src))\nOSError: No such file or directory: '/var/tmp/koparasy/spack-stage/spack-stage-petsc-3.10.5-mpdlwy64pyn4jtwzoyaqrcqbt7pz4wj3/spack-src/src/ksp/ksp/tutorials'\n==> [2022-01-14-21:21:26.806948] Flagging petsc-3.10.5-4tx4d7vkwsxvepww52gmec2la2moato3 as failed: OSError: No such file or directory: '/var/tmp/koparasy/spack-stage/spack-stage-petsc-3.10.5-mpdlwy64pyn4jtwzoyaqrcqbt7pz4wj3/spack-src/src/ksp/ksp/tutorials'\n==> [2022-01-14-21:21:48.483956] Skip view update, this environment does not maintain a view",
            "post_context": ""
      },
      {
            "phase": "N/A",
            "source_file": [
                  null
            ],
            "source_line_no": 0,
            "line_no": 1144,
            "repeat_count": 0,
            "start": 1138,
            "end": 1151,
            "text": "==> [2022-01-14-21:23:40.140074] Error: OSError: No such file or directory: '/var/tmp/koparasy/spack-stage/spack-stage-petsc-3.9.1-3t7lfovpg44u4u7my44fipptftgayejk/spack-src/src/ksp/ksp/tutorials'",
            "pre_context": "==> [2022-01-14-21:13:37.876050] found link dirs: /usr/tce/packages/gcc/gcc-9.3.1/rh/usr/lib/gcc/x86_64-redhat-linux/9, /usr/tce/packages/gcc/gcc-9.3.1/rh/usr/lib/gcc, /usr/tce/packages/gcc/gcc-9.3.1/rh/usr/lib64, /lib64, /usr/lib64, /usr/tce/packages/gcc/gcc-9.3.1/rh/usr/lib\n==> [2022-01-14-21:13:38.579064] Staging archive: /var/tmp/koparasy/spack-stage/spack-stage-petsc-3.9.1-3t7lfovpg44u4u7my44fipptftgayejk/petsc-3.9.1.tar.gz\n==> [2022-01-14-21:13:38.737177] '/usr/bin/tar' '-oxf' '/var/tmp/koparasy/spack-stage/spack-stage-petsc-3.9.1-3t7lfovpg44u4u7my44fipptftgayejk/petsc-3.9.1.tar.gz'\n==> [2022-01-14-21:13:39.886754] Created stage in /var/tmp/koparasy/spack-stage/spack-stage-petsc-3.9.1-3t7lfovpg44u4u7my44fipptftgayejk\n==> [2022-01-14-21:13:39.888944] '/usr/bin/patch' '-s' '-p' '1' '-i' '/p/vast1/koparasy/BUILD/head/spack/var/spack/repos/builtin/packages/petsc/xcode_stub_out_of_sync.patch' '-d' '.'\n==> [2022-01-14-21:13:39.897291] petsc: Building petsc-3.9.1-6k7khp3xwywmr6wlv47a4k3o4tvycb4p [Package]",
            "post_context": "\n/p/vast1/koparasy/BUILD/head/spack/lib/spack/spack/package.py:1781, in cache_extra_test_sources:\n       1778            if os.path.isdir(src_path):\n       1779                fsys.install_tree(src_path, dest_path)\n       1780            else:\n  >>   1781                fsys.mkdirp(os.path.dirname(dest_path))"
      },
      {
            "phase": "N/A",
            "source_file": [
                  null
            ],
            "source_line_no": 0,
            "line_no": 1173,
            "repeat_count": 0,
            "start": 1167,
            "end": 1178,
            "text": "OSError: No such file or directory: '/var/tmp/koparasy/spack-stage/spack-stage-petsc-3.9.1-3t7lfovpg44u4u7my44fipptftgayejk/spack-src/src/ksp/ksp/tutorials'",
            "pre_context": "  File \"/p/vast1/koparasy/BUILD/head/spack/var/spack/repos/builtin/packages/petsc/package.py\", line 585, in setup_build_tests\n    self.cache_extra_test_sources('src/snes/tutorials')\n  File \"/p/vast1/koparasy/BUILD/head/spack/lib/spack/spack/package.py\", line 1782, in cache_extra_test_sources\n    fsys.copy(src_path, dest_path)\n  File \"/p/vast1/koparasy/BUILD/head/spack/lib/spack/llnl/util/filesystem.py\", line 376, in copy\n    raise IOError(\"No such file or directory: '{0}'\".format(src))",
            "post_context": "==> [2022-01-14-21:23:40.140449] Flagging petsc-3.9.1-6k7khp3xwywmr6wlv47a4k3o4tvycb4p as failed: OSError: No such file or directory: '/var/tmp/koparasy/spack-stage/spack-stage-petsc-3.9.1-3t7lfovpg44u4u7my44fipptftgayejk/spack-src/src/ksp/ksp/tutorials'\n==> [2022-01-14-21:24:02.606147] Skip view update, this environment does not maintain a view\n==> [2022-01-14-21:24:02.608285] ChildError: OSError: No such file or directory: '/var/tmp/koparasy/spack-stage/spack-stage-petsc-3.9.1-3t7lfovpg44u4u7my44fipptftgayejk/spack-src/src/ksp/ksp/tutorials'\n"
      },
      {
            "phase": "N/A",
            "source_file": [
                  null
            ],
            "source_line_no": 0,
            "line_no": 1174,
            "repeat_count": 0,
            "start": 1168,
            "end": 1178,
            "text": "==> [2022-01-14-21:23:40.140449] Flagging petsc-3.9.1-6k7khp3xwywmr6wlv47a4k3o4tvycb4p as failed: OSError: No such file or directory: '/var/tmp/koparasy/spack-stage/spack-stage-petsc-3.9.1-3t7lfovpg44u4u7my44fipptftgayejk/spack-src/src/ksp/ksp/tutorials'",
            "pre_context": "    self.cache_extra_test_sources('src/snes/tutorials')\n  File \"/p/vast1/koparasy/BUILD/head/spack/lib/spack/spack/package.py\", line 1782, in cache_extra_test_sources\n    fsys.copy(src_path, dest_path)\n  File \"/p/vast1/koparasy/BUILD/head/spack/lib/spack/llnl/util/filesystem.py\", line 376, in copy\n    raise IOError(\"No such file or directory: '{0}'\".format(src))\nOSError: No such file or directory: '/var/tmp/koparasy/spack-stage/spack-stage-petsc-3.9.1-3t7lfovpg44u4u7my44fipptftgayejk/spack-src/src/ksp/ksp/tutorials'",
            "post_context": "==> [2022-01-14-21:24:02.606147] Skip view update, this environment does not maintain a view\n==> [2022-01-14-21:24:02.608285] ChildError: OSError: No such file or directory: '/var/tmp/koparasy/spack-stage/spack-stage-petsc-3.9.1-3t7lfovpg44u4u7my44fipptftgayejk/spack-src/src/ksp/ksp/tutorials'\n"
      },
      {
            "phase": "N/A",
            "source_file": [
                  null
            ],
            "source_line_no": 0,
            "line_no": 1176,
            "repeat_count": 0,
            "start": 1170,
            "end": 1178,
            "text": "==> [2022-01-14-21:24:02.608285] ChildError: OSError: No such file or directory: '/var/tmp/koparasy/spack-stage/spack-stage-petsc-3.9.1-3t7lfovpg44u4u7my44fipptftgayejk/spack-src/src/ksp/ksp/tutorials'",
            "pre_context": "    fsys.copy(src_path, dest_path)\n  File \"/p/vast1/koparasy/BUILD/head/spack/lib/spack/llnl/util/filesystem.py\", line 376, in copy\n    raise IOError(\"No such file or directory: '{0}'\".format(src))\nOSError: No such file or directory: '/var/tmp/koparasy/spack-stage/spack-stage-petsc-3.9.1-3t7lfovpg44u4u7my44fipptftgayejk/spack-src/src/ksp/ksp/tutorials'\n==> [2022-01-14-21:23:40.140449] Flagging petsc-3.9.1-6k7khp3xwywmr6wlv47a4k3o4tvycb4p as failed: OSError: No such file or directory: '/var/tmp/koparasy/spack-stage/spack-stage-petsc-3.9.1-3t7lfovpg44u4u7my44fipptftgayejk/spack-src/src/ksp/ksp/tutorials'\n==> [2022-01-14-21:24:02.606147] Skip view update, this environment does not maintain a view",
            "post_context": ""
      },
      {
            "phase": "N/A",
            "source_file": [
                  null
            ],
            "source_line_no": 0,
            "line_no": 1144,
            "repeat_count": 0,
            "start": 1138,
            "end": 1151,
            "text": "==> [2022-01-14-21:19:18.705713] Error: OSError: No such file or directory: '/var/tmp/koparasy/spack-stage/spack-stage-petsc-3.8.4-2xay4yhyqyrwcfb6w647nj4mcneni36m/spack-src/src/ksp/ksp/tutorials'",
            "pre_context": "==> [2022-01-14-21:10:55.214462] Staging archive: /var/tmp/koparasy/spack-stage/spack-stage-petsc-3.8.4-2xay4yhyqyrwcfb6w647nj4mcneni36m/petsc-3.8.4.tar.gz\n==> [2022-01-14-21:10:55.228175] '/usr/bin/tar' '-oxf' '/var/tmp/koparasy/spack-stage/spack-stage-petsc-3.8.4-2xay4yhyqyrwcfb6w647nj4mcneni36m/petsc-3.8.4.tar.gz'\n==> [2022-01-14-21:10:56.226360] Created stage in /var/tmp/koparasy/spack-stage/spack-stage-petsc-3.8.4-2xay4yhyqyrwcfb6w647nj4mcneni36m\n==> [2022-01-14-21:10:56.235590] '/usr/bin/patch' '-s' '-p' '1' '-i' '/p/vast1/koparasy/BUILD/head/spack/var/spack/repos/builtin/packages/petsc/pkg-config-3.7.6-3.8.4.diff' '-d' '.'\n==> [2022-01-14-21:10:56.246379] '/usr/bin/patch' '-s' '-p' '1' '-i' '/p/vast1/koparasy/BUILD/head/spack/var/spack/repos/builtin/packages/petsc/xcode_stub_out_of_sync.patch' '-d' '.'\n==> [2022-01-14-21:10:56.252486] petsc: Building petsc-3.8.4-6uxc4zwy6piixd5fghabtb3e2bb2fnof [Package]",
            "post_context": "\n/p/vast1/koparasy/BUILD/head/spack/lib/spack/spack/package.py:1781, in cache_extra_test_sources:\n       1778            if os.path.isdir(src_path):\n       1779                fsys.install_tree(src_path, dest_path)\n       1780            else:\n  >>   1781                fsys.mkdirp(os.path.dirname(dest_path))"
      },
      {
            "phase": "N/A",
            "source_file": [
                  null
            ],
            "source_line_no": 0,
            "line_no": 1173,
            "repeat_count": 0,
            "start": 1167,
            "end": 1178,
            "text": "OSError: No such file or directory: '/var/tmp/koparasy/spack-stage/spack-stage-petsc-3.8.4-2xay4yhyqyrwcfb6w647nj4mcneni36m/spack-src/src/ksp/ksp/tutorials'",
            "pre_context": "  File \"/p/vast1/koparasy/BUILD/head/spack/var/spack/repos/builtin/packages/petsc/package.py\", line 585, in setup_build_tests\n    self.cache_extra_test_sources('src/snes/tutorials')\n  File \"/p/vast1/koparasy/BUILD/head/spack/lib/spack/spack/package.py\", line 1782, in cache_extra_test_sources\n    fsys.copy(src_path, dest_path)\n  File \"/p/vast1/koparasy/BUILD/head/spack/lib/spack/llnl/util/filesystem.py\", line 376, in copy\n    raise IOError(\"No such file or directory: '{0}'\".format(src))",
            "post_context": "==> [2022-01-14-21:19:18.706047] Flagging petsc-3.8.4-6uxc4zwy6piixd5fghabtb3e2bb2fnof as failed: OSError: No such file or directory: '/var/tmp/koparasy/spack-stage/spack-stage-petsc-3.8.4-2xay4yhyqyrwcfb6w647nj4mcneni36m/spack-src/src/ksp/ksp/tutorials'\n==> [2022-01-14-21:19:35.822395] Skip view update, this environment does not maintain a view\n==> [2022-01-14-21:19:35.827471] ChildError: OSError: No such file or directory: '/var/tmp/koparasy/spack-stage/spack-stage-petsc-3.8.4-2xay4yhyqyrwcfb6w647nj4mcneni36m/spack-src/src/ksp/ksp/tutorials'\n"
      },
      {
            "phase": "N/A",
            "source_file": [
                  null
            ],
            "source_line_no": 0,
            "line_no": 1174,
            "repeat_count": 0,
            "start": 1168,
            "end": 1178,
            "text": "==> [2022-01-14-21:19:18.706047] Flagging petsc-3.8.4-6uxc4zwy6piixd5fghabtb3e2bb2fnof as failed: OSError: No such file or directory: '/var/tmp/koparasy/spack-stage/spack-stage-petsc-3.8.4-2xay4yhyqyrwcfb6w647nj4mcneni36m/spack-src/src/ksp/ksp/tutorials'",
            "pre_context": "    self.cache_extra_test_sources('src/snes/tutorials')\n  File \"/p/vast1/koparasy/BUILD/head/spack/lib/spack/spack/package.py\", line 1782, in cache_extra_test_sources\n    fsys.copy(src_path, dest_path)\n  File \"/p/vast1/koparasy/BUILD/head/spack/lib/spack/llnl/util/filesystem.py\", line 376, in copy\n    raise IOError(\"No such file or directory: '{0}'\".format(src))\nOSError: No such file or directory: '/var/tmp/koparasy/spack-stage/spack-stage-petsc-3.8.4-2xay4yhyqyrwcfb6w647nj4mcneni36m/spack-src/src/ksp/ksp/tutorials'",
            "post_context": "==> [2022-01-14-21:19:35.822395] Skip view update, this environment does not maintain a view\n==> [2022-01-14-21:19:35.827471] ChildError: OSError: No such file or directory: '/var/tmp/koparasy/spack-stage/spack-stage-petsc-3.8.4-2xay4yhyqyrwcfb6w647nj4mcneni36m/spack-src/src/ksp/ksp/tutorials'\n"
      },
      {
            "phase": "N/A",
            "source_file": [
                  null
            ],
            "source_line_no": 0,
            "line_no": 1176,
            "repeat_count": 0,
            "start": 1170,
            "end": 1178,
            "text": "==> [2022-01-14-21:19:35.827471] ChildError: OSError: No such file or directory: '/var/tmp/koparasy/spack-stage/spack-stage-petsc-3.8.4-2xay4yhyqyrwcfb6w647nj4mcneni36m/spack-src/src/ksp/ksp/tutorials'",
            "pre_context": "    fsys.copy(src_path, dest_path)\n  File \"/p/vast1/koparasy/BUILD/head/spack/lib/spack/llnl/util/filesystem.py\", line 376, in copy\n    raise IOError(\"No such file or directory: '{0}'\".format(src))\nOSError: No such file or directory: '/var/tmp/koparasy/spack-stage/spack-stage-petsc-3.8.4-2xay4yhyqyrwcfb6w647nj4mcneni36m/spack-src/src/ksp/ksp/tutorials'\n==> [2022-01-14-21:19:18.706047] Flagging petsc-3.8.4-6uxc4zwy6piixd5fghabtb3e2bb2fnof as failed: OSError: No such file or directory: '/var/tmp/koparasy/spack-stage/spack-stage-petsc-3.8.4-2xay4yhyqyrwcfb6w647nj4mcneni36m/spack-src/src/ksp/ksp/tutorials'\n==> [2022-01-14-21:19:35.822395] Skip view update, this environment does not maintain a view",
            "post_context": ""
      },
      {
            "phase": "N/A",
            "source_file": [
                  null
            ],
            "source_line_no": 0,
            "line_no": 1143,
            "repeat_count": 0,
            "start": 1137,
            "end": 1150,
            "text": "==> [2022-01-14-21:19:20.854269] Error: OSError: No such file or directory: '/var/tmp/koparasy/spack-stage/spack-stage-petsc-3.10.0-bom76u3zclkgjltslfilyo6xjnkxzf7k/spack-src/src/ksp/ksp/tutorials'",
            "pre_context": "==> [2022-01-14-21:10:54.695967] found link dirs: /usr/tce/packages/gcc/gcc-9.3.1/rh/usr/lib/gcc/x86_64-redhat-linux/9, /usr/tce/packages/gcc/gcc-9.3.1/rh/usr/lib/gcc, /usr/tce/packages/gcc/gcc-9.3.1/rh/usr/lib64, /lib64, /usr/lib64, /usr/tce/packages/gcc/gcc-9.3.1/rh/usr/lib\n==> [2022-01-14-21:10:55.230466] Staging archive: /var/tmp/koparasy/spack-stage/spack-stage-petsc-3.10.0-bom76u3zclkgjltslfilyo6xjnkxzf7k/petsc-3.10.0.tar.gz\n==> [2022-01-14-21:10:55.232089] '/usr/bin/tar' '-oxf' '/var/tmp/koparasy/spack-stage/spack-stage-petsc-3.10.0-bom76u3zclkgjltslfilyo6xjnkxzf7k/petsc-3.10.0.tar.gz'\n==> [2022-01-14-21:10:56.335738] Created stage in /var/tmp/koparasy/spack-stage/spack-stage-petsc-3.10.0-bom76u3zclkgjltslfilyo6xjnkxzf7k\n==> [2022-01-14-21:10:56.337344] '/usr/bin/patch' '-s' '-p' '1' '-i' '/p/vast1/koparasy/BUILD/head/spack/var/spack/repos/builtin/packages/petsc/xcode_stub_out_of_sync.patch' '-d' '.'\n==> [2022-01-14-21:10:56.346290] petsc: Building petsc-3.10.0-audcpeovvrgu6efgpua3euoqxice2xur [Package]",
            "post_context": "\n/p/vast1/koparasy/BUILD/head/spack/lib/spack/spack/package.py:1781, in cache_extra_test_sources:\n       1778            if os.path.isdir(src_path):\n       1779                fsys.install_tree(src_path, dest_path)\n       1780            else:\n  >>   1781                fsys.mkdirp(os.path.dirname(dest_path))"
      },
      {
            "phase": "N/A",
            "source_file": [
                  null
            ],
            "source_line_no": 0,
            "line_no": 1172,
            "repeat_count": 0,
            "start": 1166,
            "end": 1177,
            "text": "OSError: No such file or directory: '/var/tmp/koparasy/spack-stage/spack-stage-petsc-3.10.0-bom76u3zclkgjltslfilyo6xjnkxzf7k/spack-src/src/ksp/ksp/tutorials'",
            "pre_context": "  File \"/p/vast1/koparasy/BUILD/head/spack/var/spack/repos/builtin/packages/petsc/package.py\", line 585, in setup_build_tests\n    self.cache_extra_test_sources('src/snes/tutorials')\n  File \"/p/vast1/koparasy/BUILD/head/spack/lib/spack/spack/package.py\", line 1782, in cache_extra_test_sources\n    fsys.copy(src_path, dest_path)\n  File \"/p/vast1/koparasy/BUILD/head/spack/lib/spack/llnl/util/filesystem.py\", line 376, in copy\n    raise IOError(\"No such file or directory: '{0}'\".format(src))",
            "post_context": "==> [2022-01-14-21:19:20.854662] Flagging petsc-3.10.0-audcpeovvrgu6efgpua3euoqxice2xur as failed: OSError: No such file or directory: '/var/tmp/koparasy/spack-stage/spack-stage-petsc-3.10.0-bom76u3zclkgjltslfilyo6xjnkxzf7k/spack-src/src/ksp/ksp/tutorials'\n==> [2022-01-14-21:19:44.423922] Skip view update, this environment does not maintain a view\n==> [2022-01-14-21:19:44.425619] ChildError: OSError: No such file or directory: '/var/tmp/koparasy/spack-stage/spack-stage-petsc-3.10.0-bom76u3zclkgjltslfilyo6xjnkxzf7k/spack-src/src/ksp/ksp/tutorials'\n"
      },
      {
            "phase": "N/A",
            "source_file": [
                  null
            ],
            "source_line_no": 0,
            "line_no": 1173,
            "repeat_count": 0,
            "start": 1167,
            "end": 1177,
            "text": "==> [2022-01-14-21:19:20.854662] Flagging petsc-3.10.0-audcpeovvrgu6efgpua3euoqxice2xur as failed: OSError: No such file or directory: '/var/tmp/koparasy/spack-stage/spack-stage-petsc-3.10.0-bom76u3zclkgjltslfilyo6xjnkxzf7k/spack-src/src/ksp/ksp/tutorials'",
            "pre_context": "    self.cache_extra_test_sources('src/snes/tutorials')\n  File \"/p/vast1/koparasy/BUILD/head/spack/lib/spack/spack/package.py\", line 1782, in cache_extra_test_sources\n    fsys.copy(src_path, dest_path)\n  File \"/p/vast1/koparasy/BUILD/head/spack/lib/spack/llnl/util/filesystem.py\", line 376, in copy\n    raise IOError(\"No such file or directory: '{0}'\".format(src))\nOSError: No such file or directory: '/var/tmp/koparasy/spack-stage/spack-stage-petsc-3.10.0-bom76u3zclkgjltslfilyo6xjnkxzf7k/spack-src/src/ksp/ksp/tutorials'",
            "post_context": "==> [2022-01-14-21:19:44.423922] Skip view update, this environment does not maintain a view\n==> [2022-01-14-21:19:44.425619] ChildError: OSError: No such file or directory: '/var/tmp/koparasy/spack-stage/spack-stage-petsc-3.10.0-bom76u3zclkgjltslfilyo6xjnkxzf7k/spack-src/src/ksp/ksp/tutorials'\n"
      },
      {
            "phase": "N/A",
            "source_file": [
                  null
            ],
            "source_line_no": 0,
            "line_no": 1175,
            "repeat_count": 0,
            "start": 1169,
            "end": 1177,
            "text": "==> [2022-01-14-21:19:44.425619] ChildError: OSError: No such file or directory: '/var/tmp/koparasy/spack-stage/spack-stage-petsc-3.10.0-bom76u3zclkgjltslfilyo6xjnkxzf7k/spack-src/src/ksp/ksp/tutorials'",
            "pre_context": "    fsys.copy(src_path, dest_path)\n  File \"/p/vast1/koparasy/BUILD/head/spack/lib/spack/llnl/util/filesystem.py\", line 376, in copy\n    raise IOError(\"No such file or directory: '{0}'\".format(src))\nOSError: No such file or directory: '/var/tmp/koparasy/spack-stage/spack-stage-petsc-3.10.0-bom76u3zclkgjltslfilyo6xjnkxzf7k/spack-src/src/ksp/ksp/tutorials'\n==> [2022-01-14-21:19:20.854662] Flagging petsc-3.10.0-audcpeovvrgu6efgpua3euoqxice2xur as failed: OSError: No such file or directory: '/var/tmp/koparasy/spack-stage/spack-stage-petsc-3.10.0-bom76u3zclkgjltslfilyo6xjnkxzf7k/spack-src/src/ksp/ksp/tutorials'\n==> [2022-01-14-21:19:44.423922] Skip view update, this environment does not maintain a view",
            "post_context": ""
      },
      {
            "phase": "N/A",
            "source_file": [
                  null
            ],
            "source_line_no": 0,
            "line_no": 1143,
            "repeat_count": 0,
            "start": 1137,
            "end": 1150,
            "text": "==> [2022-01-14-21:17:53.833953] Error: OSError: No such file or directory: '/var/tmp/koparasy/spack-stage/spack-stage-petsc-3.10.3-djrajmguv66lmzldsvhmnl7v2ifum6o7/spack-src/src/ksp/ksp/tutorials'",
            "pre_context": "==> [2022-01-14-21:09:14.451744] found link dirs: /usr/tce/packages/gcc/gcc-9.3.1/rh/usr/lib/gcc/x86_64-redhat-linux/9, /usr/tce/packages/gcc/gcc-9.3.1/rh/usr/lib/gcc, /usr/tce/packages/gcc/gcc-9.3.1/rh/usr/lib64, /lib64, /usr/lib64, /usr/tce/packages/gcc/gcc-9.3.1/rh/usr/lib\n==> [2022-01-14-21:09:14.783271] Staging archive: /var/tmp/koparasy/spack-stage/spack-stage-petsc-3.10.3-djrajmguv66lmzldsvhmnl7v2ifum6o7/petsc-3.10.3.tar.gz\n==> [2022-01-14-21:09:14.790474] '/usr/bin/tar' '-oxf' '/var/tmp/koparasy/spack-stage/spack-stage-petsc-3.10.3-djrajmguv66lmzldsvhmnl7v2ifum6o7/petsc-3.10.3.tar.gz'\n==> [2022-01-14-21:09:15.929576] Created stage in /var/tmp/koparasy/spack-stage/spack-stage-petsc-3.10.3-djrajmguv66lmzldsvhmnl7v2ifum6o7\n==> [2022-01-14-21:09:15.935607] '/usr/bin/patch' '-s' '-p' '1' '-i' '/p/vast1/koparasy/BUILD/head/spack/var/spack/repos/builtin/packages/petsc/xcode_stub_out_of_sync.patch' '-d' '.'\n==> [2022-01-14-21:09:15.943062] petsc: Building petsc-3.10.3-bfavvn5rawmvz3dqkiuz2malvly3yvlo [Package]",
            "post_context": "\n/p/vast1/koparasy/BUILD/head/spack/lib/spack/spack/package.py:1781, in cache_extra_test_sources:\n       1778            if os.path.isdir(src_path):\n       1779                fsys.install_tree(src_path, dest_path)\n       1780            else:\n  >>   1781                fsys.mkdirp(os.path.dirname(dest_path))"
      },
      {
            "phase": "N/A",
            "source_file": [
                  null
            ],
            "source_line_no": 0,
            "line_no": 1172,
            "repeat_count": 0,
            "start": 1166,
            "end": 1177,
            "text": "OSError: No such file or directory: '/var/tmp/koparasy/spack-stage/spack-stage-petsc-3.10.3-djrajmguv66lmzldsvhmnl7v2ifum6o7/spack-src/src/ksp/ksp/tutorials'",
            "pre_context": "  File \"/p/vast1/koparasy/BUILD/head/spack/var/spack/repos/builtin/packages/petsc/package.py\", line 585, in setup_build_tests\n    self.cache_extra_test_sources('src/snes/tutorials')\n  File \"/p/vast1/koparasy/BUILD/head/spack/lib/spack/spack/package.py\", line 1782, in cache_extra_test_sources\n    fsys.copy(src_path, dest_path)\n  File \"/p/vast1/koparasy/BUILD/head/spack/lib/spack/llnl/util/filesystem.py\", line 376, in copy\n    raise IOError(\"No such file or directory: '{0}'\".format(src))",
            "post_context": "==> [2022-01-14-21:17:53.834324] Flagging petsc-3.10.3-bfavvn5rawmvz3dqkiuz2malvly3yvlo as failed: OSError: No such file or directory: '/var/tmp/koparasy/spack-stage/spack-stage-petsc-3.10.3-djrajmguv66lmzldsvhmnl7v2ifum6o7/spack-src/src/ksp/ksp/tutorials'\n==> [2022-01-14-21:18:15.558453] Skip view update, this environment does not maintain a view\n==> [2022-01-14-21:18:15.560147] ChildError: OSError: No such file or directory: '/var/tmp/koparasy/spack-stage/spack-stage-petsc-3.10.3-djrajmguv66lmzldsvhmnl7v2ifum6o7/spack-src/src/ksp/ksp/tutorials'\n"
      },
      {
            "phase": "N/A",
            "source_file": [
                  null
            ],
            "source_line_no": 0,
            "line_no": 1173,
            "repeat_count": 0,
            "start": 1167,
            "end": 1177,
            "text": "==> [2022-01-14-21:17:53.834324] Flagging petsc-3.10.3-bfavvn5rawmvz3dqkiuz2malvly3yvlo as failed: OSError: No such file or directory: '/var/tmp/koparasy/spack-stage/spack-stage-petsc-3.10.3-djrajmguv66lmzldsvhmnl7v2ifum6o7/spack-src/src/ksp/ksp/tutorials'",
            "pre_context": "    self.cache_extra_test_sources('src/snes/tutorials')\n  File \"/p/vast1/koparasy/BUILD/head/spack/lib/spack/spack/package.py\", line 1782, in cache_extra_test_sources\n    fsys.copy(src_path, dest_path)\n  File \"/p/vast1/koparasy/BUILD/head/spack/lib/spack/llnl/util/filesystem.py\", line 376, in copy\n    raise IOError(\"No such file or directory: '{0}'\".format(src))\nOSError: No such file or directory: '/var/tmp/koparasy/spack-stage/spack-stage-petsc-3.10.3-djrajmguv66lmzldsvhmnl7v2ifum6o7/spack-src/src/ksp/ksp/tutorials'",
            "post_context": "==> [2022-01-14-21:18:15.558453] Skip view update, this environment does not maintain a view\n==> [2022-01-14-21:18:15.560147] ChildError: OSError: No such file or directory: '/var/tmp/koparasy/spack-stage/spack-stage-petsc-3.10.3-djrajmguv66lmzldsvhmnl7v2ifum6o7/spack-src/src/ksp/ksp/tutorials'\n"
      },
      {
            "phase": "N/A",
            "source_file": [
                  null
            ],
            "source_line_no": 0,
            "line_no": 1175,
            "repeat_count": 0,
            "start": 1169,
            "end": 1177,
            "text": "==> [2022-01-14-21:18:15.560147] ChildError: OSError: No such file or directory: '/var/tmp/koparasy/spack-stage/spack-stage-petsc-3.10.3-djrajmguv66lmzldsvhmnl7v2ifum6o7/spack-src/src/ksp/ksp/tutorials'",
            "pre_context": "    fsys.copy(src_path, dest_path)\n  File \"/p/vast1/koparasy/BUILD/head/spack/lib/spack/llnl/util/filesystem.py\", line 376, in copy\n    raise IOError(\"No such file or directory: '{0}'\".format(src))\nOSError: No such file or directory: '/var/tmp/koparasy/spack-stage/spack-stage-petsc-3.10.3-djrajmguv66lmzldsvhmnl7v2ifum6o7/spack-src/src/ksp/ksp/tutorials'\n==> [2022-01-14-21:17:53.834324] Flagging petsc-3.10.3-bfavvn5rawmvz3dqkiuz2malvly3yvlo as failed: OSError: No such file or directory: '/var/tmp/koparasy/spack-stage/spack-stage-petsc-3.10.3-djrajmguv66lmzldsvhmnl7v2ifum6o7/spack-src/src/ksp/ksp/tutorials'\n==> [2022-01-14-21:18:15.558453] Skip view update, this environment does not maintain a view",
            "post_context": ""
      },
      {
            "phase": "N/A",
            "source_file": [
                  null
            ],
            "source_line_no": 0,
            "line_no": 1147,
            "repeat_count": 0,
            "start": 1141,
            "end": 1154,
            "text": "==> [2022-01-14-21:18:47.743792] Error: OSError: No such file or directory: '/var/tmp/koparasy/spack-stage/spack-stage-petsc-3.11.3-4kzupdqcp5ioiuw2m5t6dxuuquf75dwg/spack-src/src/ksp/ksp/tutorials'",
            "pre_context": "==> [2022-01-14-21:09:15.256111] found raw link dirs: /usr/tce/packages/gcc/gcc-9.3.1/rh/usr/bin/../lib/gcc/x86_64-redhat-linux/9, /usr/tce/packages/gcc/gcc-9.3.1/rh/usr/bin/../lib/gcc, /usr/tce/packages/gcc/gcc-9.3.1/rh/usr/bin/../lib/gcc/x86_64-redhat-linux/9/../../../../lib64, /lib/../lib64, /usr/lib/../lib64, /usr/tce/packages/gcc/gcc-9.3.1/rh/usr/bin/../lib/gcc/x86_64-redhat-linux/9/../../..\n==> [2022-01-14-21:09:15.256247] found link dirs: /usr/tce/packages/gcc/gcc-9.3.1/rh/usr/lib/gcc/x86_64-redhat-linux/9, /usr/tce/packages/gcc/gcc-9.3.1/rh/usr/lib/gcc, /usr/tce/packages/gcc/gcc-9.3.1/rh/usr/lib64, /lib64, /usr/lib64, /usr/tce/packages/gcc/gcc-9.3.1/rh/usr/lib\n==> [2022-01-14-21:09:15.696789] Staging archive: /var/tmp/koparasy/spack-stage/spack-stage-petsc-3.11.3-4kzupdqcp5ioiuw2m5t6dxuuquf75dwg/petsc-3.11.3.tar.gz\n==> [2022-01-14-21:09:15.709691] '/usr/bin/tar' '-oxf' '/var/tmp/koparasy/spack-stage/spack-stage-petsc-3.11.3-4kzupdqcp5ioiuw2m5t6dxuuquf75dwg/petsc-3.11.3.tar.gz'\n==> [2022-01-14-21:09:17.022598] Created stage in /var/tmp/koparasy/spack-stage/spack-stage-petsc-3.11.3-4kzupdqcp5ioiuw2m5t6dxuuquf75dwg\n==> [2022-01-14-21:09:17.023098] petsc: Building petsc-3.11.3-fikj4ksum7ubeuw4jzkbabt5jhm3qe6e [Package]",
            "post_context": "\n/p/vast1/koparasy/BUILD/head/spack/lib/spack/spack/package.py:1781, in cache_extra_test_sources:\n       1778            if os.path.isdir(src_path):\n       1779                fsys.install_tree(src_path, dest_path)\n       1780            else:\n  >>   1781                fsys.mkdirp(os.path.dirname(dest_path))"
      },
      {
            "phase": "N/A",
            "source_file": [
                  null
            ],
            "source_line_no": 0,
            "line_no": 1176,
            "repeat_count": 0,
            "start": 1170,
            "end": 1181,
            "text": "OSError: No such file or directory: '/var/tmp/koparasy/spack-stage/spack-stage-petsc-3.11.3-4kzupdqcp5ioiuw2m5t6dxuuquf75dwg/spack-src/src/ksp/ksp/tutorials'",
            "pre_context": "  File \"/p/vast1/koparasy/BUILD/head/spack/var/spack/repos/builtin/packages/petsc/package.py\", line 585, in setup_build_tests\n    self.cache_extra_test_sources('src/snes/tutorials')\n  File \"/p/vast1/koparasy/BUILD/head/spack/lib/spack/spack/package.py\", line 1782, in cache_extra_test_sources\n    fsys.copy(src_path, dest_path)\n  File \"/p/vast1/koparasy/BUILD/head/spack/lib/spack/llnl/util/filesystem.py\", line 376, in copy\n    raise IOError(\"No such file or directory: '{0}'\".format(src))",
            "post_context": "==> [2022-01-14-21:18:47.744153] Flagging petsc-3.11.3-fikj4ksum7ubeuw4jzkbabt5jhm3qe6e as failed: OSError: No such file or directory: '/var/tmp/koparasy/spack-stage/spack-stage-petsc-3.11.3-4kzupdqcp5ioiuw2m5t6dxuuquf75dwg/spack-src/src/ksp/ksp/tutorials'\n==> [2022-01-14-21:19:10.212542] Skip view update, this environment does not maintain a view\n==> [2022-01-14-21:19:10.214430] ChildError: OSError: No such file or directory: '/var/tmp/koparasy/spack-stage/spack-stage-petsc-3.11.3-4kzupdqcp5ioiuw2m5t6dxuuquf75dwg/spack-src/src/ksp/ksp/tutorials'\n"
      },
      {
            "phase": "N/A",
            "source_file": [
                  null
            ],
            "source_line_no": 0,
            "line_no": 1177,
            "repeat_count": 0,
            "start": 1171,
            "end": 1181,
            "text": "==> [2022-01-14-21:18:47.744153] Flagging petsc-3.11.3-fikj4ksum7ubeuw4jzkbabt5jhm3qe6e as failed: OSError: No such file or directory: '/var/tmp/koparasy/spack-stage/spack-stage-petsc-3.11.3-4kzupdqcp5ioiuw2m5t6dxuuquf75dwg/spack-src/src/ksp/ksp/tutorials'",
            "pre_context": "    self.cache_extra_test_sources('src/snes/tutorials')\n  File \"/p/vast1/koparasy/BUILD/head/spack/lib/spack/spack/package.py\", line 1782, in cache_extra_test_sources\n    fsys.copy(src_path, dest_path)\n  File \"/p/vast1/koparasy/BUILD/head/spack/lib/spack/llnl/util/filesystem.py\", line 376, in copy\n    raise IOError(\"No such file or directory: '{0}'\".format(src))\nOSError: No such file or directory: '/var/tmp/koparasy/spack-stage/spack-stage-petsc-3.11.3-4kzupdqcp5ioiuw2m5t6dxuuquf75dwg/spack-src/src/ksp/ksp/tutorials'",
            "post_context": "==> [2022-01-14-21:19:10.212542] Skip view update, this environment does not maintain a view\n==> [2022-01-14-21:19:10.214430] ChildError: OSError: No such file or directory: '/var/tmp/koparasy/spack-stage/spack-stage-petsc-3.11.3-4kzupdqcp5ioiuw2m5t6dxuuquf75dwg/spack-src/src/ksp/ksp/tutorials'\n"
      },
      {
            "phase": "N/A",
            "source_file": [
                  null
            ],
            "source_line_no": 0,
            "line_no": 1179,
            "repeat_count": 0,
            "start": 1173,
            "end": 1181,
            "text": "==> [2022-01-14-21:19:10.214430] ChildError: OSError: No such file or directory: '/var/tmp/koparasy/spack-stage/spack-stage-petsc-3.11.3-4kzupdqcp5ioiuw2m5t6dxuuquf75dwg/spack-src/src/ksp/ksp/tutorials'",
            "pre_context": "    fsys.copy(src_path, dest_path)\n  File \"/p/vast1/koparasy/BUILD/head/spack/lib/spack/llnl/util/filesystem.py\", line 376, in copy\n    raise IOError(\"No such file or directory: '{0}'\".format(src))\nOSError: No such file or directory: '/var/tmp/koparasy/spack-stage/spack-stage-petsc-3.11.3-4kzupdqcp5ioiuw2m5t6dxuuquf75dwg/spack-src/src/ksp/ksp/tutorials'\n==> [2022-01-14-21:18:47.744153] Flagging petsc-3.11.3-fikj4ksum7ubeuw4jzkbabt5jhm3qe6e as failed: OSError: No such file or directory: '/var/tmp/koparasy/spack-stage/spack-stage-petsc-3.11.3-4kzupdqcp5ioiuw2m5t6dxuuquf75dwg/spack-src/src/ksp/ksp/tutorials'\n==> [2022-01-14-21:19:10.212542] Skip view update, this environment does not maintain a view",
            "post_context": ""
      },
      {
            "phase": "N/A",
            "source_file": [
                  null
            ],
            "source_line_no": 0,
            "line_no": 1143,
            "repeat_count": 0,
            "start": 1137,
            "end": 1150,
            "text": "==> [2022-01-14-21:21:57.261784] Error: OSError: No such file or directory: '/var/tmp/koparasy/spack-stage/spack-stage-petsc-3.10.1-mlret4mq7untlbcorgesxh64ti5h237y/spack-src/src/ksp/ksp/tutorials'",
            "pre_context": "==> [2022-01-14-21:11:54.576421] found link dirs: /usr/tce/packages/gcc/gcc-9.3.1/rh/usr/lib/gcc/x86_64-redhat-linux/9, /usr/tce/packages/gcc/gcc-9.3.1/rh/usr/lib/gcc, /usr/tce/packages/gcc/gcc-9.3.1/rh/usr/lib64, /lib64, /usr/lib64, /usr/tce/packages/gcc/gcc-9.3.1/rh/usr/lib\n==> [2022-01-14-21:11:55.145023] Staging archive: /var/tmp/koparasy/spack-stage/spack-stage-petsc-3.10.1-mlret4mq7untlbcorgesxh64ti5h237y/petsc-3.10.1.tar.gz\n==> [2022-01-14-21:11:55.235983] '/usr/bin/tar' '-oxf' '/var/tmp/koparasy/spack-stage/spack-stage-petsc-3.10.1-mlret4mq7untlbcorgesxh64ti5h237y/petsc-3.10.1.tar.gz'\n==> [2022-01-14-21:11:56.446433] Created stage in /var/tmp/koparasy/spack-stage/spack-stage-petsc-3.10.1-mlret4mq7untlbcorgesxh64ti5h237y\n==> [2022-01-14-21:11:56.450828] '/usr/bin/patch' '-s' '-p' '1' '-i' '/p/vast1/koparasy/BUILD/head/spack/var/spack/repos/builtin/packages/petsc/xcode_stub_out_of_sync.patch' '-d' '.'\n==> [2022-01-14-21:11:56.458394] petsc: Building petsc-3.10.1-gn6b3sxj5g3ov52z3tfqv3kngwovrm5r [Package]",
            "post_context": "\n/p/vast1/koparasy/BUILD/head/spack/lib/spack/spack/package.py:1781, in cache_extra_test_sources:\n       1778            if os.path.isdir(src_path):\n       1779                fsys.install_tree(src_path, dest_path)\n       1780            else:\n  >>   1781                fsys.mkdirp(os.path.dirname(dest_path))"
      },
      {
            "phase": "N/A",
            "source_file": [
                  null
            ],
            "source_line_no": 0,
            "line_no": 1172,
            "repeat_count": 0,
            "start": 1166,
            "end": 1177,
            "text": "OSError: No such file or directory: '/var/tmp/koparasy/spack-stage/spack-stage-petsc-3.10.1-mlret4mq7untlbcorgesxh64ti5h237y/spack-src/src/ksp/ksp/tutorials'",
            "pre_context": "  File \"/p/vast1/koparasy/BUILD/head/spack/var/spack/repos/builtin/packages/petsc/package.py\", line 585, in setup_build_tests\n    self.cache_extra_test_sources('src/snes/tutorials')\n  File \"/p/vast1/koparasy/BUILD/head/spack/lib/spack/spack/package.py\", line 1782, in cache_extra_test_sources\n    fsys.copy(src_path, dest_path)\n  File \"/p/vast1/koparasy/BUILD/head/spack/lib/spack/llnl/util/filesystem.py\", line 376, in copy\n    raise IOError(\"No such file or directory: '{0}'\".format(src))",
            "post_context": "==> [2022-01-14-21:21:57.262161] Flagging petsc-3.10.1-gn6b3sxj5g3ov52z3tfqv3kngwovrm5r as failed: OSError: No such file or directory: '/var/tmp/koparasy/spack-stage/spack-stage-petsc-3.10.1-mlret4mq7untlbcorgesxh64ti5h237y/spack-src/src/ksp/ksp/tutorials'\n==> [2022-01-14-21:22:22.902365] Skip view update, this environment does not maintain a view\n==> [2022-01-14-21:22:22.905009] ChildError: OSError: No such file or directory: '/var/tmp/koparasy/spack-stage/spack-stage-petsc-3.10.1-mlret4mq7untlbcorgesxh64ti5h237y/spack-src/src/ksp/ksp/tutorials'\n"
      },
      {
            "phase": "N/A",
            "source_file": [
                  null
            ],
            "source_line_no": 0,
            "line_no": 1173,
            "repeat_count": 0,
            "start": 1167,
            "end": 1177,
            "text": "==> [2022-01-14-21:21:57.262161] Flagging petsc-3.10.1-gn6b3sxj5g3ov52z3tfqv3kngwovrm5r as failed: OSError: No such file or directory: '/var/tmp/koparasy/spack-stage/spack-stage-petsc-3.10.1-mlret4mq7untlbcorgesxh64ti5h237y/spack-src/src/ksp/ksp/tutorials'",
            "pre_context": "    self.cache_extra_test_sources('src/snes/tutorials')\n  File \"/p/vast1/koparasy/BUILD/head/spack/lib/spack/spack/package.py\", line 1782, in cache_extra_test_sources\n    fsys.copy(src_path, dest_path)\n  File \"/p/vast1/koparasy/BUILD/head/spack/lib/spack/llnl/util/filesystem.py\", line 376, in copy\n    raise IOError(\"No such file or directory: '{0}'\".format(src))\nOSError: No such file or directory: '/var/tmp/koparasy/spack-stage/spack-stage-petsc-3.10.1-mlret4mq7untlbcorgesxh64ti5h237y/spack-src/src/ksp/ksp/tutorials'",
            "post_context": "==> [2022-01-14-21:22:22.902365] Skip view update, this environment does not maintain a view\n==> [2022-01-14-21:22:22.905009] ChildError: OSError: No such file or directory: '/var/tmp/koparasy/spack-stage/spack-stage-petsc-3.10.1-mlret4mq7untlbcorgesxh64ti5h237y/spack-src/src/ksp/ksp/tutorials'\n"
      },
      {
            "phase": "N/A",
            "source_file": [
                  null
            ],
            "source_line_no": 0,
            "line_no": 1175,
            "repeat_count": 0,
            "start": 1169,
            "end": 1177,
            "text": "==> [2022-01-14-21:22:22.905009] ChildError: OSError: No such file or directory: '/var/tmp/koparasy/spack-stage/spack-stage-petsc-3.10.1-mlret4mq7untlbcorgesxh64ti5h237y/spack-src/src/ksp/ksp/tutorials'",
            "pre_context": "    fsys.copy(src_path, dest_path)\n  File \"/p/vast1/koparasy/BUILD/head/spack/lib/spack/llnl/util/filesystem.py\", line 376, in copy\n    raise IOError(\"No such file or directory: '{0}'\".format(src))\nOSError: No such file or directory: '/var/tmp/koparasy/spack-stage/spack-stage-petsc-3.10.1-mlret4mq7untlbcorgesxh64ti5h237y/spack-src/src/ksp/ksp/tutorials'\n==> [2022-01-14-21:21:57.262161] Flagging petsc-3.10.1-gn6b3sxj5g3ov52z3tfqv3kngwovrm5r as failed: OSError: No such file or directory: '/var/tmp/koparasy/spack-stage/spack-stage-petsc-3.10.1-mlret4mq7untlbcorgesxh64ti5h237y/spack-src/src/ksp/ksp/tutorials'\n==> [2022-01-14-21:22:22.902365] Skip view update, this environment does not maintain a view",
            "post_context": ""
      },
      {
            "phase": "N/A",
            "source_file": [
                  null
            ],
            "source_line_no": 0,
            "line_no": 2308,
            "repeat_count": 0,
            "start": 2302,
            "end": 2315,
            "text": "edhat-linux/9/ld: final link failed: nonrepresentable section on o",
            "pre_context": "             ot be used when making a shared object; recompile with -fPIC\n     1825    /usr/tce/packages/gcc/gcc-9.3.1/rh/usr/bin/../libexec/gcc/x86_64-r\n             edhat-linux/9/ld: arch-linux2-c-opt/obj/src/sys/classes/bag/f2003-\n             src/fsrc/bagenum.o: relocation R_X86_64_32 against `.rodata' can n\n             ot be used when making a shared object; recompile with -fPIC\n  >> 1826    /usr/tce/packages/gcc/gcc-9.3.1/rh/usr/bin/../libexec/gcc/x86_64-r",
            "post_context": "             utput\n  >> 1827    collect2: error: ld returned 1 exit status\n  >> 1828    gmake[2]: *** [/tmp/koparasy/spack-stage/spack-stage-petsc-3.7.2-5\n             fo3egxk7yprqjjvomycxupfd7fw2dme/spack-src/arch-linux2-c-opt/lib/li\n             bpetsc.so.3.7.2] Error 1\n     1829    gmake[2]: Leaving directory `/tmp/koparasy/spack-stage/spack-stage"
      },
      {
            "phase": "N/A",
            "source_file": [
                  null
            ],
            "source_line_no": 0,
            "line_no": 2310,
            "repeat_count": 0,
            "start": 2304,
            "end": 2317,
            "text": ">> 1827    collect2: error: ld returned 1 exit status",
            "pre_context": "             edhat-linux/9/ld: arch-linux2-c-opt/obj/src/sys/classes/bag/f2003-\n             src/fsrc/bagenum.o: relocation R_X86_64_32 against `.rodata' can n\n             ot be used when making a shared object; recompile with -fPIC\n  >> 1826    /usr/tce/packages/gcc/gcc-9.3.1/rh/usr/bin/../libexec/gcc/x86_64-r\n             edhat-linux/9/ld: final link failed: nonrepresentable section on o\n             utput",
            "post_context": "  >> 1828    gmake[2]: *** [/tmp/koparasy/spack-stage/spack-stage-petsc-3.7.2-5\n             fo3egxk7yprqjjvomycxupfd7fw2dme/spack-src/arch-linux2-c-opt/lib/li\n             bpetsc.so.3.7.2] Error 1\n     1829    gmake[2]: Leaving directory `/tmp/koparasy/spack-stage/spack-stage\n             -petsc-3.7.2-5fo3egxk7yprqjjvomycxupfd7fw2dme/spack-src'\n  >> 1830    gmake[1]: *** [gnumake] Error 2"
      },
      {
            "phase": "N/A",
            "source_file": [
                  null
            ],
            "source_line_no": 0,
            "line_no": 2316,
            "repeat_count": 0,
            "start": 2310,
            "end": 2323,
            "text": ">> 1830    gmake[1]: *** [gnumake] Error 2",
            "pre_context": "  >> 1827    collect2: error: ld returned 1 exit status\n  >> 1828    gmake[2]: *** [/tmp/koparasy/spack-stage/spack-stage-petsc-3.7.2-5\n             fo3egxk7yprqjjvomycxupfd7fw2dme/spack-src/arch-linux2-c-opt/lib/li\n             bpetsc.so.3.7.2] Error 1\n     1829    gmake[2]: Leaving directory `/tmp/koparasy/spack-stage/spack-stage\n             -petsc-3.7.2-5fo3egxk7yprqjjvomycxupfd7fw2dme/spack-src'",
            "post_context": "     1831    gmake[1]: Leaving directory `/tmp/koparasy/spack-stage/spack-stage\n             -petsc-3.7.2-5fo3egxk7yprqjjvomycxupfd7fw2dme/spack-src'\n     1832    **************************ERROR***********************************\n             **\n     1833      Error during compile, check arch-linux2-c-opt/lib/petsc/conf/mak\n             e.log"
      },
      {
            "phase": "N/A",
            "source_file": [
                  null
            ],
            "source_line_no": 0,
            "line_no": 2327,
            "repeat_count": 0,
            "start": 2321,
            "end": 2334,
            "text": ">> 1836    make: *** [all] Error 1",
            "pre_context": "     1833      Error during compile, check arch-linux2-c-opt/lib/petsc/conf/mak\n             e.log\n     1834      Send it and arch-linux2-c-opt/lib/petsc/conf/configure.log to pe\n             tsc-maint@mcs.anl.gov\n     1835    ******************************************************************\n             **",
            "post_context": "\nSee build log for details:\n  /var/tmp/koparasy/spack-stage/spack-stage-petsc-3.7.2-5fo3egxk7yprqjjvomycxupfd7fw2dme/spack-build-out.txt\n\nTraceback (most recent call last):\n  File \"/p/vast1/koparasy/BUILD/head/spack/lib/spack/spack/build_environment.py\", line 1035, in _setup_pkg_and_run"
      },
      {
            "phase": "N/A",
            "source_file": [
                  null
            ],
            "source_line_no": 0,
            "line_no": 1143,
            "repeat_count": 0,
            "start": 1137,
            "end": 1150,
            "text": "==> [2022-01-14-21:21:56.907057] Error: OSError: No such file or directory: '/var/tmp/koparasy/spack-stage/spack-stage-petsc-3.9.2-l26u5bwtr6bwd77cobqtuuv6lh6brzdf/spack-src/src/ksp/ksp/tutorials'",
            "pre_context": "==> [2022-01-14-21:12:35.265466] found link dirs: /usr/tce/packages/gcc/gcc-9.3.1/rh/usr/lib/gcc/x86_64-redhat-linux/9, /usr/tce/packages/gcc/gcc-9.3.1/rh/usr/lib/gcc, /usr/tce/packages/gcc/gcc-9.3.1/rh/usr/lib64, /lib64, /usr/lib64, /usr/tce/packages/gcc/gcc-9.3.1/rh/usr/lib\n==> [2022-01-14-21:12:35.622340] Staging archive: /var/tmp/koparasy/spack-stage/spack-stage-petsc-3.9.2-l26u5bwtr6bwd77cobqtuuv6lh6brzdf/petsc-3.9.2.tar.gz\n==> [2022-01-14-21:12:35.624019] '/usr/bin/tar' '-oxf' '/var/tmp/koparasy/spack-stage/spack-stage-petsc-3.9.2-l26u5bwtr6bwd77cobqtuuv6lh6brzdf/petsc-3.9.2.tar.gz'\n==> [2022-01-14-21:12:36.555516] Created stage in /var/tmp/koparasy/spack-stage/spack-stage-petsc-3.9.2-l26u5bwtr6bwd77cobqtuuv6lh6brzdf\n==> [2022-01-14-21:12:36.557363] '/usr/bin/patch' '-s' '-p' '1' '-i' '/p/vast1/koparasy/BUILD/head/spack/var/spack/repos/builtin/packages/petsc/xcode_stub_out_of_sync.patch' '-d' '.'\n==> [2022-01-14-21:12:36.564960] petsc: Building petsc-3.9.2-jegtszablx2evsdpzbvadysrk2zhumgx [Package]",
            "post_context": "\n/p/vast1/koparasy/BUILD/head/spack/lib/spack/spack/package.py:1781, in cache_extra_test_sources:\n       1778            if os.path.isdir(src_path):\n       1779                fsys.install_tree(src_path, dest_path)\n       1780            else:\n  >>   1781                fsys.mkdirp(os.path.dirname(dest_path))"
      },
      {
            "phase": "N/A",
            "source_file": [
                  null
            ],
            "source_line_no": 0,
            "line_no": 1172,
            "repeat_count": 0,
            "start": 1166,
            "end": 1177,
            "text": "OSError: No such file or directory: '/var/tmp/koparasy/spack-stage/spack-stage-petsc-3.9.2-l26u5bwtr6bwd77cobqtuuv6lh6brzdf/spack-src/src/ksp/ksp/tutorials'",
            "pre_context": "  File \"/p/vast1/koparasy/BUILD/head/spack/var/spack/repos/builtin/packages/petsc/package.py\", line 585, in setup_build_tests\n    self.cache_extra_test_sources('src/snes/tutorials')\n  File \"/p/vast1/koparasy/BUILD/head/spack/lib/spack/spack/package.py\", line 1782, in cache_extra_test_sources\n    fsys.copy(src_path, dest_path)\n  File \"/p/vast1/koparasy/BUILD/head/spack/lib/spack/llnl/util/filesystem.py\", line 376, in copy\n    raise IOError(\"No such file or directory: '{0}'\".format(src))",
            "post_context": "==> [2022-01-14-21:21:56.907418] Flagging petsc-3.9.2-jegtszablx2evsdpzbvadysrk2zhumgx as failed: OSError: No such file or directory: '/var/tmp/koparasy/spack-stage/spack-stage-petsc-3.9.2-l26u5bwtr6bwd77cobqtuuv6lh6brzdf/spack-src/src/ksp/ksp/tutorials'\n==> [2022-01-14-21:22:20.869919] Skip view update, this environment does not maintain a view\n==> [2022-01-14-21:22:20.871181] ChildError: OSError: No such file or directory: '/var/tmp/koparasy/spack-stage/spack-stage-petsc-3.9.2-l26u5bwtr6bwd77cobqtuuv6lh6brzdf/spack-src/src/ksp/ksp/tutorials'\n"
      },
      {
            "phase": "N/A",
            "source_file": [
                  null
            ],
            "source_line_no": 0,
            "line_no": 1173,
            "repeat_count": 0,
            "start": 1167,
            "end": 1177,
            "text": "==> [2022-01-14-21:21:56.907418] Flagging petsc-3.9.2-jegtszablx2evsdpzbvadysrk2zhumgx as failed: OSError: No such file or directory: '/var/tmp/koparasy/spack-stage/spack-stage-petsc-3.9.2-l26u5bwtr6bwd77cobqtuuv6lh6brzdf/spack-src/src/ksp/ksp/tutorials'",
            "pre_context": "    self.cache_extra_test_sources('src/snes/tutorials')\n  File \"/p/vast1/koparasy/BUILD/head/spack/lib/spack/spack/package.py\", line 1782, in cache_extra_test_sources\n    fsys.copy(src_path, dest_path)\n  File \"/p/vast1/koparasy/BUILD/head/spack/lib/spack/llnl/util/filesystem.py\", line 376, in copy\n    raise IOError(\"No such file or directory: '{0}'\".format(src))\nOSError: No such file or directory: '/var/tmp/koparasy/spack-stage/spack-stage-petsc-3.9.2-l26u5bwtr6bwd77cobqtuuv6lh6brzdf/spack-src/src/ksp/ksp/tutorials'",
            "post_context": "==> [2022-01-14-21:22:20.869919] Skip view update, this environment does not maintain a view\n==> [2022-01-14-21:22:20.871181] ChildError: OSError: No such file or directory: '/var/tmp/koparasy/spack-stage/spack-stage-petsc-3.9.2-l26u5bwtr6bwd77cobqtuuv6lh6brzdf/spack-src/src/ksp/ksp/tutorials'\n"
      },
      {
            "phase": "N/A",
            "source_file": [
                  null
            ],
            "source_line_no": 0,
            "line_no": 1175,
            "repeat_count": 0,
            "start": 1169,
            "end": 1177,
            "text": "==> [2022-01-14-21:22:20.871181] ChildError: OSError: No such file or directory: '/var/tmp/koparasy/spack-stage/spack-stage-petsc-3.9.2-l26u5bwtr6bwd77cobqtuuv6lh6brzdf/spack-src/src/ksp/ksp/tutorials'",
            "pre_context": "    fsys.copy(src_path, dest_path)\n  File \"/p/vast1/koparasy/BUILD/head/spack/lib/spack/llnl/util/filesystem.py\", line 376, in copy\n    raise IOError(\"No such file or directory: '{0}'\".format(src))\nOSError: No such file or directory: '/var/tmp/koparasy/spack-stage/spack-stage-petsc-3.9.2-l26u5bwtr6bwd77cobqtuuv6lh6brzdf/spack-src/src/ksp/ksp/tutorials'\n==> [2022-01-14-21:21:56.907418] Flagging petsc-3.9.2-jegtszablx2evsdpzbvadysrk2zhumgx as failed: OSError: No such file or directory: '/var/tmp/koparasy/spack-stage/spack-stage-petsc-3.9.2-l26u5bwtr6bwd77cobqtuuv6lh6brzdf/spack-src/src/ksp/ksp/tutorials'\n==> [2022-01-14-21:22:20.869919] Skip view update, this environment does not maintain a view",
            "post_context": ""
      },
      {
            "phase": "N/A",
            "source_file": [
                  null
            ],
            "source_line_no": 0,
            "line_no": 1147,
            "repeat_count": 0,
            "start": 1141,
            "end": 1154,
            "text": "==> [2022-01-14-21:18:21.711903] Error: OSError: No such file or directory: '/var/tmp/koparasy/spack-stage/spack-stage-petsc-3.7.4-ty27wvkxuexxpy5cm2we5vzmibz5y5wb/spack-src/src/ksp/ksp/tutorials'",
            "pre_context": "==> [2022-01-14-21:13:35.558956] '/usr/bin/curl' '-C' '-' '-o' '/var/tmp/koparasy/spack-stage/spack-stage-petsc-3.7.4-ty27wvkxuexxpy5cm2we5vzmibz5y5wb/petsc-3.7.4.tar.gz.part' '-f' '-D' '-' '-L' 'https://mirror.spack.io/_source-cache/archive/54/54b804f924ea5be3b6718b4d4e98f8ccb9d1bd6bbbd1e9c0f18c4a90ddf5db18.tar.gz' '-sS' '--connect-timeout' '10'\n==> [2022-01-14-21:13:37.769126] Staging archive: /var/tmp/koparasy/spack-stage/spack-stage-petsc-3.7.4-ty27wvkxuexxpy5cm2we5vzmibz5y5wb/petsc-3.7.4.tar.gz\n==> [2022-01-14-21:13:37.777961] '/usr/bin/tar' '-oxf' '/var/tmp/koparasy/spack-stage/spack-stage-petsc-3.7.4-ty27wvkxuexxpy5cm2we5vzmibz5y5wb/petsc-3.7.4.tar.gz'\n==> [2022-01-14-21:13:38.600432] Created stage in /var/tmp/koparasy/spack-stage/spack-stage-petsc-3.7.4-ty27wvkxuexxpy5cm2we5vzmibz5y5wb\n==> [2022-01-14-21:13:38.602980] '/usr/bin/patch' '-s' '-p' '1' '-i' '/p/vast1/koparasy/BUILD/head/spack/var/spack/repos/builtin/packages/petsc/xcode_stub_out_of_sync.patch' '-d' '.'\n==> [2022-01-14-21:13:38.610816] petsc: Building petsc-3.7.4-k3isasnsydtcngjw6ynrh4s2xdf6mf2u [Package]",
            "post_context": "\n/p/vast1/koparasy/BUILD/head/spack/lib/spack/spack/package.py:1781, in cache_extra_test_sources:\n       1778            if os.path.isdir(src_path):\n       1779                fsys.install_tree(src_path, dest_path)\n       1780            else:\n  >>   1781                fsys.mkdirp(os.path.dirname(dest_path))"
      },
      {
            "phase": "N/A",
            "source_file": [
                  null
            ],
            "source_line_no": 0,
            "line_no": 1176,
            "repeat_count": 0,
            "start": 1170,
            "end": 1181,
            "text": "OSError: No such file or directory: '/var/tmp/koparasy/spack-stage/spack-stage-petsc-3.7.4-ty27wvkxuexxpy5cm2we5vzmibz5y5wb/spack-src/src/ksp/ksp/tutorials'",
            "pre_context": "  File \"/p/vast1/koparasy/BUILD/head/spack/var/spack/repos/builtin/packages/petsc/package.py\", line 585, in setup_build_tests\n    self.cache_extra_test_sources('src/snes/tutorials')\n  File \"/p/vast1/koparasy/BUILD/head/spack/lib/spack/spack/package.py\", line 1782, in cache_extra_test_sources\n    fsys.copy(src_path, dest_path)\n  File \"/p/vast1/koparasy/BUILD/head/spack/lib/spack/llnl/util/filesystem.py\", line 376, in copy\n    raise IOError(\"No such file or directory: '{0}'\".format(src))",
            "post_context": "==> [2022-01-14-21:18:21.712291] Flagging petsc-3.7.4-k3isasnsydtcngjw6ynrh4s2xdf6mf2u as failed: OSError: No such file or directory: '/var/tmp/koparasy/spack-stage/spack-stage-petsc-3.7.4-ty27wvkxuexxpy5cm2we5vzmibz5y5wb/spack-src/src/ksp/ksp/tutorials'\n==> [2022-01-14-21:18:25.477986] Skip view update, this environment does not maintain a view\n==> [2022-01-14-21:18:25.479794] ChildError: OSError: No such file or directory: '/var/tmp/koparasy/spack-stage/spack-stage-petsc-3.7.4-ty27wvkxuexxpy5cm2we5vzmibz5y5wb/spack-src/src/ksp/ksp/tutorials'\n"
      },
      {
            "phase": "N/A",
            "source_file": [
                  null
            ],
            "source_line_no": 0,
            "line_no": 1177,
            "repeat_count": 0,
            "start": 1171,
            "end": 1181,
            "text": "==> [2022-01-14-21:18:21.712291] Flagging petsc-3.7.4-k3isasnsydtcngjw6ynrh4s2xdf6mf2u as failed: OSError: No such file or directory: '/var/tmp/koparasy/spack-stage/spack-stage-petsc-3.7.4-ty27wvkxuexxpy5cm2we5vzmibz5y5wb/spack-src/src/ksp/ksp/tutorials'",
            "pre_context": "    self.cache_extra_test_sources('src/snes/tutorials')\n  File \"/p/vast1/koparasy/BUILD/head/spack/lib/spack/spack/package.py\", line 1782, in cache_extra_test_sources\n    fsys.copy(src_path, dest_path)\n  File \"/p/vast1/koparasy/BUILD/head/spack/lib/spack/llnl/util/filesystem.py\", line 376, in copy\n    raise IOError(\"No such file or directory: '{0}'\".format(src))\nOSError: No such file or directory: '/var/tmp/koparasy/spack-stage/spack-stage-petsc-3.7.4-ty27wvkxuexxpy5cm2we5vzmibz5y5wb/spack-src/src/ksp/ksp/tutorials'",
            "post_context": "==> [2022-01-14-21:18:25.477986] Skip view update, this environment does not maintain a view\n==> [2022-01-14-21:18:25.479794] ChildError: OSError: No such file or directory: '/var/tmp/koparasy/spack-stage/spack-stage-petsc-3.7.4-ty27wvkxuexxpy5cm2we5vzmibz5y5wb/spack-src/src/ksp/ksp/tutorials'\n"
      },
      {
            "phase": "N/A",
            "source_file": [
                  null
            ],
            "source_line_no": 0,
            "line_no": 1179,
            "repeat_count": 0,
            "start": 1173,
            "end": 1181,
            "text": "==> [2022-01-14-21:18:25.479794] ChildError: OSError: No such file or directory: '/var/tmp/koparasy/spack-stage/spack-stage-petsc-3.7.4-ty27wvkxuexxpy5cm2we5vzmibz5y5wb/spack-src/src/ksp/ksp/tutorials'",
            "pre_context": "    fsys.copy(src_path, dest_path)\n  File \"/p/vast1/koparasy/BUILD/head/spack/lib/spack/llnl/util/filesystem.py\", line 376, in copy\n    raise IOError(\"No such file or directory: '{0}'\".format(src))\nOSError: No such file or directory: '/var/tmp/koparasy/spack-stage/spack-stage-petsc-3.7.4-ty27wvkxuexxpy5cm2we5vzmibz5y5wb/spack-src/src/ksp/ksp/tutorials'\n==> [2022-01-14-21:18:21.712291] Flagging petsc-3.7.4-k3isasnsydtcngjw6ynrh4s2xdf6mf2u as failed: OSError: No such file or directory: '/var/tmp/koparasy/spack-stage/spack-stage-petsc-3.7.4-ty27wvkxuexxpy5cm2we5vzmibz5y5wb/spack-src/src/ksp/ksp/tutorials'\n==> [2022-01-14-21:18:25.477986] Skip view update, this environment does not maintain a view",
            "post_context": ""
      },
      {
            "phase": "N/A",
            "source_file": [
                  null
            ],
            "source_line_no": 0,
            "line_no": 1144,
            "repeat_count": 0,
            "start": 1138,
            "end": 1151,
            "text": "==> [2022-01-14-21:19:48.400475] Error: OSError: No such file or directory: '/var/tmp/koparasy/spack-stage/spack-stage-petsc-3.8.0-gulbgijh5eiyous3hurtoooogdja3vee/spack-src/src/ksp/ksp/tutorials'",
            "pre_context": "==> [2022-01-14-21:10:20.345818] Staging archive: /var/tmp/koparasy/spack-stage/spack-stage-petsc-3.8.0-gulbgijh5eiyous3hurtoooogdja3vee/petsc-3.8.0.tar.gz\n==> [2022-01-14-21:10:20.347640] '/usr/bin/tar' '-oxf' '/var/tmp/koparasy/spack-stage/spack-stage-petsc-3.8.0-gulbgijh5eiyous3hurtoooogdja3vee/petsc-3.8.0.tar.gz'\n==> [2022-01-14-21:10:21.430439] Created stage in /var/tmp/koparasy/spack-stage/spack-stage-petsc-3.8.0-gulbgijh5eiyous3hurtoooogdja3vee\n==> [2022-01-14-21:10:21.433531] '/usr/bin/patch' '-s' '-p' '1' '-i' '/p/vast1/koparasy/BUILD/head/spack/var/spack/repos/builtin/packages/petsc/pkg-config-3.7.6-3.8.4.diff' '-d' '.'\n==> [2022-01-14-21:10:21.441360] '/usr/bin/patch' '-s' '-p' '1' '-i' '/p/vast1/koparasy/BUILD/head/spack/var/spack/repos/builtin/packages/petsc/xcode_stub_out_of_sync.patch' '-d' '.'\n==> [2022-01-14-21:10:21.447078] petsc: Building petsc-3.8.0-lgx2og5zxv4osxxxa7s77rcnbdocspyn [Package]",
            "post_context": "\n/p/vast1/koparasy/BUILD/head/spack/lib/spack/spack/package.py:1781, in cache_extra_test_sources:\n       1778            if os.path.isdir(src_path):\n       1779                fsys.install_tree(src_path, dest_path)\n       1780            else:\n  >>   1781                fsys.mkdirp(os.path.dirname(dest_path))"
      },
      {
            "phase": "N/A",
            "source_file": [
                  null
            ],
            "source_line_no": 0,
            "line_no": 1173,
            "repeat_count": 0,
            "start": 1167,
            "end": 1178,
            "text": "OSError: No such file or directory: '/var/tmp/koparasy/spack-stage/spack-stage-petsc-3.8.0-gulbgijh5eiyous3hurtoooogdja3vee/spack-src/src/ksp/ksp/tutorials'",
            "pre_context": "  File \"/p/vast1/koparasy/BUILD/head/spack/var/spack/repos/builtin/packages/petsc/package.py\", line 585, in setup_build_tests\n    self.cache_extra_test_sources('src/snes/tutorials')\n  File \"/p/vast1/koparasy/BUILD/head/spack/lib/spack/spack/package.py\", line 1782, in cache_extra_test_sources\n    fsys.copy(src_path, dest_path)\n  File \"/p/vast1/koparasy/BUILD/head/spack/lib/spack/llnl/util/filesystem.py\", line 376, in copy\n    raise IOError(\"No such file or directory: '{0}'\".format(src))",
            "post_context": "==> [2022-01-14-21:19:48.400867] Flagging petsc-3.8.0-lgx2og5zxv4osxxxa7s77rcnbdocspyn as failed: OSError: No such file or directory: '/var/tmp/koparasy/spack-stage/spack-stage-petsc-3.8.0-gulbgijh5eiyous3hurtoooogdja3vee/spack-src/src/ksp/ksp/tutorials'\n==> [2022-01-14-21:20:05.553366] Skip view update, this environment does not maintain a view\n==> [2022-01-14-21:20:05.555155] ChildError: OSError: No such file or directory: '/var/tmp/koparasy/spack-stage/spack-stage-petsc-3.8.0-gulbgijh5eiyous3hurtoooogdja3vee/spack-src/src/ksp/ksp/tutorials'\n"
      },
      {
            "phase": "N/A",
            "source_file": [
                  null
            ],
            "source_line_no": 0,
            "line_no": 1174,
            "repeat_count": 0,
            "start": 1168,
            "end": 1178,
            "text": "==> [2022-01-14-21:19:48.400867] Flagging petsc-3.8.0-lgx2og5zxv4osxxxa7s77rcnbdocspyn as failed: OSError: No such file or directory: '/var/tmp/koparasy/spack-stage/spack-stage-petsc-3.8.0-gulbgijh5eiyous3hurtoooogdja3vee/spack-src/src/ksp/ksp/tutorials'",
            "pre_context": "    self.cache_extra_test_sources('src/snes/tutorials')\n  File \"/p/vast1/koparasy/BUILD/head/spack/lib/spack/spack/package.py\", line 1782, in cache_extra_test_sources\n    fsys.copy(src_path, dest_path)\n  File \"/p/vast1/koparasy/BUILD/head/spack/lib/spack/llnl/util/filesystem.py\", line 376, in copy\n    raise IOError(\"No such file or directory: '{0}'\".format(src))\nOSError: No such file or directory: '/var/tmp/koparasy/spack-stage/spack-stage-petsc-3.8.0-gulbgijh5eiyous3hurtoooogdja3vee/spack-src/src/ksp/ksp/tutorials'",
            "post_context": "==> [2022-01-14-21:20:05.553366] Skip view update, this environment does not maintain a view\n==> [2022-01-14-21:20:05.555155] ChildError: OSError: No such file or directory: '/var/tmp/koparasy/spack-stage/spack-stage-petsc-3.8.0-gulbgijh5eiyous3hurtoooogdja3vee/spack-src/src/ksp/ksp/tutorials'\n"
      },
      {
            "phase": "N/A",
            "source_file": [
                  null
            ],
            "source_line_no": 0,
            "line_no": 1176,
            "repeat_count": 0,
            "start": 1170,
            "end": 1178,
            "text": "==> [2022-01-14-21:20:05.555155] ChildError: OSError: No such file or directory: '/var/tmp/koparasy/spack-stage/spack-stage-petsc-3.8.0-gulbgijh5eiyous3hurtoooogdja3vee/spack-src/src/ksp/ksp/tutorials'",
            "pre_context": "    fsys.copy(src_path, dest_path)\n  File \"/p/vast1/koparasy/BUILD/head/spack/lib/spack/llnl/util/filesystem.py\", line 376, in copy\n    raise IOError(\"No such file or directory: '{0}'\".format(src))\nOSError: No such file or directory: '/var/tmp/koparasy/spack-stage/spack-stage-petsc-3.8.0-gulbgijh5eiyous3hurtoooogdja3vee/spack-src/src/ksp/ksp/tutorials'\n==> [2022-01-14-21:19:48.400867] Flagging petsc-3.8.0-lgx2og5zxv4osxxxa7s77rcnbdocspyn as failed: OSError: No such file or directory: '/var/tmp/koparasy/spack-stage/spack-stage-petsc-3.8.0-gulbgijh5eiyous3hurtoooogdja3vee/spack-src/src/ksp/ksp/tutorials'\n==> [2022-01-14-21:20:05.553366] Skip view update, this environment does not maintain a view",
            "post_context": ""
      },
      {
            "phase": "N/A",
            "source_file": [
                  null
            ],
            "source_line_no": 0,
            "line_no": 1144,
            "repeat_count": 0,
            "start": 1138,
            "end": 1151,
            "text": "==> [2022-01-14-21:14:20.323886] Error: OSError: No such file or directory: '/var/tmp/koparasy/spack-stage/spack-stage-petsc-3.7.6-blzndkot4tsz25djrj5cdmlyckf6nkrp/spack-src/src/ksp/ksp/tutorials'",
            "pre_context": "==> [2022-01-14-21:10:20.324859] Staging archive: /var/tmp/koparasy/spack-stage/spack-stage-petsc-3.7.6-blzndkot4tsz25djrj5cdmlyckf6nkrp/petsc-3.7.6.tar.gz\n==> [2022-01-14-21:10:20.330145] '/usr/bin/tar' '-oxf' '/var/tmp/koparasy/spack-stage/spack-stage-petsc-3.7.6-blzndkot4tsz25djrj5cdmlyckf6nkrp/petsc-3.7.6.tar.gz'\n==> [2022-01-14-21:10:21.279452] Created stage in /var/tmp/koparasy/spack-stage/spack-stage-petsc-3.7.6-blzndkot4tsz25djrj5cdmlyckf6nkrp\n==> [2022-01-14-21:10:21.290288] '/usr/bin/patch' '-s' '-p' '1' '-i' '/p/vast1/koparasy/BUILD/head/spack/var/spack/repos/builtin/packages/petsc/pkg-config-3.7.6-3.8.4.diff' '-d' '.'\n==> [2022-01-14-21:10:21.300617] '/usr/bin/patch' '-s' '-p' '1' '-i' '/p/vast1/koparasy/BUILD/head/spack/var/spack/repos/builtin/packages/petsc/xcode_stub_out_of_sync.patch' '-d' '.'\n==> [2022-01-14-21:10:21.306659] petsc: Building petsc-3.7.6-mfz6gqteqwn6mltep7cllxurfrkmgl55 [Package]",
            "post_context": "\n/p/vast1/koparasy/BUILD/head/spack/lib/spack/spack/package.py:1781, in cache_extra_test_sources:\n       1778            if os.path.isdir(src_path):\n       1779                fsys.install_tree(src_path, dest_path)\n       1780            else:\n  >>   1781                fsys.mkdirp(os.path.dirname(dest_path))"
      },
      {
            "phase": "N/A",
            "source_file": [
                  null
            ],
            "source_line_no": 0,
            "line_no": 1173,
            "repeat_count": 0,
            "start": 1167,
            "end": 1178,
            "text": "OSError: No such file or directory: '/var/tmp/koparasy/spack-stage/spack-stage-petsc-3.7.6-blzndkot4tsz25djrj5cdmlyckf6nkrp/spack-src/src/ksp/ksp/tutorials'",
            "pre_context": "  File \"/p/vast1/koparasy/BUILD/head/spack/var/spack/repos/builtin/packages/petsc/package.py\", line 585, in setup_build_tests\n    self.cache_extra_test_sources('src/snes/tutorials')\n  File \"/p/vast1/koparasy/BUILD/head/spack/lib/spack/spack/package.py\", line 1782, in cache_extra_test_sources\n    fsys.copy(src_path, dest_path)\n  File \"/p/vast1/koparasy/BUILD/head/spack/lib/spack/llnl/util/filesystem.py\", line 376, in copy\n    raise IOError(\"No such file or directory: '{0}'\".format(src))",
            "post_context": "==> [2022-01-14-21:14:20.324258] Flagging petsc-3.7.6-mfz6gqteqwn6mltep7cllxurfrkmgl55 as failed: OSError: No such file or directory: '/var/tmp/koparasy/spack-stage/spack-stage-petsc-3.7.6-blzndkot4tsz25djrj5cdmlyckf6nkrp/spack-src/src/ksp/ksp/tutorials'\n==> [2022-01-14-21:14:24.155777] Skip view update, this environment does not maintain a view\n==> [2022-01-14-21:14:24.158089] ChildError: OSError: No such file or directory: '/var/tmp/koparasy/spack-stage/spack-stage-petsc-3.7.6-blzndkot4tsz25djrj5cdmlyckf6nkrp/spack-src/src/ksp/ksp/tutorials'\n"
      },
      {
            "phase": "N/A",
            "source_file": [
                  null
            ],
            "source_line_no": 0,
            "line_no": 1174,
            "repeat_count": 0,
            "start": 1168,
            "end": 1178,
            "text": "==> [2022-01-14-21:14:20.324258] Flagging petsc-3.7.6-mfz6gqteqwn6mltep7cllxurfrkmgl55 as failed: OSError: No such file or directory: '/var/tmp/koparasy/spack-stage/spack-stage-petsc-3.7.6-blzndkot4tsz25djrj5cdmlyckf6nkrp/spack-src/src/ksp/ksp/tutorials'",
            "pre_context": "    self.cache_extra_test_sources('src/snes/tutorials')\n  File \"/p/vast1/koparasy/BUILD/head/spack/lib/spack/spack/package.py\", line 1782, in cache_extra_test_sources\n    fsys.copy(src_path, dest_path)\n  File \"/p/vast1/koparasy/BUILD/head/spack/lib/spack/llnl/util/filesystem.py\", line 376, in copy\n    raise IOError(\"No such file or directory: '{0}'\".format(src))\nOSError: No such file or directory: '/var/tmp/koparasy/spack-stage/spack-stage-petsc-3.7.6-blzndkot4tsz25djrj5cdmlyckf6nkrp/spack-src/src/ksp/ksp/tutorials'",
            "post_context": "==> [2022-01-14-21:14:24.155777] Skip view update, this environment does not maintain a view\n==> [2022-01-14-21:14:24.158089] ChildError: OSError: No such file or directory: '/var/tmp/koparasy/spack-stage/spack-stage-petsc-3.7.6-blzndkot4tsz25djrj5cdmlyckf6nkrp/spack-src/src/ksp/ksp/tutorials'\n"
      },
      {
            "phase": "N/A",
            "source_file": [
                  null
            ],
            "source_line_no": 0,
            "line_no": 1176,
            "repeat_count": 0,
            "start": 1170,
            "end": 1178,
            "text": "==> [2022-01-14-21:14:24.158089] ChildError: OSError: No such file or directory: '/var/tmp/koparasy/spack-stage/spack-stage-petsc-3.7.6-blzndkot4tsz25djrj5cdmlyckf6nkrp/spack-src/src/ksp/ksp/tutorials'",
            "pre_context": "    fsys.copy(src_path, dest_path)\n  File \"/p/vast1/koparasy/BUILD/head/spack/lib/spack/llnl/util/filesystem.py\", line 376, in copy\n    raise IOError(\"No such file or directory: '{0}'\".format(src))\nOSError: No such file or directory: '/var/tmp/koparasy/spack-stage/spack-stage-petsc-3.7.6-blzndkot4tsz25djrj5cdmlyckf6nkrp/spack-src/src/ksp/ksp/tutorials'\n==> [2022-01-14-21:14:20.324258] Flagging petsc-3.7.6-mfz6gqteqwn6mltep7cllxurfrkmgl55 as failed: OSError: No such file or directory: '/var/tmp/koparasy/spack-stage/spack-stage-petsc-3.7.6-blzndkot4tsz25djrj5cdmlyckf6nkrp/spack-src/src/ksp/ksp/tutorials'\n==> [2022-01-14-21:14:24.155777] Skip view update, this environment does not maintain a view",
            "post_context": ""
      },
      {
            "phase": "N/A",
            "source_file": [
                  null
            ],
            "source_line_no": 0,
            "line_no": 1147,
            "repeat_count": 0,
            "start": 1141,
            "end": 1154,
            "text": "==> [2022-01-14-21:19:02.638006] Error: OSError: No such file or directory: '/var/tmp/koparasy/spack-stage/spack-stage-petsc-3.11.1-mvzw5ueb7k6i26gk2rfx32c7kll6m6fj/spack-src/src/ksp/ksp/tutorials'",
            "pre_context": "==> [2022-01-14-21:10:19.151891] found raw link dirs: /usr/tce/packages/gcc/gcc-9.3.1/rh/usr/bin/../lib/gcc/x86_64-redhat-linux/9, /usr/tce/packages/gcc/gcc-9.3.1/rh/usr/bin/../lib/gcc, /usr/tce/packages/gcc/gcc-9.3.1/rh/usr/bin/../lib/gcc/x86_64-redhat-linux/9/../../../../lib64, /lib/../lib64, /usr/lib/../lib64, /usr/tce/packages/gcc/gcc-9.3.1/rh/usr/bin/../lib/gcc/x86_64-redhat-linux/9/../../..\n==> [2022-01-14-21:10:19.152025] found link dirs: /usr/tce/packages/gcc/gcc-9.3.1/rh/usr/lib/gcc/x86_64-redhat-linux/9, /usr/tce/packages/gcc/gcc-9.3.1/rh/usr/lib/gcc, /usr/tce/packages/gcc/gcc-9.3.1/rh/usr/lib64, /lib64, /usr/lib64, /usr/tce/packages/gcc/gcc-9.3.1/rh/usr/lib\n==> [2022-01-14-21:10:19.874158] Staging archive: /var/tmp/koparasy/spack-stage/spack-stage-petsc-3.11.1-mvzw5ueb7k6i26gk2rfx32c7kll6m6fj/petsc-3.11.1.tar.gz\n==> [2022-01-14-21:10:20.330341] '/usr/bin/tar' '-oxf' '/var/tmp/koparasy/spack-stage/spack-stage-petsc-3.11.1-mvzw5ueb7k6i26gk2rfx32c7kll6m6fj/petsc-3.11.1.tar.gz'\n==> [2022-01-14-21:10:21.653914] Created stage in /var/tmp/koparasy/spack-stage/spack-stage-petsc-3.11.1-mvzw5ueb7k6i26gk2rfx32c7kll6m6fj\n==> [2022-01-14-21:10:21.654361] petsc: Building petsc-3.11.1-n3t6fihupsspr65joiovzu744zxlakyg [Package]",
            "post_context": "\n/p/vast1/koparasy/BUILD/head/spack/lib/spack/spack/package.py:1781, in cache_extra_test_sources:\n       1778            if os.path.isdir(src_path):\n       1779                fsys.install_tree(src_path, dest_path)\n       1780            else:\n  >>   1781                fsys.mkdirp(os.path.dirname(dest_path))"
      },
      {
            "phase": "N/A",
            "source_file": [
                  null
            ],
            "source_line_no": 0,
            "line_no": 1176,
            "repeat_count": 0,
            "start": 1170,
            "end": 1181,
            "text": "OSError: No such file or directory: '/var/tmp/koparasy/spack-stage/spack-stage-petsc-3.11.1-mvzw5ueb7k6i26gk2rfx32c7kll6m6fj/spack-src/src/ksp/ksp/tutorials'",
            "pre_context": "  File \"/p/vast1/koparasy/BUILD/head/spack/var/spack/repos/builtin/packages/petsc/package.py\", line 585, in setup_build_tests\n    self.cache_extra_test_sources('src/snes/tutorials')\n  File \"/p/vast1/koparasy/BUILD/head/spack/lib/spack/spack/package.py\", line 1782, in cache_extra_test_sources\n    fsys.copy(src_path, dest_path)\n  File \"/p/vast1/koparasy/BUILD/head/spack/lib/spack/llnl/util/filesystem.py\", line 376, in copy\n    raise IOError(\"No such file or directory: '{0}'\".format(src))",
            "post_context": "==> [2022-01-14-21:19:02.638378] Flagging petsc-3.11.1-n3t6fihupsspr65joiovzu744zxlakyg as failed: OSError: No such file or directory: '/var/tmp/koparasy/spack-stage/spack-stage-petsc-3.11.1-mvzw5ueb7k6i26gk2rfx32c7kll6m6fj/spack-src/src/ksp/ksp/tutorials'\n==> [2022-01-14-21:19:28.438603] Skip view update, this environment does not maintain a view\n==> [2022-01-14-21:19:28.440643] ChildError: OSError: No such file or directory: '/var/tmp/koparasy/spack-stage/spack-stage-petsc-3.11.1-mvzw5ueb7k6i26gk2rfx32c7kll6m6fj/spack-src/src/ksp/ksp/tutorials'\n"
      },
      {
            "phase": "N/A",
            "source_file": [
                  null
            ],
            "source_line_no": 0,
            "line_no": 1177,
            "repeat_count": 0,
            "start": 1171,
            "end": 1181,
            "text": "==> [2022-01-14-21:19:02.638378] Flagging petsc-3.11.1-n3t6fihupsspr65joiovzu744zxlakyg as failed: OSError: No such file or directory: '/var/tmp/koparasy/spack-stage/spack-stage-petsc-3.11.1-mvzw5ueb7k6i26gk2rfx32c7kll6m6fj/spack-src/src/ksp/ksp/tutorials'",
            "pre_context": "    self.cache_extra_test_sources('src/snes/tutorials')\n  File \"/p/vast1/koparasy/BUILD/head/spack/lib/spack/spack/package.py\", line 1782, in cache_extra_test_sources\n    fsys.copy(src_path, dest_path)\n  File \"/p/vast1/koparasy/BUILD/head/spack/lib/spack/llnl/util/filesystem.py\", line 376, in copy\n    raise IOError(\"No such file or directory: '{0}'\".format(src))\nOSError: No such file or directory: '/var/tmp/koparasy/spack-stage/spack-stage-petsc-3.11.1-mvzw5ueb7k6i26gk2rfx32c7kll6m6fj/spack-src/src/ksp/ksp/tutorials'",
            "post_context": "==> [2022-01-14-21:19:28.438603] Skip view update, this environment does not maintain a view\n==> [2022-01-14-21:19:28.440643] ChildError: OSError: No such file or directory: '/var/tmp/koparasy/spack-stage/spack-stage-petsc-3.11.1-mvzw5ueb7k6i26gk2rfx32c7kll6m6fj/spack-src/src/ksp/ksp/tutorials'\n"
      },
      {
            "phase": "N/A",
            "source_file": [
                  null
            ],
            "source_line_no": 0,
            "line_no": 1179,
            "repeat_count": 0,
            "start": 1173,
            "end": 1181,
            "text": "==> [2022-01-14-21:19:28.440643] ChildError: OSError: No such file or directory: '/var/tmp/koparasy/spack-stage/spack-stage-petsc-3.11.1-mvzw5ueb7k6i26gk2rfx32c7kll6m6fj/spack-src/src/ksp/ksp/tutorials'",
            "pre_context": "    fsys.copy(src_path, dest_path)\n  File \"/p/vast1/koparasy/BUILD/head/spack/lib/spack/llnl/util/filesystem.py\", line 376, in copy\n    raise IOError(\"No such file or directory: '{0}'\".format(src))\nOSError: No such file or directory: '/var/tmp/koparasy/spack-stage/spack-stage-petsc-3.11.1-mvzw5ueb7k6i26gk2rfx32c7kll6m6fj/spack-src/src/ksp/ksp/tutorials'\n==> [2022-01-14-21:19:02.638378] Flagging petsc-3.11.1-n3t6fihupsspr65joiovzu744zxlakyg as failed: OSError: No such file or directory: '/var/tmp/koparasy/spack-stage/spack-stage-petsc-3.11.1-mvzw5ueb7k6i26gk2rfx32c7kll6m6fj/spack-src/src/ksp/ksp/tutorials'\n==> [2022-01-14-21:19:28.438603] Skip view update, this environment does not maintain a view",
            "post_context": ""
      },
      {
            "phase": "N/A",
            "source_file": [
                  null
            ],
            "source_line_no": 0,
            "line_no": 1143,
            "repeat_count": 0,
            "start": 1137,
            "end": 1150,
            "text": "==> [2022-01-14-21:21:10.724174] Error: OSError: No such file or directory: '/var/tmp/koparasy/spack-stage/spack-stage-petsc-3.9.3-hzthngammmnar6hbfscel64rt7qjone2/spack-src/src/ksp/ksp/tutorials'",
            "pre_context": "==> [2022-01-14-21:10:55.464278] found link dirs: /usr/tce/packages/gcc/gcc-9.3.1/rh/usr/lib/gcc/x86_64-redhat-linux/9, /usr/tce/packages/gcc/gcc-9.3.1/rh/usr/lib/gcc, /usr/tce/packages/gcc/gcc-9.3.1/rh/usr/lib64, /lib64, /usr/lib64, /usr/tce/packages/gcc/gcc-9.3.1/rh/usr/lib\n==> [2022-01-14-21:10:55.901513] Staging archive: /var/tmp/koparasy/spack-stage/spack-stage-petsc-3.9.3-hzthngammmnar6hbfscel64rt7qjone2/petsc-3.9.3.tar.gz\n==> [2022-01-14-21:10:55.908609] '/usr/bin/tar' '-oxf' '/var/tmp/koparasy/spack-stage/spack-stage-petsc-3.9.3-hzthngammmnar6hbfscel64rt7qjone2/petsc-3.9.3.tar.gz'\n==> [2022-01-14-21:10:56.882385] Created stage in /var/tmp/koparasy/spack-stage/spack-stage-petsc-3.9.3-hzthngammmnar6hbfscel64rt7qjone2\n==> [2022-01-14-21:10:56.902553] '/usr/bin/patch' '-s' '-p' '1' '-i' '/p/vast1/koparasy/BUILD/head/spack/var/spack/repos/builtin/packages/petsc/xcode_stub_out_of_sync.patch' '-d' '.'\n==> [2022-01-14-21:10:56.912375] petsc: Building petsc-3.9.3-ocb47iokjs7ep5p633rs6elu533zncia [Package]",
            "post_context": "\n/p/vast1/koparasy/BUILD/head/spack/lib/spack/spack/package.py:1781, in cache_extra_test_sources:\n       1778            if os.path.isdir(src_path):\n       1779                fsys.install_tree(src_path, dest_path)\n       1780            else:\n  >>   1781                fsys.mkdirp(os.path.dirname(dest_path))"
      },
      {
            "phase": "N/A",
            "source_file": [
                  null
            ],
            "source_line_no": 0,
            "line_no": 1172,
            "repeat_count": 0,
            "start": 1166,
            "end": 1177,
            "text": "OSError: No such file or directory: '/var/tmp/koparasy/spack-stage/spack-stage-petsc-3.9.3-hzthngammmnar6hbfscel64rt7qjone2/spack-src/src/ksp/ksp/tutorials'",
            "pre_context": "  File \"/p/vast1/koparasy/BUILD/head/spack/var/spack/repos/builtin/packages/petsc/package.py\", line 585, in setup_build_tests\n    self.cache_extra_test_sources('src/snes/tutorials')\n  File \"/p/vast1/koparasy/BUILD/head/spack/lib/spack/spack/package.py\", line 1782, in cache_extra_test_sources\n    fsys.copy(src_path, dest_path)\n  File \"/p/vast1/koparasy/BUILD/head/spack/lib/spack/llnl/util/filesystem.py\", line 376, in copy\n    raise IOError(\"No such file or directory: '{0}'\".format(src))",
            "post_context": "==> [2022-01-14-21:21:10.724551] Flagging petsc-3.9.3-ocb47iokjs7ep5p633rs6elu533zncia as failed: OSError: No such file or directory: '/var/tmp/koparasy/spack-stage/spack-stage-petsc-3.9.3-hzthngammmnar6hbfscel64rt7qjone2/spack-src/src/ksp/ksp/tutorials'\n==> [2022-01-14-21:21:35.414029] Skip view update, this environment does not maintain a view\n==> [2022-01-14-21:21:35.415789] ChildError: OSError: No such file or directory: '/var/tmp/koparasy/spack-stage/spack-stage-petsc-3.9.3-hzthngammmnar6hbfscel64rt7qjone2/spack-src/src/ksp/ksp/tutorials'\n"
      },
      {
            "phase": "N/A",
            "source_file": [
                  null
            ],
            "source_line_no": 0,
            "line_no": 1173,
            "repeat_count": 0,
            "start": 1167,
            "end": 1177,
            "text": "==> [2022-01-14-21:21:10.724551] Flagging petsc-3.9.3-ocb47iokjs7ep5p633rs6elu533zncia as failed: OSError: No such file or directory: '/var/tmp/koparasy/spack-stage/spack-stage-petsc-3.9.3-hzthngammmnar6hbfscel64rt7qjone2/spack-src/src/ksp/ksp/tutorials'",
            "pre_context": "    self.cache_extra_test_sources('src/snes/tutorials')\n  File \"/p/vast1/koparasy/BUILD/head/spack/lib/spack/spack/package.py\", line 1782, in cache_extra_test_sources\n    fsys.copy(src_path, dest_path)\n  File \"/p/vast1/koparasy/BUILD/head/spack/lib/spack/llnl/util/filesystem.py\", line 376, in copy\n    raise IOError(\"No such file or directory: '{0}'\".format(src))\nOSError: No such file or directory: '/var/tmp/koparasy/spack-stage/spack-stage-petsc-3.9.3-hzthngammmnar6hbfscel64rt7qjone2/spack-src/src/ksp/ksp/tutorials'",
            "post_context": "==> [2022-01-14-21:21:35.414029] Skip view update, this environment does not maintain a view\n==> [2022-01-14-21:21:35.415789] ChildError: OSError: No such file or directory: '/var/tmp/koparasy/spack-stage/spack-stage-petsc-3.9.3-hzthngammmnar6hbfscel64rt7qjone2/spack-src/src/ksp/ksp/tutorials'\n"
      },
      {
            "phase": "N/A",
            "source_file": [
                  null
            ],
            "source_line_no": 0,
            "line_no": 1175,
            "repeat_count": 0,
            "start": 1169,
            "end": 1177,
            "text": "==> [2022-01-14-21:21:35.415789] ChildError: OSError: No such file or directory: '/var/tmp/koparasy/spack-stage/spack-stage-petsc-3.9.3-hzthngammmnar6hbfscel64rt7qjone2/spack-src/src/ksp/ksp/tutorials'",
            "pre_context": "    fsys.copy(src_path, dest_path)\n  File \"/p/vast1/koparasy/BUILD/head/spack/lib/spack/llnl/util/filesystem.py\", line 376, in copy\n    raise IOError(\"No such file or directory: '{0}'\".format(src))\nOSError: No such file or directory: '/var/tmp/koparasy/spack-stage/spack-stage-petsc-3.9.3-hzthngammmnar6hbfscel64rt7qjone2/spack-src/src/ksp/ksp/tutorials'\n==> [2022-01-14-21:21:10.724551] Flagging petsc-3.9.3-ocb47iokjs7ep5p633rs6elu533zncia as failed: OSError: No such file or directory: '/var/tmp/koparasy/spack-stage/spack-stage-petsc-3.9.3-hzthngammmnar6hbfscel64rt7qjone2/spack-src/src/ksp/ksp/tutorials'\n==> [2022-01-14-21:21:35.414029] Skip view update, this environment does not maintain a view",
            "post_context": ""
      },
      {
            "phase": "N/A",
            "source_file": [
                  null
            ],
            "source_line_no": 0,
            "line_no": 1151,
            "repeat_count": 0,
            "start": 1145,
            "end": 1158,
            "text": "==> [2022-01-14-21:24:28.000100] Error: OSError: No such file or directory: '/var/tmp/koparasy/spack-stage/spack-stage-petsc-3.11.0-w4jufqvxffiiggfswpyaccfjlg6t3b5a/spack-src/src/ksp/ksp/tutorials'",
            "pre_context": "==> [2022-01-14-21:13:37.027583] '/usr/bin/curl' '-C' '-' '-o' '/var/tmp/koparasy/spack-stage/spack-stage-petsc-3.11.0-w4jufqvxffiiggfswpyaccfjlg6t3b5a/petsc-3.11.0.tar.gz.part' '-f' '-D' '-' '-L' 'https://mirror.spack.io/_source-cache/archive/b3/b3bed2a9263193c84138052a1b92d47299c3490dd24d1d0bf79fb884e71e678a.tar.gz' '-sS' '--connect-timeout' '10'\n==> [2022-01-14-21:13:39.659538] Staging archive: /var/tmp/koparasy/spack-stage/spack-stage-petsc-3.11.0-w4jufqvxffiiggfswpyaccfjlg6t3b5a/petsc-3.11.0.tar.gz\n==> [2022-01-14-21:13:39.661429] '/usr/bin/tar' '-oxf' '/var/tmp/koparasy/spack-stage/spack-stage-petsc-3.11.0-w4jufqvxffiiggfswpyaccfjlg6t3b5a/petsc-3.11.0.tar.gz'\n==> [2022-01-14-21:13:40.937300] Created stage in /var/tmp/koparasy/spack-stage/spack-stage-petsc-3.11.0-w4jufqvxffiiggfswpyaccfjlg6t3b5a\n==> [2022-01-14-21:13:40.941746] '/usr/bin/patch' '-s' '-p' '1' '-i' '/p/vast1/koparasy/BUILD/head/spack/var/spack/repos/builtin/packages/petsc/xlf_fix-dup-petscfecreate.patch' '-d' '.'\n==> [2022-01-14-21:13:40.949498] petsc: Building petsc-3.11.0-p5jhvrsfwy7bvkwfqmdvjjsiojkn6nib [Package]",
            "post_context": "\n/p/vast1/koparasy/BUILD/head/spack/lib/spack/spack/package.py:1781, in cache_extra_test_sources:\n       1778            if os.path.isdir(src_path):\n       1779                fsys.install_tree(src_path, dest_path)\n       1780            else:\n  >>   1781                fsys.mkdirp(os.path.dirname(dest_path))"
      },
      {
            "phase": "N/A",
            "source_file": [
                  null
            ],
            "source_line_no": 0,
            "line_no": 1180,
            "repeat_count": 0,
            "start": 1174,
            "end": 1185,
            "text": "OSError: No such file or directory: '/var/tmp/koparasy/spack-stage/spack-stage-petsc-3.11.0-w4jufqvxffiiggfswpyaccfjlg6t3b5a/spack-src/src/ksp/ksp/tutorials'",
            "pre_context": "  File \"/p/vast1/koparasy/BUILD/head/spack/var/spack/repos/builtin/packages/petsc/package.py\", line 585, in setup_build_tests\n    self.cache_extra_test_sources('src/snes/tutorials')\n  File \"/p/vast1/koparasy/BUILD/head/spack/lib/spack/spack/package.py\", line 1782, in cache_extra_test_sources\n    fsys.copy(src_path, dest_path)\n  File \"/p/vast1/koparasy/BUILD/head/spack/lib/spack/llnl/util/filesystem.py\", line 376, in copy\n    raise IOError(\"No such file or directory: '{0}'\".format(src))",
            "post_context": "==> [2022-01-14-21:24:28.000478] Flagging petsc-3.11.0-p5jhvrsfwy7bvkwfqmdvjjsiojkn6nib as failed: OSError: No such file or directory: '/var/tmp/koparasy/spack-stage/spack-stage-petsc-3.11.0-w4jufqvxffiiggfswpyaccfjlg6t3b5a/spack-src/src/ksp/ksp/tutorials'\n==> [2022-01-14-21:24:55.367958] Skip view update, this environment does not maintain a view\n==> [2022-01-14-21:24:55.369715] ChildError: OSError: No such file or directory: '/var/tmp/koparasy/spack-stage/spack-stage-petsc-3.11.0-w4jufqvxffiiggfswpyaccfjlg6t3b5a/spack-src/src/ksp/ksp/tutorials'\n"
      },
      {
            "phase": "N/A",
            "source_file": [
                  null
            ],
            "source_line_no": 0,
            "line_no": 1181,
            "repeat_count": 0,
            "start": 1175,
            "end": 1185,
            "text": "==> [2022-01-14-21:24:28.000478] Flagging petsc-3.11.0-p5jhvrsfwy7bvkwfqmdvjjsiojkn6nib as failed: OSError: No such file or directory: '/var/tmp/koparasy/spack-stage/spack-stage-petsc-3.11.0-w4jufqvxffiiggfswpyaccfjlg6t3b5a/spack-src/src/ksp/ksp/tutorials'",
            "pre_context": "    self.cache_extra_test_sources('src/snes/tutorials')\n  File \"/p/vast1/koparasy/BUILD/head/spack/lib/spack/spack/package.py\", line 1782, in cache_extra_test_sources\n    fsys.copy(src_path, dest_path)\n  File \"/p/vast1/koparasy/BUILD/head/spack/lib/spack/llnl/util/filesystem.py\", line 376, in copy\n    raise IOError(\"No such file or directory: '{0}'\".format(src))\nOSError: No such file or directory: '/var/tmp/koparasy/spack-stage/spack-stage-petsc-3.11.0-w4jufqvxffiiggfswpyaccfjlg6t3b5a/spack-src/src/ksp/ksp/tutorials'",
            "post_context": "==> [2022-01-14-21:24:55.367958] Skip view update, this environment does not maintain a view\n==> [2022-01-14-21:24:55.369715] ChildError: OSError: No such file or directory: '/var/tmp/koparasy/spack-stage/spack-stage-petsc-3.11.0-w4jufqvxffiiggfswpyaccfjlg6t3b5a/spack-src/src/ksp/ksp/tutorials'\n"
      },
      {
            "phase": "N/A",
            "source_file": [
                  null
            ],
            "source_line_no": 0,
            "line_no": 1183,
            "repeat_count": 0,
            "start": 1177,
            "end": 1185,
            "text": "==> [2022-01-14-21:24:55.369715] ChildError: OSError: No such file or directory: '/var/tmp/koparasy/spack-stage/spack-stage-petsc-3.11.0-w4jufqvxffiiggfswpyaccfjlg6t3b5a/spack-src/src/ksp/ksp/tutorials'",
            "pre_context": "    fsys.copy(src_path, dest_path)\n  File \"/p/vast1/koparasy/BUILD/head/spack/lib/spack/llnl/util/filesystem.py\", line 376, in copy\n    raise IOError(\"No such file or directory: '{0}'\".format(src))\nOSError: No such file or directory: '/var/tmp/koparasy/spack-stage/spack-stage-petsc-3.11.0-w4jufqvxffiiggfswpyaccfjlg6t3b5a/spack-src/src/ksp/ksp/tutorials'\n==> [2022-01-14-21:24:28.000478] Flagging petsc-3.11.0-p5jhvrsfwy7bvkwfqmdvjjsiojkn6nib as failed: OSError: No such file or directory: '/var/tmp/koparasy/spack-stage/spack-stage-petsc-3.11.0-w4jufqvxffiiggfswpyaccfjlg6t3b5a/spack-src/src/ksp/ksp/tutorials'\n==> [2022-01-14-21:24:55.367958] Skip view update, this environment does not maintain a view",
            "post_context": ""
      },
      {
            "phase": "N/A",
            "source_file": [
                  null
            ],
            "source_line_no": 0,
            "line_no": 1144,
            "repeat_count": 0,
            "start": 1138,
            "end": 1151,
            "text": "==> [2022-01-14-21:17:07.092719] Error: OSError: No such file or directory: '/var/tmp/koparasy/spack-stage/spack-stage-petsc-3.7.7-fuo7n6n23covcb72doh7cailtkyhtgin/spack-src/src/ksp/ksp/tutorials'",
            "pre_context": "==> [2022-01-14-21:11:35.499852] Staging archive: /var/tmp/koparasy/spack-stage/spack-stage-petsc-3.7.7-fuo7n6n23covcb72doh7cailtkyhtgin/petsc-3.7.7.tar.gz\n==> [2022-01-14-21:11:35.503201] '/usr/bin/tar' '-oxf' '/var/tmp/koparasy/spack-stage/spack-stage-petsc-3.7.7-fuo7n6n23covcb72doh7cailtkyhtgin/petsc-3.7.7.tar.gz'\n==> [2022-01-14-21:11:36.466444] Created stage in /var/tmp/koparasy/spack-stage/spack-stage-petsc-3.7.7-fuo7n6n23covcb72doh7cailtkyhtgin\n==> [2022-01-14-21:11:36.469306] '/usr/bin/patch' '-s' '-p' '1' '-i' '/p/vast1/koparasy/BUILD/head/spack/var/spack/repos/builtin/packages/petsc/pkg-config-3.7.6-3.8.4.diff' '-d' '.'\n==> [2022-01-14-21:11:36.477849] '/usr/bin/patch' '-s' '-p' '1' '-i' '/p/vast1/koparasy/BUILD/head/spack/var/spack/repos/builtin/packages/petsc/xcode_stub_out_of_sync.patch' '-d' '.'\n==> [2022-01-14-21:11:36.484239] petsc: Building petsc-3.7.7-quli7ndnhjkt6bq37zls453lta7rdggf [Package]",
            "post_context": "\n/p/vast1/koparasy/BUILD/head/spack/lib/spack/spack/package.py:1781, in cache_extra_test_sources:\n       1778            if os.path.isdir(src_path):\n       1779                fsys.install_tree(src_path, dest_path)\n       1780            else:\n  >>   1781                fsys.mkdirp(os.path.dirname(dest_path))"
      },
      {
            "phase": "N/A",
            "source_file": [
                  null
            ],
            "source_line_no": 0,
            "line_no": 1173,
            "repeat_count": 0,
            "start": 1167,
            "end": 1178,
            "text": "OSError: No such file or directory: '/var/tmp/koparasy/spack-stage/spack-stage-petsc-3.7.7-fuo7n6n23covcb72doh7cailtkyhtgin/spack-src/src/ksp/ksp/tutorials'",
            "pre_context": "  File \"/p/vast1/koparasy/BUILD/head/spack/var/spack/repos/builtin/packages/petsc/package.py\", line 585, in setup_build_tests\n    self.cache_extra_test_sources('src/snes/tutorials')\n  File \"/p/vast1/koparasy/BUILD/head/spack/lib/spack/spack/package.py\", line 1782, in cache_extra_test_sources\n    fsys.copy(src_path, dest_path)\n  File \"/p/vast1/koparasy/BUILD/head/spack/lib/spack/llnl/util/filesystem.py\", line 376, in copy\n    raise IOError(\"No such file or directory: '{0}'\".format(src))",
            "post_context": "==> [2022-01-14-21:17:07.093123] Flagging petsc-3.7.7-quli7ndnhjkt6bq37zls453lta7rdggf as failed: OSError: No such file or directory: '/var/tmp/koparasy/spack-stage/spack-stage-petsc-3.7.7-fuo7n6n23covcb72doh7cailtkyhtgin/spack-src/src/ksp/ksp/tutorials'\n==> [2022-01-14-21:17:13.368278] Skip view update, this environment does not maintain a view\n==> [2022-01-14-21:17:13.388073] ChildError: OSError: No such file or directory: '/var/tmp/koparasy/spack-stage/spack-stage-petsc-3.7.7-fuo7n6n23covcb72doh7cailtkyhtgin/spack-src/src/ksp/ksp/tutorials'\n"
      },
      {
            "phase": "N/A",
            "source_file": [
                  null
            ],
            "source_line_no": 0,
            "line_no": 1174,
            "repeat_count": 0,
            "start": 1168,
            "end": 1178,
            "text": "==> [2022-01-14-21:17:07.093123] Flagging petsc-3.7.7-quli7ndnhjkt6bq37zls453lta7rdggf as failed: OSError: No such file or directory: '/var/tmp/koparasy/spack-stage/spack-stage-petsc-3.7.7-fuo7n6n23covcb72doh7cailtkyhtgin/spack-src/src/ksp/ksp/tutorials'",
            "pre_context": "    self.cache_extra_test_sources('src/snes/tutorials')\n  File \"/p/vast1/koparasy/BUILD/head/spack/lib/spack/spack/package.py\", line 1782, in cache_extra_test_sources\n    fsys.copy(src_path, dest_path)\n  File \"/p/vast1/koparasy/BUILD/head/spack/lib/spack/llnl/util/filesystem.py\", line 376, in copy\n    raise IOError(\"No such file or directory: '{0}'\".format(src))\nOSError: No such file or directory: '/var/tmp/koparasy/spack-stage/spack-stage-petsc-3.7.7-fuo7n6n23covcb72doh7cailtkyhtgin/spack-src/src/ksp/ksp/tutorials'",
            "post_context": "==> [2022-01-14-21:17:13.368278] Skip view update, this environment does not maintain a view\n==> [2022-01-14-21:17:13.388073] ChildError: OSError: No such file or directory: '/var/tmp/koparasy/spack-stage/spack-stage-petsc-3.7.7-fuo7n6n23covcb72doh7cailtkyhtgin/spack-src/src/ksp/ksp/tutorials'\n"
      },
      {
            "phase": "N/A",
            "source_file": [
                  null
            ],
            "source_line_no": 0,
            "line_no": 1176,
            "repeat_count": 0,
            "start": 1170,
            "end": 1178,
            "text": "==> [2022-01-14-21:17:13.388073] ChildError: OSError: No such file or directory: '/var/tmp/koparasy/spack-stage/spack-stage-petsc-3.7.7-fuo7n6n23covcb72doh7cailtkyhtgin/spack-src/src/ksp/ksp/tutorials'",
            "pre_context": "    fsys.copy(src_path, dest_path)\n  File \"/p/vast1/koparasy/BUILD/head/spack/lib/spack/llnl/util/filesystem.py\", line 376, in copy\n    raise IOError(\"No such file or directory: '{0}'\".format(src))\nOSError: No such file or directory: '/var/tmp/koparasy/spack-stage/spack-stage-petsc-3.7.7-fuo7n6n23covcb72doh7cailtkyhtgin/spack-src/src/ksp/ksp/tutorials'\n==> [2022-01-14-21:17:07.093123] Flagging petsc-3.7.7-quli7ndnhjkt6bq37zls453lta7rdggf as failed: OSError: No such file or directory: '/var/tmp/koparasy/spack-stage/spack-stage-petsc-3.7.7-fuo7n6n23covcb72doh7cailtkyhtgin/spack-src/src/ksp/ksp/tutorials'\n==> [2022-01-14-21:17:13.368278] Skip view update, this environment does not maintain a view",
            "post_context": ""
      },
      {
            "phase": "N/A",
            "source_file": [
                  null
            ],
            "source_line_no": 0,
            "line_no": 1143,
            "repeat_count": 0,
            "start": 1137,
            "end": 1150,
            "text": "==> [2022-01-14-21:19:42.618322] Error: OSError: No such file or directory: '/var/tmp/koparasy/spack-stage/spack-stage-petsc-3.9.0-2sapx2qkgr4zqfv4pgz7gzkvp7dbeqrx/spack-src/src/ksp/ksp/tutorials'",
            "pre_context": "==> [2022-01-14-21:10:17.947716] found link dirs: /usr/tce/packages/gcc/gcc-9.3.1/rh/usr/lib/gcc/x86_64-redhat-linux/9, /usr/tce/packages/gcc/gcc-9.3.1/rh/usr/lib/gcc, /usr/tce/packages/gcc/gcc-9.3.1/rh/usr/lib64, /lib64, /usr/lib64, /usr/tce/packages/gcc/gcc-9.3.1/rh/usr/lib\n==> [2022-01-14-21:10:18.823276] Staging archive: /var/tmp/koparasy/spack-stage/spack-stage-petsc-3.9.0-2sapx2qkgr4zqfv4pgz7gzkvp7dbeqrx/petsc-3.9.0.tar.gz\n==> [2022-01-14-21:10:18.832572] '/usr/bin/tar' '-oxf' '/var/tmp/koparasy/spack-stage/spack-stage-petsc-3.9.0-2sapx2qkgr4zqfv4pgz7gzkvp7dbeqrx/petsc-3.9.0.tar.gz'\n==> [2022-01-14-21:10:19.898568] Created stage in /var/tmp/koparasy/spack-stage/spack-stage-petsc-3.9.0-2sapx2qkgr4zqfv4pgz7gzkvp7dbeqrx\n==> [2022-01-14-21:10:19.900154] '/usr/bin/patch' '-s' '-p' '1' '-i' '/p/vast1/koparasy/BUILD/head/spack/var/spack/repos/builtin/packages/petsc/xcode_stub_out_of_sync.patch' '-d' '.'\n==> [2022-01-14-21:10:19.907176] petsc: Building petsc-3.9.0-qz7u7ecj6mtoicluldq45oyihzc77zf6 [Package]",
            "post_context": "\n/p/vast1/koparasy/BUILD/head/spack/lib/spack/spack/package.py:1781, in cache_extra_test_sources:\n       1778            if os.path.isdir(src_path):\n       1779                fsys.install_tree(src_path, dest_path)\n       1780            else:\n  >>   1781                fsys.mkdirp(os.path.dirname(dest_path))"
      },
      {
            "phase": "N/A",
            "source_file": [
                  null
            ],
            "source_line_no": 0,
            "line_no": 1172,
            "repeat_count": 0,
            "start": 1166,
            "end": 1177,
            "text": "OSError: No such file or directory: '/var/tmp/koparasy/spack-stage/spack-stage-petsc-3.9.0-2sapx2qkgr4zqfv4pgz7gzkvp7dbeqrx/spack-src/src/ksp/ksp/tutorials'",
            "pre_context": "  File \"/p/vast1/koparasy/BUILD/head/spack/var/spack/repos/builtin/packages/petsc/package.py\", line 585, in setup_build_tests\n    self.cache_extra_test_sources('src/snes/tutorials')\n  File \"/p/vast1/koparasy/BUILD/head/spack/lib/spack/spack/package.py\", line 1782, in cache_extra_test_sources\n    fsys.copy(src_path, dest_path)\n  File \"/p/vast1/koparasy/BUILD/head/spack/lib/spack/llnl/util/filesystem.py\", line 376, in copy\n    raise IOError(\"No such file or directory: '{0}'\".format(src))",
            "post_context": "==> [2022-01-14-21:19:42.618702] Flagging petsc-3.9.0-qz7u7ecj6mtoicluldq45oyihzc77zf6 as failed: OSError: No such file or directory: '/var/tmp/koparasy/spack-stage/spack-stage-petsc-3.9.0-2sapx2qkgr4zqfv4pgz7gzkvp7dbeqrx/spack-src/src/ksp/ksp/tutorials'\n==> [2022-01-14-21:20:03.566544] Skip view update, this environment does not maintain a view\n==> [2022-01-14-21:20:03.612882] ChildError: OSError: No such file or directory: '/var/tmp/koparasy/spack-stage/spack-stage-petsc-3.9.0-2sapx2qkgr4zqfv4pgz7gzkvp7dbeqrx/spack-src/src/ksp/ksp/tutorials'\n"
      },
      {
            "phase": "N/A",
            "source_file": [
                  null
            ],
            "source_line_no": 0,
            "line_no": 1173,
            "repeat_count": 0,
            "start": 1167,
            "end": 1177,
            "text": "==> [2022-01-14-21:19:42.618702] Flagging petsc-3.9.0-qz7u7ecj6mtoicluldq45oyihzc77zf6 as failed: OSError: No such file or directory: '/var/tmp/koparasy/spack-stage/spack-stage-petsc-3.9.0-2sapx2qkgr4zqfv4pgz7gzkvp7dbeqrx/spack-src/src/ksp/ksp/tutorials'",
            "pre_context": "    self.cache_extra_test_sources('src/snes/tutorials')\n  File \"/p/vast1/koparasy/BUILD/head/spack/lib/spack/spack/package.py\", line 1782, in cache_extra_test_sources\n    fsys.copy(src_path, dest_path)\n  File \"/p/vast1/koparasy/BUILD/head/spack/lib/spack/llnl/util/filesystem.py\", line 376, in copy\n    raise IOError(\"No such file or directory: '{0}'\".format(src))\nOSError: No such file or directory: '/var/tmp/koparasy/spack-stage/spack-stage-petsc-3.9.0-2sapx2qkgr4zqfv4pgz7gzkvp7dbeqrx/spack-src/src/ksp/ksp/tutorials'",
            "post_context": "==> [2022-01-14-21:20:03.566544] Skip view update, this environment does not maintain a view\n==> [2022-01-14-21:20:03.612882] ChildError: OSError: No such file or directory: '/var/tmp/koparasy/spack-stage/spack-stage-petsc-3.9.0-2sapx2qkgr4zqfv4pgz7gzkvp7dbeqrx/spack-src/src/ksp/ksp/tutorials'\n"
      },
      {
            "phase": "N/A",
            "source_file": [
                  null
            ],
            "source_line_no": 0,
            "line_no": 1175,
            "repeat_count": 0,
            "start": 1169,
            "end": 1177,
            "text": "==> [2022-01-14-21:20:03.612882] ChildError: OSError: No such file or directory: '/var/tmp/koparasy/spack-stage/spack-stage-petsc-3.9.0-2sapx2qkgr4zqfv4pgz7gzkvp7dbeqrx/spack-src/src/ksp/ksp/tutorials'",
            "pre_context": "    fsys.copy(src_path, dest_path)\n  File \"/p/vast1/koparasy/BUILD/head/spack/lib/spack/llnl/util/filesystem.py\", line 376, in copy\n    raise IOError(\"No such file or directory: '{0}'\".format(src))\nOSError: No such file or directory: '/var/tmp/koparasy/spack-stage/spack-stage-petsc-3.9.0-2sapx2qkgr4zqfv4pgz7gzkvp7dbeqrx/spack-src/src/ksp/ksp/tutorials'\n==> [2022-01-14-21:19:42.618702] Flagging petsc-3.9.0-qz7u7ecj6mtoicluldq45oyihzc77zf6 as failed: OSError: No such file or directory: '/var/tmp/koparasy/spack-stage/spack-stage-petsc-3.9.0-2sapx2qkgr4zqfv4pgz7gzkvp7dbeqrx/spack-src/src/ksp/ksp/tutorials'\n==> [2022-01-14-21:20:03.566544] Skip view update, this environment does not maintain a view",
            "post_context": ""
      },
      {
            "phase": "N/A",
            "source_file": [
                  null
            ],
            "source_line_no": 0,
            "line_no": 1144,
            "repeat_count": 0,
            "start": 1138,
            "end": 1151,
            "text": "==> [2022-01-14-21:18:52.496731] Error: OSError: No such file or directory: '/var/tmp/koparasy/spack-stage/spack-stage-petsc-3.8.3-h4vtnmkqnpm7wln3zedi2ip7kwr76bsm/spack-src/src/ksp/ksp/tutorials'",
            "pre_context": "==> [2022-01-14-21:10:18.823274] Staging archive: /var/tmp/koparasy/spack-stage/spack-stage-petsc-3.8.3-h4vtnmkqnpm7wln3zedi2ip7kwr76bsm/petsc-3.8.3.tar.gz\n==> [2022-01-14-21:10:18.831000] '/usr/bin/tar' '-oxf' '/var/tmp/koparasy/spack-stage/spack-stage-petsc-3.8.3-h4vtnmkqnpm7wln3zedi2ip7kwr76bsm/petsc-3.8.3.tar.gz'\n==> [2022-01-14-21:10:19.853751] Created stage in /var/tmp/koparasy/spack-stage/spack-stage-petsc-3.8.3-h4vtnmkqnpm7wln3zedi2ip7kwr76bsm\n==> [2022-01-14-21:10:19.866287] '/usr/bin/patch' '-s' '-p' '1' '-i' '/p/vast1/koparasy/BUILD/head/spack/var/spack/repos/builtin/packages/petsc/pkg-config-3.7.6-3.8.4.diff' '-d' '.'\n==> [2022-01-14-21:10:19.876303] '/usr/bin/patch' '-s' '-p' '1' '-i' '/p/vast1/koparasy/BUILD/head/spack/var/spack/repos/builtin/packages/petsc/xcode_stub_out_of_sync.patch' '-d' '.'\n==> [2022-01-14-21:10:19.882100] petsc: Building petsc-3.8.3-rhs5eht4u22jxpt52cym4np2cjl2j2zy [Package]",
            "post_context": "\n/p/vast1/koparasy/BUILD/head/spack/lib/spack/spack/package.py:1781, in cache_extra_test_sources:\n       1778            if os.path.isdir(src_path):\n       1779                fsys.install_tree(src_path, dest_path)\n       1780            else:\n  >>   1781                fsys.mkdirp(os.path.dirname(dest_path))"
      },
      {
            "phase": "N/A",
            "source_file": [
                  null
            ],
            "source_line_no": 0,
            "line_no": 1173,
            "repeat_count": 0,
            "start": 1167,
            "end": 1178,
            "text": "OSError: No such file or directory: '/var/tmp/koparasy/spack-stage/spack-stage-petsc-3.8.3-h4vtnmkqnpm7wln3zedi2ip7kwr76bsm/spack-src/src/ksp/ksp/tutorials'",
            "pre_context": "  File \"/p/vast1/koparasy/BUILD/head/spack/var/spack/repos/builtin/packages/petsc/package.py\", line 585, in setup_build_tests\n    self.cache_extra_test_sources('src/snes/tutorials')\n  File \"/p/vast1/koparasy/BUILD/head/spack/lib/spack/spack/package.py\", line 1782, in cache_extra_test_sources\n    fsys.copy(src_path, dest_path)\n  File \"/p/vast1/koparasy/BUILD/head/spack/lib/spack/llnl/util/filesystem.py\", line 376, in copy\n    raise IOError(\"No such file or directory: '{0}'\".format(src))",
            "post_context": "==> [2022-01-14-21:18:52.497155] Flagging petsc-3.8.3-rhs5eht4u22jxpt52cym4np2cjl2j2zy as failed: OSError: No such file or directory: '/var/tmp/koparasy/spack-stage/spack-stage-petsc-3.8.3-h4vtnmkqnpm7wln3zedi2ip7kwr76bsm/spack-src/src/ksp/ksp/tutorials'\n==> [2022-01-14-21:19:08.273579] Skip view update, this environment does not maintain a view\n==> [2022-01-14-21:19:08.276276] ChildError: OSError: No such file or directory: '/var/tmp/koparasy/spack-stage/spack-stage-petsc-3.8.3-h4vtnmkqnpm7wln3zedi2ip7kwr76bsm/spack-src/src/ksp/ksp/tutorials'\n"
      },
      {
            "phase": "N/A",
            "source_file": [
                  null
            ],
            "source_line_no": 0,
            "line_no": 1174,
            "repeat_count": 0,
            "start": 1168,
            "end": 1178,
            "text": "==> [2022-01-14-21:18:52.497155] Flagging petsc-3.8.3-rhs5eht4u22jxpt52cym4np2cjl2j2zy as failed: OSError: No such file or directory: '/var/tmp/koparasy/spack-stage/spack-stage-petsc-3.8.3-h4vtnmkqnpm7wln3zedi2ip7kwr76bsm/spack-src/src/ksp/ksp/tutorials'",
            "pre_context": "    self.cache_extra_test_sources('src/snes/tutorials')\n  File \"/p/vast1/koparasy/BUILD/head/spack/lib/spack/spack/package.py\", line 1782, in cache_extra_test_sources\n    fsys.copy(src_path, dest_path)\n  File \"/p/vast1/koparasy/BUILD/head/spack/lib/spack/llnl/util/filesystem.py\", line 376, in copy\n    raise IOError(\"No such file or directory: '{0}'\".format(src))\nOSError: No such file or directory: '/var/tmp/koparasy/spack-stage/spack-stage-petsc-3.8.3-h4vtnmkqnpm7wln3zedi2ip7kwr76bsm/spack-src/src/ksp/ksp/tutorials'",
            "post_context": "==> [2022-01-14-21:19:08.273579] Skip view update, this environment does not maintain a view\n==> [2022-01-14-21:19:08.276276] ChildError: OSError: No such file or directory: '/var/tmp/koparasy/spack-stage/spack-stage-petsc-3.8.3-h4vtnmkqnpm7wln3zedi2ip7kwr76bsm/spack-src/src/ksp/ksp/tutorials'\n"
      },
      {
            "phase": "N/A",
            "source_file": [
                  null
            ],
            "source_line_no": 0,
            "line_no": 1176,
            "repeat_count": 0,
            "start": 1170,
            "end": 1178,
            "text": "==> [2022-01-14-21:19:08.276276] ChildError: OSError: No such file or directory: '/var/tmp/koparasy/spack-stage/spack-stage-petsc-3.8.3-h4vtnmkqnpm7wln3zedi2ip7kwr76bsm/spack-src/src/ksp/ksp/tutorials'",
            "pre_context": "    fsys.copy(src_path, dest_path)\n  File \"/p/vast1/koparasy/BUILD/head/spack/lib/spack/llnl/util/filesystem.py\", line 376, in copy\n    raise IOError(\"No such file or directory: '{0}'\".format(src))\nOSError: No such file or directory: '/var/tmp/koparasy/spack-stage/spack-stage-petsc-3.8.3-h4vtnmkqnpm7wln3zedi2ip7kwr76bsm/spack-src/src/ksp/ksp/tutorials'\n==> [2022-01-14-21:18:52.497155] Flagging petsc-3.8.3-rhs5eht4u22jxpt52cym4np2cjl2j2zy as failed: OSError: No such file or directory: '/var/tmp/koparasy/spack-stage/spack-stage-petsc-3.8.3-h4vtnmkqnpm7wln3zedi2ip7kwr76bsm/spack-src/src/ksp/ksp/tutorials'\n==> [2022-01-14-21:19:08.273579] Skip view update, this environment does not maintain a view",
            "post_context": ""
      },
      {
            "phase": "N/A",
            "source_file": [
                  null
            ],
            "source_line_no": 0,
            "line_no": 1143,
            "repeat_count": 0,
            "start": 1137,
            "end": 1150,
            "text": "==> [2022-01-14-21:18:54.353371] Error: OSError: No such file or directory: '/var/tmp/koparasy/spack-stage/spack-stage-petsc-3.10.2-2tqydtxfwbwcnnxxb3wzdd7qk7jdr4vc/spack-src/src/ksp/ksp/tutorials'",
            "pre_context": "==> [2022-01-14-21:10:17.948482] found link dirs: /usr/tce/packages/gcc/gcc-9.3.1/rh/usr/lib/gcc/x86_64-redhat-linux/9, /usr/tce/packages/gcc/gcc-9.3.1/rh/usr/lib/gcc, /usr/tce/packages/gcc/gcc-9.3.1/rh/usr/lib64, /lib64, /usr/lib64, /usr/tce/packages/gcc/gcc-9.3.1/rh/usr/lib\n==> [2022-01-14-21:10:18.831400] Staging archive: /var/tmp/koparasy/spack-stage/spack-stage-petsc-3.10.2-2tqydtxfwbwcnnxxb3wzdd7qk7jdr4vc/petsc-3.10.2.tar.gz\n==> [2022-01-14-21:10:18.833068] '/usr/bin/tar' '-oxf' '/var/tmp/koparasy/spack-stage/spack-stage-petsc-3.10.2-2tqydtxfwbwcnnxxb3wzdd7qk7jdr4vc/petsc-3.10.2.tar.gz'\n==> [2022-01-14-21:10:19.960767] Created stage in /var/tmp/koparasy/spack-stage/spack-stage-petsc-3.10.2-2tqydtxfwbwcnnxxb3wzdd7qk7jdr4vc\n==> [2022-01-14-21:10:19.962246] '/usr/bin/patch' '-s' '-p' '1' '-i' '/p/vast1/koparasy/BUILD/head/spack/var/spack/repos/builtin/packages/petsc/xcode_stub_out_of_sync.patch' '-d' '.'\n==> [2022-01-14-21:10:19.968313] petsc: Building petsc-3.10.2-rlbez3lvi2c42ozc3eeyaghbnyrotebr [Package]",
            "post_context": "\n/p/vast1/koparasy/BUILD/head/spack/lib/spack/spack/package.py:1781, in cache_extra_test_sources:\n       1778            if os.path.isdir(src_path):\n       1779                fsys.install_tree(src_path, dest_path)\n       1780            else:\n  >>   1781                fsys.mkdirp(os.path.dirname(dest_path))"
      },
      {
            "phase": "N/A",
            "source_file": [
                  null
            ],
            "source_line_no": 0,
            "line_no": 1172,
            "repeat_count": 0,
            "start": 1166,
            "end": 1177,
            "text": "OSError: No such file or directory: '/var/tmp/koparasy/spack-stage/spack-stage-petsc-3.10.2-2tqydtxfwbwcnnxxb3wzdd7qk7jdr4vc/spack-src/src/ksp/ksp/tutorials'",
            "pre_context": "  File \"/p/vast1/koparasy/BUILD/head/spack/var/spack/repos/builtin/packages/petsc/package.py\", line 585, in setup_build_tests\n    self.cache_extra_test_sources('src/snes/tutorials')\n  File \"/p/vast1/koparasy/BUILD/head/spack/lib/spack/spack/package.py\", line 1782, in cache_extra_test_sources\n    fsys.copy(src_path, dest_path)\n  File \"/p/vast1/koparasy/BUILD/head/spack/lib/spack/llnl/util/filesystem.py\", line 376, in copy\n    raise IOError(\"No such file or directory: '{0}'\".format(src))",
            "post_context": "==> [2022-01-14-21:18:54.353726] Flagging petsc-3.10.2-rlbez3lvi2c42ozc3eeyaghbnyrotebr as failed: OSError: No such file or directory: '/var/tmp/koparasy/spack-stage/spack-stage-petsc-3.10.2-2tqydtxfwbwcnnxxb3wzdd7qk7jdr4vc/spack-src/src/ksp/ksp/tutorials'\n==> [2022-01-14-21:19:18.924236] Skip view update, this environment does not maintain a view\n==> [2022-01-14-21:19:18.926266] ChildError: OSError: No such file or directory: '/var/tmp/koparasy/spack-stage/spack-stage-petsc-3.10.2-2tqydtxfwbwcnnxxb3wzdd7qk7jdr4vc/spack-src/src/ksp/ksp/tutorials'\n"
      },
      {
            "phase": "N/A",
            "source_file": [
                  null
            ],
            "source_line_no": 0,
            "line_no": 1173,
            "repeat_count": 0,
            "start": 1167,
            "end": 1177,
            "text": "==> [2022-01-14-21:18:54.353726] Flagging petsc-3.10.2-rlbez3lvi2c42ozc3eeyaghbnyrotebr as failed: OSError: No such file or directory: '/var/tmp/koparasy/spack-stage/spack-stage-petsc-3.10.2-2tqydtxfwbwcnnxxb3wzdd7qk7jdr4vc/spack-src/src/ksp/ksp/tutorials'",
            "pre_context": "    self.cache_extra_test_sources('src/snes/tutorials')\n  File \"/p/vast1/koparasy/BUILD/head/spack/lib/spack/spack/package.py\", line 1782, in cache_extra_test_sources\n    fsys.copy(src_path, dest_path)\n  File \"/p/vast1/koparasy/BUILD/head/spack/lib/spack/llnl/util/filesystem.py\", line 376, in copy\n    raise IOError(\"No such file or directory: '{0}'\".format(src))\nOSError: No such file or directory: '/var/tmp/koparasy/spack-stage/spack-stage-petsc-3.10.2-2tqydtxfwbwcnnxxb3wzdd7qk7jdr4vc/spack-src/src/ksp/ksp/tutorials'",
            "post_context": "==> [2022-01-14-21:19:18.924236] Skip view update, this environment does not maintain a view\n==> [2022-01-14-21:19:18.926266] ChildError: OSError: No such file or directory: '/var/tmp/koparasy/spack-stage/spack-stage-petsc-3.10.2-2tqydtxfwbwcnnxxb3wzdd7qk7jdr4vc/spack-src/src/ksp/ksp/tutorials'\n"
      },
      {
            "phase": "N/A",
            "source_file": [
                  null
            ],
            "source_line_no": 0,
            "line_no": 1175,
            "repeat_count": 0,
            "start": 1169,
            "end": 1177,
            "text": "==> [2022-01-14-21:19:18.926266] ChildError: OSError: No such file or directory: '/var/tmp/koparasy/spack-stage/spack-stage-petsc-3.10.2-2tqydtxfwbwcnnxxb3wzdd7qk7jdr4vc/spack-src/src/ksp/ksp/tutorials'",
            "pre_context": "    fsys.copy(src_path, dest_path)\n  File \"/p/vast1/koparasy/BUILD/head/spack/lib/spack/llnl/util/filesystem.py\", line 376, in copy\n    raise IOError(\"No such file or directory: '{0}'\".format(src))\nOSError: No such file or directory: '/var/tmp/koparasy/spack-stage/spack-stage-petsc-3.10.2-2tqydtxfwbwcnnxxb3wzdd7qk7jdr4vc/spack-src/src/ksp/ksp/tutorials'\n==> [2022-01-14-21:18:54.353726] Flagging petsc-3.10.2-rlbez3lvi2c42ozc3eeyaghbnyrotebr as failed: OSError: No such file or directory: '/var/tmp/koparasy/spack-stage/spack-stage-petsc-3.10.2-2tqydtxfwbwcnnxxb3wzdd7qk7jdr4vc/spack-src/src/ksp/ksp/tutorials'\n==> [2022-01-14-21:19:18.924236] Skip view update, this environment does not maintain a view",
            "post_context": ""
      },
      {
            "phase": "N/A",
            "source_file": "             rlu_dist.c",
            "source_line_no": "3",
            "line_no": 1299,
            "repeat_count": 0,
            "start": 1293,
            "end": 1306,
            "text": "rlu_dist.c:35:3: error: unknown type name 'superlu_options_t'",
            "pre_context": "             c-9.3.1/openmpi-4.1.2-jav4wqudjcg7dsjv2bfmiftfzddznkg3/include\n             -MMD -MP /tmp/koparasy/spack-stage/spack-stage-petsc-3.6.4-fpqq6a6\n             3tcbvka53bkcn5jm3usxqvqxp/spack-src/src/dm/impls/da/daghost.c -o a\n             rch-linux2-c-opt/obj/src/dm/impls/da/daghost.o\n  >> 2268    /tmp/koparasy/spack-stage/spack-stage-petsc-3.6.4-fpqq6a63tcbvka53\n             bkcn5jm3usxqvqxp/spack-src/src/mat/impls/aij/mpi/superlu_dist/supe",
            "post_context": "     2269       35 |   superlu_options_t    options;\n     2270          |   ^~~~~~~~~~~~~~~~~\n  >> 2271    /tmp/koparasy/spack-stage/spack-stage-petsc-3.6.4-fpqq6a63tcbvka53\n             bkcn5jm3usxqvqxp/spack-src/src/mat/impls/aij/mpi/superlu_dist/supe\n             rlu_dist.c:37:3: error: unknown type name 'ScalePermstruct_t'\n     2272       37 |   ScalePermstruct_t    ScalePermstruct;"
      },
      {
            "phase": "N/A",
            "source_file": "             rlu_dist.c",
            "source_line_no": "3",
            "line_no": 1304,
            "repeat_count": 0,
            "start": 1298,
            "end": 1311,
            "text": "rlu_dist.c:37:3: error: unknown type name 'ScalePermstruct_t'",
            "pre_context": "             bkcn5jm3usxqvqxp/spack-src/src/mat/impls/aij/mpi/superlu_dist/supe\n             rlu_dist.c:35:3: error: unknown type name 'superlu_options_t'\n     2269       35 |   superlu_options_t    options;\n     2270          |   ^~~~~~~~~~~~~~~~~\n  >> 2271    /tmp/koparasy/spack-stage/spack-stage-petsc-3.6.4-fpqq6a63tcbvka53\n             bkcn5jm3usxqvqxp/spack-src/src/mat/impls/aij/mpi/superlu_dist/supe",
            "post_context": "     2272       37 |   ScalePermstruct_t    ScalePermstruct;\n     2273          |   ^~~~~~~~~~~~~~~~~\n  >> 2274    /tmp/koparasy/spack-stage/spack-stage-petsc-3.6.4-fpqq6a63tcbvka53\n             bkcn5jm3usxqvqxp/spack-src/src/mat/impls/aij/mpi/superlu_dist/supe\n             rlu_dist.c:38:3: error: unknown type name 'LUstruct_t'\n     2275       38 |   LUstruct_t           LUstruct;"
      },
      {
            "phase": "N/A",
            "source_file": "             rlu_dist.c",
            "source_line_no": "3",
            "line_no": 1309,
            "repeat_count": 0,
            "start": 1303,
            "end": 1316,
            "text": "rlu_dist.c:38:3: error: unknown type name 'LUstruct_t'",
            "pre_context": "             bkcn5jm3usxqvqxp/spack-src/src/mat/impls/aij/mpi/superlu_dist/supe\n             rlu_dist.c:37:3: error: unknown type name 'ScalePermstruct_t'\n     2272       37 |   ScalePermstruct_t    ScalePermstruct;\n     2273          |   ^~~~~~~~~~~~~~~~~\n  >> 2274    /tmp/koparasy/spack-stage/spack-stage-petsc-3.6.4-fpqq6a63tcbvka53\n             bkcn5jm3usxqvqxp/spack-src/src/mat/impls/aij/mpi/superlu_dist/supe",
            "post_context": "     2275       38 |   LUstruct_t           LUstruct;\n     2276          |   ^~~~~~~~~~\n  >> 2277    /tmp/koparasy/spack-stage/spack-stage-petsc-3.6.4-fpqq6a63tcbvka53\n             bkcn5jm3usxqvqxp/spack-src/src/mat/impls/aij/mpi/superlu_dist/supe\n             rlu_dist.c:41:3: error: unknown type name 'SOLVEstruct_t'\n     2278       41 |   SOLVEstruct_t        SOLVEstruct;"
      },
      {
            "phase": "N/A",
            "source_file": "             rlu_dist.c",
            "source_line_no": "4",
            "line_no": 1314,
            "repeat_count": 0,
            "start": 1308,
            "end": 1321,
            "text": "rlu_dist.c:41:3: error: unknown type name 'SOLVEstruct_t'",
            "pre_context": "             bkcn5jm3usxqvqxp/spack-src/src/mat/impls/aij/mpi/superlu_dist/supe\n             rlu_dist.c:38:3: error: unknown type name 'LUstruct_t'\n     2275       38 |   LUstruct_t           LUstruct;\n     2276          |   ^~~~~~~~~~\n  >> 2277    /tmp/koparasy/spack-stage/spack-stage-petsc-3.6.4-fpqq6a63tcbvka53\n             bkcn5jm3usxqvqxp/spack-src/src/mat/impls/aij/mpi/superlu_dist/supe",
            "post_context": "     2278       41 |   SOLVEstruct_t        SOLVEstruct;\n     2279          |   ^~~~~~~~~~~~~\n     2280    /tmp/koparasy/spack-stage/spack-stage-petsc-3.6.4-fpqq6a63tcbvka53\n             bkcn5jm3usxqvqxp/spack-src/src/mat/impls/aij/mpi/superlu_dist/supe\n             rlu_dist.c: In function 'MatDestroy_SuperLU_DIST':\n  >> 2281    /tmp/koparasy/spack-stage/spack-stage-petsc-3.6.4-fpqq6a63tcbvka53"
      },
      {
            "phase": "N/A",
            "source_file": "             rlu_dist.c",
            "source_line_no": "8",
            "line_no": 1322,
            "repeat_count": 0,
            "start": 1316,
            "end": 1329,
            "text": "rlu_dist.c:85:22: error: request for member 'SolveInitialized' in",
            "pre_context": "     2279          |   ^~~~~~~~~~~~~\n     2280    /tmp/koparasy/spack-stage/spack-stage-petsc-3.6.4-fpqq6a63tcbvka53\n             bkcn5jm3usxqvqxp/spack-src/src/mat/impls/aij/mpi/superlu_dist/supe\n             rlu_dist.c: In function 'MatDestroy_SuperLU_DIST':\n  >> 2281    /tmp/koparasy/spack-stage/spack-stage-petsc-3.6.4-fpqq6a63tcbvka53\n             bkcn5jm3usxqvqxp/spack-src/src/mat/impls/aij/mpi/superlu_dist/supe",
            "post_context": "             something not a structure or union\n     2282       85 |       if (lu->options.SolveInitialized) {\n     2283          |                      ^\n     2284    In file included from /tmp/koparasy/spack-stage/spack-stage-petsc-\n             3.6.4-fpqq6a63tcbvka53bkcn5jm3usxqvqxp/spack-src/include/petscsys.\n             h:1559,"
      },
      {
            "phase": "N/A",
            "source_file": "             rlu_dist.c",
            "source_line_no": "1",
            "line_no": 1357,
            "repeat_count": 0,
            "start": 1351,
            "end": 1364,
            "text": "rlu_dist.c:144:20: error: request for member 'SolveInitialized' in",
            "pre_context": "                  ^~~~~~~\n     2347    /tmp/koparasy/spack-stage/spack-stage-petsc-3.6.4-fpqq6a63tcbvka53\n             bkcn5jm3usxqvqxp/spack-src/src/mat/impls/aij/mpi/superlu_dist/supe\n             rlu_dist.c: In function 'MatSolve_SuperLU_DIST':\n  >> 2348    /tmp/koparasy/spack-stage/spack-stage-petsc-3.6.4-fpqq6a63tcbvka53\n             bkcn5jm3usxqvqxp/spack-src/src/mat/impls/aij/mpi/superlu_dist/supe",
            "post_context": "              something not a structure or union\n     2349      144 |     if (lu->options.SolveInitialized && !lu->matsolve_isca\n             lled) {\n     2350          |                    ^\n     2351    In file included from /tmp/koparasy/spack-stage/spack-stage-petsc-\n             3.6.4-fpqq6a63tcbvka53bkcn5jm3usxqvqxp/spack-src/include/petscsys."
      },
      {
            "phase": "N/A",
            "source_file": "             rlu_dist.c",
            "source_line_no": "1",
            "line_no": 1395,
            "repeat_count": 0,
            "start": 1389,
            "end": 1402,
            "text": "rlu_dist.c:151:18: error: request for member 'SolveInitialized' in",
            "pre_context": "     2387      539 | extern void dSolveFinalize(superlu_dist_options_t *, dSOLV\n             Estruct_t *);\n     2388          |                                                      ^~~~~\n             ~~~~~~~~~~~\n  >> 2389    /tmp/koparasy/spack-stage/spack-stage-petsc-3.6.4-fpqq6a63tcbvka53\n             bkcn5jm3usxqvqxp/spack-src/src/mat/impls/aij/mpi/superlu_dist/supe",
            "post_context": "              something not a structure or union\n     2390      151 |       lu->options.SolveInitialized = NO;\n     2391          |                  ^\n  >> 2392    /tmp/koparasy/spack-stage/spack-stage-petsc-3.6.4-fpqq6a63tcbvka53\n             bkcn5jm3usxqvqxp/spack-src/src/mat/impls/aij/mpi/superlu_dist/supe\n             rlu_dist.c:157:18: error: request for member 'Fact' in something n"
      },
      {
            "phase": "N/A",
            "source_file": "             rlu_dist.c",
            "source_line_no": "1",
            "line_no": 1401,
            "repeat_count": 0,
            "start": 1395,
            "end": 1408,
            "text": "rlu_dist.c:157:18: error: request for member 'Fact' in something n",
            "pre_context": "             rlu_dist.c:151:18: error: request for member 'SolveInitialized' in\n              something not a structure or union\n     2390      151 |       lu->options.SolveInitialized = NO;\n     2391          |                  ^\n  >> 2392    /tmp/koparasy/spack-stage/spack-stage-petsc-3.6.4-fpqq6a63tcbvka53\n             bkcn5jm3usxqvqxp/spack-src/src/mat/impls/aij/mpi/superlu_dist/supe",
            "post_context": "             ot a structure or union\n     2393      157 |   if (lu->options.Fact != FACTORED) SETERRQ(PETSC_COMM_SEL\n             F,PETSC_ERR_ARG_WRONG,\"SuperLU_DIST options.Fact mush equal FACTOR\n             ED\");\n     2394          |                  ^\n     2395    In file included from /tmp/koparasy/spack-stage/spack-stage-petsc-"
      },
      {
            "phase": "N/A",
            "source_file": "             rlu_dist.c",
            "source_line_no": "1",
            "line_no": 1439,
            "repeat_count": 0,
            "start": 1433,
            "end": 1446,
            "text": "rlu_dist.c:175:18: error: request for member 'PrintStat' in someth",
            "pre_context": "             is of type 'int *'\n     2526      535 |        dSOLVEstruct_t *, double *, SuperLUStat_t *, int *)\n             ;\n     2527          |        ^~~~~~~~~~~~~~~~\n  >> 2528    /tmp/koparasy/spack-stage/spack-stage-petsc-3.6.4-fpqq6a63tcbvka53\n             bkcn5jm3usxqvqxp/spack-src/src/mat/impls/aij/mpi/superlu_dist/supe",
            "post_context": "             ing not a structure or union\n     2529      175 |   if (lu->options.PrintStat) PStatPrint(&lu->options, &sta\n             t, &lu->grid);      /* Print the statistics. */\n     2530          |                  ^\n     2531    /tmp/koparasy/spack-stage/spack-stage-petsc-3.6.4-fpqq6a63tcbvka53\n             bkcn5jm3usxqvqxp/spack-src/src/mat/impls/aij/mpi/superlu_dist/supe"
      },
      {
            "phase": "N/A",
            "source_file": "             rlu_dist.c",
            "source_line_no": "2",
            "line_no": 1475,
            "repeat_count": 0,
            "start": 1469,
            "end": 1482,
            "text": "rlu_dist.c:209:18: error: request for member 'Fact' in something n",
            "pre_context": "     2541          |                         ^~~~~~~~~~~~~~~~~~~~~~~~\n     2542    /tmp/koparasy/spack-stage/spack-stage-petsc-3.6.4-fpqq6a63tcbvka53\n             bkcn5jm3usxqvqxp/spack-src/src/mat/impls/aij/mpi/superlu_dist/supe\n             rlu_dist.c: In function 'MatMatSolve_SuperLU_DIST':\n  >> 2543    /tmp/koparasy/spack-stage/spack-stage-petsc-3.6.4-fpqq6a63tcbvka53\n             bkcn5jm3usxqvqxp/spack-src/src/mat/impls/aij/mpi/superlu_dist/supe",
            "post_context": "             ot a structure or union\n     2544      209 |   if (lu->options.Fact != FACTORED) SETERRQ(PETSC_COMM_SEL\n             F,PETSC_ERR_ARG_WRONG,\"SuperLU_DIST options.Fact mush equal FACTOR\n             ED\");\n     2545          |                  ^\n  >> 2546    /tmp/koparasy/spack-stage/spack-stage-petsc-3.6.4-fpqq6a63tcbvka53"
      },
      {
            "phase": "N/A",
            "source_file": "             rlu_dist.c",
            "source_line_no": "2",
            "line_no": 1483,
            "repeat_count": 0,
            "start": 1477,
            "end": 1490,
            "text": "rlu_dist.c:218:18: error: request for member 'SolveInitialized' in",
            "pre_context": "     2544      209 |   if (lu->options.Fact != FACTORED) SETERRQ(PETSC_COMM_SEL\n             F,PETSC_ERR_ARG_WRONG,\"SuperLU_DIST options.Fact mush equal FACTOR\n             ED\");\n     2545          |                  ^\n  >> 2546    /tmp/koparasy/spack-stage/spack-stage-petsc-3.6.4-fpqq6a63tcbvka53\n             bkcn5jm3usxqvqxp/spack-src/src/mat/impls/aij/mpi/superlu_dist/supe",
            "post_context": "              something not a structure or union\n     2547      218 |   if (lu->options.SolveInitialized && !lu->matmatsolve_isc\n             alled) {\n     2548          |                  ^\n     2549    In file included from /tmp/koparasy/spack-stage/spack-stage-petsc-\n             3.6.4-fpqq6a63tcbvka53bkcn5jm3usxqvqxp/spack-src/include/petscsys."
      },
      {
            "phase": "N/A",
            "source_file": "             rlu_dist.c",
            "source_line_no": "2",
            "line_no": 1521,
            "repeat_count": 0,
            "start": 1515,
            "end": 1528,
            "text": "rlu_dist.c:228:16: error: request for member 'SolveInitialized' in",
            "pre_context": "     2585      539 | extern void dSolveFinalize(superlu_dist_options_t *, dSOLV\n             Estruct_t *);\n     2586          |                                                      ^~~~~\n             ~~~~~~~~~~~\n  >> 2587    /tmp/koparasy/spack-stage/spack-stage-petsc-3.6.4-fpqq6a63tcbvka53\n             bkcn5jm3usxqvqxp/spack-src/src/mat/impls/aij/mpi/superlu_dist/supe",
            "post_context": "              something not a structure or union\n     2588      228 |     lu->options.SolveInitialized = NO;\n     2589          |                ^\n     2590    In file included from /tmp/koparasy/spack-stage/spack-stage-petsc-\n             3.6.4-fpqq6a63tcbvka53bkcn5jm3usxqvqxp/spack-src/include/petscsys.\n             h:1559,"
      },
      {
            "phase": "N/A",
            "source_file": "             rlu_dist.c",
            "source_line_no": "2",
            "line_no": 1557,
            "repeat_count": 0,
            "start": 1551,
            "end": 1564,
            "text": "rlu_dist.c:252:18: error: request for member 'PrintStat' in someth",
            "pre_context": "             is of type 'int *'\n     2721      535 |        dSOLVEstruct_t *, double *, SuperLUStat_t *, int *)\n             ;\n     2722          |        ^~~~~~~~~~~~~~~~\n  >> 2723    /tmp/koparasy/spack-stage/spack-stage-petsc-3.6.4-fpqq6a63tcbvka53\n             bkcn5jm3usxqvqxp/spack-src/src/mat/impls/aij/mpi/superlu_dist/supe",
            "post_context": "             ing not a structure or union\n     2724      252 |   if (lu->options.PrintStat) PStatPrint(&lu->options, &sta\n             t, &lu->grid); /* Print the statistics. */\n     2725          |                  ^\n     2726    /tmp/koparasy/spack-stage/spack-stage-petsc-3.6.4-fpqq6a63tcbvka53\n             bkcn5jm3usxqvqxp/spack-src/src/mat/impls/aij/mpi/superlu_dist/supe"
      },
      {
            "phase": "N/A",
            "source_file": "             rlu_dist.c",
            "source_line_no": "3",
            "line_no": 1593,
            "repeat_count": 0,
            "start": 1587,
            "end": 1600,
            "text": "rlu_dist.c:306:20: error: request for member 'Fact' in something n",
            "pre_context": "     2735          |                         ^~~~~~~~~~~~~~~~~~~~~~~~\n     2736    /tmp/koparasy/spack-stage/spack-stage-petsc-3.6.4-fpqq6a63tcbvka53\n             bkcn5jm3usxqvqxp/spack-src/src/mat/impls/aij/mpi/superlu_dist/supe\n             rlu_dist.c: In function 'MatLUFactorNumeric_SuperLU_DIST':\n  >> 2737    /tmp/koparasy/spack-stage/spack-stage-petsc-3.6.4-fpqq6a63tcbvka53\n             bkcn5jm3usxqvqxp/spack-src/src/mat/impls/aij/mpi/superlu_dist/supe",
            "post_context": "             ot a structure or union\n     2738      306 |     if (lu->options.Fact != DOFACT) {/* successive numeric\n              factorization, sparsity pattern is reused. */\n     2739          |                    ^\n  >> 2740    /tmp/koparasy/spack-stage/spack-stage-petsc-3.6.4-fpqq6a63tcbvka53\n             bkcn5jm3usxqvqxp/spack-src/src/mat/impls/aij/mpi/superlu_dist/supe"
      },
      {
            "phase": "N/A",
            "source_file": "             rlu_dist.c",
            "source_line_no": "3",
            "line_no": 1600,
            "repeat_count": 0,
            "start": 1594,
            "end": 1607,
            "text": "rlu_dist.c:309:20: error: request for member 'Fact' in something n",
            "pre_context": "             ot a structure or union\n     2738      306 |     if (lu->options.Fact != DOFACT) {/* successive numeric\n              factorization, sparsity pattern is reused. */\n     2739          |                    ^\n  >> 2740    /tmp/koparasy/spack-stage/spack-stage-petsc-3.6.4-fpqq6a63tcbvka53\n             bkcn5jm3usxqvqxp/spack-src/src/mat/impls/aij/mpi/superlu_dist/supe",
            "post_context": "             ot a structure or union\n     2741      309 |         lu->options.Fact = SamePattern_SameRowPerm; /* mat\n             rix has similar numerical values */\n     2742          |                    ^\n  >> 2743    /tmp/koparasy/spack-stage/spack-stage-petsc-3.6.4-fpqq6a63tcbvka53\n             bkcn5jm3usxqvqxp/spack-src/src/mat/impls/aij/mpi/superlu_dist/supe"
      },
      {
            "phase": "N/A",
            "source_file": "             rlu_dist.c",
            "source_line_no": "3",
            "line_no": 1607,
            "repeat_count": 0,
            "start": 1601,
            "end": 1614,
            "text": "rlu_dist.c:312:20: error: request for member 'Fact' in something n",
            "pre_context": "             ot a structure or union\n     2741      309 |         lu->options.Fact = SamePattern_SameRowPerm; /* mat\n             rix has similar numerical values */\n     2742          |                    ^\n  >> 2743    /tmp/koparasy/spack-stage/spack-stage-petsc-3.6.4-fpqq6a63tcbvka53\n             bkcn5jm3usxqvqxp/spack-src/src/mat/impls/aij/mpi/superlu_dist/supe",
            "post_context": "             ot a structure or union\n     2744      312 |         lu->options.Fact = SamePattern;\n     2745          |                    ^\n  >> 2746    /tmp/koparasy/spack-stage/spack-stage-petsc-3.6.4-fpqq6a63tcbvka53\n             bkcn5jm3usxqvqxp/spack-src/src/mat/impls/aij/mpi/superlu_dist/supe\n             rlu_dist.c:344:20: error: request for member 'Fact' in something n"
      },
      {
            "phase": "N/A",
            "source_file": "             rlu_dist.c",
            "source_line_no": "3",
            "line_no": 1613,
            "repeat_count": 0,
            "start": 1607,
            "end": 1620,
            "text": "rlu_dist.c:344:20: error: request for member 'Fact' in something n",
            "pre_context": "             rlu_dist.c:312:20: error: request for member 'Fact' in something n\n             ot a structure or union\n     2744      312 |         lu->options.Fact = SamePattern;\n     2745          |                    ^\n  >> 2746    /tmp/koparasy/spack-stage/spack-stage-petsc-3.6.4-fpqq6a63tcbvka53\n             bkcn5jm3usxqvqxp/spack-src/src/mat/impls/aij/mpi/superlu_dist/supe",
            "post_context": "             ot a structure or union\n     2747      344 |     if (lu->options.Fact == DOFACT) { /* first numeric fac\n             torization */\n     2748          |                    ^\n  >> 2749    /tmp/koparasy/spack-stage/spack-stage-petsc-3.6.4-fpqq6a63tcbvka53\n             bkcn5jm3usxqvqxp/spack-src/src/mat/impls/aij/mpi/superlu_dist/supe"
      },
      {
            "phase": "N/A",
            "source_file": "             rlu_dist.c",
            "source_line_no": "3",
            "line_no": 1620,
            "repeat_count": 0,
            "start": 1614,
            "end": 1627,
            "text": "rlu_dist.c:353:20: error: request for member 'Fact' in something n",
            "pre_context": "             ot a structure or union\n     2747      344 |     if (lu->options.Fact == DOFACT) { /* first numeric fac\n             torization */\n     2748          |                    ^\n  >> 2749    /tmp/koparasy/spack-stage/spack-stage-petsc-3.6.4-fpqq6a63tcbvka53\n             bkcn5jm3usxqvqxp/spack-src/src/mat/impls/aij/mpi/superlu_dist/supe",
            "post_context": "             ot a structure or union\n     2750      353 |         lu->options.Fact = SamePattern_SameRowPerm; /* mat\n             rix has similar numerical values */\n     2751          |                    ^\n  >> 2752    /tmp/koparasy/spack-stage/spack-stage-petsc-3.6.4-fpqq6a63tcbvka53\n             bkcn5jm3usxqvqxp/spack-src/src/mat/impls/aij/mpi/superlu_dist/supe"
      },
      {
            "phase": "N/A",
            "source_file": "             rlu_dist.c",
            "source_line_no": "3",
            "line_no": 1627,
            "repeat_count": 0,
            "start": 1621,
            "end": 1634,
            "text": "rlu_dist.c:356:20: error: request for member 'Fact' in something n",
            "pre_context": "             ot a structure or union\n     2750      353 |         lu->options.Fact = SamePattern_SameRowPerm; /* mat\n             rix has similar numerical values */\n     2751          |                    ^\n  >> 2752    /tmp/koparasy/spack-stage/spack-stage-petsc-3.6.4-fpqq6a63tcbvka53\n             bkcn5jm3usxqvqxp/spack-src/src/mat/impls/aij/mpi/superlu_dist/supe",
            "post_context": "             ot a structure or union\n     2753      356 |         lu->options.Fact = SamePattern;\n     2754          |                    ^\n     2755    In file included from /tmp/koparasy/spack-stage/spack-stage-petsc-\n             3.6.4-fpqq6a63tcbvka53bkcn5jm3usxqvqxp/spack-src/include/petscsys.\n             h:1559,"
      },
      {
            "phase": "N/A",
            "source_file": "             rlu_dist.c",
            "source_line_no": "4",
            "line_no": 1663,
            "repeat_count": 0,
            "start": 1657,
            "end": 1670,
            "text": "rlu_dist.c:431:18: error: request for member 'PrintStat' in someth",
            "pre_context": "             is of type 'int *'\n     2888      535 |        dSOLVEstruct_t *, double *, SuperLUStat_t *, int *)\n             ;\n     2889          |        ^~~~~~~~~~~~~~~~\n  >> 2890    /tmp/koparasy/spack-stage/spack-stage-petsc-3.6.4-fpqq6a63tcbvka53\n             bkcn5jm3usxqvqxp/spack-src/src/mat/impls/aij/mpi/superlu_dist/supe",
            "post_context": "             ing not a structure or union\n     2891      431 |   if (lu->options.PrintStat) {\n     2892          |                  ^\n     2893    /tmp/koparasy/spack-stage/spack-stage-petsc-3.6.4-fpqq6a63tcbvka53\n             bkcn5jm3usxqvqxp/spack-src/src/mat/impls/aij/mpi/superlu_dist/supe\n             rlu_dist.c:432:16: warning: passing argument 1 of 'PStatPrint' fro"
      },
      {
            "phase": "N/A",
            "source_file": "             rlu_dist.c",
            "source_line_no": "4",
            "line_no": 1693,
            "repeat_count": 0,
            "start": 1687,
            "end": 1700,
            "text": "rlu_dist.c:441:14: error: request for member 'Fact' in something n",
            "pre_context": "             argument is of type 'int *'\n     2901     1021 | extern void  PStatPrint(superlu_dist_options_t *, SuperLUS\n             tat_t *, gridinfo_t *);\n     2902          |                         ^~~~~~~~~~~~~~~~~~~~~~~~\n  >> 2903    /tmp/koparasy/spack-stage/spack-stage-petsc-3.6.4-fpqq6a63tcbvka53\n             bkcn5jm3usxqvqxp/spack-src/src/mat/impls/aij/mpi/superlu_dist/supe",
            "post_context": "             ot a structure or union\n     2904      441 |   lu->options.Fact  = FACTORED; /* The factored form of A\n             is supplied. Local option used by this func. only */\n     2905          |              ^\n     2906    In file included from /tmp/koparasy/spack-stage/spack-stage-petsc-\n             3.6.4-fpqq6a63tcbvka53bkcn5jm3usxqvqxp/spack-src/include/petscsys."
      },
      {
            "phase": "N/A",
            "source_file": "             rlu_dist.c",
            "source_line_no": "4",
            "line_no": 1728,
            "repeat_count": 0,
            "start": 1722,
            "end": 1735,
            "text": "rlu_dist.c:485:3: error: unknown type name 'superlu_options_t'; di",
            "pre_context": "                  ^~~~~~~\n     2926    /tmp/koparasy/spack-stage/spack-stage-petsc-3.6.4-fpqq6a63tcbvka53\n             bkcn5jm3usxqvqxp/spack-src/src/mat/impls/aij/mpi/superlu_dist/supe\n             rlu_dist.c: In function 'MatGetFactor_aij_superlu_dist':\n  >> 2927    /tmp/koparasy/spack-stage/spack-stage-petsc-3.6.4-fpqq6a63tcbvka53\n             bkcn5jm3usxqvqxp/spack-src/src/mat/impls/aij/mpi/superlu_dist/supe",
            "post_context": "             d you mean 'superlu_dist_options_t'?\n     2928      485 |   superlu_options_t options;\n     2929          |   ^~~~~~~~~~~~~~~~~\n     2930          |   superlu_dist_options_t\n     2931    /p/vast1/koparasy/BUILD/spack_cluster_installer/quartz/slepc/spack\n             _env_dir/linux-rhel7-broadwell/gcc-9.3.1/openmpi-4.1.2-jav4wqudjcg"
      },
      {
            "phase": "N/A",
            "source_file": "             rlu_dist.c",
            "source_line_no": "5",
            "line_no": 1786,
            "repeat_count": 0,
            "start": 1780,
            "end": 1793,
            "text": "rlu_dist.c:548:88: error: request for member 'Equil' in something",
            "pre_context": "             t/impls/aij/seq/aij.h:5,\n     2948                     from /tmp/koparasy/spack-stage/spack-stage-petsc-\n             3.6.4-fpqq6a63tcbvka53bkcn5jm3usxqvqxp/spack-src/src/mat/impls/aij\n             /mpi/superlu_dist/superlu_dist.c:6:\n  >> 2949    /tmp/koparasy/spack-stage/spack-stage-petsc-3.6.4-fpqq6a63tcbvka53\n             bkcn5jm3usxqvqxp/spack-src/src/mat/impls/aij/mpi/superlu_dist/supe",
            "post_context": "             not a structure or union\n     2950      548 |   ierr = PetscOptionsBool(\"-mat_superlu_dist_equil\",\"Equil\n             ibrate matrix\",\"None\",options.Equil ? PETSC_TRUE : PETSC_FALSE,&fl\n             g,&set);CHKERRQ(ierr);\n     2951          |\n                                          ^"
      },
      {
            "phase": "N/A",
            "source_file": "             rlu_dist.c",
            "source_line_no": "5",
            "line_no": 1802,
            "repeat_count": 0,
            "start": 1796,
            "end": 1809,
            "text": "rlu_dist.c:549:27: error: request for member 'Equil' in something",
            "pre_context": "     2953      246 | #define PetscOptionsBool(a,b,c,d,e,f) PetscOptionsBool_Pri\n             vate(PetscOptionsObject,a,b,c,d,e,f)\n     2954          |\n                                           ^\n  >> 2955    /tmp/koparasy/spack-stage/spack-stage-petsc-3.6.4-fpqq6a63tcbvka53\n             bkcn5jm3usxqvqxp/spack-src/src/mat/impls/aij/mpi/superlu_dist/supe",
            "post_context": "             not a structure or union\n     2956      549 |   if (set && !flg) options.Equil = NO;\n     2957          |                           ^\n  >> 2958    /tmp/koparasy/spack-stage/spack-stage-petsc-3.6.4-fpqq6a63tcbvka53\n             bkcn5jm3usxqvqxp/spack-src/src/mat/impls/aij/mpi/superlu_dist/supe\n             rlu_dist.c:555:14: error: request for member 'RowPerm' in somethin"
      },
      {
            "phase": "N/A",
            "source_file": "             rlu_dist.c",
            "source_line_no": "5",
            "line_no": 1808,
            "repeat_count": 0,
            "start": 1802,
            "end": 1815,
            "text": "rlu_dist.c:555:14: error: request for member 'RowPerm' in somethin",
            "pre_context": "             rlu_dist.c:549:27: error: request for member 'Equil' in something\n             not a structure or union\n     2956      549 |   if (set && !flg) options.Equil = NO;\n     2957          |                           ^\n  >> 2958    /tmp/koparasy/spack-stage/spack-stage-petsc-3.6.4-fpqq6a63tcbvka53\n             bkcn5jm3usxqvqxp/spack-src/src/mat/impls/aij/mpi/superlu_dist/supe",
            "post_context": "             g not a structure or union\n     2959      555 |       options.RowPerm = LargeDiag;\n     2960          |              ^\n  >> 2961    /tmp/koparasy/spack-stage/spack-stage-petsc-3.6.4-fpqq6a63tcbvka53\n             bkcn5jm3usxqvqxp/spack-src/src/mat/impls/aij/mpi/superlu_dist/supe\n             rlu_dist.c:555:25: error: 'LargeDiag' undeclared (first use in thi"
      },
      {
            "phase": "N/A",
            "source_file": "             rlu_dist.c",
            "source_line_no": "5",
            "line_no": 1814,
            "repeat_count": 0,
            "start": 1808,
            "end": 1821,
            "text": "rlu_dist.c:555:25: error: 'LargeDiag' undeclared (first use in thi",
            "pre_context": "             rlu_dist.c:555:14: error: request for member 'RowPerm' in somethin\n             g not a structure or union\n     2959      555 |       options.RowPerm = LargeDiag;\n     2960          |              ^\n  >> 2961    /tmp/koparasy/spack-stage/spack-stage-petsc-3.6.4-fpqq6a63tcbvka53\n             bkcn5jm3usxqvqxp/spack-src/src/mat/impls/aij/mpi/superlu_dist/supe",
            "post_context": "             s function); did you mean 'LargeDiag_HWPM'?\n     2962      555 |       options.RowPerm = LargeDiag;\n     2963          |                         ^~~~~~~~~\n     2964          |                         LargeDiag_HWPM\n     2965    /tmp/koparasy/spack-stage/spack-stage-petsc-3.6.4-fpqq6a63tcbvka53\n             bkcn5jm3usxqvqxp/spack-src/src/mat/impls/aij/mpi/superlu_dist/supe"
      },
      {
            "phase": "N/A",
            "source_file": "             rlu_dist.c",
            "source_line_no": "5",
            "line_no": 1825,
            "repeat_count": 0,
            "start": 1819,
            "end": 1832,
            "text": "rlu_dist.c:558:14: error: request for member 'RowPerm' in somethin",
            "pre_context": "     2965    /tmp/koparasy/spack-stage/spack-stage-petsc-3.6.4-fpqq6a63tcbvka53\n             bkcn5jm3usxqvqxp/spack-src/src/mat/impls/aij/mpi/superlu_dist/supe\n             rlu_dist.c:555:25: note: each undeclared identifier is reported on\n             ly once for each function it appears in\n  >> 2966    /tmp/koparasy/spack-stage/spack-stage-petsc-3.6.4-fpqq6a63tcbvka53\n             bkcn5jm3usxqvqxp/spack-src/src/mat/impls/aij/mpi/superlu_dist/supe",
            "post_context": "             g not a structure or union\n     2967      558 |       options.RowPerm = NOROWPERM;\n     2968          |              ^\n  >> 2969    /tmp/koparasy/spack-stage/spack-stage-petsc-3.6.4-fpqq6a63tcbvka53\n             bkcn5jm3usxqvqxp/spack-src/src/mat/impls/aij/mpi/superlu_dist/supe\n             rlu_dist.c:567:14: error: request for member 'ColPerm' in somethin"
      },
      {
            "phase": "N/A",
            "source_file": "             rlu_dist.c",
            "source_line_no": "5",
            "line_no": 1831,
            "repeat_count": 0,
            "start": 1825,
            "end": 1838,
            "text": "rlu_dist.c:567:14: error: request for member 'ColPerm' in somethin",
            "pre_context": "             rlu_dist.c:558:14: error: request for member 'RowPerm' in somethin\n             g not a structure or union\n     2967      558 |       options.RowPerm = NOROWPERM;\n     2968          |              ^\n  >> 2969    /tmp/koparasy/spack-stage/spack-stage-petsc-3.6.4-fpqq6a63tcbvka53\n             bkcn5jm3usxqvqxp/spack-src/src/mat/impls/aij/mpi/superlu_dist/supe",
            "post_context": "             g not a structure or union\n     2970      567 |       options.ColPerm = NATURAL;\n     2971          |              ^\n  >> 2972    /tmp/koparasy/spack-stage/spack-stage-petsc-3.6.4-fpqq6a63tcbvka53\n             bkcn5jm3usxqvqxp/spack-src/src/mat/impls/aij/mpi/superlu_dist/supe\n             rlu_dist.c:570:14: error: request for member 'ColPerm' in somethin"
      },
      {
            "phase": "N/A",
            "source_file": "             rlu_dist.c",
            "source_line_no": "5",
            "line_no": 1837,
            "repeat_count": 0,
            "start": 1831,
            "end": 1844,
            "text": "rlu_dist.c:570:14: error: request for member 'ColPerm' in somethin",
            "pre_context": "             rlu_dist.c:567:14: error: request for member 'ColPerm' in somethin\n             g not a structure or union\n     2970      567 |       options.ColPerm = NATURAL;\n     2971          |              ^\n  >> 2972    /tmp/koparasy/spack-stage/spack-stage-petsc-3.6.4-fpqq6a63tcbvka53\n             bkcn5jm3usxqvqxp/spack-src/src/mat/impls/aij/mpi/superlu_dist/supe",
            "post_context": "             g not a structure or union\n     2973      570 |       options.ColPerm = MMD_AT_PLUS_A;\n     2974          |              ^\n  >> 2975    /tmp/koparasy/spack-stage/spack-stage-petsc-3.6.4-fpqq6a63tcbvka53\n             bkcn5jm3usxqvqxp/spack-src/src/mat/impls/aij/mpi/superlu_dist/supe\n             rlu_dist.c:573:14: error: request for member 'ColPerm' in somethin"
      },
      {
            "phase": "N/A",
            "source_file": "             rlu_dist.c",
            "source_line_no": "5",
            "line_no": 1843,
            "repeat_count": 0,
            "start": 1837,
            "end": 1850,
            "text": "rlu_dist.c:573:14: error: request for member 'ColPerm' in somethin",
            "pre_context": "             rlu_dist.c:570:14: error: request for member 'ColPerm' in somethin\n             g not a structure or union\n     2973      570 |       options.ColPerm = MMD_AT_PLUS_A;\n     2974          |              ^\n  >> 2975    /tmp/koparasy/spack-stage/spack-stage-petsc-3.6.4-fpqq6a63tcbvka53\n             bkcn5jm3usxqvqxp/spack-src/src/mat/impls/aij/mpi/superlu_dist/supe",
            "post_context": "             g not a structure or union\n     2976      573 |       options.ColPerm = MMD_ATA;\n     2977          |              ^\n  >> 2978    /tmp/koparasy/spack-stage/spack-stage-petsc-3.6.4-fpqq6a63tcbvka53\n             bkcn5jm3usxqvqxp/spack-src/src/mat/impls/aij/mpi/superlu_dist/supe\n             rlu_dist.c:576:14: error: request for member 'ColPerm' in somethin"
      },
      {
            "phase": "N/A",
            "source_file": "             rlu_dist.c",
            "source_line_no": "5",
            "line_no": 1849,
            "repeat_count": 0,
            "start": 1843,
            "end": 1856,
            "text": "rlu_dist.c:576:14: error: request for member 'ColPerm' in somethin",
            "pre_context": "             rlu_dist.c:573:14: error: request for member 'ColPerm' in somethin\n             g not a structure or union\n     2976      573 |       options.ColPerm = MMD_ATA;\n     2977          |              ^\n  >> 2978    /tmp/koparasy/spack-stage/spack-stage-petsc-3.6.4-fpqq6a63tcbvka53\n             bkcn5jm3usxqvqxp/spack-src/src/mat/impls/aij/mpi/superlu_dist/supe",
            "post_context": "             g not a structure or union\n     2979      576 |       options.ColPerm = METIS_AT_PLUS_A;\n     2980          |              ^\n  >> 2981    /tmp/koparasy/spack-stage/spack-stage-petsc-3.6.4-fpqq6a63tcbvka53\n             bkcn5jm3usxqvqxp/spack-src/src/mat/impls/aij/mpi/superlu_dist/supe\n             rlu_dist.c:579:14: error: request for member 'ColPerm' in somethin"
      },
      {
            "phase": "N/A",
            "source_file": "             rlu_dist.c",
            "source_line_no": "5",
            "line_no": 1855,
            "repeat_count": 0,
            "start": 1849,
            "end": 1862,
            "text": "rlu_dist.c:579:14: error: request for member 'ColPerm' in somethin",
            "pre_context": "             rlu_dist.c:576:14: error: request for member 'ColPerm' in somethin\n             g not a structure or union\n     2979      576 |       options.ColPerm = METIS_AT_PLUS_A;\n     2980          |              ^\n  >> 2981    /tmp/koparasy/spack-stage/spack-stage-petsc-3.6.4-fpqq6a63tcbvka53\n             bkcn5jm3usxqvqxp/spack-src/src/mat/impls/aij/mpi/superlu_dist/supe",
            "post_context": "             g not a structure or union\n     2982      579 |       options.ColPerm = PARMETIS;   /* only works for np>1\n              */\n     2983          |              ^\n     2984    In file included from /tmp/koparasy/spack-stage/spack-stage-petsc-\n             3.6.4-fpqq6a63tcbvka53bkcn5jm3usxqvqxp/spack-src/include/petscsys."
      },
      {
            "phase": "N/A",
            "source_file": "             rlu_dist.c",
            "source_line_no": "5",
            "line_no": 1883,
            "repeat_count": 0,
            "start": 1877,
            "end": 1890,
            "text": "rlu_dist.c:586:100: error: request for member 'ReplaceTinyPivot' i",
            "pre_context": "             t/impls/aij/seq/aij.h:5,\n     2990                     from /tmp/koparasy/spack-stage/spack-stage-petsc-\n             3.6.4-fpqq6a63tcbvka53bkcn5jm3usxqvqxp/spack-src/src/mat/impls/aij\n             /mpi/superlu_dist/superlu_dist.c:6:\n  >> 2991    /tmp/koparasy/spack-stage/spack-stage-petsc-3.6.4-fpqq6a63tcbvka53\n             bkcn5jm3usxqvqxp/spack-src/src/mat/impls/aij/mpi/superlu_dist/supe",
            "post_context": "             n something not a structure or union\n     2992      586 |   ierr = PetscOptionsBool(\"-mat_superlu_dist_replacetinypi\n             vot\",\"Replace tiny pivots\",\"None\",options.ReplaceTinyPivot ? PETSC\n             _TRUE : PETSC_FALSE,&flg,&set);CHKERRQ(ierr);\n     2993          |\n                                                      ^"
      },
      {
            "phase": "N/A",
            "source_file": "             rlu_dist.c",
            "source_line_no": "5",
            "line_no": 1899,
            "repeat_count": 0,
            "start": 1893,
            "end": 1906,
            "text": "rlu_dist.c:587:27: error: request for member 'ReplaceTinyPivot' in",
            "pre_context": "     2995      246 | #define PetscOptionsBool(a,b,c,d,e,f) PetscOptionsBool_Pri\n             vate(PetscOptionsObject,a,b,c,d,e,f)\n     2996          |\n                                           ^\n  >> 2997    /tmp/koparasy/spack-stage/spack-stage-petsc-3.6.4-fpqq6a63tcbvka53\n             bkcn5jm3usxqvqxp/spack-src/src/mat/impls/aij/mpi/superlu_dist/supe",
            "post_context": "              something not a structure or union\n     2998      587 |   if (set && !flg) options.ReplaceTinyPivot = NO;\n     2999          |                           ^\n  >> 3000    /tmp/koparasy/spack-stage/spack-stage-petsc-3.6.4-fpqq6a63tcbvka53\n             bkcn5jm3usxqvqxp/spack-src/src/mat/impls/aij/mpi/superlu_dist/supe\n             rlu_dist.c:589:10: error: request for member 'ParSymbFact' in some"
      },
      {
            "phase": "N/A",
            "source_file": "             rlu_dist.c",
            "source_line_no": "5",
            "line_no": 1905,
            "repeat_count": 0,
            "start": 1899,
            "end": 1912,
            "text": "rlu_dist.c:589:10: error: request for member 'ParSymbFact' in some",
            "pre_context": "             rlu_dist.c:587:27: error: request for member 'ReplaceTinyPivot' in\n              something not a structure or union\n     2998      587 |   if (set && !flg) options.ReplaceTinyPivot = NO;\n     2999          |                           ^\n  >> 3000    /tmp/koparasy/spack-stage/spack-stage-petsc-3.6.4-fpqq6a63tcbvka53\n             bkcn5jm3usxqvqxp/spack-src/src/mat/impls/aij/mpi/superlu_dist/supe",
            "post_context": "             thing not a structure or union\n     3001      589 |   options.ParSymbFact = NO;\n     3002          |          ^\n  >> 3003    /tmp/koparasy/spack-stage/spack-stage-petsc-3.6.4-fpqq6a63tcbvka53\n             bkcn5jm3usxqvqxp/spack-src/src/mat/impls/aij/mpi/superlu_dist/supe\n             rlu_dist.c:599:14: error: request for member 'ParSymbFact' in some"
      },
      {
            "phase": "N/A",
            "source_file": "             rlu_dist.c",
            "source_line_no": "5",
            "line_no": 1911,
            "repeat_count": 0,
            "start": 1905,
            "end": 1918,
            "text": "rlu_dist.c:599:14: error: request for member 'ParSymbFact' in some",
            "pre_context": "             rlu_dist.c:589:10: error: request for member 'ParSymbFact' in some\n             thing not a structure or union\n     3001      589 |   options.ParSymbFact = NO;\n     3002          |          ^\n  >> 3003    /tmp/koparasy/spack-stage/spack-stage-petsc-3.6.4-fpqq6a63tcbvka53\n             bkcn5jm3usxqvqxp/spack-src/src/mat/impls/aij/mpi/superlu_dist/supe",
            "post_context": "             thing not a structure or union\n     3004      599 |       options.ParSymbFact = YES;\n     3005          |              ^\n  >> 3006    /tmp/koparasy/spack-stage/spack-stage-petsc-3.6.4-fpqq6a63tcbvka53\n             bkcn5jm3usxqvqxp/spack-src/src/mat/impls/aij/mpi/superlu_dist/supe\n             rlu_dist.c:600:14: error: request for member 'ColPerm' in somethin"
      },
      {
            "phase": "N/A",
            "source_file": "             rlu_dist.c",
            "source_line_no": "6",
            "line_no": 1917,
            "repeat_count": 0,
            "start": 1911,
            "end": 1924,
            "text": "rlu_dist.c:600:14: error: request for member 'ColPerm' in somethin",
            "pre_context": "             rlu_dist.c:599:14: error: request for member 'ParSymbFact' in some\n             thing not a structure or union\n     3004      599 |       options.ParSymbFact = YES;\n     3005          |              ^\n  >> 3006    /tmp/koparasy/spack-stage/spack-stage-petsc-3.6.4-fpqq6a63tcbvka53\n             bkcn5jm3usxqvqxp/spack-src/src/mat/impls/aij/mpi/superlu_dist/supe",
            "post_context": "             g not a structure or union\n     3007      600 |       options.ColPerm     = PARMETIS;   /* in v2.2, PARMET\n             IS is forced for ParSymbFact regardless of user ordering setting *\n             /\n     3008          |              ^\n  >> 3009    /tmp/koparasy/spack-stage/spack-stage-petsc-3.6.4-fpqq6a63tcbvka53"
      },
      {
            "phase": "N/A",
            "source_file": "             rlu_dist.c",
            "source_line_no": "6",
            "line_no": 1925,
            "repeat_count": 0,
            "start": 1919,
            "end": 1932,
            "text": "rlu_dist.c:621:10: error: request for member 'IterRefine' in somet",
            "pre_context": "     3007      600 |       options.ColPerm     = PARMETIS;   /* in v2.2, PARMET\n             IS is forced for ParSymbFact regardless of user ordering setting *\n             /\n     3008          |              ^\n  >> 3009    /tmp/koparasy/spack-stage/spack-stage-petsc-3.6.4-fpqq6a63tcbvka53\n             bkcn5jm3usxqvqxp/spack-src/src/mat/impls/aij/mpi/superlu_dist/supe",
            "post_context": "             hing not a structure or union\n     3010      621 |   options.IterRefine = NOREFINE;\n     3011          |          ^\n     3012    In file included from /tmp/koparasy/spack-stage/spack-stage-petsc-\n             3.6.4-fpqq6a63tcbvka53bkcn5jm3usxqvqxp/spack-src/include/petscsys.\n             h:1640,"
      },
      {
            "phase": "N/A",
            "source_file": "             rlu_dist.c",
            "source_line_no": "6",
            "line_no": 1952,
            "repeat_count": 0,
            "start": 1946,
            "end": 1959,
            "text": "rlu_dist.c:622:113: error: request for member 'IterRefine' in some",
            "pre_context": "             t/impls/aij/seq/aij.h:5,\n     3018                     from /tmp/koparasy/spack-stage/spack-stage-petsc-\n             3.6.4-fpqq6a63tcbvka53bkcn5jm3usxqvqxp/spack-src/src/mat/impls/aij\n             /mpi/superlu_dist/superlu_dist.c:6:\n  >> 3019    /tmp/koparasy/spack-stage/spack-stage-petsc-3.6.4-fpqq6a63tcbvka53\n             bkcn5jm3usxqvqxp/spack-src/src/mat/impls/aij/mpi/superlu_dist/supe",
            "post_context": "             thing not a structure or union\n     3020      622 |   ierr               = PetscOptionsBool(\"-mat_superlu_dist\n             _iterrefine\",\"Use iterative refinement\",\"None\",options.IterRefine\n             == NOREFINE ? PETSC_FALSE : PETSC_TRUE ,&flg,&set);CHKERRQ(ierr);\n     3021          |\n                                                                   ^"
      },
      {
            "phase": "N/A",
            "source_file": "             rlu_dist.c",
            "source_line_no": "6",
            "line_no": 1968,
            "repeat_count": 0,
            "start": 1962,
            "end": 1975,
            "text": "rlu_dist.c:624:21: error: request for member 'IterRefine' in somet",
            "pre_context": "     3023      246 | #define PetscOptionsBool(a,b,c,d,e,f) PetscOptionsBool_Pri\n             vate(PetscOptionsObject,a,b,c,d,e,f)\n     3024          |\n                                           ^\n  >> 3025    /tmp/koparasy/spack-stage/spack-stage-petsc-3.6.4-fpqq6a63tcbvka53\n             bkcn5jm3usxqvqxp/spack-src/src/mat/impls/aij/mpi/superlu_dist/supe",
            "post_context": "             hing not a structure or union\n     3026      624 |     if (flg) options.IterRefine = SLU_DOUBLE;\n     3027          |                     ^\n  >> 3028    /tmp/koparasy/spack-stage/spack-stage-petsc-3.6.4-fpqq6a63tcbvka53\n             bkcn5jm3usxqvqxp/spack-src/src/mat/impls/aij/mpi/superlu_dist/supe\n             rlu_dist.c:625:17: error: request for member 'IterRefine' in somet"
      },
      {
            "phase": "N/A",
            "source_file": "             rlu_dist.c",
            "source_line_no": "6",
            "line_no": 1974,
            "repeat_count": 0,
            "start": 1968,
            "end": 1981,
            "text": "rlu_dist.c:625:17: error: request for member 'IterRefine' in somet",
            "pre_context": "             rlu_dist.c:624:21: error: request for member 'IterRefine' in somet\n             hing not a structure or union\n     3026      624 |     if (flg) options.IterRefine = SLU_DOUBLE;\n     3027          |                     ^\n  >> 3028    /tmp/koparasy/spack-stage/spack-stage-petsc-3.6.4-fpqq6a63tcbvka53\n             bkcn5jm3usxqvqxp/spack-src/src/mat/impls/aij/mpi/superlu_dist/supe",
            "post_context": "             hing not a structure or union\n     3029      625 |     else options.IterRefine = NOREFINE;\n     3030          |                 ^\n  >> 3031    /tmp/koparasy/spack-stage/spack-stage-petsc-3.6.4-fpqq6a63tcbvka53\n             bkcn5jm3usxqvqxp/spack-src/src/mat/impls/aij/mpi/superlu_dist/supe\n             rlu_dist.c:628:33: error: request for member 'PrintStat' in someth"
      },
      {
            "phase": "N/A",
            "source_file": "             rlu_dist.c",
            "source_line_no": "6",
            "line_no": 1980,
            "repeat_count": 0,
            "start": 1974,
            "end": 1987,
            "text": "rlu_dist.c:628:33: error: request for member 'PrintStat' in someth",
            "pre_context": "             rlu_dist.c:625:17: error: request for member 'IterRefine' in somet\n             hing not a structure or union\n     3029      625 |     else options.IterRefine = NOREFINE;\n     3030          |                 ^\n  >> 3031    /tmp/koparasy/spack-stage/spack-stage-petsc-3.6.4-fpqq6a63tcbvka53\n             bkcn5jm3usxqvqxp/spack-src/src/mat/impls/aij/mpi/superlu_dist/supe",
            "post_context": "             ing not a structure or union\n     3032      628 |   if (PetscLogPrintInfo) options.PrintStat = YES;\n     3033          |                                 ^\n  >> 3034    /tmp/koparasy/spack-stage/spack-stage-petsc-3.6.4-fpqq6a63tcbvka53\n             bkcn5jm3usxqvqxp/spack-src/src/mat/impls/aij/mpi/superlu_dist/supe\n             rlu_dist.c:629:15: error: request for member 'PrintStat' in someth"
      },
      {
            "phase": "N/A",
            "source_file": "             rlu_dist.c",
            "source_line_no": "6",
            "line_no": 1986,
            "repeat_count": 0,
            "start": 1980,
            "end": 1993,
            "text": "rlu_dist.c:629:15: error: request for member 'PrintStat' in someth",
            "pre_context": "             rlu_dist.c:628:33: error: request for member 'PrintStat' in someth\n             ing not a structure or union\n     3032      628 |   if (PetscLogPrintInfo) options.PrintStat = YES;\n     3033          |                                 ^\n  >> 3034    /tmp/koparasy/spack-stage/spack-stage-petsc-3.6.4-fpqq6a63tcbvka53\n             bkcn5jm3usxqvqxp/spack-src/src/mat/impls/aij/mpi/superlu_dist/supe",
            "post_context": "             ing not a structure or union\n     3035      629 |   else options.PrintStat = NO;\n     3036          |               ^\n     3037    /p/vast1/koparasy/BUILD/spack_cluster_installer/quartz/slepc/spack\n             _env_dir/linux-rhel7-broadwell/gcc-9.3.1/openmpi-4.1.2-jav4wqudjcg\n             7dsjv2bfmiftfzddznkg3/bin/mpicc -c -fPIC    -I/tmp/koparasy/spack-"
      },
      {
            "phase": "N/A",
            "source_file": "             rlu_dist.c",
            "source_line_no": "6",
            "line_no": 2037,
            "repeat_count": 0,
            "start": 2031,
            "end": 2044,
            "text": "rlu_dist.c:630:116: error: request for member 'PrintStat' in somet",
            "pre_context": "             t/impls/aij/seq/aij.h:5,\n     3044                     from /tmp/koparasy/spack-stage/spack-stage-petsc-\n             3.6.4-fpqq6a63tcbvka53bkcn5jm3usxqvqxp/spack-src/src/mat/impls/aij\n             /mpi/superlu_dist/superlu_dist.c:6:\n  >> 3045    /tmp/koparasy/spack-stage/spack-stage-petsc-3.6.4-fpqq6a63tcbvka53\n             bkcn5jm3usxqvqxp/spack-src/src/mat/impls/aij/mpi/superlu_dist/supe",
            "post_context": "             hing not a structure or union\n     3046      630 |   ierr = PetscOptionsBool(\"-mat_superlu_dist_statprint\",\"P\n             rint factorization information\",\"None\",(PetscBool)options.PrintSta\n             t,(PetscBool*)&options.PrintStat,NULL);CHKERRQ(ierr);\n     3047          |\n                                                                      ^"
      },
      {
            "phase": "N/A",
            "source_file": "             rlu_dist.c",
            "source_line_no": "6",
            "line_no": 2053,
            "repeat_count": 0,
            "start": 2047,
            "end": 2060,
            "text": "rlu_dist.c:630:147: error: request for member 'PrintStat' in somet",
            "pre_context": "     3049      246 | #define PetscOptionsBool(a,b,c,d,e,f) PetscOptionsBool_Pri\n             vate(PetscOptionsObject,a,b,c,d,e,f)\n     3050          |\n                                           ^\n  >> 3051    /tmp/koparasy/spack-stage/spack-stage-petsc-3.6.4-fpqq6a63tcbvka53\n             bkcn5jm3usxqvqxp/spack-src/src/mat/impls/aij/mpi/superlu_dist/supe",
            "post_context": "             hing not a structure or union\n     3052      630 |   ierr = PetscOptionsBool(\"-mat_superlu_dist_statprint\",\"P\n             rint factorization information\",\"None\",(PetscBool)options.PrintSta\n             t,(PetscBool*)&options.PrintStat,NULL);CHKERRQ(ierr);\n     3053          |\n"
      },
      {
            "phase": "N/A",
            "source_file": "             rlu_dist.c",
            "source_line_no": "6",
            "line_no": 2070,
            "repeat_count": 0,
            "start": 2064,
            "end": 2077,
            "text": "rlu_dist.c:634:14: error: request for member 'Fact' in something n",
            "pre_context": "     3055      246 | #define PetscOptionsBool(a,b,c,d,e,f) PetscOptionsBool_Pri\n             vate(PetscOptionsObject,a,b,c,d,e,f)\n     3056          |\n                                             ^\n  >> 3057    /tmp/koparasy/spack-stage/spack-stage-petsc-3.6.4-fpqq6a63tcbvka53\n             bkcn5jm3usxqvqxp/spack-src/src/mat/impls/aij/mpi/superlu_dist/supe",
            "post_context": "             ot a structure or union\n     3058      634 |   lu->options.Fact         = DOFACT;\n     3059          |              ^\n     3060    /tmp/koparasy/spack-stage/spack-stage-petsc-3.6.4-fpqq6a63tcbvka53\n             bkcn5jm3usxqvqxp/spack-src/src/mat/impls/aij/mpi/superlu_dist/supe\n             rlu_dist.c: In function 'MatFactorInfo_SuperLU_DIST':"
      },
      {
            "phase": "N/A",
            "source_file": "             rlu_dist.c",
            "source_line_no": "6",
            "line_no": 2079,
            "repeat_count": 0,
            "start": 2073,
            "end": 2086,
            "text": "rlu_dist.c:658:3: error: unknown type name 'superlu_options_t'; di",
            "pre_context": "     3059          |              ^\n     3060    /tmp/koparasy/spack-stage/spack-stage-petsc-3.6.4-fpqq6a63tcbvka53\n             bkcn5jm3usxqvqxp/spack-src/src/mat/impls/aij/mpi/superlu_dist/supe\n             rlu_dist.c: In function 'MatFactorInfo_SuperLU_DIST':\n  >> 3061    /tmp/koparasy/spack-stage/spack-stage-petsc-3.6.4-fpqq6a63tcbvka53\n             bkcn5jm3usxqvqxp/spack-src/src/mat/impls/aij/mpi/superlu_dist/supe",
            "post_context": "             d you mean 'superlu_dist_options_t'?\n     3062      658 |   superlu_options_t options;\n     3063          |   ^~~~~~~~~~~~~~~~~\n     3064          |   superlu_dist_options_t\n  >> 3065    /tmp/koparasy/spack-stage/spack-stage-petsc-3.6.4-fpqq6a63tcbvka53\n             bkcn5jm3usxqvqxp/spack-src/src/mat/impls/aij/mpi/superlu_dist/supe"
      },
      {
            "phase": "N/A",
            "source_file": "             rlu_dist.c",
            "source_line_no": "6",
            "line_no": 2086,
            "repeat_count": 0,
            "start": 2080,
            "end": 2093,
            "text": "rlu_dist.c:668:90: error: request for member 'Equil' in something",
            "pre_context": "             d you mean 'superlu_dist_options_t'?\n     3062      658 |   superlu_options_t options;\n     3063          |   ^~~~~~~~~~~~~~~~~\n     3064          |   superlu_dist_options_t\n  >> 3065    /tmp/koparasy/spack-stage/spack-stage-petsc-3.6.4-fpqq6a63tcbvka53\n             bkcn5jm3usxqvqxp/spack-src/src/mat/impls/aij/mpi/superlu_dist/supe",
            "post_context": "             not a structure or union\n     3066      668 |   ierr    = PetscViewerASCIIPrintf(viewer,\"  Equilibrate m\n             atrix %s \\n\",PetscBools[options.Equil != NO]);CHKERRQ(ierr);\n     3067          |\n                                            ^\n  >> 3068    /tmp/koparasy/spack-stage/spack-stage-petsc-3.6.4-fpqq6a63tcbvka53"
      },
      {
            "phase": "N/A",
            "source_file": "             rlu_dist.c",
            "source_line_no": "6",
            "line_no": 2094,
            "repeat_count": 0,
            "start": 2088,
            "end": 2101,
            "text": "rlu_dist.c:670:91: error: request for member 'ReplaceTinyPivot' in",
            "pre_context": "     3066      668 |   ierr    = PetscViewerASCIIPrintf(viewer,\"  Equilibrate m\n             atrix %s \\n\",PetscBools[options.Equil != NO]);CHKERRQ(ierr);\n     3067          |\n                                            ^\n  >> 3068    /tmp/koparasy/spack-stage/spack-stage-petsc-3.6.4-fpqq6a63tcbvka53\n             bkcn5jm3usxqvqxp/spack-src/src/mat/impls/aij/mpi/superlu_dist/supe",
            "post_context": "              something not a structure or union\n     3069      670 |   ierr    = PetscViewerASCIIPrintf(viewer,\"  Replace tiny\n             pivots %s \\n\",PetscBools[options.ReplaceTinyPivot != NO]);CHKERRQ(\n             ierr);\n     3070          |\n                                             ^"
      },
      {
            "phase": "N/A",
            "source_file": "             rlu_dist.c",
            "source_line_no": "6",
            "line_no": 2103,
            "repeat_count": 0,
            "start": 2097,
            "end": 2110,
            "text": "rlu_dist.c:671:96: error: request for member 'IterRefine' in somet",
            "pre_context": "             pivots %s \\n\",PetscBools[options.ReplaceTinyPivot != NO]);CHKERRQ(\n             ierr);\n     3070          |\n                                             ^\n  >> 3071    /tmp/koparasy/spack-stage/spack-stage-petsc-3.6.4-fpqq6a63tcbvka53\n             bkcn5jm3usxqvqxp/spack-src/src/mat/impls/aij/mpi/superlu_dist/supe",
            "post_context": "             hing not a structure or union\n     3072      671 |   ierr    = PetscViewerASCIIPrintf(viewer,\"  Use iterative\n              refinement %s \\n\",PetscBools[options.IterRefine == SLU_DOUBLE]);C\n             HKERRQ(ierr);\n     3073          |\n                                                  ^"
      },
      {
            "phase": "N/A",
            "source_file": "             rlu_dist.c",
            "source_line_no": "6",
            "line_no": 2112,
            "repeat_count": 0,
            "start": 2106,
            "end": 2119,
            "text": "rlu_dist.c:673:77: error: request for member 'RowPerm' in somethin",
            "pre_context": "              refinement %s \\n\",PetscBools[options.IterRefine == SLU_DOUBLE]);C\n             HKERRQ(ierr);\n     3073          |\n                                                  ^\n  >> 3074    /tmp/koparasy/spack-stage/spack-stage-petsc-3.6.4-fpqq6a63tcbvka53\n             bkcn5jm3usxqvqxp/spack-src/src/mat/impls/aij/mpi/superlu_dist/supe",
            "post_context": "             g not a structure or union\n     3075      673 |   ierr    = PetscViewerASCIIPrintf(viewer,\"  Row permutati\n             on %s \\n\",(options.RowPerm == NOROWPERM) ? \"NATURAL\" : \"LargeDiag\"\n             );CHKERRQ(ierr);\n     3076          |\n                               ^"
      },
      {
            "phase": "N/A",
            "source_file": "             rlu_dist.c",
            "source_line_no": "6",
            "line_no": 2121,
            "repeat_count": 0,
            "start": 2115,
            "end": 2128,
            "text": "rlu_dist.c:675:18: error: request for member 'ColPerm' in somethin",
            "pre_context": "             on %s \\n\",(options.RowPerm == NOROWPERM) ? \"NATURAL\" : \"LargeDiag\"\n             );CHKERRQ(ierr);\n     3076          |\n                               ^\n  >> 3077    /tmp/koparasy/spack-stage/spack-stage-petsc-3.6.4-fpqq6a63tcbvka53\n             bkcn5jm3usxqvqxp/spack-src/src/mat/impls/aij/mpi/superlu_dist/supe",
            "post_context": "             g not a structure or union\n     3078      675 |   switch (options.ColPerm) {\n     3079          |                  ^\n  >> 3080    /tmp/koparasy/spack-stage/spack-stage-petsc-3.6.4-fpqq6a63tcbvka53\n             bkcn5jm3usxqvqxp/spack-src/src/mat/impls/aij/mpi/superlu_dist/supe\n             rlu_dist.c:695:100: error: request for member 'ParSymbFact' in som"
      },
      {
            "phase": "N/A",
            "source_file": "             rlu_dist.c",
            "source_line_no": "6",
            "line_no": 2127,
            "repeat_count": 0,
            "start": 2121,
            "end": 2134,
            "text": "rlu_dist.c:695:100: error: request for member 'ParSymbFact' in som",
            "pre_context": "             rlu_dist.c:675:18: error: request for member 'ColPerm' in somethin\n             g not a structure or union\n     3078      675 |   switch (options.ColPerm) {\n     3079          |                  ^\n  >> 3080    /tmp/koparasy/spack-stage/spack-stage-petsc-3.6.4-fpqq6a63tcbvka53\n             bkcn5jm3usxqvqxp/spack-src/src/mat/impls/aij/mpi/superlu_dist/supe",
            "post_context": "             ething not a structure or union\n     3081      695 |   ierr = PetscViewerASCIIPrintf(viewer,\"  Parallel symboli\n             c factorization %s \\n\",PetscBools[options.ParSymbFact != NO]);CHKE\n             RRQ(ierr);\n     3082          |\n                                                      ^"
      },
      {
            "phase": "N/A",
            "source_file": [
                  null
            ],
            "source_line_no": 0,
            "line_no": 2211,
            "repeat_count": 0,
            "start": 2205,
            "end": 2218,
            "text": ">> 3089    gmake[1]: *** [gnumake] Error 2",
            "pre_context": "             rch-linux2-c-opt/obj/src/dm/impls/da/dalocal.o\n  >> 3086    gmake[2]: *** [arch-linux2-c-opt/obj/src/mat/impls/aij/mpi/superlu\n             _dist/superlu_dist.o] Error 1\n     3087    gmake[2]: *** Waiting for unfinished jobs....\n     3088    gmake[2]: Leaving directory `/tmp/koparasy/spack-stage/spack-stage\n             -petsc-3.6.4-fpqq6a63tcbvka53bkcn5jm3usxqvqxp/spack-src'",
            "post_context": "     3090    gmake[1]: Leaving directory `/tmp/koparasy/spack-stage/spack-stage\n             -petsc-3.6.4-fpqq6a63tcbvka53bkcn5jm3usxqvqxp/spack-src'\n     3091    **************************ERROR***********************************\n             **\n     3092      Error during compile, check arch-linux2-c-opt/lib/petsc/conf/mak\n             e.log"
      },
      {
            "phase": "N/A",
            "source_file": [
                  null
            ],
            "source_line_no": 0,
            "line_no": 2222,
            "repeat_count": 0,
            "start": 2216,
            "end": 2229,
            "text": ">> 3095    make: *** [all] Error 1",
            "pre_context": "     3092      Error during compile, check arch-linux2-c-opt/lib/petsc/conf/mak\n             e.log\n     3093      Send it and arch-linux2-c-opt/lib/petsc/conf/configure.log to pe\n             tsc-maint@mcs.anl.gov\n     3094    ******************************************************************\n             **",
            "post_context": "\nSee build log for details:\n  /var/tmp/koparasy/spack-stage/spack-stage-petsc-3.6.4-fpqq6a63tcbvka53bkcn5jm3usxqvqxp/spack-build-out.txt\n\nTraceback (most recent call last):\n  File \"/p/vast1/koparasy/BUILD/head/spack/lib/spack/spack/build_environment.py\", line 1035, in _setup_pkg_and_run"
      },
      {
            "phase": "N/A",
            "source_file": [
                  null
            ],
            "source_line_no": 0,
            "line_no": 1143,
            "repeat_count": 0,
            "start": 1137,
            "end": 1150,
            "text": "==> [2022-01-14-21:18:08.753306] Error: OSError: No such file or directory: '/var/tmp/koparasy/spack-stage/spack-stage-petsc-3.10.4-vaaa6e5lmsodculuglsxuwwt4finhlaf/spack-src/src/ksp/ksp/tutorials'",
            "pre_context": "==> [2022-01-14-21:09:14.849510] found link dirs: /usr/tce/packages/gcc/gcc-9.3.1/rh/usr/lib/gcc/x86_64-redhat-linux/9, /usr/tce/packages/gcc/gcc-9.3.1/rh/usr/lib/gcc, /usr/tce/packages/gcc/gcc-9.3.1/rh/usr/lib64, /lib64, /usr/lib64, /usr/tce/packages/gcc/gcc-9.3.1/rh/usr/lib\n==> [2022-01-14-21:09:15.274479] Staging archive: /var/tmp/koparasy/spack-stage/spack-stage-petsc-3.10.4-vaaa6e5lmsodculuglsxuwwt4finhlaf/petsc-3.10.4.tar.gz\n==> [2022-01-14-21:09:15.277566] '/usr/bin/tar' '-oxf' '/var/tmp/koparasy/spack-stage/spack-stage-petsc-3.10.4-vaaa6e5lmsodculuglsxuwwt4finhlaf/petsc-3.10.4.tar.gz'\n==> [2022-01-14-21:09:16.486760] Created stage in /var/tmp/koparasy/spack-stage/spack-stage-petsc-3.10.4-vaaa6e5lmsodculuglsxuwwt4finhlaf\n==> [2022-01-14-21:09:16.498427] '/usr/bin/patch' '-s' '-p' '1' '-i' '/p/vast1/koparasy/BUILD/head/spack/var/spack/repos/builtin/packages/petsc/xcode_stub_out_of_sync.patch' '-d' '.'\n==> [2022-01-14-21:09:16.507040] petsc: Building petsc-3.10.4-sem63lb73jpu2gmjd5ks5gia4ao7ttr4 [Package]",
            "post_context": "\n/p/vast1/koparasy/BUILD/head/spack/lib/spack/spack/package.py:1781, in cache_extra_test_sources:\n       1778            if os.path.isdir(src_path):\n       1779                fsys.install_tree(src_path, dest_path)\n       1780            else:\n  >>   1781                fsys.mkdirp(os.path.dirname(dest_path))"
      },
      {
            "phase": "N/A",
            "source_file": [
                  null
            ],
            "source_line_no": 0,
            "line_no": 1172,
            "repeat_count": 0,
            "start": 1166,
            "end": 1177,
            "text": "OSError: No such file or directory: '/var/tmp/koparasy/spack-stage/spack-stage-petsc-3.10.4-vaaa6e5lmsodculuglsxuwwt4finhlaf/spack-src/src/ksp/ksp/tutorials'",
            "pre_context": "  File \"/p/vast1/koparasy/BUILD/head/spack/var/spack/repos/builtin/packages/petsc/package.py\", line 585, in setup_build_tests\n    self.cache_extra_test_sources('src/snes/tutorials')\n  File \"/p/vast1/koparasy/BUILD/head/spack/lib/spack/spack/package.py\", line 1782, in cache_extra_test_sources\n    fsys.copy(src_path, dest_path)\n  File \"/p/vast1/koparasy/BUILD/head/spack/lib/spack/llnl/util/filesystem.py\", line 376, in copy\n    raise IOError(\"No such file or directory: '{0}'\".format(src))",
            "post_context": "==> [2022-01-14-21:18:08.753669] Flagging petsc-3.10.4-sem63lb73jpu2gmjd5ks5gia4ao7ttr4 as failed: OSError: No such file or directory: '/var/tmp/koparasy/spack-stage/spack-stage-petsc-3.10.4-vaaa6e5lmsodculuglsxuwwt4finhlaf/spack-src/src/ksp/ksp/tutorials'\n==> [2022-01-14-21:18:43.474439] Skip view update, this environment does not maintain a view\n==> [2022-01-14-21:18:43.527870] ChildError: OSError: No such file or directory: '/var/tmp/koparasy/spack-stage/spack-stage-petsc-3.10.4-vaaa6e5lmsodculuglsxuwwt4finhlaf/spack-src/src/ksp/ksp/tutorials'\n"
      },
      {
            "phase": "N/A",
            "source_file": [
                  null
            ],
            "source_line_no": 0,
            "line_no": 1173,
            "repeat_count": 0,
            "start": 1167,
            "end": 1177,
            "text": "==> [2022-01-14-21:18:08.753669] Flagging petsc-3.10.4-sem63lb73jpu2gmjd5ks5gia4ao7ttr4 as failed: OSError: No such file or directory: '/var/tmp/koparasy/spack-stage/spack-stage-petsc-3.10.4-vaaa6e5lmsodculuglsxuwwt4finhlaf/spack-src/src/ksp/ksp/tutorials'",
            "pre_context": "    self.cache_extra_test_sources('src/snes/tutorials')\n  File \"/p/vast1/koparasy/BUILD/head/spack/lib/spack/spack/package.py\", line 1782, in cache_extra_test_sources\n    fsys.copy(src_path, dest_path)\n  File \"/p/vast1/koparasy/BUILD/head/spack/lib/spack/llnl/util/filesystem.py\", line 376, in copy\n    raise IOError(\"No such file or directory: '{0}'\".format(src))\nOSError: No such file or directory: '/var/tmp/koparasy/spack-stage/spack-stage-petsc-3.10.4-vaaa6e5lmsodculuglsxuwwt4finhlaf/spack-src/src/ksp/ksp/tutorials'",
            "post_context": "==> [2022-01-14-21:18:43.474439] Skip view update, this environment does not maintain a view\n==> [2022-01-14-21:18:43.527870] ChildError: OSError: No such file or directory: '/var/tmp/koparasy/spack-stage/spack-stage-petsc-3.10.4-vaaa6e5lmsodculuglsxuwwt4finhlaf/spack-src/src/ksp/ksp/tutorials'\n"
      },
      {
            "phase": "N/A",
            "source_file": [
                  null
            ],
            "source_line_no": 0,
            "line_no": 1175,
            "repeat_count": 0,
            "start": 1169,
            "end": 1177,
            "text": "==> [2022-01-14-21:18:43.527870] ChildError: OSError: No such file or directory: '/var/tmp/koparasy/spack-stage/spack-stage-petsc-3.10.4-vaaa6e5lmsodculuglsxuwwt4finhlaf/spack-src/src/ksp/ksp/tutorials'",
            "pre_context": "    fsys.copy(src_path, dest_path)\n  File \"/p/vast1/koparasy/BUILD/head/spack/lib/spack/llnl/util/filesystem.py\", line 376, in copy\n    raise IOError(\"No such file or directory: '{0}'\".format(src))\nOSError: No such file or directory: '/var/tmp/koparasy/spack-stage/spack-stage-petsc-3.10.4-vaaa6e5lmsodculuglsxuwwt4finhlaf/spack-src/src/ksp/ksp/tutorials'\n==> [2022-01-14-21:18:08.753669] Flagging petsc-3.10.4-sem63lb73jpu2gmjd5ks5gia4ao7ttr4 as failed: OSError: No such file or directory: '/var/tmp/koparasy/spack-stage/spack-stage-petsc-3.10.4-vaaa6e5lmsodculuglsxuwwt4finhlaf/spack-src/src/ksp/ksp/tutorials'\n==> [2022-01-14-21:18:43.474439] Skip view update, this environment does not maintain a view",
            "post_context": ""
      },
      {
            "phase": "N/A",
            "source_file": [
                  null
            ],
            "source_line_no": 0,
            "line_no": 1143,
            "repeat_count": 0,
            "start": 1137,
            "end": 1150,
            "text": "==> [2022-01-14-21:19:22.684763] Error: OSError: No such file or directory: '/var/tmp/koparasy/spack-stage/spack-stage-petsc-3.9.4-t4zc3kj47razvjepgnymdcabhotyozku/spack-src/src/ksp/ksp/tutorials'",
            "pre_context": "==> [2022-01-14-21:10:18.662051] found link dirs: /usr/tce/packages/gcc/gcc-9.3.1/rh/usr/lib/gcc/x86_64-redhat-linux/9, /usr/tce/packages/gcc/gcc-9.3.1/rh/usr/lib/gcc, /usr/tce/packages/gcc/gcc-9.3.1/rh/usr/lib64, /lib64, /usr/lib64, /usr/tce/packages/gcc/gcc-9.3.1/rh/usr/lib\n==> [2022-01-14-21:10:18.956311] Staging archive: /var/tmp/koparasy/spack-stage/spack-stage-petsc-3.9.4-t4zc3kj47razvjepgnymdcabhotyozku/petsc-3.9.4.tar.gz\n==> [2022-01-14-21:10:18.958274] '/usr/bin/tar' '-oxf' '/var/tmp/koparasy/spack-stage/spack-stage-petsc-3.9.4-t4zc3kj47razvjepgnymdcabhotyozku/petsc-3.9.4.tar.gz'\n==> [2022-01-14-21:10:19.959322] Created stage in /var/tmp/koparasy/spack-stage/spack-stage-petsc-3.9.4-t4zc3kj47razvjepgnymdcabhotyozku\n==> [2022-01-14-21:10:19.965902] '/usr/bin/patch' '-s' '-p' '1' '-i' '/p/vast1/koparasy/BUILD/head/spack/var/spack/repos/builtin/packages/petsc/xcode_stub_out_of_sync.patch' '-d' '.'\n==> [2022-01-14-21:10:19.972468] petsc: Building petsc-3.9.4-unv7r77v5aadxr7pnprdd4gaf42hbljw [Package]",
            "post_context": "\n/p/vast1/koparasy/BUILD/head/spack/lib/spack/spack/package.py:1781, in cache_extra_test_sources:\n       1778            if os.path.isdir(src_path):\n       1779                fsys.install_tree(src_path, dest_path)\n       1780            else:\n  >>   1781                fsys.mkdirp(os.path.dirname(dest_path))"
      },
      {
            "phase": "N/A",
            "source_file": [
                  null
            ],
            "source_line_no": 0,
            "line_no": 1172,
            "repeat_count": 0,
            "start": 1166,
            "end": 1177,
            "text": "OSError: No such file or directory: '/var/tmp/koparasy/spack-stage/spack-stage-petsc-3.9.4-t4zc3kj47razvjepgnymdcabhotyozku/spack-src/src/ksp/ksp/tutorials'",
            "pre_context": "  File \"/p/vast1/koparasy/BUILD/head/spack/var/spack/repos/builtin/packages/petsc/package.py\", line 585, in setup_build_tests\n    self.cache_extra_test_sources('src/snes/tutorials')\n  File \"/p/vast1/koparasy/BUILD/head/spack/lib/spack/spack/package.py\", line 1782, in cache_extra_test_sources\n    fsys.copy(src_path, dest_path)\n  File \"/p/vast1/koparasy/BUILD/head/spack/lib/spack/llnl/util/filesystem.py\", line 376, in copy\n    raise IOError(\"No such file or directory: '{0}'\".format(src))",
            "post_context": "==> [2022-01-14-21:19:22.685132] Flagging petsc-3.9.4-unv7r77v5aadxr7pnprdd4gaf42hbljw as failed: OSError: No such file or directory: '/var/tmp/koparasy/spack-stage/spack-stage-petsc-3.9.4-t4zc3kj47razvjepgnymdcabhotyozku/spack-src/src/ksp/ksp/tutorials'\n==> [2022-01-14-21:19:46.208700] Skip view update, this environment does not maintain a view\n==> [2022-01-14-21:19:46.211661] ChildError: OSError: No such file or directory: '/var/tmp/koparasy/spack-stage/spack-stage-petsc-3.9.4-t4zc3kj47razvjepgnymdcabhotyozku/spack-src/src/ksp/ksp/tutorials'\n"
      },
      {
            "phase": "N/A",
            "source_file": [
                  null
            ],
            "source_line_no": 0,
            "line_no": 1173,
            "repeat_count": 0,
            "start": 1167,
            "end": 1177,
            "text": "==> [2022-01-14-21:19:22.685132] Flagging petsc-3.9.4-unv7r77v5aadxr7pnprdd4gaf42hbljw as failed: OSError: No such file or directory: '/var/tmp/koparasy/spack-stage/spack-stage-petsc-3.9.4-t4zc3kj47razvjepgnymdcabhotyozku/spack-src/src/ksp/ksp/tutorials'",
            "pre_context": "    self.cache_extra_test_sources('src/snes/tutorials')\n  File \"/p/vast1/koparasy/BUILD/head/spack/lib/spack/spack/package.py\", line 1782, in cache_extra_test_sources\n    fsys.copy(src_path, dest_path)\n  File \"/p/vast1/koparasy/BUILD/head/spack/lib/spack/llnl/util/filesystem.py\", line 376, in copy\n    raise IOError(\"No such file or directory: '{0}'\".format(src))\nOSError: No such file or directory: '/var/tmp/koparasy/spack-stage/spack-stage-petsc-3.9.4-t4zc3kj47razvjepgnymdcabhotyozku/spack-src/src/ksp/ksp/tutorials'",
            "post_context": "==> [2022-01-14-21:19:46.208700] Skip view update, this environment does not maintain a view\n==> [2022-01-14-21:19:46.211661] ChildError: OSError: No such file or directory: '/var/tmp/koparasy/spack-stage/spack-stage-petsc-3.9.4-t4zc3kj47razvjepgnymdcabhotyozku/spack-src/src/ksp/ksp/tutorials'\n"
      },
      {
            "phase": "N/A",
            "source_file": [
                  null
            ],
            "source_line_no": 0,
            "line_no": 1175,
            "repeat_count": 0,
            "start": 1169,
            "end": 1177,
            "text": "==> [2022-01-14-21:19:46.211661] ChildError: OSError: No such file or directory: '/var/tmp/koparasy/spack-stage/spack-stage-petsc-3.9.4-t4zc3kj47razvjepgnymdcabhotyozku/spack-src/src/ksp/ksp/tutorials'",
            "pre_context": "    fsys.copy(src_path, dest_path)\n  File \"/p/vast1/koparasy/BUILD/head/spack/lib/spack/llnl/util/filesystem.py\", line 376, in copy\n    raise IOError(\"No such file or directory: '{0}'\".format(src))\nOSError: No such file or directory: '/var/tmp/koparasy/spack-stage/spack-stage-petsc-3.9.4-t4zc3kj47razvjepgnymdcabhotyozku/spack-src/src/ksp/ksp/tutorials'\n==> [2022-01-14-21:19:22.685132] Flagging petsc-3.9.4-unv7r77v5aadxr7pnprdd4gaf42hbljw as failed: OSError: No such file or directory: '/var/tmp/koparasy/spack-stage/spack-stage-petsc-3.9.4-t4zc3kj47razvjepgnymdcabhotyozku/spack-src/src/ksp/ksp/tutorials'\n==> [2022-01-14-21:19:46.208700] Skip view update, this environment does not maintain a view",
            "post_context": ""
      },
      {
            "phase": "N/A",
            "source_file": [
                  null
            ],
            "source_line_no": 0,
            "line_no": 1145,
            "repeat_count": 0,
            "start": 1139,
            "end": 1152,
            "text": "==> [2022-01-14-21:21:40.144627] Error: OSError: No such file or directory: '/var/tmp/koparasy/spack-stage/spack-stage-petsc-3.8.2-54pipqjmmorj7mwlntysfrp3hxr3ii77/spack-src/src/ksp/ksp/tutorials'",
            "pre_context": "==> [2022-01-14-21:13:32.242483] Staging archive: /var/tmp/koparasy/spack-stage/spack-stage-petsc-3.8.2-54pipqjmmorj7mwlntysfrp3hxr3ii77/petsc-3.8.2.tar.gz\n==> [2022-01-14-21:13:32.256426] '/usr/bin/tar' '-oxf' '/var/tmp/koparasy/spack-stage/spack-stage-petsc-3.8.2-54pipqjmmorj7mwlntysfrp3hxr3ii77/petsc-3.8.2.tar.gz'\n==> [2022-01-14-21:13:33.327008] Created stage in /var/tmp/koparasy/spack-stage/spack-stage-petsc-3.8.2-54pipqjmmorj7mwlntysfrp3hxr3ii77\n==> [2022-01-14-21:13:33.334322] '/usr/bin/patch' '-s' '-p' '1' '-i' '/p/vast1/koparasy/BUILD/head/spack/var/spack/repos/builtin/packages/petsc/pkg-config-3.7.6-3.8.4.diff' '-d' '.'\n==> [2022-01-14-21:13:33.345167] '/usr/bin/patch' '-s' '-p' '1' '-i' '/p/vast1/koparasy/BUILD/head/spack/var/spack/repos/builtin/packages/petsc/xcode_stub_out_of_sync.patch' '-d' '.'\n==> [2022-01-14-21:13:33.352649] petsc: Building petsc-3.8.2-vptr66z47tcacuwnxswzrr3x6wewrsh7 [Package]",
            "post_context": "\n/p/vast1/koparasy/BUILD/head/spack/lib/spack/spack/package.py:1781, in cache_extra_test_sources:\n       1778            if os.path.isdir(src_path):\n       1779                fsys.install_tree(src_path, dest_path)\n       1780            else:\n  >>   1781                fsys.mkdirp(os.path.dirname(dest_path))"
      },
      {
            "phase": "N/A",
            "source_file": [
                  null
            ],
            "source_line_no": 0,
            "line_no": 1174,
            "repeat_count": 0,
            "start": 1168,
            "end": 1179,
            "text": "OSError: No such file or directory: '/var/tmp/koparasy/spack-stage/spack-stage-petsc-3.8.2-54pipqjmmorj7mwlntysfrp3hxr3ii77/spack-src/src/ksp/ksp/tutorials'",
            "pre_context": "  File \"/p/vast1/koparasy/BUILD/head/spack/var/spack/repos/builtin/packages/petsc/package.py\", line 585, in setup_build_tests\n    self.cache_extra_test_sources('src/snes/tutorials')\n  File \"/p/vast1/koparasy/BUILD/head/spack/lib/spack/spack/package.py\", line 1782, in cache_extra_test_sources\n    fsys.copy(src_path, dest_path)\n  File \"/p/vast1/koparasy/BUILD/head/spack/lib/spack/llnl/util/filesystem.py\", line 376, in copy\n    raise IOError(\"No such file or directory: '{0}'\".format(src))",
            "post_context": "==> [2022-01-14-21:21:40.144992] Flagging petsc-3.8.2-vptr66z47tcacuwnxswzrr3x6wewrsh7 as failed: OSError: No such file or directory: '/var/tmp/koparasy/spack-stage/spack-stage-petsc-3.8.2-54pipqjmmorj7mwlntysfrp3hxr3ii77/spack-src/src/ksp/ksp/tutorials'\n==> [2022-01-14-21:21:54.312337] Skip view update, this environment does not maintain a view\n==> [2022-01-14-21:21:54.314500] ChildError: OSError: No such file or directory: '/var/tmp/koparasy/spack-stage/spack-stage-petsc-3.8.2-54pipqjmmorj7mwlntysfrp3hxr3ii77/spack-src/src/ksp/ksp/tutorials'\n"
      },
      {
            "phase": "N/A",
            "source_file": [
                  null
            ],
            "source_line_no": 0,
            "line_no": 1175,
            "repeat_count": 0,
            "start": 1169,
            "end": 1179,
            "text": "==> [2022-01-14-21:21:40.144992] Flagging petsc-3.8.2-vptr66z47tcacuwnxswzrr3x6wewrsh7 as failed: OSError: No such file or directory: '/var/tmp/koparasy/spack-stage/spack-stage-petsc-3.8.2-54pipqjmmorj7mwlntysfrp3hxr3ii77/spack-src/src/ksp/ksp/tutorials'",
            "pre_context": "    self.cache_extra_test_sources('src/snes/tutorials')\n  File \"/p/vast1/koparasy/BUILD/head/spack/lib/spack/spack/package.py\", line 1782, in cache_extra_test_sources\n    fsys.copy(src_path, dest_path)\n  File \"/p/vast1/koparasy/BUILD/head/spack/lib/spack/llnl/util/filesystem.py\", line 376, in copy\n    raise IOError(\"No such file or directory: '{0}'\".format(src))\nOSError: No such file or directory: '/var/tmp/koparasy/spack-stage/spack-stage-petsc-3.8.2-54pipqjmmorj7mwlntysfrp3hxr3ii77/spack-src/src/ksp/ksp/tutorials'",
            "post_context": "==> [2022-01-14-21:21:54.312337] Skip view update, this environment does not maintain a view\n==> [2022-01-14-21:21:54.314500] ChildError: OSError: No such file or directory: '/var/tmp/koparasy/spack-stage/spack-stage-petsc-3.8.2-54pipqjmmorj7mwlntysfrp3hxr3ii77/spack-src/src/ksp/ksp/tutorials'\n"
      },
      {
            "phase": "N/A",
            "source_file": [
                  null
            ],
            "source_line_no": 0,
            "line_no": 1177,
            "repeat_count": 0,
            "start": 1171,
            "end": 1179,
            "text": "==> [2022-01-14-21:21:54.314500] ChildError: OSError: No such file or directory: '/var/tmp/koparasy/spack-stage/spack-stage-petsc-3.8.2-54pipqjmmorj7mwlntysfrp3hxr3ii77/spack-src/src/ksp/ksp/tutorials'",
            "pre_context": "    fsys.copy(src_path, dest_path)\n  File \"/p/vast1/koparasy/BUILD/head/spack/lib/spack/llnl/util/filesystem.py\", line 376, in copy\n    raise IOError(\"No such file or directory: '{0}'\".format(src))\nOSError: No such file or directory: '/var/tmp/koparasy/spack-stage/spack-stage-petsc-3.8.2-54pipqjmmorj7mwlntysfrp3hxr3ii77/spack-src/src/ksp/ksp/tutorials'\n==> [2022-01-14-21:21:40.144992] Flagging petsc-3.8.2-vptr66z47tcacuwnxswzrr3x6wewrsh7 as failed: OSError: No such file or directory: '/var/tmp/koparasy/spack-stage/spack-stage-petsc-3.8.2-54pipqjmmorj7mwlntysfrp3hxr3ii77/spack-src/src/ksp/ksp/tutorials'\n==> [2022-01-14-21:21:54.312337] Skip view update, this environment does not maintain a view",
            "post_context": ""
      }
]