[
    {
        "id": 5680,
        "phase": 27530,
        "source_file": "/opt/spack/opt/spack/linux-debian9-x86_64/clang-3.8.1/camp-0.2.2-tfykomviv637glubn5r7b6zmf5epfsd4/include/camp/list/at.hpp",
        "source_line_no": 3,
        "line_no": 33,
        "repeat_count": 0,
        "start": 27,
        "end": 40,
        "text": "/opt/spack/opt/spack/linux-debian9-x86_64/clang-3.8.1/camp-0.2.2-tfykomviv637glubn5r7b6zmf5epfsd4/include/camp/list/at.hpp:31:18: error: unknown type name '__type_pack_element'",
        "pre_context": "[  5%] Building CXX object src/umpire/strategy/CMakeFiles/umpire_strategy.dir/AllocationAdvisor.cpp.o\ncd /tmp/root/spack-stage/spack-stage-umpire-main-qsvvqywt5htupehtxcmcj3wvn4owbljg/spack-build-qsvvqyw/src/umpire/strategy && /opt/spack/lib/spack/env/clang/clang++  -I/opt/spack/opt/spack/linux-debian9-x86_64/clang-3.8.1/camp-0.2.2-tfykomviv637glubn5r7b6zmf5epfsd4/include -I/tmp/root/spack-stage/spack-stage-umpire-main-qsvvqywt5htupehtxcmcj3wvn4owbljg/spack-src/src -I/tmp/root/spack-stage/spack-stage-umpire-main-qsvvqywt5htupehtxcmcj3wvn4owbljg/spack-build-qsvvqyw/include -Wpedantic       -Wall -Wextra  -O2 -g -DNDEBUG -fPIC -std=c++11 -MD -MT src/umpire/strategy/CMakeFiles/umpire_strategy.dir/AllocationAdvisor.cpp.o -MF CMakeFiles/umpire_strategy.dir/AllocationAdvisor.cpp.o.d -o CMakeFiles/umpire_strategy.dir/AllocationAdvisor.cpp.o -c /tmp/root/spack-stage/spack-stage-umpire-main-qsvvqywt5htupehtxcmcj3wvn4owbljg/spack-src/src/umpire/strategy/AllocationAdvisor.cpp\nIn file included from /tmp/root/spack-stage/spack-stage-umpire-main-qsvvqywt5htupehtxcmcj3wvn4owbljg/spack-src/src/umpire/interface/c_fortran/wrapResourceManager.cpp:10:\nIn file included from /tmp/root/spack-stage/spack-stage-umpire-main-qsvvqywt5htupehtxcmcj3wvn4owbljg/spack-src/src/umpire/ResourceManager.hpp:363:\nIn file included from /tmp/root/spack-stage/spack-stage-umpire-main-qsvvqywt5htupehtxcmcj3wvn4owbljg/spack-src/src/umpire/ResourceManager.inl:12:\nIn file included from /opt/spack/opt/spack/linux-debian9-x86_64/clang-3.8.1/camp-0.2.2-tfykomviv637glubn5r7b6zmf5epfsd4/include/camp/list.hpp:14:",
        "post_context": "    using type = __type_pack_element<Idx, Pack...>;\n                 ^\n/opt/spack/opt/spack/linux-debian9-x86_64/clang-3.8.1/camp-0.2.2-tfykomviv637glubn5r7b6zmf5epfsd4/include/camp/list/at.hpp:31:37: error: expected ';' after alias declaration\n    using type = __type_pack_element<Idx, Pack...>;\n                                    ^\n                                    ;",
        "add_date": "2022-02-02T22:46:53.462635Z",
        "modify_date": "2022-02-02T22:46:53.462694Z",
        "label": "build-error",
        "spack-monitor-label": "error"
    },
    {
        "id": 5682,
        "phase": 27530,
        "source_file": "/opt/spack/opt/spack/linux-debian9-x86_64/clang-3.8.1/camp-0.2.2-tfykomviv637glubn5r7b6zmf5epfsd4/include/camp/list/at.hpp",
        "source_line_no": 3,
        "line_no": 44,
        "repeat_count": 0,
        "start": 38,
        "end": 51,
        "text": "/opt/spack/opt/spack/linux-debian9-x86_64/clang-3.8.1/camp-0.2.2-tfykomviv637glubn5r7b6zmf5epfsd4/include/camp/list/at.hpp:31:18: error: unknown type name '__type_pack_element'",
        "pre_context": "                                    ^\n                                    ;\nIn file included from /tmp/root/spack-stage/spack-stage-umpire-main-qsvvqywt5htupehtxcmcj3wvn4owbljg/spack-src/src/umpire/strategy/AllocationAdvisor.cpp:10:\nIn file included from /tmp/root/spack-stage/spack-stage-umpire-main-qsvvqywt5htupehtxcmcj3wvn4owbljg/spack-src/src/umpire/ResourceManager.hpp:363:\nIn file included from /tmp/root/spack-stage/spack-stage-umpire-main-qsvvqywt5htupehtxcmcj3wvn4owbljg/spack-src/src/umpire/ResourceManager.inl:12:\nIn file included from /opt/spack/opt/spack/linux-debian9-x86_64/clang-3.8.1/camp-0.2.2-tfykomviv637glubn5r7b6zmf5epfsd4/include/camp/list.hpp:14:",
        "post_context": "    using type = __type_pack_element<Idx, Pack...>;\n                 ^\n/opt/spack/opt/spack/linux-debian9-x86_64/clang-3.8.1/camp-0.2.2-tfykomviv637glubn5r7b6zmf5epfsd4/include/camp/list/at.hpp:31:37: error: expected ';' after alias declaration\n    using type = __type_pack_element<Idx, Pack...>;\n                                    ^\n                                    ;",
        "add_date": "2022-02-02T22:46:53.467028Z",
        "modify_date": "2022-02-02T22:46:53.467044Z",
        "label": "build-error",
        "spack-monitor-label": "error"
    },
    {
        "id": 5687,
        "phase": 27530,
        "source_file": "/opt/spack/opt/spack/linux-debian9-x86_64/clang-3.8.1/camp-0.2.2-tfykomviv637glubn5r7b6zmf5epfsd4/include/camp/list/at.hpp",
        "source_line_no": 3,
        "line_no": 69,
        "repeat_count": 0,
        "start": 63,
        "end": 76,
        "text": "/opt/spack/opt/spack/linux-debian9-x86_64/clang-3.8.1/camp-0.2.2-tfykomviv637glubn5r7b6zmf5epfsd4/include/camp/list/at.hpp:31:18: error: unknown type name '__type_pack_element'",
        "pre_context": "make[2]: *** Waiting for unfinished jobs....\nIn file included from /tmp/root/spack-stage/spack-stage-umpire-main-qsvvqywt5htupehtxcmcj3wvn4owbljg/spack-src/src/umpire/interface/c_fortran/wrapUmpire.cpp:13:\nIn file included from /tmp/root/spack-stage/spack-stage-umpire-main-qsvvqywt5htupehtxcmcj3wvn4owbljg/spack-src/src/umpire/Umpire.hpp:14:\nIn file included from /tmp/root/spack-stage/spack-stage-umpire-main-qsvvqywt5htupehtxcmcj3wvn4owbljg/spack-src/src/umpire/ResourceManager.hpp:363:\nIn file included from /tmp/root/spack-stage/spack-stage-umpire-main-qsvvqywt5htupehtxcmcj3wvn4owbljg/spack-src/src/umpire/ResourceManager.inl:12:\nIn file included from /opt/spack/opt/spack/linux-debian9-x86_64/clang-3.8.1/camp-0.2.2-tfykomviv637glubn5r7b6zmf5epfsd4/include/camp/list.hpp:14:",
        "post_context": "    using type = __type_pack_element<Idx, Pack...>;\n                 ^\n/opt/spack/opt/spack/linux-debian9-x86_64/clang-3.8.1/camp-0.2.2-tfykomviv637glubn5r7b6zmf5epfsd4/include/camp/list/at.hpp:31:37: error: expected ';' after alias declaration\n    using type = __type_pack_element<Idx, Pack...>;\n                                    ^\n                                    ;",
        "add_date": "2022-02-02T22:46:53.479844Z",
        "modify_date": "2022-02-02T22:46:53.479860Z",
        "label": "build-error",
        "spack-monitor-label": "error"
    },
    {
        "id": 5715,
        "phase": 27539,
        "source_file": "/opt/spack/opt/spack/linux-debian9-x86_64/clang-3.8.1/camp-0.2.2-tfykomviv637glubn5r7b6zmf5epfsd4/include/camp/list/at.hpp",
        "source_line_no": 3,
        "line_no": 33,
        "repeat_count": 0,
        "start": 27,
        "end": 40,
        "text": "/opt/spack/opt/spack/linux-debian9-x86_64/clang-3.8.1/camp-0.2.2-tfykomviv637glubn5r7b6zmf5epfsd4/include/camp/list/at.hpp:31:18: error: unknown type name '__type_pack_element'",
        "pre_context": "[  5%] Building CXX object src/umpire/strategy/CMakeFiles/umpire_strategy.dir/AllocationAdvisor.cpp.o\ncd /tmp/root/spack-stage/spack-stage-umpire-6.0.0-t2lmggvbedpkybon3oqnobzknjcwqx4l/spack-build-t2lmggv/src/umpire/strategy && /opt/spack/lib/spack/env/clang/clang++  -I/opt/spack/opt/spack/linux-debian9-x86_64/clang-3.8.1/camp-0.2.2-tfykomviv637glubn5r7b6zmf5epfsd4/include -I/tmp/root/spack-stage/spack-stage-umpire-6.0.0-t2lmggvbedpkybon3oqnobzknjcwqx4l/spack-src/src -I/tmp/root/spack-stage/spack-stage-umpire-6.0.0-t2lmggvbedpkybon3oqnobzknjcwqx4l/spack-build-t2lmggv/include -Wpedantic       -Wall -Wextra  -O2 -g -DNDEBUG -fPIC -std=c++11 -MD -MT src/umpire/strategy/CMakeFiles/umpire_strategy.dir/AllocationAdvisor.cpp.o -MF CMakeFiles/umpire_strategy.dir/AllocationAdvisor.cpp.o.d -o CMakeFiles/umpire_strategy.dir/AllocationAdvisor.cpp.o -c /tmp/root/spack-stage/spack-stage-umpire-6.0.0-t2lmggvbedpkybon3oqnobzknjcwqx4l/spack-src/src/umpire/strategy/AllocationAdvisor.cpp\nIn file included from /tmp/root/spack-stage/spack-stage-umpire-6.0.0-t2lmggvbedpkybon3oqnobzknjcwqx4l/spack-src/src/umpire/interface/c_fortran/wrapResourceManager.cpp:10:\nIn file included from /tmp/root/spack-stage/spack-stage-umpire-6.0.0-t2lmggvbedpkybon3oqnobzknjcwqx4l/spack-src/src/umpire/ResourceManager.hpp:363:\nIn file included from /tmp/root/spack-stage/spack-stage-umpire-6.0.0-t2lmggvbedpkybon3oqnobzknjcwqx4l/spack-src/src/umpire/ResourceManager.inl:12:\nIn file included from /opt/spack/opt/spack/linux-debian9-x86_64/clang-3.8.1/camp-0.2.2-tfykomviv637glubn5r7b6zmf5epfsd4/include/camp/list.hpp:14:",
        "post_context": "    using type = __type_pack_element<Idx, Pack...>;\n                 ^\n/opt/spack/opt/spack/linux-debian9-x86_64/clang-3.8.1/camp-0.2.2-tfykomviv637glubn5r7b6zmf5epfsd4/include/camp/list/at.hpp:31:37: error: expected ';' after alias declaration\n    using type = __type_pack_element<Idx, Pack...>;\n                                    ^\n                                    ;",
        "add_date": "2022-02-02T22:46:54.223926Z",
        "modify_date": "2022-02-02T22:46:54.223976Z",
        "label": "build-error",
        "spack-monitor-label": "error"
    },
    {
        "id": 5717,
        "phase": 27539,
        "source_file": "/opt/spack/opt/spack/linux-debian9-x86_64/clang-3.8.1/camp-0.2.2-tfykomviv637glubn5r7b6zmf5epfsd4/include/camp/list/at.hpp",
        "source_line_no": 3,
        "line_no": 44,
        "repeat_count": 0,
        "start": 38,
        "end": 51,
        "text": "/opt/spack/opt/spack/linux-debian9-x86_64/clang-3.8.1/camp-0.2.2-tfykomviv637glubn5r7b6zmf5epfsd4/include/camp/list/at.hpp:31:18: error: unknown type name '__type_pack_element'",
        "pre_context": "                                    ^\n                                    ;\nIn file included from /tmp/root/spack-stage/spack-stage-umpire-6.0.0-t2lmggvbedpkybon3oqnobzknjcwqx4l/spack-src/src/umpire/strategy/AllocationAdvisor.cpp:10:\nIn file included from /tmp/root/spack-stage/spack-stage-umpire-6.0.0-t2lmggvbedpkybon3oqnobzknjcwqx4l/spack-src/src/umpire/ResourceManager.hpp:363:\nIn file included from /tmp/root/spack-stage/spack-stage-umpire-6.0.0-t2lmggvbedpkybon3oqnobzknjcwqx4l/spack-src/src/umpire/ResourceManager.inl:12:\nIn file included from /opt/spack/opt/spack/linux-debian9-x86_64/clang-3.8.1/camp-0.2.2-tfykomviv637glubn5r7b6zmf5epfsd4/include/camp/list.hpp:14:",
        "post_context": "    using type = __type_pack_element<Idx, Pack...>;\n                 ^\n/opt/spack/opt/spack/linux-debian9-x86_64/clang-3.8.1/camp-0.2.2-tfykomviv637glubn5r7b6zmf5epfsd4/include/camp/list/at.hpp:31:37: error: expected ';' after alias declaration\n    using type = __type_pack_element<Idx, Pack...>;\n                                    ^\n                                    ;",
        "add_date": "2022-02-02T22:46:54.227891Z",
        "modify_date": "2022-02-02T22:46:54.227906Z",
        "label": "build-error",
        "spack-monitor-label": "error"
    },
    {
        "id": 5722,
        "phase": 27539,
        "source_file": "/opt/spack/opt/spack/linux-debian9-x86_64/clang-3.8.1/camp-0.2.2-tfykomviv637glubn5r7b6zmf5epfsd4/include/camp/list/at.hpp",
        "source_line_no": 3,
        "line_no": 69,
        "repeat_count": 0,
        "start": 63,
        "end": 76,
        "text": "/opt/spack/opt/spack/linux-debian9-x86_64/clang-3.8.1/camp-0.2.2-tfykomviv637glubn5r7b6zmf5epfsd4/include/camp/list/at.hpp:31:18: error: unknown type name '__type_pack_element'",
        "pre_context": "make[2]: *** Waiting for unfinished jobs....\nIn file included from /tmp/root/spack-stage/spack-stage-umpire-6.0.0-t2lmggvbedpkybon3oqnobzknjcwqx4l/spack-src/src/umpire/interface/c_fortran/wrapUmpire.cpp:13:\nIn file included from /tmp/root/spack-stage/spack-stage-umpire-6.0.0-t2lmggvbedpkybon3oqnobzknjcwqx4l/spack-src/src/umpire/Umpire.hpp:14:\nIn file included from /tmp/root/spack-stage/spack-stage-umpire-6.0.0-t2lmggvbedpkybon3oqnobzknjcwqx4l/spack-src/src/umpire/ResourceManager.hpp:363:\nIn file included from /tmp/root/spack-stage/spack-stage-umpire-6.0.0-t2lmggvbedpkybon3oqnobzknjcwqx4l/spack-src/src/umpire/ResourceManager.inl:12:\nIn file included from /opt/spack/opt/spack/linux-debian9-x86_64/clang-3.8.1/camp-0.2.2-tfykomviv637glubn5r7b6zmf5epfsd4/include/camp/list.hpp:14:",
        "post_context": "    using type = __type_pack_element<Idx, Pack...>;\n                 ^\n/opt/spack/opt/spack/linux-debian9-x86_64/clang-3.8.1/camp-0.2.2-tfykomviv637glubn5r7b6zmf5epfsd4/include/camp/list/at.hpp:31:37: error: expected ';' after alias declaration\n    using type = __type_pack_element<Idx, Pack...>;\n                                    ^\n                                    ;",
        "add_date": "2022-02-02T22:46:54.235312Z",
        "modify_date": "2022-02-02T22:46:54.235325Z",
        "label": "build-error",
        "spack-monitor-label": "error"
    },
    {
        "id": 10016,
        "phase": 38651,
        "source_file": "/usr/bin/../lib/gcc/x86_64-redhat-linux/4.8.5/../../../../include/c++/4.8.5/bits/atomic_base.h",
        "source_line_no": 1,
        "line_no": 48,
        "repeat_count": 0,
        "start": 42,
        "end": 55,
        "text": "/usr/bin/../lib/gcc/x86_64-redhat-linux/4.8.5/../../../../include/c++/4.8.5/bits/atomic_base.h:120:11: error: unknown type name '__atomic_base'",
        "pre_context": "/usr/bin/../lib/gcc/x86_64-redhat-linux/4.8.5/../../../../include/c++/4.8.5/bits/atomic_base.h:70:3: error: unknown type name 'constexpr'\n  constexpr memory_order\n  ^\n/usr/bin/../lib/gcc/x86_64-redhat-linux/4.8.5/../../../../include/c++/4.8.5/bits/atomic_base.h:70:25: error: expected ';' after top level declarator\n  constexpr memory_order\n                        ^",
        "post_context": "  typedef __atomic_base<char>                   atomic_char;\n          ^\n/usr/bin/../lib/gcc/x86_64-redhat-linux/4.8.5/../../../../include/c++/4.8.5/bits/atomic_base.h:120:24: error: expected unqualified-id\n  typedef __atomic_base<char>                   atomic_char;\n                       ^\n/usr/bin/../lib/gcc/x86_64-redhat-linux/4.8.5/../../../../include/c++/4.8.5/bits/atomic_base.h:123:11: error: unknown type name '__atomic_base'",
        "add_date": "2022-02-03T08:09:31.386310Z",
        "modify_date": "2022-02-03T08:09:31.386323Z",
        "label": "build-error",
        "spack-monitor-label": "error"
    },
    {
        "id": 10049,
        "phase": 38651,
        "source_file": "/usr/bin/../lib/gcc/x86_64-redhat-linux/4.8.5/../../../../include/c++/4.8.5/bits/atomic_base.h",
        "source_line_no": 1,
        "line_no": 155,
        "repeat_count": 0,
        "start": 149,
        "end": 162,
        "text": "/usr/bin/../lib/gcc/x86_64-redhat-linux/4.8.5/../../../../include/c++/4.8.5/bits/atomic_base.h:141:11: error: unknown type name '__atomic_base'",
        "pre_context": "/usr/bin/../lib/gcc/x86_64-redhat-linux/4.8.5/../../../../include/c++/4.8.5/bits/atomic_base.h:138:11: error: unknown type name '__atomic_base'\n  typedef __atomic_base<unsigned int>           atomic_uint;\n          ^\n/usr/bin/../lib/gcc/x86_64-redhat-linux/4.8.5/../../../../include/c++/4.8.5/bits/atomic_base.h:138:24: error: expected unqualified-id\n  typedef __atomic_base<unsigned int>           atomic_uint;\n                       ^",
        "post_context": "  typedef __atomic_base<long>                   atomic_long;\n          ^\n/usr/bin/../lib/gcc/x86_64-redhat-linux/4.8.5/../../../../include/c++/4.8.5/bits/atomic_base.h:141:24: error: expected unqualified-id\n  typedef __atomic_base<long>                   atomic_long;\n                       ^\nfatal error: too many errors emitted, stopping now [-ferror-limit=]",
        "add_date": "2022-02-03T08:09:31.447036Z",
        "modify_date": "2022-02-03T08:09:31.447048Z",
        "label": "build-error",
        "spack-monitor-label": "error"
    },
    {
        "id": 10018,
        "phase": 38651,
        "source_file": "/usr/bin/../lib/gcc/x86_64-redhat-linux/4.8.5/../../../../include/c++/4.8.5/bits/atomic_base.h",
        "source_line_no": 1,
        "line_no": 54,
        "repeat_count": 0,
        "start": 48,
        "end": 61,
        "text": "/usr/bin/../lib/gcc/x86_64-redhat-linux/4.8.5/../../../../include/c++/4.8.5/bits/atomic_base.h:123:11: error: unknown type name '__atomic_base'",
        "pre_context": "/usr/bin/../lib/gcc/x86_64-redhat-linux/4.8.5/../../../../include/c++/4.8.5/bits/atomic_base.h:120:11: error: unknown type name '__atomic_base'\n  typedef __atomic_base<char>                   atomic_char;\n          ^\n/usr/bin/../lib/gcc/x86_64-redhat-linux/4.8.5/../../../../include/c++/4.8.5/bits/atomic_base.h:120:24: error: expected unqualified-id\n  typedef __atomic_base<char>                   atomic_char;\n                       ^",
        "post_context": "  typedef __atomic_base<signed char>            atomic_schar;\n          ^\n/usr/bin/../lib/gcc/x86_64-redhat-linux/4.8.5/../../../../include/c++/4.8.5/bits/atomic_base.h:123:24: error: expected unqualified-id\n  typedef __atomic_base<signed char>            atomic_schar;\n                       ^\n/usr/bin/../lib/gcc/x86_64-redhat-linux/4.8.5/../../../../include/c++/4.8.5/bits/atomic_base.h:126:11: error: unknown type name '__atomic_base'",
        "add_date": "2022-02-03T08:09:31.390053Z",
        "modify_date": "2022-02-03T08:09:31.390067Z",
        "label": "build-error",
        "spack-monitor-label": "error"
    },
    {
        "id": 10020,
        "phase": 38651,
        "source_file": "/usr/bin/../lib/gcc/x86_64-redhat-linux/4.8.5/../../../../include/c++/4.8.5/bits/atomic_base.h",
        "source_line_no": 1,
        "line_no": 60,
        "repeat_count": 0,
        "start": 54,
        "end": 67,
        "text": "/usr/bin/../lib/gcc/x86_64-redhat-linux/4.8.5/../../../../include/c++/4.8.5/bits/atomic_base.h:126:11: error: unknown type name '__atomic_base'",
        "pre_context": "/usr/bin/../lib/gcc/x86_64-redhat-linux/4.8.5/../../../../include/c++/4.8.5/bits/atomic_base.h:123:11: error: unknown type name '__atomic_base'\n  typedef __atomic_base<signed char>            atomic_schar;\n          ^\n/usr/bin/../lib/gcc/x86_64-redhat-linux/4.8.5/../../../../include/c++/4.8.5/bits/atomic_base.h:123:24: error: expected unqualified-id\n  typedef __atomic_base<signed char>            atomic_schar;\n                       ^",
        "post_context": "  typedef __atomic_base<unsigned char>          atomic_uchar;\n          ^\n/usr/bin/../lib/gcc/x86_64-redhat-linux/4.8.5/../../../../include/c++/4.8.5/bits/atomic_base.h:126:24: error: expected unqualified-id\n  typedef __atomic_base<unsigned char>          atomic_uchar;\n                       ^\n/usr/bin/../lib/gcc/x86_64-redhat-linux/4.8.5/../../../../include/c++/4.8.5/bits/atomic_base.h:129:11: error: unknown type name '__atomic_base'",
        "add_date": "2022-02-03T08:09:31.394260Z",
        "modify_date": "2022-02-03T08:09:31.394272Z",
        "label": "build-error",
        "spack-monitor-label": "error"
    },
    {
        "id": 10022,
        "phase": 38651,
        "source_file": "/usr/bin/../lib/gcc/x86_64-redhat-linux/4.8.5/../../../../include/c++/4.8.5/bits/atomic_base.h",
        "source_line_no": 1,
        "line_no": 66,
        "repeat_count": 0,
        "start": 60,
        "end": 73,
        "text": "/usr/bin/../lib/gcc/x86_64-redhat-linux/4.8.5/../../../../include/c++/4.8.5/bits/atomic_base.h:129:11: error: unknown type name '__atomic_base'",
        "pre_context": "/usr/bin/../lib/gcc/x86_64-redhat-linux/4.8.5/../../../../include/c++/4.8.5/bits/atomic_base.h:126:11: error: unknown type name '__atomic_base'\n  typedef __atomic_base<unsigned char>          atomic_uchar;\n          ^\n/usr/bin/../lib/gcc/x86_64-redhat-linux/4.8.5/../../../../include/c++/4.8.5/bits/atomic_base.h:126:24: error: expected unqualified-id\n  typedef __atomic_base<unsigned char>          atomic_uchar;\n                       ^",
        "post_context": "  typedef __atomic_base<short>                  atomic_short;\n          ^\n/usr/bin/../lib/gcc/x86_64-redhat-linux/4.8.5/../../../../include/c++/4.8.5/bits/atomic_base.h:129:24: error: expected unqualified-id\n  typedef __atomic_base<short>                  atomic_short;\n                       ^\n/usr/bin/../lib/gcc/x86_64-redhat-linux/4.8.5/../../../../include/c++/4.8.5/bits/atomic_base.h:132:11: error: unknown type name '__atomic_base'",
        "add_date": "2022-02-03T08:09:31.398330Z",
        "modify_date": "2022-02-03T08:09:31.398346Z",
        "label": "build-error",
        "spack-monitor-label": "error"
    },
    {
        "id": 10024,
        "phase": 38651,
        "source_file": "/usr/bin/../lib/gcc/x86_64-redhat-linux/4.8.5/../../../../include/c++/4.8.5/bits/atomic_base.h",
        "source_line_no": 1,
        "line_no": 72,
        "repeat_count": 0,
        "start": 66,
        "end": 79,
        "text": "/usr/bin/../lib/gcc/x86_64-redhat-linux/4.8.5/../../../../include/c++/4.8.5/bits/atomic_base.h:132:11: error: unknown type name '__atomic_base'",
        "pre_context": "/usr/bin/../lib/gcc/x86_64-redhat-linux/4.8.5/../../../../include/c++/4.8.5/bits/atomic_base.h:129:11: error: unknown type name '__atomic_base'\n  typedef __atomic_base<short>                  atomic_short;\n          ^\n/usr/bin/../lib/gcc/x86_64-redhat-linux/4.8.5/../../../../include/c++/4.8.5/bits/atomic_base.h:129:24: error: expected unqualified-id\n  typedef __atomic_base<short>                  atomic_short;\n                       ^",
        "post_context": "  typedef __atomic_base<unsigned short>         atomic_ushort;\n          ^\n/usr/bin/../lib/gcc/x86_64-redhat-linux/4.8.5/../../../../include/c++/4.8.5/bits/atomic_base.h:132:24: error: expected unqualified-id\n  typedef __atomic_base<unsigned short>         atomic_ushort;\n                       ^\n/usr/bin/../lib/gcc/x86_64-redhat-linux/4.8.5/../../../../include/c++/4.8.5/bits/atomic_base.h:135:11: error: unknown type name '__atomic_base'",
        "add_date": "2022-02-03T08:09:31.402091Z",
        "modify_date": "2022-02-03T08:09:31.402105Z",
        "label": "build-error",
        "spack-monitor-label": "error"
    },
    {
        "id": 10026,
        "phase": 38651,
        "source_file": "/usr/bin/../lib/gcc/x86_64-redhat-linux/4.8.5/../../../../include/c++/4.8.5/bits/atomic_base.h",
        "source_line_no": 1,
        "line_no": 78,
        "repeat_count": 0,
        "start": 72,
        "end": 85,
        "text": "/usr/bin/../lib/gcc/x86_64-redhat-linux/4.8.5/../../../../include/c++/4.8.5/bits/atomic_base.h:135:11: error: unknown type name '__atomic_base'",
        "pre_context": "/usr/bin/../lib/gcc/x86_64-redhat-linux/4.8.5/../../../../include/c++/4.8.5/bits/atomic_base.h:132:11: error: unknown type name '__atomic_base'\n  typedef __atomic_base<unsigned short>         atomic_ushort;\n          ^\n/usr/bin/../lib/gcc/x86_64-redhat-linux/4.8.5/../../../../include/c++/4.8.5/bits/atomic_base.h:132:24: error: expected unqualified-id\n  typedef __atomic_base<unsigned short>         atomic_ushort;\n                       ^",
        "post_context": "  typedef __atomic_base<int>                    atomic_int;\n          ^\n/usr/bin/../lib/gcc/x86_64-redhat-linux/4.8.5/../../../../include/c++/4.8.5/bits/atomic_base.h:135:24: error: expected unqualified-id\n  typedef __atomic_base<int>                    atomic_int;\n                       ^\n/usr/bin/../lib/gcc/x86_64-redhat-linux/4.8.5/../../../../include/c++/4.8.5/bits/atomic_base.h:138:11: error: unknown type name '__atomic_base'",
        "add_date": "2022-02-03T08:09:31.405464Z",
        "modify_date": "2022-02-03T08:09:31.405478Z",
        "label": "build-error",
        "spack-monitor-label": "error"
    },
    {
        "id": 10028,
        "phase": 38651,
        "source_file": "/usr/bin/../lib/gcc/x86_64-redhat-linux/4.8.5/../../../../include/c++/4.8.5/bits/atomic_base.h",
        "source_line_no": 1,
        "line_no": 84,
        "repeat_count": 0,
        "start": 78,
        "end": 91,
        "text": "/usr/bin/../lib/gcc/x86_64-redhat-linux/4.8.5/../../../../include/c++/4.8.5/bits/atomic_base.h:138:11: error: unknown type name '__atomic_base'",
        "pre_context": "/usr/bin/../lib/gcc/x86_64-redhat-linux/4.8.5/../../../../include/c++/4.8.5/bits/atomic_base.h:135:11: error: unknown type name '__atomic_base'\n  typedef __atomic_base<int>                    atomic_int;\n          ^\n/usr/bin/../lib/gcc/x86_64-redhat-linux/4.8.5/../../../../include/c++/4.8.5/bits/atomic_base.h:135:24: error: expected unqualified-id\n  typedef __atomic_base<int>                    atomic_int;\n                       ^",
        "post_context": "  typedef __atomic_base<unsigned int>           atomic_uint;\n          ^\n/usr/bin/../lib/gcc/x86_64-redhat-linux/4.8.5/../../../../include/c++/4.8.5/bits/atomic_base.h:138:24: error: expected unqualified-id\n  typedef __atomic_base<unsigned int>           atomic_uint;\n                       ^\n/usr/bin/../lib/gcc/x86_64-redhat-linux/4.8.5/../../../../include/c++/4.8.5/bits/atomic_base.h:141:11: error: unknown type name '__atomic_base'",
        "add_date": "2022-02-03T08:09:31.408930Z",
        "modify_date": "2022-02-03T08:09:31.408944Z",
        "label": "build-error",
        "spack-monitor-label": "error"
    },
    {
        "id": 10030,
        "phase": 38651,
        "source_file": "/usr/bin/../lib/gcc/x86_64-redhat-linux/4.8.5/../../../../include/c++/4.8.5/bits/atomic_base.h",
        "source_line_no": 1,
        "line_no": 90,
        "repeat_count": 0,
        "start": 84,
        "end": 97,
        "text": "/usr/bin/../lib/gcc/x86_64-redhat-linux/4.8.5/../../../../include/c++/4.8.5/bits/atomic_base.h:141:11: error: unknown type name '__atomic_base'",
        "pre_context": "/usr/bin/../lib/gcc/x86_64-redhat-linux/4.8.5/../../../../include/c++/4.8.5/bits/atomic_base.h:138:11: error: unknown type name '__atomic_base'\n  typedef __atomic_base<unsigned int>           atomic_uint;\n          ^\n/usr/bin/../lib/gcc/x86_64-redhat-linux/4.8.5/../../../../include/c++/4.8.5/bits/atomic_base.h:138:24: error: expected unqualified-id\n  typedef __atomic_base<unsigned int>           atomic_uint;\n                       ^",
        "post_context": "  typedef __atomic_base<long>                   atomic_long;\n          ^\n/usr/bin/../lib/gcc/x86_64-redhat-linux/4.8.5/../../../../include/c++/4.8.5/bits/atomic_base.h:141:24: error: expected unqualified-id\n  typedef __atomic_base<long>                   atomic_long;\n                       ^\nfatal error: too many errors emitted, stopping now [-ferror-limit=]",
        "add_date": "2022-02-03T08:09:31.412716Z",
        "modify_date": "2022-02-03T08:09:31.412730Z",
        "label": "build-error",
        "spack-monitor-label": "error"
    },
    {
        "id": 10035,
        "phase": 38651,
        "source_file": "/usr/bin/../lib/gcc/x86_64-redhat-linux/4.8.5/../../../../include/c++/4.8.5/bits/atomic_base.h",
        "source_line_no": 1,
        "line_no": 113,
        "repeat_count": 0,
        "start": 107,
        "end": 120,
        "text": "/usr/bin/../lib/gcc/x86_64-redhat-linux/4.8.5/../../../../include/c++/4.8.5/bits/atomic_base.h:120:11: error: unknown type name '__atomic_base'",
        "pre_context": "/usr/bin/../lib/gcc/x86_64-redhat-linux/4.8.5/../../../../include/c++/4.8.5/bits/atomic_base.h:70:3: error: unknown type name 'constexpr'\n  constexpr memory_order\n  ^\n/usr/bin/../lib/gcc/x86_64-redhat-linux/4.8.5/../../../../include/c++/4.8.5/bits/atomic_base.h:70:25: error: expected ';' after top level declarator\n  constexpr memory_order\n                        ^",
        "post_context": "  typedef __atomic_base<char>                   atomic_char;\n          ^\n/usr/bin/../lib/gcc/x86_64-redhat-linux/4.8.5/../../../../include/c++/4.8.5/bits/atomic_base.h:120:24: error: expected unqualified-id\n  typedef __atomic_base<char>                   atomic_char;\n                       ^\n/usr/bin/../lib/gcc/x86_64-redhat-linux/4.8.5/../../../../include/c++/4.8.5/bits/atomic_base.h:123:11: error: unknown type name '__atomic_base'",
        "add_date": "2022-02-03T08:09:31.421493Z",
        "modify_date": "2022-02-03T08:09:31.421507Z",
        "label": "build-error",
        "spack-monitor-label": "error"
    },
    {
        "id": 10037,
        "phase": 38651,
        "source_file": "/usr/bin/../lib/gcc/x86_64-redhat-linux/4.8.5/../../../../include/c++/4.8.5/bits/atomic_base.h",
        "source_line_no": 1,
        "line_no": 119,
        "repeat_count": 0,
        "start": 113,
        "end": 126,
        "text": "/usr/bin/../lib/gcc/x86_64-redhat-linux/4.8.5/../../../../include/c++/4.8.5/bits/atomic_base.h:123:11: error: unknown type name '__atomic_base'",
        "pre_context": "/usr/bin/../lib/gcc/x86_64-redhat-linux/4.8.5/../../../../include/c++/4.8.5/bits/atomic_base.h:120:11: error: unknown type name '__atomic_base'\n  typedef __atomic_base<char>                   atomic_char;\n          ^\n/usr/bin/../lib/gcc/x86_64-redhat-linux/4.8.5/../../../../include/c++/4.8.5/bits/atomic_base.h:120:24: error: expected unqualified-id\n  typedef __atomic_base<char>                   atomic_char;\n                       ^",
        "post_context": "  typedef __atomic_base<signed char>            atomic_schar;\n          ^\n/usr/bin/../lib/gcc/x86_64-redhat-linux/4.8.5/../../../../include/c++/4.8.5/bits/atomic_base.h:123:24: error: expected unqualified-id\n  typedef __atomic_base<signed char>            atomic_schar;\n                       ^\n/usr/bin/../lib/gcc/x86_64-redhat-linux/4.8.5/../../../../include/c++/4.8.5/bits/atomic_base.h:126:11: error: unknown type name '__atomic_base'",
        "add_date": "2022-02-03T08:09:31.425231Z",
        "modify_date": "2022-02-03T08:09:31.425244Z",
        "label": "build-error",
        "spack-monitor-label": "error"
    },
    {
        "id": 10039,
        "phase": 38651,
        "source_file": "/usr/bin/../lib/gcc/x86_64-redhat-linux/4.8.5/../../../../include/c++/4.8.5/bits/atomic_base.h",
        "source_line_no": 1,
        "line_no": 125,
        "repeat_count": 0,
        "start": 119,
        "end": 132,
        "text": "/usr/bin/../lib/gcc/x86_64-redhat-linux/4.8.5/../../../../include/c++/4.8.5/bits/atomic_base.h:126:11: error: unknown type name '__atomic_base'",
        "pre_context": "/usr/bin/../lib/gcc/x86_64-redhat-linux/4.8.5/../../../../include/c++/4.8.5/bits/atomic_base.h:123:11: error: unknown type name '__atomic_base'\n  typedef __atomic_base<signed char>            atomic_schar;\n          ^\n/usr/bin/../lib/gcc/x86_64-redhat-linux/4.8.5/../../../../include/c++/4.8.5/bits/atomic_base.h:123:24: error: expected unqualified-id\n  typedef __atomic_base<signed char>            atomic_schar;\n                       ^",
        "post_context": "  typedef __atomic_base<unsigned char>          atomic_uchar;\n          ^\n/usr/bin/../lib/gcc/x86_64-redhat-linux/4.8.5/../../../../include/c++/4.8.5/bits/atomic_base.h:126:24: error: expected unqualified-id\n  typedef __atomic_base<unsigned char>          atomic_uchar;\n                       ^\n/usr/bin/../lib/gcc/x86_64-redhat-linux/4.8.5/../../../../include/c++/4.8.5/bits/atomic_base.h:129:11: error: unknown type name '__atomic_base'",
        "add_date": "2022-02-03T08:09:31.430691Z",
        "modify_date": "2022-02-03T08:09:31.430703Z",
        "label": "build-error",
        "spack-monitor-label": "error"
    },
    {
        "id": 10041,
        "phase": 38651,
        "source_file": "/usr/bin/../lib/gcc/x86_64-redhat-linux/4.8.5/../../../../include/c++/4.8.5/bits/atomic_base.h",
        "source_line_no": 1,
        "line_no": 131,
        "repeat_count": 0,
        "start": 125,
        "end": 138,
        "text": "/usr/bin/../lib/gcc/x86_64-redhat-linux/4.8.5/../../../../include/c++/4.8.5/bits/atomic_base.h:129:11: error: unknown type name '__atomic_base'",
        "pre_context": "/usr/bin/../lib/gcc/x86_64-redhat-linux/4.8.5/../../../../include/c++/4.8.5/bits/atomic_base.h:126:11: error: unknown type name '__atomic_base'\n  typedef __atomic_base<unsigned char>          atomic_uchar;\n          ^\n/usr/bin/../lib/gcc/x86_64-redhat-linux/4.8.5/../../../../include/c++/4.8.5/bits/atomic_base.h:126:24: error: expected unqualified-id\n  typedef __atomic_base<unsigned char>          atomic_uchar;\n                       ^",
        "post_context": "  typedef __atomic_base<short>                  atomic_short;\n          ^\n/usr/bin/../lib/gcc/x86_64-redhat-linux/4.8.5/../../../../include/c++/4.8.5/bits/atomic_base.h:129:24: error: expected unqualified-id\n  typedef __atomic_base<short>                  atomic_short;\n                       ^\n/usr/bin/../lib/gcc/x86_64-redhat-linux/4.8.5/../../../../include/c++/4.8.5/bits/atomic_base.h:132:11: error: unknown type name '__atomic_base'",
        "add_date": "2022-02-03T08:09:31.433675Z",
        "modify_date": "2022-02-03T08:09:31.433687Z",
        "label": "build-error",
        "spack-monitor-label": "error"
    },
    {
        "id": 10043,
        "phase": 38651,
        "source_file": "/usr/bin/../lib/gcc/x86_64-redhat-linux/4.8.5/../../../../include/c++/4.8.5/bits/atomic_base.h",
        "source_line_no": 1,
        "line_no": 137,
        "repeat_count": 0,
        "start": 131,
        "end": 144,
        "text": "/usr/bin/../lib/gcc/x86_64-redhat-linux/4.8.5/../../../../include/c++/4.8.5/bits/atomic_base.h:132:11: error: unknown type name '__atomic_base'",
        "pre_context": "/usr/bin/../lib/gcc/x86_64-redhat-linux/4.8.5/../../../../include/c++/4.8.5/bits/atomic_base.h:129:11: error: unknown type name '__atomic_base'\n  typedef __atomic_base<short>                  atomic_short;\n          ^\n/usr/bin/../lib/gcc/x86_64-redhat-linux/4.8.5/../../../../include/c++/4.8.5/bits/atomic_base.h:129:24: error: expected unqualified-id\n  typedef __atomic_base<short>                  atomic_short;\n                       ^",
        "post_context": "  typedef __atomic_base<unsigned short>         atomic_ushort;\n          ^\n/usr/bin/../lib/gcc/x86_64-redhat-linux/4.8.5/../../../../include/c++/4.8.5/bits/atomic_base.h:132:24: error: expected unqualified-id\n  typedef __atomic_base<unsigned short>         atomic_ushort;\n                       ^\n/usr/bin/../lib/gcc/x86_64-redhat-linux/4.8.5/../../../../include/c++/4.8.5/bits/atomic_base.h:135:11: error: unknown type name '__atomic_base'",
        "add_date": "2022-02-03T08:09:31.436938Z",
        "modify_date": "2022-02-03T08:09:31.436950Z",
        "label": "build-error",
        "spack-monitor-label": "error"
    },
    {
        "id": 10045,
        "phase": 38651,
        "source_file": "/usr/bin/../lib/gcc/x86_64-redhat-linux/4.8.5/../../../../include/c++/4.8.5/bits/atomic_base.h",
        "source_line_no": 1,
        "line_no": 143,
        "repeat_count": 0,
        "start": 137,
        "end": 150,
        "text": "/usr/bin/../lib/gcc/x86_64-redhat-linux/4.8.5/../../../../include/c++/4.8.5/bits/atomic_base.h:135:11: error: unknown type name '__atomic_base'",
        "pre_context": "/usr/bin/../lib/gcc/x86_64-redhat-linux/4.8.5/../../../../include/c++/4.8.5/bits/atomic_base.h:132:11: error: unknown type name '__atomic_base'\n  typedef __atomic_base<unsigned short>         atomic_ushort;\n          ^\n/usr/bin/../lib/gcc/x86_64-redhat-linux/4.8.5/../../../../include/c++/4.8.5/bits/atomic_base.h:132:24: error: expected unqualified-id\n  typedef __atomic_base<unsigned short>         atomic_ushort;\n                       ^",
        "post_context": "  typedef __atomic_base<int>                    atomic_int;\n          ^\n/usr/bin/../lib/gcc/x86_64-redhat-linux/4.8.5/../../../../include/c++/4.8.5/bits/atomic_base.h:135:24: error: expected unqualified-id\n  typedef __atomic_base<int>                    atomic_int;\n                       ^\n/usr/bin/../lib/gcc/x86_64-redhat-linux/4.8.5/../../../../include/c++/4.8.5/bits/atomic_base.h:138:11: error: unknown type name '__atomic_base'",
        "add_date": "2022-02-03T08:09:31.440326Z",
        "modify_date": "2022-02-03T08:09:31.440339Z",
        "label": "build-error",
        "spack-monitor-label": "error"
    },
    {
        "id": 10047,
        "phase": 38651,
        "source_file": "/usr/bin/../lib/gcc/x86_64-redhat-linux/4.8.5/../../../../include/c++/4.8.5/bits/atomic_base.h",
        "source_line_no": 1,
        "line_no": 149,
        "repeat_count": 0,
        "start": 143,
        "end": 156,
        "text": "/usr/bin/../lib/gcc/x86_64-redhat-linux/4.8.5/../../../../include/c++/4.8.5/bits/atomic_base.h:138:11: error: unknown type name '__atomic_base'",
        "pre_context": "/usr/bin/../lib/gcc/x86_64-redhat-linux/4.8.5/../../../../include/c++/4.8.5/bits/atomic_base.h:135:11: error: unknown type name '__atomic_base'\n  typedef __atomic_base<int>                    atomic_int;\n          ^\n/usr/bin/../lib/gcc/x86_64-redhat-linux/4.8.5/../../../../include/c++/4.8.5/bits/atomic_base.h:135:24: error: expected unqualified-id\n  typedef __atomic_base<int>                    atomic_int;\n                       ^",
        "post_context": "  typedef __atomic_base<unsigned int>           atomic_uint;\n          ^\n/usr/bin/../lib/gcc/x86_64-redhat-linux/4.8.5/../../../../include/c++/4.8.5/bits/atomic_base.h:138:24: error: expected unqualified-id\n  typedef __atomic_base<unsigned int>           atomic_uint;\n                       ^\n/usr/bin/../lib/gcc/x86_64-redhat-linux/4.8.5/../../../../include/c++/4.8.5/bits/atomic_base.h:141:11: error: unknown type name '__atomic_base'",
        "add_date": "2022-02-03T08:09:31.443692Z",
        "modify_date": "2022-02-03T08:09:31.443704Z",
        "label": "build-error",
        "spack-monitor-label": "error"
    },
    {
        "id": 11360,
        "phase": 38658,
        "source_file": "/usr/bin/../lib/gcc/x86_64-redhat-linux/4.8.5/../../../../include/c++/4.8.5/bits/atomic_base.h",
        "source_line_no": 1,
        "line_no": 48,
        "repeat_count": 0,
        "start": 42,
        "end": 55,
        "text": "/usr/bin/../lib/gcc/x86_64-redhat-linux/4.8.5/../../../../include/c++/4.8.5/bits/atomic_base.h:120:11: error: unknown type name '__atomic_base'",
        "pre_context": "/usr/bin/../lib/gcc/x86_64-redhat-linux/4.8.5/../../../../include/c++/4.8.5/bits/atomic_base.h:70:3: error: unknown type name 'constexpr'\n  constexpr memory_order\n  ^\n/usr/bin/../lib/gcc/x86_64-redhat-linux/4.8.5/../../../../include/c++/4.8.5/bits/atomic_base.h:70:25: error: expected ';' after top level declarator\n  constexpr memory_order\n                        ^",
        "post_context": "  typedef __atomic_base<char>                   atomic_char;\n          ^\n/usr/bin/../lib/gcc/x86_64-redhat-linux/4.8.5/../../../../include/c++/4.8.5/bits/atomic_base.h:120:24: error: expected unqualified-id\n  typedef __atomic_base<char>                   atomic_char;\n                       ^\n/usr/bin/../lib/gcc/x86_64-redhat-linux/4.8.5/../../../../include/c++/4.8.5/bits/atomic_base.h:123:11: error: unknown type name '__atomic_base'",
        "add_date": "2022-02-03T08:09:37.729756Z",
        "modify_date": "2022-02-03T08:09:37.729776Z",
        "label": "build-error",
        "spack-monitor-label": "error"
    },
    {
        "id": 11362,
        "phase": 38658,
        "source_file": "/usr/bin/../lib/gcc/x86_64-redhat-linux/4.8.5/../../../../include/c++/4.8.5/bits/atomic_base.h",
        "source_line_no": 1,
        "line_no": 54,
        "repeat_count": 0,
        "start": 48,
        "end": 61,
        "text": "/usr/bin/../lib/gcc/x86_64-redhat-linux/4.8.5/../../../../include/c++/4.8.5/bits/atomic_base.h:123:11: error: unknown type name '__atomic_base'",
        "pre_context": "/usr/bin/../lib/gcc/x86_64-redhat-linux/4.8.5/../../../../include/c++/4.8.5/bits/atomic_base.h:120:11: error: unknown type name '__atomic_base'\n  typedef __atomic_base<char>                   atomic_char;\n          ^\n/usr/bin/../lib/gcc/x86_64-redhat-linux/4.8.5/../../../../include/c++/4.8.5/bits/atomic_base.h:120:24: error: expected unqualified-id\n  typedef __atomic_base<char>                   atomic_char;\n                       ^",
        "post_context": "  typedef __atomic_base<signed char>            atomic_schar;\n          ^\n/usr/bin/../lib/gcc/x86_64-redhat-linux/4.8.5/../../../../include/c++/4.8.5/bits/atomic_base.h:123:24: error: expected unqualified-id\n  typedef __atomic_base<signed char>            atomic_schar;\n                       ^\n/usr/bin/../lib/gcc/x86_64-redhat-linux/4.8.5/../../../../include/c++/4.8.5/bits/atomic_base.h:126:11: error: unknown type name '__atomic_base'",
        "add_date": "2022-02-03T08:09:37.733448Z",
        "modify_date": "2022-02-03T08:09:37.733467Z",
        "label": "build-error",
        "spack-monitor-label": "error"
    },
    {
        "id": 11364,
        "phase": 38658,
        "source_file": "/usr/bin/../lib/gcc/x86_64-redhat-linux/4.8.5/../../../../include/c++/4.8.5/bits/atomic_base.h",
        "source_line_no": 1,
        "line_no": 60,
        "repeat_count": 0,
        "start": 54,
        "end": 67,
        "text": "/usr/bin/../lib/gcc/x86_64-redhat-linux/4.8.5/../../../../include/c++/4.8.5/bits/atomic_base.h:126:11: error: unknown type name '__atomic_base'",
        "pre_context": "/usr/bin/../lib/gcc/x86_64-redhat-linux/4.8.5/../../../../include/c++/4.8.5/bits/atomic_base.h:123:11: error: unknown type name '__atomic_base'\n  typedef __atomic_base<signed char>            atomic_schar;\n          ^\n/usr/bin/../lib/gcc/x86_64-redhat-linux/4.8.5/../../../../include/c++/4.8.5/bits/atomic_base.h:123:24: error: expected unqualified-id\n  typedef __atomic_base<signed char>            atomic_schar;\n                       ^",
        "post_context": "  typedef __atomic_base<unsigned char>          atomic_uchar;\n          ^\n/usr/bin/../lib/gcc/x86_64-redhat-linux/4.8.5/../../../../include/c++/4.8.5/bits/atomic_base.h:126:24: error: expected unqualified-id\n  typedef __atomic_base<unsigned char>          atomic_uchar;\n                       ^\n/usr/bin/../lib/gcc/x86_64-redhat-linux/4.8.5/../../../../include/c++/4.8.5/bits/atomic_base.h:129:11: error: unknown type name '__atomic_base'",
        "add_date": "2022-02-03T08:09:37.737273Z",
        "modify_date": "2022-02-03T08:09:37.737288Z",
        "label": "build-error",
        "spack-monitor-label": "error"
    },
    {
        "id": 11378,
        "phase": 38658,
        "source_file": "(None,)",
        "source_line_no": 0,
        "line_no": 108,
        "repeat_count": 0,
        "start": 102,
        "end": 115,
        "text": "typedef __atomic_base<char>                   atomic_char;/usr/bin/../lib/gcc/x86_64-redhat-linux/4.8.5/../../../../include/c++/4.8.5/bits/atomic_base.h:141:11: error: unknown type name '__atomic_base'",
        "pre_context": "                        ^\n\n/usr/bin/../lib/gcc/x86_64-redhat-linux/4.8.5/../../../../include/c++/4.8.5/bits/atomic_base.h:138:24: error: expected unqualified-id\n  typedef __atomic_base<unsigned int>           atomic_uint;\n                       ^\n/usr/bin/../lib/gcc/x86_64-redhat-linux/4.8.5/../../../../include/c++/4.8.5/bits/atomic_base.h:120:11: error: unknown type name '__atomic_base'",
        "post_context": "  typedef __atomic_base<long>                   atomic_long;\n          ^\n/usr/bin/../lib/gcc/x86_64-redhat-linux/4.8.5/../../../../include/c++/4.8.5/bits/atomic_base.h:141:24: error: expected unqualified-id\n  typedef __atomic_base<long>                   atomic_long;\n                       ^\n",
        "add_date": "2022-02-03T08:09:37.761732Z",
        "modify_date": "2022-02-03T08:09:37.761750Z",
        "label": "build-error",
        "spack-monitor-label": "error"
    },
    {
        "id": 11366,
        "phase": 38658,
        "source_file": "/usr/bin/../lib/gcc/x86_64-redhat-linux/4.8.5/../../../../include/c++/4.8.5/bits/atomic_base.h",
        "source_line_no": 1,
        "line_no": 66,
        "repeat_count": 0,
        "start": 60,
        "end": 73,
        "text": "/usr/bin/../lib/gcc/x86_64-redhat-linux/4.8.5/../../../../include/c++/4.8.5/bits/atomic_base.h:129:11: error: unknown type name '__atomic_base'",
        "pre_context": "/usr/bin/../lib/gcc/x86_64-redhat-linux/4.8.5/../../../../include/c++/4.8.5/bits/atomic_base.h:126:11: error: unknown type name '__atomic_base'\n  typedef __atomic_base<unsigned char>          atomic_uchar;\n          ^\n/usr/bin/../lib/gcc/x86_64-redhat-linux/4.8.5/../../../../include/c++/4.8.5/bits/atomic_base.h:126:24: error: expected unqualified-id\n  typedef __atomic_base<unsigned char>          atomic_uchar;\n                       ^",
        "post_context": "  typedef __atomic_base<short>                  atomic_short;\n          ^\n/usr/bin/../lib/gcc/x86_64-redhat-linux/4.8.5/../../../../include/c++/4.8.5/bits/atomic_base.h:129:24: error: expected unqualified-id\n  typedef __atomic_base<short>                  atomic_short;\n                       ^\n/usr/bin/../lib/gcc/x86_64-redhat-linux/4.8.5/../../../../include/c++/4.8.5/bits/atomic_base.h:132:11: error: unknown type name '__atomic_base'",
        "add_date": "2022-02-03T08:09:37.740509Z",
        "modify_date": "2022-02-03T08:09:37.740523Z",
        "label": "build-error",
        "spack-monitor-label": "error"
    },
    {
        "id": 11368,
        "phase": 38658,
        "source_file": "/usr/bin/../lib/gcc/x86_64-redhat-linux/4.8.5/../../../../include/c++/4.8.5/bits/atomic_base.h",
        "source_line_no": 1,
        "line_no": 72,
        "repeat_count": 0,
        "start": 66,
        "end": 79,
        "text": "/usr/bin/../lib/gcc/x86_64-redhat-linux/4.8.5/../../../../include/c++/4.8.5/bits/atomic_base.h:132:11: error: unknown type name '__atomic_base'",
        "pre_context": "/usr/bin/../lib/gcc/x86_64-redhat-linux/4.8.5/../../../../include/c++/4.8.5/bits/atomic_base.h:129:11: error: unknown type name '__atomic_base'\n  typedef __atomic_base<short>                  atomic_short;\n          ^\n/usr/bin/../lib/gcc/x86_64-redhat-linux/4.8.5/../../../../include/c++/4.8.5/bits/atomic_base.h:129:24: error: expected unqualified-id\n  typedef __atomic_base<short>                  atomic_short;\n                       ^",
        "post_context": "  typedef __atomic_base<unsigned short>         atomic_ushort;\n          ^\n/usr/bin/../lib/gcc/x86_64-redhat-linux/4.8.5/../../../../include/c++/4.8.5/bits/atomic_base.h:132:24: error: expected unqualified-id\n  typedef __atomic_base<unsigned short>         atomic_ushort;\n                       ^\n/usr/bin/../lib/gcc/x86_64-redhat-linux/4.8.5/../../../../include/c++/4.8.5/bits/atomic_base.h:135:11: error: unknown type name '__atomic_base'",
        "add_date": "2022-02-03T08:09:37.744152Z",
        "modify_date": "2022-02-03T08:09:37.744165Z",
        "label": "build-error",
        "spack-monitor-label": "error"
    },
    {
        "id": 11370,
        "phase": 38658,
        "source_file": "/usr/bin/../lib/gcc/x86_64-redhat-linux/4.8.5/../../../../include/c++/4.8.5/bits/atomic_base.h",
        "source_line_no": 1,
        "line_no": 78,
        "repeat_count": 0,
        "start": 72,
        "end": 85,
        "text": "/usr/bin/../lib/gcc/x86_64-redhat-linux/4.8.5/../../../../include/c++/4.8.5/bits/atomic_base.h:135:11: error: unknown type name '__atomic_base'",
        "pre_context": "/usr/bin/../lib/gcc/x86_64-redhat-linux/4.8.5/../../../../include/c++/4.8.5/bits/atomic_base.h:132:11: error: unknown type name '__atomic_base'\n  typedef __atomic_base<unsigned short>         atomic_ushort;\n          ^\n/usr/bin/../lib/gcc/x86_64-redhat-linux/4.8.5/../../../../include/c++/4.8.5/bits/atomic_base.h:132:24: error: expected unqualified-id\n  typedef __atomic_base<unsigned short>         atomic_ushort;\n                       ^",
        "post_context": "  typedef __atomic_base<int>                    atomic_int;\n          ^\n/usr/bin/../lib/gcc/x86_64-redhat-linux/4.8.5/../../../../include/c++/4.8.5/bits/atomic_base.h:135:24: error: expected unqualified-id\n  typedef __atomic_base<int>                    atomic_int;\n                       ^\nIn file included from /tmp/root/spack-stage/spack-stage-bolt-2.0-d3od36otuteq3likxwoqdipliql2jdrg/spack-src/runtime/src/kmp_alloc.cpp:13:",
        "add_date": "2022-02-03T08:09:37.747812Z",
        "modify_date": "2022-02-03T08:09:37.747830Z",
        "label": "build-error",
        "spack-monitor-label": "error"
    },
    {
        "id": 11373,
        "phase": 38658,
        "source_file": "/usr/bin/../lib/gcc/x86_64-redhat-linux/4.8.5/../../../../include/c++/4.8.5/bits/atomic_base.h",
        "source_line_no": 1,
        "line_no": 91,
        "repeat_count": 0,
        "start": 85,
        "end": 98,
        "text": "/usr/bin/../lib/gcc/x86_64-redhat-linux/4.8.5/../../../../include/c++/4.8.5/bits/atomic_base.h:138:11: error: unknown type name '__atomic_base'",
        "pre_context": "In file included from /tmp/root/spack-stage/spack-stage-bolt-2.0-d3od36otuteq3likxwoqdipliql2jdrg/spack-src/runtime/src/kmp.h:83:\nIn file included from /tmp/root/spack-stage/spack-stage-bolt-2.0-d3od36otuteq3likxwoqdipliql2jdrg/spack-src/runtime/src/kmp_os.h:18:\nIn file included from /usr/bin/../lib/gcc/x86_64-redhat-linux/4.8.5/../../../../include/c++/4.8.5/atomic:38:\n/usr/bin/../lib/gcc/x86_64-redhat-linux/4.8.5/../../../../include/c++/4.8.5/bits/c++0x_warning.h:32:2: error: This file requires compiler and library support for the ISO C++ 2011 standard. This support is currently experimental, and must be enabled with the -std=c++11 or -std=gnu++11 compiler options.\n#error This file requires compiler and library support for the \\\n ^",
        "post_context": "  typedef __atomic_base<unsigned int>           atomic_uint;\n          ^In file included from /tmp/root/spack-stage/spack-stage-bolt-2.0-d3od36otuteq3likxwoqdipliql2jdrg/spack-src/runtime/src/kmp_alloc.cpp:13:\nIn file included from /tmp/root/spack-stage/spack-stage-bolt-2.0-d3od36otuteq3likxwoqdipliql2jdrg/spack-src/runtime/src/kmp.h:83:\nIn file included from /tmp/root/spack-stage/spack-stage-bolt-2.0-d3od36otuteq3likxwoqdipliql2jdrg/spack-src/runtime/src/kmp_os.h:18:\nIn file included from /usr/bin/../lib/gcc/x86_64-redhat-linux/4.8.5/../../../../include/c++/4.8.5/atomic:41:\n/usr/bin/../lib/gcc/x86_64-redhat-linux/4.8.5/../../../../include/c++/4.8.5/bits/atomic_base.h:70:3: error: unknown type name 'constexpr'",
        "add_date": "2022-02-03T08:09:37.753504Z",
        "modify_date": "2022-02-03T08:09:37.753518Z",
        "label": "build-error",
        "spack-monitor-label": "error"
    },
    {
        "id": 11377,
        "phase": 38658,
        "source_file": "/usr/bin/../lib/gcc/x86_64-redhat-linux/4.8.5/../../../../include/c++/4.8.5/bits/atomic_base.h",
        "source_line_no": 1,
        "line_no": 107,
        "repeat_count": 0,
        "start": 101,
        "end": 114,
        "text": "/usr/bin/../lib/gcc/x86_64-redhat-linux/4.8.5/../../../../include/c++/4.8.5/bits/atomic_base.h:120:11: error: unknown type name '__atomic_base'",
        "pre_context": "  constexpr memory_order\n                        ^\n\n/usr/bin/../lib/gcc/x86_64-redhat-linux/4.8.5/../../../../include/c++/4.8.5/bits/atomic_base.h:138:24: error: expected unqualified-id\n  typedef __atomic_base<unsigned int>           atomic_uint;\n                       ^",
        "post_context": "  typedef __atomic_base<char>                   atomic_char;/usr/bin/../lib/gcc/x86_64-redhat-linux/4.8.5/../../../../include/c++/4.8.5/bits/atomic_base.h:141:11: error: unknown type name '__atomic_base'\n  typedef __atomic_base<long>                   atomic_long;\n          ^\n/usr/bin/../lib/gcc/x86_64-redhat-linux/4.8.5/../../../../include/c++/4.8.5/bits/atomic_base.h:141:24: error: expected unqualified-id\n  typedef __atomic_base<long>                   atomic_long;\n                       ^",
        "add_date": "2022-02-03T08:09:37.759992Z",
        "modify_date": "2022-02-03T08:09:37.760012Z",
        "label": "build-error",
        "spack-monitor-label": "error"
    },
    {
        "id": 11381,
        "phase": 38658,
        "source_file": "/usr/bin/../lib/gcc/x86_64-redhat-linux/4.8.5/../../../../include/c++/4.8.5/bits/atomic_base.h",
        "source_line_no": 1,
        "line_no": 120,
        "repeat_count": 0,
        "start": 114,
        "end": 127,
        "text": "/usr/bin/../lib/gcc/x86_64-redhat-linux/4.8.5/../../../../include/c++/4.8.5/bits/atomic_base.h:123:11: error: unknown type name '__atomic_base'",
        "pre_context": "\n          ^\n/usr/bin/../lib/gcc/x86_64-redhat-linux/4.8.5/../../../../include/c++/4.8.5/bits/atomic_base.h:120:24: error: expected unqualified-id\n  typedef __atomic_base<char>                   atomic_char;\n                       ^\nfatal error: too many errors emitted, stopping now [-ferror-limit=]",
        "post_context": "  typedef __atomic_base<signed char>            atomic_schar;\n          ^\n/usr/bin/../lib/gcc/x86_64-redhat-linux/4.8.5/../../../../include/c++/4.8.5/bits/atomic_base.h:123:24: error: expected unqualified-id\n  typedef __atomic_base<signed char>            atomic_schar;\n                       ^\n/usr/bin/../lib/gcc/x86_64-redhat-linux/4.8.5/../../../../include/c++/4.8.5/bits/atomic_base.h:126:11: error: unknown type name '__atomic_base'",
        "add_date": "2022-02-03T08:09:37.770021Z",
        "modify_date": "2022-02-03T08:09:37.770036Z",
        "label": "build-error",
        "spack-monitor-label": "error"
    },
    {
        "id": 11383,
        "phase": 38658,
        "source_file": "/usr/bin/../lib/gcc/x86_64-redhat-linux/4.8.5/../../../../include/c++/4.8.5/bits/atomic_base.h",
        "source_line_no": 1,
        "line_no": 126,
        "repeat_count": 0,
        "start": 120,
        "end": 133,
        "text": "/usr/bin/../lib/gcc/x86_64-redhat-linux/4.8.5/../../../../include/c++/4.8.5/bits/atomic_base.h:126:11: error: unknown type name '__atomic_base'",
        "pre_context": "/usr/bin/../lib/gcc/x86_64-redhat-linux/4.8.5/../../../../include/c++/4.8.5/bits/atomic_base.h:123:11: error: unknown type name '__atomic_base'\n  typedef __atomic_base<signed char>            atomic_schar;\n          ^\n/usr/bin/../lib/gcc/x86_64-redhat-linux/4.8.5/../../../../include/c++/4.8.5/bits/atomic_base.h:123:24: error: expected unqualified-id\n  typedef __atomic_base<signed char>            atomic_schar;\n                       ^",
        "post_context": "  typedef __atomic_base<unsigned char>          atomic_uchar;\n          ^\n/usr/bin/../lib/gcc/x86_64-redhat-linux/4.8.5/../../../../include/c++/4.8.5/bits/atomic_base.h:126:24: error: expected unqualified-id\n  typedef __atomic_base<unsigned char>          atomic_uchar;\n                       ^\n/usr/bin/../lib/gcc/x86_64-redhat-linux/4.8.5/../../../../include/c++/4.8.5/bits/atomic_base.h:129:11: error: unknown type name '__atomic_base'",
        "add_date": "2022-02-03T08:09:37.773707Z",
        "modify_date": "2022-02-03T08:09:37.773724Z",
        "label": "build-error",
        "spack-monitor-label": "error"
    },
    {
        "id": 11385,
        "phase": 38658,
        "source_file": "/usr/bin/../lib/gcc/x86_64-redhat-linux/4.8.5/../../../../include/c++/4.8.5/bits/atomic_base.h",
        "source_line_no": 1,
        "line_no": 132,
        "repeat_count": 0,
        "start": 126,
        "end": 139,
        "text": "/usr/bin/../lib/gcc/x86_64-redhat-linux/4.8.5/../../../../include/c++/4.8.5/bits/atomic_base.h:129:11: error: unknown type name '__atomic_base'",
        "pre_context": "/usr/bin/../lib/gcc/x86_64-redhat-linux/4.8.5/../../../../include/c++/4.8.5/bits/atomic_base.h:126:11: error: unknown type name '__atomic_base'\n  typedef __atomic_base<unsigned char>          atomic_uchar;\n          ^\n/usr/bin/../lib/gcc/x86_64-redhat-linux/4.8.5/../../../../include/c++/4.8.5/bits/atomic_base.h:126:24: error: expected unqualified-id\n  typedef __atomic_base<unsigned char>          atomic_uchar;\n                       ^",
        "post_context": "  typedef __atomic_base<short>                  atomic_short;\n          ^\n/usr/bin/../lib/gcc/x86_64-redhat-linux/4.8.5/../../../../include/c++/4.8.5/bits/atomic_base.h:129:24: error: expected unqualified-id\n  typedef __atomic_base<short>                  atomic_short;\n                       ^\n/usr/bin/../lib/gcc/x86_64-redhat-linux/4.8.5/../../../../include/c++/4.8.5/bits/atomic_base.h:132:11: error: unknown type name '__atomic_base'",
        "add_date": "2022-02-03T08:09:37.777192Z",
        "modify_date": "2022-02-03T08:09:37.777205Z",
        "label": "build-error",
        "spack-monitor-label": "error"
    },
    {
        "id": 11387,
        "phase": 38658,
        "source_file": "/usr/bin/../lib/gcc/x86_64-redhat-linux/4.8.5/../../../../include/c++/4.8.5/bits/atomic_base.h",
        "source_line_no": 1,
        "line_no": 138,
        "repeat_count": 0,
        "start": 132,
        "end": 145,
        "text": "/usr/bin/../lib/gcc/x86_64-redhat-linux/4.8.5/../../../../include/c++/4.8.5/bits/atomic_base.h:132:11: error: unknown type name '__atomic_base'",
        "pre_context": "/usr/bin/../lib/gcc/x86_64-redhat-linux/4.8.5/../../../../include/c++/4.8.5/bits/atomic_base.h:129:11: error: unknown type name '__atomic_base'\n  typedef __atomic_base<short>                  atomic_short;\n          ^\n/usr/bin/../lib/gcc/x86_64-redhat-linux/4.8.5/../../../../include/c++/4.8.5/bits/atomic_base.h:129:24: error: expected unqualified-id\n  typedef __atomic_base<short>                  atomic_short;\n                       ^",
        "post_context": "  typedef __atomic_base<unsigned short>         atomic_ushort;\n          ^\n/usr/bin/../lib/gcc/x86_64-redhat-linux/4.8.5/../../../../include/c++/4.8.5/bits/atomic_base.h:132:24: error: expected unqualified-id\n  typedef __atomic_base<unsigned short>         atomic_ushort;\n                       ^\n/usr/bin/../lib/gcc/x86_64-redhat-linux/4.8.5/../../../../include/c++/4.8.5/bits/atomic_base.h:135:11: error: unknown type name '__atomic_base'",
        "add_date": "2022-02-03T08:09:37.780495Z",
        "modify_date": "2022-02-03T08:09:37.780509Z",
        "label": "build-error",
        "spack-monitor-label": "error"
    },
    {
        "id": 11389,
        "phase": 38658,
        "source_file": "/usr/bin/../lib/gcc/x86_64-redhat-linux/4.8.5/../../../../include/c++/4.8.5/bits/atomic_base.h",
        "source_line_no": 1,
        "line_no": 144,
        "repeat_count": 0,
        "start": 138,
        "end": 151,
        "text": "/usr/bin/../lib/gcc/x86_64-redhat-linux/4.8.5/../../../../include/c++/4.8.5/bits/atomic_base.h:135:11: error: unknown type name '__atomic_base'",
        "pre_context": "/usr/bin/../lib/gcc/x86_64-redhat-linux/4.8.5/../../../../include/c++/4.8.5/bits/atomic_base.h:132:11: error: unknown type name '__atomic_base'\n  typedef __atomic_base<unsigned short>         atomic_ushort;\n          ^\n/usr/bin/../lib/gcc/x86_64-redhat-linux/4.8.5/../../../../include/c++/4.8.5/bits/atomic_base.h:132:24: error: expected unqualified-id\n  typedef __atomic_base<unsigned short>         atomic_ushort;\n                       ^",
        "post_context": "  typedef __atomic_base<int>                    atomic_int;\n          ^\n/usr/bin/../lib/gcc/x86_64-redhat-linux/4.8.5/../../../../include/c++/4.8.5/bits/atomic_base.h:135:24: error: expected unqualified-id\n  typedef __atomic_base<int>                    atomic_int;\n                       ^\n/usr/bin/../lib/gcc/x86_64-redhat-linux/4.8.5/../../../../include/c++/4.8.5/bits/atomic_base.h:138:11: error: unknown type name '__atomic_base'",
        "add_date": "2022-02-03T08:09:37.783951Z",
        "modify_date": "2022-02-03T08:09:37.783965Z",
        "label": "build-error",
        "spack-monitor-label": "error"
    },
    {
        "id": 11391,
        "phase": 38658,
        "source_file": "/usr/bin/../lib/gcc/x86_64-redhat-linux/4.8.5/../../../../include/c++/4.8.5/bits/atomic_base.h",
        "source_line_no": 1,
        "line_no": 150,
        "repeat_count": 0,
        "start": 144,
        "end": 157,
        "text": "/usr/bin/../lib/gcc/x86_64-redhat-linux/4.8.5/../../../../include/c++/4.8.5/bits/atomic_base.h:138:11: error: unknown type name '__atomic_base'",
        "pre_context": "/usr/bin/../lib/gcc/x86_64-redhat-linux/4.8.5/../../../../include/c++/4.8.5/bits/atomic_base.h:135:11: error: unknown type name '__atomic_base'\n  typedef __atomic_base<int>                    atomic_int;\n          ^\n/usr/bin/../lib/gcc/x86_64-redhat-linux/4.8.5/../../../../include/c++/4.8.5/bits/atomic_base.h:135:24: error: expected unqualified-id\n  typedef __atomic_base<int>                    atomic_int;\n                       ^",
        "post_context": "  typedef __atomic_base<unsigned int>           atomic_uint;\n          ^\n/usr/bin/../lib/gcc/x86_64-redhat-linux/4.8.5/../../../../include/c++/4.8.5/bits/atomic_base.h:138:24: error: expected unqualified-id\n  typedef __atomic_base<unsigned int>           atomic_uint;\n                       ^\n/usr/bin/../lib/gcc/x86_64-redhat-linux/4.8.5/../../../../include/c++/4.8.5/bits/atomic_base.h:141:11: error: unknown type name '__atomic_base'",
        "add_date": "2022-02-03T08:09:37.787807Z",
        "modify_date": "2022-02-03T08:09:37.787825Z",
        "label": "build-error",
        "spack-monitor-label": "error"
    },
    {
        "id": 11393,
        "phase": 38658,
        "source_file": "/usr/bin/../lib/gcc/x86_64-redhat-linux/4.8.5/../../../../include/c++/4.8.5/bits/atomic_base.h",
        "source_line_no": 1,
        "line_no": 156,
        "repeat_count": 0,
        "start": 150,
        "end": 163,
        "text": "/usr/bin/../lib/gcc/x86_64-redhat-linux/4.8.5/../../../../include/c++/4.8.5/bits/atomic_base.h:141:11: error: unknown type name '__atomic_base'",
        "pre_context": "/usr/bin/../lib/gcc/x86_64-redhat-linux/4.8.5/../../../../include/c++/4.8.5/bits/atomic_base.h:138:11: error: unknown type name '__atomic_base'\n  typedef __atomic_base<unsigned int>           atomic_uint;\n          ^\n/usr/bin/../lib/gcc/x86_64-redhat-linux/4.8.5/../../../../include/c++/4.8.5/bits/atomic_base.h:138:24: error: expected unqualified-id\n  typedef __atomic_base<unsigned int>           atomic_uint;\n                       ^",
        "post_context": "  typedef __atomic_base<long>                   atomic_long;\n          ^\n/usr/bin/../lib/gcc/x86_64-redhat-linux/4.8.5/../../../../include/c++/4.8.5/bits/atomic_base.h:141:24: error: expected unqualified-id\n  typedef __atomic_base<long>                   atomic_long;\n                       ^\nfatal error: too many errors emitted, stopping now [-ferror-limit=]",
        "add_date": "2022-02-03T08:09:37.791258Z",
        "modify_date": "2022-02-03T08:09:37.791272Z",
        "label": "build-error",
        "spack-monitor-label": "error"
    },
    {
        "id": 22606,
        "phase": 66723,
        "source_file": "(None,)",
        "source_line_no": 0,
        "line_no": 1925,
        "repeat_count": 0,
        "start": 1919,
        "end": 1932,
        "text": "configure: error: no papi.h found; check path for PAPI package first...",
        "pre_context": "checking for open64... yes\nchecking for pread64... yes\nchecking for pwrite64... yes\nchecking papi.h usability... no\nchecking papi.h presence... no\nchecking for papi.h... no",
        "post_context": "configure: creating ./config.status\nconfig.status: creating Makefile\nconfig.status: creating util/Makefile\nconfig.status: creating extlib/Makefile\nconfig.status: creating vtlib/Makefile\nconfig.status: creating tools/Makefile",
        "add_date": "2022-02-03T10:52:37.407524Z",
        "modify_date": "2022-02-03T10:52:37.407536Z",
        "label": "build-error",
        "spack-monitor-label": "error"
    },
    {
        "id": 22618,
        "phase": 67045,
        "source_file": "(None,)",
        "source_line_no": 0,
        "line_no": 2240,
        "repeat_count": 0,
        "start": 2234,
        "end": 2247,
        "text": "configure: error: no papi.h found; check path for PAPI package first...",
        "pre_context": "configure: error: no jvmti.h found; check path for JVMTI package first...\nconfigure: selected timer: TIMER_CYCLE_COUNTER\nconfigure: global timer: no\nchecking papi.h usability... no\nchecking papi.h presence... no\nchecking for papi.h... no",
        "post_context": "checking libcpc.h usability... no\nchecking libcpc.h presence... no\nchecking for libcpc.h... no\nconfigure: error: no libcpc.h found; check path for CPC package first...\nchecking whether we are on a NEC SX... no\nchecking sys/resource.h usability... yes",
        "add_date": "2022-02-03T10:53:44.413663Z",
        "modify_date": "2022-02-03T10:53:44.413675Z",
        "label": "build-error",
        "spack-monitor-label": "error"
    },
    {
        "id": 22352,
        "phase": 65359,
        "source_file": "(None,)",
        "source_line_no": 0,
        "line_no": 1993,
        "repeat_count": 0,
        "start": 1987,
        "end": 2000,
        "text": "configure: error: no papi.h found; check path for PAPI package first...",
        "pre_context": "checking for open64... yes\nchecking for pread64... yes\nchecking for pwrite64... yes\nchecking papi.h usability... no\nchecking papi.h presence... no\nchecking for papi.h... no",
        "post_context": "configure: creating ./config.status\nconfig.status: creating Makefile\nconfig.status: creating util/Makefile\nconfig.status: creating util/installdirs_conf.h\nconfig.status: creating extlib/Makefile\nconfig.status: creating vtlib/Makefile",
        "add_date": "2022-02-03T10:32:46.256987Z",
        "modify_date": "2022-02-03T10:32:46.257001Z",
        "label": "build-error",
        "spack-monitor-label": "error"
    },
    {
        "id": 22388,
        "phase": 65522,
        "source_file": "(None,)",
        "source_line_no": 0,
        "line_no": 2186,
        "repeat_count": 0,
        "start": 2180,
        "end": 2193,
        "text": "configure: error: no papi.h found; check path for PAPI package first...",
        "pre_context": "checking jvmti.h presence... no\nchecking for jvmti.h... no\nconfigure: error: no jvmti.h found; check path for JVMTI package first...\nchecking papi.h usability... no\nchecking papi.h presence... no\nchecking for papi.h... no",
        "post_context": "checking libcpc.h usability... no\nchecking libcpc.h presence... no\nchecking for libcpc.h... no\nconfigure: error: no libcpc.h found; check path for CPC package first...\nchecking whether we are on a NEC SX... no\nchecking sys/resource.h usability... yes",
        "add_date": "2022-02-03T10:36:25.493458Z",
        "modify_date": "2022-02-03T10:36:25.493470Z",
        "label": "build-error",
        "spack-monitor-label": "error"
    },
    {
        "id": 22422,
        "phase": 66247,
        "source_file": "(None,)",
        "source_line_no": 0,
        "line_no": 2206,
        "repeat_count": 0,
        "start": 2200,
        "end": 2213,
        "text": "configure: error: no papi.h found; check path for PAPI package first...",
        "pre_context": "checking jvmti.h presence... no\nchecking for jvmti.h... no\nconfigure: error: no jvmti.h found; check path for JVMTI package first...\nchecking papi.h usability... no\nchecking papi.h presence... no\nchecking for papi.h... no",
        "post_context": "checking libcpc.h usability... no\nchecking libcpc.h presence... no\nchecking for libcpc.h... no\nconfigure: error: no libcpc.h found; check path for CPC package first...\nchecking whether we are on a NEC SX... no\nchecking sys/resource.h usability... yes",
        "add_date": "2022-02-03T10:41:28.968006Z",
        "modify_date": "2022-02-03T10:41:28.968020Z",
        "label": "build-error",
        "spack-monitor-label": "error"
    },
    {
        "id": 22438,
        "phase": 66389,
        "source_file": "(None,)",
        "source_line_no": 0,
        "line_no": 2280,
        "repeat_count": 0,
        "start": 2274,
        "end": 2287,
        "text": "configure: error: no papi.h found; check path for PAPI package first...",
        "pre_context": "configure: error: no jvmti.h found; check path for JVMTI package first...\nconfigure: selected timer: TIMER_CYCLE_COUNTER\nconfigure: global timer: no\nchecking papi.h usability... no\nchecking papi.h presence... no\nchecking for papi.h... no",
        "post_context": "checking libcpc.h usability... no\nchecking libcpc.h presence... no\nchecking for libcpc.h... no\nconfigure: error: no libcpc.h found; check path for CPC package first...\nchecking whether we are on a NEC SX... no\nchecking sys/resource.h usability... yes",
        "add_date": "2022-02-03T10:42:59.478050Z",
        "modify_date": "2022-02-03T10:42:59.478063Z",
        "label": "build-error",
        "spack-monitor-label": "error"
    },
    {
        "id": 22468,
        "phase": 66386,
        "source_file": "(None,)",
        "source_line_no": 0,
        "line_no": 2000,
        "repeat_count": 0,
        "start": 1994,
        "end": 2007,
        "text": "configure: error: no papi.h found; check path for PAPI package first...",
        "pre_context": "checking for open64... yes\nchecking for pread64... yes\nchecking for pwrite64... yes\nchecking papi.h usability... no\nchecking papi.h presence... no\nchecking for papi.h... no",
        "post_context": "configure: creating ./config.status\nconfig.status: creating Makefile\nconfig.status: creating util/Makefile\nconfig.status: creating util/installdirs_conf.h\nconfig.status: creating extlib/Makefile\nconfig.status: creating vtlib/Makefile",
        "add_date": "2022-02-03T10:46:25.329321Z",
        "modify_date": "2022-02-03T10:46:25.329336Z",
        "label": "build-error",
        "spack-monitor-label": "error"
    },
    {
        "id": 22965,
        "phase": 68347,
        "source_file": "(None,)",
        "source_line_no": 0,
        "line_no": 2000,
        "repeat_count": 0,
        "start": 1994,
        "end": 2007,
        "text": "configure: error: no papi.h found; check path for PAPI package first...",
        "pre_context": "checking for open64... yes\nchecking for pread64... yes\nchecking for pwrite64... yes\nchecking papi.h usability... no\nchecking papi.h presence... no\nchecking for papi.h... no",
        "post_context": "configure: creating ./config.status\nconfig.status: creating Makefile\nconfig.status: creating util/Makefile\nconfig.status: creating util/installdirs_conf.h\nconfig.status: creating extlib/Makefile\nconfig.status: creating vtlib/Makefile",
        "add_date": "2022-02-03T11:24:24.318141Z",
        "modify_date": "2022-02-03T11:24:24.318153Z",
        "label": "build-error",
        "spack-monitor-label": "error"
    },
    {
        "id": 22569,
        "phase": 66689,
        "source_file": "(None,)",
        "source_line_no": 0,
        "line_no": 2551,
        "repeat_count": 0,
        "start": 2545,
        "end": 2558,
        "text": "configure: error: no papi.h found; check path for PAPI package first...",
        "pre_context": "checking jvmti.h presence... no\nchecking for jvmti.h... no\nconfigure: error: no jvmti.h found; check path for JVMTI package first...\nchecking papi.h usability... no\nchecking papi.h presence... no\nchecking for papi.h... no",
        "post_context": "checking libcpc.h usability... no\nchecking libcpc.h presence... no\nchecking for libcpc.h... no\nconfigure: error: no libcpc.h found; check path for CPC package first...\nchecking whether we are on a NEC SX... no\nchecking sys/resource.h usability... yes",
        "add_date": "2022-02-03T10:48:47.675022Z",
        "modify_date": "2022-02-03T10:48:47.675035Z",
        "label": "build-error",
        "spack-monitor-label": "error"
    },
    {
        "id": 10018,
        "phase": 38651,
        "source_file": "/usr/bin/../lib/gcc/x86_64-redhat-linux/4.8.5/../../../../include/c++/4.8.5/bits/atomic_base.h",
        "source_line_no": 1,
        "line_no": 54,
        "repeat_count": 0,
        "start": 48,
        "end": 61,
        "text": "/usr/bin/../lib/gcc/x86_64-redhat-linux/4.8.5/../../../../include/c++/4.8.5/bits/atomic_base.h:123:11: error: unknown type name '__atomic_base'",
        "pre_context": "/usr/bin/../lib/gcc/x86_64-redhat-linux/4.8.5/../../../../include/c++/4.8.5/bits/atomic_base.h:120:11: error: unknown type name '__atomic_base'\n  typedef __atomic_base<char>                   atomic_char;\n          ^\n/usr/bin/../lib/gcc/x86_64-redhat-linux/4.8.5/../../../../include/c++/4.8.5/bits/atomic_base.h:120:24: error: expected unqualified-id\n  typedef __atomic_base<char>                   atomic_char;\n                       ^",
        "post_context": "  typedef __atomic_base<signed char>            atomic_schar;\n          ^\n/usr/bin/../lib/gcc/x86_64-redhat-linux/4.8.5/../../../../include/c++/4.8.5/bits/atomic_base.h:123:24: error: expected unqualified-id\n  typedef __atomic_base<signed char>            atomic_schar;\n                       ^\n/usr/bin/../lib/gcc/x86_64-redhat-linux/4.8.5/../../../../include/c++/4.8.5/bits/atomic_base.h:126:11: error: unknown type name '__atomic_base'",
        "add_date": "2022-02-03T08:09:31.390053Z",
        "modify_date": "2022-02-03T08:09:31.390067Z",
        "label": "build-error",
        "spack-monitor-label": "error"
    },
    {
        "id": 10020,
        "phase": 38651,
        "source_file": "/usr/bin/../lib/gcc/x86_64-redhat-linux/4.8.5/../../../../include/c++/4.8.5/bits/atomic_base.h",
        "source_line_no": 1,
        "line_no": 60,
        "repeat_count": 0,
        "start": 54,
        "end": 67,
        "text": "/usr/bin/../lib/gcc/x86_64-redhat-linux/4.8.5/../../../../include/c++/4.8.5/bits/atomic_base.h:126:11: error: unknown type name '__atomic_base'",
        "pre_context": "/usr/bin/../lib/gcc/x86_64-redhat-linux/4.8.5/../../../../include/c++/4.8.5/bits/atomic_base.h:123:11: error: unknown type name '__atomic_base'\n  typedef __atomic_base<signed char>            atomic_schar;\n          ^\n/usr/bin/../lib/gcc/x86_64-redhat-linux/4.8.5/../../../../include/c++/4.8.5/bits/atomic_base.h:123:24: error: expected unqualified-id\n  typedef __atomic_base<signed char>            atomic_schar;\n                       ^",
        "post_context": "  typedef __atomic_base<unsigned char>          atomic_uchar;\n          ^\n/usr/bin/../lib/gcc/x86_64-redhat-linux/4.8.5/../../../../include/c++/4.8.5/bits/atomic_base.h:126:24: error: expected unqualified-id\n  typedef __atomic_base<unsigned char>          atomic_uchar;\n                       ^\n/usr/bin/../lib/gcc/x86_64-redhat-linux/4.8.5/../../../../include/c++/4.8.5/bits/atomic_base.h:129:11: error: unknown type name '__atomic_base'",
        "add_date": "2022-02-03T08:09:31.394260Z",
        "modify_date": "2022-02-03T08:09:31.394272Z",
        "label": "build-error",
        "spack-monitor-label": "error"
    },
    {
        "id": 10022,
        "phase": 38651,
        "source_file": "/usr/bin/../lib/gcc/x86_64-redhat-linux/4.8.5/../../../../include/c++/4.8.5/bits/atomic_base.h",
        "source_line_no": 1,
        "line_no": 66,
        "repeat_count": 0,
        "start": 60,
        "end": 73,
        "text": "/usr/bin/../lib/gcc/x86_64-redhat-linux/4.8.5/../../../../include/c++/4.8.5/bits/atomic_base.h:129:11: error: unknown type name '__atomic_base'",
        "pre_context": "/usr/bin/../lib/gcc/x86_64-redhat-linux/4.8.5/../../../../include/c++/4.8.5/bits/atomic_base.h:126:11: error: unknown type name '__atomic_base'\n  typedef __atomic_base<unsigned char>          atomic_uchar;\n          ^\n/usr/bin/../lib/gcc/x86_64-redhat-linux/4.8.5/../../../../include/c++/4.8.5/bits/atomic_base.h:126:24: error: expected unqualified-id\n  typedef __atomic_base<unsigned char>          atomic_uchar;\n                       ^",
        "post_context": "  typedef __atomic_base<short>                  atomic_short;\n          ^\n/usr/bin/../lib/gcc/x86_64-redhat-linux/4.8.5/../../../../include/c++/4.8.5/bits/atomic_base.h:129:24: error: expected unqualified-id\n  typedef __atomic_base<short>                  atomic_short;\n                       ^\n/usr/bin/../lib/gcc/x86_64-redhat-linux/4.8.5/../../../../include/c++/4.8.5/bits/atomic_base.h:132:11: error: unknown type name '__atomic_base'",
        "add_date": "2022-02-03T08:09:31.398330Z",
        "modify_date": "2022-02-03T08:09:31.398346Z",
        "label": "build-error",
        "spack-monitor-label": "error"
    },
    {
        "id": 10024,
        "phase": 38651,
        "source_file": "/usr/bin/../lib/gcc/x86_64-redhat-linux/4.8.5/../../../../include/c++/4.8.5/bits/atomic_base.h",
        "source_line_no": 1,
        "line_no": 72,
        "repeat_count": 0,
        "start": 66,
        "end": 79,
        "text": "/usr/bin/../lib/gcc/x86_64-redhat-linux/4.8.5/../../../../include/c++/4.8.5/bits/atomic_base.h:132:11: error: unknown type name '__atomic_base'",
        "pre_context": "/usr/bin/../lib/gcc/x86_64-redhat-linux/4.8.5/../../../../include/c++/4.8.5/bits/atomic_base.h:129:11: error: unknown type name '__atomic_base'\n  typedef __atomic_base<short>                  atomic_short;\n          ^\n/usr/bin/../lib/gcc/x86_64-redhat-linux/4.8.5/../../../../include/c++/4.8.5/bits/atomic_base.h:129:24: error: expected unqualified-id\n  typedef __atomic_base<short>                  atomic_short;\n                       ^",
        "post_context": "  typedef __atomic_base<unsigned short>         atomic_ushort;\n          ^\n/usr/bin/../lib/gcc/x86_64-redhat-linux/4.8.5/../../../../include/c++/4.8.5/bits/atomic_base.h:132:24: error: expected unqualified-id\n  typedef __atomic_base<unsigned short>         atomic_ushort;\n                       ^\n/usr/bin/../lib/gcc/x86_64-redhat-linux/4.8.5/../../../../include/c++/4.8.5/bits/atomic_base.h:135:11: error: unknown type name '__atomic_base'",
        "add_date": "2022-02-03T08:09:31.402091Z",
        "modify_date": "2022-02-03T08:09:31.402105Z",
        "label": "build-error",
        "spack-monitor-label": "error"
    },
    {
        "id": 10026,
        "phase": 38651,
        "source_file": "/usr/bin/../lib/gcc/x86_64-redhat-linux/4.8.5/../../../../include/c++/4.8.5/bits/atomic_base.h",
        "source_line_no": 1,
        "line_no": 78,
        "repeat_count": 0,
        "start": 72,
        "end": 85,
        "text": "/usr/bin/../lib/gcc/x86_64-redhat-linux/4.8.5/../../../../include/c++/4.8.5/bits/atomic_base.h:135:11: error: unknown type name '__atomic_base'",
        "pre_context": "/usr/bin/../lib/gcc/x86_64-redhat-linux/4.8.5/../../../../include/c++/4.8.5/bits/atomic_base.h:132:11: error: unknown type name '__atomic_base'\n  typedef __atomic_base<unsigned short>         atomic_ushort;\n          ^\n/usr/bin/../lib/gcc/x86_64-redhat-linux/4.8.5/../../../../include/c++/4.8.5/bits/atomic_base.h:132:24: error: expected unqualified-id\n  typedef __atomic_base<unsigned short>         atomic_ushort;\n                       ^",
        "post_context": "  typedef __atomic_base<int>                    atomic_int;\n          ^\n/usr/bin/../lib/gcc/x86_64-redhat-linux/4.8.5/../../../../include/c++/4.8.5/bits/atomic_base.h:135:24: error: expected unqualified-id\n  typedef __atomic_base<int>                    atomic_int;\n                       ^\n/usr/bin/../lib/gcc/x86_64-redhat-linux/4.8.5/../../../../include/c++/4.8.5/bits/atomic_base.h:138:11: error: unknown type name '__atomic_base'",
        "add_date": "2022-02-03T08:09:31.405464Z",
        "modify_date": "2022-02-03T08:09:31.405478Z",
        "label": "build-error",
        "spack-monitor-label": "error"
    },
    {
        "id": 10028,
        "phase": 38651,
        "source_file": "/usr/bin/../lib/gcc/x86_64-redhat-linux/4.8.5/../../../../include/c++/4.8.5/bits/atomic_base.h",
        "source_line_no": 1,
        "line_no": 84,
        "repeat_count": 0,
        "start": 78,
        "end": 91,
        "text": "/usr/bin/../lib/gcc/x86_64-redhat-linux/4.8.5/../../../../include/c++/4.8.5/bits/atomic_base.h:138:11: error: unknown type name '__atomic_base'",
        "pre_context": "/usr/bin/../lib/gcc/x86_64-redhat-linux/4.8.5/../../../../include/c++/4.8.5/bits/atomic_base.h:135:11: error: unknown type name '__atomic_base'\n  typedef __atomic_base<int>                    atomic_int;\n          ^\n/usr/bin/../lib/gcc/x86_64-redhat-linux/4.8.5/../../../../include/c++/4.8.5/bits/atomic_base.h:135:24: error: expected unqualified-id\n  typedef __atomic_base<int>                    atomic_int;\n                       ^",
        "post_context": "  typedef __atomic_base<unsigned int>           atomic_uint;\n          ^\n/usr/bin/../lib/gcc/x86_64-redhat-linux/4.8.5/../../../../include/c++/4.8.5/bits/atomic_base.h:138:24: error: expected unqualified-id\n  typedef __atomic_base<unsigned int>           atomic_uint;\n                       ^\n/usr/bin/../lib/gcc/x86_64-redhat-linux/4.8.5/../../../../include/c++/4.8.5/bits/atomic_base.h:141:11: error: unknown type name '__atomic_base'",
        "add_date": "2022-02-03T08:09:31.408930Z",
        "modify_date": "2022-02-03T08:09:31.408944Z",
        "label": "build-error",
        "spack-monitor-label": "error"
    },
    {
        "id": 10030,
        "phase": 38651,
        "source_file": "/usr/bin/../lib/gcc/x86_64-redhat-linux/4.8.5/../../../../include/c++/4.8.5/bits/atomic_base.h",
        "source_line_no": 1,
        "line_no": 90,
        "repeat_count": 0,
        "start": 84,
        "end": 97,
        "text": "/usr/bin/../lib/gcc/x86_64-redhat-linux/4.8.5/../../../../include/c++/4.8.5/bits/atomic_base.h:141:11: error: unknown type name '__atomic_base'",
        "pre_context": "/usr/bin/../lib/gcc/x86_64-redhat-linux/4.8.5/../../../../include/c++/4.8.5/bits/atomic_base.h:138:11: error: unknown type name '__atomic_base'\n  typedef __atomic_base<unsigned int>           atomic_uint;\n          ^\n/usr/bin/../lib/gcc/x86_64-redhat-linux/4.8.5/../../../../include/c++/4.8.5/bits/atomic_base.h:138:24: error: expected unqualified-id\n  typedef __atomic_base<unsigned int>           atomic_uint;\n                       ^",
        "post_context": "  typedef __atomic_base<long>                   atomic_long;\n          ^\n/usr/bin/../lib/gcc/x86_64-redhat-linux/4.8.5/../../../../include/c++/4.8.5/bits/atomic_base.h:141:24: error: expected unqualified-id\n  typedef __atomic_base<long>                   atomic_long;\n                       ^\nfatal error: too many errors emitted, stopping now [-ferror-limit=]",
        "add_date": "2022-02-03T08:09:31.412716Z",
        "modify_date": "2022-02-03T08:09:31.412730Z",
        "label": "build-error",
        "spack-monitor-label": "error"
    },
    {
        "id": 10035,
        "phase": 38651,
        "source_file": "/usr/bin/../lib/gcc/x86_64-redhat-linux/4.8.5/../../../../include/c++/4.8.5/bits/atomic_base.h",
        "source_line_no": 1,
        "line_no": 113,
        "repeat_count": 0,
        "start": 107,
        "end": 120,
        "text": "/usr/bin/../lib/gcc/x86_64-redhat-linux/4.8.5/../../../../include/c++/4.8.5/bits/atomic_base.h:120:11: error: unknown type name '__atomic_base'",
        "pre_context": "/usr/bin/../lib/gcc/x86_64-redhat-linux/4.8.5/../../../../include/c++/4.8.5/bits/atomic_base.h:70:3: error: unknown type name 'constexpr'\n  constexpr memory_order\n  ^\n/usr/bin/../lib/gcc/x86_64-redhat-linux/4.8.5/../../../../include/c++/4.8.5/bits/atomic_base.h:70:25: error: expected ';' after top level declarator\n  constexpr memory_order\n                        ^",
        "post_context": "  typedef __atomic_base<char>                   atomic_char;\n          ^\n/usr/bin/../lib/gcc/x86_64-redhat-linux/4.8.5/../../../../include/c++/4.8.5/bits/atomic_base.h:120:24: error: expected unqualified-id\n  typedef __atomic_base<char>                   atomic_char;\n                       ^\n/usr/bin/../lib/gcc/x86_64-redhat-linux/4.8.5/../../../../include/c++/4.8.5/bits/atomic_base.h:123:11: error: unknown type name '__atomic_base'",
        "add_date": "2022-02-03T08:09:31.421493Z",
        "modify_date": "2022-02-03T08:09:31.421507Z",
        "label": "build-error",
        "spack-monitor-label": "error"
    },
    {
        "id": 10037,
        "phase": 38651,
        "source_file": "/usr/bin/../lib/gcc/x86_64-redhat-linux/4.8.5/../../../../include/c++/4.8.5/bits/atomic_base.h",
        "source_line_no": 1,
        "line_no": 119,
        "repeat_count": 0,
        "start": 113,
        "end": 126,
        "text": "/usr/bin/../lib/gcc/x86_64-redhat-linux/4.8.5/../../../../include/c++/4.8.5/bits/atomic_base.h:123:11: error: unknown type name '__atomic_base'",
        "pre_context": "/usr/bin/../lib/gcc/x86_64-redhat-linux/4.8.5/../../../../include/c++/4.8.5/bits/atomic_base.h:120:11: error: unknown type name '__atomic_base'\n  typedef __atomic_base<char>                   atomic_char;\n          ^\n/usr/bin/../lib/gcc/x86_64-redhat-linux/4.8.5/../../../../include/c++/4.8.5/bits/atomic_base.h:120:24: error: expected unqualified-id\n  typedef __atomic_base<char>                   atomic_char;\n                       ^",
        "post_context": "  typedef __atomic_base<signed char>            atomic_schar;\n          ^\n/usr/bin/../lib/gcc/x86_64-redhat-linux/4.8.5/../../../../include/c++/4.8.5/bits/atomic_base.h:123:24: error: expected unqualified-id\n  typedef __atomic_base<signed char>            atomic_schar;\n                       ^\n/usr/bin/../lib/gcc/x86_64-redhat-linux/4.8.5/../../../../include/c++/4.8.5/bits/atomic_base.h:126:11: error: unknown type name '__atomic_base'",
        "add_date": "2022-02-03T08:09:31.425231Z",
        "modify_date": "2022-02-03T08:09:31.425244Z",
        "label": "build-error",
        "spack-monitor-label": "error"
    },
    {
        "id": 10039,
        "phase": 38651,
        "source_file": "/usr/bin/../lib/gcc/x86_64-redhat-linux/4.8.5/../../../../include/c++/4.8.5/bits/atomic_base.h",
        "source_line_no": 1,
        "line_no": 125,
        "repeat_count": 0,
        "start": 119,
        "end": 132,
        "text": "/usr/bin/../lib/gcc/x86_64-redhat-linux/4.8.5/../../../../include/c++/4.8.5/bits/atomic_base.h:126:11: error: unknown type name '__atomic_base'",
        "pre_context": "/usr/bin/../lib/gcc/x86_64-redhat-linux/4.8.5/../../../../include/c++/4.8.5/bits/atomic_base.h:123:11: error: unknown type name '__atomic_base'\n  typedef __atomic_base<signed char>            atomic_schar;\n          ^\n/usr/bin/../lib/gcc/x86_64-redhat-linux/4.8.5/../../../../include/c++/4.8.5/bits/atomic_base.h:123:24: error: expected unqualified-id\n  typedef __atomic_base<signed char>            atomic_schar;\n                       ^",
        "post_context": "  typedef __atomic_base<unsigned char>          atomic_uchar;\n          ^\n/usr/bin/../lib/gcc/x86_64-redhat-linux/4.8.5/../../../../include/c++/4.8.5/bits/atomic_base.h:126:24: error: expected unqualified-id\n  typedef __atomic_base<unsigned char>          atomic_uchar;\n                       ^\n/usr/bin/../lib/gcc/x86_64-redhat-linux/4.8.5/../../../../include/c++/4.8.5/bits/atomic_base.h:129:11: error: unknown type name '__atomic_base'",
        "add_date": "2022-02-03T08:09:31.430691Z",
        "modify_date": "2022-02-03T08:09:31.430703Z",
        "label": "build-error",
        "spack-monitor-label": "error"
    },
    {
        "id": 10041,
        "phase": 38651,
        "source_file": "/usr/bin/../lib/gcc/x86_64-redhat-linux/4.8.5/../../../../include/c++/4.8.5/bits/atomic_base.h",
        "source_line_no": 1,
        "line_no": 131,
        "repeat_count": 0,
        "start": 125,
        "end": 138,
        "text": "/usr/bin/../lib/gcc/x86_64-redhat-linux/4.8.5/../../../../include/c++/4.8.5/bits/atomic_base.h:129:11: error: unknown type name '__atomic_base'",
        "pre_context": "/usr/bin/../lib/gcc/x86_64-redhat-linux/4.8.5/../../../../include/c++/4.8.5/bits/atomic_base.h:126:11: error: unknown type name '__atomic_base'\n  typedef __atomic_base<unsigned char>          atomic_uchar;\n          ^\n/usr/bin/../lib/gcc/x86_64-redhat-linux/4.8.5/../../../../include/c++/4.8.5/bits/atomic_base.h:126:24: error: expected unqualified-id\n  typedef __atomic_base<unsigned char>          atomic_uchar;\n                       ^",
        "post_context": "  typedef __atomic_base<short>                  atomic_short;\n          ^\n/usr/bin/../lib/gcc/x86_64-redhat-linux/4.8.5/../../../../include/c++/4.8.5/bits/atomic_base.h:129:24: error: expected unqualified-id\n  typedef __atomic_base<short>                  atomic_short;\n                       ^\n/usr/bin/../lib/gcc/x86_64-redhat-linux/4.8.5/../../../../include/c++/4.8.5/bits/atomic_base.h:132:11: error: unknown type name '__atomic_base'",
        "add_date": "2022-02-03T08:09:31.433675Z",
        "modify_date": "2022-02-03T08:09:31.433687Z",
        "label": "build-error",
        "spack-monitor-label": "error"
    },
    {
        "id": 10043,
        "phase": 38651,
        "source_file": "/usr/bin/../lib/gcc/x86_64-redhat-linux/4.8.5/../../../../include/c++/4.8.5/bits/atomic_base.h",
        "source_line_no": 1,
        "line_no": 137,
        "repeat_count": 0,
        "start": 131,
        "end": 144,
        "text": "/usr/bin/../lib/gcc/x86_64-redhat-linux/4.8.5/../../../../include/c++/4.8.5/bits/atomic_base.h:132:11: error: unknown type name '__atomic_base'",
        "pre_context": "/usr/bin/../lib/gcc/x86_64-redhat-linux/4.8.5/../../../../include/c++/4.8.5/bits/atomic_base.h:129:11: error: unknown type name '__atomic_base'\n  typedef __atomic_base<short>                  atomic_short;\n          ^\n/usr/bin/../lib/gcc/x86_64-redhat-linux/4.8.5/../../../../include/c++/4.8.5/bits/atomic_base.h:129:24: error: expected unqualified-id\n  typedef __atomic_base<short>                  atomic_short;\n                       ^",
        "post_context": "  typedef __atomic_base<unsigned short>         atomic_ushort;\n          ^\n/usr/bin/../lib/gcc/x86_64-redhat-linux/4.8.5/../../../../include/c++/4.8.5/bits/atomic_base.h:132:24: error: expected unqualified-id\n  typedef __atomic_base<unsigned short>         atomic_ushort;\n                       ^\n/usr/bin/../lib/gcc/x86_64-redhat-linux/4.8.5/../../../../include/c++/4.8.5/bits/atomic_base.h:135:11: error: unknown type name '__atomic_base'",
        "add_date": "2022-02-03T08:09:31.436938Z",
        "modify_date": "2022-02-03T08:09:31.436950Z",
        "label": "build-error",
        "spack-monitor-label": "error"
    },
    {
        "id": 10045,
        "phase": 38651,
        "source_file": "/usr/bin/../lib/gcc/x86_64-redhat-linux/4.8.5/../../../../include/c++/4.8.5/bits/atomic_base.h",
        "source_line_no": 1,
        "line_no": 143,
        "repeat_count": 0,
        "start": 137,
        "end": 150,
        "text": "/usr/bin/../lib/gcc/x86_64-redhat-linux/4.8.5/../../../../include/c++/4.8.5/bits/atomic_base.h:135:11: error: unknown type name '__atomic_base'",
        "pre_context": "/usr/bin/../lib/gcc/x86_64-redhat-linux/4.8.5/../../../../include/c++/4.8.5/bits/atomic_base.h:132:11: error: unknown type name '__atomic_base'\n  typedef __atomic_base<unsigned short>         atomic_ushort;\n          ^\n/usr/bin/../lib/gcc/x86_64-redhat-linux/4.8.5/../../../../include/c++/4.8.5/bits/atomic_base.h:132:24: error: expected unqualified-id\n  typedef __atomic_base<unsigned short>         atomic_ushort;\n                       ^",
        "post_context": "  typedef __atomic_base<int>                    atomic_int;\n          ^\n/usr/bin/../lib/gcc/x86_64-redhat-linux/4.8.5/../../../../include/c++/4.8.5/bits/atomic_base.h:135:24: error: expected unqualified-id\n  typedef __atomic_base<int>                    atomic_int;\n                       ^\n/usr/bin/../lib/gcc/x86_64-redhat-linux/4.8.5/../../../../include/c++/4.8.5/bits/atomic_base.h:138:11: error: unknown type name '__atomic_base'",
        "add_date": "2022-02-03T08:09:31.440326Z",
        "modify_date": "2022-02-03T08:09:31.440339Z",
        "label": "build-error",
        "spack-monitor-label": "error"
    },
    {
        "id": 10047,
        "phase": 38651,
        "source_file": "/usr/bin/../lib/gcc/x86_64-redhat-linux/4.8.5/../../../../include/c++/4.8.5/bits/atomic_base.h",
        "source_line_no": 1,
        "line_no": 149,
        "repeat_count": 0,
        "start": 143,
        "end": 156,
        "text": "/usr/bin/../lib/gcc/x86_64-redhat-linux/4.8.5/../../../../include/c++/4.8.5/bits/atomic_base.h:138:11: error: unknown type name '__atomic_base'",
        "pre_context": "/usr/bin/../lib/gcc/x86_64-redhat-linux/4.8.5/../../../../include/c++/4.8.5/bits/atomic_base.h:135:11: error: unknown type name '__atomic_base'\n  typedef __atomic_base<int>                    atomic_int;\n          ^\n/usr/bin/../lib/gcc/x86_64-redhat-linux/4.8.5/../../../../include/c++/4.8.5/bits/atomic_base.h:135:24: error: expected unqualified-id\n  typedef __atomic_base<int>                    atomic_int;\n                       ^",
        "post_context": "  typedef __atomic_base<unsigned int>           atomic_uint;\n          ^\n/usr/bin/../lib/gcc/x86_64-redhat-linux/4.8.5/../../../../include/c++/4.8.5/bits/atomic_base.h:138:24: error: expected unqualified-id\n  typedef __atomic_base<unsigned int>           atomic_uint;\n                       ^\n/usr/bin/../lib/gcc/x86_64-redhat-linux/4.8.5/../../../../include/c++/4.8.5/bits/atomic_base.h:141:11: error: unknown type name '__atomic_base'",
        "add_date": "2022-02-03T08:09:31.443692Z",
        "modify_date": "2022-02-03T08:09:31.443704Z",
        "label": "build-error",
        "spack-monitor-label": "error"
    },
    {
        "id": 11360,
        "phase": 38658,
        "source_file": "/usr/bin/../lib/gcc/x86_64-redhat-linux/4.8.5/../../../../include/c++/4.8.5/bits/atomic_base.h",
        "source_line_no": 1,
        "line_no": 48,
        "repeat_count": 0,
        "start": 42,
        "end": 55,
        "text": "/usr/bin/../lib/gcc/x86_64-redhat-linux/4.8.5/../../../../include/c++/4.8.5/bits/atomic_base.h:120:11: error: unknown type name '__atomic_base'",
        "pre_context": "/usr/bin/../lib/gcc/x86_64-redhat-linux/4.8.5/../../../../include/c++/4.8.5/bits/atomic_base.h:70:3: error: unknown type name 'constexpr'\n  constexpr memory_order\n  ^\n/usr/bin/../lib/gcc/x86_64-redhat-linux/4.8.5/../../../../include/c++/4.8.5/bits/atomic_base.h:70:25: error: expected ';' after top level declarator\n  constexpr memory_order\n                        ^",
        "post_context": "  typedef __atomic_base<char>                   atomic_char;\n          ^\n/usr/bin/../lib/gcc/x86_64-redhat-linux/4.8.5/../../../../include/c++/4.8.5/bits/atomic_base.h:120:24: error: expected unqualified-id\n  typedef __atomic_base<char>                   atomic_char;\n                       ^\n/usr/bin/../lib/gcc/x86_64-redhat-linux/4.8.5/../../../../include/c++/4.8.5/bits/atomic_base.h:123:11: error: unknown type name '__atomic_base'",
        "add_date": "2022-02-03T08:09:37.729756Z",
        "modify_date": "2022-02-03T08:09:37.729776Z",
        "label": "build-error",
        "spack-monitor-label": "error"
    },
    {
        "id": 11362,
        "phase": 38658,
        "source_file": "/usr/bin/../lib/gcc/x86_64-redhat-linux/4.8.5/../../../../include/c++/4.8.5/bits/atomic_base.h",
        "source_line_no": 1,
        "line_no": 54,
        "repeat_count": 0,
        "start": 48,
        "end": 61,
        "text": "/usr/bin/../lib/gcc/x86_64-redhat-linux/4.8.5/../../../../include/c++/4.8.5/bits/atomic_base.h:123:11: error: unknown type name '__atomic_base'",
        "pre_context": "/usr/bin/../lib/gcc/x86_64-redhat-linux/4.8.5/../../../../include/c++/4.8.5/bits/atomic_base.h:120:11: error: unknown type name '__atomic_base'\n  typedef __atomic_base<char>                   atomic_char;\n          ^\n/usr/bin/../lib/gcc/x86_64-redhat-linux/4.8.5/../../../../include/c++/4.8.5/bits/atomic_base.h:120:24: error: expected unqualified-id\n  typedef __atomic_base<char>                   atomic_char;\n                       ^",
        "post_context": "  typedef __atomic_base<signed char>            atomic_schar;\n          ^\n/usr/bin/../lib/gcc/x86_64-redhat-linux/4.8.5/../../../../include/c++/4.8.5/bits/atomic_base.h:123:24: error: expected unqualified-id\n  typedef __atomic_base<signed char>            atomic_schar;\n                       ^\n/usr/bin/../lib/gcc/x86_64-redhat-linux/4.8.5/../../../../include/c++/4.8.5/bits/atomic_base.h:126:11: error: unknown type name '__atomic_base'",
        "add_date": "2022-02-03T08:09:37.733448Z",
        "modify_date": "2022-02-03T08:09:37.733467Z",
        "label": "build-error",
        "spack-monitor-label": "error"
    },
    {
        "id": 11364,
        "phase": 38658,
        "source_file": "/usr/bin/../lib/gcc/x86_64-redhat-linux/4.8.5/../../../../include/c++/4.8.5/bits/atomic_base.h",
        "source_line_no": 1,
        "line_no": 60,
        "repeat_count": 0,
        "start": 54,
        "end": 67,
        "text": "/usr/bin/../lib/gcc/x86_64-redhat-linux/4.8.5/../../../../include/c++/4.8.5/bits/atomic_base.h:126:11: error: unknown type name '__atomic_base'",
        "pre_context": "/usr/bin/../lib/gcc/x86_64-redhat-linux/4.8.5/../../../../include/c++/4.8.5/bits/atomic_base.h:123:11: error: unknown type name '__atomic_base'\n  typedef __atomic_base<signed char>            atomic_schar;\n          ^\n/usr/bin/../lib/gcc/x86_64-redhat-linux/4.8.5/../../../../include/c++/4.8.5/bits/atomic_base.h:123:24: error: expected unqualified-id\n  typedef __atomic_base<signed char>            atomic_schar;\n                       ^",
        "post_context": "  typedef __atomic_base<unsigned char>          atomic_uchar;\n          ^\n/usr/bin/../lib/gcc/x86_64-redhat-linux/4.8.5/../../../../include/c++/4.8.5/bits/atomic_base.h:126:24: error: expected unqualified-id\n  typedef __atomic_base<unsigned char>          atomic_uchar;\n                       ^\n/usr/bin/../lib/gcc/x86_64-redhat-linux/4.8.5/../../../../include/c++/4.8.5/bits/atomic_base.h:129:11: error: unknown type name '__atomic_base'",
        "add_date": "2022-02-03T08:09:37.737273Z",
        "modify_date": "2022-02-03T08:09:37.737288Z",
        "label": "build-error",
        "spack-monitor-label": "error"
    },
    {
        "id": 11378,
        "phase": 38658,
        "source_file": "(None,)",
        "source_line_no": 0,
        "line_no": 108,
        "repeat_count": 0,
        "start": 102,
        "end": 115,
        "text": "typedef __atomic_base<char>                   atomic_char;/usr/bin/../lib/gcc/x86_64-redhat-linux/4.8.5/../../../../include/c++/4.8.5/bits/atomic_base.h:141:11: error: unknown type name '__atomic_base'",
        "pre_context": "                        ^\n\n/usr/bin/../lib/gcc/x86_64-redhat-linux/4.8.5/../../../../include/c++/4.8.5/bits/atomic_base.h:138:24: error: expected unqualified-id\n  typedef __atomic_base<unsigned int>           atomic_uint;\n                       ^\n/usr/bin/../lib/gcc/x86_64-redhat-linux/4.8.5/../../../../include/c++/4.8.5/bits/atomic_base.h:120:11: error: unknown type name '__atomic_base'",
        "post_context": "  typedef __atomic_base<long>                   atomic_long;\n          ^\n/usr/bin/../lib/gcc/x86_64-redhat-linux/4.8.5/../../../../include/c++/4.8.5/bits/atomic_base.h:141:24: error: expected unqualified-id\n  typedef __atomic_base<long>                   atomic_long;\n                       ^\n",
        "add_date": "2022-02-03T08:09:37.761732Z",
        "modify_date": "2022-02-03T08:09:37.761750Z",
        "label": "build-error",
        "spack-monitor-label": "error"
    },
    {
        "id": 11366,
        "phase": 38658,
        "source_file": "/usr/bin/../lib/gcc/x86_64-redhat-linux/4.8.5/../../../../include/c++/4.8.5/bits/atomic_base.h",
        "source_line_no": 1,
        "line_no": 66,
        "repeat_count": 0,
        "start": 60,
        "end": 73,
        "text": "/usr/bin/../lib/gcc/x86_64-redhat-linux/4.8.5/../../../../include/c++/4.8.5/bits/atomic_base.h:129:11: error: unknown type name '__atomic_base'",
        "pre_context": "/usr/bin/../lib/gcc/x86_64-redhat-linux/4.8.5/../../../../include/c++/4.8.5/bits/atomic_base.h:126:11: error: unknown type name '__atomic_base'\n  typedef __atomic_base<unsigned char>          atomic_uchar;\n          ^\n/usr/bin/../lib/gcc/x86_64-redhat-linux/4.8.5/../../../../include/c++/4.8.5/bits/atomic_base.h:126:24: error: expected unqualified-id\n  typedef __atomic_base<unsigned char>          atomic_uchar;\n                       ^",
        "post_context": "  typedef __atomic_base<short>                  atomic_short;\n          ^\n/usr/bin/../lib/gcc/x86_64-redhat-linux/4.8.5/../../../../include/c++/4.8.5/bits/atomic_base.h:129:24: error: expected unqualified-id\n  typedef __atomic_base<short>                  atomic_short;\n                       ^\n/usr/bin/../lib/gcc/x86_64-redhat-linux/4.8.5/../../../../include/c++/4.8.5/bits/atomic_base.h:132:11: error: unknown type name '__atomic_base'",
        "add_date": "2022-02-03T08:09:37.740509Z",
        "modify_date": "2022-02-03T08:09:37.740523Z",
        "label": "build-error",
        "spack-monitor-label": "error"
    },
    {
        "id": 11368,
        "phase": 38658,
        "source_file": "/usr/bin/../lib/gcc/x86_64-redhat-linux/4.8.5/../../../../include/c++/4.8.5/bits/atomic_base.h",
        "source_line_no": 1,
        "line_no": 72,
        "repeat_count": 0,
        "start": 66,
        "end": 79,
        "text": "/usr/bin/../lib/gcc/x86_64-redhat-linux/4.8.5/../../../../include/c++/4.8.5/bits/atomic_base.h:132:11: error: unknown type name '__atomic_base'",
        "pre_context": "/usr/bin/../lib/gcc/x86_64-redhat-linux/4.8.5/../../../../include/c++/4.8.5/bits/atomic_base.h:129:11: error: unknown type name '__atomic_base'\n  typedef __atomic_base<short>                  atomic_short;\n          ^\n/usr/bin/../lib/gcc/x86_64-redhat-linux/4.8.5/../../../../include/c++/4.8.5/bits/atomic_base.h:129:24: error: expected unqualified-id\n  typedef __atomic_base<short>                  atomic_short;\n                       ^",
        "post_context": "  typedef __atomic_base<unsigned short>         atomic_ushort;\n          ^\n/usr/bin/../lib/gcc/x86_64-redhat-linux/4.8.5/../../../../include/c++/4.8.5/bits/atomic_base.h:132:24: error: expected unqualified-id\n  typedef __atomic_base<unsigned short>         atomic_ushort;\n                       ^\n/usr/bin/../lib/gcc/x86_64-redhat-linux/4.8.5/../../../../include/c++/4.8.5/bits/atomic_base.h:135:11: error: unknown type name '__atomic_base'",
        "add_date": "2022-02-03T08:09:37.744152Z",
        "modify_date": "2022-02-03T08:09:37.744165Z",
        "label": "build-error",
        "spack-monitor-label": "error"
    },
    {
        "id": 11370,
        "phase": 38658,
        "source_file": "/usr/bin/../lib/gcc/x86_64-redhat-linux/4.8.5/../../../../include/c++/4.8.5/bits/atomic_base.h",
        "source_line_no": 1,
        "line_no": 78,
        "repeat_count": 0,
        "start": 72,
        "end": 85,
        "text": "/usr/bin/../lib/gcc/x86_64-redhat-linux/4.8.5/../../../../include/c++/4.8.5/bits/atomic_base.h:135:11: error: unknown type name '__atomic_base'",
        "pre_context": "/usr/bin/../lib/gcc/x86_64-redhat-linux/4.8.5/../../../../include/c++/4.8.5/bits/atomic_base.h:132:11: error: unknown type name '__atomic_base'\n  typedef __atomic_base<unsigned short>         atomic_ushort;\n          ^\n/usr/bin/../lib/gcc/x86_64-redhat-linux/4.8.5/../../../../include/c++/4.8.5/bits/atomic_base.h:132:24: error: expected unqualified-id\n  typedef __atomic_base<unsigned short>         atomic_ushort;\n                       ^",
        "post_context": "  typedef __atomic_base<int>                    atomic_int;\n          ^\n/usr/bin/../lib/gcc/x86_64-redhat-linux/4.8.5/../../../../include/c++/4.8.5/bits/atomic_base.h:135:24: error: expected unqualified-id\n  typedef __atomic_base<int>                    atomic_int;\n                       ^\nIn file included from /tmp/root/spack-stage/spack-stage-bolt-2.0-d3od36otuteq3likxwoqdipliql2jdrg/spack-src/runtime/src/kmp_alloc.cpp:13:",
        "add_date": "2022-02-03T08:09:37.747812Z",
        "modify_date": "2022-02-03T08:09:37.747830Z",
        "label": "build-error",
        "spack-monitor-label": "error"
    },
    {
        "id": 11373,
        "phase": 38658,
        "source_file": "/usr/bin/../lib/gcc/x86_64-redhat-linux/4.8.5/../../../../include/c++/4.8.5/bits/atomic_base.h",
        "source_line_no": 1,
        "line_no": 91,
        "repeat_count": 0,
        "start": 85,
        "end": 98,
        "text": "/usr/bin/../lib/gcc/x86_64-redhat-linux/4.8.5/../../../../include/c++/4.8.5/bits/atomic_base.h:138:11: error: unknown type name '__atomic_base'",
        "pre_context": "In file included from /tmp/root/spack-stage/spack-stage-bolt-2.0-d3od36otuteq3likxwoqdipliql2jdrg/spack-src/runtime/src/kmp.h:83:\nIn file included from /tmp/root/spack-stage/spack-stage-bolt-2.0-d3od36otuteq3likxwoqdipliql2jdrg/spack-src/runtime/src/kmp_os.h:18:\nIn file included from /usr/bin/../lib/gcc/x86_64-redhat-linux/4.8.5/../../../../include/c++/4.8.5/atomic:38:\n/usr/bin/../lib/gcc/x86_64-redhat-linux/4.8.5/../../../../include/c++/4.8.5/bits/c++0x_warning.h:32:2: error: This file requires compiler and library support for the ISO C++ 2011 standard. This support is currently experimental, and must be enabled with the -std=c++11 or -std=gnu++11 compiler options.\n#error This file requires compiler and library support for the \\\n ^",
        "post_context": "  typedef __atomic_base<unsigned int>           atomic_uint;\n          ^In file included from /tmp/root/spack-stage/spack-stage-bolt-2.0-d3od36otuteq3likxwoqdipliql2jdrg/spack-src/runtime/src/kmp_alloc.cpp:13:\nIn file included from /tmp/root/spack-stage/spack-stage-bolt-2.0-d3od36otuteq3likxwoqdipliql2jdrg/spack-src/runtime/src/kmp.h:83:\nIn file included from /tmp/root/spack-stage/spack-stage-bolt-2.0-d3od36otuteq3likxwoqdipliql2jdrg/spack-src/runtime/src/kmp_os.h:18:\nIn file included from /usr/bin/../lib/gcc/x86_64-redhat-linux/4.8.5/../../../../include/c++/4.8.5/atomic:41:\n/usr/bin/../lib/gcc/x86_64-redhat-linux/4.8.5/../../../../include/c++/4.8.5/bits/atomic_base.h:70:3: error: unknown type name 'constexpr'",
        "add_date": "2022-02-03T08:09:37.753504Z",
        "modify_date": "2022-02-03T08:09:37.753518Z",
        "label": "build-error",
        "spack-monitor-label": "error"
    },
    {
        "id": 11377,
        "phase": 38658,
        "source_file": "/usr/bin/../lib/gcc/x86_64-redhat-linux/4.8.5/../../../../include/c++/4.8.5/bits/atomic_base.h",
        "source_line_no": 1,
        "line_no": 107,
        "repeat_count": 0,
        "start": 101,
        "end": 114,
        "text": "/usr/bin/../lib/gcc/x86_64-redhat-linux/4.8.5/../../../../include/c++/4.8.5/bits/atomic_base.h:120:11: error: unknown type name '__atomic_base'",
        "pre_context": "  constexpr memory_order\n                        ^\n\n/usr/bin/../lib/gcc/x86_64-redhat-linux/4.8.5/../../../../include/c++/4.8.5/bits/atomic_base.h:138:24: error: expected unqualified-id\n  typedef __atomic_base<unsigned int>           atomic_uint;\n                       ^",
        "post_context": "  typedef __atomic_base<char>                   atomic_char;/usr/bin/../lib/gcc/x86_64-redhat-linux/4.8.5/../../../../include/c++/4.8.5/bits/atomic_base.h:141:11: error: unknown type name '__atomic_base'\n  typedef __atomic_base<long>                   atomic_long;\n          ^\n/usr/bin/../lib/gcc/x86_64-redhat-linux/4.8.5/../../../../include/c++/4.8.5/bits/atomic_base.h:141:24: error: expected unqualified-id\n  typedef __atomic_base<long>                   atomic_long;\n                       ^",
        "add_date": "2022-02-03T08:09:37.759992Z",
        "modify_date": "2022-02-03T08:09:37.760012Z",
        "label": "build-error",
        "spack-monitor-label": "error"
    },
    {
        "id": 11381,
        "phase": 38658,
        "source_file": "/usr/bin/../lib/gcc/x86_64-redhat-linux/4.8.5/../../../../include/c++/4.8.5/bits/atomic_base.h",
        "source_line_no": 1,
        "line_no": 120,
        "repeat_count": 0,
        "start": 114,
        "end": 127,
        "text": "/usr/bin/../lib/gcc/x86_64-redhat-linux/4.8.5/../../../../include/c++/4.8.5/bits/atomic_base.h:123:11: error: unknown type name '__atomic_base'",
        "pre_context": "\n          ^\n/usr/bin/../lib/gcc/x86_64-redhat-linux/4.8.5/../../../../include/c++/4.8.5/bits/atomic_base.h:120:24: error: expected unqualified-id\n  typedef __atomic_base<char>                   atomic_char;\n                       ^\nfatal error: too many errors emitted, stopping now [-ferror-limit=]",
        "post_context": "  typedef __atomic_base<signed char>            atomic_schar;\n          ^\n/usr/bin/../lib/gcc/x86_64-redhat-linux/4.8.5/../../../../include/c++/4.8.5/bits/atomic_base.h:123:24: error: expected unqualified-id\n  typedef __atomic_base<signed char>            atomic_schar;\n                       ^\n/usr/bin/../lib/gcc/x86_64-redhat-linux/4.8.5/../../../../include/c++/4.8.5/bits/atomic_base.h:126:11: error: unknown type name '__atomic_base'",
        "add_date": "2022-02-03T08:09:37.770021Z",
        "modify_date": "2022-02-03T08:09:37.770036Z",
        "label": "build-error",
        "spack-monitor-label": "error"
    },
    {
        "id": 11383,
        "phase": 38658,
        "source_file": "/usr/bin/../lib/gcc/x86_64-redhat-linux/4.8.5/../../../../include/c++/4.8.5/bits/atomic_base.h",
        "source_line_no": 1,
        "line_no": 126,
        "repeat_count": 0,
        "start": 120,
        "end": 133,
        "text": "/usr/bin/../lib/gcc/x86_64-redhat-linux/4.8.5/../../../../include/c++/4.8.5/bits/atomic_base.h:126:11: error: unknown type name '__atomic_base'",
        "pre_context": "/usr/bin/../lib/gcc/x86_64-redhat-linux/4.8.5/../../../../include/c++/4.8.5/bits/atomic_base.h:123:11: error: unknown type name '__atomic_base'\n  typedef __atomic_base<signed char>            atomic_schar;\n          ^\n/usr/bin/../lib/gcc/x86_64-redhat-linux/4.8.5/../../../../include/c++/4.8.5/bits/atomic_base.h:123:24: error: expected unqualified-id\n  typedef __atomic_base<signed char>            atomic_schar;\n                       ^",
        "post_context": "  typedef __atomic_base<unsigned char>          atomic_uchar;\n          ^\n/usr/bin/../lib/gcc/x86_64-redhat-linux/4.8.5/../../../../include/c++/4.8.5/bits/atomic_base.h:126:24: error: expected unqualified-id\n  typedef __atomic_base<unsigned char>          atomic_uchar;\n                       ^\n/usr/bin/../lib/gcc/x86_64-redhat-linux/4.8.5/../../../../include/c++/4.8.5/bits/atomic_base.h:129:11: error: unknown type name '__atomic_base'",
        "add_date": "2022-02-03T08:09:37.773707Z",
        "modify_date": "2022-02-03T08:09:37.773724Z",
        "label": "build-error",
        "spack-monitor-label": "error"
    },
    {
        "id": 11385,
        "phase": 38658,
        "source_file": "/usr/bin/../lib/gcc/x86_64-redhat-linux/4.8.5/../../../../include/c++/4.8.5/bits/atomic_base.h",
        "source_line_no": 1,
        "line_no": 132,
        "repeat_count": 0,
        "start": 126,
        "end": 139,
        "text": "/usr/bin/../lib/gcc/x86_64-redhat-linux/4.8.5/../../../../include/c++/4.8.5/bits/atomic_base.h:129:11: error: unknown type name '__atomic_base'",
        "pre_context": "/usr/bin/../lib/gcc/x86_64-redhat-linux/4.8.5/../../../../include/c++/4.8.5/bits/atomic_base.h:126:11: error: unknown type name '__atomic_base'\n  typedef __atomic_base<unsigned char>          atomic_uchar;\n          ^\n/usr/bin/../lib/gcc/x86_64-redhat-linux/4.8.5/../../../../include/c++/4.8.5/bits/atomic_base.h:126:24: error: expected unqualified-id\n  typedef __atomic_base<unsigned char>          atomic_uchar;\n                       ^",
        "post_context": "  typedef __atomic_base<short>                  atomic_short;\n          ^\n/usr/bin/../lib/gcc/x86_64-redhat-linux/4.8.5/../../../../include/c++/4.8.5/bits/atomic_base.h:129:24: error: expected unqualified-id\n  typedef __atomic_base<short>                  atomic_short;\n                       ^\n/usr/bin/../lib/gcc/x86_64-redhat-linux/4.8.5/../../../../include/c++/4.8.5/bits/atomic_base.h:132:11: error: unknown type name '__atomic_base'",
        "add_date": "2022-02-03T08:09:37.777192Z",
        "modify_date": "2022-02-03T08:09:37.777205Z",
        "label": "build-error",
        "spack-monitor-label": "error"
    },
    {
        "id": 11387,
        "phase": 38658,
        "source_file": "/usr/bin/../lib/gcc/x86_64-redhat-linux/4.8.5/../../../../include/c++/4.8.5/bits/atomic_base.h",
        "source_line_no": 1,
        "line_no": 138,
        "repeat_count": 0,
        "start": 132,
        "end": 145,
        "text": "/usr/bin/../lib/gcc/x86_64-redhat-linux/4.8.5/../../../../include/c++/4.8.5/bits/atomic_base.h:132:11: error: unknown type name '__atomic_base'",
        "pre_context": "/usr/bin/../lib/gcc/x86_64-redhat-linux/4.8.5/../../../../include/c++/4.8.5/bits/atomic_base.h:129:11: error: unknown type name '__atomic_base'\n  typedef __atomic_base<short>                  atomic_short;\n          ^\n/usr/bin/../lib/gcc/x86_64-redhat-linux/4.8.5/../../../../include/c++/4.8.5/bits/atomic_base.h:129:24: error: expected unqualified-id\n  typedef __atomic_base<short>                  atomic_short;\n                       ^",
        "post_context": "  typedef __atomic_base<unsigned short>         atomic_ushort;\n          ^\n/usr/bin/../lib/gcc/x86_64-redhat-linux/4.8.5/../../../../include/c++/4.8.5/bits/atomic_base.h:132:24: error: expected unqualified-id\n  typedef __atomic_base<unsigned short>         atomic_ushort;\n                       ^\n/usr/bin/../lib/gcc/x86_64-redhat-linux/4.8.5/../../../../include/c++/4.8.5/bits/atomic_base.h:135:11: error: unknown type name '__atomic_base'",
        "add_date": "2022-02-03T08:09:37.780495Z",
        "modify_date": "2022-02-03T08:09:37.780509Z",
        "label": "build-error",
        "spack-monitor-label": "error"
    },
    {
        "id": 11389,
        "phase": 38658,
        "source_file": "/usr/bin/../lib/gcc/x86_64-redhat-linux/4.8.5/../../../../include/c++/4.8.5/bits/atomic_base.h",
        "source_line_no": 1,
        "line_no": 144,
        "repeat_count": 0,
        "start": 138,
        "end": 151,
        "text": "/usr/bin/../lib/gcc/x86_64-redhat-linux/4.8.5/../../../../include/c++/4.8.5/bits/atomic_base.h:135:11: error: unknown type name '__atomic_base'",
        "pre_context": "/usr/bin/../lib/gcc/x86_64-redhat-linux/4.8.5/../../../../include/c++/4.8.5/bits/atomic_base.h:132:11: error: unknown type name '__atomic_base'\n  typedef __atomic_base<unsigned short>         atomic_ushort;\n          ^\n/usr/bin/../lib/gcc/x86_64-redhat-linux/4.8.5/../../../../include/c++/4.8.5/bits/atomic_base.h:132:24: error: expected unqualified-id\n  typedef __atomic_base<unsigned short>         atomic_ushort;\n                       ^",
        "post_context": "  typedef __atomic_base<int>                    atomic_int;\n          ^\n/usr/bin/../lib/gcc/x86_64-redhat-linux/4.8.5/../../../../include/c++/4.8.5/bits/atomic_base.h:135:24: error: expected unqualified-id\n  typedef __atomic_base<int>                    atomic_int;\n                       ^\n/usr/bin/../lib/gcc/x86_64-redhat-linux/4.8.5/../../../../include/c++/4.8.5/bits/atomic_base.h:138:11: error: unknown type name '__atomic_base'",
        "add_date": "2022-02-03T08:09:37.783951Z",
        "modify_date": "2022-02-03T08:09:37.783965Z",
        "label": "build-error",
        "spack-monitor-label": "error"
    },
    {
        "id": 11391,
        "phase": 38658,
        "source_file": "/usr/bin/../lib/gcc/x86_64-redhat-linux/4.8.5/../../../../include/c++/4.8.5/bits/atomic_base.h",
        "source_line_no": 1,
        "line_no": 150,
        "repeat_count": 0,
        "start": 144,
        "end": 157,
        "text": "/usr/bin/../lib/gcc/x86_64-redhat-linux/4.8.5/../../../../include/c++/4.8.5/bits/atomic_base.h:138:11: error: unknown type name '__atomic_base'",
        "pre_context": "/usr/bin/../lib/gcc/x86_64-redhat-linux/4.8.5/../../../../include/c++/4.8.5/bits/atomic_base.h:135:11: error: unknown type name '__atomic_base'\n  typedef __atomic_base<int>                    atomic_int;\n          ^\n/usr/bin/../lib/gcc/x86_64-redhat-linux/4.8.5/../../../../include/c++/4.8.5/bits/atomic_base.h:135:24: error: expected unqualified-id\n  typedef __atomic_base<int>                    atomic_int;\n                       ^",
        "post_context": "  typedef __atomic_base<unsigned int>           atomic_uint;\n          ^\n/usr/bin/../lib/gcc/x86_64-redhat-linux/4.8.5/../../../../include/c++/4.8.5/bits/atomic_base.h:138:24: error: expected unqualified-id\n  typedef __atomic_base<unsigned int>           atomic_uint;\n                       ^\n/usr/bin/../lib/gcc/x86_64-redhat-linux/4.8.5/../../../../include/c++/4.8.5/bits/atomic_base.h:141:11: error: unknown type name '__atomic_base'",
        "add_date": "2022-02-03T08:09:37.787807Z",
        "modify_date": "2022-02-03T08:09:37.787825Z",
        "label": "build-error",
        "spack-monitor-label": "error"
    },
    {
        "id": 11393,
        "phase": 38658,
        "source_file": "/usr/bin/../lib/gcc/x86_64-redhat-linux/4.8.5/../../../../include/c++/4.8.5/bits/atomic_base.h",
        "source_line_no": 1,
        "line_no": 156,
        "repeat_count": 0,
        "start": 150,
        "end": 163,
        "text": "/usr/bin/../lib/gcc/x86_64-redhat-linux/4.8.5/../../../../include/c++/4.8.5/bits/atomic_base.h:141:11: error: unknown type name '__atomic_base'",
        "pre_context": "/usr/bin/../lib/gcc/x86_64-redhat-linux/4.8.5/../../../../include/c++/4.8.5/bits/atomic_base.h:138:11: error: unknown type name '__atomic_base'\n  typedef __atomic_base<unsigned int>           atomic_uint;\n          ^\n/usr/bin/../lib/gcc/x86_64-redhat-linux/4.8.5/../../../../include/c++/4.8.5/bits/atomic_base.h:138:24: error: expected unqualified-id\n  typedef __atomic_base<unsigned int>           atomic_uint;\n                       ^",
        "post_context": "  typedef __atomic_base<long>                   atomic_long;\n          ^\n/usr/bin/../lib/gcc/x86_64-redhat-linux/4.8.5/../../../../include/c++/4.8.5/bits/atomic_base.h:141:24: error: expected unqualified-id\n  typedef __atomic_base<long>                   atomic_long;\n                       ^\nfatal error: too many errors emitted, stopping now [-ferror-limit=]",
        "add_date": "2022-02-03T08:09:37.791258Z",
        "modify_date": "2022-02-03T08:09:37.791272Z",
        "label": "build-error",
        "spack-monitor-label": "error"
    },
    {
        "id": 22606,
        "phase": 66723,
        "source_file": "(None,)",
        "source_line_no": 0,
        "line_no": 1925,
        "repeat_count": 0,
        "start": 1919,
        "end": 1932,
        "text": "configure: error: no papi.h found; check path for PAPI package first...",
        "pre_context": "checking for open64... yes\nchecking for pread64... yes\nchecking for pwrite64... yes\nchecking papi.h usability... no\nchecking papi.h presence... no\nchecking for papi.h... no",
        "post_context": "configure: creating ./config.status\nconfig.status: creating Makefile\nconfig.status: creating util/Makefile\nconfig.status: creating extlib/Makefile\nconfig.status: creating vtlib/Makefile\nconfig.status: creating tools/Makefile",
        "add_date": "2022-02-03T10:52:37.407524Z",
        "modify_date": "2022-02-03T10:52:37.407536Z",
        "label": "build-error",
        "spack-monitor-label": "error"
    },
    {
        "id": 22618,
        "phase": 67045,
        "source_file": "(None,)",
        "source_line_no": 0,
        "line_no": 2240,
        "repeat_count": 0,
        "start": 2234,
        "end": 2247,
        "text": "configure: error: no papi.h found; check path for PAPI package first...",
        "pre_context": "configure: error: no jvmti.h found; check path for JVMTI package first...\nconfigure: selected timer: TIMER_CYCLE_COUNTER\nconfigure: global timer: no\nchecking papi.h usability... no\nchecking papi.h presence... no\nchecking for papi.h... no",
        "post_context": "checking libcpc.h usability... no\nchecking libcpc.h presence... no\nchecking for libcpc.h... no\nconfigure: error: no libcpc.h found; check path for CPC package first...\nchecking whether we are on a NEC SX... no\nchecking sys/resource.h usability... yes",
        "add_date": "2022-02-03T10:53:44.413663Z",
        "modify_date": "2022-02-03T10:53:44.413675Z",
        "label": "build-error",
        "spack-monitor-label": "error"
    },
    {
        "id": 22352,
        "phase": 65359,
        "source_file": "(None,)",
        "source_line_no": 0,
        "line_no": 1993,
        "repeat_count": 0,
        "start": 1987,
        "end": 2000,
        "text": "configure: error: no papi.h found; check path for PAPI package first...",
        "pre_context": "checking for open64... yes\nchecking for pread64... yes\nchecking for pwrite64... yes\nchecking papi.h usability... no\nchecking papi.h presence... no\nchecking for papi.h... no",
        "post_context": "configure: creating ./config.status\nconfig.status: creating Makefile\nconfig.status: creating util/Makefile\nconfig.status: creating util/installdirs_conf.h\nconfig.status: creating extlib/Makefile\nconfig.status: creating vtlib/Makefile",
        "add_date": "2022-02-03T10:32:46.256987Z",
        "modify_date": "2022-02-03T10:32:46.257001Z",
        "label": "build-error",
        "spack-monitor-label": "error"
    },
    {
        "id": 22388,
        "phase": 65522,
        "source_file": "(None,)",
        "source_line_no": 0,
        "line_no": 2186,
        "repeat_count": 0,
        "start": 2180,
        "end": 2193,
        "text": "configure: error: no papi.h found; check path for PAPI package first...",
        "pre_context": "checking jvmti.h presence... no\nchecking for jvmti.h... no\nconfigure: error: no jvmti.h found; check path for JVMTI package first...\nchecking papi.h usability... no\nchecking papi.h presence... no\nchecking for papi.h... no",
        "post_context": "checking libcpc.h usability... no\nchecking libcpc.h presence... no\nchecking for libcpc.h... no\nconfigure: error: no libcpc.h found; check path for CPC package first...\nchecking whether we are on a NEC SX... no\nchecking sys/resource.h usability... yes",
        "add_date": "2022-02-03T10:36:25.493458Z",
        "modify_date": "2022-02-03T10:36:25.493470Z",
        "label": "build-error",
        "spack-monitor-label": "error"
    },
    {
        "id": 22422,
        "phase": 66247,
        "source_file": "(None,)",
        "source_line_no": 0,
        "line_no": 2206,
        "repeat_count": 0,
        "start": 2200,
        "end": 2213,
        "text": "configure: error: no papi.h found; check path for PAPI package first...",
        "pre_context": "checking jvmti.h presence... no\nchecking for jvmti.h... no\nconfigure: error: no jvmti.h found; check path for JVMTI package first...\nchecking papi.h usability... no\nchecking papi.h presence... no\nchecking for papi.h... no",
        "post_context": "checking libcpc.h usability... no\nchecking libcpc.h presence... no\nchecking for libcpc.h... no\nconfigure: error: no libcpc.h found; check path for CPC package first...\nchecking whether we are on a NEC SX... no\nchecking sys/resource.h usability... yes",
        "add_date": "2022-02-03T10:41:28.968006Z",
        "modify_date": "2022-02-03T10:41:28.968020Z",
        "label": "build-error",
        "spack-monitor-label": "error"
    },
    {
        "id": 22438,
        "phase": 66389,
        "source_file": "(None,)",
        "source_line_no": 0,
        "line_no": 2280,
        "repeat_count": 0,
        "start": 2274,
        "end": 2287,
        "text": "configure: error: no papi.h found; check path for PAPI package first...",
        "pre_context": "configure: error: no jvmti.h found; check path for JVMTI package first...\nconfigure: selected timer: TIMER_CYCLE_COUNTER\nconfigure: global timer: no\nchecking papi.h usability... no\nchecking papi.h presence... no\nchecking for papi.h... no",
        "post_context": "checking libcpc.h usability... no\nchecking libcpc.h presence... no\nchecking for libcpc.h... no\nconfigure: error: no libcpc.h found; check path for CPC package first...\nchecking whether we are on a NEC SX... no\nchecking sys/resource.h usability... yes",
        "add_date": "2022-02-03T10:42:59.478050Z",
        "modify_date": "2022-02-03T10:42:59.478063Z",
        "label": "build-error",
        "spack-monitor-label": "error"
    },
    {
        "id": 22468,
        "phase": 66386,
        "source_file": "(None,)",
        "source_line_no": 0,
        "line_no": 2000,
        "repeat_count": 0,
        "start": 1994,
        "end": 2007,
        "text": "configure: error: no papi.h found; check path for PAPI package first...",
        "pre_context": "checking for open64... yes\nchecking for pread64... yes\nchecking for pwrite64... yes\nchecking papi.h usability... no\nchecking papi.h presence... no\nchecking for papi.h... no",
        "post_context": "configure: creating ./config.status\nconfig.status: creating Makefile\nconfig.status: creating util/Makefile\nconfig.status: creating util/installdirs_conf.h\nconfig.status: creating extlib/Makefile\nconfig.status: creating vtlib/Makefile",
        "add_date": "2022-02-03T10:46:25.329321Z",
        "modify_date": "2022-02-03T10:46:25.329336Z",
        "label": "build-error",
        "spack-monitor-label": "error"
    },
    {
        "id": 22965,
        "phase": 68347,
        "source_file": "(None,)",
        "source_line_no": 0,
        "line_no": 2000,
        "repeat_count": 0,
        "start": 1994,
        "end": 2007,
        "text": "configure: error: no papi.h found; check path for PAPI package first...",
        "pre_context": "checking for open64... yes\nchecking for pread64... yes\nchecking for pwrite64... yes\nchecking papi.h usability... no\nchecking papi.h presence... no\nchecking for papi.h... no",
        "post_context": "configure: creating ./config.status\nconfig.status: creating Makefile\nconfig.status: creating util/Makefile\nconfig.status: creating util/installdirs_conf.h\nconfig.status: creating extlib/Makefile\nconfig.status: creating vtlib/Makefile",
        "add_date": "2022-02-03T11:24:24.318141Z",
        "modify_date": "2022-02-03T11:24:24.318153Z",
        "label": "build-error",
        "spack-monitor-label": "error"
    },
    {
        "id": 22569,
        "phase": 66689,
        "source_file": "(None,)",
        "source_line_no": 0,
        "line_no": 2551,
        "repeat_count": 0,
        "start": 2545,
        "end": 2558,
        "text": "configure: error: no papi.h found; check path for PAPI package first...",
        "pre_context": "checking jvmti.h presence... no\nchecking for jvmti.h... no\nconfigure: error: no jvmti.h found; check path for JVMTI package first...\nchecking papi.h usability... no\nchecking papi.h presence... no\nchecking for papi.h... no",
        "post_context": "checking libcpc.h usability... no\nchecking libcpc.h presence... no\nchecking for libcpc.h... no\nconfigure: error: no libcpc.h found; check path for CPC package first...\nchecking whether we are on a NEC SX... no\nchecking sys/resource.h usability... yes",
        "add_date": "2022-02-03T10:48:47.675022Z",
        "modify_date": "2022-02-03T10:48:47.675035Z",
        "label": "build-error",
        "spack-monitor-label": "error"
    },
    {
        "phase": "N/A",
        "source_file": "",
        "source_line_no": 0,
        "line_no": 975,
        "repeat_count": 0,
        "start": 969,
        "end": 982,
        "text": ">> 129    configure: error: The ADIOS libraries for writing cannot be built w",
        "pre_context": "     124    checking if more special flags are required for pthreads... no\n     125    checking for cc_r... /p/vast1/koparasy/BUILD/spack/lib/spack/env/gc\n            c/gcc\n     126    checking mxml.h usability... no\n     127    checking mxml.h presence... no\n     128    checking for mxml.h... no",
        "post_context": "            ithout the MXML library. Either specify where the MXML library is f\n            ound, or use --disable-write to build ADIOS for reading only.\n\nSee build log for details:\n  /var/tmp/koparasy/spack-stage/spack-stage-adios-1.9.0-neqlyo6qsdfemeyid4fxwqnzyxnhpii7/spack-build-out.txt\n",
        "id": 175340,
        "label": "dinos-error"
    },
    {
        "phase": "N/A",
        "source_file": "             rlu_dist.c",
        "source_line_no": "3",
        "line_no": 1299,
        "repeat_count": 0,
        "start": 1293,
        "end": 1306,
        "text": "rlu_dist.c:35:3: error: unknown type name 'superlu_options_t'",
        "pre_context": "             c-9.3.1/openmpi-4.1.2-jav4wqudjcg7dsjv2bfmiftfzddznkg3/include\n             -MMD -MP /tmp/koparasy/spack-stage/spack-stage-petsc-3.6.4-fpqq6a6\n             3tcbvka53bkcn5jm3usxqvqxp/spack-src/src/dm/impls/da/daghost.c -o a\n             rch-linux2-c-opt/obj/src/dm/impls/da/daghost.o\n  >> 2268    /tmp/koparasy/spack-stage/spack-stage-petsc-3.6.4-fpqq6a63tcbvka53\n             bkcn5jm3usxqvqxp/spack-src/src/mat/impls/aij/mpi/superlu_dist/supe",
        "post_context": "     2269       35 |   superlu_options_t    options;\n     2270          |   ^~~~~~~~~~~~~~~~~\n  >> 2271    /tmp/koparasy/spack-stage/spack-stage-petsc-3.6.4-fpqq6a63tcbvka53\n             bkcn5jm3usxqvqxp/spack-src/src/mat/impls/aij/mpi/superlu_dist/supe\n             rlu_dist.c:37:3: error: unknown type name 'ScalePermstruct_t'\n     2272       37 |   ScalePermstruct_t    ScalePermstruct;",
        "id": 195086,
        "label": "dinos-error"
    },
    {
        "phase": "N/A",
        "source_file": "             rlu_dist.c",
        "source_line_no": "3",
        "line_no": 1304,
        "repeat_count": 0,
        "start": 1298,
        "end": 1311,
        "text": "rlu_dist.c:37:3: error: unknown type name 'ScalePermstruct_t'",
        "pre_context": "             bkcn5jm3usxqvqxp/spack-src/src/mat/impls/aij/mpi/superlu_dist/supe\n             rlu_dist.c:35:3: error: unknown type name 'superlu_options_t'\n     2269       35 |   superlu_options_t    options;\n     2270          |   ^~~~~~~~~~~~~~~~~\n  >> 2271    /tmp/koparasy/spack-stage/spack-stage-petsc-3.6.4-fpqq6a63tcbvka53\n             bkcn5jm3usxqvqxp/spack-src/src/mat/impls/aij/mpi/superlu_dist/supe",
        "post_context": "     2272       37 |   ScalePermstruct_t    ScalePermstruct;\n     2273          |   ^~~~~~~~~~~~~~~~~\n  >> 2274    /tmp/koparasy/spack-stage/spack-stage-petsc-3.6.4-fpqq6a63tcbvka53\n             bkcn5jm3usxqvqxp/spack-src/src/mat/impls/aij/mpi/superlu_dist/supe\n             rlu_dist.c:38:3: error: unknown type name 'LUstruct_t'\n     2275       38 |   LUstruct_t           LUstruct;",
        "id": 195087,
        "label": "dinos-error"
    },
    {
        "phase": "N/A",
        "source_file": "             rlu_dist.c",
        "source_line_no": "4",
        "line_no": 1314,
        "repeat_count": 0,
        "start": 1308,
        "end": 1321,
        "text": "rlu_dist.c:41:3: error: unknown type name 'SOLVEstruct_t'",
        "pre_context": "             bkcn5jm3usxqvqxp/spack-src/src/mat/impls/aij/mpi/superlu_dist/supe\n             rlu_dist.c:38:3: error: unknown type name 'LUstruct_t'\n     2275       38 |   LUstruct_t           LUstruct;\n     2276          |   ^~~~~~~~~~\n  >> 2277    /tmp/koparasy/spack-stage/spack-stage-petsc-3.6.4-fpqq6a63tcbvka53\n             bkcn5jm3usxqvqxp/spack-src/src/mat/impls/aij/mpi/superlu_dist/supe",
        "post_context": "     2278       41 |   SOLVEstruct_t        SOLVEstruct;\n     2279          |   ^~~~~~~~~~~~~\n     2280    /tmp/koparasy/spack-stage/spack-stage-petsc-3.6.4-fpqq6a63tcbvka53\n             bkcn5jm3usxqvqxp/spack-src/src/mat/impls/aij/mpi/superlu_dist/supe\n             rlu_dist.c: In function 'MatDestroy_SuperLU_DIST':\n  >> 2281    /tmp/koparasy/spack-stage/spack-stage-petsc-3.6.4-fpqq6a63tcbvka53",
        "id": 195089,
        "label": "dinos-error"
    },
    {
        "phase": "N/A",
        "source_file": "             rlu_dist.c",
        "source_line_no": "4",
        "line_no": 1728,
        "repeat_count": 0,
        "start": 1722,
        "end": 1735,
        "text": "rlu_dist.c:485:3: error: unknown type name 'superlu_options_t'; di",
        "pre_context": "                  ^~~~~~~\n     2926    /tmp/koparasy/spack-stage/spack-stage-petsc-3.6.4-fpqq6a63tcbvka53\n             bkcn5jm3usxqvqxp/spack-src/src/mat/impls/aij/mpi/superlu_dist/supe\n             rlu_dist.c: In function 'MatGetFactor_aij_superlu_dist':\n  >> 2927    /tmp/koparasy/spack-stage/spack-stage-petsc-3.6.4-fpqq6a63tcbvka53\n             bkcn5jm3usxqvqxp/spack-src/src/mat/impls/aij/mpi/superlu_dist/supe",
        "post_context": "             d you mean 'superlu_dist_options_t'?\n     2928      485 |   superlu_options_t options;\n     2929          |   ^~~~~~~~~~~~~~~~~\n     2930          |   superlu_dist_options_t\n     2931    /p/vast1/koparasy/BUILD/spack_cluster_installer/quartz/slepc/spack\n             _env_dir/linux-rhel7-broadwell/gcc-9.3.1/openmpi-4.1.2-jav4wqudjcg",
        "id": 195107,
        "label": "dinos-error"
    },
    {
        "phase": "N/A",
        "source_file": "             rlu_dist.c",
        "source_line_no": "6",
        "line_no": 2079,
        "repeat_count": 0,
        "start": 2073,
        "end": 2086,
        "text": "rlu_dist.c:658:3: error: unknown type name 'superlu_options_t'; di",
        "pre_context": "     3059          |              ^\n     3060    /tmp/koparasy/spack-stage/spack-stage-petsc-3.6.4-fpqq6a63tcbvka53\n             bkcn5jm3usxqvqxp/spack-src/src/mat/impls/aij/mpi/superlu_dist/supe\n             rlu_dist.c: In function 'MatFactorInfo_SuperLU_DIST':\n  >> 3061    /tmp/koparasy/spack-stage/spack-stage-petsc-3.6.4-fpqq6a63tcbvka53\n             bkcn5jm3usxqvqxp/spack-src/src/mat/impls/aij/mpi/superlu_dist/supe",
        "post_context": "             d you mean 'superlu_dist_options_t'?\n     3062      658 |   superlu_options_t options;\n     3063          |   ^~~~~~~~~~~~~~~~~\n     3064          |   superlu_dist_options_t\n  >> 3065    /tmp/koparasy/spack-stage/spack-stage-petsc-3.6.4-fpqq6a63tcbvka53\n             bkcn5jm3usxqvqxp/spack-src/src/mat/impls/aij/mpi/superlu_dist/supe",
        "id": 195132,
        "label": "dinos-error"
    },
    {
        "phase": "N/A",
        "source_file": "",
        "source_line_no": 0,
        "line_no": 858,
        "repeat_count": 0,
        "start": 852,
        "end": 865,
        "text": ">> 447    dsuperlu.h:20:4: error: unknown type name 'dLUstruct_t'",
        "pre_context": "            sr_mv -I./../distributed_matrix -I./../matrix_matrix -I./../IJ_mv -\n            I./../parcsr_block_mv -I/p/vast1/koparasy/BUILD/spack_cluster_insta\n            ller/quartz/petsc/spack_env_dir/linux-rhel7-broadwell/gcc-9.3.1/sup\n            erlu-dist-5.1.2-jtjmprmizbcde5ky3rjkyqfsoscx7hyx/include\n            -c par_mgr_setup.c\n     446    In file included from par_mgr.c:19:",
        "post_context": "     448       20 |    dLUstruct_t dslu_data_LU;\n     449          |    ^~~~~~~~~~~\n  >> 450    dsuperlu.h:24:4: error: unknown type name 'dScalePermstruct_t'\n     451       24 |    dScalePermstruct_t dslu_ScalePermstruct;\n     452          |    ^~~~~~~~~~~~~~~~~~\n  >> 453    dsuperlu.h:25:4: error: unknown type name 'dSOLVEstruct_t'",
        "id": 195157,
        "label": "dinos-error"
    },
    {
        "phase": "N/A",
        "source_file": "",
        "source_line_no": 0,
        "line_no": 864,
        "repeat_count": 0,
        "start": 858,
        "end": 871,
        "text": ">> 453    dsuperlu.h:25:4: error: unknown type name 'dSOLVEstruct_t'",
        "pre_context": "  >> 447    dsuperlu.h:20:4: error: unknown type name 'dLUstruct_t'\n     448       20 |    dLUstruct_t dslu_data_LU;\n     449          |    ^~~~~~~~~~~\n  >> 450    dsuperlu.h:24:4: error: unknown type name 'dScalePermstruct_t'\n     451       24 |    dScalePermstruct_t dslu_ScalePermstruct;\n     452          |    ^~~~~~~~~~~~~~~~~~",
        "post_context": "     454       25 |    dSOLVEstruct_t dslu_solve;\n     455          |    ^~~~~~~~~~~~~~\n     456    par_mgr.c: In function 'hypre_MGRDirectSolverSetup':\n     457    par_mgr.c:5523:4: warning: implicit declaration of function 'dScale\n            PermstructInit'; did you mean 'ScalePermstructInit'? [-Wimplicit-fu\n            nction-declaration]",
        "id": 195159,
        "label": "dinos-error"
    },
    {
        "phase": "N/A",
        "source_file": "",
        "source_line_no": 0,
        "line_no": 850,
        "repeat_count": 0,
        "start": 844,
        "end": 857,
        "text": ">> 441    dsuperlu.h:20:4: error: unknown type name 'dLUstruct_t'",
        "pre_context": "            sr_mv -I./../distributed_matrix -I./../matrix_matrix -I./../IJ_mv -\n            I./../parcsr_block_mv -I/p/vast1/koparasy/BUILD/spack_cluster_insta\n            ller/quartz/petsc/spack_env_dir/linux-rhel7-broadwell/gcc-9.3.1/sup\n            erlu-dist-5.1.3-zkj4mrznvjjgvgnqqldvga2lju5ofq6z/include          -\n            c par_mgr_setup.c\n     440    In file included from par_mgr.c:19:",
        "post_context": "     442       20 |    dLUstruct_t dslu_data_LU;\n     443          |    ^~~~~~~~~~~\n  >> 444    dsuperlu.h:24:4: error: unknown type name 'dScalePermstruct_t'\n     445       24 |    dScalePermstruct_t dslu_ScalePermstruct;\n     446          |    ^~~~~~~~~~~~~~~~~~\n  >> 447    dsuperlu.h:25:4: error: unknown type name 'dSOLVEstruct_t'",
        "id": 195168,
        "label": "dinos-error"
    },
    {
        "phase": "N/A",
        "source_file": "",
        "source_line_no": 0,
        "line_no": 856,
        "repeat_count": 0,
        "start": 850,
        "end": 863,
        "text": ">> 447    dsuperlu.h:25:4: error: unknown type name 'dSOLVEstruct_t'",
        "pre_context": "  >> 441    dsuperlu.h:20:4: error: unknown type name 'dLUstruct_t'\n     442       20 |    dLUstruct_t dslu_data_LU;\n     443          |    ^~~~~~~~~~~\n  >> 444    dsuperlu.h:24:4: error: unknown type name 'dScalePermstruct_t'\n     445       24 |    dScalePermstruct_t dslu_ScalePermstruct;\n     446          |    ^~~~~~~~~~~~~~~~~~",
        "post_context": "     448       25 |    dSOLVEstruct_t dslu_solve;\n     449          |    ^~~~~~~~~~~~~~\n     450    par_mgr.c: In function 'hypre_MGRDirectSolverSetup':\n     451    par_mgr.c:5394:4: warning: implicit declaration of function 'dScale\n            PermstructInit'; did you mean 'ScalePermstructInit'? [-Wimplicit-fu\n            nction-declaration]",
        "id": 195170,
        "label": "dinos-error"
    },
    {
        "phase": "N/A",
        "source_file": "",
        "source_line_no": 0,
        "line_no": 865,
        "repeat_count": 0,
        "start": 859,
        "end": 872,
        "text": ">> 448    superlu.c:29:4: error: unknown type name 'ScalePermstruct_t'",
        "pre_context": "            ller/quartz/petsc/spack_env_dir/linux-rhel7-broadwell/gcc-9.3.1/sup\n            erlu-dist-develop-gnwe2zzhagmfovqxzgb77un4qmt7y4qc/include    -c su\n            perlu.c\n  >> 445    superlu.c:25:4: error: unknown type name 'LUstruct_t'\n     446       25 |    LUstruct_t dslu_data_LU;\n     447          |    ^~~~~~~~~~",
        "post_context": "     449       29 |    ScalePermstruct_t dslu_ScalePermstruct;\n     450          |    ^~~~~~~~~~~~~~~~~\n  >> 451    superlu.c:30:4: error: unknown type name 'SOLVEstruct_t'\n     452       30 |    SOLVEstruct_t dslu_solve;\n     453          |    ^~~~~~~~~~~~~\n     454    superlu.c: In function 'hypre_SLUDistSetup':",
        "id": 195178,
        "label": "dinos-error"
    },
    {
        "phase": "N/A",
        "source_file": "",
        "source_line_no": 0,
        "line_no": 868,
        "repeat_count": 0,
        "start": 862,
        "end": 875,
        "text": ">> 451    superlu.c:30:4: error: unknown type name 'SOLVEstruct_t'",
        "pre_context": "  >> 445    superlu.c:25:4: error: unknown type name 'LUstruct_t'\n     446       25 |    LUstruct_t dslu_data_LU;\n     447          |    ^~~~~~~~~~\n  >> 448    superlu.c:29:4: error: unknown type name 'ScalePermstruct_t'\n     449       29 |    ScalePermstruct_t dslu_ScalePermstruct;\n     450          |    ^~~~~~~~~~~~~~~~~",
        "post_context": "     452       30 |    SOLVEstruct_t dslu_solve;\n     453          |    ^~~~~~~~~~~~~\n     454    superlu.c: In function 'hypre_SLUDistSetup':\n     455    superlu.c:96:4: warning: implicit declaration of function 'ScalePer\n            mstructInit'; did you mean 'dScalePermstructInit'? [-Wimplicit-func\n            tion-declaration]",
        "id": 195179,
        "label": "dinos-error"
    },
    {
        "phase": "N/A",
        "source_file": "",
        "source_line_no": 0,
        "line_no": 855,
        "repeat_count": 0,
        "start": 849,
        "end": 862,
        "text": ">> 458    superlu.c:25:4: error: unknown type name 'dLUstruct_t'",
        "pre_context": "            ultivector -I./../utilities -I./../krylov -I./../seq_mv -I./../parc\n            sr_mv -I./../distributed_matrix -I./../matrix_matrix -I./../IJ_mv -\n            I./../parcsr_block_mv -I/p/vast1/koparasy/BUILD/spack_cluster_insta\n            ller/quartz/petsc/spack_env_dir/linux-rhel7-broadwell/gcc-9.3.1/sup\n            erlu-dist-5.0.0-wvig6axg5vxfh7ibbrpvdiev6r4yi4y3/include    -c supe\n            rlu.c",
        "post_context": "     459       25 |    dLUstruct_t dslu_data_LU;\n     460          |    ^~~~~~~~~~~\n  >> 461    superlu.c:29:4: error: unknown type name 'dScalePermstruct_t'\n     462       29 |    dScalePermstruct_t dslu_ScalePermstruct;\n     463          |    ^~~~~~~~~~~~~~~~~~\n  >> 464    superlu.c:30:4: error: unknown type name 'dSOLVEstruct_t'",
        "id": 195182,
        "label": "dinos-error"
    },
    {
        "phase": "N/A",
        "source_file": "",
        "source_line_no": 0,
        "line_no": 861,
        "repeat_count": 0,
        "start": 855,
        "end": 868,
        "text": ">> 464    superlu.c:30:4: error: unknown type name 'dSOLVEstruct_t'",
        "pre_context": "  >> 458    superlu.c:25:4: error: unknown type name 'dLUstruct_t'\n     459       25 |    dLUstruct_t dslu_data_LU;\n     460          |    ^~~~~~~~~~~\n  >> 461    superlu.c:29:4: error: unknown type name 'dScalePermstruct_t'\n     462       29 |    dScalePermstruct_t dslu_ScalePermstruct;\n     463          |    ^~~~~~~~~~~~~~~~~~",
        "post_context": "     465       30 |    dSOLVEstruct_t dslu_solve;\n     466          |    ^~~~~~~~~~~~~~\n     467    superlu.c: In function 'hypre_SLUDistSetup':\n     468    superlu.c:116:4: warning: implicit declaration of function 'dScaleP\n            ermstructInit'; did you mean 'ScalePermstructInit'? [-Wimplicit-fun\n            ction-declaration]",
        "id": 195184,
        "label": "dinos-error"
    },
    {
        "phase": "N/A",
        "source_file": "",
        "source_line_no": 0,
        "line_no": 856,
        "repeat_count": 0,
        "start": 850,
        "end": 863,
        "text": ">> 458    superlu.c:25:4: error: unknown type name 'dLUstruct_t'",
        "pre_context": "            ultivector -I./../utilities -I./../krylov -I./../seq_mv -I./../parc\n            sr_mv -I./../distributed_matrix -I./../matrix_matrix -I./../IJ_mv -\n            I./../parcsr_block_mv -I/p/vast1/koparasy/BUILD/spack_cluster_insta\n            ller/quartz/petsc/spack_env_dir/linux-rhel7-broadwell/gcc-9.3.1/sup\n            erlu-dist-5.2.2-b7ykzxaaetfsptvr5mmszuk4lwqhxgfk/include    -c supe\n            rlu.c",
        "post_context": "     459       25 |    dLUstruct_t dslu_data_LU;\n     460          |    ^~~~~~~~~~~\n  >> 461    superlu.c:29:4: error: unknown type name 'dScalePermstruct_t'\n     462       29 |    dScalePermstruct_t dslu_ScalePermstruct;\n     463          |    ^~~~~~~~~~~~~~~~~~\n  >> 464    superlu.c:30:4: error: unknown type name 'dSOLVEstruct_t'",
        "id": 195187,
        "label": "dinos-error"
    },
    {
        "phase": "N/A",
        "source_file": "",
        "source_line_no": 0,
        "line_no": 862,
        "repeat_count": 0,
        "start": 856,
        "end": 869,
        "text": ">> 464    superlu.c:30:4: error: unknown type name 'dSOLVEstruct_t'",
        "pre_context": "  >> 458    superlu.c:25:4: error: unknown type name 'dLUstruct_t'\n     459       25 |    dLUstruct_t dslu_data_LU;\n     460          |    ^~~~~~~~~~~\n  >> 461    superlu.c:29:4: error: unknown type name 'dScalePermstruct_t'\n     462       29 |    dScalePermstruct_t dslu_ScalePermstruct;\n     463          |    ^~~~~~~~~~~~~~~~~~",
        "post_context": "     465       30 |    dSOLVEstruct_t dslu_solve;\n     466          |    ^~~~~~~~~~~~~~\n     467    superlu.c: In function 'hypre_SLUDistSetup':\n     468    superlu.c:116:4: warning: implicit declaration of function 'dScaleP\n            ermstructInit'; did you mean 'ScalePermstructInit'? [-Wimplicit-fun\n            ction-declaration]",
        "id": 195189,
        "label": "dinos-error"
    },
    {
        "phase": "N/A",
        "source_file": "",
        "source_line_no": 0,
        "line_no": 845,
        "repeat_count": 0,
        "start": 839,
        "end": 852,
        "text": ">> 441    dsuperlu.h:20:4: error: unknown type name 'dLUstruct_t'",
        "pre_context": "            sr_mv -I./../distributed_matrix -I./../matrix_matrix -I./../IJ_mv -\n            I./../parcsr_block_mv -I/p/vast1/koparasy/BUILD/spack_cluster_insta\n            ller/quartz/petsc/spack_env_dir/linux-rhel7-broadwell/gcc-9.3.1/sup\n            erlu-dist-5.4.0-2qamht6r3iuyz33vli7g4drmh7utuyid/include          -\n            c par_mgr_setup.c\n     440    In file included from par_mgr.c:19:",
        "post_context": "     442       20 |    dLUstruct_t dslu_data_LU;\n     443          |    ^~~~~~~~~~~\n  >> 444    dsuperlu.h:24:4: error: unknown type name 'dScalePermstruct_t'\n     445       24 |    dScalePermstruct_t dslu_ScalePermstruct;\n     446          |    ^~~~~~~~~~~~~~~~~~\n  >> 447    dsuperlu.h:25:4: error: unknown type name 'dSOLVEstruct_t'",
        "id": 195202,
        "label": "dinos-error"
    },
    {
        "phase": "N/A",
        "source_file": "",
        "source_line_no": 0,
        "line_no": 851,
        "repeat_count": 0,
        "start": 845,
        "end": 858,
        "text": ">> 447    dsuperlu.h:25:4: error: unknown type name 'dSOLVEstruct_t'",
        "pre_context": "  >> 441    dsuperlu.h:20:4: error: unknown type name 'dLUstruct_t'\n     442       20 |    dLUstruct_t dslu_data_LU;\n     443          |    ^~~~~~~~~~~\n  >> 444    dsuperlu.h:24:4: error: unknown type name 'dScalePermstruct_t'\n     445       24 |    dScalePermstruct_t dslu_ScalePermstruct;\n     446          |    ^~~~~~~~~~~~~~~~~~",
        "post_context": "     448       25 |    dSOLVEstruct_t dslu_solve;\n     449          |    ^~~~~~~~~~~~~~\n     450    par_mgr.c: In function 'hypre_MGRDirectSolverSetup':\n     451    par_mgr.c:5394:4: warning: implicit declaration of function 'dScale\n            PermstructInit'; did you mean 'ScalePermstructInit'? [-Wimplicit-fu\n            nction-declaration]",
        "id": 195204,
        "label": "dinos-error"
    },
    {
        "phase": "N/A",
        "source_file": "",
        "source_line_no": 0,
        "line_no": 851,
        "repeat_count": 0,
        "start": 845,
        "end": 858,
        "text": ">> 433    dsuperlu.h:20:4: error: unknown type name 'dLUstruct_t'",
        "pre_context": "            sr_mv -I./../distributed_matrix -I./../matrix_matrix -I./../IJ_mv -\n            I./../parcsr_block_mv -I/p/vast1/koparasy/BUILD/spack_cluster_insta\n            ller/quartz/petsc/spack_env_dir/linux-rhel7-broadwell/gcc-9.3.1/sup\n            erlu-dist-5.1.3-rpwatn23xj4kyoiitioqyhilh3emmrnn/include    -c par_\n            mgr_setup.c\n     432    In file included from par_mgr.c:19:",
        "post_context": "     434       20 |    dLUstruct_t dslu_data_LU;\n     435          |    ^~~~~~~~~~~\n  >> 436    dsuperlu.h:24:4: error: unknown type name 'dScalePermstruct_t'\n     437       24 |    dScalePermstruct_t dslu_ScalePermstruct;\n     438          |    ^~~~~~~~~~~~~~~~~~\n  >> 439    dsuperlu.h:25:4: error: unknown type name 'dSOLVEstruct_t'",
        "id": 195207,
        "label": "dinos-error"
    },
    {
        "phase": "N/A",
        "source_file": "",
        "source_line_no": 0,
        "line_no": 857,
        "repeat_count": 0,
        "start": 851,
        "end": 864,
        "text": ">> 439    dsuperlu.h:25:4: error: unknown type name 'dSOLVEstruct_t'",
        "pre_context": "  >> 433    dsuperlu.h:20:4: error: unknown type name 'dLUstruct_t'\n     434       20 |    dLUstruct_t dslu_data_LU;\n     435          |    ^~~~~~~~~~~\n  >> 436    dsuperlu.h:24:4: error: unknown type name 'dScalePermstruct_t'\n     437       24 |    dScalePermstruct_t dslu_ScalePermstruct;\n     438          |    ^~~~~~~~~~~~~~~~~~",
        "post_context": "     440       25 |    dSOLVEstruct_t dslu_solve;\n     441          |    ^~~~~~~~~~~~~~\n     442    par_mgr.c: In function 'hypre_MGRDirectSolverSetup':\n     443    par_mgr.c:5439:4: warning: implicit declaration of function 'dScale\n            PermstructInit'; did you mean 'ScalePermstructInit'? [-Wimplicit-fu\n            nction-declaration]",
        "id": 195209,
        "label": "dinos-error"
    },
    {
        "phase": "N/A",
        "source_file": "",
        "source_line_no": 0,
        "line_no": 855,
        "repeat_count": 0,
        "start": 849,
        "end": 862,
        "text": ">> 446    dsuperlu.h:20:4: error: unknown type name 'dLUstruct_t'",
        "pre_context": "            sr_mv -I./../distributed_matrix -I./../matrix_matrix -I./../IJ_mv -\n            I./../parcsr_block_mv -I/p/vast1/koparasy/BUILD/spack_cluster_insta\n            ller/quartz/petsc/spack_env_dir/linux-rhel7-broadwell/gcc-9.3.1/sup\n            erlu-dist-5.1.3-zkj4mrznvjjgvgnqqldvga2lju5ofq6z/include\n            -c par_mgr.c\n     445    In file included from par_mgr.c:19:",
        "post_context": "     447       20 |    dLUstruct_t dslu_data_LU;\n     448          |    ^~~~~~~~~~~\n  >> 449    dsuperlu.h:24:4: error: unknown type name 'dScalePermstruct_t'\n     450       24 |    dScalePermstruct_t dslu_ScalePermstruct;\n     451          |    ^~~~~~~~~~~~~~~~~~\n  >> 452    dsuperlu.h:25:4: error: unknown type name 'dSOLVEstruct_t'",
        "id": 195212,
        "label": "dinos-error"
    },
    {
        "phase": "N/A",
        "source_file": "",
        "source_line_no": 0,
        "line_no": 861,
        "repeat_count": 0,
        "start": 855,
        "end": 868,
        "text": ">> 452    dsuperlu.h:25:4: error: unknown type name 'dSOLVEstruct_t'",
        "pre_context": "  >> 446    dsuperlu.h:20:4: error: unknown type name 'dLUstruct_t'\n     447       20 |    dLUstruct_t dslu_data_LU;\n     448          |    ^~~~~~~~~~~\n  >> 449    dsuperlu.h:24:4: error: unknown type name 'dScalePermstruct_t'\n     450       24 |    dScalePermstruct_t dslu_ScalePermstruct;\n     451          |    ^~~~~~~~~~~~~~~~~~",
        "post_context": "     453       25 |    dSOLVEstruct_t dslu_solve;\n     454          |    ^~~~~~~~~~~~~~\n     455    par_mgr.c: In function 'hypre_MGRDirectSolverSetup':\n     456    par_mgr.c:5523:4: warning: implicit declaration of function 'dScale\n            PermstructInit'; did you mean 'ScalePermstructInit'? [-Wimplicit-fu\n            nction-declaration]",
        "id": 195214,
        "label": "dinos-error"
    },
    {
        "phase": "N/A",
        "source_file": "",
        "source_line_no": 0,
        "line_no": 844,
        "repeat_count": 0,
        "start": 838,
        "end": 851,
        "text": ">> 440    dsuperlu.h:20:4: error: unknown type name 'dLUstruct_t'",
        "pre_context": "            sr_mv -I./../distributed_matrix -I./../matrix_matrix -I./../IJ_mv -\n            I./../parcsr_block_mv -I/p/vast1/koparasy/BUILD/spack_cluster_insta\n            ller/quartz/petsc/spack_env_dir/linux-rhel7-broadwell/gcc-9.3.1/sup\n            erlu-dist-5.4.0-cbjigxkc7zr4h2mz2iilovowhhca4qn6/include          -\n            c par_mgr.c\n     439    In file included from par_mgr.c:19:",
        "post_context": "     441       20 |    dLUstruct_t dslu_data_LU;\n     442          |    ^~~~~~~~~~~\n  >> 443    dsuperlu.h:24:4: error: unknown type name 'dScalePermstruct_t'\n     444       24 |    dScalePermstruct_t dslu_ScalePermstruct;\n     445          |    ^~~~~~~~~~~~~~~~~~\n  >> 446    dsuperlu.h:25:4: error: unknown type name 'dSOLVEstruct_t'",
        "id": 195217,
        "label": "dinos-error"
    },
    {
        "phase": "N/A",
        "source_file": "",
        "source_line_no": 0,
        "line_no": 850,
        "repeat_count": 0,
        "start": 844,
        "end": 857,
        "text": ">> 446    dsuperlu.h:25:4: error: unknown type name 'dSOLVEstruct_t'",
        "pre_context": "  >> 440    dsuperlu.h:20:4: error: unknown type name 'dLUstruct_t'\n     441       20 |    dLUstruct_t dslu_data_LU;\n     442          |    ^~~~~~~~~~~\n  >> 443    dsuperlu.h:24:4: error: unknown type name 'dScalePermstruct_t'\n     444       24 |    dScalePermstruct_t dslu_ScalePermstruct;\n     445          |    ^~~~~~~~~~~~~~~~~~",
        "post_context": "     447       25 |    dSOLVEstruct_t dslu_solve;\n     448          |    ^~~~~~~~~~~~~~\n     449    par_mgr.c: In function 'hypre_MGRDirectSolverSetup':\n     450    par_mgr.c:5404:4: warning: implicit declaration of function 'dScale\n            PermstructInit'; did you mean 'ScalePermstructInit'? [-Wimplicit-fu\n            nction-declaration]",
        "id": 195219,
        "label": "dinos-error"
    },
    {
        "phase": "N/A",
        "source_file": "",
        "source_line_no": 0,
        "line_no": 851,
        "repeat_count": 0,
        "start": 845,
        "end": 858,
        "text": ">> 433    dsuperlu.h:20:4: error: unknown type name 'dLUstruct_t'",
        "pre_context": "            sr_mv -I./../distributed_matrix -I./../matrix_matrix -I./../IJ_mv -\n            I./../parcsr_block_mv -I/p/vast1/koparasy/BUILD/spack_cluster_insta\n            ller/quartz/petsc/spack_env_dir/linux-rhel7-broadwell/gcc-9.3.1/sup\n            erlu-dist-5.2.1-uoatxrukxnwv5nn4icunb7sgalczu2ad/include    -c par_\n            mgr_setup.c\n     432    In file included from par_mgr.c:19:",
        "post_context": "     434       20 |    dLUstruct_t dslu_data_LU;\n     435          |    ^~~~~~~~~~~\n  >> 436    dsuperlu.h:24:4: error: unknown type name 'dScalePermstruct_t'\n     437       24 |    dScalePermstruct_t dslu_ScalePermstruct;\n     438          |    ^~~~~~~~~~~~~~~~~~\n  >> 439    dsuperlu.h:25:4: error: unknown type name 'dSOLVEstruct_t'",
        "id": 195234,
        "label": "dinos-error"
    },
    {
        "phase": "N/A",
        "source_file": "",
        "source_line_no": 0,
        "line_no": 857,
        "repeat_count": 0,
        "start": 851,
        "end": 864,
        "text": ">> 439    dsuperlu.h:25:4: error: unknown type name 'dSOLVEstruct_t'",
        "pre_context": "  >> 433    dsuperlu.h:20:4: error: unknown type name 'dLUstruct_t'\n     434       20 |    dLUstruct_t dslu_data_LU;\n     435          |    ^~~~~~~~~~~\n  >> 436    dsuperlu.h:24:4: error: unknown type name 'dScalePermstruct_t'\n     437       24 |    dScalePermstruct_t dslu_ScalePermstruct;\n     438          |    ^~~~~~~~~~~~~~~~~~",
        "post_context": "     440       25 |    dSOLVEstruct_t dslu_solve;\n     441          |    ^~~~~~~~~~~~~~\n     442    par_mgr.c: In function 'hypre_MGRDirectSolverSetup':\n     443    par_mgr.c:5439:4: warning: implicit declaration of function 'dScale\n            PermstructInit'; did you mean 'ScalePermstructInit'? [-Wimplicit-fu\n            nction-declaration]",
        "id": 195236,
        "label": "dinos-error"
    },
    {
        "phase": "N/A",
        "source_file": "",
        "source_line_no": 0,
        "line_no": 865,
        "repeat_count": 0,
        "start": 859,
        "end": 872,
        "text": ">> 448    superlu.c:29:4: error: unknown type name 'ScalePermstruct_t'",
        "pre_context": "            ller/quartz/petsc/spack_env_dir/linux-rhel7-broadwell/gcc-9.3.1/sup\n            erlu-dist-develop-gnwe2zzhagmfovqxzgb77un4qmt7y4qc/include    -c su\n            perlu.c\n  >> 445    superlu.c:25:4: error: unknown type name 'LUstruct_t'\n     446       25 |    LUstruct_t dslu_data_LU;\n     447          |    ^~~~~~~~~~",
        "post_context": "     449       29 |    ScalePermstruct_t dslu_ScalePermstruct;\n     450          |    ^~~~~~~~~~~~~~~~~\n  >> 451    superlu.c:30:4: error: unknown type name 'SOLVEstruct_t'\n     452       30 |    SOLVEstruct_t dslu_solve;\n     453          |    ^~~~~~~~~~~~~\n     454    superlu.c: In function 'hypre_SLUDistSetup':",
        "id": 195244,
        "label": "dinos-error"
    },
    {
        "phase": "N/A",
        "source_file": "",
        "source_line_no": 0,
        "line_no": 868,
        "repeat_count": 0,
        "start": 862,
        "end": 875,
        "text": ">> 451    superlu.c:30:4: error: unknown type name 'SOLVEstruct_t'",
        "pre_context": "  >> 445    superlu.c:25:4: error: unknown type name 'LUstruct_t'\n     446       25 |    LUstruct_t dslu_data_LU;\n     447          |    ^~~~~~~~~~\n  >> 448    superlu.c:29:4: error: unknown type name 'ScalePermstruct_t'\n     449       29 |    ScalePermstruct_t dslu_ScalePermstruct;\n     450          |    ^~~~~~~~~~~~~~~~~",
        "post_context": "     452       30 |    SOLVEstruct_t dslu_solve;\n     453          |    ^~~~~~~~~~~~~\n     454    superlu.c: In function 'hypre_SLUDistSetup':\n     455    superlu.c:96:4: warning: implicit declaration of function 'ScalePer\n            mstructInit'; did you mean 'dScalePermstructInit'? [-Wimplicit-func\n            tion-declaration]",
        "id": 195245,
        "label": "dinos-error"
    },
    {
        "phase": "N/A",
        "source_file": "",
        "source_line_no": 0,
        "line_no": 851,
        "repeat_count": 0,
        "start": 845,
        "end": 858,
        "text": ">> 432    dsuperlu.h:20:4: error: unknown type name 'dLUstruct_t'",
        "pre_context": "            sr_mv -I./../distributed_matrix -I./../matrix_matrix -I./../IJ_mv -\n            I./../parcsr_block_mv -I/p/vast1/koparasy/BUILD/spack_cluster_insta\n            ller/quartz/petsc/spack_env_dir/linux-rhel7-broadwell/gcc-9.3.1/sup\n            erlu-dist-5.2.2-emq27y7xegedyyxlrvxhsagdwuwbgiiy/include    -c par_\n            mgr.c\n     431    In file included from par_mgr.c:19:",
        "post_context": "     433       20 |    dLUstruct_t dslu_data_LU;\n     434          |    ^~~~~~~~~~~\n  >> 435    dsuperlu.h:24:4: error: unknown type name 'dScalePermstruct_t'\n     436       24 |    dScalePermstruct_t dslu_ScalePermstruct;\n     437          |    ^~~~~~~~~~~~~~~~~~\n  >> 438    dsuperlu.h:25:4: error: unknown type name 'dSOLVEstruct_t'",
        "id": 195270,
        "label": "dinos-error"
    },
    {
        "phase": "N/A",
        "source_file": "",
        "source_line_no": 0,
        "line_no": 857,
        "repeat_count": 0,
        "start": 851,
        "end": 864,
        "text": ">> 438    dsuperlu.h:25:4: error: unknown type name 'dSOLVEstruct_t'",
        "pre_context": "  >> 432    dsuperlu.h:20:4: error: unknown type name 'dLUstruct_t'\n     433       20 |    dLUstruct_t dslu_data_LU;\n     434          |    ^~~~~~~~~~~\n  >> 435    dsuperlu.h:24:4: error: unknown type name 'dScalePermstruct_t'\n     436       24 |    dScalePermstruct_t dslu_ScalePermstruct;\n     437          |    ^~~~~~~~~~~~~~~~~~",
        "post_context": "     439       25 |    dSOLVEstruct_t dslu_solve;\n     440          |    ^~~~~~~~~~~~~~\n     441    par_mgr.c: In function 'hypre_MGRDirectSolverSetup':\n     442    par_mgr.c:5439:4: warning: implicit declaration of function 'dScale\n            PermstructInit'; did you mean 'ScalePermstructInit'? [-Wimplicit-fu\n            nction-declaration]",
        "id": 195272,
        "label": "dinos-error"
    },
    {
        "phase": "N/A",
        "source_file": "",
        "source_line_no": 0,
        "line_no": 845,
        "repeat_count": 0,
        "start": 839,
        "end": 852,
        "text": ">> 440    dsuperlu.h:20:4: error: unknown type name 'dLUstruct_t'",
        "pre_context": "            sr_mv -I./../distributed_matrix -I./../matrix_matrix -I./../IJ_mv -\n            I./../parcsr_block_mv -I/p/vast1/koparasy/BUILD/spack_cluster_insta\n            ller/quartz/petsc/spack_env_dir/linux-rhel7-broadwell/gcc-9.3.1/sup\n            erlu-dist-5.1.2-h52nwp4bpegolpuwpgxwdulqd5z52d2r/include          -\n            c par_mgr.c\n     439    In file included from par_mgr.c:19:",
        "post_context": "     441       20 |    dLUstruct_t dslu_data_LU;\n     442          |    ^~~~~~~~~~~\n  >> 443    dsuperlu.h:24:4: error: unknown type name 'dScalePermstruct_t'\n     444       24 |    dScalePermstruct_t dslu_ScalePermstruct;\n     445          |    ^~~~~~~~~~~~~~~~~~\n  >> 446    dsuperlu.h:25:4: error: unknown type name 'dSOLVEstruct_t'",
        "id": 195284,
        "label": "dinos-error"
    },
    {
        "phase": "N/A",
        "source_file": "",
        "source_line_no": 0,
        "line_no": 851,
        "repeat_count": 0,
        "start": 845,
        "end": 858,
        "text": ">> 446    dsuperlu.h:25:4: error: unknown type name 'dSOLVEstruct_t'",
        "pre_context": "  >> 440    dsuperlu.h:20:4: error: unknown type name 'dLUstruct_t'\n     441       20 |    dLUstruct_t dslu_data_LU;\n     442          |    ^~~~~~~~~~~\n  >> 443    dsuperlu.h:24:4: error: unknown type name 'dScalePermstruct_t'\n     444       24 |    dScalePermstruct_t dslu_ScalePermstruct;\n     445          |    ^~~~~~~~~~~~~~~~~~",
        "post_context": "     447       25 |    dSOLVEstruct_t dslu_solve;\n     448          |    ^~~~~~~~~~~~~~\n     449    /p/vast1/koparasy/BUILD/spack_cluster_installer/quartz/petsc/spack_\n            env_dir/linux-rhel7-broadwell/gcc-9.3.1/openmpi-4.1.2-jav4wqudjcg7d\n            sjv2bfmiftfzddznkg3/bin/mpicc -O2  -fPIC -DHAVE_CONFIG_H -I.. -I../\n            distributed_ls/Euclid -I. -I./.. -I./../blas -I./../lapack -I./../m",
        "id": 195286,
        "label": "dinos-error"
    },
    {
        "phase": "N/A",
        "source_file": "",
        "source_line_no": 0,
        "line_no": 862,
        "repeat_count": 0,
        "start": 856,
        "end": 869,
        "text": ">> 446    dsuperlu.h:20:4: error: unknown type name 'dLUstruct_t'",
        "pre_context": "            sr_mv -I./../distributed_matrix -I./../matrix_matrix -I./../IJ_mv -\n            I./../parcsr_block_mv -I/p/vast1/koparasy/BUILD/spack_cluster_insta\n            ller/quartz/petsc/spack_env_dir/linux-rhel7-broadwell/gcc-9.3.1/sup\n            erlu-dist-6.0.0-vgnarqvf67prjyolnbvtuz42f2jn4nho/include\n            -c par_mgr.c\n     445    In file included from par_mgr.c:19:",
        "post_context": "     447       20 |    dLUstruct_t dslu_data_LU;\n     448          |    ^~~~~~~~~~~\n  >> 449    dsuperlu.h:24:4: error: unknown type name 'dScalePermstruct_t'\n     450       24 |    dScalePermstruct_t dslu_ScalePermstruct;\n     451          |    ^~~~~~~~~~~~~~~~~~\n  >> 452    dsuperlu.h:25:4: error: unknown type name 'dSOLVEstruct_t'",
        "id": 195291,
        "label": "dinos-error"
    },
    {
        "phase": "N/A",
        "source_file": "",
        "source_line_no": 0,
        "line_no": 868,
        "repeat_count": 0,
        "start": 862,
        "end": 875,
        "text": ">> 452    dsuperlu.h:25:4: error: unknown type name 'dSOLVEstruct_t'",
        "pre_context": "  >> 446    dsuperlu.h:20:4: error: unknown type name 'dLUstruct_t'\n     447       20 |    dLUstruct_t dslu_data_LU;\n     448          |    ^~~~~~~~~~~\n  >> 449    dsuperlu.h:24:4: error: unknown type name 'dScalePermstruct_t'\n     450       24 |    dScalePermstruct_t dslu_ScalePermstruct;\n     451          |    ^~~~~~~~~~~~~~~~~~",
        "post_context": "     453       25 |    dSOLVEstruct_t dslu_solve;\n     454          |    ^~~~~~~~~~~~~~\n     455    par_mgr.c: In function 'hypre_MGRDirectSolverSetup':\n     456    par_mgr.c:5523:4: warning: implicit declaration of function 'dScale\n            PermstructInit'; did you mean 'ScalePermstructInit'? [-Wimplicit-fu\n            nction-declaration]",
        "id": 195293,
        "label": "dinos-error"
    },
    {
        "phase": "N/A",
        "source_file": "",
        "source_line_no": 0,
        "line_no": 849,
        "repeat_count": 0,
        "start": 843,
        "end": 856,
        "text": ">> 439    dsuperlu.h:20:4: error: unknown type name 'dLUstruct_t'",
        "pre_context": "            sr_mv -I./../distributed_matrix -I./../matrix_matrix -I./../IJ_mv -\n            I./../parcsr_block_mv -I/p/vast1/koparasy/BUILD/spack_cluster_insta\n            ller/quartz/petsc/spack_env_dir/linux-rhel7-broadwell/gcc-9.3.1/sup\n            erlu-dist-5.1.2-h52nwp4bpegolpuwpgxwdulqd5z52d2r/include          -\n            c par_mgr.c\n     438    In file included from par_mgr.c:19:",
        "post_context": "     440       20 |    dLUstruct_t dslu_data_LU;\n     441          |    ^~~~~~~~~~~\n  >> 442    dsuperlu.h:24:4: error: unknown type name 'dScalePermstruct_t'\n     443       24 |    dScalePermstruct_t dslu_ScalePermstruct;\n     444          |    ^~~~~~~~~~~~~~~~~~\n  >> 445    dsuperlu.h:25:4: error: unknown type name 'dSOLVEstruct_t'",
        "id": 195302,
        "label": "dinos-error"
    },
    {
        "phase": "N/A",
        "source_file": "",
        "source_line_no": 0,
        "line_no": 855,
        "repeat_count": 0,
        "start": 849,
        "end": 862,
        "text": ">> 445    dsuperlu.h:25:4: error: unknown type name 'dSOLVEstruct_t'",
        "pre_context": "  >> 439    dsuperlu.h:20:4: error: unknown type name 'dLUstruct_t'\n     440       20 |    dLUstruct_t dslu_data_LU;\n     441          |    ^~~~~~~~~~~\n  >> 442    dsuperlu.h:24:4: error: unknown type name 'dScalePermstruct_t'\n     443       24 |    dScalePermstruct_t dslu_ScalePermstruct;\n     444          |    ^~~~~~~~~~~~~~~~~~",
        "post_context": "     446       25 |    dSOLVEstruct_t dslu_solve;\n     447          |    ^~~~~~~~~~~~~~\n     448    /p/vast1/koparasy/BUILD/spack_cluster_installer/quartz/petsc/spack_\n            env_dir/linux-rhel7-broadwell/gcc-9.3.1/openmpi-4.1.2-jav4wqudjcg7d\n            sjv2bfmiftfzddznkg3/bin/mpicc -O2  -fPIC -DHAVE_CONFIG_H -I.. -I../\n            distributed_ls/Euclid -I. -I./.. -I./../blas -I./../lapack -I./../m",
        "id": 195304,
        "label": "dinos-error"
    },
    {
        "phase": "N/A",
        "source_file": "",
        "source_line_no": 0,
        "line_no": 853,
        "repeat_count": 0,
        "start": 847,
        "end": 860,
        "text": ">> 439    dsuperlu.h:20:4: error: unknown type name 'dLUstruct_t'",
        "pre_context": "            sr_mv -I./../distributed_matrix -I./../matrix_matrix -I./../IJ_mv -\n            I./../parcsr_block_mv -I/p/vast1/koparasy/BUILD/spack_cluster_insta\n            ller/quartz/petsc/spack_env_dir/linux-rhel7-broadwell/gcc-9.3.1/sup\n            erlu-dist-5.0.0-wvig6axg5vxfh7ibbrpvdiev6r4yi4y3/include          -\n            c par_mgr.c\n     438    In file included from par_mgr.c:19:",
        "post_context": "     440       20 |    dLUstruct_t dslu_data_LU;\n     441          |    ^~~~~~~~~~~\n  >> 442    dsuperlu.h:24:4: error: unknown type name 'dScalePermstruct_t'\n     443       24 |    dScalePermstruct_t dslu_ScalePermstruct;\n     444          |    ^~~~~~~~~~~~~~~~~~\n  >> 445    dsuperlu.h:25:4: error: unknown type name 'dSOLVEstruct_t'",
        "id": 195311,
        "label": "dinos-error"
    },
    {
        "phase": "N/A",
        "source_file": "",
        "source_line_no": 0,
        "line_no": 859,
        "repeat_count": 0,
        "start": 853,
        "end": 866,
        "text": ">> 445    dsuperlu.h:25:4: error: unknown type name 'dSOLVEstruct_t'",
        "pre_context": "  >> 439    dsuperlu.h:20:4: error: unknown type name 'dLUstruct_t'\n     440       20 |    dLUstruct_t dslu_data_LU;\n     441          |    ^~~~~~~~~~~\n  >> 442    dsuperlu.h:24:4: error: unknown type name 'dScalePermstruct_t'\n     443       24 |    dScalePermstruct_t dslu_ScalePermstruct;\n     444          |    ^~~~~~~~~~~~~~~~~~",
        "post_context": "     446       25 |    dSOLVEstruct_t dslu_solve;\n     447          |    ^~~~~~~~~~~~~~\n     448    par_mgr.c: In function 'hypre_MGRDirectSolverSetup':\n     449    par_mgr.c:5404:4: warning: implicit declaration of function 'dScale\n            PermstructInit'; did you mean 'ScalePermstructInit'? [-Wimplicit-fu\n            nction-declaration]",
        "id": 195313,
        "label": "dinos-error"
    },
    {
        "phase": "N/A",
        "source_file": "",
        "source_line_no": 0,
        "line_no": 853,
        "repeat_count": 0,
        "start": 847,
        "end": 860,
        "text": ">> 441    dsuperlu.h:20:4: error: unknown type name 'dLUstruct_t'",
        "pre_context": "            sr_mv -I./../distributed_matrix -I./../matrix_matrix -I./../IJ_mv -\n            I./../parcsr_block_mv -I/p/vast1/koparasy/BUILD/spack_cluster_insta\n            ller/quartz/petsc/spack_env_dir/linux-rhel7-broadwell/gcc-9.3.1/sup\n            erlu-dist-6.0.0-nf7nllcx3gqobaucfauavo255m7xrran/include          -\n            c par_mgr_setup.c\n     440    In file included from par_mgr.c:19:",
        "post_context": "     442       20 |    dLUstruct_t dslu_data_LU;\n     443          |    ^~~~~~~~~~~\n  >> 444    dsuperlu.h:24:4: error: unknown type name 'dScalePermstruct_t'\n     445       24 |    dScalePermstruct_t dslu_ScalePermstruct;\n     446          |    ^~~~~~~~~~~~~~~~~~\n  >> 447    dsuperlu.h:25:4: error: unknown type name 'dSOLVEstruct_t'",
        "id": 195320,
        "label": "dinos-error"
    },
    {
        "phase": "N/A",
        "source_file": "",
        "source_line_no": 0,
        "line_no": 859,
        "repeat_count": 0,
        "start": 853,
        "end": 866,
        "text": ">> 447    dsuperlu.h:25:4: error: unknown type name 'dSOLVEstruct_t'",
        "pre_context": "  >> 441    dsuperlu.h:20:4: error: unknown type name 'dLUstruct_t'\n     442       20 |    dLUstruct_t dslu_data_LU;\n     443          |    ^~~~~~~~~~~\n  >> 444    dsuperlu.h:24:4: error: unknown type name 'dScalePermstruct_t'\n     445       24 |    dScalePermstruct_t dslu_ScalePermstruct;\n     446          |    ^~~~~~~~~~~~~~~~~~",
        "post_context": "     448       25 |    dSOLVEstruct_t dslu_solve;\n     449          |    ^~~~~~~~~~~~~~\n     450    par_mgr.c: In function 'hypre_MGRDirectSolverSetup':\n     451    par_mgr.c:5404:4: warning: implicit declaration of function 'dScale\n            PermstructInit'; did you mean 'ScalePermstructInit'? [-Wimplicit-fu\n            nction-declaration]",
        "id": 195322,
        "label": "dinos-error"
    },
    {
        "phase": "N/A",
        "source_file": "",
        "source_line_no": 0,
        "line_no": 852,
        "repeat_count": 0,
        "start": 846,
        "end": 859,
        "text": ">> 446    dsuperlu.h:20:4: error: unknown type name 'dLUstruct_t'",
        "pre_context": "            sr_mv -I./../distributed_matrix -I./../matrix_matrix -I./../IJ_mv -\n            I./../parcsr_block_mv -I/p/vast1/koparasy/BUILD/spack_cluster_insta\n            ller/quartz/petsc/spack_env_dir/linux-rhel7-broadwell/gcc-9.3.1/sup\n            erlu-dist-5.1.3-rpwatn23xj4kyoiitioqyhilh3emmrnn/include          -\n            c par_mgr_solve.c\n     445    In file included from par_mgr.c:19:",
        "post_context": "     447       20 |    dLUstruct_t dslu_data_LU;\n     448          |    ^~~~~~~~~~~\n  >> 449    dsuperlu.h:24:4: error: unknown type name 'dScalePermstruct_t'\n     450       24 |    dScalePermstruct_t dslu_ScalePermstruct;\n     451          |    ^~~~~~~~~~~~~~~~~~\n  >> 452    dsuperlu.h:25:4: error: unknown type name 'dSOLVEstruct_t'",
        "id": 195348,
        "label": "dinos-error"
    },
    {
        "phase": "N/A",
        "source_file": "",
        "source_line_no": 0,
        "line_no": 858,
        "repeat_count": 0,
        "start": 852,
        "end": 865,
        "text": ">> 452    dsuperlu.h:25:4: error: unknown type name 'dSOLVEstruct_t'",
        "pre_context": "  >> 446    dsuperlu.h:20:4: error: unknown type name 'dLUstruct_t'\n     447       20 |    dLUstruct_t dslu_data_LU;\n     448          |    ^~~~~~~~~~~\n  >> 449    dsuperlu.h:24:4: error: unknown type name 'dScalePermstruct_t'\n     450       24 |    dScalePermstruct_t dslu_ScalePermstruct;\n     451          |    ^~~~~~~~~~~~~~~~~~",
        "post_context": "     453       25 |    dSOLVEstruct_t dslu_solve;\n     454          |    ^~~~~~~~~~~~~~\n     455    par_mgr.c: In function 'hypre_MGRDirectSolverSetup':\n     456    par_mgr.c:5399:4: warning: implicit declaration of function 'dScale\n            PermstructInit'; did you mean 'ScalePermstructInit'? [-Wimplicit-fu\n            nction-declaration]",
        "id": 195350,
        "label": "dinos-error"
    },
    {
        "phase": "N/A",
        "source_file": "",
        "source_line_no": 0,
        "line_no": 851,
        "repeat_count": 0,
        "start": 845,
        "end": 858,
        "text": ">> 433    dsuperlu.h:20:4: error: unknown type name 'dLUstruct_t'",
        "pre_context": "            sr_mv -I./../distributed_matrix -I./../matrix_matrix -I./../IJ_mv -\n            I./../parcsr_block_mv -I/p/vast1/koparasy/BUILD/spack_cluster_insta\n            ller/quartz/petsc/spack_env_dir/linux-rhel7-broadwell/gcc-9.3.1/sup\n            erlu-dist-6.0.0-vgnarqvf67prjyolnbvtuz42f2jn4nho/include    -c par_\n            mgr_setup.c\n     432    In file included from par_mgr.c:19:",
        "post_context": "     434       20 |    dLUstruct_t dslu_data_LU;\n     435          |    ^~~~~~~~~~~\n  >> 436    dsuperlu.h:24:4: error: unknown type name 'dScalePermstruct_t'\n     437       24 |    dScalePermstruct_t dslu_ScalePermstruct;\n     438          |    ^~~~~~~~~~~~~~~~~~\n  >> 439    dsuperlu.h:25:4: error: unknown type name 'dSOLVEstruct_t'",
        "id": 195359,
        "label": "dinos-error"
    },
    {
        "phase": "N/A",
        "source_file": "",
        "source_line_no": 0,
        "line_no": 857,
        "repeat_count": 0,
        "start": 851,
        "end": 864,
        "text": ">> 439    dsuperlu.h:25:4: error: unknown type name 'dSOLVEstruct_t'",
        "pre_context": "  >> 433    dsuperlu.h:20:4: error: unknown type name 'dLUstruct_t'\n     434       20 |    dLUstruct_t dslu_data_LU;\n     435          |    ^~~~~~~~~~~\n  >> 436    dsuperlu.h:24:4: error: unknown type name 'dScalePermstruct_t'\n     437       24 |    dScalePermstruct_t dslu_ScalePermstruct;\n     438          |    ^~~~~~~~~~~~~~~~~~",
        "post_context": "     440       25 |    dSOLVEstruct_t dslu_solve;\n     441          |    ^~~~~~~~~~~~~~\n     442    par_mgr.c: In function 'hypre_MGRDirectSolverSetup':\n     443    par_mgr.c:5439:4: warning: implicit declaration of function 'dScale\n            PermstructInit'; did you mean 'ScalePermstructInit'? [-Wimplicit-fu\n            nction-declaration]",
        "id": 195361,
        "label": "dinos-error"
    },
    {
        "phase": "N/A",
        "source_file": "",
        "source_line_no": 0,
        "line_no": 851,
        "repeat_count": 0,
        "start": 845,
        "end": 858,
        "text": ">> 439    dsuperlu.h:20:4: error: unknown type name 'dLUstruct_t'",
        "pre_context": "            sr_mv -I./../distributed_matrix -I./../matrix_matrix -I./../IJ_mv -\n            I./../parcsr_block_mv -I/p/vast1/koparasy/BUILD/spack_cluster_insta\n            ller/quartz/petsc/spack_env_dir/linux-rhel7-broadwell/gcc-9.3.1/sup\n            erlu-dist-5.2.2-b7ykzxaaetfsptvr5mmszuk4lwqhxgfk/include          -\n            c par_mgr.c\n     438    In file included from par_mgr.c:19:",
        "post_context": "     440       20 |    dLUstruct_t dslu_data_LU;\n     441          |    ^~~~~~~~~~~\n  >> 442    dsuperlu.h:24:4: error: unknown type name 'dScalePermstruct_t'\n     443       24 |    dScalePermstruct_t dslu_ScalePermstruct;\n     444          |    ^~~~~~~~~~~~~~~~~~\n  >> 445    dsuperlu.h:25:4: error: unknown type name 'dSOLVEstruct_t'",
        "id": 195364,
        "label": "dinos-error"
    },
    {
        "phase": "N/A",
        "source_file": "",
        "source_line_no": 0,
        "line_no": 857,
        "repeat_count": 0,
        "start": 851,
        "end": 864,
        "text": ">> 445    dsuperlu.h:25:4: error: unknown type name 'dSOLVEstruct_t'",
        "pre_context": "  >> 439    dsuperlu.h:20:4: error: unknown type name 'dLUstruct_t'\n     440       20 |    dLUstruct_t dslu_data_LU;\n     441          |    ^~~~~~~~~~~\n  >> 442    dsuperlu.h:24:4: error: unknown type name 'dScalePermstruct_t'\n     443       24 |    dScalePermstruct_t dslu_ScalePermstruct;\n     444          |    ^~~~~~~~~~~~~~~~~~",
        "post_context": "     446       25 |    dSOLVEstruct_t dslu_solve;\n     447          |    ^~~~~~~~~~~~~~\n     448    par_mgr.c: In function 'hypre_MGRDirectSolverSetup':\n     449    /p/vast1/koparasy/BUILD/spack_cluster_installer/quartz/petsc/spack_\n            env_dir/linux-rhel7-broadwell/gcc-9.3.1/openmpi-4.1.2-jav4wqudjcg7d\n            sjv2bfmiftfzddznkg3/bin/mpicc -O2  -fPIC -DHAVE_CONFIG_H -I.. -I../",
        "id": 195366,
        "label": "dinos-error"
    }
]