[
    {
        "id": 7850,
        "phase": 32358,
        "source_file": "/usr/include/c++/4.8.2/bits/c++0x_warning.h",
        "source_line_no": 3,
        "line_no": 2072,
        "repeat_count": 0,
        "start": 2066,
        "end": 2079,
        "text": "/usr/include/c++/4.8.2/bits/c++0x_warning.h:32:2: error: #error This file requires compiler and library support for the ISO C++ 2011 standard. This support is currently experimental, and must be enabled with the -std=c++11 or -std=gnu++11 compiler options.",
        "pre_context": "make  -f examples/arkode/CXX_serial/CMakeFiles/ark_heat2D.dir/build.make examples/arkode/CXX_serial/CMakeFiles/ark_heat2D.dir/build\nmake[2]: Entering directory `/tmp/root/spack-stage/spack-stage-sundials-5.4.0-dwe4ijxvtipcfucqc6lzxpmng3lpn5oe/spack-build-dwe4ijx'\n[ 69%] Building CXX object examples/arkode/CXX_serial/CMakeFiles/ark_heat2D.dir/ark_heat2D.cpp.o\ncd /tmp/root/spack-stage/spack-stage-sundials-5.4.0-dwe4ijxvtipcfucqc6lzxpmng3lpn5oe/spack-build-dwe4ijx/examples/arkode/CXX_serial && /opt/spack/lib/spack/env/gcc/g++  -I/tmp/root/spack-stage/spack-stage-sundials-5.4.0-dwe4ijxvtipcfucqc6lzxpmng3lpn5oe/spack-src/include -I/tmp/root/spack-stage/spack-stage-sundials-5.4.0-dwe4ijxvtipcfucqc6lzxpmng3lpn5oe/spack-build-dwe4ijx/include -O2 -g -DNDEBUG -MD -MT examples/arkode/CXX_serial/CMakeFiles/ark_heat2D.dir/ark_heat2D.cpp.o -MF CMakeFiles/ark_heat2D.dir/ark_heat2D.cpp.o.d -o CMakeFiles/ark_heat2D.dir/ark_heat2D.cpp.o -c /tmp/root/spack-stage/spack-stage-sundials-5.4.0-dwe4ijxvtipcfucqc6lzxpmng3lpn5oe/spack-src/examples/arkode/CXX_serial/ark_heat2D.cpp\nIn file included from /usr/include/c++/4.8.2/chrono:35:0,\n                 from /tmp/root/spack-stage/spack-stage-sundials-5.4.0-dwe4ijxvtipcfucqc6lzxpmng3lpn5oe/spack-src/examples/arkode/CXX_serial/ark_heat2D.cpp:52:",
        "post_context": " #error This file requires compiler and library support for the \\\n  ^\n[ 69%] Linking CXX executable ark_analytic_sys\ncd /tmp/root/spack-stage/spack-stage-sundials-5.4.0-dwe4ijxvtipcfucqc6lzxpmng3lpn5oe/spack-build-dwe4ijx/examples/arkode/CXX_serial && /opt/spack/opt/spack/linux-centos7-haswell/gcc-4.8.5/cmake-3.21.4-4q7yowzqqc6x36tsxd2bsgeenwci6iqt/bin/cmake -E cmake_link_script CMakeFiles/ark_analytic_sys.dir/link.txt --verbose=1\n/opt/spack/lib/spack/env/gcc/g++ -O2 -g -DNDEBUG CMakeFiles/ark_analytic_sys.dir/ark_analytic_sys.cpp.o -o ark_analytic_sys  -Wl,-rpath,/tmp/root/spack-stage/spack-stage-sundials-5.4.0-dwe4ijxvtipcfucqc6lzxpmng3lpn5oe/spack-build-dwe4ijx/src/arkode:/tmp/root/spack-stage/spack-stage-sundials-5.4.0-dwe4ijxvtipcfucqc6lzxpmng3lpn5oe/spack-build-dwe4ijx/src/nvector/serial ../../../src/arkode/libsundials_arkode.so.4.4.0 ../../../src/nvector/serial/libsundials_nvecserial.so.5.4.0 -lm /usr/lib64/librt.so -lm\n/tmp/root/spack-stage/spack-stage-sundials-5.4.0-dwe4ijxvtipcfucqc6lzxpmng3lpn5oe/spack-src/examples/arkode/CXX_serial/ark_heat2D.cpp: In function 'int main(int, char**)':",
        "add_date": "2022-02-03T08:08:46.909933Z",
        "modify_date": "2022-02-03T08:08:46.910024Z",
        "label": "build-error",
        "spack-monitor-label": "error"
    },
    {
        "id": 8208,
        "phase": 32654,
        "source_file": "/usr/local/include/c++/4.9.4/bits/c++0x_warning.h",
        "source_line_no": 3,
        "line_no": 2072,
        "repeat_count": 0,
        "start": 2066,
        "end": 2079,
        "text": "/usr/local/include/c++/4.9.4/bits/c++0x_warning.h:32:2: error: #error This file requires compiler and library support for the ISO C++ 2011 standard. This support is currently experimental, and must be enabled with the -std=c++11 or -std=gnu++11 compiler options.",
        "pre_context": "make  -f examples/arkode/CXX_serial/CMakeFiles/ark_heat2D.dir/build.make examples/arkode/CXX_serial/CMakeFiles/ark_heat2D.dir/build\nmake[2]: Entering directory '/tmp/root/spack-stage/spack-stage-sundials-5.4.0-sokgi4hcqrw2l7wquek6ir6pxy5qrh7y/spack-build-sokgi4h'\n[ 69%] Building CXX object examples/arkode/CXX_serial/CMakeFiles/ark_heat2D.dir/ark_heat2D.cpp.o\ncd /tmp/root/spack-stage/spack-stage-sundials-5.4.0-sokgi4hcqrw2l7wquek6ir6pxy5qrh7y/spack-build-sokgi4h/examples/arkode/CXX_serial && /opt/spack/lib/spack/env/gcc/g++  -I/tmp/root/spack-stage/spack-stage-sundials-5.4.0-sokgi4hcqrw2l7wquek6ir6pxy5qrh7y/spack-src/include -I/tmp/root/spack-stage/spack-stage-sundials-5.4.0-sokgi4hcqrw2l7wquek6ir6pxy5qrh7y/spack-build-sokgi4h/include -O2 -g -DNDEBUG -MD -MT examples/arkode/CXX_serial/CMakeFiles/ark_heat2D.dir/ark_heat2D.cpp.o -MF CMakeFiles/ark_heat2D.dir/ark_heat2D.cpp.o.d -o CMakeFiles/ark_heat2D.dir/ark_heat2D.cpp.o -c /tmp/root/spack-stage/spack-stage-sundials-5.4.0-sokgi4hcqrw2l7wquek6ir6pxy5qrh7y/spack-src/examples/arkode/CXX_serial/ark_heat2D.cpp\nIn file included from /usr/local/include/c++/4.9.4/chrono:35:0,\n                 from /tmp/root/spack-stage/spack-stage-sundials-5.4.0-sokgi4hcqrw2l7wquek6ir6pxy5qrh7y/spack-src/examples/arkode/CXX_serial/ark_heat2D.cpp:52:",
        "post_context": " #error This file requires compiler and library support for the \\\n  ^\n/tmp/root/spack-stage/spack-stage-sundials-5.4.0-sokgi4hcqrw2l7wquek6ir6pxy5qrh7y/spack-src/examples/arkode/CXX_serial/ark_heat2D.cpp: In function 'int main(int, char**)':\n/tmp/root/spack-stage/spack-stage-sundials-5.4.0-sokgi4hcqrw2l7wquek6ir6pxy5qrh7y/spack-src/examples/arkode/CXX_serial/ark_heat2D.cpp:205:3: error: 'chrono' has not been declared\n   chrono::time_point<chrono::steady_clock> t1;\n   ^",
        "add_date": "2022-02-03T08:08:51.298711Z",
        "modify_date": "2022-02-03T08:08:51.298755Z",
        "label": "build-error",
        "spack-monitor-label": "error"
    },
    {
        "id": 10013,
        "phase": 38651,
        "source_file": "/usr/bin/../lib/gcc/x86_64-redhat-linux/4.8.5/../../../../include/c++/4.8.5/bits/c++0x_warning.h",
        "source_line_no": 3,
        "line_no": 34,
        "repeat_count": 0,
        "start": 28,
        "end": 41,
        "text": "/usr/bin/../lib/gcc/x86_64-redhat-linux/4.8.5/../../../../include/c++/4.8.5/bits/c++0x_warning.h:32:2: error: This file requires compiler and library support for the ISO C++ 2011 standard. This support is currently experimental, and must be enabled with the -std=c++11 or -std=gnu++11 compiler options.",
        "pre_context": "cd /tmp/root/spack-stage/spack-stage-bolt-main-2p7vh7nclh46hf3oaqnd6ajc4gdvwobn/spack-build-2p7vh7n/runtime/src && /opt/spack/lib/spack/env/clang/clang++ -Dbolt_omp_EXPORTS -I/tmp/root/spack-stage/spack-stage-bolt-main-2p7vh7nclh46hf3oaqnd6ajc4gdvwobn/spack-build-2p7vh7n/runtime/src -I/tmp/root/spack-stage/spack-stage-bolt-main-2p7vh7nclh46hf3oaqnd6ajc4gdvwobn/spack-src/runtime/src -I/tmp/root/spack-stage/spack-stage-bolt-main-2p7vh7nclh46hf3oaqnd6ajc4gdvwobn/spack-src/runtime/src/i18n -I/tmp/root/spack-stage/spack-stage-bolt-main-2p7vh7nclh46hf3oaqnd6ajc4gdvwobn/spack-src/runtime/src/include -I/tmp/root/spack-stage/spack-stage-bolt-main-2p7vh7nclh46hf3oaqnd6ajc4gdvwobn/spack-src/runtime/src/thirdparty/ittnotify -I/opt/spack/opt/spack/linux-centos7-x86_64/clang-3.4.2/argobots-1.1-ozi5lqz5hvpwjx2h24qgos264aor5ktc/include -Wall -Wcast-qual -Wimplicit-fallthrough -Wsign-compare -Wno-extra -Wno-pedantic -O2 -g -DNDEBUG -fPIC   -D _GNU_SOURCE -D _REENTRANT -fno-exceptions -fno-rtti -Wno-covered-switch-default -Wno-strict-aliasing -Wno-switch -Wno-uninitialized -MD -MT runtime/src/CMakeFiles/bolt-omp.dir/kmp_atomic.cpp.o -MF CMakeFiles/bolt-omp.dir/kmp_atomic.cpp.o.d -o CMakeFiles/bolt-omp.dir/kmp_atomic.cpp.o -c /tmp/root/spack-stage/spack-stage-bolt-main-2p7vh7nclh46hf3oaqnd6ajc4gdvwobn/spack-src/runtime/src/kmp_atomic.cpp\nIn file included from /tmp/root/spack-stage/spack-stage-bolt-main-2p7vh7nclh46hf3oaqnd6ajc4gdvwobn/spack-src/runtime/src/kmp_atomic.cpp:13:\nIn file included from /tmp/root/spack-stage/spack-stage-bolt-main-2p7vh7nclh46hf3oaqnd6ajc4gdvwobn/spack-src/runtime/src/kmp_atomic.h:16:\nIn file included from /tmp/root/spack-stage/spack-stage-bolt-main-2p7vh7nclh46hf3oaqnd6ajc4gdvwobn/spack-src/runtime/src/kmp_lock.h:20:\nIn file included from /tmp/root/spack-stage/spack-stage-bolt-main-2p7vh7nclh46hf3oaqnd6ajc4gdvwobn/spack-src/runtime/src/kmp_os.h:17:\nIn file included from /usr/bin/../lib/gcc/x86_64-redhat-linux/4.8.5/../../../../include/c++/4.8.5/atomic:38:",
        "post_context": "#error This file requires compiler and library support for the \\\n ^\nIn file included from /tmp/root/spack-stage/spack-stage-bolt-main-2p7vh7nclh46hf3oaqnd6ajc4gdvwobn/spack-src/runtime/src/kmp_atomic.cpp:13:\nIn file included from /tmp/root/spack-stage/spack-stage-bolt-main-2p7vh7nclh46hf3oaqnd6ajc4gdvwobn/spack-src/runtime/src/kmp_atomic.h:16:\nIn file included from /tmp/root/spack-stage/spack-stage-bolt-main-2p7vh7nclh46hf3oaqnd6ajc4gdvwobn/spack-src/runtime/src/kmp_lock.h:20:\nIn file included from /tmp/root/spack-stage/spack-stage-bolt-main-2p7vh7nclh46hf3oaqnd6ajc4gdvwobn/spack-src/runtime/src/kmp_os.h:17:",
        "add_date": "2022-02-03T08:09:31.380221Z",
        "modify_date": "2022-02-03T08:09:31.380266Z",
        "label": "build-error",
        "spack-monitor-label": "error"
    },
    {
        "id": 10032,
        "phase": 38651,
        "source_file": "/usr/bin/../lib/gcc/x86_64-redhat-linux/4.8.5/../../../../include/c++/4.8.5/bits/c++0x_warning.h",
        "source_line_no": 3,
        "line_no": 100,
        "repeat_count": 0,
        "start": 94,
        "end": 107,
        "text": "/usr/bin/../lib/gcc/x86_64-redhat-linux/4.8.5/../../../../include/c++/4.8.5/bits/c++0x_warning.h:32:2: error: This file requires compiler and library support for the ISO C++ 2011 standard. This support is currently experimental, and must be enabled with the -std=c++11 or -std=gnu++11 compiler options.",
        "pre_context": "  typedef __atomic_base<long>                   atomic_long;\n                       ^\nfatal error: too many errors emitted, stopping now [-ferror-limit=]\nIn file included from /tmp/root/spack-stage/spack-stage-bolt-main-2p7vh7nclh46hf3oaqnd6ajc4gdvwobn/spack-src/runtime/src/kmp_alloc.cpp:13:\nIn file included from /tmp/root/spack-stage/spack-stage-bolt-main-2p7vh7nclh46hf3oaqnd6ajc4gdvwobn/spack-src/runtime/src/kmp.h:74:\nIn file included from /usr/bin/../lib/gcc/x86_64-redhat-linux/4.8.5/../../../../include/c++/4.8.5/type_traits:35:",
        "post_context": "#error This file requires compiler and library support for the \\\n ^\nIn file included from /tmp/root/spack-stage/spack-stage-bolt-main-2p7vh7nclh46hf3oaqnd6ajc4gdvwobn/spack-src/runtime/src/kmp_alloc.cpp:13:\nIn file included from /tmp/root/spack-stage/spack-stage-bolt-main-2p7vh7nclh46hf3oaqnd6ajc4gdvwobn/spack-src/runtime/src/kmp.h:85:\nIn file included from /tmp/root/spack-stage/spack-stage-bolt-main-2p7vh7nclh46hf3oaqnd6ajc4gdvwobn/spack-src/runtime/src/kmp_os.h:17:\nIn file included from /usr/bin/../lib/gcc/x86_64-redhat-linux/4.8.5/../../../../include/c++/4.8.5/atomic:41:",
        "add_date": "2022-02-03T08:09:31.416125Z",
        "modify_date": "2022-02-03T08:09:31.416137Z",
        "label": "build-error",
        "spack-monitor-label": "error"
    },
    {
        "id": 10055,
        "phase": 38668,
        "source_file": "/usr/include/c++/4.8.2/bits/c++0x_warning.h",
        "source_line_no": 3,
        "line_no": 34,
        "repeat_count": 0,
        "start": 28,
        "end": 41,
        "text": "/usr/include/c++/4.8.2/bits/c++0x_warning.h:32:2: error: #error This file requires compiler and library support for the ISO C++ 2011 standard. This support is currently experimental, and must be enabled with the -std=c++11 or -std=gnu++11 compiler options.",
        "pre_context": "cd /tmp/root/spack-stage/spack-stage-bolt-main-kugfhoudygfgwdji33hbf6cxehe2ph7j/spack-build-kugfhou/runtime/src && /opt/spack/lib/spack/env/gcc/g++ -Dbolt_omp_EXPORTS -I/tmp/root/spack-stage/spack-stage-bolt-main-kugfhoudygfgwdji33hbf6cxehe2ph7j/spack-build-kugfhou/runtime/src -I/tmp/root/spack-stage/spack-stage-bolt-main-kugfhoudygfgwdji33hbf6cxehe2ph7j/spack-src/runtime/src -I/tmp/root/spack-stage/spack-stage-bolt-main-kugfhoudygfgwdji33hbf6cxehe2ph7j/spack-src/runtime/src/i18n -I/tmp/root/spack-stage/spack-stage-bolt-main-kugfhoudygfgwdji33hbf6cxehe2ph7j/spack-src/runtime/src/include -I/tmp/root/spack-stage/spack-stage-bolt-main-kugfhoudygfgwdji33hbf6cxehe2ph7j/spack-src/runtime/src/thirdparty/ittnotify -I/opt/spack/opt/spack/linux-centos7-x86_64_v3/gcc-4.8.5/argobots-1.1-lmwaxnw3ydpe2z6vgbc5ztahggqkmmom/include -Wall -Wcast-qual -Wsign-compare -Wno-extra -Wno-pedantic -Wno-maybe-uninitialized -O2 -g -DNDEBUG -fPIC   -D _GNU_SOURCE -D _REENTRANT -fno-exceptions -fno-rtti -Wno-class-memaccess -Wno-covered-switch-default -Wno-frame-address -Wno-strict-aliasing -Wno-stringop-truncation -Wno-switch -Wno-uninitialized -Wno-unused-but-set-variable -MD -MT runtime/src/CMakeFiles/bolt-omp.dir/kmp_atomic.cpp.o -MF CMakeFiles/bolt-omp.dir/kmp_atomic.cpp.o.d -o CMakeFiles/bolt-omp.dir/kmp_atomic.cpp.o -c /tmp/root/spack-stage/spack-stage-bolt-main-kugfhoudygfgwdji33hbf6cxehe2ph7j/spack-src/runtime/src/kmp_atomic.cpp\nIn file included from /usr/include/c++/4.8.2/atomic:38:0,\n                 from /tmp/root/spack-stage/spack-stage-bolt-main-kugfhoudygfgwdji33hbf6cxehe2ph7j/spack-src/runtime/src/kmp_os.h:17,\n                 from /tmp/root/spack-stage/spack-stage-bolt-main-kugfhoudygfgwdji33hbf6cxehe2ph7j/spack-src/runtime/src/kmp_lock.h:20,\n                 from /tmp/root/spack-stage/spack-stage-bolt-main-kugfhoudygfgwdji33hbf6cxehe2ph7j/spack-src/runtime/src/kmp_atomic.h:16,\n                 from /tmp/root/spack-stage/spack-stage-bolt-main-kugfhoudygfgwdji33hbf6cxehe2ph7j/spack-src/runtime/src/kmp_atomic.cpp:13:",
        "post_context": " #error This file requires compiler and library support for the \\\n  ^\nIn file included from /usr/include/c++/4.8.2/type_traits:35:0,\n                 from /tmp/root/spack-stage/spack-stage-bolt-main-kugfhoudygfgwdji33hbf6cxehe2ph7j/spack-src/runtime/src/kmp.h:74,\n                 from /tmp/root/spack-stage/spack-stage-bolt-main-kugfhoudygfgwdji33hbf6cxehe2ph7j/spack-src/runtime/src/kmp_alloc.cpp:13:\n/usr/include/c++/4.8.2/bits/c++0x_warning.h:32:2: error: #error This file requires compiler and library support for the ISO C++ 2011 standard. This support is currently experimental, and must be enabled with the -std=c++11 or -std=gnu++11 compiler options.",
        "add_date": "2022-02-03T08:09:31.672921Z",
        "modify_date": "2022-02-03T08:09:31.672935Z",
        "label": "build-error",
        "spack-monitor-label": "error"
    },
    {
        "id": 10056,
        "phase": 38668,
        "source_file": "/usr/include/c++/4.8.2/bits/c++0x_warning.h",
        "source_line_no": 3,
        "line_no": 40,
        "repeat_count": 0,
        "start": 34,
        "end": 47,
        "text": "/usr/include/c++/4.8.2/bits/c++0x_warning.h:32:2: error: #error This file requires compiler and library support for the ISO C++ 2011 standard. This support is currently experimental, and must be enabled with the -std=c++11 or -std=gnu++11 compiler options.",
        "pre_context": "/usr/include/c++/4.8.2/bits/c++0x_warning.h:32:2: error: #error This file requires compiler and library support for the ISO C++ 2011 standard. This support is currently experimental, and must be enabled with the -std=c++11 or -std=gnu++11 compiler options.\n #error This file requires compiler and library support for the \\\n  ^\nIn file included from /usr/include/c++/4.8.2/type_traits:35:0,\n                 from /tmp/root/spack-stage/spack-stage-bolt-main-kugfhoudygfgwdji33hbf6cxehe2ph7j/spack-src/runtime/src/kmp.h:74,\n                 from /tmp/root/spack-stage/spack-stage-bolt-main-kugfhoudygfgwdji33hbf6cxehe2ph7j/spack-src/runtime/src/kmp_alloc.cpp:13:",
        "post_context": " #error This file requires compiler and library support for the \\\n  ^\nIn file included from /tmp/root/spack-stage/spack-stage-bolt-main-kugfhoudygfgwdji33hbf6cxehe2ph7j/spack-src/runtime/src/kmp_alloc.cpp:13:0:\n/tmp/root/spack-stage/spack-stage-bolt-main-kugfhoudygfgwdji33hbf6cxehe2ph7j/spack-src/runtime/src/kmp.h:1660:1: warning: identifier 'static_assert' is a keyword in C++11 [-Wc++0x-compat]\n KMP_BUILD_ASSERT(sizeof(kmp_sched_flags_t) == 4);\n ^",
        "add_date": "2022-02-03T08:09:31.674927Z",
        "modify_date": "2022-02-03T08:09:31.674939Z",
        "label": "build-error",
        "spack-monitor-label": "error"
    },
    {
        "id": 11357,
        "phase": 38658,
        "source_file": "/usr/bin/../lib/gcc/x86_64-redhat-linux/4.8.5/../../../../include/c++/4.8.5/bits/c++0x_warning.h",
        "source_line_no": 3,
        "line_no": 34,
        "repeat_count": 0,
        "start": 28,
        "end": 41,
        "text": "/usr/bin/../lib/gcc/x86_64-redhat-linux/4.8.5/../../../../include/c++/4.8.5/bits/c++0x_warning.h:32:2: error: This file requires compiler and library support for the ISO C++ 2011 standard. This support is currently experimental, and must be enabled with the -std=c++11 or -std=gnu++11 compiler options.",
        "pre_context": "cd /tmp/root/spack-stage/spack-stage-bolt-2.0-d3od36otuteq3likxwoqdipliql2jdrg/spack-build-d3od36o/runtime/src && /opt/spack/lib/spack/env/clang/clang++ -Dbolt_omp_EXPORTS -I/tmp/root/spack-stage/spack-stage-bolt-2.0-d3od36otuteq3likxwoqdipliql2jdrg/spack-build-d3od36o/runtime/src -I/tmp/root/spack-stage/spack-stage-bolt-2.0-d3od36otuteq3likxwoqdipliql2jdrg/spack-src/runtime/src -I/tmp/root/spack-stage/spack-stage-bolt-2.0-d3od36otuteq3likxwoqdipliql2jdrg/spack-src/runtime/src/i18n -I/tmp/root/spack-stage/spack-stage-bolt-2.0-d3od36otuteq3likxwoqdipliql2jdrg/spack-src/runtime/src/include -I/tmp/root/spack-stage/spack-stage-bolt-2.0-d3od36otuteq3likxwoqdipliql2jdrg/spack-src/runtime/src/thirdparty/ittnotify -I/opt/spack/opt/spack/linux-centos7-x86_64/clang-3.4.2/argobots-1.1-ozi5lqz5hvpwjx2h24qgos264aor5ktc/include -Wall -Wcast-qual -Wimplicit-fallthrough -Wsign-compare -Wno-extra -Wno-pedantic -O2 -g -DNDEBUG -fPIC   -D _GNU_SOURCE -D _REENTRANT -fno-exceptions -fno-rtti -Wno-covered-switch-default -Wno-strict-aliasing -Wno-switch -Wno-uninitialized -MD -MT runtime/src/CMakeFiles/bolt-omp.dir/kmp_atomic.cpp.o -MF CMakeFiles/bolt-omp.dir/kmp_atomic.cpp.o.d -o CMakeFiles/bolt-omp.dir/kmp_atomic.cpp.o -c /tmp/root/spack-stage/spack-stage-bolt-2.0-d3od36otuteq3likxwoqdipliql2jdrg/spack-src/runtime/src/kmp_atomic.cpp\nIn file included from /tmp/root/spack-stage/spack-stage-bolt-2.0-d3od36otuteq3likxwoqdipliql2jdrg/spack-src/runtime/src/kmp_atomic.cpp:13:\nIn file included from /tmp/root/spack-stage/spack-stage-bolt-2.0-d3od36otuteq3likxwoqdipliql2jdrg/spack-src/runtime/src/kmp_atomic.h:16:\nIn file included from /tmp/root/spack-stage/spack-stage-bolt-2.0-d3od36otuteq3likxwoqdipliql2jdrg/spack-src/runtime/src/kmp_lock.h:20:\nIn file included from /tmp/root/spack-stage/spack-stage-bolt-2.0-d3od36otuteq3likxwoqdipliql2jdrg/spack-src/runtime/src/kmp_os.h:18:\nIn file included from /usr/bin/../lib/gcc/x86_64-redhat-linux/4.8.5/../../../../include/c++/4.8.5/atomic:38:",
        "post_context": "#error This file requires compiler and library support for the \\\n ^\nIn file included from /tmp/root/spack-stage/spack-stage-bolt-2.0-d3od36otuteq3likxwoqdipliql2jdrg/spack-src/runtime/src/kmp_atomic.cpp:13:\nIn file included from /tmp/root/spack-stage/spack-stage-bolt-2.0-d3od36otuteq3likxwoqdipliql2jdrg/spack-src/runtime/src/kmp_atomic.h:16:\nIn file included from /tmp/root/spack-stage/spack-stage-bolt-2.0-d3od36otuteq3likxwoqdipliql2jdrg/spack-src/runtime/src/kmp_lock.h:20:\nIn file included from /tmp/root/spack-stage/spack-stage-bolt-2.0-d3od36otuteq3likxwoqdipliql2jdrg/spack-src/runtime/src/kmp_os.h:18:",
        "add_date": "2022-02-03T08:09:37.723542Z",
        "modify_date": "2022-02-03T08:09:37.723588Z",
        "label": "build-error",
        "spack-monitor-label": "error"
    },
    {
        "id": 11372,
        "phase": 38658,
        "source_file": "/usr/bin/../lib/gcc/x86_64-redhat-linux/4.8.5/../../../../include/c++/4.8.5/bits/c++0x_warning.h",
        "source_line_no": 3,
        "line_no": 88,
        "repeat_count": 0,
        "start": 82,
        "end": 95,
        "text": "/usr/bin/../lib/gcc/x86_64-redhat-linux/4.8.5/../../../../include/c++/4.8.5/bits/c++0x_warning.h:32:2: error: This file requires compiler and library support for the ISO C++ 2011 standard. This support is currently experimental, and must be enabled with the -std=c++11 or -std=gnu++11 compiler options.",
        "pre_context": "  typedef __atomic_base<int>                    atomic_int;\n                       ^\nIn file included from /tmp/root/spack-stage/spack-stage-bolt-2.0-d3od36otuteq3likxwoqdipliql2jdrg/spack-src/runtime/src/kmp_alloc.cpp:13:\nIn file included from /tmp/root/spack-stage/spack-stage-bolt-2.0-d3od36otuteq3likxwoqdipliql2jdrg/spack-src/runtime/src/kmp.h:83:\nIn file included from /tmp/root/spack-stage/spack-stage-bolt-2.0-d3od36otuteq3likxwoqdipliql2jdrg/spack-src/runtime/src/kmp_os.h:18:\nIn file included from /usr/bin/../lib/gcc/x86_64-redhat-linux/4.8.5/../../../../include/c++/4.8.5/atomic:38:",
        "post_context": "#error This file requires compiler and library support for the \\\n ^\n/usr/bin/../lib/gcc/x86_64-redhat-linux/4.8.5/../../../../include/c++/4.8.5/bits/atomic_base.h:138:11: error: unknown type name '__atomic_base'\n  typedef __atomic_base<unsigned int>           atomic_uint;\n          ^In file included from /tmp/root/spack-stage/spack-stage-bolt-2.0-d3od36otuteq3likxwoqdipliql2jdrg/spack-src/runtime/src/kmp_alloc.cpp:13:\nIn file included from /tmp/root/spack-stage/spack-stage-bolt-2.0-d3od36otuteq3likxwoqdipliql2jdrg/spack-src/runtime/src/kmp.h:83:",
        "add_date": "2022-02-03T08:09:37.751940Z",
        "modify_date": "2022-02-03T08:09:37.751953Z",
        "label": "build-error",
        "spack-monitor-label": "error"
    },
    {
        "id": 11400,
        "phase": 38678,
        "source_file": "/usr/include/c++/4.8.2/bits/c++0x_warning.h",
        "source_line_no": 3,
        "line_no": 34,
        "repeat_count": 0,
        "start": 28,
        "end": 41,
        "text": "/usr/include/c++/4.8.2/bits/c++0x_warning.h:32:2: error: #error This file requires compiler and library support for the ISO C++ 2011 standard. This support is currently experimental, and must be enabled with the -std=c++11 or -std=gnu++11 compiler options.",
        "pre_context": "cd /tmp/root/spack-stage/spack-stage-bolt-2.0-byzflrr5s7xufzkym3qhjexvdmfstzk5/spack-build-byzflrr/runtime/src && /opt/spack/lib/spack/env/gcc/g++ -Dbolt_omp_EXPORTS -I/tmp/root/spack-stage/spack-stage-bolt-2.0-byzflrr5s7xufzkym3qhjexvdmfstzk5/spack-build-byzflrr/runtime/src -I/tmp/root/spack-stage/spack-stage-bolt-2.0-byzflrr5s7xufzkym3qhjexvdmfstzk5/spack-src/runtime/src -I/tmp/root/spack-stage/spack-stage-bolt-2.0-byzflrr5s7xufzkym3qhjexvdmfstzk5/spack-src/runtime/src/i18n -I/tmp/root/spack-stage/spack-stage-bolt-2.0-byzflrr5s7xufzkym3qhjexvdmfstzk5/spack-src/runtime/src/include -I/tmp/root/spack-stage/spack-stage-bolt-2.0-byzflrr5s7xufzkym3qhjexvdmfstzk5/spack-src/runtime/src/thirdparty/ittnotify -I/opt/spack/opt/spack/linux-centos7-x86_64_v3/gcc-4.8.5/argobots-1.1-lmwaxnw3ydpe2z6vgbc5ztahggqkmmom/include -Wall -Wcast-qual -Wsign-compare -Wno-extra -Wno-pedantic -Wno-maybe-uninitialized -O2 -g -DNDEBUG -fPIC   -D _GNU_SOURCE -D _REENTRANT -fno-exceptions -fno-rtti -Wno-class-memaccess -Wno-covered-switch-default -Wno-frame-address -Wno-strict-aliasing -Wno-stringop-truncation -Wno-switch -Wno-uninitialized -Wno-unused-but-set-variable -MD -MT runtime/src/CMakeFiles/bolt-omp.dir/kmp_atomic.cpp.o -MF CMakeFiles/bolt-omp.dir/kmp_atomic.cpp.o.d -o CMakeFiles/bolt-omp.dir/kmp_atomic.cpp.o -c /tmp/root/spack-stage/spack-stage-bolt-2.0-byzflrr5s7xufzkym3qhjexvdmfstzk5/spack-src/runtime/src/kmp_atomic.cpp\nIn file included from /usr/include/c++/4.8.2/atomic:38:0,\n                 from /tmp/root/spack-stage/spack-stage-bolt-2.0-byzflrr5s7xufzkym3qhjexvdmfstzk5/spack-src/runtime/src/kmp_os.h:18,\n                 from /tmp/root/spack-stage/spack-stage-bolt-2.0-byzflrr5s7xufzkym3qhjexvdmfstzk5/spack-src/runtime/src/kmp_lock.h:20,\n                 from /tmp/root/spack-stage/spack-stage-bolt-2.0-byzflrr5s7xufzkym3qhjexvdmfstzk5/spack-src/runtime/src/kmp_atomic.h:16,\n                 from /tmp/root/spack-stage/spack-stage-bolt-2.0-byzflrr5s7xufzkym3qhjexvdmfstzk5/spack-src/runtime/src/kmp_atomic.cpp:13:",
        "post_context": " #error This file requires compiler and library support for the \\\n  ^\nIn file included from /usr/include/c++/4.8.2/atomic:38:0,\n                 from /tmp/root/spack-stage/spack-stage-bolt-2.0-byzflrr5s7xufzkym3qhjexvdmfstzk5/spack-src/runtime/src/kmp_os.h:18,\n                 from /tmp/root/spack-stage/spack-stage-bolt-2.0-byzflrr5s7xufzkym3qhjexvdmfstzk5/spack-src/runtime/src/kmp.h:83,\n                 from /tmp/root/spack-stage/spack-stage-bolt-2.0-byzflrr5s7xufzkym3qhjexvdmfstzk5/spack-src/runtime/src/kmp_alloc.cpp:13:",
        "add_date": "2022-02-03T08:09:38.095517Z",
        "modify_date": "2022-02-03T08:09:38.095532Z",
        "label": "build-error",
        "spack-monitor-label": "error"
    },
    {
        "id": 11401,
        "phase": 38678,
        "source_file": "/usr/include/c++/4.8.2/bits/c++0x_warning.h",
        "source_line_no": 3,
        "line_no": 41,
        "repeat_count": 0,
        "start": 35,
        "end": 48,
        "text": "/usr/include/c++/4.8.2/bits/c++0x_warning.h:32:2: error: #error This file requires compiler and library support for the ISO C++ 2011 standard. This support is currently experimental, and must be enabled with the -std=c++11 or -std=gnu++11 compiler options.",
        "pre_context": " #error This file requires compiler and library support for the \\\n  ^\nIn file included from /usr/include/c++/4.8.2/atomic:38:0,\n                 from /tmp/root/spack-stage/spack-stage-bolt-2.0-byzflrr5s7xufzkym3qhjexvdmfstzk5/spack-src/runtime/src/kmp_os.h:18,\n                 from /tmp/root/spack-stage/spack-stage-bolt-2.0-byzflrr5s7xufzkym3qhjexvdmfstzk5/spack-src/runtime/src/kmp.h:83,\n                 from /tmp/root/spack-stage/spack-stage-bolt-2.0-byzflrr5s7xufzkym3qhjexvdmfstzk5/spack-src/runtime/src/kmp_alloc.cpp:13:",
        "post_context": " #error This file requires compiler and library support for the \\\n  ^\nIn file included from /tmp/root/spack-stage/spack-stage-bolt-2.0-byzflrr5s7xufzkym3qhjexvdmfstzk5/spack-src/runtime/src/kmp_alloc.cpp:13:0:\n/tmp/root/spack-stage/spack-stage-bolt-2.0-byzflrr5s7xufzkym3qhjexvdmfstzk5/spack-src/runtime/src/kmp.h:1561:1: warning: identifier 'static_assert' is a keyword in C++11 [-Wc++0x-compat]\n KMP_BUILD_ASSERT(sizeof(kmp_sched_flags_t) == 4);\n ^",
        "add_date": "2022-02-03T08:09:38.097297Z",
        "modify_date": "2022-02-03T08:09:38.097310Z",
        "label": "build-error",
        "spack-monitor-label": "error"
    },
    {
        "id": 10013,
        "phase": 38651,
        "source_file": "/usr/bin/../lib/gcc/x86_64-redhat-linux/4.8.5/../../../../include/c++/4.8.5/bits/c++0x_warning.h",
        "source_line_no": 3,
        "line_no": 34,
        "repeat_count": 0,
        "start": 28,
        "end": 41,
        "text": "/usr/bin/../lib/gcc/x86_64-redhat-linux/4.8.5/../../../../include/c++/4.8.5/bits/c++0x_warning.h:32:2: error: This file requires compiler and library support for the ISO C++ 2011 standard. This support is currently experimental, and must be enabled with the -std=c++11 or -std=gnu++11 compiler options.",
        "pre_context": "cd /tmp/root/spack-stage/spack-stage-bolt-main-2p7vh7nclh46hf3oaqnd6ajc4gdvwobn/spack-build-2p7vh7n/runtime/src && /opt/spack/lib/spack/env/clang/clang++ -Dbolt_omp_EXPORTS -I/tmp/root/spack-stage/spack-stage-bolt-main-2p7vh7nclh46hf3oaqnd6ajc4gdvwobn/spack-build-2p7vh7n/runtime/src -I/tmp/root/spack-stage/spack-stage-bolt-main-2p7vh7nclh46hf3oaqnd6ajc4gdvwobn/spack-src/runtime/src -I/tmp/root/spack-stage/spack-stage-bolt-main-2p7vh7nclh46hf3oaqnd6ajc4gdvwobn/spack-src/runtime/src/i18n -I/tmp/root/spack-stage/spack-stage-bolt-main-2p7vh7nclh46hf3oaqnd6ajc4gdvwobn/spack-src/runtime/src/include -I/tmp/root/spack-stage/spack-stage-bolt-main-2p7vh7nclh46hf3oaqnd6ajc4gdvwobn/spack-src/runtime/src/thirdparty/ittnotify -I/opt/spack/opt/spack/linux-centos7-x86_64/clang-3.4.2/argobots-1.1-ozi5lqz5hvpwjx2h24qgos264aor5ktc/include -Wall -Wcast-qual -Wimplicit-fallthrough -Wsign-compare -Wno-extra -Wno-pedantic -O2 -g -DNDEBUG -fPIC   -D _GNU_SOURCE -D _REENTRANT -fno-exceptions -fno-rtti -Wno-covered-switch-default -Wno-strict-aliasing -Wno-switch -Wno-uninitialized -MD -MT runtime/src/CMakeFiles/bolt-omp.dir/kmp_atomic.cpp.o -MF CMakeFiles/bolt-omp.dir/kmp_atomic.cpp.o.d -o CMakeFiles/bolt-omp.dir/kmp_atomic.cpp.o -c /tmp/root/spack-stage/spack-stage-bolt-main-2p7vh7nclh46hf3oaqnd6ajc4gdvwobn/spack-src/runtime/src/kmp_atomic.cpp\nIn file included from /tmp/root/spack-stage/spack-stage-bolt-main-2p7vh7nclh46hf3oaqnd6ajc4gdvwobn/spack-src/runtime/src/kmp_atomic.cpp:13:\nIn file included from /tmp/root/spack-stage/spack-stage-bolt-main-2p7vh7nclh46hf3oaqnd6ajc4gdvwobn/spack-src/runtime/src/kmp_atomic.h:16:\nIn file included from /tmp/root/spack-stage/spack-stage-bolt-main-2p7vh7nclh46hf3oaqnd6ajc4gdvwobn/spack-src/runtime/src/kmp_lock.h:20:\nIn file included from /tmp/root/spack-stage/spack-stage-bolt-main-2p7vh7nclh46hf3oaqnd6ajc4gdvwobn/spack-src/runtime/src/kmp_os.h:17:\nIn file included from /usr/bin/../lib/gcc/x86_64-redhat-linux/4.8.5/../../../../include/c++/4.8.5/atomic:38:",
        "post_context": "#error This file requires compiler and library support for the \\\n ^\nIn file included from /tmp/root/spack-stage/spack-stage-bolt-main-2p7vh7nclh46hf3oaqnd6ajc4gdvwobn/spack-src/runtime/src/kmp_atomic.cpp:13:\nIn file included from /tmp/root/spack-stage/spack-stage-bolt-main-2p7vh7nclh46hf3oaqnd6ajc4gdvwobn/spack-src/runtime/src/kmp_atomic.h:16:\nIn file included from /tmp/root/spack-stage/spack-stage-bolt-main-2p7vh7nclh46hf3oaqnd6ajc4gdvwobn/spack-src/runtime/src/kmp_lock.h:20:\nIn file included from /tmp/root/spack-stage/spack-stage-bolt-main-2p7vh7nclh46hf3oaqnd6ajc4gdvwobn/spack-src/runtime/src/kmp_os.h:17:",
        "add_date": "2022-02-03T08:09:31.380221Z",
        "modify_date": "2022-02-03T08:09:31.380266Z",
        "label": "build-error",
        "spack-monitor-label": "error"
    },
    {
        "id": 10032,
        "phase": 38651,
        "source_file": "/usr/bin/../lib/gcc/x86_64-redhat-linux/4.8.5/../../../../include/c++/4.8.5/bits/c++0x_warning.h",
        "source_line_no": 3,
        "line_no": 100,
        "repeat_count": 0,
        "start": 94,
        "end": 107,
        "text": "/usr/bin/../lib/gcc/x86_64-redhat-linux/4.8.5/../../../../include/c++/4.8.5/bits/c++0x_warning.h:32:2: error: This file requires compiler and library support for the ISO C++ 2011 standard. This support is currently experimental, and must be enabled with the -std=c++11 or -std=gnu++11 compiler options.",
        "pre_context": "  typedef __atomic_base<long>                   atomic_long;\n                       ^\nfatal error: too many errors emitted, stopping now [-ferror-limit=]\nIn file included from /tmp/root/spack-stage/spack-stage-bolt-main-2p7vh7nclh46hf3oaqnd6ajc4gdvwobn/spack-src/runtime/src/kmp_alloc.cpp:13:\nIn file included from /tmp/root/spack-stage/spack-stage-bolt-main-2p7vh7nclh46hf3oaqnd6ajc4gdvwobn/spack-src/runtime/src/kmp.h:74:\nIn file included from /usr/bin/../lib/gcc/x86_64-redhat-linux/4.8.5/../../../../include/c++/4.8.5/type_traits:35:",
        "post_context": "#error This file requires compiler and library support for the \\\n ^\nIn file included from /tmp/root/spack-stage/spack-stage-bolt-main-2p7vh7nclh46hf3oaqnd6ajc4gdvwobn/spack-src/runtime/src/kmp_alloc.cpp:13:\nIn file included from /tmp/root/spack-stage/spack-stage-bolt-main-2p7vh7nclh46hf3oaqnd6ajc4gdvwobn/spack-src/runtime/src/kmp.h:85:\nIn file included from /tmp/root/spack-stage/spack-stage-bolt-main-2p7vh7nclh46hf3oaqnd6ajc4gdvwobn/spack-src/runtime/src/kmp_os.h:17:\nIn file included from /usr/bin/../lib/gcc/x86_64-redhat-linux/4.8.5/../../../../include/c++/4.8.5/atomic:41:",
        "add_date": "2022-02-03T08:09:31.416125Z",
        "modify_date": "2022-02-03T08:09:31.416137Z",
        "label": "build-error",
        "spack-monitor-label": "error"
    },
    {
        "id": 10055,
        "phase": 38668,
        "source_file": "/usr/include/c++/4.8.2/bits/c++0x_warning.h",
        "source_line_no": 3,
        "line_no": 34,
        "repeat_count": 0,
        "start": 28,
        "end": 41,
        "text": "/usr/include/c++/4.8.2/bits/c++0x_warning.h:32:2: error: #error This file requires compiler and library support for the ISO C++ 2011 standard. This support is currently experimental, and must be enabled with the -std=c++11 or -std=gnu++11 compiler options.",
        "pre_context": "cd /tmp/root/spack-stage/spack-stage-bolt-main-kugfhoudygfgwdji33hbf6cxehe2ph7j/spack-build-kugfhou/runtime/src && /opt/spack/lib/spack/env/gcc/g++ -Dbolt_omp_EXPORTS -I/tmp/root/spack-stage/spack-stage-bolt-main-kugfhoudygfgwdji33hbf6cxehe2ph7j/spack-build-kugfhou/runtime/src -I/tmp/root/spack-stage/spack-stage-bolt-main-kugfhoudygfgwdji33hbf6cxehe2ph7j/spack-src/runtime/src -I/tmp/root/spack-stage/spack-stage-bolt-main-kugfhoudygfgwdji33hbf6cxehe2ph7j/spack-src/runtime/src/i18n -I/tmp/root/spack-stage/spack-stage-bolt-main-kugfhoudygfgwdji33hbf6cxehe2ph7j/spack-src/runtime/src/include -I/tmp/root/spack-stage/spack-stage-bolt-main-kugfhoudygfgwdji33hbf6cxehe2ph7j/spack-src/runtime/src/thirdparty/ittnotify -I/opt/spack/opt/spack/linux-centos7-x86_64_v3/gcc-4.8.5/argobots-1.1-lmwaxnw3ydpe2z6vgbc5ztahggqkmmom/include -Wall -Wcast-qual -Wsign-compare -Wno-extra -Wno-pedantic -Wno-maybe-uninitialized -O2 -g -DNDEBUG -fPIC   -D _GNU_SOURCE -D _REENTRANT -fno-exceptions -fno-rtti -Wno-class-memaccess -Wno-covered-switch-default -Wno-frame-address -Wno-strict-aliasing -Wno-stringop-truncation -Wno-switch -Wno-uninitialized -Wno-unused-but-set-variable -MD -MT runtime/src/CMakeFiles/bolt-omp.dir/kmp_atomic.cpp.o -MF CMakeFiles/bolt-omp.dir/kmp_atomic.cpp.o.d -o CMakeFiles/bolt-omp.dir/kmp_atomic.cpp.o -c /tmp/root/spack-stage/spack-stage-bolt-main-kugfhoudygfgwdji33hbf6cxehe2ph7j/spack-src/runtime/src/kmp_atomic.cpp\nIn file included from /usr/include/c++/4.8.2/atomic:38:0,\n                 from /tmp/root/spack-stage/spack-stage-bolt-main-kugfhoudygfgwdji33hbf6cxehe2ph7j/spack-src/runtime/src/kmp_os.h:17,\n                 from /tmp/root/spack-stage/spack-stage-bolt-main-kugfhoudygfgwdji33hbf6cxehe2ph7j/spack-src/runtime/src/kmp_lock.h:20,\n                 from /tmp/root/spack-stage/spack-stage-bolt-main-kugfhoudygfgwdji33hbf6cxehe2ph7j/spack-src/runtime/src/kmp_atomic.h:16,\n                 from /tmp/root/spack-stage/spack-stage-bolt-main-kugfhoudygfgwdji33hbf6cxehe2ph7j/spack-src/runtime/src/kmp_atomic.cpp:13:",
        "post_context": " #error This file requires compiler and library support for the \\\n  ^\nIn file included from /usr/include/c++/4.8.2/type_traits:35:0,\n                 from /tmp/root/spack-stage/spack-stage-bolt-main-kugfhoudygfgwdji33hbf6cxehe2ph7j/spack-src/runtime/src/kmp.h:74,\n                 from /tmp/root/spack-stage/spack-stage-bolt-main-kugfhoudygfgwdji33hbf6cxehe2ph7j/spack-src/runtime/src/kmp_alloc.cpp:13:\n/usr/include/c++/4.8.2/bits/c++0x_warning.h:32:2: error: #error This file requires compiler and library support for the ISO C++ 2011 standard. This support is currently experimental, and must be enabled with the -std=c++11 or -std=gnu++11 compiler options.",
        "add_date": "2022-02-03T08:09:31.672921Z",
        "modify_date": "2022-02-03T08:09:31.672935Z",
        "label": "build-error",
        "spack-monitor-label": "error"
    },
    {
        "id": 10056,
        "phase": 38668,
        "source_file": "/usr/include/c++/4.8.2/bits/c++0x_warning.h",
        "source_line_no": 3,
        "line_no": 40,
        "repeat_count": 0,
        "start": 34,
        "end": 47,
        "text": "/usr/include/c++/4.8.2/bits/c++0x_warning.h:32:2: error: #error This file requires compiler and library support for the ISO C++ 2011 standard. This support is currently experimental, and must be enabled with the -std=c++11 or -std=gnu++11 compiler options.",
        "pre_context": "/usr/include/c++/4.8.2/bits/c++0x_warning.h:32:2: error: #error This file requires compiler and library support for the ISO C++ 2011 standard. This support is currently experimental, and must be enabled with the -std=c++11 or -std=gnu++11 compiler options.\n #error This file requires compiler and library support for the \\\n  ^\nIn file included from /usr/include/c++/4.8.2/type_traits:35:0,\n                 from /tmp/root/spack-stage/spack-stage-bolt-main-kugfhoudygfgwdji33hbf6cxehe2ph7j/spack-src/runtime/src/kmp.h:74,\n                 from /tmp/root/spack-stage/spack-stage-bolt-main-kugfhoudygfgwdji33hbf6cxehe2ph7j/spack-src/runtime/src/kmp_alloc.cpp:13:",
        "post_context": " #error This file requires compiler and library support for the \\\n  ^\nIn file included from /tmp/root/spack-stage/spack-stage-bolt-main-kugfhoudygfgwdji33hbf6cxehe2ph7j/spack-src/runtime/src/kmp_alloc.cpp:13:0:\n/tmp/root/spack-stage/spack-stage-bolt-main-kugfhoudygfgwdji33hbf6cxehe2ph7j/spack-src/runtime/src/kmp.h:1660:1: warning: identifier 'static_assert' is a keyword in C++11 [-Wc++0x-compat]\n KMP_BUILD_ASSERT(sizeof(kmp_sched_flags_t) == 4);\n ^",
        "add_date": "2022-02-03T08:09:31.674927Z",
        "modify_date": "2022-02-03T08:09:31.674939Z",
        "label": "build-error",
        "spack-monitor-label": "error"
    },
    {
        "id": 11357,
        "phase": 38658,
        "source_file": "/usr/bin/../lib/gcc/x86_64-redhat-linux/4.8.5/../../../../include/c++/4.8.5/bits/c++0x_warning.h",
        "source_line_no": 3,
        "line_no": 34,
        "repeat_count": 0,
        "start": 28,
        "end": 41,
        "text": "/usr/bin/../lib/gcc/x86_64-redhat-linux/4.8.5/../../../../include/c++/4.8.5/bits/c++0x_warning.h:32:2: error: This file requires compiler and library support for the ISO C++ 2011 standard. This support is currently experimental, and must be enabled with the -std=c++11 or -std=gnu++11 compiler options.",
        "pre_context": "cd /tmp/root/spack-stage/spack-stage-bolt-2.0-d3od36otuteq3likxwoqdipliql2jdrg/spack-build-d3od36o/runtime/src && /opt/spack/lib/spack/env/clang/clang++ -Dbolt_omp_EXPORTS -I/tmp/root/spack-stage/spack-stage-bolt-2.0-d3od36otuteq3likxwoqdipliql2jdrg/spack-build-d3od36o/runtime/src -I/tmp/root/spack-stage/spack-stage-bolt-2.0-d3od36otuteq3likxwoqdipliql2jdrg/spack-src/runtime/src -I/tmp/root/spack-stage/spack-stage-bolt-2.0-d3od36otuteq3likxwoqdipliql2jdrg/spack-src/runtime/src/i18n -I/tmp/root/spack-stage/spack-stage-bolt-2.0-d3od36otuteq3likxwoqdipliql2jdrg/spack-src/runtime/src/include -I/tmp/root/spack-stage/spack-stage-bolt-2.0-d3od36otuteq3likxwoqdipliql2jdrg/spack-src/runtime/src/thirdparty/ittnotify -I/opt/spack/opt/spack/linux-centos7-x86_64/clang-3.4.2/argobots-1.1-ozi5lqz5hvpwjx2h24qgos264aor5ktc/include -Wall -Wcast-qual -Wimplicit-fallthrough -Wsign-compare -Wno-extra -Wno-pedantic -O2 -g -DNDEBUG -fPIC   -D _GNU_SOURCE -D _REENTRANT -fno-exceptions -fno-rtti -Wno-covered-switch-default -Wno-strict-aliasing -Wno-switch -Wno-uninitialized -MD -MT runtime/src/CMakeFiles/bolt-omp.dir/kmp_atomic.cpp.o -MF CMakeFiles/bolt-omp.dir/kmp_atomic.cpp.o.d -o CMakeFiles/bolt-omp.dir/kmp_atomic.cpp.o -c /tmp/root/spack-stage/spack-stage-bolt-2.0-d3od36otuteq3likxwoqdipliql2jdrg/spack-src/runtime/src/kmp_atomic.cpp\nIn file included from /tmp/root/spack-stage/spack-stage-bolt-2.0-d3od36otuteq3likxwoqdipliql2jdrg/spack-src/runtime/src/kmp_atomic.cpp:13:\nIn file included from /tmp/root/spack-stage/spack-stage-bolt-2.0-d3od36otuteq3likxwoqdipliql2jdrg/spack-src/runtime/src/kmp_atomic.h:16:\nIn file included from /tmp/root/spack-stage/spack-stage-bolt-2.0-d3od36otuteq3likxwoqdipliql2jdrg/spack-src/runtime/src/kmp_lock.h:20:\nIn file included from /tmp/root/spack-stage/spack-stage-bolt-2.0-d3od36otuteq3likxwoqdipliql2jdrg/spack-src/runtime/src/kmp_os.h:18:\nIn file included from /usr/bin/../lib/gcc/x86_64-redhat-linux/4.8.5/../../../../include/c++/4.8.5/atomic:38:",
        "post_context": "#error This file requires compiler and library support for the \\\n ^\nIn file included from /tmp/root/spack-stage/spack-stage-bolt-2.0-d3od36otuteq3likxwoqdipliql2jdrg/spack-src/runtime/src/kmp_atomic.cpp:13:\nIn file included from /tmp/root/spack-stage/spack-stage-bolt-2.0-d3od36otuteq3likxwoqdipliql2jdrg/spack-src/runtime/src/kmp_atomic.h:16:\nIn file included from /tmp/root/spack-stage/spack-stage-bolt-2.0-d3od36otuteq3likxwoqdipliql2jdrg/spack-src/runtime/src/kmp_lock.h:20:\nIn file included from /tmp/root/spack-stage/spack-stage-bolt-2.0-d3od36otuteq3likxwoqdipliql2jdrg/spack-src/runtime/src/kmp_os.h:18:",
        "add_date": "2022-02-03T08:09:37.723542Z",
        "modify_date": "2022-02-03T08:09:37.723588Z",
        "label": "build-error",
        "spack-monitor-label": "error"
    },
    {
        "id": 11372,
        "phase": 38658,
        "source_file": "/usr/bin/../lib/gcc/x86_64-redhat-linux/4.8.5/../../../../include/c++/4.8.5/bits/c++0x_warning.h",
        "source_line_no": 3,
        "line_no": 88,
        "repeat_count": 0,
        "start": 82,
        "end": 95,
        "text": "/usr/bin/../lib/gcc/x86_64-redhat-linux/4.8.5/../../../../include/c++/4.8.5/bits/c++0x_warning.h:32:2: error: This file requires compiler and library support for the ISO C++ 2011 standard. This support is currently experimental, and must be enabled with the -std=c++11 or -std=gnu++11 compiler options.",
        "pre_context": "  typedef __atomic_base<int>                    atomic_int;\n                       ^\nIn file included from /tmp/root/spack-stage/spack-stage-bolt-2.0-d3od36otuteq3likxwoqdipliql2jdrg/spack-src/runtime/src/kmp_alloc.cpp:13:\nIn file included from /tmp/root/spack-stage/spack-stage-bolt-2.0-d3od36otuteq3likxwoqdipliql2jdrg/spack-src/runtime/src/kmp.h:83:\nIn file included from /tmp/root/spack-stage/spack-stage-bolt-2.0-d3od36otuteq3likxwoqdipliql2jdrg/spack-src/runtime/src/kmp_os.h:18:\nIn file included from /usr/bin/../lib/gcc/x86_64-redhat-linux/4.8.5/../../../../include/c++/4.8.5/atomic:38:",
        "post_context": "#error This file requires compiler and library support for the \\\n ^\n/usr/bin/../lib/gcc/x86_64-redhat-linux/4.8.5/../../../../include/c++/4.8.5/bits/atomic_base.h:138:11: error: unknown type name '__atomic_base'\n  typedef __atomic_base<unsigned int>           atomic_uint;\n          ^In file included from /tmp/root/spack-stage/spack-stage-bolt-2.0-d3od36otuteq3likxwoqdipliql2jdrg/spack-src/runtime/src/kmp_alloc.cpp:13:\nIn file included from /tmp/root/spack-stage/spack-stage-bolt-2.0-d3od36otuteq3likxwoqdipliql2jdrg/spack-src/runtime/src/kmp.h:83:",
        "add_date": "2022-02-03T08:09:37.751940Z",
        "modify_date": "2022-02-03T08:09:37.751953Z",
        "label": "build-error",
        "spack-monitor-label": "error"
    },
    {
        "id": 11400,
        "phase": 38678,
        "source_file": "/usr/include/c++/4.8.2/bits/c++0x_warning.h",
        "source_line_no": 3,
        "line_no": 34,
        "repeat_count": 0,
        "start": 28,
        "end": 41,
        "text": "/usr/include/c++/4.8.2/bits/c++0x_warning.h:32:2: error: #error This file requires compiler and library support for the ISO C++ 2011 standard. This support is currently experimental, and must be enabled with the -std=c++11 or -std=gnu++11 compiler options.",
        "pre_context": "cd /tmp/root/spack-stage/spack-stage-bolt-2.0-byzflrr5s7xufzkym3qhjexvdmfstzk5/spack-build-byzflrr/runtime/src && /opt/spack/lib/spack/env/gcc/g++ -Dbolt_omp_EXPORTS -I/tmp/root/spack-stage/spack-stage-bolt-2.0-byzflrr5s7xufzkym3qhjexvdmfstzk5/spack-build-byzflrr/runtime/src -I/tmp/root/spack-stage/spack-stage-bolt-2.0-byzflrr5s7xufzkym3qhjexvdmfstzk5/spack-src/runtime/src -I/tmp/root/spack-stage/spack-stage-bolt-2.0-byzflrr5s7xufzkym3qhjexvdmfstzk5/spack-src/runtime/src/i18n -I/tmp/root/spack-stage/spack-stage-bolt-2.0-byzflrr5s7xufzkym3qhjexvdmfstzk5/spack-src/runtime/src/include -I/tmp/root/spack-stage/spack-stage-bolt-2.0-byzflrr5s7xufzkym3qhjexvdmfstzk5/spack-src/runtime/src/thirdparty/ittnotify -I/opt/spack/opt/spack/linux-centos7-x86_64_v3/gcc-4.8.5/argobots-1.1-lmwaxnw3ydpe2z6vgbc5ztahggqkmmom/include -Wall -Wcast-qual -Wsign-compare -Wno-extra -Wno-pedantic -Wno-maybe-uninitialized -O2 -g -DNDEBUG -fPIC   -D _GNU_SOURCE -D _REENTRANT -fno-exceptions -fno-rtti -Wno-class-memaccess -Wno-covered-switch-default -Wno-frame-address -Wno-strict-aliasing -Wno-stringop-truncation -Wno-switch -Wno-uninitialized -Wno-unused-but-set-variable -MD -MT runtime/src/CMakeFiles/bolt-omp.dir/kmp_atomic.cpp.o -MF CMakeFiles/bolt-omp.dir/kmp_atomic.cpp.o.d -o CMakeFiles/bolt-omp.dir/kmp_atomic.cpp.o -c /tmp/root/spack-stage/spack-stage-bolt-2.0-byzflrr5s7xufzkym3qhjexvdmfstzk5/spack-src/runtime/src/kmp_atomic.cpp\nIn file included from /usr/include/c++/4.8.2/atomic:38:0,\n                 from /tmp/root/spack-stage/spack-stage-bolt-2.0-byzflrr5s7xufzkym3qhjexvdmfstzk5/spack-src/runtime/src/kmp_os.h:18,\n                 from /tmp/root/spack-stage/spack-stage-bolt-2.0-byzflrr5s7xufzkym3qhjexvdmfstzk5/spack-src/runtime/src/kmp_lock.h:20,\n                 from /tmp/root/spack-stage/spack-stage-bolt-2.0-byzflrr5s7xufzkym3qhjexvdmfstzk5/spack-src/runtime/src/kmp_atomic.h:16,\n                 from /tmp/root/spack-stage/spack-stage-bolt-2.0-byzflrr5s7xufzkym3qhjexvdmfstzk5/spack-src/runtime/src/kmp_atomic.cpp:13:",
        "post_context": " #error This file requires compiler and library support for the \\\n  ^\nIn file included from /usr/include/c++/4.8.2/atomic:38:0,\n                 from /tmp/root/spack-stage/spack-stage-bolt-2.0-byzflrr5s7xufzkym3qhjexvdmfstzk5/spack-src/runtime/src/kmp_os.h:18,\n                 from /tmp/root/spack-stage/spack-stage-bolt-2.0-byzflrr5s7xufzkym3qhjexvdmfstzk5/spack-src/runtime/src/kmp.h:83,\n                 from /tmp/root/spack-stage/spack-stage-bolt-2.0-byzflrr5s7xufzkym3qhjexvdmfstzk5/spack-src/runtime/src/kmp_alloc.cpp:13:",
        "add_date": "2022-02-03T08:09:38.095517Z",
        "modify_date": "2022-02-03T08:09:38.095532Z",
        "label": "build-error",
        "spack-monitor-label": "error"
    },
    {
        "id": 11401,
        "phase": 38678,
        "source_file": "/usr/include/c++/4.8.2/bits/c++0x_warning.h",
        "source_line_no": 3,
        "line_no": 41,
        "repeat_count": 0,
        "start": 35,
        "end": 48,
        "text": "/usr/include/c++/4.8.2/bits/c++0x_warning.h:32:2: error: #error This file requires compiler and library support for the ISO C++ 2011 standard. This support is currently experimental, and must be enabled with the -std=c++11 or -std=gnu++11 compiler options.",
        "pre_context": " #error This file requires compiler and library support for the \\\n  ^\nIn file included from /usr/include/c++/4.8.2/atomic:38:0,\n                 from /tmp/root/spack-stage/spack-stage-bolt-2.0-byzflrr5s7xufzkym3qhjexvdmfstzk5/spack-src/runtime/src/kmp_os.h:18,\n                 from /tmp/root/spack-stage/spack-stage-bolt-2.0-byzflrr5s7xufzkym3qhjexvdmfstzk5/spack-src/runtime/src/kmp.h:83,\n                 from /tmp/root/spack-stage/spack-stage-bolt-2.0-byzflrr5s7xufzkym3qhjexvdmfstzk5/spack-src/runtime/src/kmp_alloc.cpp:13:",
        "post_context": " #error This file requires compiler and library support for the \\\n  ^\nIn file included from /tmp/root/spack-stage/spack-stage-bolt-2.0-byzflrr5s7xufzkym3qhjexvdmfstzk5/spack-src/runtime/src/kmp_alloc.cpp:13:0:\n/tmp/root/spack-stage/spack-stage-bolt-2.0-byzflrr5s7xufzkym3qhjexvdmfstzk5/spack-src/runtime/src/kmp.h:1561:1: warning: identifier 'static_assert' is a keyword in C++11 [-Wc++0x-compat]\n KMP_BUILD_ASSERT(sizeof(kmp_sched_flags_t) == 4);\n ^",
        "add_date": "2022-02-03T08:09:38.097297Z",
        "modify_date": "2022-02-03T08:09:38.097310Z",
        "label": "build-error",
        "spack-monitor-label": "error"
    },
    {
        "phase": "N/A",
        "source_file": "",
        "source_line_no": 0,
        "line_no": 2596,
        "repeat_count": 0,
        "start": 2590,
        "end": 2603,
        "text": ">> 344     > main.cpp:7:8: error: #error Intel CET not available",
        "pre_context": "             r/linux-rhel7-broadwell/gcc-9.3.1/libjpeg-turbo-2.0.4-ni2m5g6mdovr\n             keyfwmggj3g626w3xfty/include -I/p/vast1/koparasy/BUILD/spack_clust\n             er_installer/quartz/qt/spack_env_dir/linux-rhel7-broadwell/gcc-9.3\n             .1/zlib-1.2.11-dtzzlwcy6jw7hjm7z2aip4eyed2rizzu/include -I/tmp/kop\n             arasy/spack-stage/spack-stage-qt-5.15.2-5glz6sqty37k74uhxvtseloacy\n             rl3jj2/spack-src/qtbase/mkspecs/linux-g++ -o main.o main.cpp",
        "post_context": "     345     >     7 |     #  error Intel CET not available\n     346     >       |        ^~~~~\n  >> 347     > gmake: *** [main.o] Error 1\n  >> 348     test config.qtbase.tests.intelcet FAILED\n     349     Checking for udev...\n     350     Trying source 0 (type pkgConfig) of library libudev ...",
        "id": 225759,
        "label": "dinos-error"
    }
]