[
    {
        "id": 510,
        "phase": 2227,
        "source_file": "vtls/openssl.c",
        "source_line_no": 2,
        "line_no": 481,
        "repeat_count": 0,
        "start": 475,
        "end": 488,
        "text": "vtls/openssl.c:2345:30: error: invalid use of incomplete typedef 'X509_CINF' {aka 'struct x509_cinf_st'}",
        "pre_context": "  554 | DEPRECATEDIN_1_1_0(unsigned char *ASN1_STRING_data(ASN1_STRING *x))\n      | ^~~~~~~~~~~~~~~~~~\nvtls/openssl.c: In function 'get_cert_chain':\nvtls/openssl.c:2343:13: error: invalid use of incomplete typedef 'X509' {aka 'struct x509_st'}\n 2343 |     cinf = x->cert_info;\n      |             ^~",
        "post_context": " 2345 |     i2a_ASN1_OBJECT(mem, cinf->signature->algorithm);\n      |                              ^~\nvtls/openssl.c:2354:30: error: invalid use of incomplete typedef 'X509_CINF' {aka 'struct x509_cinf_st'}\n 2354 |     i2a_ASN1_OBJECT(mem, cinf->key->algor->algorithm);\n      |                              ^~\nvtls/openssl.c:2361:20: error: invalid use of incomplete typedef 'EVP_PKEY' {aka 'struct evp_pkey_st'}",
        "add_date": "2022-02-02T20:22:31.591294Z",
        "modify_date": "2022-02-02T20:22:31.591309Z",
        "label": "build-error",
        "spack-monitor-label": "error"
    },
    {
        "id": 511,
        "phase": 2227,
        "source_file": "vtls/openssl.c",
        "source_line_no": 2,
        "line_no": 484,
        "repeat_count": 0,
        "start": 478,
        "end": 491,
        "text": "vtls/openssl.c:2354:30: error: invalid use of incomplete typedef 'X509_CINF' {aka 'struct x509_cinf_st'}",
        "pre_context": "vtls/openssl.c:2343:13: error: invalid use of incomplete typedef 'X509' {aka 'struct x509_st'}\n 2343 |     cinf = x->cert_info;\n      |             ^~\nvtls/openssl.c:2345:30: error: invalid use of incomplete typedef 'X509_CINF' {aka 'struct x509_cinf_st'}\n 2345 |     i2a_ASN1_OBJECT(mem, cinf->signature->algorithm);\n      |                              ^~",
        "post_context": " 2354 |     i2a_ASN1_OBJECT(mem, cinf->key->algor->algorithm);\n      |                              ^~\nvtls/openssl.c:2361:20: error: invalid use of incomplete typedef 'EVP_PKEY' {aka 'struct evp_pkey_st'}\n 2361 |       switch(pubkey->type) {\n      |                    ^~\nvtls/openssl.c:2363:49: error: invalid use of incomplete typedef 'EVP_PKEY' {aka 'struct evp_pkey_st'}",
        "add_date": "2022-02-02T20:22:31.593391Z",
        "modify_date": "2022-02-02T20:22:31.593409Z",
        "label": "build-error",
        "spack-monitor-label": "error"
    },
    {
        "id": 548,
        "phase": 2227,
        "source_file": "vtls/openssl.c",
        "source_line_no": 2,
        "line_no": 697,
        "repeat_count": 0,
        "start": 691,
        "end": 704,
        "text": "vtls/openssl.c:2397:29: error: invalid use of incomplete typedef 'X509_CINF' {aka 'struct x509_cinf_st'}",
        "pre_context": "vtls/openssl.c:2235:56: error: invalid use of incomplete typedef 'EVP_PKEY' {aka 'struct evp_pkey_st'}\n 2235 |     pubkey_show(data, mem, _num, #_type, #_name, pubkey->pkey._type->_name); \\\n      |                                                        ^~\nvtls/openssl.c:2386:9: note: in expansion of macro 'print_pubkey_BN'\n 2386 |         print_pubkey_BN(dh, pub_key, i);\n      |         ^~~~~~~~~~~~~~~",
        "post_context": " 2397 |     X509V3_ext(data, i, cinf->extensions);\n      |                             ^~\nvtls/openssl.c:2399:21: error: invalid use of incomplete typedef 'X509' {aka 'struct x509_st'}\n 2399 |     for(j = 0; j < x->signature->length; j++)\n      |                     ^~\nvtls/openssl.c:2400:33: error: invalid use of incomplete typedef 'X509' {aka 'struct x509_st'}",
        "add_date": "2022-02-02T20:22:31.675303Z",
        "modify_date": "2022-02-02T20:22:31.675316Z",
        "label": "build-error",
        "spack-monitor-label": "error"
    },
    {
        "id": 648,
        "phase": 2667,
        "source_file": "vtls/openssl.c",
        "source_line_no": 2,
        "line_no": 481,
        "repeat_count": 0,
        "start": 475,
        "end": 488,
        "text": "vtls/openssl.c:2345:30: error: invalid use of incomplete typedef 'X509_CINF' {aka 'struct x509_cinf_st'}",
        "pre_context": "  554 | DEPRECATEDIN_1_1_0(unsigned char *ASN1_STRING_data(ASN1_STRING *x))\n      | ^~~~~~~~~~~~~~~~~~\nvtls/openssl.c: In function 'get_cert_chain':\nvtls/openssl.c:2343:13: error: invalid use of incomplete typedef 'X509' {aka 'struct x509_st'}\n 2343 |     cinf = x->cert_info;\n      |             ^~",
        "post_context": " 2345 |     i2a_ASN1_OBJECT(mem, cinf->signature->algorithm);\n      |                              ^~\nvtls/openssl.c:2354:30: error: invalid use of incomplete typedef 'X509_CINF' {aka 'struct x509_cinf_st'}\n 2354 |     i2a_ASN1_OBJECT(mem, cinf->key->algor->algorithm);\n      |                              ^~\nvtls/openssl.c:2361:20: error: invalid use of incomplete typedef 'EVP_PKEY' {aka 'struct evp_pkey_st'}",
        "add_date": "2022-02-02T20:27:54.630448Z",
        "modify_date": "2022-02-02T20:27:54.630463Z",
        "label": "build-error",
        "spack-monitor-label": "error"
    },
    {
        "id": 649,
        "phase": 2667,
        "source_file": "vtls/openssl.c",
        "source_line_no": 2,
        "line_no": 484,
        "repeat_count": 0,
        "start": 478,
        "end": 491,
        "text": "vtls/openssl.c:2354:30: error: invalid use of incomplete typedef 'X509_CINF' {aka 'struct x509_cinf_st'}",
        "pre_context": "vtls/openssl.c:2343:13: error: invalid use of incomplete typedef 'X509' {aka 'struct x509_st'}\n 2343 |     cinf = x->cert_info;\n      |             ^~\nvtls/openssl.c:2345:30: error: invalid use of incomplete typedef 'X509_CINF' {aka 'struct x509_cinf_st'}\n 2345 |     i2a_ASN1_OBJECT(mem, cinf->signature->algorithm);\n      |                              ^~",
        "post_context": " 2354 |     i2a_ASN1_OBJECT(mem, cinf->key->algor->algorithm);\n      |                              ^~\nvtls/openssl.c:2361:20: error: invalid use of incomplete typedef 'EVP_PKEY' {aka 'struct evp_pkey_st'}\n 2361 |       switch(pubkey->type) {\n      |                    ^~\nvtls/openssl.c:2363:49: error: invalid use of incomplete typedef 'EVP_PKEY' {aka 'struct evp_pkey_st'}",
        "add_date": "2022-02-02T20:27:54.632586Z",
        "modify_date": "2022-02-02T20:27:54.632600Z",
        "label": "build-error",
        "spack-monitor-label": "error"
    },
    {
        "id": 686,
        "phase": 2667,
        "source_file": "vtls/openssl.c",
        "source_line_no": 2,
        "line_no": 697,
        "repeat_count": 0,
        "start": 691,
        "end": 704,
        "text": "vtls/openssl.c:2397:29: error: invalid use of incomplete typedef 'X509_CINF' {aka 'struct x509_cinf_st'}",
        "pre_context": "vtls/openssl.c:2235:56: error: invalid use of incomplete typedef 'EVP_PKEY' {aka 'struct evp_pkey_st'}\n 2235 |     pubkey_show(data, mem, _num, #_type, #_name, pubkey->pkey._type->_name); \\\n      |                                                        ^~\nvtls/openssl.c:2386:9: note: in expansion of macro 'print_pubkey_BN'\n 2386 |         print_pubkey_BN(dh, pub_key, i);\n      |         ^~~~~~~~~~~~~~~",
        "post_context": " 2397 |     X509V3_ext(data, i, cinf->extensions);\n      |                             ^~\nvtls/openssl.c:2399:21: error: invalid use of incomplete typedef 'X509' {aka 'struct x509_st'}\n 2399 |     for(j = 0; j < x->signature->length; j++)\n      |                     ^~\nvtls/openssl.c:2400:33: error: invalid use of incomplete typedef 'X509' {aka 'struct x509_st'}",
        "add_date": "2022-02-02T20:27:54.717161Z",
        "modify_date": "2022-02-02T20:27:54.717188Z",
        "label": "build-error",
        "spack-monitor-label": "error"
    },
    {
        "id": 918,
        "phase": 3840,
        "source_file": "vtls/openssl.c",
        "source_line_no": 2,
        "line_no": 480,
        "repeat_count": 0,
        "start": 474,
        "end": 487,
        "text": "vtls/openssl.c:2345:30: error: invalid use of incomplete typedef 'X509_CINF' {aka 'struct x509_cinf_st'}",
        "pre_context": "  554 | DEPRECATEDIN_1_1_0(unsigned char *ASN1_STRING_data(ASN1_STRING *x))\n      | ^~~~~~~~~~~~~~~~~~\nvtls/openssl.c: In function 'get_cert_chain':\nvtls/openssl.c:2343:13: error: invalid use of incomplete typedef 'X509' {aka 'struct x509_st'}\n 2343 |     cinf = x->cert_info;\n      |             ^~",
        "post_context": " 2345 |     i2a_ASN1_OBJECT(mem, cinf->signature->algorithm);\n      |                              ^~\nvtls/openssl.c:2354:30: error: invalid use of incomplete typedef 'X509_CINF' {aka 'struct x509_cinf_st'}\n 2354 |     i2a_ASN1_OBJECT(mem, cinf->key->algor->algorithm);\n      |                              ^~\nvtls/openssl.c:2361:20: error: invalid use of incomplete typedef 'EVP_PKEY' {aka 'struct evp_pkey_st'}",
        "add_date": "2022-02-02T20:42:24.888691Z",
        "modify_date": "2022-02-02T20:42:24.888710Z",
        "label": "build-error",
        "spack-monitor-label": "error"
    },
    {
        "id": 919,
        "phase": 3840,
        "source_file": "vtls/openssl.c",
        "source_line_no": 2,
        "line_no": 483,
        "repeat_count": 0,
        "start": 477,
        "end": 490,
        "text": "vtls/openssl.c:2354:30: error: invalid use of incomplete typedef 'X509_CINF' {aka 'struct x509_cinf_st'}",
        "pre_context": "vtls/openssl.c:2343:13: error: invalid use of incomplete typedef 'X509' {aka 'struct x509_st'}\n 2343 |     cinf = x->cert_info;\n      |             ^~\nvtls/openssl.c:2345:30: error: invalid use of incomplete typedef 'X509_CINF' {aka 'struct x509_cinf_st'}\n 2345 |     i2a_ASN1_OBJECT(mem, cinf->signature->algorithm);\n      |                              ^~",
        "post_context": " 2354 |     i2a_ASN1_OBJECT(mem, cinf->key->algor->algorithm);\n      |                              ^~\nvtls/openssl.c:2361:20: error: invalid use of incomplete typedef 'EVP_PKEY' {aka 'struct evp_pkey_st'}\n 2361 |       switch(pubkey->type) {\n      |                    ^~\nvtls/openssl.c:2363:49: error: invalid use of incomplete typedef 'EVP_PKEY' {aka 'struct evp_pkey_st'}",
        "add_date": "2022-02-02T20:42:24.890997Z",
        "modify_date": "2022-02-02T20:42:24.891011Z",
        "label": "build-error",
        "spack-monitor-label": "error"
    },
    {
        "id": 956,
        "phase": 3840,
        "source_file": "vtls/openssl.c",
        "source_line_no": 2,
        "line_no": 696,
        "repeat_count": 0,
        "start": 690,
        "end": 703,
        "text": "vtls/openssl.c:2397:29: error: invalid use of incomplete typedef 'X509_CINF' {aka 'struct x509_cinf_st'}",
        "pre_context": "vtls/openssl.c:2235:56: error: invalid use of incomplete typedef 'EVP_PKEY' {aka 'struct evp_pkey_st'}\n 2235 |     pubkey_show(data, mem, _num, #_type, #_name, pubkey->pkey._type->_name); \\\n      |                                                        ^~\nvtls/openssl.c:2386:9: note: in expansion of macro 'print_pubkey_BN'\n 2386 |         print_pubkey_BN(dh, pub_key, i);\n      |         ^~~~~~~~~~~~~~~",
        "post_context": " 2397 |     X509V3_ext(data, i, cinf->extensions);\n      |                             ^~\nvtls/openssl.c:2399:21: error: invalid use of incomplete typedef 'X509' {aka 'struct x509_st'}\n 2399 |     for(j = 0; j < x->signature->length; j++)\n      |                     ^~\nvtls/openssl.c:2400:33: error: invalid use of incomplete typedef 'X509' {aka 'struct x509_st'}",
        "add_date": "2022-02-02T20:42:24.973269Z",
        "modify_date": "2022-02-02T20:42:24.973284Z",
        "label": "build-error",
        "spack-monitor-label": "error"
    },
    {
        "id": 1387,
        "phase": 5871,
        "source_file": "vtls/openssl.c",
        "source_line_no": 2,
        "line_no": 481,
        "repeat_count": 0,
        "start": 475,
        "end": 488,
        "text": "vtls/openssl.c:2345:30: error: invalid use of incomplete typedef 'X509_CINF' {aka 'struct x509_cinf_st'}",
        "pre_context": "      | ^~~~~~~~~~~~~~~~~~\nlibtool: compile:  /opt/spack/lib/spack/env/gcc/gcc -DHAVE_CONFIG_H -I../include/curl -I../include -I../include -I../lib -I../lib -DBUILDING_LIBCURL -I/opt/spack/opt/spack/linux-debian10-x86_64_v4/gcc-10.3.0/zlib-1.2.11-xqgvs4bo7gwthsqcmw3p563y4wrsxlde/include -I/opt/spack/opt/spack/linux-debian10-x86_64_v4/gcc-10.3.0/openssl-1.1.1l-xttf542gjdfjbjcza4eq3gtrkazdqit4/include -O2 -Wno-system-headers -MT vtls/libcurl_la-gtls.lo -MD -MP -MF vtls/.deps/libcurl_la-gtls.Tpo -c vtls/gtls.c  -fPIC -DPIC -o vtls/.libs/libcurl_la-gtls.o\nvtls/openssl.c: In function 'get_cert_chain':\nvtls/openssl.c:2343:13: error: invalid use of incomplete typedef 'X509' {aka 'struct x509_st'}\n 2343 |     cinf = x->cert_info;\n      |             ^~",
        "post_context": " 2345 |     i2a_ASN1_OBJECT(mem, cinf->signature->algorithm);\n      |                              ^~\nvtls/openssl.c:2354:30: error: invalid use of incomplete typedef 'X509_CINF' {aka 'struct x509_cinf_st'}\n 2354 |     i2a_ASN1_OBJECT(mem, cinf->key->algor->algorithm);\n      |                              ^~\nvtls/openssl.c:2361:20: error: invalid use of incomplete typedef 'EVP_PKEY' {aka 'struct evp_pkey_st'}",
        "add_date": "2022-02-02T20:58:35.295597Z",
        "modify_date": "2022-02-02T20:58:35.295613Z",
        "label": "build-error",
        "spack-monitor-label": "error"
    },
    {
        "id": 1388,
        "phase": 5871,
        "source_file": "vtls/openssl.c",
        "source_line_no": 2,
        "line_no": 484,
        "repeat_count": 0,
        "start": 478,
        "end": 491,
        "text": "vtls/openssl.c:2354:30: error: invalid use of incomplete typedef 'X509_CINF' {aka 'struct x509_cinf_st'}",
        "pre_context": "vtls/openssl.c:2343:13: error: invalid use of incomplete typedef 'X509' {aka 'struct x509_st'}\n 2343 |     cinf = x->cert_info;\n      |             ^~\nvtls/openssl.c:2345:30: error: invalid use of incomplete typedef 'X509_CINF' {aka 'struct x509_cinf_st'}\n 2345 |     i2a_ASN1_OBJECT(mem, cinf->signature->algorithm);\n      |                              ^~",
        "post_context": " 2354 |     i2a_ASN1_OBJECT(mem, cinf->key->algor->algorithm);\n      |                              ^~\nvtls/openssl.c:2361:20: error: invalid use of incomplete typedef 'EVP_PKEY' {aka 'struct evp_pkey_st'}\n 2361 |       switch(pubkey->type) {\n      |                    ^~\nvtls/openssl.c:2363:49: error: invalid use of incomplete typedef 'EVP_PKEY' {aka 'struct evp_pkey_st'}",
        "add_date": "2022-02-02T20:58:35.297743Z",
        "modify_date": "2022-02-02T20:58:35.297759Z",
        "label": "build-error",
        "spack-monitor-label": "error"
    },
    {
        "id": 1425,
        "phase": 5871,
        "source_file": "vtls/openssl.c",
        "source_line_no": 2,
        "line_no": 697,
        "repeat_count": 0,
        "start": 691,
        "end": 704,
        "text": "vtls/openssl.c:2397:29: error: invalid use of incomplete typedef 'X509_CINF' {aka 'struct x509_cinf_st'}",
        "pre_context": "vtls/openssl.c:2235:56: error: invalid use of incomplete typedef 'EVP_PKEY' {aka 'struct evp_pkey_st'}\n 2235 |     pubkey_show(data, mem, _num, #_type, #_name, pubkey->pkey._type->_name); \\\n      |                                                        ^~\nvtls/openssl.c:2386:9: note: in expansion of macro 'print_pubkey_BN'\n 2386 |         print_pubkey_BN(dh, pub_key, i);\n      |         ^~~~~~~~~~~~~~~",
        "post_context": " 2397 |     X509V3_ext(data, i, cinf->extensions);\n      |                             ^~\nvtls/openssl.c:2399:21: error: invalid use of incomplete typedef 'X509' {aka 'struct x509_st'}\n 2399 |     for(j = 0; j < x->signature->length; j++)\n      |                     ^~\nvtls/openssl.c:2400:33: error: invalid use of incomplete typedef 'X509' {aka 'struct x509_st'}",
        "add_date": "2022-02-02T20:58:35.377200Z",
        "modify_date": "2022-02-02T20:58:35.377215Z",
        "label": "build-error",
        "spack-monitor-label": "error"
    },
    {
        "id": 1433,
        "phase": 6071,
        "source_file": "vtls/openssl.c",
        "source_line_no": 2,
        "line_no": 481,
        "repeat_count": 0,
        "start": 475,
        "end": 488,
        "text": "vtls/openssl.c:2345:30: error: invalid use of incomplete typedef 'X509_CINF' {aka 'struct x509_cinf_st'}",
        "pre_context": "  554 | DEPRECATEDIN_1_1_0(unsigned char *ASN1_STRING_data(ASN1_STRING *x))\n      | ^~~~~~~~~~~~~~~~~~\nvtls/openssl.c: In function 'get_cert_chain':\nvtls/openssl.c:2343:13: error: invalid use of incomplete typedef 'X509' {aka 'struct x509_st'}\n 2343 |     cinf = x->cert_info;\n      |             ^~",
        "post_context": " 2345 |     i2a_ASN1_OBJECT(mem, cinf->signature->algorithm);\n      |                              ^~\nvtls/openssl.c:2354:30: error: invalid use of incomplete typedef 'X509_CINF' {aka 'struct x509_cinf_st'}\n 2354 |     i2a_ASN1_OBJECT(mem, cinf->key->algor->algorithm);\n      |                              ^~\nvtls/openssl.c:2361:20: error: invalid use of incomplete typedef 'EVP_PKEY' {aka 'struct evp_pkey_st'}",
        "add_date": "2022-02-02T21:00:20.386493Z",
        "modify_date": "2022-02-02T21:00:20.386530Z",
        "label": "build-error",
        "spack-monitor-label": "error"
    },
    {
        "id": 1434,
        "phase": 6071,
        "source_file": "vtls/openssl.c",
        "source_line_no": 2,
        "line_no": 484,
        "repeat_count": 0,
        "start": 478,
        "end": 491,
        "text": "vtls/openssl.c:2354:30: error: invalid use of incomplete typedef 'X509_CINF' {aka 'struct x509_cinf_st'}",
        "pre_context": "vtls/openssl.c:2343:13: error: invalid use of incomplete typedef 'X509' {aka 'struct x509_st'}\n 2343 |     cinf = x->cert_info;\n      |             ^~\nvtls/openssl.c:2345:30: error: invalid use of incomplete typedef 'X509_CINF' {aka 'struct x509_cinf_st'}\n 2345 |     i2a_ASN1_OBJECT(mem, cinf->signature->algorithm);\n      |                              ^~",
        "post_context": " 2354 |     i2a_ASN1_OBJECT(mem, cinf->key->algor->algorithm);\n      |                              ^~\nvtls/openssl.c:2361:20: error: invalid use of incomplete typedef 'EVP_PKEY' {aka 'struct evp_pkey_st'}\n 2361 |       switch(pubkey->type) {\n      |                    ^~\nvtls/openssl.c:2363:49: error: invalid use of incomplete typedef 'EVP_PKEY' {aka 'struct evp_pkey_st'}",
        "add_date": "2022-02-02T21:00:20.389012Z",
        "modify_date": "2022-02-02T21:00:20.389032Z",
        "label": "build-error",
        "spack-monitor-label": "error"
    },
    {
        "id": 1471,
        "phase": 6071,
        "source_file": "vtls/openssl.c",
        "source_line_no": 2,
        "line_no": 697,
        "repeat_count": 0,
        "start": 691,
        "end": 704,
        "text": "vtls/openssl.c:2397:29: error: invalid use of incomplete typedef 'X509_CINF' {aka 'struct x509_cinf_st'}",
        "pre_context": "vtls/openssl.c:2235:56: error: invalid use of incomplete typedef 'EVP_PKEY' {aka 'struct evp_pkey_st'}\n 2235 |     pubkey_show(data, mem, _num, #_type, #_name, pubkey->pkey._type->_name); \\\n      |                                                        ^~\nvtls/openssl.c:2386:9: note: in expansion of macro 'print_pubkey_BN'\n 2386 |         print_pubkey_BN(dh, pub_key, i);\n      |         ^~~~~~~~~~~~~~~",
        "post_context": " 2397 |     X509V3_ext(data, i, cinf->extensions);\n      |                             ^~\nvtls/openssl.c:2399:21: error: invalid use of incomplete typedef 'X509' {aka 'struct x509_st'}\n 2399 |     for(j = 0; j < x->signature->length; j++)\n      |                     ^~\nvtls/openssl.c:2400:33: error: invalid use of incomplete typedef 'X509' {aka 'struct x509_st'}",
        "add_date": "2022-02-02T21:00:20.488538Z",
        "modify_date": "2022-02-02T21:00:20.488551Z",
        "label": "build-error",
        "spack-monitor-label": "error"
    },
    {
        "id": 1675,
        "phase": 6781,
        "source_file": "vtls/openssl.c",
        "source_line_no": 2,
        "line_no": 481,
        "repeat_count": 0,
        "start": 475,
        "end": 488,
        "text": "vtls/openssl.c:2345:30: error: invalid use of incomplete typedef 'X509_CINF' {aka 'struct x509_cinf_st'}",
        "pre_context": "  554 | DEPRECATEDIN_1_1_0(unsigned char *ASN1_STRING_data(ASN1_STRING *x))\n      | ^~~~~~~~~~~~~~~~~~\nvtls/openssl.c: In function 'get_cert_chain':\nvtls/openssl.c:2343:13: error: invalid use of incomplete typedef 'X509' {aka 'struct x509_st'}\n 2343 |     cinf = x->cert_info;\n      |             ^~",
        "post_context": " 2345 |     i2a_ASN1_OBJECT(mem, cinf->signature->algorithm);\n      |                              ^~\nvtls/openssl.c:2354:30: error: invalid use of incomplete typedef 'X509_CINF' {aka 'struct x509_cinf_st'}\n 2354 |     i2a_ASN1_OBJECT(mem, cinf->key->algor->algorithm);\n      |                              ^~\nvtls/openssl.c:2361:20: error: invalid use of incomplete typedef 'EVP_PKEY' {aka 'struct evp_pkey_st'}",
        "add_date": "2022-02-02T21:09:42.003497Z",
        "modify_date": "2022-02-02T21:09:42.003520Z",
        "label": "build-error",
        "spack-monitor-label": "error"
    },
    {
        "id": 1676,
        "phase": 6781,
        "source_file": "vtls/openssl.c",
        "source_line_no": 2,
        "line_no": 484,
        "repeat_count": 0,
        "start": 478,
        "end": 491,
        "text": "vtls/openssl.c:2354:30: error: invalid use of incomplete typedef 'X509_CINF' {aka 'struct x509_cinf_st'}",
        "pre_context": "vtls/openssl.c:2343:13: error: invalid use of incomplete typedef 'X509' {aka 'struct x509_st'}\n 2343 |     cinf = x->cert_info;\n      |             ^~\nvtls/openssl.c:2345:30: error: invalid use of incomplete typedef 'X509_CINF' {aka 'struct x509_cinf_st'}\n 2345 |     i2a_ASN1_OBJECT(mem, cinf->signature->algorithm);\n      |                              ^~",
        "post_context": " 2354 |     i2a_ASN1_OBJECT(mem, cinf->key->algor->algorithm);\n      |                              ^~\nvtls/openssl.c:2361:20: error: invalid use of incomplete typedef 'EVP_PKEY' {aka 'struct evp_pkey_st'}\n 2361 |       switch(pubkey->type) {\n      |                    ^~\nvtls/openssl.c:2363:49: error: invalid use of incomplete typedef 'EVP_PKEY' {aka 'struct evp_pkey_st'}",
        "add_date": "2022-02-02T21:09:42.006213Z",
        "modify_date": "2022-02-02T21:09:42.006235Z",
        "label": "build-error",
        "spack-monitor-label": "error"
    },
    {
        "id": 1713,
        "phase": 6781,
        "source_file": "vtls/openssl.c",
        "source_line_no": 2,
        "line_no": 697,
        "repeat_count": 0,
        "start": 691,
        "end": 704,
        "text": "vtls/openssl.c:2397:29: error: invalid use of incomplete typedef 'X509_CINF' {aka 'struct x509_cinf_st'}",
        "pre_context": "vtls/openssl.c:2235:56: error: invalid use of incomplete typedef 'EVP_PKEY' {aka 'struct evp_pkey_st'}\n 2235 |     pubkey_show(data, mem, _num, #_type, #_name, pubkey->pkey._type->_name); \\\n      |                                                        ^~\nvtls/openssl.c:2386:9: note: in expansion of macro 'print_pubkey_BN'\n 2386 |         print_pubkey_BN(dh, pub_key, i);\n      |         ^~~~~~~~~~~~~~~",
        "post_context": " 2397 |     X509V3_ext(data, i, cinf->extensions);\n      |                             ^~\nvtls/openssl.c:2399:21: error: invalid use of incomplete typedef 'X509' {aka 'struct x509_st'}\n 2399 |     for(j = 0; j < x->signature->length; j++)\n      |                     ^~\nvtls/openssl.c:2400:33: error: invalid use of incomplete typedef 'X509' {aka 'struct x509_st'}",
        "add_date": "2022-02-02T21:09:42.113674Z",
        "modify_date": "2022-02-02T21:09:42.113689Z",
        "label": "build-error",
        "spack-monitor-label": "error"
    },
    {
        "id": 5605,
        "phase": 27028,
        "source_file": "/tmp/root/spack-stage/spack-stage-chai-1.0-ygs6a6y72i4tdjbelrlzweyrb6vr4zv4/spack-src/src/tests/managed_array_tests.cpp",
        "source_line_no": 4,
        "line_no": 40,
        "repeat_count": 0,
        "start": 34,
        "end": 47,
        "text": "/tmp/root/spack-stage/spack-stage-chai-1.0-ygs6a6y72i4tdjbelrlzweyrb6vr4zv4/spack-src/src/tests/managed_array_tests.cpp:43:10: fatal error: 'gtest/gtest.h' file not found",
        "pre_context": "cd /tmp/root/spack-stage/spack-stage-chai-1.0-ygs6a6y72i4tdjbelrlzweyrb6vr4zv4/spack-build-ygs6a6y && /opt/spack/opt/spack/linux-ubuntu20.04-haswell/clang-10.0.0/cmake-3.21.4-nqk3iit3io3zpfbqvzokk33gctrqgjoe/bin/cmake -E cmake_depends \"Unix Makefiles\" /tmp/root/spack-stage/spack-stage-chai-1.0-ygs6a6y72i4tdjbelrlzweyrb6vr4zv4/spack-src /tmp/root/spack-stage/spack-stage-chai-1.0-ygs6a6y72i4tdjbelrlzweyrb6vr4zv4/spack-src/src/tests /tmp/root/spack-stage/spack-stage-chai-1.0-ygs6a6y72i4tdjbelrlzweyrb6vr4zv4/spack-build-ygs6a6y /tmp/root/spack-stage/spack-stage-chai-1.0-ygs6a6y72i4tdjbelrlzweyrb6vr4zv4/spack-build-ygs6a6y/src/tests /tmp/root/spack-stage/spack-stage-chai-1.0-ygs6a6y72i4tdjbelrlzweyrb6vr4zv4/spack-build-ygs6a6y/src/tests/CMakeFiles/managed_array_tests.dir/DependInfo.cmake --color=\nmake[2]: Leaving directory '/tmp/root/spack-stage/spack-stage-chai-1.0-ygs6a6y72i4tdjbelrlzweyrb6vr4zv4/spack-build-ygs6a6y'\nmake  -f src/tests/CMakeFiles/managed_array_tests.dir/build.make src/tests/CMakeFiles/managed_array_tests.dir/build\nmake[2]: Entering directory '/tmp/root/spack-stage/spack-stage-chai-1.0-ygs6a6y72i4tdjbelrlzweyrb6vr4zv4/spack-build-ygs6a6y'\n[ 80%] Building CXX object src/tests/CMakeFiles/managed_array_tests.dir/managed_array_tests.cpp.o\ncd /tmp/root/spack-stage/spack-stage-chai-1.0-ygs6a6y72i4tdjbelrlzweyrb6vr4zv4/spack-build-ygs6a6y/src/tests && /opt/spack/lib/spack/env/clang/clang++  -I/tmp/root/spack-stage/spack-stage-chai-1.0-ygs6a6y72i4tdjbelrlzweyrb6vr4zv4/spack-build-ygs6a6y/include -Wall -Wextra  -O2 -g -DNDEBUG -fPIE -std=c++11 -MD -MT src/tests/CMakeFiles/managed_array_tests.dir/managed_array_tests.cpp.o -MF CMakeFiles/managed_array_tests.dir/managed_array_tests.cpp.o.d -o CMakeFiles/managed_array_tests.dir/managed_array_tests.cpp.o -c /tmp/root/spack-stage/spack-stage-chai-1.0-ygs6a6y72i4tdjbelrlzweyrb6vr4zv4/spack-src/src/tests/managed_array_tests.cpp",
        "post_context": "#include \"gtest/gtest.h\"\n         ^~~~~~~~~~~~~~~\n1 error generated.\nmake[2]: *** [src/tests/CMakeFiles/managed_array_tests.dir/build.make:79: src/tests/CMakeFiles/managed_array_tests.dir/managed_array_tests.cpp.o] Error 1\nmake[2]: Leaving directory '/tmp/root/spack-stage/spack-stage-chai-1.0-ygs6a6y72i4tdjbelrlzweyrb6vr4zv4/spack-build-ygs6a6y'\nmake[1]: *** [CMakeFiles/Makefile2:280: src/tests/CMakeFiles/managed_array_tests.dir/all] Error 2",
        "add_date": "2022-02-02T22:46:51.036074Z",
        "modify_date": "2022-02-02T22:46:51.036128Z",
        "label": "build-error",
        "spack-monitor-label": "error"
    },
    {
        "id": 5560,
        "phase": 26739,
        "source_file": "/tmp/root/spack-stage/spack-stage-chai-1.0-57ubzbi2gsz4lz6qtawbj4ut2vttcloh/spack-src/src/tests/managed_array_tests.cpp",
        "source_line_no": 4,
        "line_no": 40,
        "repeat_count": 0,
        "start": 34,
        "end": 47,
        "text": "/tmp/root/spack-stage/spack-stage-chai-1.0-57ubzbi2gsz4lz6qtawbj4ut2vttcloh/spack-src/src/tests/managed_array_tests.cpp:43:10: fatal error: 'gtest/gtest.h' file not found",
        "pre_context": "cd /tmp/root/spack-stage/spack-stage-chai-1.0-57ubzbi2gsz4lz6qtawbj4ut2vttcloh/spack-build-57ubzbi && /opt/spack/opt/spack/linux-centos8-x86_64_v4/clang-11.0.1/cmake-3.21.4-wyvqymo6wjebugf3ux3zady2f6tkm6cw/bin/cmake -E cmake_depends \"Unix Makefiles\" /tmp/root/spack-stage/spack-stage-chai-1.0-57ubzbi2gsz4lz6qtawbj4ut2vttcloh/spack-src /tmp/root/spack-stage/spack-stage-chai-1.0-57ubzbi2gsz4lz6qtawbj4ut2vttcloh/spack-src/src/tests /tmp/root/spack-stage/spack-stage-chai-1.0-57ubzbi2gsz4lz6qtawbj4ut2vttcloh/spack-build-57ubzbi /tmp/root/spack-stage/spack-stage-chai-1.0-57ubzbi2gsz4lz6qtawbj4ut2vttcloh/spack-build-57ubzbi/src/tests /tmp/root/spack-stage/spack-stage-chai-1.0-57ubzbi2gsz4lz6qtawbj4ut2vttcloh/spack-build-57ubzbi/src/tests/CMakeFiles/managed_array_tests.dir/DependInfo.cmake --color=\nmake[2]: Leaving directory '/tmp/root/spack-stage/spack-stage-chai-1.0-57ubzbi2gsz4lz6qtawbj4ut2vttcloh/spack-build-57ubzbi'\nmake  -f src/tests/CMakeFiles/managed_array_tests.dir/build.make src/tests/CMakeFiles/managed_array_tests.dir/build\nmake[2]: Entering directory '/tmp/root/spack-stage/spack-stage-chai-1.0-57ubzbi2gsz4lz6qtawbj4ut2vttcloh/spack-build-57ubzbi'\n[ 80%] Building CXX object src/tests/CMakeFiles/managed_array_tests.dir/managed_array_tests.cpp.o\ncd /tmp/root/spack-stage/spack-stage-chai-1.0-57ubzbi2gsz4lz6qtawbj4ut2vttcloh/spack-build-57ubzbi/src/tests && /opt/spack/lib/spack/env/clang/clang++  -I/tmp/root/spack-stage/spack-stage-chai-1.0-57ubzbi2gsz4lz6qtawbj4ut2vttcloh/spack-build-57ubzbi/include -Wall -Wextra  -O2 -g -DNDEBUG -fPIE -std=c++11 -MD -MT src/tests/CMakeFiles/managed_array_tests.dir/managed_array_tests.cpp.o -MF CMakeFiles/managed_array_tests.dir/managed_array_tests.cpp.o.d -o CMakeFiles/managed_array_tests.dir/managed_array_tests.cpp.o -c /tmp/root/spack-stage/spack-stage-chai-1.0-57ubzbi2gsz4lz6qtawbj4ut2vttcloh/spack-src/src/tests/managed_array_tests.cpp",
        "post_context": "#include \"gtest/gtest.h\"\n         ^~~~~~~~~~~~~~~\n1 error generated.\nmake[2]: *** [src/tests/CMakeFiles/managed_array_tests.dir/build.make:79: src/tests/CMakeFiles/managed_array_tests.dir/managed_array_tests.cpp.o] Error 1\nmake[2]: Leaving directory '/tmp/root/spack-stage/spack-stage-chai-1.0-57ubzbi2gsz4lz6qtawbj4ut2vttcloh/spack-build-57ubzbi'\nmake[1]: *** [CMakeFiles/Makefile2:280: src/tests/CMakeFiles/managed_array_tests.dir/all] Error 2",
        "add_date": "2022-02-02T22:46:49.840264Z",
        "modify_date": "2022-02-02T22:46:49.840313Z",
        "label": "build-error",
        "spack-monitor-label": "error"
    },
    {
        "id": 5579,
        "phase": 26838,
        "source_file": "/tmp/root/spack-stage/spack-stage-chai-1.0-dl3nljayfeah6oi5aj3ujexuyoyjjj6o/spack-src/src/tests/managed_array_tests.cpp",
        "source_line_no": 4,
        "line_no": 40,
        "repeat_count": 0,
        "start": 34,
        "end": 47,
        "text": "/tmp/root/spack-stage/spack-stage-chai-1.0-dl3nljayfeah6oi5aj3ujexuyoyjjj6o/spack-src/src/tests/managed_array_tests.cpp:43:10: fatal error: 'gtest/gtest.h' file not found",
        "pre_context": "cd /tmp/root/spack-stage/spack-stage-chai-1.0-dl3nljayfeah6oi5aj3ujexuyoyjjj6o/spack-build-dl3nlja && /opt/spack/opt/spack/linux-fedora35-x86_64_v4/clang-13.0.0/cmake-3.21.4-yi6zmsfpzcot3h7wsgsroxzzaazpqcbh/bin/cmake -E cmake_depends \"Unix Makefiles\" /tmp/root/spack-stage/spack-stage-chai-1.0-dl3nljayfeah6oi5aj3ujexuyoyjjj6o/spack-src /tmp/root/spack-stage/spack-stage-chai-1.0-dl3nljayfeah6oi5aj3ujexuyoyjjj6o/spack-src/src/tests /tmp/root/spack-stage/spack-stage-chai-1.0-dl3nljayfeah6oi5aj3ujexuyoyjjj6o/spack-build-dl3nlja /tmp/root/spack-stage/spack-stage-chai-1.0-dl3nljayfeah6oi5aj3ujexuyoyjjj6o/spack-build-dl3nlja/src/tests /tmp/root/spack-stage/spack-stage-chai-1.0-dl3nljayfeah6oi5aj3ujexuyoyjjj6o/spack-build-dl3nlja/src/tests/CMakeFiles/managed_array_tests.dir/DependInfo.cmake --color=\nmake[2]: Leaving directory '/tmp/root/spack-stage/spack-stage-chai-1.0-dl3nljayfeah6oi5aj3ujexuyoyjjj6o/spack-build-dl3nlja'\nmake  -f src/tests/CMakeFiles/managed_array_tests.dir/build.make src/tests/CMakeFiles/managed_array_tests.dir/build\nmake[2]: Entering directory '/tmp/root/spack-stage/spack-stage-chai-1.0-dl3nljayfeah6oi5aj3ujexuyoyjjj6o/spack-build-dl3nlja'\n[ 80%] Building CXX object src/tests/CMakeFiles/managed_array_tests.dir/managed_array_tests.cpp.o\ncd /tmp/root/spack-stage/spack-stage-chai-1.0-dl3nljayfeah6oi5aj3ujexuyoyjjj6o/spack-build-dl3nlja/src/tests && /opt/spack/lib/spack/env/clang/clang++  -I/tmp/root/spack-stage/spack-stage-chai-1.0-dl3nljayfeah6oi5aj3ujexuyoyjjj6o/spack-build-dl3nlja/include -Wall -Wextra  -O2 -g -DNDEBUG -fPIE -std=c++11 -MD -MT src/tests/CMakeFiles/managed_array_tests.dir/managed_array_tests.cpp.o -MF CMakeFiles/managed_array_tests.dir/managed_array_tests.cpp.o.d -o CMakeFiles/managed_array_tests.dir/managed_array_tests.cpp.o -c /tmp/root/spack-stage/spack-stage-chai-1.0-dl3nljayfeah6oi5aj3ujexuyoyjjj6o/spack-src/src/tests/managed_array_tests.cpp",
        "post_context": "#include \"gtest/gtest.h\"\n         ^~~~~~~~~~~~~~~\n1 error generated.\nmake[2]: *** [src/tests/CMakeFiles/managed_array_tests.dir/build.make:79: src/tests/CMakeFiles/managed_array_tests.dir/managed_array_tests.cpp.o] Error 1\nmake[2]: Leaving directory '/tmp/root/spack-stage/spack-stage-chai-1.0-dl3nljayfeah6oi5aj3ujexuyoyjjj6o/spack-build-dl3nlja'\nmake[1]: *** [CMakeFiles/Makefile2:280: src/tests/CMakeFiles/managed_array_tests.dir/all] Error 2",
        "add_date": "2022-02-02T22:46:50.347003Z",
        "modify_date": "2022-02-02T22:46:50.347068Z",
        "label": "build-error",
        "spack-monitor-label": "error"
    },
    {
        "id": 5630,
        "phase": 27154,
        "source_file": "/tmp/root/spack-stage/spack-stage-chai-1.0-sqw3yy4hz4j37lys7by52jbvfwdrfal7/spack-src/src/tests/managed_array_tests.cpp",
        "source_line_no": 4,
        "line_no": 40,
        "repeat_count": 0,
        "start": 34,
        "end": 47,
        "text": "/tmp/root/spack-stage/spack-stage-chai-1.0-sqw3yy4hz4j37lys7by52jbvfwdrfal7/spack-src/src/tests/managed_array_tests.cpp:43:10: fatal error: 'gtest/gtest.h' file not found",
        "pre_context": "cd /tmp/root/spack-stage/spack-stage-chai-1.0-sqw3yy4hz4j37lys7by52jbvfwdrfal7/spack-build-sqw3yy4 && /opt/spack/opt/spack/linux-debian10-x86_64_v4/clang-7.0.1/cmake-3.21.4-ecvslsf5wevcltg2jo6aevzz4keqf4ux/bin/cmake -E cmake_depends \"Unix Makefiles\" /tmp/root/spack-stage/spack-stage-chai-1.0-sqw3yy4hz4j37lys7by52jbvfwdrfal7/spack-src /tmp/root/spack-stage/spack-stage-chai-1.0-sqw3yy4hz4j37lys7by52jbvfwdrfal7/spack-src/src/tests /tmp/root/spack-stage/spack-stage-chai-1.0-sqw3yy4hz4j37lys7by52jbvfwdrfal7/spack-build-sqw3yy4 /tmp/root/spack-stage/spack-stage-chai-1.0-sqw3yy4hz4j37lys7by52jbvfwdrfal7/spack-build-sqw3yy4/src/tests /tmp/root/spack-stage/spack-stage-chai-1.0-sqw3yy4hz4j37lys7by52jbvfwdrfal7/spack-build-sqw3yy4/src/tests/CMakeFiles/managed_array_tests.dir/DependInfo.cmake --color=\nmake[2]: Leaving directory '/tmp/root/spack-stage/spack-stage-chai-1.0-sqw3yy4hz4j37lys7by52jbvfwdrfal7/spack-build-sqw3yy4'\nmake  -f src/tests/CMakeFiles/managed_array_tests.dir/build.make src/tests/CMakeFiles/managed_array_tests.dir/build\nmake[2]: Entering directory '/tmp/root/spack-stage/spack-stage-chai-1.0-sqw3yy4hz4j37lys7by52jbvfwdrfal7/spack-build-sqw3yy4'\n[ 80%] Building CXX object src/tests/CMakeFiles/managed_array_tests.dir/managed_array_tests.cpp.o\ncd /tmp/root/spack-stage/spack-stage-chai-1.0-sqw3yy4hz4j37lys7by52jbvfwdrfal7/spack-build-sqw3yy4/src/tests && /opt/spack/lib/spack/env/clang/clang++  -I/tmp/root/spack-stage/spack-stage-chai-1.0-sqw3yy4hz4j37lys7by52jbvfwdrfal7/spack-build-sqw3yy4/include -Wall -Wextra  -O2 -g -DNDEBUG -fPIE -std=c++11 -MD -MT src/tests/CMakeFiles/managed_array_tests.dir/managed_array_tests.cpp.o -MF CMakeFiles/managed_array_tests.dir/managed_array_tests.cpp.o.d -o CMakeFiles/managed_array_tests.dir/managed_array_tests.cpp.o -c /tmp/root/spack-stage/spack-stage-chai-1.0-sqw3yy4hz4j37lys7by52jbvfwdrfal7/spack-src/src/tests/managed_array_tests.cpp",
        "post_context": "#include \"gtest/gtest.h\"\n         ^~~~~~~~~~~~~~~\n1 error generated.\nmake[2]: *** [src/tests/CMakeFiles/managed_array_tests.dir/build.make:79: src/tests/CMakeFiles/managed_array_tests.dir/managed_array_tests.cpp.o] Error 1\nmake[2]: Leaving directory '/tmp/root/spack-stage/spack-stage-chai-1.0-sqw3yy4hz4j37lys7by52jbvfwdrfal7/spack-build-sqw3yy4'\nmake[1]: *** [CMakeFiles/Makefile2:280: src/tests/CMakeFiles/managed_array_tests.dir/all] Error 2",
        "add_date": "2022-02-02T22:46:51.696957Z",
        "modify_date": "2022-02-02T22:46:51.697007Z",
        "label": "build-error",
        "spack-monitor-label": "error"
    },
    {
        "id": 5641,
        "phase": 27383,
        "source_file": "/tmp/root/spack-stage/spack-stage-chai-1.0-6jfias5zyfbiyj3h3qpan7ykkqlux6n3/spack-src/src/tests/managed_array_tests.cpp",
        "source_line_no": 4,
        "line_no": 40,
        "repeat_count": 0,
        "start": 34,
        "end": 47,
        "text": "/tmp/root/spack-stage/spack-stage-chai-1.0-6jfias5zyfbiyj3h3qpan7ykkqlux6n3/spack-src/src/tests/managed_array_tests.cpp:43:10: fatal error: 'gtest/gtest.h' file not found",
        "pre_context": "cd /tmp/root/spack-stage/spack-stage-chai-1.0-6jfias5zyfbiyj3h3qpan7ykkqlux6n3/spack-build-6jfias5 && /opt/spack/opt/spack/linux-debian11-x86_64_v4/clang-11.0.1/cmake-3.21.4-w7padlkt7pllzzlawie5kkl2pkzzqwok/bin/cmake -E cmake_depends \"Unix Makefiles\" /tmp/root/spack-stage/spack-stage-chai-1.0-6jfias5zyfbiyj3h3qpan7ykkqlux6n3/spack-src /tmp/root/spack-stage/spack-stage-chai-1.0-6jfias5zyfbiyj3h3qpan7ykkqlux6n3/spack-src/src/tests /tmp/root/spack-stage/spack-stage-chai-1.0-6jfias5zyfbiyj3h3qpan7ykkqlux6n3/spack-build-6jfias5 /tmp/root/spack-stage/spack-stage-chai-1.0-6jfias5zyfbiyj3h3qpan7ykkqlux6n3/spack-build-6jfias5/src/tests /tmp/root/spack-stage/spack-stage-chai-1.0-6jfias5zyfbiyj3h3qpan7ykkqlux6n3/spack-build-6jfias5/src/tests/CMakeFiles/managed_array_tests.dir/DependInfo.cmake --color=\nmake[2]: Leaving directory '/tmp/root/spack-stage/spack-stage-chai-1.0-6jfias5zyfbiyj3h3qpan7ykkqlux6n3/spack-build-6jfias5'\nmake  -f src/tests/CMakeFiles/managed_array_tests.dir/build.make src/tests/CMakeFiles/managed_array_tests.dir/build\nmake[2]: Entering directory '/tmp/root/spack-stage/spack-stage-chai-1.0-6jfias5zyfbiyj3h3qpan7ykkqlux6n3/spack-build-6jfias5'\n[ 80%] Building CXX object src/tests/CMakeFiles/managed_array_tests.dir/managed_array_tests.cpp.o\ncd /tmp/root/spack-stage/spack-stage-chai-1.0-6jfias5zyfbiyj3h3qpan7ykkqlux6n3/spack-build-6jfias5/src/tests && /opt/spack/lib/spack/env/clang/clang++  -I/tmp/root/spack-stage/spack-stage-chai-1.0-6jfias5zyfbiyj3h3qpan7ykkqlux6n3/spack-build-6jfias5/include -Wall -Wextra  -O2 -g -DNDEBUG -fPIE -std=c++11 -MD -MT src/tests/CMakeFiles/managed_array_tests.dir/managed_array_tests.cpp.o -MF CMakeFiles/managed_array_tests.dir/managed_array_tests.cpp.o.d -o CMakeFiles/managed_array_tests.dir/managed_array_tests.cpp.o -c /tmp/root/spack-stage/spack-stage-chai-1.0-6jfias5zyfbiyj3h3qpan7ykkqlux6n3/spack-src/src/tests/managed_array_tests.cpp",
        "post_context": "#include \"gtest/gtest.h\"\n         ^~~~~~~~~~~~~~~\n1 error generated.\nmake[2]: *** [src/tests/CMakeFiles/managed_array_tests.dir/build.make:79: src/tests/CMakeFiles/managed_array_tests.dir/managed_array_tests.cpp.o] Error 1\nmake[2]: Leaving directory '/tmp/root/spack-stage/spack-stage-chai-1.0-6jfias5zyfbiyj3h3qpan7ykkqlux6n3/spack-build-6jfias5'\nmake[1]: *** [CMakeFiles/Makefile2:280: src/tests/CMakeFiles/managed_array_tests.dir/all] Error 2",
        "add_date": "2022-02-02T22:46:52.491852Z",
        "modify_date": "2022-02-02T22:46:52.491905Z",
        "label": "build-error",
        "spack-monitor-label": "error"
    },
    {
        "id": 5835,
        "phase": 28123,
        "source_file": "/tmp/root/spack-stage/spack-stage-chai-1.0-7ghdfbetcqoy5tlnj2badbjvmerq7trp/spack-src/src/tests/managed_array_tests.cpp",
        "source_line_no": 4,
        "line_no": 40,
        "repeat_count": 0,
        "start": 34,
        "end": 47,
        "text": "/tmp/root/spack-stage/spack-stage-chai-1.0-7ghdfbetcqoy5tlnj2badbjvmerq7trp/spack-src/src/tests/managed_array_tests.cpp:43:10: fatal error: 'gtest/gtest.h' file not found",
        "pre_context": "cd /tmp/root/spack-stage/spack-stage-chai-1.0-7ghdfbetcqoy5tlnj2badbjvmerq7trp/spack-build-7ghdfbe && /opt/spack/opt/spack/linux-debian10-haswell/clang-7.0.1/cmake-3.21.4-ubbmdzhazawa7urdvjsgstydc73waxlr/bin/cmake -E cmake_depends \"Unix Makefiles\" /tmp/root/spack-stage/spack-stage-chai-1.0-7ghdfbetcqoy5tlnj2badbjvmerq7trp/spack-src /tmp/root/spack-stage/spack-stage-chai-1.0-7ghdfbetcqoy5tlnj2badbjvmerq7trp/spack-src/src/tests /tmp/root/spack-stage/spack-stage-chai-1.0-7ghdfbetcqoy5tlnj2badbjvmerq7trp/spack-build-7ghdfbe /tmp/root/spack-stage/spack-stage-chai-1.0-7ghdfbetcqoy5tlnj2badbjvmerq7trp/spack-build-7ghdfbe/src/tests /tmp/root/spack-stage/spack-stage-chai-1.0-7ghdfbetcqoy5tlnj2badbjvmerq7trp/spack-build-7ghdfbe/src/tests/CMakeFiles/managed_array_tests.dir/DependInfo.cmake --color=\nmake[2]: Leaving directory '/tmp/root/spack-stage/spack-stage-chai-1.0-7ghdfbetcqoy5tlnj2badbjvmerq7trp/spack-build-7ghdfbe'\nmake  -f src/tests/CMakeFiles/managed_array_tests.dir/build.make src/tests/CMakeFiles/managed_array_tests.dir/build\nmake[2]: Entering directory '/tmp/root/spack-stage/spack-stage-chai-1.0-7ghdfbetcqoy5tlnj2badbjvmerq7trp/spack-build-7ghdfbe'\n[ 80%] Building CXX object src/tests/CMakeFiles/managed_array_tests.dir/managed_array_tests.cpp.o\ncd /tmp/root/spack-stage/spack-stage-chai-1.0-7ghdfbetcqoy5tlnj2badbjvmerq7trp/spack-build-7ghdfbe/src/tests && /opt/spack/lib/spack/env/clang/clang++  -I/tmp/root/spack-stage/spack-stage-chai-1.0-7ghdfbetcqoy5tlnj2badbjvmerq7trp/spack-build-7ghdfbe/include -Wall -Wextra  -O2 -g -DNDEBUG -fPIE -std=c++11 -MD -MT src/tests/CMakeFiles/managed_array_tests.dir/managed_array_tests.cpp.o -MF CMakeFiles/managed_array_tests.dir/managed_array_tests.cpp.o.d -o CMakeFiles/managed_array_tests.dir/managed_array_tests.cpp.o -c /tmp/root/spack-stage/spack-stage-chai-1.0-7ghdfbetcqoy5tlnj2badbjvmerq7trp/spack-src/src/tests/managed_array_tests.cpp",
        "post_context": "#include \"gtest/gtest.h\"\n         ^~~~~~~~~~~~~~~\n1 error generated.\nmake[2]: *** [src/tests/CMakeFiles/managed_array_tests.dir/build.make:79: src/tests/CMakeFiles/managed_array_tests.dir/managed_array_tests.cpp.o] Error 1\nmake[2]: Leaving directory '/tmp/root/spack-stage/spack-stage-chai-1.0-7ghdfbetcqoy5tlnj2badbjvmerq7trp/spack-build-7ghdfbe'\nmake[1]: *** [CMakeFiles/Makefile2:280: src/tests/CMakeFiles/managed_array_tests.dir/all] Error 2",
        "add_date": "2022-02-02T22:46:57.435205Z",
        "modify_date": "2022-02-02T22:46:57.435255Z",
        "label": "build-error",
        "spack-monitor-label": "error"
    }
]