[
    {
        "id": 4829,
        "phase": 24335,
        "source_file": "/tmp/root/spack-stage/spack-stage-amrex-21.05-7kt2rgbgvoft2va6ul6u4oiekwzbfqbh/spack-src/Src/Base/AMReX_Reduce.H",
        "source_line_no": 1,
        "line_no": 970,
        "repeat_count": 0,
        "start": 964,
        "end": 977,
        "text": "/tmp/root/spack-stage/spack-stage-amrex-21.05-7kt2rgbgvoft2va6ul6u4oiekwzbfqbh/spack-src/Src/Base/AMReX_Reduce.H:187:20: error: invalid return type 'void' of constexpr function 'constexpr void amrex::ReduceOpLogicalAnd::init(int&) const'",
        "pre_context": "/tmp/root/spack-stage/spack-stage-amrex-21.05-7kt2rgbgvoft2va6ul6u4oiekwzbfqbh/spack-src/Src/Base/AMReX_GpuContainers.H:287:62: error: expected primary-expression before ')' token\n         static_assert(std::is_trivially_copyable<value_type>(),\n                                                              ^\nIn file included from /tmp/root/spack-stage/spack-stage-amrex-21.05-7kt2rgbgvoft2va6ul6u4oiekwzbfqbh/spack-src/Src/Base/AMReX_BaseFab.H:19:0,\n                 from /tmp/root/spack-stage/spack-stage-amrex-21.05-7kt2rgbgvoft2va6ul6u4oiekwzbfqbh/spack-src/Src/Base/AMReX.cpp:4:\n/tmp/root/spack-stage/spack-stage-amrex-21.05-7kt2rgbgvoft2va6ul6u4oiekwzbfqbh/spack-src/Src/Base/AMReX_Reduce.H: In member function 'constexpr void amrex::ReduceOpLogicalAnd::init(int&) const':",
        "post_context": "     constexpr void init (int& t) const noexcept { t = true; }\n                    ^\n/tmp/root/spack-stage/spack-stage-amrex-21.05-7kt2rgbgvoft2va6ul6u4oiekwzbfqbh/spack-src/Src/Base/AMReX_Reduce.H: In member function 'constexpr void amrex::ReduceOpLogicalOr::init(int&) const':\n/tmp/root/spack-stage/spack-stage-amrex-21.05-7kt2rgbgvoft2va6ul6u4oiekwzbfqbh/spack-src/Src/Base/AMReX_Reduce.H:211:20: error: invalid return type 'void' of constexpr function 'constexpr void amrex::ReduceOpLogicalOr::init(int&) const'\n     constexpr void init (int& t) const noexcept { t = false; }\n                    ^",
        "add_date": "2022-02-02T22:02:50.060657Z",
        "modify_date": "2022-02-02T22:02:50.060671Z",
        "label": "build-error",
        "spack-monitor-label": "error"
    },
    {
        "id": 4830,
        "phase": 24335,
        "source_file": "/tmp/root/spack-stage/spack-stage-amrex-21.05-7kt2rgbgvoft2va6ul6u4oiekwzbfqbh/spack-src/Src/Base/AMReX_Reduce.H",
        "source_line_no": 2,
        "line_no": 974,
        "repeat_count": 0,
        "start": 968,
        "end": 981,
        "text": "/tmp/root/spack-stage/spack-stage-amrex-21.05-7kt2rgbgvoft2va6ul6u4oiekwzbfqbh/spack-src/Src/Base/AMReX_Reduce.H:211:20: error: invalid return type 'void' of constexpr function 'constexpr void amrex::ReduceOpLogicalOr::init(int&) const'",
        "pre_context": "                 from /tmp/root/spack-stage/spack-stage-amrex-21.05-7kt2rgbgvoft2va6ul6u4oiekwzbfqbh/spack-src/Src/Base/AMReX.cpp:4:\n/tmp/root/spack-stage/spack-stage-amrex-21.05-7kt2rgbgvoft2va6ul6u4oiekwzbfqbh/spack-src/Src/Base/AMReX_Reduce.H: In member function 'constexpr void amrex::ReduceOpLogicalAnd::init(int&) const':\n/tmp/root/spack-stage/spack-stage-amrex-21.05-7kt2rgbgvoft2va6ul6u4oiekwzbfqbh/spack-src/Src/Base/AMReX_Reduce.H:187:20: error: invalid return type 'void' of constexpr function 'constexpr void amrex::ReduceOpLogicalAnd::init(int&) const'\n     constexpr void init (int& t) const noexcept { t = true; }\n                    ^\n/tmp/root/spack-stage/spack-stage-amrex-21.05-7kt2rgbgvoft2va6ul6u4oiekwzbfqbh/spack-src/Src/Base/AMReX_Reduce.H: In member function 'constexpr void amrex::ReduceOpLogicalOr::init(int&) const':",
        "post_context": "     constexpr void init (int& t) const noexcept { t = false; }\n                    ^\nIn file included from /tmp/root/spack-stage/spack-stage-amrex-21.05-7kt2rgbgvoft2va6ul6u4oiekwzbfqbh/spack-src/Src/Base/AMReX_BaseFab.H:19:0,\n                 from /tmp/root/spack-stage/spack-stage-amrex-21.05-7kt2rgbgvoft2va6ul6u4oiekwzbfqbh/spack-src/Src/Base/AMReX.cpp:4:\n/tmp/root/spack-stage/spack-stage-amrex-21.05-7kt2rgbgvoft2va6ul6u4oiekwzbfqbh/spack-src/Src/Base/AMReX_Reduce.H: At global scope:\n/tmp/root/spack-stage/spack-stage-amrex-21.05-7kt2rgbgvoft2va6ul6u4oiekwzbfqbh/spack-src/Src/Base/AMReX_Reduce.H:941:21: error: expected type-specifier",
        "add_date": "2022-02-02T22:02:50.062432Z",
        "modify_date": "2022-02-02T22:02:50.062446Z",
        "label": "build-error",
        "spack-monitor-label": "error"
    },
    {
        "id": 5314,
        "phase": 24786,
        "source_file": "/tmp/root/spack-stage/spack-stage-amrex-21.05-4ft2lywqgsex3omzaztd4n5jdkzqmx47/spack-src/Src/Base/AMReX_Reduce.H",
        "source_line_no": 1,
        "line_no": 400,
        "repeat_count": 0,
        "start": 394,
        "end": 407,
        "text": "/tmp/root/spack-stage/spack-stage-amrex-21.05-4ft2lywqgsex3omzaztd4n5jdkzqmx47/spack-src/Src/Base/AMReX_Reduce.H:187:20: error: invalid return type 'void' of constexpr function 'constexpr void amrex::ReduceOpLogicalAnd::init(int&) const'",
        "pre_context": "/tmp/root/spack-stage/spack-stage-amrex-21.05-4ft2lywqgsex3omzaztd4n5jdkzqmx47/spack-src/Src/Base/AMReX_GpuContainers.H:287:62: error: expected primary-expression before ')' token\n         static_assert(std::is_trivially_copyable<value_type>(),\n                                                              ^\nIn file included from /tmp/root/spack-stage/spack-stage-amrex-21.05-4ft2lywqgsex3omzaztd4n5jdkzqmx47/spack-src/Src/Base/AMReX_BaseFab.H:19:0,\n                 from /tmp/root/spack-stage/spack-stage-amrex-21.05-4ft2lywqgsex3omzaztd4n5jdkzqmx47/spack-src/Src/Base/AMReX.cpp:4:\n/tmp/root/spack-stage/spack-stage-amrex-21.05-4ft2lywqgsex3omzaztd4n5jdkzqmx47/spack-src/Src/Base/AMReX_Reduce.H: In member function 'constexpr void amrex::ReduceOpLogicalAnd::init(int&) const':",
        "post_context": "     constexpr void init (int& t) const noexcept { t = true; }\n                    ^\n/tmp/root/spack-stage/spack-stage-amrex-21.05-4ft2lywqgsex3omzaztd4n5jdkzqmx47/spack-src/Src/Base/AMReX_Reduce.H: In member function 'constexpr void amrex::ReduceOpLogicalOr::init(int&) const':\n/tmp/root/spack-stage/spack-stage-amrex-21.05-4ft2lywqgsex3omzaztd4n5jdkzqmx47/spack-src/Src/Base/AMReX_Reduce.H:211:20: error: invalid return type 'void' of constexpr function 'constexpr void amrex::ReduceOpLogicalOr::init(int&) const'\n     constexpr void init (int& t) const noexcept { t = false; }\n                    ^",
        "add_date": "2022-02-02T22:46:11.681567Z",
        "modify_date": "2022-02-02T22:46:11.681599Z",
        "label": "build-error",
        "spack-monitor-label": "error"
    },
    {
        "id": 5315,
        "phase": 24786,
        "source_file": "/tmp/root/spack-stage/spack-stage-amrex-21.05-4ft2lywqgsex3omzaztd4n5jdkzqmx47/spack-src/Src/Base/AMReX_Reduce.H",
        "source_line_no": 2,
        "line_no": 404,
        "repeat_count": 0,
        "start": 398,
        "end": 411,
        "text": "/tmp/root/spack-stage/spack-stage-amrex-21.05-4ft2lywqgsex3omzaztd4n5jdkzqmx47/spack-src/Src/Base/AMReX_Reduce.H:211:20: error: invalid return type 'void' of constexpr function 'constexpr void amrex::ReduceOpLogicalOr::init(int&) const'",
        "pre_context": "                 from /tmp/root/spack-stage/spack-stage-amrex-21.05-4ft2lywqgsex3omzaztd4n5jdkzqmx47/spack-src/Src/Base/AMReX.cpp:4:\n/tmp/root/spack-stage/spack-stage-amrex-21.05-4ft2lywqgsex3omzaztd4n5jdkzqmx47/spack-src/Src/Base/AMReX_Reduce.H: In member function 'constexpr void amrex::ReduceOpLogicalAnd::init(int&) const':\n/tmp/root/spack-stage/spack-stage-amrex-21.05-4ft2lywqgsex3omzaztd4n5jdkzqmx47/spack-src/Src/Base/AMReX_Reduce.H:187:20: error: invalid return type 'void' of constexpr function 'constexpr void amrex::ReduceOpLogicalAnd::init(int&) const'\n     constexpr void init (int& t) const noexcept { t = true; }\n                    ^\n/tmp/root/spack-stage/spack-stage-amrex-21.05-4ft2lywqgsex3omzaztd4n5jdkzqmx47/spack-src/Src/Base/AMReX_Reduce.H: In member function 'constexpr void amrex::ReduceOpLogicalOr::init(int&) const':",
        "post_context": "     constexpr void init (int& t) const noexcept { t = false; }\n                    ^\nIn file included from /tmp/root/spack-stage/spack-stage-amrex-21.05-4ft2lywqgsex3omzaztd4n5jdkzqmx47/spack-src/Src/Base/AMReX.cpp:4:0:\n/tmp/root/spack-stage/spack-stage-amrex-21.05-4ft2lywqgsex3omzaztd4n5jdkzqmx47/spack-src/Src/Base/AMReX_BaseFab.H: At global scope:\n/tmp/root/spack-stage/spack-stage-amrex-21.05-4ft2lywqgsex3omzaztd4n5jdkzqmx47/spack-src/Src/Base/AMReX_BaseFab.H:146:18: error: 'is_trivially_default_constructible' is not a member of 'std'\n std::enable_if_t<std::is_trivially_default_constructible<T>::value",
        "add_date": "2022-02-02T22:46:11.687725Z",
        "modify_date": "2022-02-02T22:46:11.687758Z",
        "label": "build-error",
        "spack-monitor-label": "error"
    },
    {
        "id": 14648,
        "phase": 46616,
        "source_file": "/tmp/root/spack-stage/spack-stage-flecsi-1-fz7xpdublhzysczpkuzuaavxbqfu6fhy/spack-src/io-poc/runtime/runtime_driver.h",
        "source_line_no": 3,
        "line_no": 51,
        "repeat_count": 0,
        "start": 45,
        "end": 58,
        "text": "/tmp/root/spack-stage/spack-stage-flecsi-1-fz7xpdublhzysczpkuzuaavxbqfu6fhy/spack-src/io-poc/runtime/runtime_driver.h:37:26: error: 'handler' declared as an 'inline' variable",
        "pre_context": "        ^~~~~~~~~\n/tmp/root/spack-stage/spack-stage-flecsi-1-fz7xpdublhzysczpkuzuaavxbqfu6fhy/spack-src/flecsi/control/phase_walker.h:106:3: error: expected '}' at end of input\n   } // handle_type\n   ^\nIn file included from /tmp/root/spack-stage/spack-stage-flecsi-1-fz7xpdublhzysczpkuzuaavxbqfu6fhy/spack-src/io-poc/io-poc.cc:1:0:\n/tmp/root/spack-stage/spack-stage-flecsi-1-fz7xpdublhzysczpkuzuaavxbqfu6fhy/spack-src/io-poc/runtime/runtime_driver.h: At global scope:",
        "post_context": " inline runtime_handler_t handler{initialize_MPI, finalize_MPI, output_MPI};\n                          ^~~~~~~\n/tmp/root/spack-stage/spack-stage-flecsi-1-fz7xpdublhzysczpkuzuaavxbqfu6fhy/spack-src/io-poc/runtime/runtime_driver.h:39:13: error: 'specialization_handler_appended' declared as an 'inline' variable\n inline bool specialization_handler_appended =\n             ^~~~~~~~~~~~~~~~~~~~~~~~~~~~~~~\n/tmp/root/spack-stage/spack-stage-flecsi-1-fz7xpdublhzysczpkuzuaavxbqfu6fhy/spack-src/io-poc/runtime/runtime_driver.h:42:13: error: 'specialization_control_registered' declared as an 'inline' variable",
        "add_date": "2022-02-03T08:39:59.524874Z",
        "modify_date": "2022-02-03T08:39:59.524893Z",
        "label": "build-error",
        "spack-monitor-label": "error"
    },
    {
        "id": 14789,
        "phase": 46578,
        "source_file": "/tmp/root/spack-stage/spack-stage-flecsi-1-bif4iwitfjxqjrlpzdnn4fnlg43ljwhc/spack-src/io-poc/runtime/runtime_driver.h",
        "source_line_no": 3,
        "line_no": 51,
        "repeat_count": 0,
        "start": 45,
        "end": 58,
        "text": "/tmp/root/spack-stage/spack-stage-flecsi-1-bif4iwitfjxqjrlpzdnn4fnlg43ljwhc/spack-src/io-poc/runtime/runtime_driver.h:37:26: error: 'handler' declared as an 'inline' variable",
        "pre_context": "        ^~~~~~~~~\n/tmp/root/spack-stage/spack-stage-flecsi-1-bif4iwitfjxqjrlpzdnn4fnlg43ljwhc/spack-src/flecsi/control/phase_walker.h:106:3: error: expected '}' at end of input\n   } // handle_type\n   ^\nIn file included from /tmp/root/spack-stage/spack-stage-flecsi-1-bif4iwitfjxqjrlpzdnn4fnlg43ljwhc/spack-src/io-poc/io-poc.cc:1:0:\n/tmp/root/spack-stage/spack-stage-flecsi-1-bif4iwitfjxqjrlpzdnn4fnlg43ljwhc/spack-src/io-poc/runtime/runtime_driver.h: At global scope:",
        "post_context": " inline runtime_handler_t handler{initialize_MPI, finalize_MPI, output_MPI};\n                          ^~~~~~~\n/tmp/root/spack-stage/spack-stage-flecsi-1-bif4iwitfjxqjrlpzdnn4fnlg43ljwhc/spack-src/io-poc/runtime/runtime_driver.h:39:13: error: 'specialization_handler_appended' declared as an 'inline' variable\n inline bool specialization_handler_appended =\n             ^~~~~~~~~~~~~~~~~~~~~~~~~~~~~~~\n/tmp/root/spack-stage/spack-stage-flecsi-1-bif4iwitfjxqjrlpzdnn4fnlg43ljwhc/spack-src/io-poc/runtime/runtime_driver.h:42:13: error: 'specialization_control_registered' declared as an 'inline' variable",
        "add_date": "2022-02-03T08:40:00.055237Z",
        "modify_date": "2022-02-03T08:40:00.055252Z",
        "label": "build-error",
        "spack-monitor-label": "error"
    },
    {
        "id": 15589,
        "phase": 46603,
        "source_file": "/tmp/root/spack-stage/spack-stage-flecsi-1.4-fmaqrfazntqtpj6czhxdfyfe34hm2arv/spack-src/io-poc/runtime/runtime_driver.h",
        "source_line_no": 3,
        "line_no": 51,
        "repeat_count": 0,
        "start": 45,
        "end": 58,
        "text": "/tmp/root/spack-stage/spack-stage-flecsi-1.4-fmaqrfazntqtpj6czhxdfyfe34hm2arv/spack-src/io-poc/runtime/runtime_driver.h:37:26: error: 'handler' declared as an 'inline' variable",
        "pre_context": "        ^~~~~~~~~\n/tmp/root/spack-stage/spack-stage-flecsi-1.4-fmaqrfazntqtpj6czhxdfyfe34hm2arv/spack-src/flecsi/control/phase_walker.h:106:3: error: expected '}' at end of input\n   } // handle_type\n   ^\nIn file included from /tmp/root/spack-stage/spack-stage-flecsi-1.4-fmaqrfazntqtpj6czhxdfyfe34hm2arv/spack-src/io-poc/io-poc.cc:1:0:\n/tmp/root/spack-stage/spack-stage-flecsi-1.4-fmaqrfazntqtpj6czhxdfyfe34hm2arv/spack-src/io-poc/runtime/runtime_driver.h: At global scope:",
        "post_context": " inline runtime_handler_t handler{initialize_MPI, finalize_MPI, output_MPI};\n                          ^~~~~~~\n/tmp/root/spack-stage/spack-stage-flecsi-1.4-fmaqrfazntqtpj6czhxdfyfe34hm2arv/spack-src/io-poc/runtime/runtime_driver.h:39:13: error: 'specialization_handler_appended' declared as an 'inline' variable\n inline bool specialization_handler_appended =\n             ^~~~~~~~~~~~~~~~~~~~~~~~~~~~~~~\n/tmp/root/spack-stage/spack-stage-flecsi-1.4-fmaqrfazntqtpj6czhxdfyfe34hm2arv/spack-src/io-poc/runtime/runtime_driver.h:42:13: error: 'specialization_control_registered' declared as an 'inline' variable",
        "add_date": "2022-02-03T08:40:05.552725Z",
        "modify_date": "2022-02-03T08:40:05.552741Z",
        "label": "build-error",
        "spack-monitor-label": "error"
    },
    {
        "id": 15745,
        "phase": 46588,
        "source_file": "/tmp/root/spack-stage/spack-stage-flecsi-1.4.2-xtwvkpuwb3zw7bkbp7e3q5krxpk77adh/spack-src/io-poc/runtime/runtime_driver.h",
        "source_line_no": 3,
        "line_no": 51,
        "repeat_count": 0,
        "start": 45,
        "end": 58,
        "text": "/tmp/root/spack-stage/spack-stage-flecsi-1.4.2-xtwvkpuwb3zw7bkbp7e3q5krxpk77adh/spack-src/io-poc/runtime/runtime_driver.h:37:26: error: 'handler' declared as an 'inline' variable",
        "pre_context": "        ^~~~~~~~~\n/tmp/root/spack-stage/spack-stage-flecsi-1.4.2-xtwvkpuwb3zw7bkbp7e3q5krxpk77adh/spack-src/flecsi/control/phase_walker.h:106:3: error: expected '}' at end of input\n   } // handle_type\n   ^\nIn file included from /tmp/root/spack-stage/spack-stage-flecsi-1.4.2-xtwvkpuwb3zw7bkbp7e3q5krxpk77adh/spack-src/io-poc/io-poc.cc:1:0:\n/tmp/root/spack-stage/spack-stage-flecsi-1.4.2-xtwvkpuwb3zw7bkbp7e3q5krxpk77adh/spack-src/io-poc/runtime/runtime_driver.h: At global scope:",
        "post_context": " inline runtime_handler_t handler{initialize_MPI, finalize_MPI, output_MPI};\n                          ^~~~~~~\n/tmp/root/spack-stage/spack-stage-flecsi-1.4.2-xtwvkpuwb3zw7bkbp7e3q5krxpk77adh/spack-src/io-poc/runtime/runtime_driver.h:39:13: error: 'specialization_handler_appended' declared as an 'inline' variable\n inline bool specialization_handler_appended =\n             ^~~~~~~~~~~~~~~~~~~~~~~~~~~~~~~\n/tmp/root/spack-stage/spack-stage-flecsi-1.4.2-xtwvkpuwb3zw7bkbp7e3q5krxpk77adh/spack-src/io-poc/runtime/runtime_driver.h:42:13: error: 'specialization_control_registered' declared as an 'inline' variable",
        "add_date": "2022-02-03T08:40:06.353864Z",
        "modify_date": "2022-02-03T08:40:06.353876Z",
        "label": "build-error",
        "spack-monitor-label": "error"
    },
    {
        "id": 15896,
        "phase": 46618,
        "source_file": "/tmp/root/spack-stage/spack-stage-flecsi-1.4-yp4oexqg3gwjydhg2gqxlr5oykdhyhfc/spack-src/io-poc/runtime/runtime_driver.h",
        "source_line_no": 3,
        "line_no": 51,
        "repeat_count": 0,
        "start": 45,
        "end": 58,
        "text": "/tmp/root/spack-stage/spack-stage-flecsi-1.4-yp4oexqg3gwjydhg2gqxlr5oykdhyhfc/spack-src/io-poc/runtime/runtime_driver.h:37:26: error: 'handler' declared as an 'inline' variable",
        "pre_context": "        ^~~~~~~~~\n/tmp/root/spack-stage/spack-stage-flecsi-1.4-yp4oexqg3gwjydhg2gqxlr5oykdhyhfc/spack-src/flecsi/control/phase_walker.h:106:3: error: expected '}' at end of input\n   } // handle_type\n   ^\nIn file included from /tmp/root/spack-stage/spack-stage-flecsi-1.4-yp4oexqg3gwjydhg2gqxlr5oykdhyhfc/spack-src/io-poc/io-poc.cc:1:0:\n/tmp/root/spack-stage/spack-stage-flecsi-1.4-yp4oexqg3gwjydhg2gqxlr5oykdhyhfc/spack-src/io-poc/runtime/runtime_driver.h: At global scope:",
        "post_context": " inline runtime_handler_t handler{initialize_MPI, finalize_MPI, output_MPI};\n                          ^~~~~~~\n/tmp/root/spack-stage/spack-stage-flecsi-1.4-yp4oexqg3gwjydhg2gqxlr5oykdhyhfc/spack-src/io-poc/runtime/runtime_driver.h:39:13: error: 'specialization_handler_appended' declared as an 'inline' variable\n inline bool specialization_handler_appended =\n             ^~~~~~~~~~~~~~~~~~~~~~~~~~~~~~~\n/tmp/root/spack-stage/spack-stage-flecsi-1.4-yp4oexqg3gwjydhg2gqxlr5oykdhyhfc/spack-src/io-poc/runtime/runtime_driver.h:42:13: error: 'specialization_control_registered' declared as an 'inline' variable",
        "add_date": "2022-02-03T08:40:06.903090Z",
        "modify_date": "2022-02-03T08:40:06.903103Z",
        "label": "build-error",
        "spack-monitor-label": "error"
    },
    {
        "id": 16044,
        "phase": 46621,
        "source_file": "/tmp/root/spack-stage/spack-stage-flecsi-1.4.2-xcxzvl5artvlldpdvougxolhhgf7avx4/spack-src/io-poc/runtime/runtime_driver.h",
        "source_line_no": 3,
        "line_no": 51,
        "repeat_count": 0,
        "start": 45,
        "end": 58,
        "text": "/tmp/root/spack-stage/spack-stage-flecsi-1.4.2-xcxzvl5artvlldpdvougxolhhgf7avx4/spack-src/io-poc/runtime/runtime_driver.h:37:26: error: 'handler' declared as an 'inline' variable",
        "pre_context": "        ^~~~~~~~~\n/tmp/root/spack-stage/spack-stage-flecsi-1.4.2-xcxzvl5artvlldpdvougxolhhgf7avx4/spack-src/flecsi/control/phase_walker.h:106:3: error: expected '}' at end of input\n   } // handle_type\n   ^\nIn file included from /tmp/root/spack-stage/spack-stage-flecsi-1.4.2-xcxzvl5artvlldpdvougxolhhgf7avx4/spack-src/io-poc/io-poc.cc:1:0:\n/tmp/root/spack-stage/spack-stage-flecsi-1.4.2-xcxzvl5artvlldpdvougxolhhgf7avx4/spack-src/io-poc/runtime/runtime_driver.h: At global scope:",
        "post_context": " inline runtime_handler_t handler{initialize_MPI, finalize_MPI, output_MPI};\n                          ^~~~~~~\n/tmp/root/spack-stage/spack-stage-flecsi-1.4.2-xcxzvl5artvlldpdvougxolhhgf7avx4/spack-src/io-poc/runtime/runtime_driver.h:39:13: error: 'specialization_handler_appended' declared as an 'inline' variable\n inline bool specialization_handler_appended =\n             ^~~~~~~~~~~~~~~~~~~~~~~~~~~~~~~\n/tmp/root/spack-stage/spack-stage-flecsi-1.4.2-xcxzvl5artvlldpdvougxolhhgf7avx4/spack-src/io-poc/runtime/runtime_driver.h:42:13: error: 'specialization_control_registered' declared as an 'inline' variable",
        "add_date": "2022-02-03T08:40:07.307802Z",
        "modify_date": "2022-02-03T08:40:07.307817Z",
        "label": "build-error",
        "spack-monitor-label": "error"
    },
    {
        "id": 14648,
        "phase": 46616,
        "source_file": "/tmp/root/spack-stage/spack-stage-flecsi-1-fz7xpdublhzysczpkuzuaavxbqfu6fhy/spack-src/io-poc/runtime/runtime_driver.h",
        "source_line_no": 3,
        "line_no": 51,
        "repeat_count": 0,
        "start": 45,
        "end": 58,
        "text": "/tmp/root/spack-stage/spack-stage-flecsi-1-fz7xpdublhzysczpkuzuaavxbqfu6fhy/spack-src/io-poc/runtime/runtime_driver.h:37:26: error: 'handler' declared as an 'inline' variable",
        "pre_context": "        ^~~~~~~~~\n/tmp/root/spack-stage/spack-stage-flecsi-1-fz7xpdublhzysczpkuzuaavxbqfu6fhy/spack-src/flecsi/control/phase_walker.h:106:3: error: expected '}' at end of input\n   } // handle_type\n   ^\nIn file included from /tmp/root/spack-stage/spack-stage-flecsi-1-fz7xpdublhzysczpkuzuaavxbqfu6fhy/spack-src/io-poc/io-poc.cc:1:0:\n/tmp/root/spack-stage/spack-stage-flecsi-1-fz7xpdublhzysczpkuzuaavxbqfu6fhy/spack-src/io-poc/runtime/runtime_driver.h: At global scope:",
        "post_context": " inline runtime_handler_t handler{initialize_MPI, finalize_MPI, output_MPI};\n                          ^~~~~~~\n/tmp/root/spack-stage/spack-stage-flecsi-1-fz7xpdublhzysczpkuzuaavxbqfu6fhy/spack-src/io-poc/runtime/runtime_driver.h:39:13: error: 'specialization_handler_appended' declared as an 'inline' variable\n inline bool specialization_handler_appended =\n             ^~~~~~~~~~~~~~~~~~~~~~~~~~~~~~~\n/tmp/root/spack-stage/spack-stage-flecsi-1-fz7xpdublhzysczpkuzuaavxbqfu6fhy/spack-src/io-poc/runtime/runtime_driver.h:42:13: error: 'specialization_control_registered' declared as an 'inline' variable",
        "add_date": "2022-02-03T08:39:59.524874Z",
        "modify_date": "2022-02-03T08:39:59.524893Z",
        "label": "build-error",
        "spack-monitor-label": "error"
    },
    {
        "id": 14789,
        "phase": 46578,
        "source_file": "/tmp/root/spack-stage/spack-stage-flecsi-1-bif4iwitfjxqjrlpzdnn4fnlg43ljwhc/spack-src/io-poc/runtime/runtime_driver.h",
        "source_line_no": 3,
        "line_no": 51,
        "repeat_count": 0,
        "start": 45,
        "end": 58,
        "text": "/tmp/root/spack-stage/spack-stage-flecsi-1-bif4iwitfjxqjrlpzdnn4fnlg43ljwhc/spack-src/io-poc/runtime/runtime_driver.h:37:26: error: 'handler' declared as an 'inline' variable",
        "pre_context": "        ^~~~~~~~~\n/tmp/root/spack-stage/spack-stage-flecsi-1-bif4iwitfjxqjrlpzdnn4fnlg43ljwhc/spack-src/flecsi/control/phase_walker.h:106:3: error: expected '}' at end of input\n   } // handle_type\n   ^\nIn file included from /tmp/root/spack-stage/spack-stage-flecsi-1-bif4iwitfjxqjrlpzdnn4fnlg43ljwhc/spack-src/io-poc/io-poc.cc:1:0:\n/tmp/root/spack-stage/spack-stage-flecsi-1-bif4iwitfjxqjrlpzdnn4fnlg43ljwhc/spack-src/io-poc/runtime/runtime_driver.h: At global scope:",
        "post_context": " inline runtime_handler_t handler{initialize_MPI, finalize_MPI, output_MPI};\n                          ^~~~~~~\n/tmp/root/spack-stage/spack-stage-flecsi-1-bif4iwitfjxqjrlpzdnn4fnlg43ljwhc/spack-src/io-poc/runtime/runtime_driver.h:39:13: error: 'specialization_handler_appended' declared as an 'inline' variable\n inline bool specialization_handler_appended =\n             ^~~~~~~~~~~~~~~~~~~~~~~~~~~~~~~\n/tmp/root/spack-stage/spack-stage-flecsi-1-bif4iwitfjxqjrlpzdnn4fnlg43ljwhc/spack-src/io-poc/runtime/runtime_driver.h:42:13: error: 'specialization_control_registered' declared as an 'inline' variable",
        "add_date": "2022-02-03T08:40:00.055237Z",
        "modify_date": "2022-02-03T08:40:00.055252Z",
        "label": "build-error",
        "spack-monitor-label": "error"
    },
    {
        "id": 15589,
        "phase": 46603,
        "source_file": "/tmp/root/spack-stage/spack-stage-flecsi-1.4-fmaqrfazntqtpj6czhxdfyfe34hm2arv/spack-src/io-poc/runtime/runtime_driver.h",
        "source_line_no": 3,
        "line_no": 51,
        "repeat_count": 0,
        "start": 45,
        "end": 58,
        "text": "/tmp/root/spack-stage/spack-stage-flecsi-1.4-fmaqrfazntqtpj6czhxdfyfe34hm2arv/spack-src/io-poc/runtime/runtime_driver.h:37:26: error: 'handler' declared as an 'inline' variable",
        "pre_context": "        ^~~~~~~~~\n/tmp/root/spack-stage/spack-stage-flecsi-1.4-fmaqrfazntqtpj6czhxdfyfe34hm2arv/spack-src/flecsi/control/phase_walker.h:106:3: error: expected '}' at end of input\n   } // handle_type\n   ^\nIn file included from /tmp/root/spack-stage/spack-stage-flecsi-1.4-fmaqrfazntqtpj6czhxdfyfe34hm2arv/spack-src/io-poc/io-poc.cc:1:0:\n/tmp/root/spack-stage/spack-stage-flecsi-1.4-fmaqrfazntqtpj6czhxdfyfe34hm2arv/spack-src/io-poc/runtime/runtime_driver.h: At global scope:",
        "post_context": " inline runtime_handler_t handler{initialize_MPI, finalize_MPI, output_MPI};\n                          ^~~~~~~\n/tmp/root/spack-stage/spack-stage-flecsi-1.4-fmaqrfazntqtpj6czhxdfyfe34hm2arv/spack-src/io-poc/runtime/runtime_driver.h:39:13: error: 'specialization_handler_appended' declared as an 'inline' variable\n inline bool specialization_handler_appended =\n             ^~~~~~~~~~~~~~~~~~~~~~~~~~~~~~~\n/tmp/root/spack-stage/spack-stage-flecsi-1.4-fmaqrfazntqtpj6czhxdfyfe34hm2arv/spack-src/io-poc/runtime/runtime_driver.h:42:13: error: 'specialization_control_registered' declared as an 'inline' variable",
        "add_date": "2022-02-03T08:40:05.552725Z",
        "modify_date": "2022-02-03T08:40:05.552741Z",
        "label": "build-error",
        "spack-monitor-label": "error"
    },
    {
        "id": 15745,
        "phase": 46588,
        "source_file": "/tmp/root/spack-stage/spack-stage-flecsi-1.4.2-xtwvkpuwb3zw7bkbp7e3q5krxpk77adh/spack-src/io-poc/runtime/runtime_driver.h",
        "source_line_no": 3,
        "line_no": 51,
        "repeat_count": 0,
        "start": 45,
        "end": 58,
        "text": "/tmp/root/spack-stage/spack-stage-flecsi-1.4.2-xtwvkpuwb3zw7bkbp7e3q5krxpk77adh/spack-src/io-poc/runtime/runtime_driver.h:37:26: error: 'handler' declared as an 'inline' variable",
        "pre_context": "        ^~~~~~~~~\n/tmp/root/spack-stage/spack-stage-flecsi-1.4.2-xtwvkpuwb3zw7bkbp7e3q5krxpk77adh/spack-src/flecsi/control/phase_walker.h:106:3: error: expected '}' at end of input\n   } // handle_type\n   ^\nIn file included from /tmp/root/spack-stage/spack-stage-flecsi-1.4.2-xtwvkpuwb3zw7bkbp7e3q5krxpk77adh/spack-src/io-poc/io-poc.cc:1:0:\n/tmp/root/spack-stage/spack-stage-flecsi-1.4.2-xtwvkpuwb3zw7bkbp7e3q5krxpk77adh/spack-src/io-poc/runtime/runtime_driver.h: At global scope:",
        "post_context": " inline runtime_handler_t handler{initialize_MPI, finalize_MPI, output_MPI};\n                          ^~~~~~~\n/tmp/root/spack-stage/spack-stage-flecsi-1.4.2-xtwvkpuwb3zw7bkbp7e3q5krxpk77adh/spack-src/io-poc/runtime/runtime_driver.h:39:13: error: 'specialization_handler_appended' declared as an 'inline' variable\n inline bool specialization_handler_appended =\n             ^~~~~~~~~~~~~~~~~~~~~~~~~~~~~~~\n/tmp/root/spack-stage/spack-stage-flecsi-1.4.2-xtwvkpuwb3zw7bkbp7e3q5krxpk77adh/spack-src/io-poc/runtime/runtime_driver.h:42:13: error: 'specialization_control_registered' declared as an 'inline' variable",
        "add_date": "2022-02-03T08:40:06.353864Z",
        "modify_date": "2022-02-03T08:40:06.353876Z",
        "label": "build-error",
        "spack-monitor-label": "error"
    },
    {
        "id": 15896,
        "phase": 46618,
        "source_file": "/tmp/root/spack-stage/spack-stage-flecsi-1.4-yp4oexqg3gwjydhg2gqxlr5oykdhyhfc/spack-src/io-poc/runtime/runtime_driver.h",
        "source_line_no": 3,
        "line_no": 51,
        "repeat_count": 0,
        "start": 45,
        "end": 58,
        "text": "/tmp/root/spack-stage/spack-stage-flecsi-1.4-yp4oexqg3gwjydhg2gqxlr5oykdhyhfc/spack-src/io-poc/runtime/runtime_driver.h:37:26: error: 'handler' declared as an 'inline' variable",
        "pre_context": "        ^~~~~~~~~\n/tmp/root/spack-stage/spack-stage-flecsi-1.4-yp4oexqg3gwjydhg2gqxlr5oykdhyhfc/spack-src/flecsi/control/phase_walker.h:106:3: error: expected '}' at end of input\n   } // handle_type\n   ^\nIn file included from /tmp/root/spack-stage/spack-stage-flecsi-1.4-yp4oexqg3gwjydhg2gqxlr5oykdhyhfc/spack-src/io-poc/io-poc.cc:1:0:\n/tmp/root/spack-stage/spack-stage-flecsi-1.4-yp4oexqg3gwjydhg2gqxlr5oykdhyhfc/spack-src/io-poc/runtime/runtime_driver.h: At global scope:",
        "post_context": " inline runtime_handler_t handler{initialize_MPI, finalize_MPI, output_MPI};\n                          ^~~~~~~\n/tmp/root/spack-stage/spack-stage-flecsi-1.4-yp4oexqg3gwjydhg2gqxlr5oykdhyhfc/spack-src/io-poc/runtime/runtime_driver.h:39:13: error: 'specialization_handler_appended' declared as an 'inline' variable\n inline bool specialization_handler_appended =\n             ^~~~~~~~~~~~~~~~~~~~~~~~~~~~~~~\n/tmp/root/spack-stage/spack-stage-flecsi-1.4-yp4oexqg3gwjydhg2gqxlr5oykdhyhfc/spack-src/io-poc/runtime/runtime_driver.h:42:13: error: 'specialization_control_registered' declared as an 'inline' variable",
        "add_date": "2022-02-03T08:40:06.903090Z",
        "modify_date": "2022-02-03T08:40:06.903103Z",
        "label": "build-error",
        "spack-monitor-label": "error"
    },
    {
        "id": 16044,
        "phase": 46621,
        "source_file": "/tmp/root/spack-stage/spack-stage-flecsi-1.4.2-xcxzvl5artvlldpdvougxolhhgf7avx4/spack-src/io-poc/runtime/runtime_driver.h",
        "source_line_no": 3,
        "line_no": 51,
        "repeat_count": 0,
        "start": 45,
        "end": 58,
        "text": "/tmp/root/spack-stage/spack-stage-flecsi-1.4.2-xcxzvl5artvlldpdvougxolhhgf7avx4/spack-src/io-poc/runtime/runtime_driver.h:37:26: error: 'handler' declared as an 'inline' variable",
        "pre_context": "        ^~~~~~~~~\n/tmp/root/spack-stage/spack-stage-flecsi-1.4.2-xcxzvl5artvlldpdvougxolhhgf7avx4/spack-src/flecsi/control/phase_walker.h:106:3: error: expected '}' at end of input\n   } // handle_type\n   ^\nIn file included from /tmp/root/spack-stage/spack-stage-flecsi-1.4.2-xcxzvl5artvlldpdvougxolhhgf7avx4/spack-src/io-poc/io-poc.cc:1:0:\n/tmp/root/spack-stage/spack-stage-flecsi-1.4.2-xcxzvl5artvlldpdvougxolhhgf7avx4/spack-src/io-poc/runtime/runtime_driver.h: At global scope:",
        "post_context": " inline runtime_handler_t handler{initialize_MPI, finalize_MPI, output_MPI};\n                          ^~~~~~~\n/tmp/root/spack-stage/spack-stage-flecsi-1.4.2-xcxzvl5artvlldpdvougxolhhgf7avx4/spack-src/io-poc/runtime/runtime_driver.h:39:13: error: 'specialization_handler_appended' declared as an 'inline' variable\n inline bool specialization_handler_appended =\n             ^~~~~~~~~~~~~~~~~~~~~~~~~~~~~~~\n/tmp/root/spack-stage/spack-stage-flecsi-1.4.2-xcxzvl5artvlldpdvougxolhhgf7avx4/spack-src/io-poc/runtime/runtime_driver.h:42:13: error: 'specialization_control_registered' declared as an 'inline' variable",
        "add_date": "2022-02-03T08:40:07.307802Z",
        "modify_date": "2022-02-03T08:40:07.307817Z",
        "label": "build-error",
        "spack-monitor-label": "error"
    },
    {
        "phase": "N/A",
        "source_file": "            ier.cpp",
        "source_line_no": "1",
        "line_no": 810,
        "repeat_count": 0,
        "start": 804,
        "end": 817,
        "text": "ier.cpp:183:16: error: too many arguments to function 'void conduit",
        "pre_context": "     606    /tmp/koparasy/spack-stage/spack-stage-ascent-develop-wnhp4xypg2ksum\n            vkv5ui4phs7jfvxxao/spack-src/src/ascent/runtimes/ascent_transmogrif\n            ier.cpp: In static member function 'static void ascent::Transmogrif\n            ier::to_poly(conduit::Node&, conduit::Node&)':\n  >> 607    /tmp/koparasy/spack-stage/spack-stage-ascent-develop-wnhp4xypg2ksum\n            vkv5ui4phs7jfvxxao/spack-src/src/ascent/runtimes/ascent_transmogrif",
        "post_context": "            ::blueprint::mesh::topology::unstructured::generate_sides(const con\n            duit::Node&, conduit::Node&, conduit::Node&, conduit::Node&, condui\n            t::Node&)'\n     608             options);\n     609                    ^\n     610    In file included from /p/vast1/koparasy/BUILD/spack_cluster_install",
        "id": 198338,
        "label": "dinos-error"
    },
    {
        "phase": "N/A",
        "source_file": "            ier.cpp",
        "source_line_no": "1",
        "line_no": 987,
        "repeat_count": 0,
        "start": 981,
        "end": 994,
        "text": "ier.cpp:183:16: error: too many arguments to function 'void conduit",
        "pre_context": "     643    /tmp/koparasy/spack-stage/spack-stage-ascent-develop-wnhp4xypg2ksum\n            vkv5ui4phs7jfvxxao/spack-src/src/ascent/runtimes/ascent_transmogrif\n            ier.cpp: In static member function 'static void ascent::Transmogrif\n            ier::to_poly(conduit::Node&, conduit::Node&)':\n  >> 644    /tmp/koparasy/spack-stage/spack-stage-ascent-develop-wnhp4xypg2ksum\n            vkv5ui4phs7jfvxxao/spack-src/src/ascent/runtimes/ascent_transmogrif",
        "post_context": "            ::blueprint::mesh::topology::unstructured::generate_sides(const con\n            duit::Node&, conduit::Node&, conduit::Node&, conduit::Node&, condui\n            t::Node&)'\n     645             options);\n     646                    ^\n     647    In file included from /p/vast1/koparasy/BUILD/spack_cluster_install",
        "id": 198339,
        "label": "dinos-error"
    },
    {
        "phase": "N/A",
        "source_file": "            ier.cpp",
        "source_line_no": "1",
        "line_no": 934,
        "repeat_count": 0,
        "start": 928,
        "end": 941,
        "text": "ier.cpp:183:16: error: too many arguments to function 'void conduit",
        "pre_context": "     629    /tmp/koparasy/spack-stage/spack-stage-ascent-develop-45fl7b625yz4wi\n            orvfukn2oktlws4lmf/spack-src/src/ascent/runtimes/ascent_transmogrif\n            ier.cpp: In static member function 'static void ascent::Transmogrif\n            ier::to_poly(conduit::Node&, conduit::Node&)':\n  >> 630    /tmp/koparasy/spack-stage/spack-stage-ascent-develop-45fl7b625yz4wi\n            orvfukn2oktlws4lmf/spack-src/src/ascent/runtimes/ascent_transmogrif",
        "post_context": "            ::blueprint::mesh::topology::unstructured::generate_sides(const con\n            duit::Node&, conduit::Node&, conduit::Node&, conduit::Node&, condui\n            t::Node&)'\n     631             options);\n     632                    ^\n     633    In file included from /p/vast1/koparasy/BUILD/spack_cluster_install",
        "id": 198529,
        "label": "dinos-error"
    },
    {
        "phase": "N/A",
        "source_file": "            ier.cpp",
        "source_line_no": "1",
        "line_no": 1030,
        "repeat_count": 0,
        "start": 1024,
        "end": 1037,
        "text": "ier.cpp:183:16: error: too many arguments to function 'void conduit",
        "pre_context": "     642    /tmp/koparasy/spack-stage/spack-stage-ascent-develop-45fl7b625yz4wi\n            orvfukn2oktlws4lmf/spack-src/src/ascent/runtimes/ascent_transmogrif\n            ier.cpp: In static member function 'static void ascent::Transmogrif\n            ier::to_poly(conduit::Node&, conduit::Node&)':\n  >> 643    /tmp/koparasy/spack-stage/spack-stage-ascent-develop-45fl7b625yz4wi\n            orvfukn2oktlws4lmf/spack-src/src/ascent/runtimes/ascent_transmogrif",
        "post_context": "            ::blueprint::mesh::topology::unstructured::generate_sides(const con\n            duit::Node&, conduit::Node&, conduit::Node&, conduit::Node&, condui\n            t::Node&)'\n     644             options);\n     645                    ^\n     646    In file included from /p/vast1/koparasy/BUILD/spack_cluster_install",
        "id": 198530,
        "label": "dinos-error"
    },
    {
        "phase": "N/A",
        "source_file": "            ier.cpp",
        "source_line_no": "1",
        "line_no": 874,
        "repeat_count": 0,
        "start": 868,
        "end": 881,
        "text": "ier.cpp:183:16: error: too many arguments to function 'void conduit",
        "pre_context": "     603    /tmp/koparasy/spack-stage/spack-stage-ascent-develop-fn6xdxcpgpzy44\n            yer362od4hy3hrudbi/spack-src/src/ascent/runtimes/ascent_transmogrif\n            ier.cpp: In static member function 'static void ascent::Transmogrif\n            ier::to_poly(conduit::Node&, conduit::Node&)':\n  >> 604    /tmp/koparasy/spack-stage/spack-stage-ascent-develop-fn6xdxcpgpzy44\n            yer362od4hy3hrudbi/spack-src/src/ascent/runtimes/ascent_transmogrif",
        "post_context": "            ::blueprint::mesh::topology::unstructured::generate_sides(const con\n            duit::Node&, conduit::Node&, conduit::Node&, conduit::Node&, condui\n            t::Node&)'\n     605             options);\n     606                    ^\n     607    In file included from /p/vast1/koparasy/BUILD/spack_cluster_install",
        "id": 198864,
        "label": "dinos-error"
    },
    {
        "phase": "N/A",
        "source_file": "            ier.cpp",
        "source_line_no": "1",
        "line_no": 1047,
        "repeat_count": 0,
        "start": 1041,
        "end": 1054,
        "text": "ier.cpp:183:16: error: too many arguments to function 'void conduit",
        "pre_context": "     624    /tmp/koparasy/spack-stage/spack-stage-ascent-develop-fn6xdxcpgpzy44\n            yer362od4hy3hrudbi/spack-src/src/ascent/runtimes/ascent_transmogrif\n            ier.cpp: In static member function 'static void ascent::Transmogrif\n            ier::to_poly(conduit::Node&, conduit::Node&)':\n  >> 625    /tmp/koparasy/spack-stage/spack-stage-ascent-develop-fn6xdxcpgpzy44\n            yer362od4hy3hrudbi/spack-src/src/ascent/runtimes/ascent_transmogrif",
        "post_context": "            ::blueprint::mesh::topology::unstructured::generate_sides(const con\n            duit::Node&, conduit::Node&, conduit::Node&, conduit::Node&, condui\n            t::Node&)'\n     626             options);\n     627                    ^\n     628    In file included from /p/vast1/koparasy/BUILD/spack_cluster_install",
        "id": 198865,
        "label": "dinos-error"
    },
    {
        "phase": "N/A",
        "source_file": "            ier.cpp",
        "source_line_no": "1",
        "line_no": 810,
        "repeat_count": 0,
        "start": 804,
        "end": 817,
        "text": "ier.cpp:183:16: error: too many arguments to function 'void conduit",
        "pre_context": "     617    /tmp/koparasy/spack-stage/spack-stage-ascent-develop-fn6xdxcpgpzy44\n            yer362od4hy3hrudbi/spack-src/src/ascent/runtimes/ascent_transmogrif\n            ier.cpp: In static member function 'static void ascent::Transmogrif\n            ier::to_poly(conduit::Node&, conduit::Node&)':\n  >> 618    /tmp/koparasy/spack-stage/spack-stage-ascent-develop-fn6xdxcpgpzy44\n            yer362od4hy3hrudbi/spack-src/src/ascent/runtimes/ascent_transmogrif",
        "post_context": "            ::blueprint::mesh::topology::unstructured::generate_sides(const con\n            duit::Node&, conduit::Node&, conduit::Node&, conduit::Node&, condui\n            t::Node&)'\n     619             options);\n     620                    ^\n     621    In file included from /p/vast1/koparasy/BUILD/spack_cluster_install",
        "id": 200908,
        "label": "dinos-error"
    },
    {
        "phase": "N/A",
        "source_file": "            ier.cpp",
        "source_line_no": "1",
        "line_no": 979,
        "repeat_count": 0,
        "start": 973,
        "end": 986,
        "text": "ier.cpp:183:16: error: too many arguments to function 'void conduit",
        "pre_context": "     638    /tmp/koparasy/spack-stage/spack-stage-ascent-develop-fn6xdxcpgpzy44\n            yer362od4hy3hrudbi/spack-src/src/ascent/runtimes/ascent_transmogrif\n            ier.cpp: In static member function 'static void ascent::Transmogrif\n            ier::to_poly(conduit::Node&, conduit::Node&)':\n  >> 639    /tmp/koparasy/spack-stage/spack-stage-ascent-develop-fn6xdxcpgpzy44\n            yer362od4hy3hrudbi/spack-src/src/ascent/runtimes/ascent_transmogrif",
        "post_context": "            ::blueprint::mesh::topology::unstructured::generate_sides(const con\n            duit::Node&, conduit::Node&, conduit::Node&, conduit::Node&, condui\n            t::Node&)'\n     640             options);\n     641                    ^\n     642    In file included from /p/vast1/koparasy/BUILD/spack_cluster_install",
        "id": 200909,
        "label": "dinos-error"
    },
    {
        "phase": "N/A",
        "source_file": "            ier.cpp",
        "source_line_no": "1",
        "line_no": 810,
        "repeat_count": 0,
        "start": 804,
        "end": 817,
        "text": "ier.cpp:183:16: error: too many arguments to function 'void conduit",
        "pre_context": "     606    /tmp/koparasy/spack-stage/spack-stage-ascent-develop-futjtglq2j5try\n            5x2gug2spoidzrjnlk/spack-src/src/ascent/runtimes/ascent_transmogrif\n            ier.cpp: In static member function 'static void ascent::Transmogrif\n            ier::to_poly(conduit::Node&, conduit::Node&)':\n  >> 607    /tmp/koparasy/spack-stage/spack-stage-ascent-develop-futjtglq2j5try\n            5x2gug2spoidzrjnlk/spack-src/src/ascent/runtimes/ascent_transmogrif",
        "post_context": "            ::blueprint::mesh::topology::unstructured::generate_sides(const con\n            duit::Node&, conduit::Node&, conduit::Node&, conduit::Node&, condui\n            t::Node&)'\n     608             options);\n     609                    ^\n     610    In file included from /p/vast1/koparasy/BUILD/spack_cluster_install",
        "id": 201015,
        "label": "dinos-error"
    },
    {
        "phase": "N/A",
        "source_file": "            ier.cpp",
        "source_line_no": "1",
        "line_no": 942,
        "repeat_count": 0,
        "start": 936,
        "end": 949,
        "text": "ier.cpp:183:16: error: too many arguments to function 'void conduit",
        "pre_context": "     646    /tmp/koparasy/spack-stage/spack-stage-ascent-develop-futjtglq2j5try\n            5x2gug2spoidzrjnlk/spack-src/src/ascent/runtimes/ascent_transmogrif\n            ier.cpp: In static member function 'static void ascent::Transmogrif\n            ier::to_poly(conduit::Node&, conduit::Node&)':\n  >> 647    /tmp/koparasy/spack-stage/spack-stage-ascent-develop-futjtglq2j5try\n            5x2gug2spoidzrjnlk/spack-src/src/ascent/runtimes/ascent_transmogrif",
        "post_context": "            ::blueprint::mesh::topology::unstructured::generate_sides(const con\n            duit::Node&, conduit::Node&, conduit::Node&, conduit::Node&, condui\n            t::Node&)'\n     648             options);\n     649                    ^\n     650    In file included from /p/vast1/koparasy/BUILD/spack_cluster_install",
        "id": 201016,
        "label": "dinos-error"
    },
    {
        "phase": "N/A",
        "source_file": "            ier.cpp",
        "source_line_no": "1",
        "line_no": 989,
        "repeat_count": 0,
        "start": 983,
        "end": 996,
        "text": "ier.cpp:183:16: error: too many arguments to function 'void conduit",
        "pre_context": "     603    /tmp/koparasy/spack-stage/spack-stage-ascent-develop-nyq2un7r7cvcol\n            j5wum7zyyr6dtg2ube/spack-src/src/ascent/runtimes/ascent_transmogrif\n            ier.cpp: In static member function 'static void ascent::Transmogrif\n            ier::to_poly(conduit::Node&, conduit::Node&)':\n  >> 604    /tmp/koparasy/spack-stage/spack-stage-ascent-develop-nyq2un7r7cvcol\n            j5wum7zyyr6dtg2ube/spack-src/src/ascent/runtimes/ascent_transmogrif",
        "post_context": "            ::blueprint::mesh::topology::unstructured::generate_sides(const con\n            duit::Node&, conduit::Node&, conduit::Node&, conduit::Node&, condui\n            t::Node&)'\n     605             options);\n     606                    ^\n     607    In file included from /p/vast1/koparasy/BUILD/spack_cluster_install",
        "id": 201313,
        "label": "dinos-error"
    },
    {
        "phase": "N/A",
        "source_file": "            ier.cpp",
        "source_line_no": "1",
        "line_no": 1159,
        "repeat_count": 0,
        "start": 1153,
        "end": 1166,
        "text": "ier.cpp:183:16: error: too many arguments to function 'void conduit",
        "pre_context": "     632    /tmp/koparasy/spack-stage/spack-stage-ascent-develop-nyq2un7r7cvcol\n            j5wum7zyyr6dtg2ube/spack-src/src/ascent/runtimes/ascent_transmogrif\n            ier.cpp: In static member function 'static void ascent::Transmogrif\n            ier::to_poly(conduit::Node&, conduit::Node&)':\n  >> 633    /tmp/koparasy/spack-stage/spack-stage-ascent-develop-nyq2un7r7cvcol\n            j5wum7zyyr6dtg2ube/spack-src/src/ascent/runtimes/ascent_transmogrif",
        "post_context": "            ::blueprint::mesh::topology::unstructured::generate_sides(const con\n            duit::Node&, conduit::Node&, conduit::Node&, conduit::Node&, condui\n            t::Node&)'\n     634             options);\n     635                    ^\n     636    In file included from /p/vast1/koparasy/BUILD/spack_cluster_install",
        "id": 201314,
        "label": "dinos-error"
    },
    {
        "phase": "N/A",
        "source_file": "            ier.cpp",
        "source_line_no": "1",
        "line_no": 884,
        "repeat_count": 0,
        "start": 878,
        "end": 891,
        "text": "ier.cpp:183:16: error: too many arguments to function 'void conduit",
        "pre_context": "     603    /tmp/koparasy/spack-stage/spack-stage-ascent-develop-2lro5jkphoq4it\n            tcbfsh4t43swik73bi/spack-src/src/ascent/runtimes/ascent_transmogrif\n            ier.cpp: In static member function 'static void ascent::Transmogrif\n            ier::to_poly(conduit::Node&, conduit::Node&)':\n  >> 604    /tmp/koparasy/spack-stage/spack-stage-ascent-develop-2lro5jkphoq4it\n            tcbfsh4t43swik73bi/spack-src/src/ascent/runtimes/ascent_transmogrif",
        "post_context": "            ::blueprint::mesh::topology::unstructured::generate_sides(const con\n            duit::Node&, conduit::Node&, conduit::Node&, conduit::Node&, condui\n            t::Node&)'\n     605             options);\n     606                    ^\n     607    In file included from /p/vast1/koparasy/BUILD/spack_cluster_install",
        "id": 201559,
        "label": "dinos-error"
    },
    {
        "phase": "N/A",
        "source_file": "            ier.cpp",
        "source_line_no": "1",
        "line_no": 1121,
        "repeat_count": 0,
        "start": 1115,
        "end": 1128,
        "text": "ier.cpp:183:16: error: too many arguments to function 'void conduit",
        "pre_context": "     640    /tmp/koparasy/spack-stage/spack-stage-ascent-develop-2lro5jkphoq4it\n            tcbfsh4t43swik73bi/spack-src/src/ascent/runtimes/ascent_transmogrif\n            ier.cpp: In static member function 'static void ascent::Transmogrif\n            ier::to_poly(conduit::Node&, conduit::Node&)':\n  >> 641    /tmp/koparasy/spack-stage/spack-stage-ascent-develop-2lro5jkphoq4it\n            tcbfsh4t43swik73bi/spack-src/src/ascent/runtimes/ascent_transmogrif",
        "post_context": "            ::blueprint::mesh::topology::unstructured::generate_sides(const con\n            duit::Node&, conduit::Node&, conduit::Node&, conduit::Node&, condui\n            t::Node&)'\n     642             options);\n     643                    ^\n     644    In file included from /p/vast1/koparasy/BUILD/spack_cluster_install",
        "id": 201560,
        "label": "dinos-error"
    }
]