[
    {
        "id": 8771,
        "phase": 33835,
        "source_file": "/tmp/root/spack-stage/spack-stage-tasmanian-7.0-tdni7azeovhbcofodt2i5j4jrocyl3vn/spack-src/SparseGrids/tsgGridLocalPolynomial.hpp",
        "source_line_no": 7,
        "line_no": 70,
        "repeat_count": 0,
        "start": 64,
        "end": 77,
        "text": "/tmp/root/spack-stage/spack-stage-tasmanian-7.0-tdni7azeovhbcofodt2i5j4jrocyl3vn/spack-src/SparseGrids/tsgGridLocalPolynomial.hpp:70:42: error: 'rule' was not declared in this scope",
        "pre_context": "In file included from /tmp/root/spack-stage/spack-stage-tasmanian-7.0-tdni7azeovhbcofodt2i5j4jrocyl3vn/spack-src/SparseGrids/TasmanianSparseGrid.hpp:46:0,\n                 from /tmp/root/spack-stage/spack-stage-tasmanian-7.0-tdni7azeovhbcofodt2i5j4jrocyl3vn/spack-src/SparseGrids/TasmanianSparseGrid.cpp:34:\n/tmp/root/spack-stage/spack-stage-tasmanian-7.0-tdni7azeovhbcofodt2i5j4jrocyl3vn/spack-src/SparseGrids/tsgGridGlobal.hpp:165:10: error: 'unique_ptr' in namespace 'std' does not name a template type\n     std::unique_ptr<DynamicConstructorDataGlobal> dynamic_values;\n          ^\n/tmp/root/spack-stage/spack-stage-tasmanian-7.0-tdni7azeovhbcofodt2i5j4jrocyl3vn/spack-src/SparseGrids/tsgGridLocalPolynomial.hpp: In member function 'virtual TasGrid::TypeOneDRule TasGrid::GridLocalPolynomial::getRule() const':",
        "post_context": "     TypeOneDRule getRule() const{ return rule->getType(); }\n                                          ^\nIn file included from /tmp/root/spack-stage/spack-stage-tasmanian-7.0-tdni7azeovhbcofodt2i5j4jrocyl3vn/spack-src/SparseGrids/TasmanianSparseGrid.hpp:47:0,\n                 from /tmp/root/spack-stage/spack-stage-tasmanian-7.0-tdni7azeovhbcofodt2i5j4jrocyl3vn/spack-src/SparseGrids/TasmanianSparseGrid.cpp:34:\n/tmp/root/spack-stage/spack-stage-tasmanian-7.0-tdni7azeovhbcofodt2i5j4jrocyl3vn/spack-src/SparseGrids/tsgGridLocalPolynomial.hpp:364:10: error: 'unique_ptr' in namespace 'std' does not name a template type\n     std::unique_ptr<BaseRuleLocalPolynomial> rule;",
        "add_date": "2022-02-03T08:09:05.609324Z",
        "modify_date": "2022-02-03T08:09:05.609338Z",
        "label": "build-error",
        "spack-monitor-label": "error"
    },
    {
        "id": 8775,
        "phase": 33835,
        "source_file": "/tmp/root/spack-stage/spack-stage-tasmanian-7.0-tdni7azeovhbcofodt2i5j4jrocyl3vn/spack-src/SparseGrids/tsgGridLocalPolynomial.hpp",
        "source_line_no": 7,
        "line_no": 88,
        "repeat_count": 0,
        "start": 82,
        "end": 95,
        "text": "/tmp/root/spack-stage/spack-stage-tasmanian-7.0-tdni7azeovhbcofodt2i5j4jrocyl3vn/spack-src/SparseGrids/tsgGridLocalPolynomial.hpp:70:42: error: 'rule' was not declared in this scope",
        "pre_context": "                 from /tmp/root/spack-stage/spack-stage-tasmanian-7.0-tdni7azeovhbcofodt2i5j4jrocyl3vn/spack-src/SparseGrids/TasmanianSparseGrid.cpp:34:\n/tmp/root/spack-stage/spack-stage-tasmanian-7.0-tdni7azeovhbcofodt2i5j4jrocyl3vn/spack-src/SparseGrids/tsgGridWavelet.hpp: At global scope:\n/tmp/root/spack-stage/spack-stage-tasmanian-7.0-tdni7azeovhbcofodt2i5j4jrocyl3vn/spack-src/SparseGrids/tsgGridWavelet.hpp:144:10: error: 'unique_ptr' in namespace 'std' does not name a template type\n     std::unique_ptr<SimpleConstructData> dynamic_values;\n          ^\n/tmp/root/spack-stage/spack-stage-tasmanian-7.0-tdni7azeovhbcofodt2i5j4jrocyl3vn/spack-src/SparseGrids/tsgGridLocalPolynomial.hpp: In member function 'virtual TasGrid::TypeOneDRule TasGrid::GridLocalPolynomial::getRule() const':",
        "post_context": "     TypeOneDRule getRule() const{ return rule->getType(); }\n                                          ^\nIn file included from /tmp/root/spack-stage/spack-stage-tasmanian-7.0-tdni7azeovhbcofodt2i5j4jrocyl3vn/spack-src/SparseGrids/TasmanianSparseGrid.hpp:49:0,\n                 from /tmp/root/spack-stage/spack-stage-tasmanian-7.0-tdni7azeovhbcofodt2i5j4jrocyl3vn/spack-src/SparseGrids/TasmanianSparseGrid.cpp:34:\n/tmp/root/spack-stage/spack-stage-tasmanian-7.0-tdni7azeovhbcofodt2i5j4jrocyl3vn/spack-src/SparseGrids/tsgGridFourier.hpp:224:10: error: 'unique_ptr' in namespace 'std' does not name a template type\n     std::unique_ptr<DynamicConstructorDataGlobal> dynamic_values;",
        "add_date": "2022-02-03T08:09:05.617291Z",
        "modify_date": "2022-02-03T08:09:05.617303Z",
        "label": "build-error",
        "spack-monitor-label": "error"
    },
    {
        "id": 9127,
        "phase": 33835,
        "source_file": "/tmp/root/spack-stage/spack-stage-tasmanian-7.0-tdni7azeovhbcofodt2i5j4jrocyl3vn/spack-src/SparseGrids/tsgGridLocalPolynomial.hpp",
        "source_line_no": 7,
        "line_no": 1304,
        "repeat_count": 0,
        "start": 1298,
        "end": 1311,
        "text": "/tmp/root/spack-stage/spack-stage-tasmanian-7.0-tdni7azeovhbcofodt2i5j4jrocyl3vn/spack-src/SparseGrids/tsgGridLocalPolynomial.hpp:70:42: error: 'rule' was not declared in this scope",
        "pre_context": "     std::unique_ptr<BaseRuleLocalPolynomial> rule;\n          ^\n/tmp/root/spack-stage/spack-stage-tasmanian-7.0-tdni7azeovhbcofodt2i5j4jrocyl3vn/spack-src/SparseGrids/tsgGridLocalPolynomial.hpp:368:10: error: 'unique_ptr' in namespace 'std' does not name a template type\n     std::unique_ptr<SimpleConstructData> dynamic_values;\n          ^\n/tmp/root/spack-stage/spack-stage-tasmanian-7.0-tdni7azeovhbcofodt2i5j4jrocyl3vn/spack-src/SparseGrids/tsgGridLocalPolynomial.hpp: In member function 'virtual TasGrid::TypeOneDRule TasGrid::GridLocalPolynomial::getRule() const':",
        "post_context": "     TypeOneDRule getRule() const{ return rule->getType(); }\n                                          ^\nIn file included from /tmp/root/spack-stage/spack-stage-tasmanian-7.0-tdni7azeovhbcofodt2i5j4jrocyl3vn/spack-src/SparseGrids/TasmanianSparseGrid.hpp:48:0,\n                 from /tmp/root/spack-stage/spack-stage-tasmanian-7.0-tdni7azeovhbcofodt2i5j4jrocyl3vn/spack-src/SparseGrids/TasmanianSparseGridWrapC.cpp:34:\n/tmp/root/spack-stage/spack-stage-tasmanian-7.0-tdni7azeovhbcofodt2i5j4jrocyl3vn/spack-src/SparseGrids/tsgGridWavelet.hpp: At global scope:\n/tmp/root/spack-stage/spack-stage-tasmanian-7.0-tdni7azeovhbcofodt2i5j4jrocyl3vn/spack-src/SparseGrids/tsgGridWavelet.hpp:144:10: error: 'unique_ptr' in namespace 'std' does not name a template type",
        "add_date": "2022-02-03T08:09:06.328326Z",
        "modify_date": "2022-02-03T08:09:06.328339Z",
        "label": "build-error",
        "spack-monitor-label": "error"
    },
    {
        "id": 9163,
        "phase": 33944,
        "source_file": "/tmp/root/spack-stage/spack-stage-tasmanian-7.0-edyszlv3ofqla5lquxqs2qimbwxwtzrj/spack-src/SparseGrids/tsgGridLocalPolynomial.hpp",
        "source_line_no": 7,
        "line_no": 70,
        "repeat_count": 0,
        "start": 64,
        "end": 77,
        "text": "/tmp/root/spack-stage/spack-stage-tasmanian-7.0-edyszlv3ofqla5lquxqs2qimbwxwtzrj/spack-src/SparseGrids/tsgGridLocalPolynomial.hpp:70:42: error: 'rule' was not declared in this scope",
        "pre_context": "In file included from /tmp/root/spack-stage/spack-stage-tasmanian-7.0-edyszlv3ofqla5lquxqs2qimbwxwtzrj/spack-src/SparseGrids/TasmanianSparseGrid.hpp:46:0,\n                 from /tmp/root/spack-stage/spack-stage-tasmanian-7.0-edyszlv3ofqla5lquxqs2qimbwxwtzrj/spack-src/SparseGrids/TasmanianSparseGrid.cpp:34:\n/tmp/root/spack-stage/spack-stage-tasmanian-7.0-edyszlv3ofqla5lquxqs2qimbwxwtzrj/spack-src/SparseGrids/tsgGridGlobal.hpp:165:10: error: 'unique_ptr' in namespace 'std' does not name a template type\n     std::unique_ptr<DynamicConstructorDataGlobal> dynamic_values;\n          ^\n/tmp/root/spack-stage/spack-stage-tasmanian-7.0-edyszlv3ofqla5lquxqs2qimbwxwtzrj/spack-src/SparseGrids/tsgGridLocalPolynomial.hpp: In member function 'virtual TasGrid::TypeOneDRule TasGrid::GridLocalPolynomial::getRule() const':",
        "post_context": "     TypeOneDRule getRule() const{ return rule->getType(); }\n                                          ^\nIn file included from /tmp/root/spack-stage/spack-stage-tasmanian-7.0-edyszlv3ofqla5lquxqs2qimbwxwtzrj/spack-src/SparseGrids/TasmanianSparseGrid.hpp:47:0,\n                 from /tmp/root/spack-stage/spack-stage-tasmanian-7.0-edyszlv3ofqla5lquxqs2qimbwxwtzrj/spack-src/SparseGrids/TasmanianSparseGrid.cpp:34:\n/tmp/root/spack-stage/spack-stage-tasmanian-7.0-edyszlv3ofqla5lquxqs2qimbwxwtzrj/spack-src/SparseGrids/tsgGridLocalPolynomial.hpp:364:10: error: 'unique_ptr' in namespace 'std' does not name a template type\n     std::unique_ptr<BaseRuleLocalPolynomial> rule;",
        "add_date": "2022-02-03T08:09:06.918049Z",
        "modify_date": "2022-02-03T08:09:06.918065Z",
        "label": "build-error",
        "spack-monitor-label": "error"
    },
    {
        "id": 9166,
        "phase": 33944,
        "source_file": "/tmp/root/spack-stage/spack-stage-tasmanian-7.0-edyszlv3ofqla5lquxqs2qimbwxwtzrj/spack-src/SparseGrids/tsgGridLocalPolynomial.hpp",
        "source_line_no": 7,
        "line_no": 82,
        "repeat_count": 0,
        "start": 76,
        "end": 89,
        "text": "/tmp/root/spack-stage/spack-stage-tasmanian-7.0-edyszlv3ofqla5lquxqs2qimbwxwtzrj/spack-src/SparseGrids/tsgGridLocalPolynomial.hpp:70:42: error: 'rule' was not declared in this scope",
        "pre_context": "     std::unique_ptr<BaseRuleLocalPolynomial> rule;\n          ^\n/tmp/root/spack-stage/spack-stage-tasmanian-7.0-edyszlv3ofqla5lquxqs2qimbwxwtzrj/spack-src/SparseGrids/tsgGridLocalPolynomial.hpp:368:10: error: 'unique_ptr' in namespace 'std' does not name a template type\n     std::unique_ptr<SimpleConstructData> dynamic_values;\n          ^\n/tmp/root/spack-stage/spack-stage-tasmanian-7.0-edyszlv3ofqla5lquxqs2qimbwxwtzrj/spack-src/SparseGrids/tsgGridLocalPolynomial.hpp: In member function 'virtual TasGrid::TypeOneDRule TasGrid::GridLocalPolynomial::getRule() const':",
        "post_context": "     TypeOneDRule getRule() const{ return rule->getType(); }\n                                          ^\nIn file included from /tmp/root/spack-stage/spack-stage-tasmanian-7.0-edyszlv3ofqla5lquxqs2qimbwxwtzrj/spack-src/SparseGrids/TasmanianSparseGrid.hpp:48:0,\n                 from /tmp/root/spack-stage/spack-stage-tasmanian-7.0-edyszlv3ofqla5lquxqs2qimbwxwtzrj/spack-src/SparseGrids/TasmanianSparseGrid.cpp:34:\n/tmp/root/spack-stage/spack-stage-tasmanian-7.0-edyszlv3ofqla5lquxqs2qimbwxwtzrj/spack-src/SparseGrids/tsgGridWavelet.hpp: At global scope:\n/tmp/root/spack-stage/spack-stage-tasmanian-7.0-edyszlv3ofqla5lquxqs2qimbwxwtzrj/spack-src/SparseGrids/tsgGridWavelet.hpp:144:10: error: 'unique_ptr' in namespace 'std' does not name a template type",
        "add_date": "2022-02-03T08:09:06.923036Z",
        "modify_date": "2022-02-03T08:09:06.923049Z",
        "label": "build-error",
        "spack-monitor-label": "error"
    },
    {
        "id": 9519,
        "phase": 33944,
        "source_file": "/tmp/root/spack-stage/spack-stage-tasmanian-7.0-edyszlv3ofqla5lquxqs2qimbwxwtzrj/spack-src/SparseGrids/tsgGridLocalPolynomial.hpp",
        "source_line_no": 7,
        "line_no": 1304,
        "repeat_count": 0,
        "start": 1298,
        "end": 1311,
        "text": "/tmp/root/spack-stage/spack-stage-tasmanian-7.0-edyszlv3ofqla5lquxqs2qimbwxwtzrj/spack-src/SparseGrids/tsgGridLocalPolynomial.hpp:70:42: error: 'rule' was not declared in this scope",
        "pre_context": "     std::unique_ptr<BaseRuleLocalPolynomial> rule;\n          ^\n/tmp/root/spack-stage/spack-stage-tasmanian-7.0-edyszlv3ofqla5lquxqs2qimbwxwtzrj/spack-src/SparseGrids/tsgGridLocalPolynomial.hpp:368:10: error: 'unique_ptr' in namespace 'std' does not name a template type\n     std::unique_ptr<SimpleConstructData> dynamic_values;\n          ^\n/tmp/root/spack-stage/spack-stage-tasmanian-7.0-edyszlv3ofqla5lquxqs2qimbwxwtzrj/spack-src/SparseGrids/tsgGridLocalPolynomial.hpp: In member function 'virtual TasGrid::TypeOneDRule TasGrid::GridLocalPolynomial::getRule() const':",
        "post_context": "     TypeOneDRule getRule() const{ return rule->getType(); }\n                                          ^\nIn file included from /tmp/root/spack-stage/spack-stage-tasmanian-7.0-edyszlv3ofqla5lquxqs2qimbwxwtzrj/spack-src/SparseGrids/TasmanianSparseGrid.hpp:48:0,\n                 from /tmp/root/spack-stage/spack-stage-tasmanian-7.0-edyszlv3ofqla5lquxqs2qimbwxwtzrj/spack-src/SparseGrids/TasmanianSparseGridWrapC.cpp:34:\n/tmp/root/spack-stage/spack-stage-tasmanian-7.0-edyszlv3ofqla5lquxqs2qimbwxwtzrj/spack-src/SparseGrids/tsgGridWavelet.hpp: At global scope:\n/tmp/root/spack-stage/spack-stage-tasmanian-7.0-edyszlv3ofqla5lquxqs2qimbwxwtzrj/spack-src/SparseGrids/tsgGridWavelet.hpp:144:10: error: 'unique_ptr' in namespace 'std' does not name a template type",
        "add_date": "2022-02-03T08:09:07.618107Z",
        "modify_date": "2022-02-03T08:09:07.618122Z",
        "label": "build-error",
        "spack-monitor-label": "error"
    },
    {
        "id": 10684,
        "phase": 38668,
        "source_file": "/usr/include/c++/4.8.2/atomic",
        "source_line_no": 7,
        "line_no": 1980,
        "repeat_count": 0,
        "start": 1974,
        "end": 1987,
        "text": "/usr/include/c++/4.8.2/atomic:728:5: error: expected class-name before '{' token",
        "pre_context": "/usr/include/c++/4.8.2/atomic:727:27: error: template argument 1 is invalid\n     struct atomic<char16_t> : public atomic_char16_t\n                           ^\n/usr/include/c++/4.8.2/bits/atomic_base.h:869:44: error: expected ';' at end of member declaration\n   memory_order __m = memory_order_seq_cst) volatile noexcept\n                                            ^",
        "post_context": "     {\n     ^\n/usr/include/c++/4.8.2/atomic:746:19: error: 'char32_t' was not declared in this scope\n     struct atomic<char32_t> : public atomic_char32_t\n                   ^\n/usr/include/c++/4.8.2/bits/atomic_base.h:869:53: error: 'noexcept' does not name a type",
        "add_date": "2022-02-03T08:09:32.803618Z",
        "modify_date": "2022-02-03T08:09:32.803631Z",
        "label": "build-error",
        "spack-monitor-label": "error"
    },
    {
        "id": 10688,
        "phase": 38668,
        "source_file": "/usr/include/c++/4.8.2/atomic",
        "source_line_no": 7,
        "line_no": 1992,
        "repeat_count": 0,
        "start": 1986,
        "end": 1999,
        "text": "/usr/include/c++/4.8.2/atomic:747:5: error: expected class-name before '{' token",
        "pre_context": "/usr/include/c++/4.8.2/bits/atomic_base.h:869:53: error: 'noexcept' does not name a type\n   memory_order __m = memory_order_seq_cst) volatile noexcept\n                                                     ^\n/usr/include/c++/4.8.2/atomic:746:27: error: template argument 1 is invalid\n     struct atomic<char32_t> : public atomic_char32_t\n                           ^",
        "post_context": "     {\n     ^\n/usr/include/c++/4.8.2/atomic:767:27: error: expected initializer before 'noexcept'\n         memory_order __m) noexcept\n                           ^\n/usr/include/c++/4.8.2/bits/atomic_base.h:874:42: error: expected ';' at end of member declaration",
        "add_date": "2022-02-03T08:09:32.809968Z",
        "modify_date": "2022-02-03T08:09:32.809980Z",
        "label": "build-error",
        "spack-monitor-label": "error"
    },
    {
        "id": 11020,
        "phase": 38668,
        "source_file": "/usr/include/c++/4.8.2/atomic",
        "source_line_no": 7,
        "line_no": 3013,
        "repeat_count": 0,
        "start": 3007,
        "end": 3020,
        "text": "/usr/include/c++/4.8.2/atomic:728:5: error: expected class-name before '{' token",
        "pre_context": "/tmp/root/spack-stage/spack-stage-bolt-main-kugfhoudygfgwdji33hbf6cxehe2ph7j/spack-src/runtime/src/kmp.h:4201:67: error: provided for 'template<class SourceType, class TargetType> struct kmp_convert'\n struct kmp_convert<SourceType, TargetType, true, false, true, true> {\n                                                                   ^\n/usr/include/c++/4.8.2/atomic:727:27: error: template argument 1 is invalid\n     struct atomic<char16_t> : public atomic_char16_t\n                           ^",
        "post_context": "     {\n     ^\n/usr/include/c++/4.8.2/atomic:746:19: error: 'char32_t' was not declared in this scope\n     struct atomic<char32_t> : public atomic_char32_t\n                   ^\n/tmp/root/spack-stage/spack-stage-bolt-main-kugfhoudygfgwdji33hbf6cxehe2ph7j/spack-src/runtime/src/kmp.h:4252:68: error: wrong number of template arguments (6, should be 2)",
        "add_date": "2022-02-03T08:09:33.418015Z",
        "modify_date": "2022-02-03T08:09:33.418028Z",
        "label": "build-error",
        "spack-monitor-label": "error"
    },
    {
        "id": 11024,
        "phase": 38668,
        "source_file": "/usr/include/c++/4.8.2/atomic",
        "source_line_no": 7,
        "line_no": 3025,
        "repeat_count": 0,
        "start": 3019,
        "end": 3032,
        "text": "/usr/include/c++/4.8.2/atomic:747:5: error: expected class-name before '{' token",
        "pre_context": "/tmp/root/spack-stage/spack-stage-bolt-main-kugfhoudygfgwdji33hbf6cxehe2ph7j/spack-src/runtime/src/kmp.h:4252:68: error: wrong number of template arguments (6, should be 2)\n struct kmp_convert<SourceType, TargetType, true, false, false, true> {\n                                                                    ^\n/usr/include/c++/4.8.2/atomic:746:27: error: template argument 1 is invalid\n     struct atomic<char32_t> : public atomic_char32_t\n                           ^",
        "post_context": "     {\n     ^\n/usr/include/c++/4.8.2/atomic:767:27: error: expected initializer before 'noexcept'\n         memory_order __m) noexcept\n                           ^\n/usr/include/c++/4.8.2/atomic:772:27: error: expected initializer before 'noexcept'",
        "add_date": "2022-02-03T08:09:33.424997Z",
        "modify_date": "2022-02-03T08:09:33.425011Z",
        "label": "build-error",
        "spack-monitor-label": "error"
    },
    {
        "id": 12335,
        "phase": 38678,
        "source_file": "/usr/include/c++/4.8.2/atomic",
        "source_line_no": 7,
        "line_no": 2919,
        "repeat_count": 0,
        "start": 2913,
        "end": 2926,
        "text": "/usr/include/c++/4.8.2/atomic:747:5: error: expected class-name before '{' token",
        "pre_context": "/usr/include/c++/4.8.2/atomic:746:19: error: 'char32_t' was not declared in this scope\n     struct atomic<char32_t> : public atomic_char32_t\n                   ^\n/usr/include/c++/4.8.2/atomic:746:27: error: template argument 1 is invalid\n     struct atomic<char32_t> : public atomic_char32_t\n                           ^",
        "post_context": "     {\n     ^\n/usr/include/c++/4.8.2/atomic:767:27: error: expected initializer before 'noexcept'\n         memory_order __m) noexcept\n                           ^\n/usr/include/c++/4.8.2/atomic:772:27: error: expected initializer before 'noexcept'",
        "add_date": "2022-02-03T08:09:39.712121Z",
        "modify_date": "2022-02-03T08:09:39.712135Z",
        "label": "build-error",
        "spack-monitor-label": "error"
    },
    {
        "id": 12242,
        "phase": 38678,
        "source_file": "/usr/include/c++/4.8.2/atomic",
        "source_line_no": 7,
        "line_no": 2635,
        "repeat_count": 0,
        "start": 2629,
        "end": 2642,
        "text": "/usr/include/c++/4.8.2/atomic:728:5: error: expected class-name before '{' token",
        "pre_context": "/usr/include/c++/4.8.2/atomic:727:19: error: 'char16_t' was not declared in this scope\n     struct atomic<char16_t> : public atomic_char16_t\n                   ^\n/usr/include/c++/4.8.2/atomic:727:27: error: template argument 1 is invalid\n     struct atomic<char16_t> : public atomic_char16_t\n                           ^",
        "post_context": "     {\n     ^\n/usr/include/c++/4.8.2/atomic:637:16: error: 'noexcept' does not name a type\n       atomic() noexcept = default;\n                ^\n/usr/include/c++/4.8.2/atomic:746:19: error: 'char32_t' was not declared in this scope",
        "add_date": "2022-02-03T08:09:39.543170Z",
        "modify_date": "2022-02-03T08:09:39.543183Z",
        "label": "build-error",
        "spack-monitor-label": "error"
    },
    {
        "id": 12247,
        "phase": 38678,
        "source_file": "/usr/include/c++/4.8.2/atomic",
        "source_line_no": 7,
        "line_no": 2650,
        "repeat_count": 0,
        "start": 2644,
        "end": 2657,
        "text": "/usr/include/c++/4.8.2/atomic:747:5: error: expected class-name before '{' token",
        "pre_context": "/usr/include/c++/4.8.2/atomic:746:27: error: template argument 1 is invalid\n     struct atomic<char32_t> : public atomic_char32_t\n                           ^\n/usr/include/c++/4.8.2/atomic:638:15: error: expected ';' at end of member declaration\n       ~atomic() noexcept = default;\n               ^",
        "post_context": "     {\n     ^\n/usr/include/c++/4.8.2/atomic:767:27: error: expected initializer before 'noexcept'\n         memory_order __m) noexcept\n                           ^\n/usr/include/c++/4.8.2/atomic:638:17: error: 'noexcept' does not name a type",
        "add_date": "2022-02-03T08:09:39.551165Z",
        "modify_date": "2022-02-03T08:09:39.551177Z",
        "label": "build-error",
        "spack-monitor-label": "error"
    },
    {
        "id": 12332,
        "phase": 38678,
        "source_file": "/usr/include/c++/4.8.2/atomic",
        "source_line_no": 7,
        "line_no": 2910,
        "repeat_count": 0,
        "start": 2904,
        "end": 2917,
        "text": "/usr/include/c++/4.8.2/atomic:728:5: error: expected class-name before '{' token",
        "pre_context": "/usr/include/c++/4.8.2/atomic:727:19: error: 'char16_t' was not declared in this scope\n     struct atomic<char16_t> : public atomic_char16_t\n                   ^\n/usr/include/c++/4.8.2/atomic:727:27: error: template argument 1 is invalid\n     struct atomic<char16_t> : public atomic_char16_t\n                           ^",
        "post_context": "     {\n     ^\n/usr/include/c++/4.8.2/atomic:746:19: error: 'char32_t' was not declared in this scope\n     struct atomic<char32_t> : public atomic_char32_t\n                   ^\n/usr/include/c++/4.8.2/atomic:746:27: error: template argument 1 is invalid",
        "add_date": "2022-02-03T08:09:39.706299Z",
        "modify_date": "2022-02-03T08:09:39.706311Z",
        "label": "build-error",
        "spack-monitor-label": "error"
    },
    {
        "id": 12687,
        "phase": 39119,
        "source_file": "/tmp/root/spack-stage/spack-stage-bolt-2.0-xqbbivpf7dxynk75ngzwbhikzbyknmlh/spack-src/libomptarget/src/device.cpp",
        "source_line_no": 9,
        "line_no": 62,
        "repeat_count": 0,
        "start": 56,
        "end": 69,
        "text": "/tmp/root/spack-stage/spack-stage-bolt-2.0-xqbbivpf7dxynk75ngzwbhikzbyknmlh/spack-src/libomptarget/src/device.cpp:93:52: error: no matching function for call to 'std::set<HostDataToTargetTy, std::less<void> >::upper_bound(uintptr_t&)'",
        "pre_context": "/usr/local/include/c++/4.9.4/bits/stl_set.h:701:7: note:   no known conversion for argument 1 from 'uintptr_t {aka long unsigned int}' to 'const key_type& {aka const HostDataToTargetTy&}'\n/usr/local/include/c++/4.9.4/bits/stl_set.h:705:7: note: std::set<_Key, _Compare, _Alloc>::const_iterator std::set<_Key, _Compare, _Alloc>::find(const key_type&) const [with _Key = HostDataToTargetTy; _Compare = std::less<void>; _Alloc = std::allocator<HostDataToTargetTy>; std::set<_Key, _Compare, _Alloc>::const_iterator = std::_Rb_tree_const_iterator<HostDataToTargetTy>; std::set<_Key, _Compare, _Alloc>::key_type = HostDataToTargetTy]\n       find(const key_type& __x) const\n       ^\n/usr/local/include/c++/4.9.4/bits/stl_set.h:705:7: note:   no known conversion for argument 1 from 'uintptr_t {aka long unsigned int}' to 'const key_type& {aka const HostDataToTargetTy&}'\n/tmp/root/spack-stage/spack-stage-bolt-2.0-xqbbivpf7dxynk75ngzwbhikzbyknmlh/spack-src/libomptarget/src/device.cpp: In member function 'uint64_t DeviceTy::getMapEntryRefCnt(void*)':",
        "post_context": "     auto upper = HostDataToTargetMap.upper_bound(hp);\n                                                    ^\n/tmp/root/spack-stage/spack-stage-bolt-2.0-xqbbivpf7dxynk75ngzwbhikzbyknmlh/spack-src/libomptarget/src/device.cpp:93:52: note: candidates are:\nIn file included from /usr/local/include/c++/4.9.4/set:61:0,\n                 from /tmp/root/spack-stage/spack-stage-bolt-2.0-xqbbivpf7dxynk75ngzwbhikzbyknmlh/spack-src/libomptarget/src/device.h:21,\n                 from /tmp/root/spack-stage/spack-stage-bolt-2.0-xqbbivpf7dxynk75ngzwbhikzbyknmlh/spack-src/libomptarget/src/device.cpp:13:",
        "add_date": "2022-02-03T08:09:45.762092Z",
        "modify_date": "2022-02-03T08:09:45.762109Z",
        "label": "build-error",
        "spack-monitor-label": "error"
    },
    {
        "id": 12688,
        "phase": 39119,
        "source_file": "/tmp/root/spack-stage/spack-stage-bolt-2.0-xqbbivpf7dxynk75ngzwbhikzbyknmlh/spack-src/libomptarget/src/device.cpp",
        "source_line_no": 1,
        "line_no": 78,
        "repeat_count": 0,
        "start": 72,
        "end": 85,
        "text": "/tmp/root/spack-stage/spack-stage-bolt-2.0-xqbbivpf7dxynk75ngzwbhikzbyknmlh/spack-src/libomptarget/src/device.cpp:121:50: error: no matching function for call to 'std::set<HostDataToTargetTy, std::less<void> >::upper_bound(uintptr_t&)'",
        "pre_context": "/usr/local/include/c++/4.9.4/bits/stl_set.h:738:7: note:   no known conversion for argument 1 from 'uintptr_t {aka long unsigned int}' to 'const key_type& {aka const HostDataToTargetTy&}'\n/usr/local/include/c++/4.9.4/bits/stl_set.h:742:7: note: std::set<_Key, _Compare, _Alloc>::const_iterator std::set<_Key, _Compare, _Alloc>::upper_bound(const key_type&) const [with _Key = HostDataToTargetTy; _Compare = std::less<void>; _Alloc = std::allocator<HostDataToTargetTy>; std::set<_Key, _Compare, _Alloc>::const_iterator = std::_Rb_tree_const_iterator<HostDataToTargetTy>; std::set<_Key, _Compare, _Alloc>::key_type = HostDataToTargetTy]\n       upper_bound(const key_type& __x) const\n       ^\n/usr/local/include/c++/4.9.4/bits/stl_set.h:742:7: note:   no known conversion for argument 1 from 'uintptr_t {aka long unsigned int}' to 'const key_type& {aka const HostDataToTargetTy&}'\n/tmp/root/spack-stage/spack-stage-bolt-2.0-xqbbivpf7dxynk75ngzwbhikzbyknmlh/spack-src/libomptarget/src/device.cpp: In member function 'LookupResult DeviceTy::lookupMapping(void*, int64_t)':",
        "post_context": "   auto upper = HostDataToTargetMap.upper_bound(hp);\n                                                  ^\n/tmp/root/spack-stage/spack-stage-bolt-2.0-xqbbivpf7dxynk75ngzwbhikzbyknmlh/spack-src/libomptarget/src/device.cpp:121:50: note: candidates are:\nIn file included from /usr/local/include/c++/4.9.4/set:61:0,\n                 from /tmp/root/spack-stage/spack-stage-bolt-2.0-xqbbivpf7dxynk75ngzwbhikzbyknmlh/spack-src/libomptarget/src/device.h:21,\n                 from /tmp/root/spack-stage/spack-stage-bolt-2.0-xqbbivpf7dxynk75ngzwbhikzbyknmlh/spack-src/libomptarget/src/device.cpp:13:",
        "add_date": "2022-02-03T08:09:45.763766Z",
        "modify_date": "2022-02-03T08:09:45.763780Z",
        "label": "build-error",
        "spack-monitor-label": "error"
    },
    {
        "id": 12701,
        "phase": 39149,
        "source_file": "/tmp/root/spack-stage/spack-stage-bolt-2.0-g7bx75ynuxk5nqxfsoykp3y3vaxdqc6y/spack-src/libomptarget/src/device.cpp",
        "source_line_no": 9,
        "line_no": 72,
        "repeat_count": 0,
        "start": 66,
        "end": 79,
        "text": "/tmp/root/spack-stage/spack-stage-bolt-2.0-g7bx75ynuxk5nqxfsoykp3y3vaxdqc6y/spack-src/libomptarget/src/device.cpp:93:52: error: no matching function for call to 'std::set<HostDataToTargetTy, std::less<void> >::upper_bound(uintptr_t&)'",
        "pre_context": "/usr/include/c++/4.9/bits/stl_set.h:701:7: note:   no known conversion for argument 1 from 'uintptr_t {aka long unsigned int}' to 'const key_type& {aka const HostDataToTargetTy&}'\n/usr/include/c++/4.9/bits/stl_set.h:705:7: note: std::set<_Key, _Compare, _Alloc>::const_iterator std::set<_Key, _Compare, _Alloc>::find(const key_type&) const [with _Key = HostDataToTargetTy; _Compare = std::less<void>; _Alloc = std::allocator<HostDataToTargetTy>; std::set<_Key, _Compare, _Alloc>::const_iterator = std::_Rb_tree_const_iterator<HostDataToTargetTy>; std::set<_Key, _Compare, _Alloc>::key_type = HostDataToTargetTy]\n       find(const key_type& __x) const\n       ^\n/usr/include/c++/4.9/bits/stl_set.h:705:7: note:   no known conversion for argument 1 from 'uintptr_t {aka long unsigned int}' to 'const key_type& {aka const HostDataToTargetTy&}'\n/tmp/root/spack-stage/spack-stage-bolt-2.0-g7bx75ynuxk5nqxfsoykp3y3vaxdqc6y/spack-src/libomptarget/src/device.cpp: In member function 'uint64_t DeviceTy::getMapEntryRefCnt(void*)':",
        "post_context": "     auto upper = HostDataToTargetMap.upper_bound(hp);\n                                                    ^\n/tmp/root/spack-stage/spack-stage-bolt-2.0-g7bx75ynuxk5nqxfsoykp3y3vaxdqc6y/spack-src/libomptarget/src/device.cpp:93:52: note: candidates are:\nIn file included from /usr/include/c++/4.9/set:61:0,\n                 from /tmp/root/spack-stage/spack-stage-bolt-2.0-g7bx75ynuxk5nqxfsoykp3y3vaxdqc6y/spack-src/libomptarget/src/device.h:21,\n                 from /tmp/root/spack-stage/spack-stage-bolt-2.0-g7bx75ynuxk5nqxfsoykp3y3vaxdqc6y/spack-src/libomptarget/src/device.cpp:13:",
        "add_date": "2022-02-03T08:09:46.152842Z",
        "modify_date": "2022-02-03T08:09:46.152856Z",
        "label": "build-error",
        "spack-monitor-label": "error"
    },
    {
        "id": 12702,
        "phase": 39149,
        "source_file": "/tmp/root/spack-stage/spack-stage-bolt-2.0-g7bx75ynuxk5nqxfsoykp3y3vaxdqc6y/spack-src/libomptarget/src/device.cpp",
        "source_line_no": 1,
        "line_no": 88,
        "repeat_count": 0,
        "start": 82,
        "end": 95,
        "text": "/tmp/root/spack-stage/spack-stage-bolt-2.0-g7bx75ynuxk5nqxfsoykp3y3vaxdqc6y/spack-src/libomptarget/src/device.cpp:121:50: error: no matching function for call to 'std::set<HostDataToTargetTy, std::less<void> >::upper_bound(uintptr_t&)'",
        "pre_context": "/usr/include/c++/4.9/bits/stl_set.h:738:7: note:   no known conversion for argument 1 from 'uintptr_t {aka long unsigned int}' to 'const key_type& {aka const HostDataToTargetTy&}'\n/usr/include/c++/4.9/bits/stl_set.h:742:7: note: std::set<_Key, _Compare, _Alloc>::const_iterator std::set<_Key, _Compare, _Alloc>::upper_bound(const key_type&) const [with _Key = HostDataToTargetTy; _Compare = std::less<void>; _Alloc = std::allocator<HostDataToTargetTy>; std::set<_Key, _Compare, _Alloc>::const_iterator = std::_Rb_tree_const_iterator<HostDataToTargetTy>; std::set<_Key, _Compare, _Alloc>::key_type = HostDataToTargetTy]\n       upper_bound(const key_type& __x) const\n       ^\n/usr/include/c++/4.9/bits/stl_set.h:742:7: note:   no known conversion for argument 1 from 'uintptr_t {aka long unsigned int}' to 'const key_type& {aka const HostDataToTargetTy&}'\n/tmp/root/spack-stage/spack-stage-bolt-2.0-g7bx75ynuxk5nqxfsoykp3y3vaxdqc6y/spack-src/libomptarget/src/device.cpp: In member function 'LookupResult DeviceTy::lookupMapping(void*, int64_t)':",
        "post_context": "   auto upper = HostDataToTargetMap.upper_bound(hp);\n                                                  ^\n/tmp/root/spack-stage/spack-stage-bolt-2.0-g7bx75ynuxk5nqxfsoykp3y3vaxdqc6y/spack-src/libomptarget/src/device.cpp:121:50: note: candidates are:\nIn file included from /usr/include/c++/4.9/set:61:0,\n                 from /tmp/root/spack-stage/spack-stage-bolt-2.0-g7bx75ynuxk5nqxfsoykp3y3vaxdqc6y/spack-src/libomptarget/src/device.h:21,\n                 from /tmp/root/spack-stage/spack-stage-bolt-2.0-g7bx75ynuxk5nqxfsoykp3y3vaxdqc6y/spack-src/libomptarget/src/device.cpp:13:",
        "add_date": "2022-02-03T08:09:46.155301Z",
        "modify_date": "2022-02-03T08:09:46.155315Z",
        "label": "build-error",
        "spack-monitor-label": "error"
    },
    {
        "id": 10684,
        "phase": 38668,
        "source_file": "/usr/include/c++/4.8.2/atomic",
        "source_line_no": 7,
        "line_no": 1980,
        "repeat_count": 0,
        "start": 1974,
        "end": 1987,
        "text": "/usr/include/c++/4.8.2/atomic:728:5: error: expected class-name before '{' token",
        "pre_context": "/usr/include/c++/4.8.2/atomic:727:27: error: template argument 1 is invalid\n     struct atomic<char16_t> : public atomic_char16_t\n                           ^\n/usr/include/c++/4.8.2/bits/atomic_base.h:869:44: error: expected ';' at end of member declaration\n   memory_order __m = memory_order_seq_cst) volatile noexcept\n                                            ^",
        "post_context": "     {\n     ^\n/usr/include/c++/4.8.2/atomic:746:19: error: 'char32_t' was not declared in this scope\n     struct atomic<char32_t> : public atomic_char32_t\n                   ^\n/usr/include/c++/4.8.2/bits/atomic_base.h:869:53: error: 'noexcept' does not name a type",
        "add_date": "2022-02-03T08:09:32.803618Z",
        "modify_date": "2022-02-03T08:09:32.803631Z",
        "label": "build-error",
        "spack-monitor-label": "error"
    },
    {
        "id": 10688,
        "phase": 38668,
        "source_file": "/usr/include/c++/4.8.2/atomic",
        "source_line_no": 7,
        "line_no": 1992,
        "repeat_count": 0,
        "start": 1986,
        "end": 1999,
        "text": "/usr/include/c++/4.8.2/atomic:747:5: error: expected class-name before '{' token",
        "pre_context": "/usr/include/c++/4.8.2/bits/atomic_base.h:869:53: error: 'noexcept' does not name a type\n   memory_order __m = memory_order_seq_cst) volatile noexcept\n                                                     ^\n/usr/include/c++/4.8.2/atomic:746:27: error: template argument 1 is invalid\n     struct atomic<char32_t> : public atomic_char32_t\n                           ^",
        "post_context": "     {\n     ^\n/usr/include/c++/4.8.2/atomic:767:27: error: expected initializer before 'noexcept'\n         memory_order __m) noexcept\n                           ^\n/usr/include/c++/4.8.2/bits/atomic_base.h:874:42: error: expected ';' at end of member declaration",
        "add_date": "2022-02-03T08:09:32.809968Z",
        "modify_date": "2022-02-03T08:09:32.809980Z",
        "label": "build-error",
        "spack-monitor-label": "error"
    },
    {
        "id": 11020,
        "phase": 38668,
        "source_file": "/usr/include/c++/4.8.2/atomic",
        "source_line_no": 7,
        "line_no": 3013,
        "repeat_count": 0,
        "start": 3007,
        "end": 3020,
        "text": "/usr/include/c++/4.8.2/atomic:728:5: error: expected class-name before '{' token",
        "pre_context": "/tmp/root/spack-stage/spack-stage-bolt-main-kugfhoudygfgwdji33hbf6cxehe2ph7j/spack-src/runtime/src/kmp.h:4201:67: error: provided for 'template<class SourceType, class TargetType> struct kmp_convert'\n struct kmp_convert<SourceType, TargetType, true, false, true, true> {\n                                                                   ^\n/usr/include/c++/4.8.2/atomic:727:27: error: template argument 1 is invalid\n     struct atomic<char16_t> : public atomic_char16_t\n                           ^",
        "post_context": "     {\n     ^\n/usr/include/c++/4.8.2/atomic:746:19: error: 'char32_t' was not declared in this scope\n     struct atomic<char32_t> : public atomic_char32_t\n                   ^\n/tmp/root/spack-stage/spack-stage-bolt-main-kugfhoudygfgwdji33hbf6cxehe2ph7j/spack-src/runtime/src/kmp.h:4252:68: error: wrong number of template arguments (6, should be 2)",
        "add_date": "2022-02-03T08:09:33.418015Z",
        "modify_date": "2022-02-03T08:09:33.418028Z",
        "label": "build-error",
        "spack-monitor-label": "error"
    },
    {
        "id": 11024,
        "phase": 38668,
        "source_file": "/usr/include/c++/4.8.2/atomic",
        "source_line_no": 7,
        "line_no": 3025,
        "repeat_count": 0,
        "start": 3019,
        "end": 3032,
        "text": "/usr/include/c++/4.8.2/atomic:747:5: error: expected class-name before '{' token",
        "pre_context": "/tmp/root/spack-stage/spack-stage-bolt-main-kugfhoudygfgwdji33hbf6cxehe2ph7j/spack-src/runtime/src/kmp.h:4252:68: error: wrong number of template arguments (6, should be 2)\n struct kmp_convert<SourceType, TargetType, true, false, false, true> {\n                                                                    ^\n/usr/include/c++/4.8.2/atomic:746:27: error: template argument 1 is invalid\n     struct atomic<char32_t> : public atomic_char32_t\n                           ^",
        "post_context": "     {\n     ^\n/usr/include/c++/4.8.2/atomic:767:27: error: expected initializer before 'noexcept'\n         memory_order __m) noexcept\n                           ^\n/usr/include/c++/4.8.2/atomic:772:27: error: expected initializer before 'noexcept'",
        "add_date": "2022-02-03T08:09:33.424997Z",
        "modify_date": "2022-02-03T08:09:33.425011Z",
        "label": "build-error",
        "spack-monitor-label": "error"
    },
    {
        "id": 12335,
        "phase": 38678,
        "source_file": "/usr/include/c++/4.8.2/atomic",
        "source_line_no": 7,
        "line_no": 2919,
        "repeat_count": 0,
        "start": 2913,
        "end": 2926,
        "text": "/usr/include/c++/4.8.2/atomic:747:5: error: expected class-name before '{' token",
        "pre_context": "/usr/include/c++/4.8.2/atomic:746:19: error: 'char32_t' was not declared in this scope\n     struct atomic<char32_t> : public atomic_char32_t\n                   ^\n/usr/include/c++/4.8.2/atomic:746:27: error: template argument 1 is invalid\n     struct atomic<char32_t> : public atomic_char32_t\n                           ^",
        "post_context": "     {\n     ^\n/usr/include/c++/4.8.2/atomic:767:27: error: expected initializer before 'noexcept'\n         memory_order __m) noexcept\n                           ^\n/usr/include/c++/4.8.2/atomic:772:27: error: expected initializer before 'noexcept'",
        "add_date": "2022-02-03T08:09:39.712121Z",
        "modify_date": "2022-02-03T08:09:39.712135Z",
        "label": "build-error",
        "spack-monitor-label": "error"
    },
    {
        "id": 12242,
        "phase": 38678,
        "source_file": "/usr/include/c++/4.8.2/atomic",
        "source_line_no": 7,
        "line_no": 2635,
        "repeat_count": 0,
        "start": 2629,
        "end": 2642,
        "text": "/usr/include/c++/4.8.2/atomic:728:5: error: expected class-name before '{' token",
        "pre_context": "/usr/include/c++/4.8.2/atomic:727:19: error: 'char16_t' was not declared in this scope\n     struct atomic<char16_t> : public atomic_char16_t\n                   ^\n/usr/include/c++/4.8.2/atomic:727:27: error: template argument 1 is invalid\n     struct atomic<char16_t> : public atomic_char16_t\n                           ^",
        "post_context": "     {\n     ^\n/usr/include/c++/4.8.2/atomic:637:16: error: 'noexcept' does not name a type\n       atomic() noexcept = default;\n                ^\n/usr/include/c++/4.8.2/atomic:746:19: error: 'char32_t' was not declared in this scope",
        "add_date": "2022-02-03T08:09:39.543170Z",
        "modify_date": "2022-02-03T08:09:39.543183Z",
        "label": "build-error",
        "spack-monitor-label": "error"
    },
    {
        "id": 12247,
        "phase": 38678,
        "source_file": "/usr/include/c++/4.8.2/atomic",
        "source_line_no": 7,
        "line_no": 2650,
        "repeat_count": 0,
        "start": 2644,
        "end": 2657,
        "text": "/usr/include/c++/4.8.2/atomic:747:5: error: expected class-name before '{' token",
        "pre_context": "/usr/include/c++/4.8.2/atomic:746:27: error: template argument 1 is invalid\n     struct atomic<char32_t> : public atomic_char32_t\n                           ^\n/usr/include/c++/4.8.2/atomic:638:15: error: expected ';' at end of member declaration\n       ~atomic() noexcept = default;\n               ^",
        "post_context": "     {\n     ^\n/usr/include/c++/4.8.2/atomic:767:27: error: expected initializer before 'noexcept'\n         memory_order __m) noexcept\n                           ^\n/usr/include/c++/4.8.2/atomic:638:17: error: 'noexcept' does not name a type",
        "add_date": "2022-02-03T08:09:39.551165Z",
        "modify_date": "2022-02-03T08:09:39.551177Z",
        "label": "build-error",
        "spack-monitor-label": "error"
    },
    {
        "id": 12332,
        "phase": 38678,
        "source_file": "/usr/include/c++/4.8.2/atomic",
        "source_line_no": 7,
        "line_no": 2910,
        "repeat_count": 0,
        "start": 2904,
        "end": 2917,
        "text": "/usr/include/c++/4.8.2/atomic:728:5: error: expected class-name before '{' token",
        "pre_context": "/usr/include/c++/4.8.2/atomic:727:19: error: 'char16_t' was not declared in this scope\n     struct atomic<char16_t> : public atomic_char16_t\n                   ^\n/usr/include/c++/4.8.2/atomic:727:27: error: template argument 1 is invalid\n     struct atomic<char16_t> : public atomic_char16_t\n                           ^",
        "post_context": "     {\n     ^\n/usr/include/c++/4.8.2/atomic:746:19: error: 'char32_t' was not declared in this scope\n     struct atomic<char32_t> : public atomic_char32_t\n                   ^\n/usr/include/c++/4.8.2/atomic:746:27: error: template argument 1 is invalid",
        "add_date": "2022-02-03T08:09:39.706299Z",
        "modify_date": "2022-02-03T08:09:39.706311Z",
        "label": "build-error",
        "spack-monitor-label": "error"
    },
    {
        "id": 12687,
        "phase": 39119,
        "source_file": "/tmp/root/spack-stage/spack-stage-bolt-2.0-xqbbivpf7dxynk75ngzwbhikzbyknmlh/spack-src/libomptarget/src/device.cpp",
        "source_line_no": 9,
        "line_no": 62,
        "repeat_count": 0,
        "start": 56,
        "end": 69,
        "text": "/tmp/root/spack-stage/spack-stage-bolt-2.0-xqbbivpf7dxynk75ngzwbhikzbyknmlh/spack-src/libomptarget/src/device.cpp:93:52: error: no matching function for call to 'std::set<HostDataToTargetTy, std::less<void> >::upper_bound(uintptr_t&)'",
        "pre_context": "/usr/local/include/c++/4.9.4/bits/stl_set.h:701:7: note:   no known conversion for argument 1 from 'uintptr_t {aka long unsigned int}' to 'const key_type& {aka const HostDataToTargetTy&}'\n/usr/local/include/c++/4.9.4/bits/stl_set.h:705:7: note: std::set<_Key, _Compare, _Alloc>::const_iterator std::set<_Key, _Compare, _Alloc>::find(const key_type&) const [with _Key = HostDataToTargetTy; _Compare = std::less<void>; _Alloc = std::allocator<HostDataToTargetTy>; std::set<_Key, _Compare, _Alloc>::const_iterator = std::_Rb_tree_const_iterator<HostDataToTargetTy>; std::set<_Key, _Compare, _Alloc>::key_type = HostDataToTargetTy]\n       find(const key_type& __x) const\n       ^\n/usr/local/include/c++/4.9.4/bits/stl_set.h:705:7: note:   no known conversion for argument 1 from 'uintptr_t {aka long unsigned int}' to 'const key_type& {aka const HostDataToTargetTy&}'\n/tmp/root/spack-stage/spack-stage-bolt-2.0-xqbbivpf7dxynk75ngzwbhikzbyknmlh/spack-src/libomptarget/src/device.cpp: In member function 'uint64_t DeviceTy::getMapEntryRefCnt(void*)':",
        "post_context": "     auto upper = HostDataToTargetMap.upper_bound(hp);\n                                                    ^\n/tmp/root/spack-stage/spack-stage-bolt-2.0-xqbbivpf7dxynk75ngzwbhikzbyknmlh/spack-src/libomptarget/src/device.cpp:93:52: note: candidates are:\nIn file included from /usr/local/include/c++/4.9.4/set:61:0,\n                 from /tmp/root/spack-stage/spack-stage-bolt-2.0-xqbbivpf7dxynk75ngzwbhikzbyknmlh/spack-src/libomptarget/src/device.h:21,\n                 from /tmp/root/spack-stage/spack-stage-bolt-2.0-xqbbivpf7dxynk75ngzwbhikzbyknmlh/spack-src/libomptarget/src/device.cpp:13:",
        "add_date": "2022-02-03T08:09:45.762092Z",
        "modify_date": "2022-02-03T08:09:45.762109Z",
        "label": "build-error",
        "spack-monitor-label": "error"
    },
    {
        "id": 12688,
        "phase": 39119,
        "source_file": "/tmp/root/spack-stage/spack-stage-bolt-2.0-xqbbivpf7dxynk75ngzwbhikzbyknmlh/spack-src/libomptarget/src/device.cpp",
        "source_line_no": 1,
        "line_no": 78,
        "repeat_count": 0,
        "start": 72,
        "end": 85,
        "text": "/tmp/root/spack-stage/spack-stage-bolt-2.0-xqbbivpf7dxynk75ngzwbhikzbyknmlh/spack-src/libomptarget/src/device.cpp:121:50: error: no matching function for call to 'std::set<HostDataToTargetTy, std::less<void> >::upper_bound(uintptr_t&)'",
        "pre_context": "/usr/local/include/c++/4.9.4/bits/stl_set.h:738:7: note:   no known conversion for argument 1 from 'uintptr_t {aka long unsigned int}' to 'const key_type& {aka const HostDataToTargetTy&}'\n/usr/local/include/c++/4.9.4/bits/stl_set.h:742:7: note: std::set<_Key, _Compare, _Alloc>::const_iterator std::set<_Key, _Compare, _Alloc>::upper_bound(const key_type&) const [with _Key = HostDataToTargetTy; _Compare = std::less<void>; _Alloc = std::allocator<HostDataToTargetTy>; std::set<_Key, _Compare, _Alloc>::const_iterator = std::_Rb_tree_const_iterator<HostDataToTargetTy>; std::set<_Key, _Compare, _Alloc>::key_type = HostDataToTargetTy]\n       upper_bound(const key_type& __x) const\n       ^\n/usr/local/include/c++/4.9.4/bits/stl_set.h:742:7: note:   no known conversion for argument 1 from 'uintptr_t {aka long unsigned int}' to 'const key_type& {aka const HostDataToTargetTy&}'\n/tmp/root/spack-stage/spack-stage-bolt-2.0-xqbbivpf7dxynk75ngzwbhikzbyknmlh/spack-src/libomptarget/src/device.cpp: In member function 'LookupResult DeviceTy::lookupMapping(void*, int64_t)':",
        "post_context": "   auto upper = HostDataToTargetMap.upper_bound(hp);\n                                                  ^\n/tmp/root/spack-stage/spack-stage-bolt-2.0-xqbbivpf7dxynk75ngzwbhikzbyknmlh/spack-src/libomptarget/src/device.cpp:121:50: note: candidates are:\nIn file included from /usr/local/include/c++/4.9.4/set:61:0,\n                 from /tmp/root/spack-stage/spack-stage-bolt-2.0-xqbbivpf7dxynk75ngzwbhikzbyknmlh/spack-src/libomptarget/src/device.h:21,\n                 from /tmp/root/spack-stage/spack-stage-bolt-2.0-xqbbivpf7dxynk75ngzwbhikzbyknmlh/spack-src/libomptarget/src/device.cpp:13:",
        "add_date": "2022-02-03T08:09:45.763766Z",
        "modify_date": "2022-02-03T08:09:45.763780Z",
        "label": "build-error",
        "spack-monitor-label": "error"
    },
    {
        "id": 12701,
        "phase": 39149,
        "source_file": "/tmp/root/spack-stage/spack-stage-bolt-2.0-g7bx75ynuxk5nqxfsoykp3y3vaxdqc6y/spack-src/libomptarget/src/device.cpp",
        "source_line_no": 9,
        "line_no": 72,
        "repeat_count": 0,
        "start": 66,
        "end": 79,
        "text": "/tmp/root/spack-stage/spack-stage-bolt-2.0-g7bx75ynuxk5nqxfsoykp3y3vaxdqc6y/spack-src/libomptarget/src/device.cpp:93:52: error: no matching function for call to 'std::set<HostDataToTargetTy, std::less<void> >::upper_bound(uintptr_t&)'",
        "pre_context": "/usr/include/c++/4.9/bits/stl_set.h:701:7: note:   no known conversion for argument 1 from 'uintptr_t {aka long unsigned int}' to 'const key_type& {aka const HostDataToTargetTy&}'\n/usr/include/c++/4.9/bits/stl_set.h:705:7: note: std::set<_Key, _Compare, _Alloc>::const_iterator std::set<_Key, _Compare, _Alloc>::find(const key_type&) const [with _Key = HostDataToTargetTy; _Compare = std::less<void>; _Alloc = std::allocator<HostDataToTargetTy>; std::set<_Key, _Compare, _Alloc>::const_iterator = std::_Rb_tree_const_iterator<HostDataToTargetTy>; std::set<_Key, _Compare, _Alloc>::key_type = HostDataToTargetTy]\n       find(const key_type& __x) const\n       ^\n/usr/include/c++/4.9/bits/stl_set.h:705:7: note:   no known conversion for argument 1 from 'uintptr_t {aka long unsigned int}' to 'const key_type& {aka const HostDataToTargetTy&}'\n/tmp/root/spack-stage/spack-stage-bolt-2.0-g7bx75ynuxk5nqxfsoykp3y3vaxdqc6y/spack-src/libomptarget/src/device.cpp: In member function 'uint64_t DeviceTy::getMapEntryRefCnt(void*)':",
        "post_context": "     auto upper = HostDataToTargetMap.upper_bound(hp);\n                                                    ^\n/tmp/root/spack-stage/spack-stage-bolt-2.0-g7bx75ynuxk5nqxfsoykp3y3vaxdqc6y/spack-src/libomptarget/src/device.cpp:93:52: note: candidates are:\nIn file included from /usr/include/c++/4.9/set:61:0,\n                 from /tmp/root/spack-stage/spack-stage-bolt-2.0-g7bx75ynuxk5nqxfsoykp3y3vaxdqc6y/spack-src/libomptarget/src/device.h:21,\n                 from /tmp/root/spack-stage/spack-stage-bolt-2.0-g7bx75ynuxk5nqxfsoykp3y3vaxdqc6y/spack-src/libomptarget/src/device.cpp:13:",
        "add_date": "2022-02-03T08:09:46.152842Z",
        "modify_date": "2022-02-03T08:09:46.152856Z",
        "label": "build-error",
        "spack-monitor-label": "error"
    },
    {
        "id": 12702,
        "phase": 39149,
        "source_file": "/tmp/root/spack-stage/spack-stage-bolt-2.0-g7bx75ynuxk5nqxfsoykp3y3vaxdqc6y/spack-src/libomptarget/src/device.cpp",
        "source_line_no": 1,
        "line_no": 88,
        "repeat_count": 0,
        "start": 82,
        "end": 95,
        "text": "/tmp/root/spack-stage/spack-stage-bolt-2.0-g7bx75ynuxk5nqxfsoykp3y3vaxdqc6y/spack-src/libomptarget/src/device.cpp:121:50: error: no matching function for call to 'std::set<HostDataToTargetTy, std::less<void> >::upper_bound(uintptr_t&)'",
        "pre_context": "/usr/include/c++/4.9/bits/stl_set.h:738:7: note:   no known conversion for argument 1 from 'uintptr_t {aka long unsigned int}' to 'const key_type& {aka const HostDataToTargetTy&}'\n/usr/include/c++/4.9/bits/stl_set.h:742:7: note: std::set<_Key, _Compare, _Alloc>::const_iterator std::set<_Key, _Compare, _Alloc>::upper_bound(const key_type&) const [with _Key = HostDataToTargetTy; _Compare = std::less<void>; _Alloc = std::allocator<HostDataToTargetTy>; std::set<_Key, _Compare, _Alloc>::const_iterator = std::_Rb_tree_const_iterator<HostDataToTargetTy>; std::set<_Key, _Compare, _Alloc>::key_type = HostDataToTargetTy]\n       upper_bound(const key_type& __x) const\n       ^\n/usr/include/c++/4.9/bits/stl_set.h:742:7: note:   no known conversion for argument 1 from 'uintptr_t {aka long unsigned int}' to 'const key_type& {aka const HostDataToTargetTy&}'\n/tmp/root/spack-stage/spack-stage-bolt-2.0-g7bx75ynuxk5nqxfsoykp3y3vaxdqc6y/spack-src/libomptarget/src/device.cpp: In member function 'LookupResult DeviceTy::lookupMapping(void*, int64_t)':",
        "post_context": "   auto upper = HostDataToTargetMap.upper_bound(hp);\n                                                  ^\n/tmp/root/spack-stage/spack-stage-bolt-2.0-g7bx75ynuxk5nqxfsoykp3y3vaxdqc6y/spack-src/libomptarget/src/device.cpp:121:50: note: candidates are:\nIn file included from /usr/include/c++/4.9/set:61:0,\n                 from /tmp/root/spack-stage/spack-stage-bolt-2.0-g7bx75ynuxk5nqxfsoykp3y3vaxdqc6y/spack-src/libomptarget/src/device.h:21,\n                 from /tmp/root/spack-stage/spack-stage-bolt-2.0-g7bx75ynuxk5nqxfsoykp3y3vaxdqc6y/spack-src/libomptarget/src/device.cpp:13:",
        "add_date": "2022-02-03T08:09:46.155301Z",
        "modify_date": "2022-02-03T08:09:46.155315Z",
        "label": "build-error",
        "spack-monitor-label": "error"
    },
    {
        "phase": "N/A",
        "source_file": "            e.h",
        "source_line_no": "3",
        "line_no": 763,
        "repeat_count": 0,
        "start": 757,
        "end": 770,
        "text": "e.h:33:1: error: expected class-name before '{' token",
        "pre_context": "            h,:::::::::::::::::::::::::::::::::::::::::::::::::::::::::::::::::\n            :::::::::::::::::::::::::::::::::::::::::::::::::::::::::::::::::::\n            ::::::::::::::::::::::::\n  >> 123    /p/vast1/koparasy/BUILD/spack_cluster_installer/quartz/ascent/spack\n            _env_dir/linux-rhel7-broadwell/gcc-8.3.1/vtk-m-1.6.0-b77d27rzqzlu7f\n            mbn6ao6vzpnwkzwlib/include/vtkm-1.6/vtkm/cont/ImplicitFunctionHandl",
        "post_context": "     124     {\n     125     ^\n  >> 126    /p/vast1/koparasy/BUILD/spack_cluster_installer/quartz/ascent/spack\n            _env_dir/linux-rhel7-broadwell/gcc-8.3.1/vtk-m-1.6.0-b77d27rzqzlu7f\n            mbn6ao6vzpnwkzwlib/include/vtkm-1.6/vtkm/cont/ImplicitFunctionHandl\n            e.h:48:26: error: 'Scalar' does not name a type; did you mean 'scal",
        "id": 197787,
        "label": "dinos-error"
    },
    {
        "phase": "N/A",
        "source_file": "            e.h",
        "source_line_no": "3",
        "line_no": 774,
        "repeat_count": 0,
        "start": 768,
        "end": 781,
        "text": "e.h:33:1: error: expected class-name before '{' token",
        "pre_context": "     116     #error \"ImplicitFunction with virtual methods is removed. Do not i\n            nclude ImplicitFunctionHeader.h\"\n     117      ^~~~~\n  >> 118    /p/vast1/koparasy/BUILD/spack_cluster_installer/quartz/ascent/spack\n            _env_dir/linux-rhel7-broadwell/gcc-8.3.1/vtk-m-1.6.0-b77d27rzqzlu7f\n            mbn6ao6vzpnwkzwlib/include/vtkm-1.6/vtkm/cont/ImplicitFunctionHandl",
        "post_context": "     119     {\n     120     ^\n  >> 121    /p/vast1/koparasy/BUILD/spack_cluster_installer/quartz/ascent/spack\n            _env_dir/linux-rhel7-broadwell/gcc-8.3.1/vtk-m-1.6.0-b77d27rzqzlu7f\n            mbn6ao6vzpnwkzwlib/include/vtkm-1.6/vtkm/cont/ImplicitFunctionHandl\n            e.h:48:26: error: 'Scalar' does not name a type; did you mean 'scal",
        "id": 197832,
        "label": "dinos-error"
    },
    {
        "phase": "N/A",
        "source_file": "            e.h",
        "source_line_no": "3",
        "line_no": 754,
        "repeat_count": 0,
        "start": 748,
        "end": 761,
        "text": "e.h:33:1: error: expected class-name before '{' token",
        "pre_context": "     114     #error \"ImplicitFunction with virtual methods is removed. Do not i\n            nclude ImplicitFunctionHeader.h\"\n     115      ^~~~~\n  >> 116    /p/vast1/koparasy/BUILD/spack_cluster_installer/quartz/ascent/spack\n            _env_dir/linux-rhel7-broadwell/gcc-8.3.1/vtk-m-1.6.0-b77d27rzqzlu7f\n            mbn6ao6vzpnwkzwlib/include/vtkm-1.6/vtkm/cont/ImplicitFunctionHandl",
        "post_context": "     117     {\n     118     ^\n  >> 119    /p/vast1/koparasy/BUILD/spack_cluster_installer/quartz/ascent/spack\n            _env_dir/linux-rhel7-broadwell/gcc-8.3.1/vtk-m-1.6.0-b77d27rzqzlu7f\n            mbn6ao6vzpnwkzwlib/include/vtkm-1.6/vtkm/cont/ImplicitFunctionHandl\n            e.h:48:26: error: 'Scalar' does not name a type; did you mean 'scal",
        "id": 197865,
        "label": "dinos-error"
    },
    {
        "phase": "N/A",
        "source_file": "            e.h",
        "source_line_no": "3",
        "line_no": 747,
        "repeat_count": 0,
        "start": 741,
        "end": 754,
        "text": "e.h:33:1: error: expected class-name before '{' token",
        "pre_context": "     115     #error \"ImplicitFunction with virtual methods is removed. Do not i\n            nclude ImplicitFunctionHeader.h\"\n     116      ^~~~~\n  >> 117    /p/vast1/koparasy/BUILD/spack_cluster_installer/quartz/ascent/spack\n            _env_dir/linux-rhel7-broadwell/gcc-8.3.1/vtk-m-1.6.0-b77d27rzqzlu7f\n            mbn6ao6vzpnwkzwlib/include/vtkm-1.6/vtkm/cont/ImplicitFunctionHandl",
        "post_context": "     118     {\n     119     ^\n  >> 120    /p/vast1/koparasy/BUILD/spack_cluster_installer/quartz/ascent/spack\n            _env_dir/linux-rhel7-broadwell/gcc-8.3.1/vtk-m-1.6.0-b77d27rzqzlu7f\n            mbn6ao6vzpnwkzwlib/include/vtkm-1.6/vtkm/cont/ImplicitFunctionHandl\n            e.h:48:26: error: 'Scalar' does not name a type; did you mean 'scal",
        "id": 197900,
        "label": "dinos-error"
    },
    {
        "phase": "N/A",
        "source_file": "            e.h",
        "source_line_no": "3",
        "line_no": 779,
        "repeat_count": 0,
        "start": 773,
        "end": 786,
        "text": "e.h:33:1: error: expected class-name before '{' token",
        "pre_context": "     114     #error \"ImplicitFunction with virtual methods is removed. Do not i\n            nclude ImplicitFunctionHeader.h\"\n     115      ^~~~~\n  >> 116    /p/vast1/koparasy/BUILD/spack_cluster_installer/quartz/ascent/spack\n            _env_dir/linux-rhel7-broadwell/gcc-8.3.1/vtk-m-1.6.0-b77d27rzqzlu7f\n            mbn6ao6vzpnwkzwlib/include/vtkm-1.6/vtkm/cont/ImplicitFunctionHandl",
        "post_context": "     117     {\n     118     ^\n  >> 119    /p/vast1/koparasy/BUILD/spack_cluster_installer/quartz/ascent/spack\n            _env_dir/linux-rhel7-broadwell/gcc-8.3.1/vtk-m-1.6.0-b77d27rzqzlu7f\n            mbn6ao6vzpnwkzwlib/include/vtkm-1.6/vtkm/cont/ImplicitFunctionHandl\n            e.h:48:26: error: 'Scalar' does not name a type; did you mean 'scal",
        "id": 197942,
        "label": "dinos-error"
    },
    {
        "phase": "N/A",
        "source_file": "            e.h",
        "source_line_no": "3",
        "line_no": 746,
        "repeat_count": 0,
        "start": 740,
        "end": 753,
        "text": "e.h:33:1: error: expected class-name before '{' token",
        "pre_context": "     113     #error \"ImplicitFunction with virtual methods is removed. Do not i\n            nclude ImplicitFunctionHeader.h\"\n     114      ^~~~~\n  >> 115    /p/vast1/koparasy/BUILD/spack_cluster_installer/quartz/ascent/spack\n            _env_dir/linux-rhel7-broadwell/gcc-8.3.1/vtk-m-1.6.0-b77d27rzqzlu7f\n            mbn6ao6vzpnwkzwlib/include/vtkm-1.6/vtkm/cont/ImplicitFunctionHandl",
        "post_context": "     116     {\n     117     ^\n  >> 118    /p/vast1/koparasy/BUILD/spack_cluster_installer/quartz/ascent/spack\n            _env_dir/linux-rhel7-broadwell/gcc-8.3.1/vtk-m-1.6.0-b77d27rzqzlu7f\n            mbn6ao6vzpnwkzwlib/include/vtkm-1.6/vtkm/cont/ImplicitFunctionHandl\n            e.h:48:26: error: 'Scalar' does not name a type; did you mean 'scal",
        "id": 197978,
        "label": "dinos-error"
    },
    {
        "phase": "N/A",
        "source_file": "            e.h",
        "source_line_no": "3",
        "line_no": 753,
        "repeat_count": 0,
        "start": 747,
        "end": 760,
        "text": "e.h:33:1: error: expected class-name before '{' token",
        "pre_context": "     126     #error \"ImplicitFunction with virtual methods is removed. Do not i\n            nclude ImplicitFunctionHeader.h\"\n     127      ^~~~~\n  >> 128    /p/vast1/koparasy/BUILD/spack_cluster_installer/quartz/ascent/spack\n            _env_dir/linux-rhel7-broadwell/gcc-8.3.1/vtk-m-1.6.0-b77d27rzqzlu7f\n            mbn6ao6vzpnwkzwlib/include/vtkm-1.6/vtkm/cont/ImplicitFunctionHandl",
        "post_context": "     129     {\n     130     ^\n  >> 131    /p/vast1/koparasy/BUILD/spack_cluster_installer/quartz/ascent/spack\n            _env_dir/linux-rhel7-broadwell/gcc-8.3.1/vtk-m-1.6.0-b77d27rzqzlu7f\n            mbn6ao6vzpnwkzwlib/include/vtkm-1.6/vtkm/cont/ImplicitFunctionHandl\n            e.h:48:26: error: 'Scalar' does not name a type; did you mean 'scal",
        "id": 198030,
        "label": "dinos-error"
    },
    {
        "phase": "N/A",
        "source_file": "            e.h",
        "source_line_no": "3",
        "line_no": 801,
        "repeat_count": 0,
        "start": 795,
        "end": 808,
        "text": "e.h:33:1: error: expected class-name before '{' token",
        "pre_context": "            .cpp.o -c /tmp/koparasy/spack-stage/spack-stage-vtk-h-0.6.2-56u7iwx\n            4dhd5lrvhewcddpykjpby4jc5/spack-src/src/vtkh/vtkm_filters/vtkmClipW\n            ithField.cpp\n  >> 120    /p/vast1/koparasy/BUILD/spack_cluster_installer/quartz/ascent/spack\n            _env_dir/linux-rhel7-broadwell/gcc-8.3.1/vtk-m-1.6.0-b77d27rzqzlu7f\n            mbn6ao6vzpnwkzwlib/include/vtkm-1.6/vtkm/cont/ImplicitFunctionHandl",
        "post_context": "     121     {\n     122     ^\n  >> 123    /p/vast1/koparasy/BUILD/spack_cluster_installer/quartz/ascent/spack\n            _env_dir/linux-rhel7-broadwell/gcc-8.3.1/vtk-m-1.6.0-b77d27rzqzlu7f\n            mbn6ao6vzpnwkzwlib/include/vtkm-1.6/vtkm/cont/ImplicitFunctionHandl\n            e.h:48:26: error: 'Scalar' does not name a type; did you mean 'scal",
        "id": 198054,
        "label": "dinos-error"
    },
    {
        "phase": "N/A",
        "source_file": "            e.h",
        "source_line_no": "3",
        "line_no": 773,
        "repeat_count": 0,
        "start": 767,
        "end": 780,
        "text": "e.h:33:1: error: expected class-name before '{' token",
        "pre_context": "     116     #error \"ImplicitFunction with virtual methods is removed. Do not i\n            nclude ImplicitFunctionHeader.h\"\n     117      ^~~~~\n  >> 118    /p/vast1/koparasy/BUILD/spack_cluster_installer/quartz/ascent/spack\n            _env_dir/linux-rhel7-broadwell/gcc-8.3.1/vtk-m-1.6.0-b77d27rzqzlu7f\n            mbn6ao6vzpnwkzwlib/include/vtkm-1.6/vtkm/cont/ImplicitFunctionHandl",
        "post_context": "     119     {\n     120     ^\n  >> 121    /p/vast1/koparasy/BUILD/spack_cluster_installer/quartz/ascent/spack\n            _env_dir/linux-rhel7-broadwell/gcc-8.3.1/vtk-m-1.6.0-b77d27rzqzlu7f\n            mbn6ao6vzpnwkzwlib/include/vtkm-1.6/vtkm/cont/ImplicitFunctionHandl\n            e.h:48:26: error: 'Scalar' does not name a type; did you mean 'scal",
        "id": 198087,
        "label": "dinos-error"
    },
    {
        "phase": "N/A",
        "source_file": "            e.h",
        "source_line_no": "3",
        "line_no": 779,
        "repeat_count": 0,
        "start": 773,
        "end": 786,
        "text": "e.h:33:1: error: expected class-name before '{' token",
        "pre_context": "     111     #error \"ImplicitFunction with virtual methods is removed. Do not i\n            nclude ImplicitFunctionHeader.h\"\n     112      ^~~~~\n  >> 113    /p/vast1/koparasy/BUILD/spack_cluster_installer/quartz/ascent/spack\n            _env_dir/linux-rhel7-broadwell/gcc-8.3.1/vtk-m-1.6.0-b77d27rzqzlu7f\n            mbn6ao6vzpnwkzwlib/include/vtkm-1.6/vtkm/cont/ImplicitFunctionHandl",
        "post_context": "     114     {\n     115     ^\n  >> 116    /p/vast1/koparasy/BUILD/spack_cluster_installer/quartz/ascent/spack\n            _env_dir/linux-rhel7-broadwell/gcc-8.3.1/vtk-m-1.6.0-b77d27rzqzlu7f\n            mbn6ao6vzpnwkzwlib/include/vtkm-1.6/vtkm/cont/ImplicitFunctionHandl\n            e.h:48:26: error: 'Scalar' does not name a type; did you mean 'scal",
        "id": 198120,
        "label": "dinos-error"
    },
    {
        "phase": "N/A",
        "source_file": "            e.h",
        "source_line_no": "3",
        "line_no": 749,
        "repeat_count": 0,
        "start": 743,
        "end": 756,
        "text": "e.h:33:1: error: expected class-name before '{' token",
        "pre_context": "     116     #error \"ImplicitFunction with virtual methods is removed. Do not i\n            nclude ImplicitFunctionHeader.h\"\n     117      ^~~~~\n  >> 118    /p/vast1/koparasy/BUILD/spack_cluster_installer/quartz/ascent/spack\n            _env_dir/linux-rhel7-broadwell/gcc-8.3.1/vtk-m-1.6.0-b77d27rzqzlu7f\n            mbn6ao6vzpnwkzwlib/include/vtkm-1.6/vtkm/cont/ImplicitFunctionHandl",
        "post_context": "     119     {\n     120     ^\n  >> 121    /p/vast1/koparasy/BUILD/spack_cluster_installer/quartz/ascent/spack\n            _env_dir/linux-rhel7-broadwell/gcc-8.3.1/vtk-m-1.6.0-b77d27rzqzlu7f\n            mbn6ao6vzpnwkzwlib/include/vtkm-1.6/vtkm/cont/ImplicitFunctionHandl\n            e.h:48:26: error: 'Scalar' does not name a type; did you mean 'scal",
        "id": 198156,
        "label": "dinos-error"
    },
    {
        "phase": "N/A",
        "source_file": "            e.h",
        "source_line_no": "3",
        "line_no": 750,
        "repeat_count": 0,
        "start": 744,
        "end": 757,
        "text": "e.h:33:1: error: expected class-name before '{' token",
        "pre_context": "     113     #error \"ImplicitFunction with virtual methods is removed. Do not i\n            nclude ImplicitFunctionHeader.h\"\n     114      ^~~~~\n  >> 115    /p/vast1/koparasy/BUILD/spack_cluster_installer/quartz/ascent/spack\n            _env_dir/linux-rhel7-broadwell/gcc-8.3.1/vtk-m-1.6.0-b77d27rzqzlu7f\n            mbn6ao6vzpnwkzwlib/include/vtkm-1.6/vtkm/cont/ImplicitFunctionHandl",
        "post_context": "     116     {\n     117     ^\n  >> 118    /p/vast1/koparasy/BUILD/spack_cluster_installer/quartz/ascent/spack\n            _env_dir/linux-rhel7-broadwell/gcc-8.3.1/vtk-m-1.6.0-b77d27rzqzlu7f\n            mbn6ao6vzpnwkzwlib/include/vtkm-1.6/vtkm/cont/ImplicitFunctionHandl\n            e.h:48:26: error: 'Scalar' does not name a type; did you mean 'scal",
        "id": 198210,
        "label": "dinos-error"
    },
    {
        "phase": "N/A",
        "source_file": "            e.h",
        "source_line_no": "3",
        "line_no": 749,
        "repeat_count": 0,
        "start": 743,
        "end": 756,
        "text": "e.h:33:1: error: expected class-name before '{' token",
        "pre_context": "     118     #error \"ImplicitFunction with virtual methods is removed. Do not i\n            nclude ImplicitFunctionHeader.h\"\n     119      ^~~~~\n  >> 120    /p/vast1/koparasy/BUILD/spack_cluster_installer/quartz/ascent/spack\n            _env_dir/linux-rhel7-broadwell/gcc-8.3.1/vtk-m-1.6.0-b77d27rzqzlu7f\n            mbn6ao6vzpnwkzwlib/include/vtkm-1.6/vtkm/cont/ImplicitFunctionHandl",
        "post_context": "     121     {\n     122     ^\n  >> 123    /p/vast1/koparasy/BUILD/spack_cluster_installer/quartz/ascent/spack\n            _env_dir/linux-rhel7-broadwell/gcc-8.3.1/vtk-m-1.6.0-b77d27rzqzlu7f\n            mbn6ao6vzpnwkzwlib/include/vtkm-1.6/vtkm/cont/ImplicitFunctionHandl\n            e.h:48:26: error: 'Scalar' does not name a type; did you mean 'scal",
        "id": 198246,
        "label": "dinos-error"
    },
    {
        "phase": "N/A",
        "source_file": "            e.h",
        "source_line_no": "3",
        "line_no": 774,
        "repeat_count": 0,
        "start": 768,
        "end": 781,
        "text": "e.h:33:1: error: expected class-name before '{' token",
        "pre_context": "     116     #error \"ImplicitFunction with virtual methods is removed. Do not i\n            nclude ImplicitFunctionHeader.h\"\n     117      ^~~~~\n  >> 118    /p/vast1/koparasy/BUILD/spack_cluster_installer/quartz/ascent/spack\n            _env_dir/linux-rhel7-broadwell/gcc-8.3.1/vtk-m-1.6.0-b77d27rzqzlu7f\n            mbn6ao6vzpnwkzwlib/include/vtkm-1.6/vtkm/cont/ImplicitFunctionHandl",
        "post_context": "     119     {\n     120     ^\n  >> 121    /p/vast1/koparasy/BUILD/spack_cluster_installer/quartz/ascent/spack\n            _env_dir/linux-rhel7-broadwell/gcc-8.3.1/vtk-m-1.6.0-b77d27rzqzlu7f\n            mbn6ao6vzpnwkzwlib/include/vtkm-1.6/vtkm/cont/ImplicitFunctionHandl\n            e.h:48:26: error: 'Scalar' does not name a type; did you mean 'scal",
        "id": 198294,
        "label": "dinos-error"
    },
    {
        "phase": "N/A",
        "source_file": "            e.h",
        "source_line_no": "3",
        "line_no": 773,
        "repeat_count": 0,
        "start": 767,
        "end": 780,
        "text": "e.h:33:1: error: expected class-name before '{' token",
        "pre_context": "     118     #error \"ImplicitFunction with virtual methods is removed. Do not i\n            nclude ImplicitFunctionHeader.h\"\n     119      ^~~~~\n  >> 120    /p/vast1/koparasy/BUILD/spack_cluster_installer/quartz/ascent/spack\n            _env_dir/linux-rhel7-broadwell/gcc-8.3.1/vtk-m-1.6.0-b77d27rzqzlu7f\n            mbn6ao6vzpnwkzwlib/include/vtkm-1.6/vtkm/cont/ImplicitFunctionHandl",
        "post_context": "     121     {\n     122     ^\n  >> 123    /p/vast1/koparasy/BUILD/spack_cluster_installer/quartz/ascent/spack\n            _env_dir/linux-rhel7-broadwell/gcc-8.3.1/vtk-m-1.6.0-b77d27rzqzlu7f\n            mbn6ao6vzpnwkzwlib/include/vtkm-1.6/vtkm/cont/ImplicitFunctionHandl\n            e.h:48:26: error: 'Scalar' does not name a type; did you mean 'scal",
        "id": 198363,
        "label": "dinos-error"
    },
    {
        "phase": "N/A",
        "source_file": "            e.h",
        "source_line_no": "3",
        "line_no": 773,
        "repeat_count": 0,
        "start": 767,
        "end": 780,
        "text": "e.h:33:1: error: expected class-name before '{' token",
        "pre_context": "     113     #error \"ImplicitFunction with virtual methods is removed. Do not i\n            nclude ImplicitFunctionHeader.h\"\n     114      ^~~~~\n  >> 115    /p/vast1/koparasy/BUILD/spack_cluster_installer/quartz/ascent/spack\n            _env_dir/linux-rhel7-broadwell/gcc-8.3.1/vtk-m-1.6.0-b77d27rzqzlu7f\n            mbn6ao6vzpnwkzwlib/include/vtkm-1.6/vtkm/cont/ImplicitFunctionHandl",
        "post_context": "     116     {\n     117     ^\n  >> 118    /p/vast1/koparasy/BUILD/spack_cluster_installer/quartz/ascent/spack\n            _env_dir/linux-rhel7-broadwell/gcc-8.3.1/vtk-m-1.6.0-b77d27rzqzlu7f\n            mbn6ao6vzpnwkzwlib/include/vtkm-1.6/vtkm/cont/ImplicitFunctionHandl\n            e.h:48:26: error: 'Scalar' does not name a type; did you mean 'scal",
        "id": 198402,
        "label": "dinos-error"
    },
    {
        "phase": "N/A",
        "source_file": "            e.h",
        "source_line_no": "3",
        "line_no": 746,
        "repeat_count": 0,
        "start": 740,
        "end": 753,
        "text": "e.h:33:1: error: expected class-name before '{' token",
        "pre_context": "     115     #error \"ImplicitFunction with virtual methods is removed. Do not i\n            nclude ImplicitFunctionHeader.h\"\n     116      ^~~~~\n  >> 117    /p/vast1/koparasy/BUILD/spack_cluster_installer/quartz/ascent/spack\n            _env_dir/linux-rhel7-broadwell/gcc-8.3.1/vtk-m-1.6.0-b77d27rzqzlu7f\n            mbn6ao6vzpnwkzwlib/include/vtkm-1.6/vtkm/cont/ImplicitFunctionHandl",
        "post_context": "     118     {\n     119     ^\n  >> 120    /p/vast1/koparasy/BUILD/spack_cluster_installer/quartz/ascent/spack\n            _env_dir/linux-rhel7-broadwell/gcc-8.3.1/vtk-m-1.6.0-b77d27rzqzlu7f\n            mbn6ao6vzpnwkzwlib/include/vtkm-1.6/vtkm/cont/ImplicitFunctionHandl\n            e.h:48:26: error: 'Scalar' does not name a type; did you mean 'scal",
        "id": 198433,
        "label": "dinos-error"
    },
    {
        "phase": "N/A",
        "source_file": "            e.h",
        "source_line_no": "3",
        "line_no": 746,
        "repeat_count": 0,
        "start": 740,
        "end": 753,
        "text": "e.h:33:1: error: expected class-name before '{' token",
        "pre_context": "     113     #error \"ImplicitFunction with virtual methods is removed. Do not i\n            nclude ImplicitFunctionHeader.h\"\n     114      ^~~~~\n  >> 115    /p/vast1/koparasy/BUILD/spack_cluster_installer/quartz/ascent/spack\n            _env_dir/linux-rhel7-broadwell/gcc-8.3.1/vtk-m-1.6.0-b77d27rzqzlu7f\n            mbn6ao6vzpnwkzwlib/include/vtkm-1.6/vtkm/cont/ImplicitFunctionHandl",
        "post_context": "     116     {\n     117     ^\n  >> 118    /p/vast1/koparasy/BUILD/spack_cluster_installer/quartz/ascent/spack\n            _env_dir/linux-rhel7-broadwell/gcc-8.3.1/vtk-m-1.6.0-b77d27rzqzlu7f\n            mbn6ao6vzpnwkzwlib/include/vtkm-1.6/vtkm/cont/ImplicitFunctionHandl\n            e.h:48:26: error: 'Scalar' does not name a type; did you mean 'scal",
        "id": 198469,
        "label": "dinos-error"
    },
    {
        "phase": "N/A",
        "source_file": "            e.h",
        "source_line_no": "3",
        "line_no": 754,
        "repeat_count": 0,
        "start": 748,
        "end": 761,
        "text": "e.h:33:1: error: expected class-name before '{' token",
        "pre_context": "     114     #error \"ImplicitFunction with virtual methods is removed. Do not i\n            nclude ImplicitFunctionHeader.h\"\n     115      ^~~~~\n  >> 116    /p/vast1/koparasy/BUILD/spack_cluster_installer/quartz/ascent/spack\n            _env_dir/linux-rhel7-broadwell/gcc-8.3.1/vtk-m-1.6.0-b77d27rzqzlu7f\n            mbn6ao6vzpnwkzwlib/include/vtkm-1.6/vtkm/cont/ImplicitFunctionHandl",
        "post_context": "     117     {\n     118     ^\n  >> 119    /p/vast1/koparasy/BUILD/spack_cluster_installer/quartz/ascent/spack\n            _env_dir/linux-rhel7-broadwell/gcc-8.3.1/vtk-m-1.6.0-b77d27rzqzlu7f\n            mbn6ao6vzpnwkzwlib/include/vtkm-1.6/vtkm/cont/ImplicitFunctionHandl\n            e.h:48:26: error: 'Scalar' does not name a type; did you mean 'scal",
        "id": 198547,
        "label": "dinos-error"
    },
    {
        "phase": "N/A",
        "source_file": "            e.h",
        "source_line_no": "3",
        "line_no": 773,
        "repeat_count": 0,
        "start": 767,
        "end": 780,
        "text": "e.h:33:1: error: expected class-name before '{' token",
        "pre_context": "     116     #error \"ImplicitFunction with virtual methods is removed. Do not i\n            nclude ImplicitFunctionHeader.h\"\n     117      ^~~~~\n  >> 118    /p/vast1/koparasy/BUILD/spack_cluster_installer/quartz/ascent/spack\n            _env_dir/linux-rhel7-broadwell/gcc-8.3.1/vtk-m-1.6.0-b77d27rzqzlu7f\n            mbn6ao6vzpnwkzwlib/include/vtkm-1.6/vtkm/cont/ImplicitFunctionHandl",
        "post_context": "     119     {\n     120     ^\n  >> 121    /p/vast1/koparasy/BUILD/spack_cluster_installer/quartz/ascent/spack\n            _env_dir/linux-rhel7-broadwell/gcc-8.3.1/vtk-m-1.6.0-b77d27rzqzlu7f\n            mbn6ao6vzpnwkzwlib/include/vtkm-1.6/vtkm/cont/ImplicitFunctionHandl\n            e.h:48:26: error: 'Scalar' does not name a type; did you mean 'scal",
        "id": 198580,
        "label": "dinos-error"
    },
    {
        "phase": "N/A",
        "source_file": "            e.h",
        "source_line_no": "3",
        "line_no": 749,
        "repeat_count": 0,
        "start": 743,
        "end": 756,
        "text": "e.h:33:1: error: expected class-name before '{' token",
        "pre_context": "     116     #error \"ImplicitFunction with virtual methods is removed. Do not i\n            nclude ImplicitFunctionHeader.h\"\n     117      ^~~~~\n  >> 118    /p/vast1/koparasy/BUILD/spack_cluster_installer/quartz/ascent/spack\n            _env_dir/linux-rhel7-broadwell/gcc-8.3.1/vtk-m-1.6.0-b77d27rzqzlu7f\n            mbn6ao6vzpnwkzwlib/include/vtkm-1.6/vtkm/cont/ImplicitFunctionHandl",
        "post_context": "     119     {\n     120     ^\n  >> 121    /p/vast1/koparasy/BUILD/spack_cluster_installer/quartz/ascent/spack\n            _env_dir/linux-rhel7-broadwell/gcc-8.3.1/vtk-m-1.6.0-b77d27rzqzlu7f\n            mbn6ao6vzpnwkzwlib/include/vtkm-1.6/vtkm/cont/ImplicitFunctionHandl\n            e.h:48:26: error: 'Scalar' does not name a type; did you mean 'scal",
        "id": 198627,
        "label": "dinos-error"
    },
    {
        "phase": "N/A",
        "source_file": "            e.h",
        "source_line_no": "3",
        "line_no": 773,
        "repeat_count": 0,
        "start": 767,
        "end": 780,
        "text": "e.h:33:1: error: expected class-name before '{' token",
        "pre_context": "     116     #error \"ImplicitFunction with virtual methods is removed. Do not i\n            nclude ImplicitFunctionHeader.h\"\n     117      ^~~~~\n  >> 118    /p/vast1/koparasy/BUILD/spack_cluster_installer/quartz/ascent/spack\n            _env_dir/linux-rhel7-broadwell/gcc-8.3.1/vtk-m-1.6.0-b77d27rzqzlu7f\n            mbn6ao6vzpnwkzwlib/include/vtkm-1.6/vtkm/cont/ImplicitFunctionHandl",
        "post_context": "     119     {\n     120     ^\n  >> 121    /p/vast1/koparasy/BUILD/spack_cluster_installer/quartz/ascent/spack\n            _env_dir/linux-rhel7-broadwell/gcc-8.3.1/vtk-m-1.6.0-b77d27rzqzlu7f\n            mbn6ao6vzpnwkzwlib/include/vtkm-1.6/vtkm/cont/ImplicitFunctionHandl\n            e.h:48:26: error: 'Scalar' does not name a type; did you mean 'scal",
        "id": 198655,
        "label": "dinos-error"
    },
    {
        "phase": "N/A",
        "source_file": "            e.h",
        "source_line_no": "3",
        "line_no": 749,
        "repeat_count": 0,
        "start": 743,
        "end": 756,
        "text": "e.h:33:1: error: expected class-name before '{' token",
        "pre_context": "     118     #error \"ImplicitFunction with virtual methods is removed. Do not i\n            nclude ImplicitFunctionHeader.h\"\n     119      ^~~~~\n  >> 120    /p/vast1/koparasy/BUILD/spack_cluster_installer/quartz/ascent/spack\n            _env_dir/linux-rhel7-broadwell/gcc-8.3.1/vtk-m-1.6.0-b77d27rzqzlu7f\n            mbn6ao6vzpnwkzwlib/include/vtkm-1.6/vtkm/cont/ImplicitFunctionHandl",
        "post_context": "     121     {\n     122     ^\n  >> 123    /p/vast1/koparasy/BUILD/spack_cluster_installer/quartz/ascent/spack\n            _env_dir/linux-rhel7-broadwell/gcc-8.3.1/vtk-m-1.6.0-b77d27rzqzlu7f\n            mbn6ao6vzpnwkzwlib/include/vtkm-1.6/vtkm/cont/ImplicitFunctionHandl\n            e.h:48:26: error: 'Scalar' does not name a type; did you mean 'scal",
        "id": 198688,
        "label": "dinos-error"
    },
    {
        "phase": "N/A",
        "source_file": "            e.h",
        "source_line_no": "3",
        "line_no": 749,
        "repeat_count": 0,
        "start": 743,
        "end": 756,
        "text": "e.h:33:1: error: expected class-name before '{' token",
        "pre_context": "     116     #error \"ImplicitFunction with virtual methods is removed. Do not i\n            nclude ImplicitFunctionHeader.h\"\n     117      ^~~~~\n  >> 118    /p/vast1/koparasy/BUILD/spack_cluster_installer/quartz/ascent/spack\n            _env_dir/linux-rhel7-broadwell/gcc-8.3.1/vtk-m-1.6.0-b77d27rzqzlu7f\n            mbn6ao6vzpnwkzwlib/include/vtkm-1.6/vtkm/cont/ImplicitFunctionHandl",
        "post_context": "     119     {\n     120     ^\n  >> 121    /p/vast1/koparasy/BUILD/spack_cluster_installer/quartz/ascent/spack\n            _env_dir/linux-rhel7-broadwell/gcc-8.3.1/vtk-m-1.6.0-b77d27rzqzlu7f\n            mbn6ao6vzpnwkzwlib/include/vtkm-1.6/vtkm/cont/ImplicitFunctionHandl\n            e.h:48:26: error: 'Scalar' does not name a type; did you mean 'scal",
        "id": 198721,
        "label": "dinos-error"
    },
    {
        "phase": "N/A",
        "source_file": "            e.h",
        "source_line_no": "3",
        "line_no": 773,
        "repeat_count": 0,
        "start": 767,
        "end": 780,
        "text": "e.h:33:1: error: expected class-name before '{' token",
        "pre_context": "     116     #error \"ImplicitFunction with virtual methods is removed. Do not i\n            nclude ImplicitFunctionHeader.h\"\n     117      ^~~~~\n  >> 118    /p/vast1/koparasy/BUILD/spack_cluster_installer/quartz/ascent/spack\n            _env_dir/linux-rhel7-broadwell/gcc-8.3.1/vtk-m-1.6.0-b77d27rzqzlu7f\n            mbn6ao6vzpnwkzwlib/include/vtkm-1.6/vtkm/cont/ImplicitFunctionHandl",
        "post_context": "     119     {\n     120     ^\n  >> 121    /p/vast1/koparasy/BUILD/spack_cluster_installer/quartz/ascent/spack\n            _env_dir/linux-rhel7-broadwell/gcc-8.3.1/vtk-m-1.6.0-b77d27rzqzlu7f\n            mbn6ao6vzpnwkzwlib/include/vtkm-1.6/vtkm/cont/ImplicitFunctionHandl\n            e.h:48:26: error: 'Scalar' does not name a type; did you mean 'scal",
        "id": 198745,
        "label": "dinos-error"
    },
    {
        "phase": "N/A",
        "source_file": "            e.h",
        "source_line_no": "3",
        "line_no": 773,
        "repeat_count": 0,
        "start": 767,
        "end": 780,
        "text": "e.h:33:1: error: expected class-name before '{' token",
        "pre_context": "     118     #error \"ImplicitFunction with virtual methods is removed. Do not i\n            nclude ImplicitFunctionHeader.h\"\n     119      ^~~~~\n  >> 120    /p/vast1/koparasy/BUILD/spack_cluster_installer/quartz/ascent/spack\n            _env_dir/linux-rhel7-broadwell/gcc-8.3.1/vtk-m-1.6.0-b77d27rzqzlu7f\n            mbn6ao6vzpnwkzwlib/include/vtkm-1.6/vtkm/cont/ImplicitFunctionHandl",
        "post_context": "     121     {\n     122     ^\n  >> 123    /p/vast1/koparasy/BUILD/spack_cluster_installer/quartz/ascent/spack\n            _env_dir/linux-rhel7-broadwell/gcc-8.3.1/vtk-m-1.6.0-b77d27rzqzlu7f\n            mbn6ao6vzpnwkzwlib/include/vtkm-1.6/vtkm/cont/ImplicitFunctionHandl\n            e.h:48:26: error: 'Scalar' does not name a type; did you mean 'scal",
        "id": 198781,
        "label": "dinos-error"
    },
    {
        "phase": "N/A",
        "source_file": "            e.h",
        "source_line_no": "3",
        "line_no": 749,
        "repeat_count": 0,
        "start": 743,
        "end": 756,
        "text": "e.h:33:1: error: expected class-name before '{' token",
        "pre_context": "     118     #error \"ImplicitFunction with virtual methods is removed. Do not i\n            nclude ImplicitFunctionHeader.h\"\n     119      ^~~~~\n  >> 120    /p/vast1/koparasy/BUILD/spack_cluster_installer/quartz/ascent/spack\n            _env_dir/linux-rhel7-broadwell/gcc-8.3.1/vtk-m-1.6.0-b77d27rzqzlu7f\n            mbn6ao6vzpnwkzwlib/include/vtkm-1.6/vtkm/cont/ImplicitFunctionHandl",
        "post_context": "     121     {\n     122     ^\n  >> 123    /p/vast1/koparasy/BUILD/spack_cluster_installer/quartz/ascent/spack\n            _env_dir/linux-rhel7-broadwell/gcc-8.3.1/vtk-m-1.6.0-b77d27rzqzlu7f\n            mbn6ao6vzpnwkzwlib/include/vtkm-1.6/vtkm/cont/ImplicitFunctionHandl\n            e.h:48:26: error: 'Scalar' does not name a type; did you mean 'scal",
        "id": 198839,
        "label": "dinos-error"
    },
    {
        "phase": "N/A",
        "source_file": "            e.h",
        "source_line_no": "3",
        "line_no": 753,
        "repeat_count": 0,
        "start": 747,
        "end": 760,
        "text": "e.h:33:1: error: expected class-name before '{' token",
        "pre_context": "     114     #error \"ImplicitFunction with virtual methods is removed. Do not i\n            nclude ImplicitFunctionHeader.h\"\n     115      ^~~~~\n  >> 116    /p/vast1/koparasy/BUILD/spack_cluster_installer/quartz/ascent/spack\n            _env_dir/linux-rhel7-broadwell/gcc-8.3.1/vtk-m-1.6.0-b77d27rzqzlu7f\n            mbn6ao6vzpnwkzwlib/include/vtkm-1.6/vtkm/cont/ImplicitFunctionHandl",
        "post_context": "     117     {\n     118     ^\n  >> 119    /p/vast1/koparasy/BUILD/spack_cluster_installer/quartz/ascent/spack\n            _env_dir/linux-rhel7-broadwell/gcc-8.3.1/vtk-m-1.6.0-b77d27rzqzlu7f\n            mbn6ao6vzpnwkzwlib/include/vtkm-1.6/vtkm/cont/ImplicitFunctionHandl\n            e.h:48:26: error: 'Scalar' does not name a type; did you mean 'scal",
        "id": 198883,
        "label": "dinos-error"
    },
    {
        "phase": "N/A",
        "source_file": "            e.h",
        "source_line_no": "3",
        "line_no": 749,
        "repeat_count": 0,
        "start": 743,
        "end": 756,
        "text": "e.h:33:1: error: expected class-name before '{' token",
        "pre_context": "     118     #error \"ImplicitFunction with virtual methods is removed. Do not i\n            nclude ImplicitFunctionHeader.h\"\n     119      ^~~~~\n  >> 120    /p/vast1/koparasy/BUILD/spack_cluster_installer/quartz/ascent/spack\n            _env_dir/linux-rhel7-broadwell/gcc-8.3.1/vtk-m-1.6.0-b77d27rzqzlu7f\n            mbn6ao6vzpnwkzwlib/include/vtkm-1.6/vtkm/cont/ImplicitFunctionHandl",
        "post_context": "     121     {\n     122     ^\n  >> 123    /p/vast1/koparasy/BUILD/spack_cluster_installer/quartz/ascent/spack\n            _env_dir/linux-rhel7-broadwell/gcc-8.3.1/vtk-m-1.6.0-b77d27rzqzlu7f\n            mbn6ao6vzpnwkzwlib/include/vtkm-1.6/vtkm/cont/ImplicitFunctionHandl\n            e.h:48:26: error: 'Scalar' does not name a type; did you mean 'scal",
        "id": 198916,
        "label": "dinos-error"
    },
    {
        "phase": "N/A",
        "source_file": "            e.h",
        "source_line_no": "3",
        "line_no": 749,
        "repeat_count": 0,
        "start": 743,
        "end": 756,
        "text": "e.h:33:1: error: expected class-name before '{' token",
        "pre_context": "     116     #error \"ImplicitFunction with virtual methods is removed. Do not i\n            nclude ImplicitFunctionHeader.h\"\n     117      ^~~~~\n  >> 118    /p/vast1/koparasy/BUILD/spack_cluster_installer/quartz/ascent/spack\n            _env_dir/linux-rhel7-broadwell/gcc-8.3.1/vtk-m-1.6.0-b77d27rzqzlu7f\n            mbn6ao6vzpnwkzwlib/include/vtkm-1.6/vtkm/cont/ImplicitFunctionHandl",
        "post_context": "     119     {\n     120     ^\n  >> 121    /p/vast1/koparasy/BUILD/spack_cluster_installer/quartz/ascent/spack\n            _env_dir/linux-rhel7-broadwell/gcc-8.3.1/vtk-m-1.6.0-b77d27rzqzlu7f\n            mbn6ao6vzpnwkzwlib/include/vtkm-1.6/vtkm/cont/ImplicitFunctionHandl\n            e.h:48:26: error: 'Scalar' does not name a type; did you mean 'scal",
        "id": 198944,
        "label": "dinos-error"
    },
    {
        "phase": "N/A",
        "source_file": "            e.h",
        "source_line_no": "3",
        "line_no": 749,
        "repeat_count": 0,
        "start": 743,
        "end": 756,
        "text": "e.h:33:1: error: expected class-name before '{' token",
        "pre_context": "     118     #error \"ImplicitFunction with virtual methods is removed. Do not i\n            nclude ImplicitFunctionHeader.h\"\n     119      ^~~~~\n  >> 120    /p/vast1/koparasy/BUILD/spack_cluster_installer/quartz/ascent/spack\n            _env_dir/linux-rhel7-broadwell/gcc-8.3.1/vtk-m-1.6.0-b77d27rzqzlu7f\n            mbn6ao6vzpnwkzwlib/include/vtkm-1.6/vtkm/cont/ImplicitFunctionHandl",
        "post_context": "     121     {\n     122     ^\n  >> 123    /p/vast1/koparasy/BUILD/spack_cluster_installer/quartz/ascent/spack\n            _env_dir/linux-rhel7-broadwell/gcc-8.3.1/vtk-m-1.6.0-b77d27rzqzlu7f\n            mbn6ao6vzpnwkzwlib/include/vtkm-1.6/vtkm/cont/ImplicitFunctionHandl\n            e.h:48:26: error: 'Scalar' does not name a type; did you mean 'scal",
        "id": 198984,
        "label": "dinos-error"
    },
    {
        "phase": "N/A",
        "source_file": "            e.h",
        "source_line_no": "3",
        "line_no": 653,
        "repeat_count": 0,
        "start": 647,
        "end": 660,
        "text": "e.h:33:1: error: expected class-name before '{' token",
        "pre_context": "     116     #error \"ImplicitFunction with virtual methods is removed. Do not i\n            nclude ImplicitFunctionHeader.h\"\n     117      ^~~~~\n  >> 118    /p/vast1/koparasy/BUILD/spack_cluster_installer/quartz/ascent/spack\n            _env_dir/linux-rhel7-broadwell/gcc-8.3.1/vtk-m-1.6.0-b77d27rzqzlu7f\n            mbn6ao6vzpnwkzwlib/include/vtkm-1.6/vtkm/cont/ImplicitFunctionHandl",
        "post_context": "     119     {\n     120     ^\n  >> 121    /p/vast1/koparasy/BUILD/spack_cluster_installer/quartz/ascent/spack\n            _env_dir/linux-rhel7-broadwell/gcc-8.3.1/vtk-m-1.6.0-b77d27rzqzlu7f\n            mbn6ao6vzpnwkzwlib/include/vtkm-1.6/vtkm/cont/ImplicitFunctionHandl\n            e.h:48:26: error: 'Scalar' does not name a type; did you mean 'scal",
        "id": 199017,
        "label": "dinos-error"
    },
    {
        "phase": "N/A",
        "source_file": "            e.h",
        "source_line_no": "3",
        "line_no": 754,
        "repeat_count": 0,
        "start": 748,
        "end": 761,
        "text": "e.h:33:1: error: expected class-name before '{' token",
        "pre_context": "     114     #error \"ImplicitFunction with virtual methods is removed. Do not i\n            nclude ImplicitFunctionHeader.h\"\n     115      ^~~~~\n  >> 116    /p/vast1/koparasy/BUILD/spack_cluster_installer/quartz/ascent/spack\n            _env_dir/linux-rhel7-broadwell/gcc-8.3.1/vtk-m-1.6.0-b77d27rzqzlu7f\n            mbn6ao6vzpnwkzwlib/include/vtkm-1.6/vtkm/cont/ImplicitFunctionHandl",
        "post_context": "     117     {\n     118     ^\n  >> 119    /p/vast1/koparasy/BUILD/spack_cluster_installer/quartz/ascent/spack\n            _env_dir/linux-rhel7-broadwell/gcc-8.3.1/vtk-m-1.6.0-b77d27rzqzlu7f\n            mbn6ao6vzpnwkzwlib/include/vtkm-1.6/vtkm/cont/ImplicitFunctionHandl\n            e.h:48:26: error: 'Scalar' does not name a type; did you mean 'scal",
        "id": 199063,
        "label": "dinos-error"
    },
    {
        "phase": "N/A",
        "source_file": "            e.h",
        "source_line_no": "3",
        "line_no": 750,
        "repeat_count": 0,
        "start": 744,
        "end": 757,
        "text": "e.h:33:1: error: expected class-name before '{' token",
        "pre_context": "     116     #error \"ImplicitFunction with virtual methods is removed. Do not i\n            nclude ImplicitFunctionHeader.h\"\n     117      ^~~~~\n  >> 118    /p/vast1/koparasy/BUILD/spack_cluster_installer/quartz/ascent/spack\n            _env_dir/linux-rhel7-broadwell/gcc-8.3.1/vtk-m-1.6.0-b77d27rzqzlu7f\n            mbn6ao6vzpnwkzwlib/include/vtkm-1.6/vtkm/cont/ImplicitFunctionHandl",
        "post_context": "     119     {\n     120     ^\n  >> 121    /p/vast1/koparasy/BUILD/spack_cluster_installer/quartz/ascent/spack\n            _env_dir/linux-rhel7-broadwell/gcc-8.3.1/vtk-m-1.6.0-b77d27rzqzlu7f\n            mbn6ao6vzpnwkzwlib/include/vtkm-1.6/vtkm/cont/ImplicitFunctionHandl\n            e.h:48:26: error: 'Scalar' does not name a type; did you mean 'scal",
        "id": 199129,
        "label": "dinos-error"
    },
    {
        "phase": "N/A",
        "source_file": "            e.h",
        "source_line_no": "3",
        "line_no": 773,
        "repeat_count": 0,
        "start": 767,
        "end": 780,
        "text": "e.h:33:1: error: expected class-name before '{' token",
        "pre_context": "     116     #error \"ImplicitFunction with virtual methods is removed. Do not i\n            nclude ImplicitFunctionHeader.h\"\n     117      ^~~~~\n  >> 118    /p/vast1/koparasy/BUILD/spack_cluster_installer/quartz/ascent/spack\n            _env_dir/linux-rhel7-broadwell/gcc-8.3.1/vtk-m-1.6.0-b77d27rzqzlu7f\n            mbn6ao6vzpnwkzwlib/include/vtkm-1.6/vtkm/cont/ImplicitFunctionHandl",
        "post_context": "     119     {\n     120     ^\n  >> 121    /p/vast1/koparasy/BUILD/spack_cluster_installer/quartz/ascent/spack\n            _env_dir/linux-rhel7-broadwell/gcc-8.3.1/vtk-m-1.6.0-b77d27rzqzlu7f\n            mbn6ao6vzpnwkzwlib/include/vtkm-1.6/vtkm/cont/ImplicitFunctionHandl\n            e.h:48:26: error: 'Scalar' does not name a type; did you mean 'scal",
        "id": 199166,
        "label": "dinos-error"
    },
    {
        "phase": "N/A",
        "source_file": "            e.h",
        "source_line_no": "3",
        "line_no": 749,
        "repeat_count": 0,
        "start": 743,
        "end": 756,
        "text": "e.h:33:1: error: expected class-name before '{' token",
        "pre_context": "     116     #error \"ImplicitFunction with virtual methods is removed. Do not i\n            nclude ImplicitFunctionHeader.h\"\n     117      ^~~~~\n  >> 118    /p/vast1/koparasy/BUILD/spack_cluster_installer/quartz/ascent/spack\n            _env_dir/linux-rhel7-broadwell/gcc-8.3.1/vtk-m-1.6.0-b77d27rzqzlu7f\n            mbn6ao6vzpnwkzwlib/include/vtkm-1.6/vtkm/cont/ImplicitFunctionHandl",
        "post_context": "     119     {\n     120     ^\n  >> 121    /p/vast1/koparasy/BUILD/spack_cluster_installer/quartz/ascent/spack\n            _env_dir/linux-rhel7-broadwell/gcc-8.3.1/vtk-m-1.6.0-b77d27rzqzlu7f\n            mbn6ao6vzpnwkzwlib/include/vtkm-1.6/vtkm/cont/ImplicitFunctionHandl\n            e.h:48:26: error: 'Scalar' does not name a type; did you mean 'scal",
        "id": 199214,
        "label": "dinos-error"
    },
    {
        "phase": "N/A",
        "source_file": "            e.h",
        "source_line_no": "3",
        "line_no": 773,
        "repeat_count": 0,
        "start": 767,
        "end": 780,
        "text": "e.h:33:1: error: expected class-name before '{' token",
        "pre_context": "     116     #error \"ImplicitFunction with virtual methods is removed. Do not i\n            nclude ImplicitFunctionHeader.h\"\n     117      ^~~~~\n  >> 118    /p/vast1/koparasy/BUILD/spack_cluster_installer/quartz/ascent/spack\n            _env_dir/linux-rhel7-broadwell/gcc-8.3.1/vtk-m-1.6.0-b77d27rzqzlu7f\n            mbn6ao6vzpnwkzwlib/include/vtkm-1.6/vtkm/cont/ImplicitFunctionHandl",
        "post_context": "     119     {\n     120     ^\n  >> 121    /p/vast1/koparasy/BUILD/spack_cluster_installer/quartz/ascent/spack\n            _env_dir/linux-rhel7-broadwell/gcc-8.3.1/vtk-m-1.6.0-b77d27rzqzlu7f\n            mbn6ao6vzpnwkzwlib/include/vtkm-1.6/vtkm/cont/ImplicitFunctionHandl\n            e.h:48:26: error: 'Scalar' does not name a type; did you mean 'scal",
        "id": 199247,
        "label": "dinos-error"
    },
    {
        "phase": "N/A",
        "source_file": "            e.h",
        "source_line_no": "3",
        "line_no": 749,
        "repeat_count": 0,
        "start": 743,
        "end": 756,
        "text": "e.h:33:1: error: expected class-name before '{' token",
        "pre_context": "     116     #error \"ImplicitFunction with virtual methods is removed. Do not i\n            nclude ImplicitFunctionHeader.h\"\n     117      ^~~~~\n  >> 118    /p/vast1/koparasy/BUILD/spack_cluster_installer/quartz/ascent/spack\n            _env_dir/linux-rhel7-broadwell/gcc-8.3.1/vtk-m-1.6.0-b77d27rzqzlu7f\n            mbn6ao6vzpnwkzwlib/include/vtkm-1.6/vtkm/cont/ImplicitFunctionHandl",
        "post_context": "     119     {\n     120     ^\n  >> 121    /p/vast1/koparasy/BUILD/spack_cluster_installer/quartz/ascent/spack\n            _env_dir/linux-rhel7-broadwell/gcc-8.3.1/vtk-m-1.6.0-b77d27rzqzlu7f\n            mbn6ao6vzpnwkzwlib/include/vtkm-1.6/vtkm/cont/ImplicitFunctionHandl\n            e.h:48:26: error: 'Scalar' does not name a type; did you mean 'scal",
        "id": 199271,
        "label": "dinos-error"
    },
    {
        "phase": "N/A",
        "source_file": "            e.h",
        "source_line_no": "3",
        "line_no": 749,
        "repeat_count": 0,
        "start": 743,
        "end": 756,
        "text": "e.h:33:1: error: expected class-name before '{' token",
        "pre_context": "     113     #error \"ImplicitFunction with virtual methods is removed. Do not i\n            nclude ImplicitFunctionHeader.h\"\n     114      ^~~~~\n  >> 115    /p/vast1/koparasy/BUILD/spack_cluster_installer/quartz/ascent/spack\n            _env_dir/linux-rhel7-broadwell/gcc-8.3.1/vtk-m-1.6.0-b77d27rzqzlu7f\n            mbn6ao6vzpnwkzwlib/include/vtkm-1.6/vtkm/cont/ImplicitFunctionHandl",
        "post_context": "     116     {\n     117     ^\n  >> 118    /p/vast1/koparasy/BUILD/spack_cluster_installer/quartz/ascent/spack\n            _env_dir/linux-rhel7-broadwell/gcc-8.3.1/vtk-m-1.6.0-b77d27rzqzlu7f\n            mbn6ao6vzpnwkzwlib/include/vtkm-1.6/vtkm/cont/ImplicitFunctionHandl\n            e.h:48:26: error: 'Scalar' does not name a type; did you mean 'scal",
        "id": 199316,
        "label": "dinos-error"
    },
    {
        "phase": "N/A",
        "source_file": "            e.h",
        "source_line_no": "3",
        "line_no": 754,
        "repeat_count": 0,
        "start": 748,
        "end": 761,
        "text": "e.h:33:1: error: expected class-name before '{' token",
        "pre_context": "     126     #error \"ImplicitFunction with virtual methods is removed. Do not i\n            nclude ImplicitFunctionHeader.h\"\n     127      ^~~~~\n  >> 128    /p/vast1/koparasy/BUILD/spack_cluster_installer/quartz/ascent/spack\n            _env_dir/linux-rhel7-broadwell/gcc-8.3.1/vtk-m-1.6.0-b77d27rzqzlu7f\n            mbn6ao6vzpnwkzwlib/include/vtkm-1.6/vtkm/cont/ImplicitFunctionHandl",
        "post_context": "     129     {\n     130     ^\n  >> 131    /p/vast1/koparasy/BUILD/spack_cluster_installer/quartz/ascent/spack\n            _env_dir/linux-rhel7-broadwell/gcc-8.3.1/vtk-m-1.6.0-b77d27rzqzlu7f\n            mbn6ao6vzpnwkzwlib/include/vtkm-1.6/vtkm/cont/ImplicitFunctionHandl\n            e.h:48:26: error: 'Scalar' does not name a type; did you mean 'scal",
        "id": 199352,
        "label": "dinos-error"
    },
    {
        "phase": "N/A",
        "source_file": "            e.h",
        "source_line_no": "3",
        "line_no": 754,
        "repeat_count": 0,
        "start": 748,
        "end": 761,
        "text": "e.h:33:1: error: expected class-name before '{' token",
        "pre_context": "     114     #error \"ImplicitFunction with virtual methods is removed. Do not i\n            nclude ImplicitFunctionHeader.h\"\n     115      ^~~~~\n  >> 116    /p/vast1/koparasy/BUILD/spack_cluster_installer/quartz/ascent/spack\n            _env_dir/linux-rhel7-broadwell/gcc-8.3.1/vtk-m-1.6.0-b77d27rzqzlu7f\n            mbn6ao6vzpnwkzwlib/include/vtkm-1.6/vtkm/cont/ImplicitFunctionHandl",
        "post_context": "     117     {\n     118     ^\n  >> 119    /p/vast1/koparasy/BUILD/spack_cluster_installer/quartz/ascent/spack\n            _env_dir/linux-rhel7-broadwell/gcc-8.3.1/vtk-m-1.6.0-b77d27rzqzlu7f\n            mbn6ao6vzpnwkzwlib/include/vtkm-1.6/vtkm/cont/ImplicitFunctionHandl\n            e.h:48:26: error: 'Scalar' does not name a type; did you mean 'scal",
        "id": 199387,
        "label": "dinos-error"
    },
    {
        "phase": "N/A",
        "source_file": "            e.h",
        "source_line_no": "3",
        "line_no": 750,
        "repeat_count": 0,
        "start": 744,
        "end": 757,
        "text": "e.h:33:1: error: expected class-name before '{' token",
        "pre_context": "     116     #error \"ImplicitFunction with virtual methods is removed. Do not i\n            nclude ImplicitFunctionHeader.h\"\n     117      ^~~~~\n  >> 118    /p/vast1/koparasy/BUILD/spack_cluster_installer/quartz/ascent/spack\n            _env_dir/linux-rhel7-broadwell/gcc-8.3.1/vtk-m-1.6.0-b77d27rzqzlu7f\n            mbn6ao6vzpnwkzwlib/include/vtkm-1.6/vtkm/cont/ImplicitFunctionHandl",
        "post_context": "     119     {\n     120     ^\n  >> 121    /p/vast1/koparasy/BUILD/spack_cluster_installer/quartz/ascent/spack\n            _env_dir/linux-rhel7-broadwell/gcc-8.3.1/vtk-m-1.6.0-b77d27rzqzlu7f\n            mbn6ao6vzpnwkzwlib/include/vtkm-1.6/vtkm/cont/ImplicitFunctionHandl\n            e.h:48:26: error: 'Scalar' does not name a type; did you mean 'scal",
        "id": 199411,
        "label": "dinos-error"
    },
    {
        "phase": "N/A",
        "source_file": "            e.h",
        "source_line_no": "3",
        "line_no": 774,
        "repeat_count": 0,
        "start": 768,
        "end": 781,
        "text": "e.h:33:1: error: expected class-name before '{' token",
        "pre_context": "     116     #error \"ImplicitFunction with virtual methods is removed. Do not i\n            nclude ImplicitFunctionHeader.h\"\n     117      ^~~~~\n  >> 118    /p/vast1/koparasy/BUILD/spack_cluster_installer/quartz/ascent/spack\n            _env_dir/linux-rhel7-broadwell/gcc-8.3.1/vtk-m-1.6.0-b77d27rzqzlu7f\n            mbn6ao6vzpnwkzwlib/include/vtkm-1.6/vtkm/cont/ImplicitFunctionHandl",
        "post_context": "     119     {\n     120     ^\n  >> 121    /p/vast1/koparasy/BUILD/spack_cluster_installer/quartz/ascent/spack\n            _env_dir/linux-rhel7-broadwell/gcc-8.3.1/vtk-m-1.6.0-b77d27rzqzlu7f\n            mbn6ao6vzpnwkzwlib/include/vtkm-1.6/vtkm/cont/ImplicitFunctionHandl\n            e.h:48:26: error: 'Scalar' does not name a type; did you mean 'scal",
        "id": 199435,
        "label": "dinos-error"
    },
    {
        "phase": "N/A",
        "source_file": "            e.h",
        "source_line_no": "3",
        "line_no": 749,
        "repeat_count": 0,
        "start": 743,
        "end": 756,
        "text": "e.h:33:1: error: expected class-name before '{' token",
        "pre_context": "     115     #error \"ImplicitFunction with virtual methods is removed. Do not i\n            nclude ImplicitFunctionHeader.h\"\n     116      ^~~~~\n  >> 117    /p/vast1/koparasy/BUILD/spack_cluster_installer/quartz/ascent/spack\n            _env_dir/linux-rhel7-broadwell/gcc-8.3.1/vtk-m-1.6.0-b77d27rzqzlu7f\n            mbn6ao6vzpnwkzwlib/include/vtkm-1.6/vtkm/cont/ImplicitFunctionHandl",
        "post_context": "     118     {\n     119     ^\n  >> 120    /p/vast1/koparasy/BUILD/spack_cluster_installer/quartz/ascent/spack\n            _env_dir/linux-rhel7-broadwell/gcc-8.3.1/vtk-m-1.6.0-b77d27rzqzlu7f\n            mbn6ao6vzpnwkzwlib/include/vtkm-1.6/vtkm/cont/ImplicitFunctionHandl\n            e.h:48:26: error: 'Scalar' does not name a type; did you mean 'scal",
        "id": 199492,
        "label": "dinos-error"
    },
    {
        "phase": "N/A",
        "source_file": "            e.h",
        "source_line_no": "3",
        "line_no": 773,
        "repeat_count": 0,
        "start": 767,
        "end": 780,
        "text": "e.h:33:1: error: expected class-name before '{' token",
        "pre_context": "     116     #error \"ImplicitFunction with virtual methods is removed. Do not i\n            nclude ImplicitFunctionHeader.h\"\n     117      ^~~~~\n  >> 118    /p/vast1/koparasy/BUILD/spack_cluster_installer/quartz/ascent/spack\n            _env_dir/linux-rhel7-broadwell/gcc-8.3.1/vtk-m-1.6.0-b77d27rzqzlu7f\n            mbn6ao6vzpnwkzwlib/include/vtkm-1.6/vtkm/cont/ImplicitFunctionHandl",
        "post_context": "     119     {\n     120     ^\n  >> 121    /p/vast1/koparasy/BUILD/spack_cluster_installer/quartz/ascent/spack\n            _env_dir/linux-rhel7-broadwell/gcc-8.3.1/vtk-m-1.6.0-b77d27rzqzlu7f\n            mbn6ao6vzpnwkzwlib/include/vtkm-1.6/vtkm/cont/ImplicitFunctionHandl\n            e.h:48:26: error: 'Scalar' does not name a type; did you mean 'scal",
        "id": 199519,
        "label": "dinos-error"
    },
    {
        "phase": "N/A",
        "source_file": "            e.h",
        "source_line_no": "3",
        "line_no": 773,
        "repeat_count": 0,
        "start": 767,
        "end": 780,
        "text": "e.h:33:1: error: expected class-name before '{' token",
        "pre_context": "     116     #error \"ImplicitFunction with virtual methods is removed. Do not i\n            nclude ImplicitFunctionHeader.h\"\n     117      ^~~~~\n  >> 118    /p/vast1/koparasy/BUILD/spack_cluster_installer/quartz/ascent/spack\n            _env_dir/linux-rhel7-broadwell/gcc-8.3.1/vtk-m-1.6.0-b77d27rzqzlu7f\n            mbn6ao6vzpnwkzwlib/include/vtkm-1.6/vtkm/cont/ImplicitFunctionHandl",
        "post_context": "     119     {\n     120     ^\n  >> 121    /p/vast1/koparasy/BUILD/spack_cluster_installer/quartz/ascent/spack\n            _env_dir/linux-rhel7-broadwell/gcc-8.3.1/vtk-m-1.6.0-b77d27rzqzlu7f\n            mbn6ao6vzpnwkzwlib/include/vtkm-1.6/vtkm/cont/ImplicitFunctionHandl\n            e.h:48:26: error: 'Scalar' does not name a type; did you mean 'scal",
        "id": 199558,
        "label": "dinos-error"
    },
    {
        "phase": "N/A",
        "source_file": "            e.h",
        "source_line_no": "3",
        "line_no": 749,
        "repeat_count": 0,
        "start": 743,
        "end": 756,
        "text": "e.h:33:1: error: expected class-name before '{' token",
        "pre_context": "     116     #error \"ImplicitFunction with virtual methods is removed. Do not i\n            nclude ImplicitFunctionHeader.h\"\n     117      ^~~~~\n  >> 118    /p/vast1/koparasy/BUILD/spack_cluster_installer/quartz/ascent/spack\n            _env_dir/linux-rhel7-broadwell/gcc-8.3.1/vtk-m-1.6.0-b77d27rzqzlu7f\n            mbn6ao6vzpnwkzwlib/include/vtkm-1.6/vtkm/cont/ImplicitFunctionHandl",
        "post_context": "     119     {\n     120     ^\n  >> 121    /p/vast1/koparasy/BUILD/spack_cluster_installer/quartz/ascent/spack\n            _env_dir/linux-rhel7-broadwell/gcc-8.3.1/vtk-m-1.6.0-b77d27rzqzlu7f\n            mbn6ao6vzpnwkzwlib/include/vtkm-1.6/vtkm/cont/ImplicitFunctionHandl\n            e.h:48:26: error: 'Scalar' does not name a type; did you mean 'scal",
        "id": 199584,
        "label": "dinos-error"
    },
    {
        "phase": "N/A",
        "source_file": "            e.h",
        "source_line_no": "3",
        "line_no": 753,
        "repeat_count": 0,
        "start": 747,
        "end": 760,
        "text": "e.h:33:1: error: expected class-name before '{' token",
        "pre_context": "     114     #error \"ImplicitFunction with virtual methods is removed. Do not i\n            nclude ImplicitFunctionHeader.h\"\n     115      ^~~~~\n  >> 116    /p/vast1/koparasy/BUILD/spack_cluster_installer/quartz/ascent/spack\n            _env_dir/linux-rhel7-broadwell/gcc-8.3.1/vtk-m-1.6.0-b77d27rzqzlu7f\n            mbn6ao6vzpnwkzwlib/include/vtkm-1.6/vtkm/cont/ImplicitFunctionHandl",
        "post_context": "     117     {\n     118     ^\n  >> 119    /p/vast1/koparasy/BUILD/spack_cluster_installer/quartz/ascent/spack\n            _env_dir/linux-rhel7-broadwell/gcc-8.3.1/vtk-m-1.6.0-b77d27rzqzlu7f\n            mbn6ao6vzpnwkzwlib/include/vtkm-1.6/vtkm/cont/ImplicitFunctionHandl\n            e.h:48:26: error: 'Scalar' does not name a type; did you mean 'scal",
        "id": 199614,
        "label": "dinos-error"
    },
    {
        "phase": "N/A",
        "source_file": "            e.h",
        "source_line_no": "3",
        "line_no": 773,
        "repeat_count": 0,
        "start": 767,
        "end": 780,
        "text": "e.h:33:1: error: expected class-name before '{' token",
        "pre_context": "     118     #error \"ImplicitFunction with virtual methods is removed. Do not i\n            nclude ImplicitFunctionHeader.h\"\n     119      ^~~~~\n  >> 120    /p/vast1/koparasy/BUILD/spack_cluster_installer/quartz/ascent/spack\n            _env_dir/linux-rhel7-broadwell/gcc-8.3.1/vtk-m-1.6.0-b77d27rzqzlu7f\n            mbn6ao6vzpnwkzwlib/include/vtkm-1.6/vtkm/cont/ImplicitFunctionHandl",
        "post_context": "     121     {\n     122     ^\n  >> 123    /p/vast1/koparasy/BUILD/spack_cluster_installer/quartz/ascent/spack\n            _env_dir/linux-rhel7-broadwell/gcc-8.3.1/vtk-m-1.6.0-b77d27rzqzlu7f\n            mbn6ao6vzpnwkzwlib/include/vtkm-1.6/vtkm/cont/ImplicitFunctionHandl\n            e.h:48:26: error: 'Scalar' does not name a type; did you mean 'scal",
        "id": 199647,
        "label": "dinos-error"
    },
    {
        "phase": "N/A",
        "source_file": "            e.h",
        "source_line_no": "3",
        "line_no": 773,
        "repeat_count": 0,
        "start": 767,
        "end": 780,
        "text": "e.h:33:1: error: expected class-name before '{' token",
        "pre_context": "     113     #error \"ImplicitFunction with virtual methods is removed. Do not i\n            nclude ImplicitFunctionHeader.h\"\n     114      ^~~~~\n  >> 115    /p/vast1/koparasy/BUILD/spack_cluster_installer/quartz/ascent/spack\n            _env_dir/linux-rhel7-broadwell/gcc-8.3.1/vtk-m-1.6.0-b77d27rzqzlu7f\n            mbn6ao6vzpnwkzwlib/include/vtkm-1.6/vtkm/cont/ImplicitFunctionHandl",
        "post_context": "     116     {\n     117     ^\n  >> 118    /p/vast1/koparasy/BUILD/spack_cluster_installer/quartz/ascent/spack\n            _env_dir/linux-rhel7-broadwell/gcc-8.3.1/vtk-m-1.6.0-b77d27rzqzlu7f\n            mbn6ao6vzpnwkzwlib/include/vtkm-1.6/vtkm/cont/ImplicitFunctionHandl\n            e.h:48:26: error: 'Scalar' does not name a type; did you mean 'scal",
        "id": 199701,
        "label": "dinos-error"
    },
    {
        "phase": "N/A",
        "source_file": "            e.h",
        "source_line_no": "3",
        "line_no": 773,
        "repeat_count": 0,
        "start": 767,
        "end": 780,
        "text": "e.h:33:1: error: expected class-name before '{' token",
        "pre_context": "     118     #error \"ImplicitFunction with virtual methods is removed. Do not i\n            nclude ImplicitFunctionHeader.h\"\n     119      ^~~~~\n  >> 120    /p/vast1/koparasy/BUILD/spack_cluster_installer/quartz/ascent/spack\n            _env_dir/linux-rhel7-broadwell/gcc-8.3.1/vtk-m-1.6.0-b77d27rzqzlu7f\n            mbn6ao6vzpnwkzwlib/include/vtkm-1.6/vtkm/cont/ImplicitFunctionHandl",
        "post_context": "     121     {\n     122     ^\n  >> 123    /p/vast1/koparasy/BUILD/spack_cluster_installer/quartz/ascent/spack\n            _env_dir/linux-rhel7-broadwell/gcc-8.3.1/vtk-m-1.6.0-b77d27rzqzlu7f\n            mbn6ao6vzpnwkzwlib/include/vtkm-1.6/vtkm/cont/ImplicitFunctionHandl\n            e.h:48:26: error: 'Scalar' does not name a type; did you mean 'scal",
        "id": 199744,
        "label": "dinos-error"
    },
    {
        "phase": "N/A",
        "source_file": "            e.h",
        "source_line_no": "3",
        "line_no": 683,
        "repeat_count": 0,
        "start": 677,
        "end": 690,
        "text": "e.h:33:1: error: expected class-name before '{' token",
        "pre_context": "     114     #error \"ImplicitFunction with virtual methods is removed. Do not i\n            nclude ImplicitFunctionHeader.h\"\n     115      ^~~~~\n  >> 116    /p/vast1/koparasy/BUILD/spack_cluster_installer/quartz/ascent/spack\n            _env_dir/linux-rhel7-broadwell/gcc-8.3.1/vtk-m-1.6.0-b77d27rzqzlu7f\n            mbn6ao6vzpnwkzwlib/include/vtkm-1.6/vtkm/cont/ImplicitFunctionHandl",
        "post_context": "     117     {\n     118     ^\n  >> 119    /p/vast1/koparasy/BUILD/spack_cluster_installer/quartz/ascent/spack\n            _env_dir/linux-rhel7-broadwell/gcc-8.3.1/vtk-m-1.6.0-b77d27rzqzlu7f\n            mbn6ao6vzpnwkzwlib/include/vtkm-1.6/vtkm/cont/ImplicitFunctionHandl\n            e.h:48:26: error: 'Scalar' does not name a type; did you mean 'scal",
        "id": 199775,
        "label": "dinos-error"
    },
    {
        "phase": "N/A",
        "source_file": "            e.h",
        "source_line_no": "3",
        "line_no": 773,
        "repeat_count": 0,
        "start": 767,
        "end": 780,
        "text": "e.h:33:1: error: expected class-name before '{' token",
        "pre_context": "     116     #error \"ImplicitFunction with virtual methods is removed. Do not i\n            nclude ImplicitFunctionHeader.h\"\n     117      ^~~~~\n  >> 118    /p/vast1/koparasy/BUILD/spack_cluster_installer/quartz/ascent/spack\n            _env_dir/linux-rhel7-broadwell/gcc-8.3.1/vtk-m-1.6.0-b77d27rzqzlu7f\n            mbn6ao6vzpnwkzwlib/include/vtkm-1.6/vtkm/cont/ImplicitFunctionHandl",
        "post_context": "     119     {\n     120     ^\n  >> 121    /p/vast1/koparasy/BUILD/spack_cluster_installer/quartz/ascent/spack\n            _env_dir/linux-rhel7-broadwell/gcc-8.3.1/vtk-m-1.6.0-b77d27rzqzlu7f\n            mbn6ao6vzpnwkzwlib/include/vtkm-1.6/vtkm/cont/ImplicitFunctionHandl\n            e.h:48:26: error: 'Scalar' does not name a type; did you mean 'scal",
        "id": 199808,
        "label": "dinos-error"
    },
    {
        "phase": "N/A",
        "source_file": "            e.h",
        "source_line_no": "3",
        "line_no": 773,
        "repeat_count": 0,
        "start": 767,
        "end": 780,
        "text": "e.h:33:1: error: expected class-name before '{' token",
        "pre_context": "     116     #error \"ImplicitFunction with virtual methods is removed. Do not i\n            nclude ImplicitFunctionHeader.h\"\n     117      ^~~~~\n  >> 118    /p/vast1/koparasy/BUILD/spack_cluster_installer/quartz/ascent/spack\n            _env_dir/linux-rhel7-broadwell/gcc-8.3.1/vtk-m-1.6.0-b77d27rzqzlu7f\n            mbn6ao6vzpnwkzwlib/include/vtkm-1.6/vtkm/cont/ImplicitFunctionHandl",
        "post_context": "     119     {\n     120     ^\n  >> 121    /p/vast1/koparasy/BUILD/spack_cluster_installer/quartz/ascent/spack\n            _env_dir/linux-rhel7-broadwell/gcc-8.3.1/vtk-m-1.6.0-b77d27rzqzlu7f\n            mbn6ao6vzpnwkzwlib/include/vtkm-1.6/vtkm/cont/ImplicitFunctionHandl\n            e.h:48:26: error: 'Scalar' does not name a type; did you mean 'scal",
        "id": 199850,
        "label": "dinos-error"
    },
    {
        "phase": "N/A",
        "source_file": "            e.h",
        "source_line_no": "3",
        "line_no": 773,
        "repeat_count": 0,
        "start": 767,
        "end": 780,
        "text": "e.h:33:1: error: expected class-name before '{' token",
        "pre_context": "     116     #error \"ImplicitFunction with virtual methods is removed. Do not i\n            nclude ImplicitFunctionHeader.h\"\n     117      ^~~~~\n  >> 118    /p/vast1/koparasy/BUILD/spack_cluster_installer/quartz/ascent/spack\n            _env_dir/linux-rhel7-broadwell/gcc-8.3.1/vtk-m-1.6.0-b77d27rzqzlu7f\n            mbn6ao6vzpnwkzwlib/include/vtkm-1.6/vtkm/cont/ImplicitFunctionHandl",
        "post_context": "     119     {\n     120     ^\n  >> 121    /p/vast1/koparasy/BUILD/spack_cluster_installer/quartz/ascent/spack\n            _env_dir/linux-rhel7-broadwell/gcc-8.3.1/vtk-m-1.6.0-b77d27rzqzlu7f\n            mbn6ao6vzpnwkzwlib/include/vtkm-1.6/vtkm/cont/ImplicitFunctionHandl\n            e.h:48:26: error: 'Scalar' does not name a type; did you mean 'scal",
        "id": 199919,
        "label": "dinos-error"
    },
    {
        "phase": "N/A",
        "source_file": "            e.h",
        "source_line_no": "3",
        "line_no": 754,
        "repeat_count": 0,
        "start": 748,
        "end": 761,
        "text": "e.h:33:1: error: expected class-name before '{' token",
        "pre_context": "     126     #error \"ImplicitFunction with virtual methods is removed. Do not i\n            nclude ImplicitFunctionHeader.h\"\n     127      ^~~~~\n  >> 128    /p/vast1/koparasy/BUILD/spack_cluster_installer/quartz/ascent/spack\n            _env_dir/linux-rhel7-broadwell/gcc-8.3.1/vtk-m-1.6.0-b77d27rzqzlu7f\n            mbn6ao6vzpnwkzwlib/include/vtkm-1.6/vtkm/cont/ImplicitFunctionHandl",
        "post_context": "     129     {\n     130     ^\n  >> 131    /p/vast1/koparasy/BUILD/spack_cluster_installer/quartz/ascent/spack\n            _env_dir/linux-rhel7-broadwell/gcc-8.3.1/vtk-m-1.6.0-b77d27rzqzlu7f\n            mbn6ao6vzpnwkzwlib/include/vtkm-1.6/vtkm/cont/ImplicitFunctionHandl\n            e.h:48:26: error: 'Scalar' does not name a type; did you mean 'scal",
        "id": 199952,
        "label": "dinos-error"
    },
    {
        "phase": "N/A",
        "source_file": "            e.h",
        "source_line_no": "3",
        "line_no": 682,
        "repeat_count": 0,
        "start": 676,
        "end": 689,
        "text": "e.h:33:1: error: expected class-name before '{' token",
        "pre_context": "     114     #error \"ImplicitFunction with virtual methods is removed. Do not i\n            nclude ImplicitFunctionHeader.h\"\n     115      ^~~~~\n  >> 116    /p/vast1/koparasy/BUILD/spack_cluster_installer/quartz/ascent/spack\n            _env_dir/linux-rhel7-broadwell/gcc-8.3.1/vtk-m-1.6.0-b77d27rzqzlu7f\n            mbn6ao6vzpnwkzwlib/include/vtkm-1.6/vtkm/cont/ImplicitFunctionHandl",
        "post_context": "     117     {\n     118     ^\n  >> 119    /p/vast1/koparasy/BUILD/spack_cluster_installer/quartz/ascent/spack\n            _env_dir/linux-rhel7-broadwell/gcc-8.3.1/vtk-m-1.6.0-b77d27rzqzlu7f\n            mbn6ao6vzpnwkzwlib/include/vtkm-1.6/vtkm/cont/ImplicitFunctionHandl\n            e.h:48:26: error: 'Scalar' does not name a type; did you mean 'scal",
        "id": 199989,
        "label": "dinos-error"
    },
    {
        "phase": "N/A",
        "source_file": "            e.h",
        "source_line_no": "3",
        "line_no": 749,
        "repeat_count": 0,
        "start": 743,
        "end": 756,
        "text": "e.h:33:1: error: expected class-name before '{' token",
        "pre_context": "     118     #error \"ImplicitFunction with virtual methods is removed. Do not i\n            nclude ImplicitFunctionHeader.h\"\n     119      ^~~~~\n  >> 120    /p/vast1/koparasy/BUILD/spack_cluster_installer/quartz/ascent/spack\n            _env_dir/linux-rhel7-broadwell/gcc-8.3.1/vtk-m-1.6.0-b77d27rzqzlu7f\n            mbn6ao6vzpnwkzwlib/include/vtkm-1.6/vtkm/cont/ImplicitFunctionHandl",
        "post_context": "     121     {\n     122     ^\n  >> 123    /p/vast1/koparasy/BUILD/spack_cluster_installer/quartz/ascent/spack\n            _env_dir/linux-rhel7-broadwell/gcc-8.3.1/vtk-m-1.6.0-b77d27rzqzlu7f\n            mbn6ao6vzpnwkzwlib/include/vtkm-1.6/vtkm/cont/ImplicitFunctionHandl\n            e.h:48:26: error: 'Scalar' does not name a type; did you mean 'scal",
        "id": 200022,
        "label": "dinos-error"
    },
    {
        "phase": "N/A",
        "source_file": "            e.h",
        "source_line_no": "3",
        "line_no": 749,
        "repeat_count": 0,
        "start": 743,
        "end": 756,
        "text": "e.h:33:1: error: expected class-name before '{' token",
        "pre_context": "     118     #error \"ImplicitFunction with virtual methods is removed. Do not i\n            nclude ImplicitFunctionHeader.h\"\n     119      ^~~~~\n  >> 120    /p/vast1/koparasy/BUILD/spack_cluster_installer/quartz/ascent/spack\n            _env_dir/linux-rhel7-broadwell/gcc-8.3.1/vtk-m-1.6.0-b77d27rzqzlu7f\n            mbn6ao6vzpnwkzwlib/include/vtkm-1.6/vtkm/cont/ImplicitFunctionHandl",
        "post_context": "     121     {\n     122     ^\n  >> 123    /p/vast1/koparasy/BUILD/spack_cluster_installer/quartz/ascent/spack\n            _env_dir/linux-rhel7-broadwell/gcc-8.3.1/vtk-m-1.6.0-b77d27rzqzlu7f\n            mbn6ao6vzpnwkzwlib/include/vtkm-1.6/vtkm/cont/ImplicitFunctionHandl\n            e.h:48:26: error: 'Scalar' does not name a type; did you mean 'scal",
        "id": 200058,
        "label": "dinos-error"
    },
    {
        "phase": "N/A",
        "source_file": "            e.h",
        "source_line_no": "3",
        "line_no": 749,
        "repeat_count": 0,
        "start": 743,
        "end": 756,
        "text": "e.h:33:1: error: expected class-name before '{' token",
        "pre_context": "     118     #error \"ImplicitFunction with virtual methods is removed. Do not i\n            nclude ImplicitFunctionHeader.h\"\n     119      ^~~~~\n  >> 120    /p/vast1/koparasy/BUILD/spack_cluster_installer/quartz/ascent/spack\n            _env_dir/linux-rhel7-broadwell/gcc-8.3.1/vtk-m-1.6.0-b77d27rzqzlu7f\n            mbn6ao6vzpnwkzwlib/include/vtkm-1.6/vtkm/cont/ImplicitFunctionHandl",
        "post_context": "     121     {\n     122     ^\n  >> 123    /p/vast1/koparasy/BUILD/spack_cluster_installer/quartz/ascent/spack\n            _env_dir/linux-rhel7-broadwell/gcc-8.3.1/vtk-m-1.6.0-b77d27rzqzlu7f\n            mbn6ao6vzpnwkzwlib/include/vtkm-1.6/vtkm/cont/ImplicitFunctionHandl\n            e.h:48:26: error: 'Scalar' does not name a type; did you mean 'scal",
        "id": 200091,
        "label": "dinos-error"
    },
    {
        "phase": "N/A",
        "source_file": "            e.h",
        "source_line_no": "3",
        "line_no": 749,
        "repeat_count": 0,
        "start": 743,
        "end": 756,
        "text": "e.h:33:1: error: expected class-name before '{' token",
        "pre_context": "     118     #error \"ImplicitFunction with virtual methods is removed. Do not i\n            nclude ImplicitFunctionHeader.h\"\n     119      ^~~~~\n  >> 120    /p/vast1/koparasy/BUILD/spack_cluster_installer/quartz/ascent/spack\n            _env_dir/linux-rhel7-broadwell/gcc-8.3.1/vtk-m-1.6.0-b77d27rzqzlu7f\n            mbn6ao6vzpnwkzwlib/include/vtkm-1.6/vtkm/cont/ImplicitFunctionHandl",
        "post_context": "     121     {\n     122     ^\n  >> 123    /p/vast1/koparasy/BUILD/spack_cluster_installer/quartz/ascent/spack\n            _env_dir/linux-rhel7-broadwell/gcc-8.3.1/vtk-m-1.6.0-b77d27rzqzlu7f\n            mbn6ao6vzpnwkzwlib/include/vtkm-1.6/vtkm/cont/ImplicitFunctionHandl\n            e.h:48:26: error: 'Scalar' does not name a type; did you mean 'scal",
        "id": 200128,
        "label": "dinos-error"
    },
    {
        "phase": "N/A",
        "source_file": "            e.h",
        "source_line_no": "3",
        "line_no": 749,
        "repeat_count": 0,
        "start": 743,
        "end": 756,
        "text": "e.h:33:1: error: expected class-name before '{' token",
        "pre_context": "     118     #error \"ImplicitFunction with virtual methods is removed. Do not i\n            nclude ImplicitFunctionHeader.h\"\n     119      ^~~~~\n  >> 120    /p/vast1/koparasy/BUILD/spack_cluster_installer/quartz/ascent/spack\n            _env_dir/linux-rhel7-broadwell/gcc-8.3.1/vtk-m-1.6.0-b77d27rzqzlu7f\n            mbn6ao6vzpnwkzwlib/include/vtkm-1.6/vtkm/cont/ImplicitFunctionHandl",
        "post_context": "     121     {\n     122     ^\n  >> 123    /p/vast1/koparasy/BUILD/spack_cluster_installer/quartz/ascent/spack\n            _env_dir/linux-rhel7-broadwell/gcc-8.3.1/vtk-m-1.6.0-b77d27rzqzlu7f\n            mbn6ao6vzpnwkzwlib/include/vtkm-1.6/vtkm/cont/ImplicitFunctionHandl\n            e.h:48:26: error: 'Scalar' does not name a type; did you mean 'scal",
        "id": 200164,
        "label": "dinos-error"
    },
    {
        "phase": "N/A",
        "source_file": "            e.h",
        "source_line_no": "3",
        "line_no": 756,
        "repeat_count": 0,
        "start": 750,
        "end": 763,
        "text": "e.h:33:1: error: expected class-name before '{' token",
        "pre_context": "            ent/spack_env_dir/linux-rhel7-broadwell/gcc-8.3.1/cmake-3.14.4-tcfb\n            txgur5ihpoeakeojq6shzhij56gz/bin/cmake -E cmake_link_script CMakeFi\n            les/vtkh_lodepng.dir/link.txt --verbose=1\n  >> 122    /p/vast1/koparasy/BUILD/spack_cluster_installer/quartz/ascent/spack\n            _env_dir/linux-rhel7-broadwell/gcc-8.3.1/vtk-m-1.6.0-b77d27rzqzlu7f\n            mbn6ao6vzpnwkzwlib/include/vtkm-1.6/vtkm/cont/ImplicitFunctionHandl",
        "post_context": "     123     {\n     124     ^\n  >> 125    /p/vast1/koparasy/BUILD/spack_cluster_installer/quartz/ascent/spack\n            _env_dir/linux-rhel7-broadwell/gcc-8.3.1/vtk-m-1.6.0-b77d27rzqzlu7f\n            mbn6ao6vzpnwkzwlib/include/vtkm-1.6/vtkm/cont/ImplicitFunctionHandl\n            e.h:48:26: error: 'Scalar' does not name a type; did you mean 'scal",
        "id": 200205,
        "label": "dinos-error"
    },
    {
        "phase": "N/A",
        "source_file": "            e.h",
        "source_line_no": "3",
        "line_no": 773,
        "repeat_count": 0,
        "start": 767,
        "end": 780,
        "text": "e.h:33:1: error: expected class-name before '{' token",
        "pre_context": "     116     #error \"ImplicitFunction with virtual methods is removed. Do not i\n            nclude ImplicitFunctionHeader.h\"\n     117      ^~~~~\n  >> 118    /p/vast1/koparasy/BUILD/spack_cluster_installer/quartz/ascent/spack\n            _env_dir/linux-rhel7-broadwell/gcc-8.3.1/vtk-m-1.6.0-b77d27rzqzlu7f\n            mbn6ao6vzpnwkzwlib/include/vtkm-1.6/vtkm/cont/ImplicitFunctionHandl",
        "post_context": "     119     {\n     120     ^\n  >> 121    /p/vast1/koparasy/BUILD/spack_cluster_installer/quartz/ascent/spack\n            _env_dir/linux-rhel7-broadwell/gcc-8.3.1/vtk-m-1.6.0-b77d27rzqzlu7f\n            mbn6ao6vzpnwkzwlib/include/vtkm-1.6/vtkm/cont/ImplicitFunctionHandl\n            e.h:48:26: error: 'Scalar' does not name a type; did you mean 'scal",
        "id": 200242,
        "label": "dinos-error"
    },
    {
        "phase": "N/A",
        "source_file": "            e.h",
        "source_line_no": "3",
        "line_no": 749,
        "repeat_count": 0,
        "start": 743,
        "end": 756,
        "text": "e.h:33:1: error: expected class-name before '{' token",
        "pre_context": "     116     #error \"ImplicitFunction with virtual methods is removed. Do not i\n            nclude ImplicitFunctionHeader.h\"\n     117      ^~~~~\n  >> 118    /p/vast1/koparasy/BUILD/spack_cluster_installer/quartz/ascent/spack\n            _env_dir/linux-rhel7-broadwell/gcc-8.3.1/vtk-m-1.6.0-b77d27rzqzlu7f\n            mbn6ao6vzpnwkzwlib/include/vtkm-1.6/vtkm/cont/ImplicitFunctionHandl",
        "post_context": "     119     {\n     120     ^\n  >> 121    /p/vast1/koparasy/BUILD/spack_cluster_installer/quartz/ascent/spack\n            _env_dir/linux-rhel7-broadwell/gcc-8.3.1/vtk-m-1.6.0-b77d27rzqzlu7f\n            mbn6ao6vzpnwkzwlib/include/vtkm-1.6/vtkm/cont/ImplicitFunctionHandl\n            e.h:48:26: error: 'Scalar' does not name a type; did you mean 'scal",
        "id": 200278,
        "label": "dinos-error"
    },
    {
        "phase": "N/A",
        "source_file": "            e.h",
        "source_line_no": "3",
        "line_no": 773,
        "repeat_count": 0,
        "start": 767,
        "end": 780,
        "text": "e.h:33:1: error: expected class-name before '{' token",
        "pre_context": "     113     #error \"ImplicitFunction with virtual methods is removed. Do not i\n            nclude ImplicitFunctionHeader.h\"\n     114      ^~~~~\n  >> 115    /p/vast1/koparasy/BUILD/spack_cluster_installer/quartz/ascent/spack\n            _env_dir/linux-rhel7-broadwell/gcc-8.3.1/vtk-m-1.6.0-b77d27rzqzlu7f\n            mbn6ao6vzpnwkzwlib/include/vtkm-1.6/vtkm/cont/ImplicitFunctionHandl",
        "post_context": "     116     {\n     117     ^\n  >> 118    /p/vast1/koparasy/BUILD/spack_cluster_installer/quartz/ascent/spack\n            _env_dir/linux-rhel7-broadwell/gcc-8.3.1/vtk-m-1.6.0-b77d27rzqzlu7f\n            mbn6ao6vzpnwkzwlib/include/vtkm-1.6/vtkm/cont/ImplicitFunctionHandl\n            e.h:48:26: error: 'Scalar' does not name a type; did you mean 'scal",
        "id": 200320,
        "label": "dinos-error"
    },
    {
        "phase": "N/A",
        "source_file": "            e.h",
        "source_line_no": "3",
        "line_no": 746,
        "repeat_count": 0,
        "start": 740,
        "end": 753,
        "text": "e.h:33:1: error: expected class-name before '{' token",
        "pre_context": "     115     #error \"ImplicitFunction with virtual methods is removed. Do not i\n            nclude ImplicitFunctionHeader.h\"\n     116      ^~~~~\n  >> 117    /p/vast1/koparasy/BUILD/spack_cluster_installer/quartz/ascent/spack\n            _env_dir/linux-rhel7-broadwell/gcc-8.3.1/vtk-m-1.6.0-b77d27rzqzlu7f\n            mbn6ao6vzpnwkzwlib/include/vtkm-1.6/vtkm/cont/ImplicitFunctionHandl",
        "post_context": "     118     {\n     119     ^\n  >> 120    /p/vast1/koparasy/BUILD/spack_cluster_installer/quartz/ascent/spack\n            _env_dir/linux-rhel7-broadwell/gcc-8.3.1/vtk-m-1.6.0-b77d27rzqzlu7f\n            mbn6ao6vzpnwkzwlib/include/vtkm-1.6/vtkm/cont/ImplicitFunctionHandl\n            e.h:48:26: error: 'Scalar' does not name a type; did you mean 'scal",
        "id": 200347,
        "label": "dinos-error"
    },
    {
        "phase": "N/A",
        "source_file": "            e.h",
        "source_line_no": "3",
        "line_no": 672,
        "repeat_count": 0,
        "start": 666,
        "end": 679,
        "text": "e.h:33:1: error: expected class-name before '{' token",
        "pre_context": "     113     #error \"ImplicitFunction with virtual methods is removed. Do not i\n            nclude ImplicitFunctionHeader.h\"\n     114      ^~~~~\n  >> 115    /p/vast1/koparasy/BUILD/spack_cluster_installer/quartz/ascent/spack\n            _env_dir/linux-rhel7-broadwell/gcc-8.3.1/vtk-m-1.6.0-b77d27rzqzlu7f\n            mbn6ao6vzpnwkzwlib/include/vtkm-1.6/vtkm/cont/ImplicitFunctionHandl",
        "post_context": "     116     {\n     117     ^\n  >> 118    /p/vast1/koparasy/BUILD/spack_cluster_installer/quartz/ascent/spack\n            _env_dir/linux-rhel7-broadwell/gcc-8.3.1/vtk-m-1.6.0-b77d27rzqzlu7f\n            mbn6ao6vzpnwkzwlib/include/vtkm-1.6/vtkm/cont/ImplicitFunctionHandl\n            e.h:48:26: error: 'Scalar' does not name a type; did you mean 'scal",
        "id": 200383,
        "label": "dinos-error"
    },
    {
        "phase": "N/A",
        "source_file": "            e.h",
        "source_line_no": "3",
        "line_no": 657,
        "repeat_count": 0,
        "start": 651,
        "end": 664,
        "text": "e.h:33:1: error: expected class-name before '{' token",
        "pre_context": "     126     #error \"ImplicitFunction with virtual methods is removed. Do not i\n            nclude ImplicitFunctionHeader.h\"\n     127      ^~~~~\n  >> 128    /p/vast1/koparasy/BUILD/spack_cluster_installer/quartz/ascent/spack\n            _env_dir/linux-rhel7-broadwell/gcc-8.3.1/vtk-m-1.6.0-b77d27rzqzlu7f\n            mbn6ao6vzpnwkzwlib/include/vtkm-1.6/vtkm/cont/ImplicitFunctionHandl",
        "post_context": "     129     {\n     130     ^\n  >> 131    /p/vast1/koparasy/BUILD/spack_cluster_installer/quartz/ascent/spack\n            _env_dir/linux-rhel7-broadwell/gcc-8.3.1/vtk-m-1.6.0-b77d27rzqzlu7f\n            mbn6ao6vzpnwkzwlib/include/vtkm-1.6/vtkm/cont/ImplicitFunctionHandl\n            e.h:48:26: error: 'Scalar' does not name a type; did you mean 'scal",
        "id": 200422,
        "label": "dinos-error"
    },
    {
        "phase": "N/A",
        "source_file": "            e.h",
        "source_line_no": "3",
        "line_no": 773,
        "repeat_count": 0,
        "start": 767,
        "end": 780,
        "text": "e.h:33:1: error: expected class-name before '{' token",
        "pre_context": "     113     #error \"ImplicitFunction with virtual methods is removed. Do not i\n            nclude ImplicitFunctionHeader.h\"\n     114      ^~~~~\n  >> 115    /p/vast1/koparasy/BUILD/spack_cluster_installer/quartz/ascent/spack\n            _env_dir/linux-rhel7-broadwell/gcc-8.3.1/vtk-m-1.6.0-b77d27rzqzlu7f\n            mbn6ao6vzpnwkzwlib/include/vtkm-1.6/vtkm/cont/ImplicitFunctionHandl",
        "post_context": "     116     {\n     117     ^\n  >> 118    /p/vast1/koparasy/BUILD/spack_cluster_installer/quartz/ascent/spack\n            _env_dir/linux-rhel7-broadwell/gcc-8.3.1/vtk-m-1.6.0-b77d27rzqzlu7f\n            mbn6ao6vzpnwkzwlib/include/vtkm-1.6/vtkm/cont/ImplicitFunctionHandl\n            e.h:48:26: error: 'Scalar' does not name a type; did you mean 'scal",
        "id": 200500,
        "label": "dinos-error"
    },
    {
        "phase": "N/A",
        "source_file": "            e.h",
        "source_line_no": "3",
        "line_no": 676,
        "repeat_count": 0,
        "start": 670,
        "end": 683,
        "text": "e.h:33:1: error: expected class-name before '{' token",
        "pre_context": "     113     #error \"ImplicitFunction with virtual methods is removed. Do not i\n            nclude ImplicitFunctionHeader.h\"\n     114      ^~~~~\n  >> 115    /p/vast1/koparasy/BUILD/spack_cluster_installer/quartz/ascent/spack\n            _env_dir/linux-rhel7-broadwell/gcc-8.3.1/vtk-m-1.6.0-b77d27rzqzlu7f\n            mbn6ao6vzpnwkzwlib/include/vtkm-1.6/vtkm/cont/ImplicitFunctionHandl",
        "post_context": "     116     {\n     117     ^\n  >> 118    /p/vast1/koparasy/BUILD/spack_cluster_installer/quartz/ascent/spack\n            _env_dir/linux-rhel7-broadwell/gcc-8.3.1/vtk-m-1.6.0-b77d27rzqzlu7f\n            mbn6ao6vzpnwkzwlib/include/vtkm-1.6/vtkm/cont/ImplicitFunctionHandl\n            e.h:48:26: error: 'Scalar' does not name a type; did you mean 'scal",
        "id": 200544,
        "label": "dinos-error"
    },
    {
        "phase": "N/A",
        "source_file": "            e.h",
        "source_line_no": "3",
        "line_no": 753,
        "repeat_count": 0,
        "start": 747,
        "end": 760,
        "text": "e.h:33:1: error: expected class-name before '{' token",
        "pre_context": "     126     #error \"ImplicitFunction with virtual methods is removed. Do not i\n            nclude ImplicitFunctionHeader.h\"\n     127      ^~~~~\n  >> 128    /p/vast1/koparasy/BUILD/spack_cluster_installer/quartz/ascent/spack\n            _env_dir/linux-rhel7-broadwell/gcc-8.3.1/vtk-m-1.6.0-b77d27rzqzlu7f\n            mbn6ao6vzpnwkzwlib/include/vtkm-1.6/vtkm/cont/ImplicitFunctionHandl",
        "post_context": "     129     {\n     130     ^\n  >> 131    /p/vast1/koparasy/BUILD/spack_cluster_installer/quartz/ascent/spack\n            _env_dir/linux-rhel7-broadwell/gcc-8.3.1/vtk-m-1.6.0-b77d27rzqzlu7f\n            mbn6ao6vzpnwkzwlib/include/vtkm-1.6/vtkm/cont/ImplicitFunctionHandl\n            e.h:48:26: error: 'Scalar' does not name a type; did you mean 'scal",
        "id": 200580,
        "label": "dinos-error"
    },
    {
        "phase": "N/A",
        "source_file": "            e.h",
        "source_line_no": "3",
        "line_no": 753,
        "repeat_count": 0,
        "start": 747,
        "end": 760,
        "text": "e.h:33:1: error: expected class-name before '{' token",
        "pre_context": "     114     #error \"ImplicitFunction with virtual methods is removed. Do not i\n            nclude ImplicitFunctionHeader.h\"\n     115      ^~~~~\n  >> 116    /p/vast1/koparasy/BUILD/spack_cluster_installer/quartz/ascent/spack\n            _env_dir/linux-rhel7-broadwell/gcc-8.3.1/vtk-m-1.6.0-b77d27rzqzlu7f\n            mbn6ao6vzpnwkzwlib/include/vtkm-1.6/vtkm/cont/ImplicitFunctionHandl",
        "post_context": "     117     {\n     118     ^\n  >> 119    /p/vast1/koparasy/BUILD/spack_cluster_installer/quartz/ascent/spack\n            _env_dir/linux-rhel7-broadwell/gcc-8.3.1/vtk-m-1.6.0-b77d27rzqzlu7f\n            mbn6ao6vzpnwkzwlib/include/vtkm-1.6/vtkm/cont/ImplicitFunctionHandl\n            e.h:48:26: error: 'Scalar' does not name a type; did you mean 'scal",
        "id": 200615,
        "label": "dinos-error"
    },
    {
        "phase": "N/A",
        "source_file": "            e.h",
        "source_line_no": "3",
        "line_no": 779,
        "repeat_count": 0,
        "start": 773,
        "end": 786,
        "text": "e.h:33:1: error: expected class-name before '{' token",
        "pre_context": "     126     #error \"ImplicitFunction with virtual methods is removed. Do not i\n            nclude ImplicitFunctionHeader.h\"\n     127      ^~~~~\n  >> 128    /p/vast1/koparasy/BUILD/spack_cluster_installer/quartz/ascent/spack\n            _env_dir/linux-rhel7-broadwell/gcc-8.3.1/vtk-m-1.6.0-b77d27rzqzlu7f\n            mbn6ao6vzpnwkzwlib/include/vtkm-1.6/vtkm/cont/ImplicitFunctionHandl",
        "post_context": "     129     {\n     130     ^\n  >> 131    /p/vast1/koparasy/BUILD/spack_cluster_installer/quartz/ascent/spack\n            _env_dir/linux-rhel7-broadwell/gcc-8.3.1/vtk-m-1.6.0-b77d27rzqzlu7f\n            mbn6ao6vzpnwkzwlib/include/vtkm-1.6/vtkm/cont/ImplicitFunctionHandl\n            e.h:48:26: error: 'Scalar' does not name a type; did you mean 'scal",
        "id": 200639,
        "label": "dinos-error"
    },
    {
        "phase": "N/A",
        "source_file": "            e.h",
        "source_line_no": "3",
        "line_no": 773,
        "repeat_count": 0,
        "start": 767,
        "end": 780,
        "text": "e.h:33:1: error: expected class-name before '{' token",
        "pre_context": "     116     #error \"ImplicitFunction with virtual methods is removed. Do not i\n            nclude ImplicitFunctionHeader.h\"\n     117      ^~~~~\n  >> 118    /p/vast1/koparasy/BUILD/spack_cluster_installer/quartz/ascent/spack\n            _env_dir/linux-rhel7-broadwell/gcc-8.3.1/vtk-m-1.6.0-b77d27rzqzlu7f\n            mbn6ao6vzpnwkzwlib/include/vtkm-1.6/vtkm/cont/ImplicitFunctionHandl",
        "post_context": "     119     {\n     120     ^\n  >> 121    /p/vast1/koparasy/BUILD/spack_cluster_installer/quartz/ascent/spack\n            _env_dir/linux-rhel7-broadwell/gcc-8.3.1/vtk-m-1.6.0-b77d27rzqzlu7f\n            mbn6ao6vzpnwkzwlib/include/vtkm-1.6/vtkm/cont/ImplicitFunctionHandl\n            e.h:48:26: error: 'Scalar' does not name a type; did you mean 'scal",
        "id": 200677,
        "label": "dinos-error"
    },
    {
        "phase": "N/A",
        "source_file": "            e.h",
        "source_line_no": "3",
        "line_no": 749,
        "repeat_count": 0,
        "start": 743,
        "end": 756,
        "text": "e.h:33:1: error: expected class-name before '{' token",
        "pre_context": "     118     #error \"ImplicitFunction with virtual methods is removed. Do not i\n            nclude ImplicitFunctionHeader.h\"\n     119      ^~~~~\n  >> 120    /p/vast1/koparasy/BUILD/spack_cluster_installer/quartz/ascent/spack\n            _env_dir/linux-rhel7-broadwell/gcc-8.3.1/vtk-m-1.6.0-b77d27rzqzlu7f\n            mbn6ao6vzpnwkzwlib/include/vtkm-1.6/vtkm/cont/ImplicitFunctionHandl",
        "post_context": "     121     {\n     122     ^\n  >> 123    /p/vast1/koparasy/BUILD/spack_cluster_installer/quartz/ascent/spack\n            _env_dir/linux-rhel7-broadwell/gcc-8.3.1/vtk-m-1.6.0-b77d27rzqzlu7f\n            mbn6ao6vzpnwkzwlib/include/vtkm-1.6/vtkm/cont/ImplicitFunctionHandl\n            e.h:48:26: error: 'Scalar' does not name a type; did you mean 'scal",
        "id": 200701,
        "label": "dinos-error"
    },
    {
        "phase": "N/A",
        "source_file": "            e.h",
        "source_line_no": "3",
        "line_no": 777,
        "repeat_count": 0,
        "start": 771,
        "end": 784,
        "text": "e.h:33:1: error: expected class-name before '{' token",
        "pre_context": "            .cpp.o -c /tmp/koparasy/spack-stage/spack-stage-vtk-h-0.6.1-vaw22hl\n            5jcxw7fn2wyvstdt5boodfwzr/spack-src/src/vtkh/vtkm_filters/vtkmClipW\n            ithField.cpp\n  >> 117    /p/vast1/koparasy/BUILD/spack_cluster_installer/quartz/ascent/spack\n            _env_dir/linux-rhel7-broadwell/gcc-8.3.1/vtk-m-1.6.0-b77d27rzqzlu7f\n            mbn6ao6vzpnwkzwlib/include/vtkm-1.6/vtkm/cont/ImplicitFunctionHandl",
        "post_context": "     118     {\n     119     ^\n  >> 120    /p/vast1/koparasy/BUILD/spack_cluster_installer/quartz/ascent/spack\n            _env_dir/linux-rhel7-broadwell/gcc-8.3.1/vtk-m-1.6.0-b77d27rzqzlu7f\n            mbn6ao6vzpnwkzwlib/include/vtkm-1.6/vtkm/cont/ImplicitFunctionHandl\n            e.h:48:26: error: 'Scalar' does not name a type; did you mean 'scal",
        "id": 200744,
        "label": "dinos-error"
    },
    {
        "phase": "N/A",
        "source_file": "            e.h",
        "source_line_no": "3",
        "line_no": 779,
        "repeat_count": 0,
        "start": 773,
        "end": 786,
        "text": "e.h:33:1: error: expected class-name before '{' token",
        "pre_context": "     126     #error \"ImplicitFunction with virtual methods is removed. Do not i\n            nclude ImplicitFunctionHeader.h\"\n     127      ^~~~~\n  >> 128    /p/vast1/koparasy/BUILD/spack_cluster_installer/quartz/ascent/spack\n            _env_dir/linux-rhel7-broadwell/gcc-8.3.1/vtk-m-1.6.0-b77d27rzqzlu7f\n            mbn6ao6vzpnwkzwlib/include/vtkm-1.6/vtkm/cont/ImplicitFunctionHandl",
        "post_context": "     129     {\n     130     ^\n  >> 131    /p/vast1/koparasy/BUILD/spack_cluster_installer/quartz/ascent/spack\n            _env_dir/linux-rhel7-broadwell/gcc-8.3.1/vtk-m-1.6.0-b77d27rzqzlu7f\n            mbn6ao6vzpnwkzwlib/include/vtkm-1.6/vtkm/cont/ImplicitFunctionHandl\n            e.h:48:26: error: 'Scalar' does not name a type; did you mean 'scal",
        "id": 200780,
        "label": "dinos-error"
    },
    {
        "phase": "N/A",
        "source_file": "            e.h",
        "source_line_no": "3",
        "line_no": 780,
        "repeat_count": 0,
        "start": 774,
        "end": 787,
        "text": "e.h:33:1: error: expected class-name before '{' token",
        "pre_context": "     126     #error \"ImplicitFunction with virtual methods is removed. Do not i\n            nclude ImplicitFunctionHeader.h\"\n     127      ^~~~~\n  >> 128    /p/vast1/koparasy/BUILD/spack_cluster_installer/quartz/ascent/spack\n            _env_dir/linux-rhel7-broadwell/gcc-8.3.1/vtk-m-1.6.0-b77d27rzqzlu7f\n            mbn6ao6vzpnwkzwlib/include/vtkm-1.6/vtkm/cont/ImplicitFunctionHandl",
        "post_context": "     129     {\n     130     ^\n  >> 131    /p/vast1/koparasy/BUILD/spack_cluster_installer/quartz/ascent/spack\n            _env_dir/linux-rhel7-broadwell/gcc-8.3.1/vtk-m-1.6.0-b77d27rzqzlu7f\n            mbn6ao6vzpnwkzwlib/include/vtkm-1.6/vtkm/cont/ImplicitFunctionHandl\n            e.h:48:26: error: 'Scalar' does not name a type; did you mean 'scal",
        "id": 200813,
        "label": "dinos-error"
    },
    {
        "phase": "N/A",
        "source_file": "            e.h",
        "source_line_no": "3",
        "line_no": 773,
        "repeat_count": 0,
        "start": 767,
        "end": 780,
        "text": "e.h:33:1: error: expected class-name before '{' token",
        "pre_context": "     116     #error \"ImplicitFunction with virtual methods is removed. Do not i\n            nclude ImplicitFunctionHeader.h\"\n     117      ^~~~~\n  >> 118    /p/vast1/koparasy/BUILD/spack_cluster_installer/quartz/ascent/spack\n            _env_dir/linux-rhel7-broadwell/gcc-8.3.1/vtk-m-1.6.0-b77d27rzqzlu7f\n            mbn6ao6vzpnwkzwlib/include/vtkm-1.6/vtkm/cont/ImplicitFunctionHandl",
        "post_context": "     119     {\n     120     ^\n  >> 121    /p/vast1/koparasy/BUILD/spack_cluster_installer/quartz/ascent/spack\n            _env_dir/linux-rhel7-broadwell/gcc-8.3.1/vtk-m-1.6.0-b77d27rzqzlu7f\n            mbn6ao6vzpnwkzwlib/include/vtkm-1.6/vtkm/cont/ImplicitFunctionHandl\n            e.h:48:26: error: 'Scalar' does not name a type; did you mean 'scal",
        "id": 200846,
        "label": "dinos-error"
    },
    {
        "phase": "N/A",
        "source_file": "            e.h",
        "source_line_no": "3",
        "line_no": 750,
        "repeat_count": 0,
        "start": 744,
        "end": 757,
        "text": "e.h:33:1: error: expected class-name before '{' token",
        "pre_context": "     111     #error \"ImplicitFunction with virtual methods is removed. Do not i\n            nclude ImplicitFunctionHeader.h\"\n     112      ^~~~~\n  >> 113    /p/vast1/koparasy/BUILD/spack_cluster_installer/quartz/ascent/spack\n            _env_dir/linux-rhel7-broadwell/gcc-8.3.1/vtk-m-1.6.0-b77d27rzqzlu7f\n            mbn6ao6vzpnwkzwlib/include/vtkm-1.6/vtkm/cont/ImplicitFunctionHandl",
        "post_context": "     114     {\n     115     ^\n  >> 116    /p/vast1/koparasy/BUILD/spack_cluster_installer/quartz/ascent/spack\n            _env_dir/linux-rhel7-broadwell/gcc-8.3.1/vtk-m-1.6.0-b77d27rzqzlu7f\n            mbn6ao6vzpnwkzwlib/include/vtkm-1.6/vtkm/cont/ImplicitFunctionHandl\n            e.h:48:26: error: 'Scalar' does not name a type; did you mean 'scal",
        "id": 200914,
        "label": "dinos-error"
    },
    {
        "phase": "N/A",
        "source_file": "            e.h",
        "source_line_no": "3",
        "line_no": 779,
        "repeat_count": 0,
        "start": 773,
        "end": 786,
        "text": "e.h:33:1: error: expected class-name before '{' token",
        "pre_context": "     126     #error \"ImplicitFunction with virtual methods is removed. Do not i\n            nclude ImplicitFunctionHeader.h\"\n     127      ^~~~~\n  >> 128    /p/vast1/koparasy/BUILD/spack_cluster_installer/quartz/ascent/spack\n            _env_dir/linux-rhel7-broadwell/gcc-8.3.1/vtk-m-1.6.0-b77d27rzqzlu7f\n            mbn6ao6vzpnwkzwlib/include/vtkm-1.6/vtkm/cont/ImplicitFunctionHandl",
        "post_context": "     129     {\n     130     ^\n  >> 131    /p/vast1/koparasy/BUILD/spack_cluster_installer/quartz/ascent/spack\n            _env_dir/linux-rhel7-broadwell/gcc-8.3.1/vtk-m-1.6.0-b77d27rzqzlu7f\n            mbn6ao6vzpnwkzwlib/include/vtkm-1.6/vtkm/cont/ImplicitFunctionHandl\n            e.h:48:26: error: 'Scalar' does not name a type; did you mean 'scal",
        "id": 200945,
        "label": "dinos-error"
    },
    {
        "phase": "N/A",
        "source_file": "            e.h",
        "source_line_no": "3",
        "line_no": 779,
        "repeat_count": 0,
        "start": 773,
        "end": 786,
        "text": "e.h:33:1: error: expected class-name before '{' token",
        "pre_context": "     114     #error \"ImplicitFunction with virtual methods is removed. Do not i\n            nclude ImplicitFunctionHeader.h\"\n     115      ^~~~~\n  >> 116    /p/vast1/koparasy/BUILD/spack_cluster_installer/quartz/ascent/spack\n            _env_dir/linux-rhel7-broadwell/gcc-8.3.1/vtk-m-1.6.0-b77d27rzqzlu7f\n            mbn6ao6vzpnwkzwlib/include/vtkm-1.6/vtkm/cont/ImplicitFunctionHandl",
        "post_context": "     117     {\n     118     ^\n  >> 119    /p/vast1/koparasy/BUILD/spack_cluster_installer/quartz/ascent/spack\n            _env_dir/linux-rhel7-broadwell/gcc-8.3.1/vtk-m-1.6.0-b77d27rzqzlu7f\n            mbn6ao6vzpnwkzwlib/include/vtkm-1.6/vtkm/cont/ImplicitFunctionHandl\n            e.h:48:26: error: 'Scalar' does not name a type; did you mean 'scal",
        "id": 200978,
        "label": "dinos-error"
    },
    {
        "phase": "N/A",
        "source_file": "            e.h",
        "source_line_no": "3",
        "line_no": 750,
        "repeat_count": 0,
        "start": 744,
        "end": 757,
        "text": "e.h:33:1: error: expected class-name before '{' token",
        "pre_context": "     111     #error \"ImplicitFunction with virtual methods is removed. Do not i\n            nclude ImplicitFunctionHeader.h\"\n     112      ^~~~~\n  >> 113    /p/vast1/koparasy/BUILD/spack_cluster_installer/quartz/ascent/spack\n            _env_dir/linux-rhel7-broadwell/gcc-8.3.1/vtk-m-1.6.0-b77d27rzqzlu7f\n            mbn6ao6vzpnwkzwlib/include/vtkm-1.6/vtkm/cont/ImplicitFunctionHandl",
        "post_context": "     114     {\n     115     ^\n  >> 116    /p/vast1/koparasy/BUILD/spack_cluster_installer/quartz/ascent/spack\n            _env_dir/linux-rhel7-broadwell/gcc-8.3.1/vtk-m-1.6.0-b77d27rzqzlu7f\n            mbn6ao6vzpnwkzwlib/include/vtkm-1.6/vtkm/cont/ImplicitFunctionHandl\n            e.h:48:26: error: 'Scalar' does not name a type; did you mean 'scal",
        "id": 201021,
        "label": "dinos-error"
    },
    {
        "phase": "N/A",
        "source_file": "            e.h",
        "source_line_no": "3",
        "line_no": 749,
        "repeat_count": 0,
        "start": 743,
        "end": 756,
        "text": "e.h:33:1: error: expected class-name before '{' token",
        "pre_context": "     116     #error \"ImplicitFunction with virtual methods is removed. Do not i\n            nclude ImplicitFunctionHeader.h\"\n     117      ^~~~~\n  >> 118    /p/vast1/koparasy/BUILD/spack_cluster_installer/quartz/ascent/spack\n            _env_dir/linux-rhel7-broadwell/gcc-8.3.1/vtk-m-1.6.0-b77d27rzqzlu7f\n            mbn6ao6vzpnwkzwlib/include/vtkm-1.6/vtkm/cont/ImplicitFunctionHandl",
        "post_context": "     119     {\n     120     ^\n  >> 121    /p/vast1/koparasy/BUILD/spack_cluster_installer/quartz/ascent/spack\n            _env_dir/linux-rhel7-broadwell/gcc-8.3.1/vtk-m-1.6.0-b77d27rzqzlu7f\n            mbn6ao6vzpnwkzwlib/include/vtkm-1.6/vtkm/cont/ImplicitFunctionHandl\n            e.h:48:26: error: 'Scalar' does not name a type; did you mean 'scal",
        "id": 201051,
        "label": "dinos-error"
    },
    {
        "phase": "N/A",
        "source_file": "            e.h",
        "source_line_no": "3",
        "line_no": 773,
        "repeat_count": 0,
        "start": 767,
        "end": 780,
        "text": "e.h:33:1: error: expected class-name before '{' token",
        "pre_context": "     116     #error \"ImplicitFunction with virtual methods is removed. Do not i\n            nclude ImplicitFunctionHeader.h\"\n     117      ^~~~~\n  >> 118    /p/vast1/koparasy/BUILD/spack_cluster_installer/quartz/ascent/spack\n            _env_dir/linux-rhel7-broadwell/gcc-8.3.1/vtk-m-1.6.0-b77d27rzqzlu7f\n            mbn6ao6vzpnwkzwlib/include/vtkm-1.6/vtkm/cont/ImplicitFunctionHandl",
        "post_context": "     119     {\n     120     ^\n  >> 121    /p/vast1/koparasy/BUILD/spack_cluster_installer/quartz/ascent/spack\n            _env_dir/linux-rhel7-broadwell/gcc-8.3.1/vtk-m-1.6.0-b77d27rzqzlu7f\n            mbn6ao6vzpnwkzwlib/include/vtkm-1.6/vtkm/cont/ImplicitFunctionHandl\n            e.h:48:26: error: 'Scalar' does not name a type; did you mean 'scal",
        "id": 201088,
        "label": "dinos-error"
    },
    {
        "phase": "N/A",
        "source_file": "            e.h",
        "source_line_no": "3",
        "line_no": 749,
        "repeat_count": 0,
        "start": 743,
        "end": 756,
        "text": "e.h:33:1: error: expected class-name before '{' token",
        "pre_context": "     113     #error \"ImplicitFunction with virtual methods is removed. Do not i\n            nclude ImplicitFunctionHeader.h\"\n     114      ^~~~~\n  >> 115    /p/vast1/koparasy/BUILD/spack_cluster_installer/quartz/ascent/spack\n            _env_dir/linux-rhel7-broadwell/gcc-8.3.1/vtk-m-1.6.0-b77d27rzqzlu7f\n            mbn6ao6vzpnwkzwlib/include/vtkm-1.6/vtkm/cont/ImplicitFunctionHandl",
        "post_context": "     116     {\n     117     ^\n  >> 118    /p/vast1/koparasy/BUILD/spack_cluster_installer/quartz/ascent/spack\n            _env_dir/linux-rhel7-broadwell/gcc-8.3.1/vtk-m-1.6.0-b77d27rzqzlu7f\n            mbn6ao6vzpnwkzwlib/include/vtkm-1.6/vtkm/cont/ImplicitFunctionHandl\n            e.h:48:26: error: 'Scalar' does not name a type; did you mean 'scal",
        "id": 201121,
        "label": "dinos-error"
    },
    {
        "phase": "N/A",
        "source_file": "            e.h",
        "source_line_no": "3",
        "line_no": 749,
        "repeat_count": 0,
        "start": 743,
        "end": 756,
        "text": "e.h:33:1: error: expected class-name before '{' token",
        "pre_context": "     116     #error \"ImplicitFunction with virtual methods is removed. Do not i\n            nclude ImplicitFunctionHeader.h\"\n     117      ^~~~~\n  >> 118    /p/vast1/koparasy/BUILD/spack_cluster_installer/quartz/ascent/spack\n            _env_dir/linux-rhel7-broadwell/gcc-8.3.1/vtk-m-1.6.0-b77d27rzqzlu7f\n            mbn6ao6vzpnwkzwlib/include/vtkm-1.6/vtkm/cont/ImplicitFunctionHandl",
        "post_context": "     119     {\n     120     ^\n  >> 121    /p/vast1/koparasy/BUILD/spack_cluster_installer/quartz/ascent/spack\n            _env_dir/linux-rhel7-broadwell/gcc-8.3.1/vtk-m-1.6.0-b77d27rzqzlu7f\n            mbn6ao6vzpnwkzwlib/include/vtkm-1.6/vtkm/cont/ImplicitFunctionHandl\n            e.h:48:26: error: 'Scalar' does not name a type; did you mean 'scal",
        "id": 201165,
        "label": "dinos-error"
    },
    {
        "phase": "N/A",
        "source_file": "            e.h",
        "source_line_no": "3",
        "line_no": 749,
        "repeat_count": 0,
        "start": 743,
        "end": 756,
        "text": "e.h:33:1: error: expected class-name before '{' token",
        "pre_context": "     115     #error \"ImplicitFunction with virtual methods is removed. Do not i\n            nclude ImplicitFunctionHeader.h\"\n     116      ^~~~~\n  >> 117    /p/vast1/koparasy/BUILD/spack_cluster_installer/quartz/ascent/spack\n            _env_dir/linux-rhel7-broadwell/gcc-8.3.1/vtk-m-1.6.0-b77d27rzqzlu7f\n            mbn6ao6vzpnwkzwlib/include/vtkm-1.6/vtkm/cont/ImplicitFunctionHandl",
        "post_context": "     118     {\n     119     ^\n  >> 120    /p/vast1/koparasy/BUILD/spack_cluster_installer/quartz/ascent/spack\n            _env_dir/linux-rhel7-broadwell/gcc-8.3.1/vtk-m-1.6.0-b77d27rzqzlu7f\n            mbn6ao6vzpnwkzwlib/include/vtkm-1.6/vtkm/cont/ImplicitFunctionHandl\n            e.h:48:26: error: 'Scalar' does not name a type; did you mean 'scal",
        "id": 201193,
        "label": "dinos-error"
    },
    {
        "phase": "N/A",
        "source_file": "            e.h",
        "source_line_no": "3",
        "line_no": 677,
        "repeat_count": 0,
        "start": 671,
        "end": 684,
        "text": "e.h:33:1: error: expected class-name before '{' token",
        "pre_context": "     116     #error \"ImplicitFunction with virtual methods is removed. Do not i\n            nclude ImplicitFunctionHeader.h\"\n     117      ^~~~~\n  >> 118    /p/vast1/koparasy/BUILD/spack_cluster_installer/quartz/ascent/spack\n            _env_dir/linux-rhel7-broadwell/gcc-8.3.1/vtk-m-1.6.0-b77d27rzqzlu7f\n            mbn6ao6vzpnwkzwlib/include/vtkm-1.6/vtkm/cont/ImplicitFunctionHandl",
        "post_context": "     119     {\n     120     ^\n  >> 121    /p/vast1/koparasy/BUILD/spack_cluster_installer/quartz/ascent/spack\n            _env_dir/linux-rhel7-broadwell/gcc-8.3.1/vtk-m-1.6.0-b77d27rzqzlu7f\n            mbn6ao6vzpnwkzwlib/include/vtkm-1.6/vtkm/cont/ImplicitFunctionHandl\n            e.h:48:26: error: 'Scalar' does not name a type; did you mean 'scal",
        "id": 201229,
        "label": "dinos-error"
    },
    {
        "phase": "N/A",
        "source_file": "            e.h",
        "source_line_no": "3",
        "line_no": 754,
        "repeat_count": 0,
        "start": 748,
        "end": 761,
        "text": "e.h:33:1: error: expected class-name before '{' token",
        "pre_context": "     114     #error \"ImplicitFunction with virtual methods is removed. Do not i\n            nclude ImplicitFunctionHeader.h\"\n     115      ^~~~~\n  >> 116    /p/vast1/koparasy/BUILD/spack_cluster_installer/quartz/ascent/spack\n            _env_dir/linux-rhel7-broadwell/gcc-8.3.1/vtk-m-1.6.0-b77d27rzqzlu7f\n            mbn6ao6vzpnwkzwlib/include/vtkm-1.6/vtkm/cont/ImplicitFunctionHandl",
        "post_context": "     117     {\n     118     ^\n  >> 119    /p/vast1/koparasy/BUILD/spack_cluster_installer/quartz/ascent/spack\n            _env_dir/linux-rhel7-broadwell/gcc-8.3.1/vtk-m-1.6.0-b77d27rzqzlu7f\n            mbn6ao6vzpnwkzwlib/include/vtkm-1.6/vtkm/cont/ImplicitFunctionHandl\n            e.h:48:26: error: 'Scalar' does not name a type; did you mean 'scal",
        "id": 201253,
        "label": "dinos-error"
    },
    {
        "phase": "N/A",
        "source_file": "            e.h",
        "source_line_no": "3",
        "line_no": 779,
        "repeat_count": 0,
        "start": 773,
        "end": 786,
        "text": "e.h:33:1: error: expected class-name before '{' token",
        "pre_context": "     126     #error \"ImplicitFunction with virtual methods is removed. Do not i\n            nclude ImplicitFunctionHeader.h\"\n     127      ^~~~~\n  >> 128    /p/vast1/koparasy/BUILD/spack_cluster_installer/quartz/ascent/spack\n            _env_dir/linux-rhel7-broadwell/gcc-8.3.1/vtk-m-1.6.0-b77d27rzqzlu7f\n            mbn6ao6vzpnwkzwlib/include/vtkm-1.6/vtkm/cont/ImplicitFunctionHandl",
        "post_context": "     129     {\n     130     ^\n  >> 131    /p/vast1/koparasy/BUILD/spack_cluster_installer/quartz/ascent/spack\n            _env_dir/linux-rhel7-broadwell/gcc-8.3.1/vtk-m-1.6.0-b77d27rzqzlu7f\n            mbn6ao6vzpnwkzwlib/include/vtkm-1.6/vtkm/cont/ImplicitFunctionHandl\n            e.h:48:26: error: 'Scalar' does not name a type; did you mean 'scal",
        "id": 201286,
        "label": "dinos-error"
    },
    {
        "phase": "N/A",
        "source_file": "            e.h",
        "source_line_no": "3",
        "line_no": 648,
        "repeat_count": 0,
        "start": 642,
        "end": 655,
        "text": "e.h:33:1: error: expected class-name before '{' token",
        "pre_context": "     111     #error \"ImplicitFunction with virtual methods is removed. Do not i\n            nclude ImplicitFunctionHeader.h\"\n     112      ^~~~~\n  >> 113    /p/vast1/koparasy/BUILD/spack_cluster_installer/quartz/ascent/spack\n            _env_dir/linux-rhel7-broadwell/gcc-8.3.1/vtk-m-1.6.0-b77d27rzqzlu7f\n            mbn6ao6vzpnwkzwlib/include/vtkm-1.6/vtkm/cont/ImplicitFunctionHandl",
        "post_context": "     114     {\n     115     ^\n  >> 116    /p/vast1/koparasy/BUILD/spack_cluster_installer/quartz/ascent/spack\n            _env_dir/linux-rhel7-broadwell/gcc-8.3.1/vtk-m-1.6.0-b77d27rzqzlu7f\n            mbn6ao6vzpnwkzwlib/include/vtkm-1.6/vtkm/cont/ImplicitFunctionHandl\n            e.h:48:26: error: 'Scalar' does not name a type; did you mean 'scal",
        "id": 201319,
        "label": "dinos-error"
    },
    {
        "phase": "N/A",
        "source_file": "            e.h",
        "source_line_no": "3",
        "line_no": 753,
        "repeat_count": 0,
        "start": 747,
        "end": 760,
        "text": "e.h:33:1: error: expected class-name before '{' token",
        "pre_context": "     123     #error \"ImplicitFunction with virtual methods is removed. Do not i\n            nclude ImplicitFunctionHeader.h\"\n     124      ^~~~~\n  >> 125    /p/vast1/koparasy/BUILD/spack_cluster_installer/quartz/ascent/spack\n            _env_dir/linux-rhel7-broadwell/gcc-8.3.1/vtk-m-1.6.0-b77d27rzqzlu7f\n            mbn6ao6vzpnwkzwlib/include/vtkm-1.6/vtkm/cont/ImplicitFunctionHandl",
        "post_context": "     126     {\n     127     ^\n  >> 128    /p/vast1/koparasy/BUILD/spack_cluster_installer/quartz/ascent/spack\n            _env_dir/linux-rhel7-broadwell/gcc-8.3.1/vtk-m-1.6.0-b77d27rzqzlu7f\n            mbn6ao6vzpnwkzwlib/include/vtkm-1.6/vtkm/cont/ImplicitFunctionHandl\n            e.h:48:26: error: 'Scalar' does not name a type; did you mean 'scal",
        "id": 201355,
        "label": "dinos-error"
    },
    {
        "phase": "N/A",
        "source_file": "            e.h",
        "source_line_no": "3",
        "line_no": 773,
        "repeat_count": 0,
        "start": 767,
        "end": 780,
        "text": "e.h:33:1: error: expected class-name before '{' token",
        "pre_context": "     116     #error \"ImplicitFunction with virtual methods is removed. Do not i\n            nclude ImplicitFunctionHeader.h\"\n     117      ^~~~~\n  >> 118    /p/vast1/koparasy/BUILD/spack_cluster_installer/quartz/ascent/spack\n            _env_dir/linux-rhel7-broadwell/gcc-8.3.1/vtk-m-1.6.0-b77d27rzqzlu7f\n            mbn6ao6vzpnwkzwlib/include/vtkm-1.6/vtkm/cont/ImplicitFunctionHandl",
        "post_context": "     119     {\n     120     ^\n  >> 121    /p/vast1/koparasy/BUILD/spack_cluster_installer/quartz/ascent/spack\n            _env_dir/linux-rhel7-broadwell/gcc-8.3.1/vtk-m-1.6.0-b77d27rzqzlu7f\n            mbn6ao6vzpnwkzwlib/include/vtkm-1.6/vtkm/cont/ImplicitFunctionHandl\n            e.h:48:26: error: 'Scalar' does not name a type; did you mean 'scal",
        "id": 201395,
        "label": "dinos-error"
    },
    {
        "phase": "N/A",
        "source_file": "            e.h",
        "source_line_no": "3",
        "line_no": 773,
        "repeat_count": 0,
        "start": 767,
        "end": 780,
        "text": "e.h:33:1: error: expected class-name before '{' token",
        "pre_context": "     116     #error \"ImplicitFunction with virtual methods is removed. Do not i\n            nclude ImplicitFunctionHeader.h\"\n     117      ^~~~~\n  >> 118    /p/vast1/koparasy/BUILD/spack_cluster_installer/quartz/ascent/spack\n            _env_dir/linux-rhel7-broadwell/gcc-8.3.1/vtk-m-1.6.0-b77d27rzqzlu7f\n            mbn6ao6vzpnwkzwlib/include/vtkm-1.6/vtkm/cont/ImplicitFunctionHandl",
        "post_context": "     119     {\n     120     ^\n  >> 121    /p/vast1/koparasy/BUILD/spack_cluster_installer/quartz/ascent/spack\n            _env_dir/linux-rhel7-broadwell/gcc-8.3.1/vtk-m-1.6.0-b77d27rzqzlu7f\n            mbn6ao6vzpnwkzwlib/include/vtkm-1.6/vtkm/cont/ImplicitFunctionHandl\n            e.h:48:26: error: 'Scalar' does not name a type; did you mean 'scal",
        "id": 201436,
        "label": "dinos-error"
    },
    {
        "phase": "N/A",
        "source_file": "            e.h",
        "source_line_no": "3",
        "line_no": 753,
        "repeat_count": 0,
        "start": 747,
        "end": 760,
        "text": "e.h:33:1: error: expected class-name before '{' token",
        "pre_context": "     126     #error \"ImplicitFunction with virtual methods is removed. Do not i\n            nclude ImplicitFunctionHeader.h\"\n     127      ^~~~~\n  >> 128    /p/vast1/koparasy/BUILD/spack_cluster_installer/quartz/ascent/spack\n            _env_dir/linux-rhel7-broadwell/gcc-8.3.1/vtk-m-1.6.0-b77d27rzqzlu7f\n            mbn6ao6vzpnwkzwlib/include/vtkm-1.6/vtkm/cont/ImplicitFunctionHandl",
        "post_context": "     129     {\n     130     ^\n  >> 131    /p/vast1/koparasy/BUILD/spack_cluster_installer/quartz/ascent/spack\n            _env_dir/linux-rhel7-broadwell/gcc-8.3.1/vtk-m-1.6.0-b77d27rzqzlu7f\n            mbn6ao6vzpnwkzwlib/include/vtkm-1.6/vtkm/cont/ImplicitFunctionHandl\n            e.h:48:26: error: 'Scalar' does not name a type; did you mean 'scal",
        "id": 201476,
        "label": "dinos-error"
    },
    {
        "phase": "N/A",
        "source_file": "            e.h",
        "source_line_no": "3",
        "line_no": 754,
        "repeat_count": 0,
        "start": 748,
        "end": 761,
        "text": "e.h:33:1: error: expected class-name before '{' token",
        "pre_context": "     126     #error \"ImplicitFunction with virtual methods is removed. Do not i\n            nclude ImplicitFunctionHeader.h\"\n     127      ^~~~~\n  >> 128    /p/vast1/koparasy/BUILD/spack_cluster_installer/quartz/ascent/spack\n            _env_dir/linux-rhel7-broadwell/gcc-8.3.1/vtk-m-1.6.0-b77d27rzqzlu7f\n            mbn6ao6vzpnwkzwlib/include/vtkm-1.6/vtkm/cont/ImplicitFunctionHandl",
        "post_context": "     129     {\n     130     ^\n  >> 131    /p/vast1/koparasy/BUILD/spack_cluster_installer/quartz/ascent/spack\n            _env_dir/linux-rhel7-broadwell/gcc-8.3.1/vtk-m-1.6.0-b77d27rzqzlu7f\n            mbn6ao6vzpnwkzwlib/include/vtkm-1.6/vtkm/cont/ImplicitFunctionHandl\n            e.h:48:26: error: 'Scalar' does not name a type; did you mean 'scal",
        "id": 201500,
        "label": "dinos-error"
    },
    {
        "phase": "N/A",
        "source_file": "            e.h",
        "source_line_no": "3",
        "line_no": 753,
        "repeat_count": 0,
        "start": 747,
        "end": 760,
        "text": "e.h:33:1: error: expected class-name before '{' token",
        "pre_context": "     126     #error \"ImplicitFunction with virtual methods is removed. Do not i\n            nclude ImplicitFunctionHeader.h\"\n     127      ^~~~~\n  >> 128    /p/vast1/koparasy/BUILD/spack_cluster_installer/quartz/ascent/spack\n            _env_dir/linux-rhel7-broadwell/gcc-8.3.1/vtk-m-1.6.0-b77d27rzqzlu7f\n            mbn6ao6vzpnwkzwlib/include/vtkm-1.6/vtkm/cont/ImplicitFunctionHandl",
        "post_context": "     129     {\n     130     ^\n  >> 131    /p/vast1/koparasy/BUILD/spack_cluster_installer/quartz/ascent/spack\n            _env_dir/linux-rhel7-broadwell/gcc-8.3.1/vtk-m-1.6.0-b77d27rzqzlu7f\n            mbn6ao6vzpnwkzwlib/include/vtkm-1.6/vtkm/cont/ImplicitFunctionHandl\n            e.h:48:26: error: 'Scalar' does not name a type; did you mean 'scal",
        "id": 201536,
        "label": "dinos-error"
    }
]