[
    {
        "id": 95,
        "phase": 290,
        "source_file": "(None,)",
        "source_line_no": 0,
        "line_no": 89,
        "repeat_count": 0,
        "start": 83,
        "end": 96,
        "text": "checking for C compiler flag --param max-inline-insns=100000... no/error: gcc: error: unrecognized command-line option '--param=max-inline-insns=100000'; did you mean '--param=max-inline-insns-auto='?",
        "pre_context": "checking for strings.h... yes\nchecking for inttypes.h... yes\nchecking for stdint.h... yes\nchecking for unistd.h... yes\nchecking size of void *... 8\nchecking for C compiler flag --param max-inline-insns-single=35000... yes",
        "post_context": "checking for C compiler flag --param inline-unit-growth=10000... yes\nchecking for C compiler flag --param large-function-growth=200000... yes\nchecking for C compiler flag -Winline... yes\nchecking for buggy -Winline... ok\nchecking for working C99 printf specifiers... yes\nchecking for C compiler flag -Wall... yes",
        "add_date": "2022-02-02T20:09:13.021284Z",
        "modify_date": "2022-02-02T20:09:13.021301Z",
        "label": "build-error",
        "spack-monitor-label": "error"
    },
    {
        "id": 14284,
        "phase": 46031,
        "source_file": "(None,)",
        "source_line_no": 0,
        "line_no": 91,
        "repeat_count": 0,
        "start": 85,
        "end": 98,
        "text": "checking for C compiler flag --param max-inline-insns=100000... no/error: gcc: error: unrecognized command-line option '--param=max-inline-insns=100000'; did you mean '--param=max-inline-insns-auto='?",
        "pre_context": "checking for strings.h... yes\nchecking for inttypes.h... yes\nchecking for stdint.h... yes\nchecking for unistd.h... yes\nchecking size of void *... 8\nchecking for C compiler flag --param max-inline-insns-single=35000... yes",
        "post_context": "checking for C compiler flag --param inline-unit-growth=10000... yes\nchecking for C compiler flag --param large-function-growth=200000... yes\nchecking for C compiler flag -Winline... yes\nchecking for buggy -Winline... ok\nchecking for working C99 printf specifiers... yes\nchecking for C compiler flag -Wall... yes",
        "add_date": "2022-02-03T08:39:04.278011Z",
        "modify_date": "2022-02-03T08:39:04.278026Z",
        "label": "build-error",
        "spack-monitor-label": "error"
    },
    {
        "id": 14291,
        "phase": 46071,
        "source_file": "(None,)",
        "source_line_no": 0,
        "line_no": 92,
        "repeat_count": 0,
        "start": 86,
        "end": 99,
        "text": "checking for C compiler flag --param max-inline-insns=100000... no/error: gcc: error: unrecognized command-line option '--param=max-inline-insns=100000'; did you mean '--param=max-inline-insns-auto='?",
        "pre_context": "checking for strings.h... yes\nchecking for inttypes.h... yes\nchecking for stdint.h... yes\nchecking for unistd.h... yes\nchecking size of void *... 8\nchecking for C compiler flag --param max-inline-insns-single=35000... yes",
        "post_context": "checking for C compiler flag --param inline-unit-growth=10000... yes\nchecking for C compiler flag --param large-function-growth=200000... yes\nchecking for C compiler flag -Winline... yes\nchecking for buggy -Winline... ok\nchecking for working C99 printf specifiers... yes\nchecking for C compiler flag -Wall... yes",
        "add_date": "2022-02-03T08:39:04.454787Z",
        "modify_date": "2022-02-03T08:39:04.454802Z",
        "label": "build-error",
        "spack-monitor-label": "error"
    },
    {
        "id": 14306,
        "phase": 46286,
        "source_file": "(None,)",
        "source_line_no": 0,
        "line_no": 91,
        "repeat_count": 0,
        "start": 85,
        "end": 98,
        "text": "checking for C compiler flag --param max-inline-insns=100000... no/error: gcc-10: error: unrecognized command-line option '--param=max-inline-insns=100000'; did you mean '--param=max-inline-insns-auto='?",
        "pre_context": "checking for strings.h... yes\nchecking for inttypes.h... yes\nchecking for stdint.h... yes\nchecking for unistd.h... yes\nchecking size of void *... 8\nchecking for C compiler flag --param max-inline-insns-single=35000... yes",
        "post_context": "checking for C compiler flag --param inline-unit-growth=10000... yes\nchecking for C compiler flag --param large-function-growth=200000... yes\nchecking for C compiler flag -Winline... yes\nchecking for buggy -Winline... ok\nchecking for working C99 printf specifiers... yes\nchecking for C compiler flag -Wall... yes",
        "add_date": "2022-02-03T08:39:56.706773Z",
        "modify_date": "2022-02-03T08:39:56.706786Z",
        "label": "build-error",
        "spack-monitor-label": "error"
    },
    {
        "id": 14299,
        "phase": 46317,
        "source_file": "(None,)",
        "source_line_no": 0,
        "line_no": 91,
        "repeat_count": 0,
        "start": 85,
        "end": 98,
        "text": "checking for C compiler flag --param max-inline-insns=100000... no/error: gcc: error: unrecognized command-line option '--param=max-inline-insns=100000'; did you mean '--param=max-inline-insns-auto='?",
        "pre_context": "checking for strings.h... yes\nchecking for inttypes.h... yes\nchecking for stdint.h... yes\nchecking for unistd.h... yes\nchecking size of void *... 8\nchecking for C compiler flag --param max-inline-insns-single=35000... yes",
        "post_context": "checking for C compiler flag --param inline-unit-growth=10000... yes\nchecking for C compiler flag --param large-function-growth=200000... yes\nchecking for C compiler flag -Winline... yes\nchecking for buggy -Winline... ok\nchecking for working C99 printf specifiers... yes\nchecking for C compiler flag -Wall... yes",
        "add_date": "2022-02-03T08:39:56.248805Z",
        "modify_date": "2022-02-03T08:39:56.248818Z",
        "label": "build-error",
        "spack-monitor-label": "error"
    },
    {
        "id": 17573,
        "phase": 48610,
        "source_file": "(None,)",
        "source_line_no": 0,
        "line_no": 16,
        "repeat_count": 0,
        "start": 10,
        "end": 19,
        "text": "aclocal: error: /opt/spack/opt/spack/linux-ubuntu20.04-x86_64_v4/clang-10.0.0/autoconf-2.69-3gtpzpat33py2aytzwofeijldbqadfam/bin/autom4te failed with exit status: 1",
        "pre_context": "autoreconf: running: aclocal -I /opt/spack/opt/spack/linux-ubuntu20.04-x86_64_v4/clang-10.0.0/automake-1.16.3-z43synbhh6uirrhfigkpa5wrfuk6dlow/share/aclocal -I /opt/spack/opt/spack/linux-ubuntu20.04-x86_64_v4/clang-10.0.0/libtool-2.4.6-iefvemxq3bjvy7eyb6obgvq7wivxoyfx/share/aclocal --force\naclocal: warning: autoconf input should be named 'configure.ac', not 'configure.in'\nconfigure.in:2076: error: automatic de-ANSI-fication support has been removed\n/opt/spack/opt/spack/linux-ubuntu20.04-x86_64_v4/clang-10.0.0/automake-1.16.3-z43synbhh6uirrhfigkpa5wrfuk6dlow/share/aclocal-1.16/obsolete.m4:26: AM_C_PROTOTYPES is expanded from...\nconfigure.in:2076: the top level\nautom4te: /opt/spack/opt/spack/linux-ubuntu20.04-x86_64_v4/clang-10.0.0/m4-1.4.19-4vwzck6gccaqq72qia4fdvyabo43oioi/bin/m4 failed with exit status: 1",
        "post_context": "autoreconf: aclocal failed with exit status: 1\n",
        "add_date": "2022-02-03T08:40:37.853473Z",
        "modify_date": "2022-02-03T08:40:37.853494Z",
        "label": "build-error",
        "spack-monitor-label": "error"
    },
    {
        "id": 17579,
        "phase": 48658,
        "source_file": "(None,)",
        "source_line_no": 0,
        "line_no": 16,
        "repeat_count": 0,
        "start": 10,
        "end": 19,
        "text": "aclocal: error: /opt/spack/opt/spack/linux-ubuntu18.04-x86_64_v4/gcc-7.5.0/autoconf-2.69-5ithltgjlyegorbec6fmaxzddnzgki3u/bin/autom4te failed with exit status: 1",
        "pre_context": "autoreconf: running: aclocal -I /opt/spack/opt/spack/linux-ubuntu18.04-x86_64_v4/gcc-7.5.0/automake-1.16.3-5i3wzchddtpcxzwgrgexeepofs2wdcd7/share/aclocal -I /opt/spack/opt/spack/linux-ubuntu18.04-x86_64_v4/gcc-7.5.0/libtool-2.4.6-y5x7cemyxge2btdqjkvgr37a5fdzauwt/share/aclocal --force\naclocal: warning: autoconf input should be named 'configure.ac', not 'configure.in'\nconfigure.in:2076: error: automatic de-ANSI-fication support has been removed\n/opt/spack/opt/spack/linux-ubuntu18.04-x86_64_v4/gcc-7.5.0/automake-1.16.3-5i3wzchddtpcxzwgrgexeepofs2wdcd7/share/aclocal-1.16/obsolete.m4:26: AM_C_PROTOTYPES is expanded from...\nconfigure.in:2076: the top level\nautom4te: /opt/spack/opt/spack/linux-ubuntu18.04-x86_64_v4/gcc-7.5.0/m4-1.4.19-h7jubqh2jmo5afovggeke3r4jnwajiri/bin/m4 failed with exit status: 1",
        "post_context": "autoreconf: aclocal failed with exit status: 1\n",
        "add_date": "2022-02-03T08:40:37.920455Z",
        "modify_date": "2022-02-03T08:40:37.920476Z",
        "label": "build-error",
        "spack-monitor-label": "error"
    },
    {
        "id": 17595,
        "phase": 49078,
        "source_file": "(None,)",
        "source_line_no": 0,
        "line_no": 16,
        "repeat_count": 0,
        "start": 10,
        "end": 19,
        "text": "aclocal: error: /opt/spack/opt/spack/linux-debian9-x86_64_v4/gcc-6.3.0/autoconf-2.69-pjg2vzqaahu27k56vpw4rkllnuhuucl7/bin/autom4te failed with exit status: 1",
        "pre_context": "autoreconf: running: aclocal -I /opt/spack/opt/spack/linux-debian9-x86_64_v4/gcc-6.3.0/automake-1.16.3-hopfqygcu6jdolcuesdios7ejmzotctd/share/aclocal -I /opt/spack/opt/spack/linux-debian9-x86_64_v4/gcc-6.3.0/libtool-2.4.6-3mp6hjktxewvkwqjv5uoeigc3evlshkb/share/aclocal --force\naclocal: warning: autoconf input should be named 'configure.ac', not 'configure.in'\nconfigure.in:2076: error: automatic de-ANSI-fication support has been removed\n/opt/spack/opt/spack/linux-debian9-x86_64_v4/gcc-6.3.0/automake-1.16.3-hopfqygcu6jdolcuesdios7ejmzotctd/share/aclocal-1.16/obsolete.m4:26: AM_C_PROTOTYPES is expanded from...\nconfigure.in:2076: the top level\nautom4te: /opt/spack/opt/spack/linux-debian9-x86_64_v4/gcc-6.3.0/m4-1.4.19-5hcjsp2c6ndtvl6l5yir6y26svxb2k5o/bin/m4 failed with exit status: 1",
        "post_context": "autoreconf: aclocal failed with exit status: 1\n",
        "add_date": "2022-02-03T08:40:38.468778Z",
        "modify_date": "2022-02-03T08:40:38.468822Z",
        "label": "build-error",
        "spack-monitor-label": "error"
    },
    {
        "id": 17601,
        "phase": 49153,
        "source_file": "(None,)",
        "source_line_no": 0,
        "line_no": 16,
        "repeat_count": 0,
        "start": 10,
        "end": 19,
        "text": "aclocal: error: /opt/spack/opt/spack/linux-debian10-haswell/clang-7.0.1/autoconf-2.69-chphzewhq32kkr44uh36zo2lteuqrnre/bin/autom4te failed with exit status: 1",
        "pre_context": "autoreconf: running: aclocal -I /opt/spack/opt/spack/linux-debian10-haswell/clang-7.0.1/automake-1.16.3-mx6xqigaitbxkzfjlsjzwuejor6ljrez/share/aclocal -I /opt/spack/opt/spack/linux-debian10-haswell/clang-7.0.1/libtool-2.4.6-5bnwhfa63u5jd6a7vseapvxdvhlju3sp/share/aclocal --force\naclocal: warning: autoconf input should be named 'configure.ac', not 'configure.in'\nconfigure.in:2076: error: automatic de-ANSI-fication support has been removed\n/opt/spack/opt/spack/linux-debian10-haswell/clang-7.0.1/automake-1.16.3-mx6xqigaitbxkzfjlsjzwuejor6ljrez/share/aclocal-1.16/obsolete.m4:26: AM_C_PROTOTYPES is expanded from...\nconfigure.in:2076: the top level\nautom4te: /opt/spack/opt/spack/linux-debian10-haswell/clang-7.0.1/m4-1.4.19-wstkjvdeqim4tddaabtu3l2gxv4lgmdc/bin/m4 failed with exit status: 1",
        "post_context": "autoreconf: aclocal failed with exit status: 1\n",
        "add_date": "2022-02-03T08:40:38.604798Z",
        "modify_date": "2022-02-03T08:40:38.604811Z",
        "label": "build-error",
        "spack-monitor-label": "error"
    },
    {
        "id": 17547,
        "phase": 48282,
        "source_file": "(None,)",
        "source_line_no": 0,
        "line_no": 16,
        "repeat_count": 0,
        "start": 10,
        "end": 19,
        "text": "aclocal: error: /opt/spack/opt/spack/linux-centos7-haswell/gcc-4.8.5/autoconf-2.69-d5z47eccjcwfln6ej2p3dll2u5kxvepf/bin/autom4te failed with exit status: 1",
        "pre_context": "autoreconf: running: aclocal -I /opt/spack/opt/spack/linux-centos7-haswell/gcc-4.8.5/automake-1.16.3-hxaopryfdkbgni2udtbrrao2siatcs74/share/aclocal -I /opt/spack/opt/spack/linux-centos7-haswell/gcc-4.8.5/libtool-2.4.6-pvzlnpx6r6p7c435ybhcpwpx5vxqrjic/share/aclocal --force\naclocal: warning: autoconf input should be named 'configure.ac', not 'configure.in'\nconfigure.in:2076: error: automatic de-ANSI-fication support has been removed\n/opt/spack/opt/spack/linux-centos7-haswell/gcc-4.8.5/automake-1.16.3-hxaopryfdkbgni2udtbrrao2siatcs74/share/aclocal-1.16/obsolete.m4:26: AM_C_PROTOTYPES is expanded from...\nconfigure.in:2076: the top level\nautom4te: /opt/spack/opt/spack/linux-centos7-haswell/gcc-4.8.5/m4-1.4.19-wvhvi42rnsv6d7yxtmtzfgmfihphcwjx/bin/m4 failed with exit status: 1",
        "post_context": "autoreconf: aclocal failed with exit status: 1\n",
        "add_date": "2022-02-03T08:40:36.714540Z",
        "modify_date": "2022-02-03T08:40:36.714554Z",
        "label": "build-error",
        "spack-monitor-label": "error"
    },
    {
        "id": 17549,
        "phase": 48403,
        "source_file": "(None,)",
        "source_line_no": 0,
        "line_no": 16,
        "repeat_count": 0,
        "start": 10,
        "end": 19,
        "text": "aclocal: error: /opt/spack/opt/spack/linux-centos7-x86_64/clang-3.4.2/autoconf-2.69-iiornvj67fxgtpvqbwxtk6dl6vrzfhlz/bin/autom4te failed with exit status: 1",
        "pre_context": "autoreconf: running: aclocal -I /opt/spack/opt/spack/linux-centos7-x86_64/clang-3.4.2/automake-1.16.3-2j4w7eemaecqfkvhwkhaem5kchws57l5/share/aclocal -I /opt/spack/opt/spack/linux-centos7-x86_64/clang-3.4.2/libtool-2.4.6-ih6i4xccrwjyuxsb22jwg4vgjoaifkux/share/aclocal --force\naclocal: warning: autoconf input should be named 'configure.ac', not 'configure.in'\nconfigure.in:2076: error: automatic de-ANSI-fication support has been removed\n/opt/spack/opt/spack/linux-centos7-x86_64/clang-3.4.2/automake-1.16.3-2j4w7eemaecqfkvhwkhaem5kchws57l5/share/aclocal-1.16/obsolete.m4:26: AM_C_PROTOTYPES is expanded from...\nconfigure.in:2076: the top level\nautom4te: /opt/spack/opt/spack/linux-centos7-x86_64/clang-3.4.2/m4-1.4.19-r2p6heldsogqvdn7fx7zyxisgy7szvpp/bin/m4 failed with exit status: 1",
        "post_context": "autoreconf: aclocal failed with exit status: 1\n",
        "add_date": "2022-02-03T08:40:36.750879Z",
        "modify_date": "2022-02-03T08:40:36.750892Z",
        "label": "build-error",
        "spack-monitor-label": "error"
    },
    {
        "id": 17567,
        "phase": 48569,
        "source_file": "(None,)",
        "source_line_no": 0,
        "line_no": 16,
        "repeat_count": 0,
        "start": 10,
        "end": 19,
        "text": "aclocal: error: /opt/spack/opt/spack/linux-centos8-x86_64_v4/gcc-8.4.1/autoconf-2.69-enqkushsr2hkyewvnmikrwfjqikv6ayr/bin/autom4te failed with exit status: 1",
        "pre_context": "autoreconf: running: aclocal -I /opt/spack/opt/spack/linux-centos8-x86_64_v4/gcc-8.4.1/automake-1.16.3-tn5dzcxayg2b2umun32iiufkit5efesq/share/aclocal -I /opt/spack/opt/spack/linux-centos8-x86_64_v4/gcc-8.4.1/libtool-2.4.6-2niimmnped7mm7lcidx42eon23gty3ht/share/aclocal --force\naclocal: warning: autoconf input should be named 'configure.ac', not 'configure.in'\nconfigure.in:2076: error: automatic de-ANSI-fication support has been removed\n/opt/spack/opt/spack/linux-centos8-x86_64_v4/gcc-8.4.1/automake-1.16.3-tn5dzcxayg2b2umun32iiufkit5efesq/share/aclocal-1.16/obsolete.m4:26: AM_C_PROTOTYPES is expanded from...\nconfigure.in:2076: the top level\nautom4te: /opt/spack/opt/spack/linux-centos8-x86_64_v4/gcc-8.4.1/m4-1.4.19-yz5ufnukabhdvmjkcko7jmcmfgc7bzmz/bin/m4 failed with exit status: 1",
        "post_context": "autoreconf: aclocal failed with exit status: 1\n",
        "add_date": "2022-02-03T08:40:37.635952Z",
        "modify_date": "2022-02-03T08:40:37.635964Z",
        "label": "build-error",
        "spack-monitor-label": "error"
    },
    {
        "id": 17563,
        "phase": 48507,
        "source_file": "(None,)",
        "source_line_no": 0,
        "line_no": 16,
        "repeat_count": 0,
        "start": 10,
        "end": 19,
        "text": "aclocal: error: /opt/spack/opt/spack/linux-fedora35-x86_64_v4/gcc-11.2.1/autoconf-2.69-tmh7i3u6qh3xnhimzeokjwmtepkr633q/bin/autom4te failed with exit status: 1",
        "pre_context": "autoreconf: running: aclocal -I /opt/spack/opt/spack/linux-fedora35-x86_64_v4/gcc-11.2.1/automake-1.16.3-p4rtnjipidjbxfq3dpgmugdwfrwirk5g/share/aclocal -I /opt/spack/opt/spack/linux-fedora35-x86_64_v4/gcc-11.2.1/libtool-2.4.6-2odhwpul3dj2zqlyaknur6efiweugiej/share/aclocal --force\naclocal: warning: autoconf input should be named 'configure.ac', not 'configure.in'\nconfigure.in:2076: error: automatic de-ANSI-fication support has been removed\n/opt/spack/opt/spack/linux-fedora35-x86_64_v4/gcc-11.2.1/automake-1.16.3-p4rtnjipidjbxfq3dpgmugdwfrwirk5g/share/aclocal-1.16/obsolete.m4:26: AM_C_PROTOTYPES is expanded from...\nconfigure.in:2076: the top level\nautom4te: /opt/spack/opt/spack/linux-fedora35-x86_64_v4/gcc-11.2.1/m4-1.4.19-ikwo444axnwaainlanmvduzt7jeejzpi/bin/m4 failed with exit status: 1",
        "post_context": "autoreconf: aclocal failed with exit status: 1\n",
        "add_date": "2022-02-03T08:40:37.591082Z",
        "modify_date": "2022-02-03T08:40:37.591096Z",
        "label": "build-error",
        "spack-monitor-label": "error"
    },
    {
        "id": 17565,
        "phase": 48404,
        "source_file": "(None,)",
        "source_line_no": 0,
        "line_no": 16,
        "repeat_count": 0,
        "start": 10,
        "end": 19,
        "text": "aclocal: error: /opt/spack/opt/spack/linux-fedora35-x86_64_v4/clang-13.0.0/autoconf-2.69-uh7rkxhhttbndmqve26biqxsyrj7rz24/bin/autom4te failed with exit status: 1",
        "pre_context": "autoreconf: running: aclocal -I /opt/spack/opt/spack/linux-fedora35-x86_64_v4/clang-13.0.0/automake-1.16.3-yqwoavwhvgfmkr4pngo4bfzr5b66pv7n/share/aclocal -I /opt/spack/opt/spack/linux-fedora35-x86_64_v4/clang-13.0.0/libtool-2.4.6-rvnt72ukocz52chyyemrhcujkzm6m4n6/share/aclocal --force\naclocal: warning: autoconf input should be named 'configure.ac', not 'configure.in'\nconfigure.in:2076: error: automatic de-ANSI-fication support has been removed\n/opt/spack/opt/spack/linux-fedora35-x86_64_v4/clang-13.0.0/automake-1.16.3-yqwoavwhvgfmkr4pngo4bfzr5b66pv7n/share/aclocal-1.16/obsolete.m4:26: AM_C_PROTOTYPES is expanded from...\nconfigure.in:2076: the top level\nautom4te: /opt/spack/opt/spack/linux-fedora35-x86_64_v4/clang-13.0.0/m4-1.4.19-cz3ar4iprgs3te2opv2xl7gi3zquhsew/bin/m4 failed with exit status: 1",
        "post_context": "autoreconf: aclocal failed with exit status: 1\n",
        "add_date": "2022-02-03T08:40:37.606947Z",
        "modify_date": "2022-02-03T08:40:37.606962Z",
        "label": "build-error",
        "spack-monitor-label": "error"
    },
    {
        "id": 17569,
        "phase": 48558,
        "source_file": "(None,)",
        "source_line_no": 0,
        "line_no": 16,
        "repeat_count": 0,
        "start": 10,
        "end": 19,
        "text": "aclocal: error: /opt/spack/opt/spack/linux-ubuntu18.04-broadwell/clang-6.0.0/autoconf-2.69-qiprn46ofba3l2c5tblwjxcagididqym/bin/autom4te failed with exit status: 1",
        "pre_context": "autoreconf: running: aclocal -I /opt/spack/opt/spack/linux-ubuntu18.04-broadwell/clang-6.0.0/automake-1.16.3-yewata7sdnsuypfx3qwo53shwiyl2fr5/share/aclocal -I /opt/spack/opt/spack/linux-ubuntu18.04-broadwell/clang-6.0.0/libtool-2.4.6-doqn53aiehjfrzxw6z5jbic5qpnurxk5/share/aclocal --force\naclocal: warning: autoconf input should be named 'configure.ac', not 'configure.in'\nconfigure.in:2076: error: automatic de-ANSI-fication support has been removed\n/opt/spack/opt/spack/linux-ubuntu18.04-broadwell/clang-6.0.0/automake-1.16.3-yewata7sdnsuypfx3qwo53shwiyl2fr5/share/aclocal-1.16/obsolete.m4:26: AM_C_PROTOTYPES is expanded from...\nconfigure.in:2076: the top level\nautom4te: /opt/spack/opt/spack/linux-ubuntu18.04-broadwell/clang-6.0.0/m4-1.4.19-tojyowcx6ffvl7swfbunwzcwguscg25v/bin/m4 failed with exit status: 1",
        "post_context": "autoreconf: aclocal failed with exit status: 1\n",
        "add_date": "2022-02-03T08:40:37.665449Z",
        "modify_date": "2022-02-03T08:40:37.665463Z",
        "label": "build-error",
        "spack-monitor-label": "error"
    },
    {
        "id": 17571,
        "phase": 48565,
        "source_file": "(None,)",
        "source_line_no": 0,
        "line_no": 16,
        "repeat_count": 0,
        "start": 10,
        "end": 19,
        "text": "aclocal: error: /opt/spack/opt/spack/linux-centos8-haswell/clang-11.0.1/autoconf-2.69-b2suv2obh3zt42ivu7sgbh2o6qoac2ij/bin/autom4te failed with exit status: 1",
        "pre_context": "autoreconf: running: aclocal -I /opt/spack/opt/spack/linux-centos8-haswell/clang-11.0.1/automake-1.16.3-e4bv54jmvvkt5ue3g6brgk3t2pk3pqbr/share/aclocal -I /opt/spack/opt/spack/linux-centos8-haswell/clang-11.0.1/libtool-2.4.6-vnk2lhwykiql6wvm62ot2442qkpudxkt/share/aclocal --force\naclocal: warning: autoconf input should be named 'configure.ac', not 'configure.in'\nconfigure.in:2076: error: automatic de-ANSI-fication support has been removed\n/opt/spack/opt/spack/linux-centos8-haswell/clang-11.0.1/automake-1.16.3-e4bv54jmvvkt5ue3g6brgk3t2pk3pqbr/share/aclocal-1.16/obsolete.m4:26: AM_C_PROTOTYPES is expanded from...\nconfigure.in:2076: the top level\nautom4te: /opt/spack/opt/spack/linux-centos8-haswell/clang-11.0.1/m4-1.4.19-hpc25veokfbwg4xx6nj46m4xfklbivyi/bin/m4 failed with exit status: 1",
        "post_context": "autoreconf: aclocal failed with exit status: 1\n",
        "add_date": "2022-02-03T08:40:37.683511Z",
        "modify_date": "2022-02-03T08:40:37.683524Z",
        "label": "build-error",
        "spack-monitor-label": "error"
    },
    {
        "id": 17575,
        "phase": 48651,
        "source_file": "(None,)",
        "source_line_no": 0,
        "line_no": 16,
        "repeat_count": 0,
        "start": 10,
        "end": 19,
        "text": "aclocal: error: /opt/spack/opt/spack/linux-ubuntu20.04-x86_64_v4/gcc-9.3.0/autoconf-2.69-rzw6yt5cclmgzfckee6aebm3iqqdlap7/bin/autom4te failed with exit status: 1",
        "pre_context": "autoreconf: running: aclocal -I /opt/spack/opt/spack/linux-ubuntu20.04-x86_64_v4/gcc-9.3.0/automake-1.16.3-kmlcakq7zyz4y56k7i7mtq2s4yoddp77/share/aclocal -I /opt/spack/opt/spack/linux-ubuntu20.04-x86_64_v4/gcc-9.3.0/libtool-2.4.6-gvzaaetarlhueklxc7zsfsh57ly4uu2l/share/aclocal --force\naclocal: warning: autoconf input should be named 'configure.ac', not 'configure.in'\nconfigure.in:2076: error: automatic de-ANSI-fication support has been removed\n/opt/spack/opt/spack/linux-ubuntu20.04-x86_64_v4/gcc-9.3.0/automake-1.16.3-kmlcakq7zyz4y56k7i7mtq2s4yoddp77/share/aclocal-1.16/obsolete.m4:26: AM_C_PROTOTYPES is expanded from...\nconfigure.in:2076: the top level\nautom4te: /opt/spack/opt/spack/linux-ubuntu20.04-x86_64_v4/gcc-9.3.0/m4-1.4.19-bncrmk3qsdrcrfaa3dtnq73anrvivgni/bin/m4 failed with exit status: 1",
        "post_context": "autoreconf: aclocal failed with exit status: 1\n",
        "add_date": "2022-02-03T08:40:37.881053Z",
        "modify_date": "2022-02-03T08:40:37.881070Z",
        "label": "build-error",
        "spack-monitor-label": "error"
    },
    {
        "id": 17577,
        "phase": 48802,
        "source_file": "(None,)",
        "source_line_no": 0,
        "line_no": 16,
        "repeat_count": 0,
        "start": 10,
        "end": 19,
        "text": "aclocal: error: /opt/spack/opt/spack/linux-debian11-x86_64_v4/gcc-10.2.1/autoconf-2.69-3ctpykn6cdu5x2e7hfvdkhgv7eg2yuf5/bin/autom4te failed with exit status: 1",
        "pre_context": "autoreconf: running: aclocal -I /opt/spack/opt/spack/linux-debian11-x86_64_v4/gcc-10.2.1/automake-1.16.3-iejwytnlobmw2neso2rtvekpmnxxmehn/share/aclocal -I /opt/spack/opt/spack/linux-debian11-x86_64_v4/gcc-10.2.1/libtool-2.4.6-6khlhtceh3aa5vfs4ihgustvpqfbt77r/share/aclocal --force\naclocal: warning: autoconf input should be named 'configure.ac', not 'configure.in'\nconfigure.in:2076: error: automatic de-ANSI-fication support has been removed\n/opt/spack/opt/spack/linux-debian11-x86_64_v4/gcc-10.2.1/automake-1.16.3-iejwytnlobmw2neso2rtvekpmnxxmehn/share/aclocal-1.16/obsolete.m4:26: AM_C_PROTOTYPES is expanded from...\nconfigure.in:2076: the top level\nautom4te: /opt/spack/opt/spack/linux-debian11-x86_64_v4/gcc-10.2.1/m4-1.4.19-gsqly3ri7w3vv6su2ljog25tvddhwjbu/bin/m4 failed with exit status: 1",
        "post_context": "autoreconf: aclocal failed with exit status: 1\n",
        "add_date": "2022-02-03T08:40:37.905810Z",
        "modify_date": "2022-02-03T08:40:37.905831Z",
        "label": "build-error",
        "spack-monitor-label": "error"
    },
    {
        "id": 17581,
        "phase": 48807,
        "source_file": "(None,)",
        "source_line_no": 0,
        "line_no": 16,
        "repeat_count": 0,
        "start": 10,
        "end": 19,
        "text": "aclocal: error: /opt/spack/opt/spack/linux-debian10-haswell/gcc-8.3.0/autoconf-2.69-rlzdj4u3kpddzrnh4q2yusdcn5ov4j5k/bin/autom4te failed with exit status: 1",
        "pre_context": "autoreconf: running: aclocal -I /opt/spack/opt/spack/linux-debian10-haswell/gcc-8.3.0/automake-1.16.3-hthjblpxlclhuwkzgubevzhc6rx2nnfi/share/aclocal -I /opt/spack/opt/spack/linux-debian10-haswell/gcc-8.3.0/libtool-2.4.6-6dvanwa23rtnfbub2gh4gpprlowinry6/share/aclocal --force\naclocal: warning: autoconf input should be named 'configure.ac', not 'configure.in'\nconfigure.in:2076: error: automatic de-ANSI-fication support has been removed\n/opt/spack/opt/spack/linux-debian10-haswell/gcc-8.3.0/automake-1.16.3-hthjblpxlclhuwkzgubevzhc6rx2nnfi/share/aclocal-1.16/obsolete.m4:26: AM_C_PROTOTYPES is expanded from...\nconfigure.in:2076: the top level\nautom4te: /opt/spack/opt/spack/linux-debian10-haswell/gcc-8.3.0/m4-1.4.19-wdums3liy4jak7d75ggnibdclwt45576/bin/m4 failed with exit status: 1",
        "post_context": "autoreconf: aclocal failed with exit status: 1\n",
        "add_date": "2022-02-03T08:40:38.030104Z",
        "modify_date": "2022-02-03T08:40:38.030119Z",
        "label": "build-error",
        "spack-monitor-label": "error"
    },
    {
        "id": 17584,
        "phase": 48861,
        "source_file": "(None,)",
        "source_line_no": 0,
        "line_no": 16,
        "repeat_count": 0,
        "start": 10,
        "end": 19,
        "text": "aclocal: error: /opt/spack/opt/spack/linux-debian8-x86_64_v3/gcc-4.9.2/autoconf-2.69-wrsxnoifclkhfemdmmhkxcx7cvurnffs/bin/autom4te failed with exit status: 1",
        "pre_context": "autoreconf: running: aclocal -I /opt/spack/opt/spack/linux-debian8-x86_64_v3/gcc-4.9.2/automake-1.16.3-lf43tcxxkwyac6yzw6pkuxdpqn4pockp/share/aclocal -I /opt/spack/opt/spack/linux-debian8-x86_64_v3/gcc-4.9.2/libtool-2.4.6-2kr3hl3tqg67ekwe3wyqa2ushg37wglw/share/aclocal --force\naclocal: warning: autoconf input should be named 'configure.ac', not 'configure.in'\nconfigure.in:2076: error: automatic de-ANSI-fication support has been removed\n/opt/spack/opt/spack/linux-debian8-x86_64_v3/gcc-4.9.2/automake-1.16.3-lf43tcxxkwyac6yzw6pkuxdpqn4pockp/share/aclocal-1.16/obsolete.m4:26: AM_C_PROTOTYPES is expanded from...\nconfigure.in:2076: the top level\nautom4te: /opt/spack/opt/spack/linux-debian8-x86_64_v3/gcc-4.9.2/m4-1.4.19-iofoxb2s4glg76yn73qik7fvyegubltd/bin/m4 failed with exit status: 1",
        "post_context": "autoreconf: aclocal failed with exit status: 1\n",
        "add_date": "2022-02-03T08:40:38.234972Z",
        "modify_date": "2022-02-03T08:40:38.234987Z",
        "label": "build-error",
        "spack-monitor-label": "error"
    },
    {
        "id": 17587,
        "phase": 48956,
        "source_file": "(None,)",
        "source_line_no": 0,
        "line_no": 16,
        "repeat_count": 0,
        "start": 10,
        "end": 19,
        "text": "aclocal: error: /opt/spack/opt/spack/linux-debian11-x86_64_v4/gcc-11.2.0/autoconf-2.69-66o236wpjrc22iiz2rrmrbszem2hgfhh/bin/autom4te failed with exit status: 1",
        "pre_context": "autoreconf: running: aclocal -I /opt/spack/opt/spack/linux-debian11-x86_64_v4/gcc-11.2.0/automake-1.16.3-mzva7fxtzxmg4o4ua2i4crhw2dwsoeny/share/aclocal -I /opt/spack/opt/spack/linux-debian11-x86_64_v4/gcc-11.2.0/libtool-2.4.6-ptkihkwapprcx2jipzcm7gypjo2pd2bv/share/aclocal --force\naclocal: warning: autoconf input should be named 'configure.ac', not 'configure.in'\nconfigure.in:2076: error: automatic de-ANSI-fication support has been removed\n/opt/spack/opt/spack/linux-debian11-x86_64_v4/gcc-11.2.0/automake-1.16.3-mzva7fxtzxmg4o4ua2i4crhw2dwsoeny/share/aclocal-1.16/obsolete.m4:26: AM_C_PROTOTYPES is expanded from...\nconfigure.in:2076: the top level\nautom4te: /opt/spack/opt/spack/linux-debian11-x86_64_v4/gcc-11.2.0/m4-1.4.19-5odrcp5k4asiuyclxav3dkrljyk2mkap/bin/m4 failed with exit status: 1",
        "post_context": "autoreconf: aclocal failed with exit status: 1\n",
        "add_date": "2022-02-03T08:40:38.329134Z",
        "modify_date": "2022-02-03T08:40:38.329156Z",
        "label": "build-error",
        "spack-monitor-label": "error"
    },
    {
        "id": 17589,
        "phase": 48832,
        "source_file": "(None,)",
        "source_line_no": 0,
        "line_no": 16,
        "repeat_count": 0,
        "start": 10,
        "end": 19,
        "text": "aclocal: error: /opt/spack/opt/spack/linux-debian10-x86_64_v4/gcc-10.3.0/autoconf-2.69-y2cqljsll4h5734t2ly6uhj66ezcq7t3/bin/autom4te failed with exit status: 1",
        "pre_context": "autoreconf: running: aclocal -I /opt/spack/opt/spack/linux-debian10-x86_64_v4/gcc-10.3.0/automake-1.16.3-ufwfrtgobldy7sa4kftkrvoenot56rr6/share/aclocal -I /opt/spack/opt/spack/linux-debian10-x86_64_v4/gcc-10.3.0/libtool-2.4.6-ybk2k7aht6kjjctm3bvtdcdfufyrzeyu/share/aclocal --force\naclocal: warning: autoconf input should be named 'configure.ac', not 'configure.in'\nconfigure.in:2076: error: automatic de-ANSI-fication support has been removed\n/opt/spack/opt/spack/linux-debian10-x86_64_v4/gcc-10.3.0/automake-1.16.3-ufwfrtgobldy7sa4kftkrvoenot56rr6/share/aclocal-1.16/obsolete.m4:26: AM_C_PROTOTYPES is expanded from...\nconfigure.in:2076: the top level\nautom4te: /opt/spack/opt/spack/linux-debian10-x86_64_v4/gcc-10.3.0/m4-1.4.19-ikcdqrrbvbl6bulswmg6iqqixkdunscc/bin/m4 failed with exit status: 1",
        "post_context": "autoreconf: aclocal failed with exit status: 1\n",
        "add_date": "2022-02-03T08:40:38.347994Z",
        "modify_date": "2022-02-03T08:40:38.348006Z",
        "label": "build-error",
        "spack-monitor-label": "error"
    },
    {
        "id": 17591,
        "phase": 49030,
        "source_file": "(None,)",
        "source_line_no": 0,
        "line_no": 16,
        "repeat_count": 0,
        "start": 10,
        "end": 19,
        "text": "aclocal: error: /opt/spack/opt/spack/linux-debian11-haswell/clang-11.0.1/autoconf-2.69-caqowjegr4xm5asqdiq6sllsr7jpxha5/bin/autom4te failed with exit status: 1",
        "pre_context": "autoreconf: running: aclocal -I /opt/spack/opt/spack/linux-debian11-haswell/clang-11.0.1/automake-1.16.3-z372lyvxzgeytk7tb4t2ft6rpkcufulf/share/aclocal -I /opt/spack/opt/spack/linux-debian11-haswell/clang-11.0.1/libtool-2.4.6-76hxk2ucienoaqky2njuydfhrjjp2iv6/share/aclocal --force\naclocal: warning: autoconf input should be named 'configure.ac', not 'configure.in'\nconfigure.in:2076: error: automatic de-ANSI-fication support has been removed\n/opt/spack/opt/spack/linux-debian11-haswell/clang-11.0.1/automake-1.16.3-z372lyvxzgeytk7tb4t2ft6rpkcufulf/share/aclocal-1.16/obsolete.m4:26: AM_C_PROTOTYPES is expanded from...\nconfigure.in:2076: the top level\nautom4te: /opt/spack/opt/spack/linux-debian11-haswell/clang-11.0.1/m4-1.4.19-zopryercvhqk47ga33wmyngzbtj3pxur/bin/m4 failed with exit status: 1",
        "post_context": "autoreconf: aclocal failed with exit status: 1\n",
        "add_date": "2022-02-03T08:40:38.401148Z",
        "modify_date": "2022-02-03T08:40:38.401162Z",
        "label": "build-error",
        "spack-monitor-label": "error"
    },
    {
        "id": 17593,
        "phase": 49015,
        "source_file": "(None,)",
        "source_line_no": 0,
        "line_no": 16,
        "repeat_count": 0,
        "start": 10,
        "end": 19,
        "text": "aclocal: error: /opt/spack/opt/spack/linux-debian9-x86_64/clang-3.8.1/autoconf-2.69-3gpm4s7skzvjjryhjtseosc4ulrcdqbl/bin/autom4te failed with exit status: 1",
        "pre_context": "autoreconf: running: aclocal -I /opt/spack/opt/spack/linux-debian9-x86_64/clang-3.8.1/automake-1.16.3-xucyvfg4mzldtv5exf5pufrob7laknsu/share/aclocal -I /opt/spack/opt/spack/linux-debian9-x86_64/clang-3.8.1/libtool-2.4.6-vb5ehngik7hohzbb5d34vzhocqwjxoyd/share/aclocal --force\naclocal: warning: autoconf input should be named 'configure.ac', not 'configure.in'\nconfigure.in:2076: error: automatic de-ANSI-fication support has been removed\n/opt/spack/opt/spack/linux-debian9-x86_64/clang-3.8.1/automake-1.16.3-xucyvfg4mzldtv5exf5pufrob7laknsu/share/aclocal-1.16/obsolete.m4:26: AM_C_PROTOTYPES is expanded from...\nconfigure.in:2076: the top level\nautom4te: /opt/spack/opt/spack/linux-debian9-x86_64/clang-3.8.1/m4-1.4.19-vokme3kfndqb5jhb2ymxtvw2u4dourt5/bin/m4 failed with exit status: 1",
        "post_context": "autoreconf: aclocal failed with exit status: 1\n",
        "add_date": "2022-02-03T08:40:38.415730Z",
        "modify_date": "2022-02-03T08:40:38.415744Z",
        "label": "build-error",
        "spack-monitor-label": "error"
    },
    {
        "id": 17597,
        "phase": 49228,
        "source_file": "(None,)",
        "source_line_no": 0,
        "line_no": 16,
        "repeat_count": 0,
        "start": 10,
        "end": 19,
        "text": "aclocal: error: /opt/spack/opt/spack/linux-debian9-haswell/gcc-7.3.0/autoconf-2.69-glj4672gr7gfjoyczhhkwzxtm6wdljud/bin/autom4te failed with exit status: 1",
        "pre_context": "autoreconf: running: aclocal -I /opt/spack/opt/spack/linux-debian9-haswell/gcc-7.3.0/automake-1.16.3-3g3c2mzwkf3mpnonyhogfz6xc6tzdecd/share/aclocal -I /opt/spack/opt/spack/linux-debian9-haswell/gcc-7.3.0/libtool-2.4.6-jkshwi6opnacfdxaqzg22tispqh4cz7z/share/aclocal --force\naclocal: warning: autoconf input should be named 'configure.ac', not 'configure.in'\nconfigure.in:2076: error: automatic de-ANSI-fication support has been removed\n/opt/spack/opt/spack/linux-debian9-haswell/gcc-7.3.0/automake-1.16.3-3g3c2mzwkf3mpnonyhogfz6xc6tzdecd/share/aclocal-1.16/obsolete.m4:26: AM_C_PROTOTYPES is expanded from...\nconfigure.in:2076: the top level\nautom4te: /opt/spack/opt/spack/linux-debian9-haswell/gcc-7.3.0/m4-1.4.19-kyk6zogwj3xgpdflcsmdk7tl5sju2ijm/bin/m4 failed with exit status: 1",
        "post_context": "autoreconf: aclocal failed with exit status: 1\n",
        "add_date": "2022-02-03T08:40:38.558603Z",
        "modify_date": "2022-02-03T08:40:38.558617Z",
        "label": "build-error",
        "spack-monitor-label": "error"
    },
    {
        "id": 17599,
        "phase": 49109,
        "source_file": "(None,)",
        "source_line_no": 0,
        "line_no": 16,
        "repeat_count": 0,
        "start": 10,
        "end": 19,
        "text": "aclocal: error: /opt/spack/opt/spack/linux-debian10-haswell/gcc-9.4.0/autoconf-2.69-lq422izvsx5cefh6hlu37lmguyycjdog/bin/autom4te failed with exit status: 1",
        "pre_context": "autoreconf: running: aclocal -I /opt/spack/opt/spack/linux-debian10-haswell/gcc-9.4.0/automake-1.16.3-35nwvxrq6i6wt24bf62z5wuyfnfaf7xq/share/aclocal -I /opt/spack/opt/spack/linux-debian10-haswell/gcc-9.4.0/libtool-2.4.6-fqebqsg2g63vnfz7tjzci5ngwk5q4qgs/share/aclocal --force\naclocal: warning: autoconf input should be named 'configure.ac', not 'configure.in'\nconfigure.in:2076: error: automatic de-ANSI-fication support has been removed\n/opt/spack/opt/spack/linux-debian10-haswell/gcc-9.4.0/automake-1.16.3-35nwvxrq6i6wt24bf62z5wuyfnfaf7xq/share/aclocal-1.16/obsolete.m4:26: AM_C_PROTOTYPES is expanded from...\nconfigure.in:2076: the top level\nautom4te: /opt/spack/opt/spack/linux-debian10-haswell/gcc-9.4.0/m4-1.4.19-mtxzcsnlelvbax2ynrvil37p7fst7ftn/bin/m4 failed with exit status: 1",
        "post_context": "autoreconf: aclocal failed with exit status: 1\n",
        "add_date": "2022-02-03T08:40:38.579050Z",
        "modify_date": "2022-02-03T08:40:38.579064Z",
        "label": "build-error",
        "spack-monitor-label": "error"
    },
    {
        "id": 17604,
        "phase": 49057,
        "source_file": "(None,)",
        "source_line_no": 0,
        "line_no": 16,
        "repeat_count": 0,
        "start": 10,
        "end": 19,
        "text": "aclocal: error: /opt/spack/opt/spack/linux-debian8-x86_64_v3/gcc-4.9.4/autoconf-2.69-t2ecc2o6pjsfj4ptb72olrx6h5oaqo5d/bin/autom4te failed with exit status: 1",
        "pre_context": "autoreconf: running: aclocal -I /opt/spack/opt/spack/linux-debian8-x86_64_v3/gcc-4.9.4/automake-1.16.3-ac2axbybwg3nxdduzlmph64cyfs2if2h/share/aclocal -I /opt/spack/opt/spack/linux-debian8-x86_64_v3/gcc-4.9.4/libtool-2.4.6-b6mvegyfdo7wycofatwcvwkq52sgepqr/share/aclocal --force\naclocal: warning: autoconf input should be named 'configure.ac', not 'configure.in'\nconfigure.in:2076: error: automatic de-ANSI-fication support has been removed\n/opt/spack/opt/spack/linux-debian8-x86_64_v3/gcc-4.9.4/automake-1.16.3-ac2axbybwg3nxdduzlmph64cyfs2if2h/share/aclocal-1.16/obsolete.m4:26: AM_C_PROTOTYPES is expanded from...\nconfigure.in:2076: the top level\nautom4te: /opt/spack/opt/spack/linux-debian8-x86_64_v3/gcc-4.9.4/m4-1.4.19-lxkcwrbomgh25rm3ard2g423dbfepgql/bin/m4 failed with exit status: 1",
        "post_context": "autoreconf: aclocal failed with exit status: 1\n",
        "add_date": "2022-02-03T08:40:38.766386Z",
        "modify_date": "2022-02-03T08:40:38.766413Z",
        "label": "build-error",
        "spack-monitor-label": "error"
    },
    {
        "id": 17607,
        "phase": 49089,
        "source_file": "(None,)",
        "source_line_no": 0,
        "line_no": 16,
        "repeat_count": 0,
        "start": 10,
        "end": 19,
        "text": "aclocal: error: /opt/spack/opt/spack/linux-debian9-x86_64_v4/gcc-8.1.0/autoconf-2.69-p4jsngfrlrofnlj75bnzydn2aoyutuc3/bin/autom4te failed with exit status: 1",
        "pre_context": "autoreconf: running: aclocal -I /opt/spack/opt/spack/linux-debian9-x86_64_v4/gcc-8.1.0/automake-1.16.3-6z2itdbqecp2n7eeonpah4etjxc5xyrd/share/aclocal -I /opt/spack/opt/spack/linux-debian9-x86_64_v4/gcc-8.1.0/libtool-2.4.6-nwnirvcufkvsy6obz5jgumnlnq4x2oie/share/aclocal --force\naclocal: warning: autoconf input should be named 'configure.ac', not 'configure.in'\nconfigure.in:2076: error: automatic de-ANSI-fication support has been removed\n/opt/spack/opt/spack/linux-debian9-x86_64_v4/gcc-8.1.0/automake-1.16.3-6z2itdbqecp2n7eeonpah4etjxc5xyrd/share/aclocal-1.16/obsolete.m4:26: AM_C_PROTOTYPES is expanded from...\nconfigure.in:2076: the top level\nautom4te: /opt/spack/opt/spack/linux-debian9-x86_64_v4/gcc-8.1.0/m4-1.4.19-pp6suig2htyvgrdkiw4hrapz4y6bake6/bin/m4 failed with exit status: 1",
        "post_context": "autoreconf: aclocal failed with exit status: 1\n",
        "add_date": "2022-02-03T08:40:38.878930Z",
        "modify_date": "2022-02-03T08:40:38.878946Z",
        "label": "build-error",
        "spack-monitor-label": "error"
    },
    {
        "id": 17609,
        "phase": 49266,
        "source_file": "(None,)",
        "source_line_no": 0,
        "line_no": 16,
        "repeat_count": 0,
        "start": 10,
        "end": 19,
        "text": "aclocal: error: /opt/spack/opt/spack/linux-debian9-haswell/gcc-6.3.0/autoconf-2.69-rdux27u75hbfeouygtyddi4t4rnm7uoz/bin/autom4te failed with exit status: 1",
        "pre_context": "autoreconf: running: aclocal -I /opt/spack/opt/spack/linux-debian9-haswell/gcc-6.3.0/automake-1.16.3-opi25cnp6pomsa4bxdco5lts43cudqyc/share/aclocal -I /opt/spack/opt/spack/linux-debian9-haswell/gcc-6.3.0/libtool-2.4.6-6pjiz5a37z3otug62itohgtuabdlhrgc/share/aclocal --force\naclocal: warning: autoconf input should be named 'configure.ac', not 'configure.in'\nconfigure.in:2076: error: automatic de-ANSI-fication support has been removed\n/opt/spack/opt/spack/linux-debian9-haswell/gcc-6.3.0/automake-1.16.3-opi25cnp6pomsa4bxdco5lts43cudqyc/share/aclocal-1.16/obsolete.m4:26: AM_C_PROTOTYPES is expanded from...\nconfigure.in:2076: the top level\nautom4te: /opt/spack/opt/spack/linux-debian9-haswell/gcc-6.3.0/m4-1.4.19-ijvj4edy5mgb4viyadncst43hzx4kwsp/bin/m4 failed with exit status: 1",
        "post_context": "autoreconf: aclocal failed with exit status: 1\n",
        "add_date": "2022-02-03T08:40:38.922958Z",
        "modify_date": "2022-02-03T08:40:38.922971Z",
        "label": "build-error",
        "spack-monitor-label": "error"
    },
    {
        "id": 17611,
        "phase": 49301,
        "source_file": "(None,)",
        "source_line_no": 0,
        "line_no": 16,
        "repeat_count": 0,
        "start": 10,
        "end": 19,
        "text": "aclocal: error: /opt/spack/opt/spack/linux-debian10-x86_64_v4/gcc-8.3.0/autoconf-2.69-fvzsj4phn7hv6ljb45hjtt36kosio2mw/bin/autom4te failed with exit status: 1",
        "pre_context": "autoreconf: running: aclocal -I /opt/spack/opt/spack/linux-debian10-x86_64_v4/gcc-8.3.0/automake-1.16.3-q5vkemhlqhilzw4b4x74m4wp7o5v5ffe/share/aclocal -I /opt/spack/opt/spack/linux-debian10-x86_64_v4/gcc-8.3.0/libtool-2.4.6-kcct6iol6bwbrcnbnc4hanki6gxmxq5j/share/aclocal --force\naclocal: warning: autoconf input should be named 'configure.ac', not 'configure.in'\nconfigure.in:2076: error: automatic de-ANSI-fication support has been removed\n/opt/spack/opt/spack/linux-debian10-x86_64_v4/gcc-8.3.0/automake-1.16.3-q5vkemhlqhilzw4b4x74m4wp7o5v5ffe/share/aclocal-1.16/obsolete.m4:26: AM_C_PROTOTYPES is expanded from...\nconfigure.in:2076: the top level\nautom4te: /opt/spack/opt/spack/linux-debian10-x86_64_v4/gcc-8.3.0/m4-1.4.19-oawukni5eih2ydw4budj2sixqqlxpcwq/bin/m4 failed with exit status: 1",
        "post_context": "autoreconf: aclocal failed with exit status: 1\n",
        "add_date": "2022-02-03T08:40:39.001362Z",
        "modify_date": "2022-02-03T08:40:39.001377Z",
        "label": "build-error",
        "spack-monitor-label": "error"
    },
    {
        "id": 18465,
        "phase": 51395,
        "source_file": "(None,)",
        "source_line_no": 0,
        "line_no": 16,
        "repeat_count": 0,
        "start": 10,
        "end": 19,
        "text": "aclocal: error: /opt/spack/opt/spack/linux-centos8-icelake/clang-11.0.1/autoconf-2.69-ekkly7zxtpvmxaepkzwbme3loethheye/bin/autom4te failed with exit status: 1",
        "pre_context": "autoreconf: running: aclocal -I /opt/spack/opt/spack/linux-centos8-icelake/clang-11.0.1/automake-1.16.3-p4ccb6nx7vbsxbw5fgbbmcjxbnhh2mhe/share/aclocal -I /opt/spack/opt/spack/linux-centos8-icelake/clang-11.0.1/libtool-2.4.6-azptw2xcapvuuyqmcjodcork3suziope/share/aclocal --force\naclocal: warning: autoconf input should be named 'configure.ac', not 'configure.in'\nconfigure.in:2076: error: automatic de-ANSI-fication support has been removed\n/opt/spack/opt/spack/linux-centos8-icelake/clang-11.0.1/automake-1.16.3-p4ccb6nx7vbsxbw5fgbbmcjxbnhh2mhe/share/aclocal-1.16/obsolete.m4:26: AM_C_PROTOTYPES is expanded from...\nconfigure.in:2076: the top level\nautom4te: /opt/spack/opt/spack/linux-centos8-icelake/clang-11.0.1/m4-1.4.19-rtyktp56kkjqnyaxs22lmzlh2py7t7xk/bin/m4 failed with exit status: 1",
        "post_context": "autoreconf: aclocal failed with exit status: 1\n",
        "add_date": "2022-02-03T09:18:09.263154Z",
        "modify_date": "2022-02-03T09:18:09.263167Z",
        "label": "build-error",
        "spack-monitor-label": "error"
    },
    {
        "id": 18471,
        "phase": 48791,
        "source_file": "(None,)",
        "source_line_no": 0,
        "line_no": 16,
        "repeat_count": 0,
        "start": 10,
        "end": 19,
        "text": "aclocal: error: /opt/spack/opt/spack/linux-debian10-x86_64_v4/clang-7.0.1/autoconf-2.69-4y47aisahvtfriw773bfnwkmptb7waue/bin/autom4te failed with exit status: 1",
        "pre_context": "autoreconf: running: aclocal -I /opt/spack/opt/spack/linux-debian10-x86_64_v4/clang-7.0.1/automake-1.16.3-536kd6zb5xldbpu6qqgdcwshfrlb2inn/share/aclocal -I /opt/spack/opt/spack/linux-debian10-x86_64_v4/clang-7.0.1/libtool-2.4.6-epixju5kcpcthoiol2ai5moiu5fm4s5v/share/aclocal --force\naclocal: warning: autoconf input should be named 'configure.ac', not 'configure.in'\nconfigure.in:2076: error: automatic de-ANSI-fication support has been removed\n/opt/spack/opt/spack/linux-debian10-x86_64_v4/clang-7.0.1/automake-1.16.3-536kd6zb5xldbpu6qqgdcwshfrlb2inn/share/aclocal-1.16/obsolete.m4:26: AM_C_PROTOTYPES is expanded from...\nconfigure.in:2076: the top level\nautom4te: /opt/spack/opt/spack/linux-debian10-x86_64_v4/clang-7.0.1/m4-1.4.19-em46kbdmfbabklrqrumfitzzkoe5oafl/bin/m4 failed with exit status: 1",
        "post_context": "autoreconf: aclocal failed with exit status: 1\n",
        "add_date": "2022-02-03T09:18:09.480343Z",
        "modify_date": "2022-02-03T09:18:09.480356Z",
        "label": "build-error",
        "spack-monitor-label": "error"
    },
    {
        "id": 18477,
        "phase": 51545,
        "source_file": "(None,)",
        "source_line_no": 0,
        "line_no": 16,
        "repeat_count": 0,
        "start": 10,
        "end": 19,
        "text": "aclocal: error: /opt/spack/opt/spack/linux-debian9-x86_64_v4/gcc-7.3.0/autoconf-2.69-aspqxex4cx3bv43fpuzwsffbx22y64ds/bin/autom4te failed with exit status: 1",
        "pre_context": "autoreconf: running: aclocal -I /opt/spack/opt/spack/linux-debian9-x86_64_v4/gcc-7.3.0/automake-1.16.3-qzydr4wli6664mat3ymi4s5b7evw3mpx/share/aclocal -I /opt/spack/opt/spack/linux-debian9-x86_64_v4/gcc-7.3.0/libtool-2.4.6-omwmhhuwnkllkrogyc5aavgjmmqf2r42/share/aclocal --force\naclocal: warning: autoconf input should be named 'configure.ac', not 'configure.in'\nconfigure.in:2076: error: automatic de-ANSI-fication support has been removed\n/opt/spack/opt/spack/linux-debian9-x86_64_v4/gcc-7.3.0/automake-1.16.3-qzydr4wli6664mat3ymi4s5b7evw3mpx/share/aclocal-1.16/obsolete.m4:26: AM_C_PROTOTYPES is expanded from...\nconfigure.in:2076: the top level\nautom4te: /opt/spack/opt/spack/linux-debian9-x86_64_v4/gcc-7.3.0/m4-1.4.19-o3rpa3sxlaaycmaqtw5ckv665qdcebnb/bin/m4 failed with exit status: 1",
        "post_context": "autoreconf: aclocal failed with exit status: 1\n",
        "add_date": "2022-02-03T09:18:09.651098Z",
        "modify_date": "2022-02-03T09:18:09.651120Z",
        "label": "build-error",
        "spack-monitor-label": "error"
    },
    {
        "id": 18461,
        "phase": 51371,
        "source_file": "(None,)",
        "source_line_no": 0,
        "line_no": 16,
        "repeat_count": 0,
        "start": 10,
        "end": 19,
        "text": "aclocal: error: /opt/spack/opt/spack/linux-centos7-x86_64_v3/gcc-4.8.5/autoconf-2.69-acnt34pl2ewxh33jeqialrstxbwc3dkp/bin/autom4te failed with exit status: 1",
        "pre_context": "autoreconf: running: aclocal -I /opt/spack/opt/spack/linux-centos7-x86_64_v3/gcc-4.8.5/automake-1.16.3-tbryx42ch3zdnkvvovahm7wrjeyhc5rm/share/aclocal -I /opt/spack/opt/spack/linux-centos7-x86_64_v3/gcc-4.8.5/libtool-2.4.6-vnk2p7rweq5zlaf5gm7pybbkef3a22gu/share/aclocal --force\naclocal: warning: autoconf input should be named 'configure.ac', not 'configure.in'\nconfigure.in:2076: error: automatic de-ANSI-fication support has been removed\n/opt/spack/opt/spack/linux-centos7-x86_64_v3/gcc-4.8.5/automake-1.16.3-tbryx42ch3zdnkvvovahm7wrjeyhc5rm/share/aclocal-1.16/obsolete.m4:26: AM_C_PROTOTYPES is expanded from...\nconfigure.in:2076: the top level\nautom4te: /opt/spack/opt/spack/linux-centos7-x86_64_v3/gcc-4.8.5/m4-1.4.19-bfd3oxkf2zl53jouwhojkwbb2ubfaoj6/bin/m4 failed with exit status: 1",
        "post_context": "autoreconf: aclocal failed with exit status: 1\n",
        "add_date": "2022-02-03T09:18:09.181487Z",
        "modify_date": "2022-02-03T09:18:09.181500Z",
        "label": "build-error",
        "spack-monitor-label": "error"
    },
    {
        "id": 18463,
        "phase": 51392,
        "source_file": "(None,)",
        "source_line_no": 0,
        "line_no": 16,
        "repeat_count": 0,
        "start": 10,
        "end": 19,
        "text": "aclocal: error: /opt/spack/opt/spack/linux-centos7-x86_64/clang-3.4.2/autoconf-2.69-iiornvj67fxgtpvqbwxtk6dl6vrzfhlz/bin/autom4te failed with exit status: 1",
        "pre_context": "autoreconf: running: aclocal -I /opt/spack/opt/spack/linux-centos7-x86_64/clang-3.4.2/automake-1.16.3-2j4w7eemaecqfkvhwkhaem5kchws57l5/share/aclocal -I /opt/spack/opt/spack/linux-centos7-x86_64/clang-3.4.2/libtool-2.4.6-ih6i4xccrwjyuxsb22jwg4vgjoaifkux/share/aclocal --force\naclocal: warning: autoconf input should be named 'configure.ac', not 'configure.in'\nconfigure.in:2076: error: automatic de-ANSI-fication support has been removed\n/opt/spack/opt/spack/linux-centos7-x86_64/clang-3.4.2/automake-1.16.3-2j4w7eemaecqfkvhwkhaem5kchws57l5/share/aclocal-1.16/obsolete.m4:26: AM_C_PROTOTYPES is expanded from...\nconfigure.in:2076: the top level\nautom4te: /opt/spack/opt/spack/linux-centos7-x86_64/clang-3.4.2/m4-1.4.19-r2p6heldsogqvdn7fx7zyxisgy7szvpp/bin/m4 failed with exit status: 1",
        "post_context": "autoreconf: aclocal failed with exit status: 1\n",
        "add_date": "2022-02-03T09:18:09.241775Z",
        "modify_date": "2022-02-03T09:18:09.241788Z",
        "label": "build-error",
        "spack-monitor-label": "error"
    },
    {
        "id": 18467,
        "phase": 51484,
        "source_file": "(None,)",
        "source_line_no": 0,
        "line_no": 16,
        "repeat_count": 0,
        "start": 10,
        "end": 19,
        "text": "aclocal: error: /opt/spack/opt/spack/linux-debian11-x86_64_v4/clang-11.0.1/autoconf-2.69-gru2yq5kkf66behfxcfjuk4l3eewkiy3/bin/autom4te failed with exit status: 1",
        "pre_context": "autoreconf: running: aclocal -I /opt/spack/opt/spack/linux-debian11-x86_64_v4/clang-11.0.1/automake-1.16.3-6i6nulda6m64kv7vo2qesje2ii62u6l7/share/aclocal -I /opt/spack/opt/spack/linux-debian11-x86_64_v4/clang-11.0.1/libtool-2.4.6-dmw2ygn4hqtx6og7tpqzrizixwicg2tm/share/aclocal --force\naclocal: warning: autoconf input should be named 'configure.ac', not 'configure.in'\nconfigure.in:2076: error: automatic de-ANSI-fication support has been removed\n/opt/spack/opt/spack/linux-debian11-x86_64_v4/clang-11.0.1/automake-1.16.3-6i6nulda6m64kv7vo2qesje2ii62u6l7/share/aclocal-1.16/obsolete.m4:26: AM_C_PROTOTYPES is expanded from...\nconfigure.in:2076: the top level\nautom4te: /opt/spack/opt/spack/linux-debian11-x86_64_v4/clang-11.0.1/m4-1.4.19-qwnoecqlifulgiwhkoetj5t2tsyubzgt/bin/m4 failed with exit status: 1",
        "post_context": "autoreconf: aclocal failed with exit status: 1\n",
        "add_date": "2022-02-03T09:18:09.346568Z",
        "modify_date": "2022-02-03T09:18:09.346583Z",
        "label": "build-error",
        "spack-monitor-label": "error"
    },
    {
        "id": 18469,
        "phase": 51446,
        "source_file": "(None,)",
        "source_line_no": 0,
        "line_no": 16,
        "repeat_count": 0,
        "start": 10,
        "end": 19,
        "text": "aclocal: error: /opt/spack/opt/spack/linux-ubuntu18.04-haswell/clang-6.0.0/autoconf-2.69-oumlasqgnwv43hdwccr4rsbd7xdq2hnm/bin/autom4te failed with exit status: 1",
        "pre_context": "autoreconf: running: aclocal -I /opt/spack/opt/spack/linux-ubuntu18.04-haswell/clang-6.0.0/automake-1.16.3-h66hgsinu3bg4jcghw3n2qjol6eblkwr/share/aclocal -I /opt/spack/opt/spack/linux-ubuntu18.04-haswell/clang-6.0.0/libtool-2.4.6-l6gortr53gsw3hdt2il4afsz6fsega57/share/aclocal --force\naclocal: warning: autoconf input should be named 'configure.ac', not 'configure.in'\nconfigure.in:2076: error: automatic de-ANSI-fication support has been removed\n/opt/spack/opt/spack/linux-ubuntu18.04-haswell/clang-6.0.0/automake-1.16.3-h66hgsinu3bg4jcghw3n2qjol6eblkwr/share/aclocal-1.16/obsolete.m4:26: AM_C_PROTOTYPES is expanded from...\nconfigure.in:2076: the top level\nautom4te: /opt/spack/opt/spack/linux-ubuntu18.04-haswell/clang-6.0.0/m4-1.4.19-mpb6hhe3rtoog55eka5ul3b7h4irulod/bin/m4 failed with exit status: 1",
        "post_context": "autoreconf: aclocal failed with exit status: 1\n",
        "add_date": "2022-02-03T09:18:09.429161Z",
        "modify_date": "2022-02-03T09:18:09.429175Z",
        "label": "build-error",
        "spack-monitor-label": "error"
    },
    {
        "id": 18473,
        "phase": 51597,
        "source_file": "(None,)",
        "source_line_no": 0,
        "line_no": 16,
        "repeat_count": 0,
        "start": 10,
        "end": 19,
        "text": "aclocal: error: /opt/spack/opt/spack/linux-debian9-skylake_avx512/gcc-6.3.0/autoconf-2.69-ewjcauyjnfrupbkv2zpgk5upuyowohnu/bin/autom4te failed with exit status: 1",
        "pre_context": "autoreconf: running: aclocal -I /opt/spack/opt/spack/linux-debian9-skylake_avx512/gcc-6.3.0/automake-1.16.3-4ot3qmljcpsup5xz3mxzf5ih2pawubru/share/aclocal -I /opt/spack/opt/spack/linux-debian9-skylake_avx512/gcc-6.3.0/libtool-2.4.6-yq5oqdh7a7agefh4thzcxzmarnwtwftv/share/aclocal --force\naclocal: warning: autoconf input should be named 'configure.ac', not 'configure.in'\nconfigure.in:2076: error: automatic de-ANSI-fication support has been removed\n/opt/spack/opt/spack/linux-debian9-skylake_avx512/gcc-6.3.0/automake-1.16.3-4ot3qmljcpsup5xz3mxzf5ih2pawubru/share/aclocal-1.16/obsolete.m4:26: AM_C_PROTOTYPES is expanded from...\nconfigure.in:2076: the top level\nautom4te: /opt/spack/opt/spack/linux-debian9-skylake_avx512/gcc-6.3.0/m4-1.4.19-qqbnijnn7foul36vxfgwgeudv4dlfhr7/bin/m4 failed with exit status: 1",
        "post_context": "autoreconf: aclocal failed with exit status: 1\n",
        "add_date": "2022-02-03T09:18:09.519095Z",
        "modify_date": "2022-02-03T09:18:09.519117Z",
        "label": "build-error",
        "spack-monitor-label": "error"
    },
    {
        "id": 18475,
        "phase": 51494,
        "source_file": "(None,)",
        "source_line_no": 0,
        "line_no": 16,
        "repeat_count": 0,
        "start": 10,
        "end": 19,
        "text": "aclocal: error: /opt/spack/opt/spack/linux-debian11-haswell/gcc-10.2.1/autoconf-2.69-r5pgrl54w4ch4jyw3ecajiydrsgbvrfb/bin/autom4te failed with exit status: 1",
        "pre_context": "autoreconf: running: aclocal -I /opt/spack/opt/spack/linux-debian11-haswell/gcc-10.2.1/automake-1.16.3-trywtd24rjbt4q74uewthoj6ihs4qpp4/share/aclocal -I /opt/spack/opt/spack/linux-debian11-haswell/gcc-10.2.1/libtool-2.4.6-aiv2kybarb5cfn3asu4lxh4g7go6iusd/share/aclocal --force\naclocal: warning: autoconf input should be named 'configure.ac', not 'configure.in'\nconfigure.in:2076: error: automatic de-ANSI-fication support has been removed\n/opt/spack/opt/spack/linux-debian11-haswell/gcc-10.2.1/automake-1.16.3-trywtd24rjbt4q74uewthoj6ihs4qpp4/share/aclocal-1.16/obsolete.m4:26: AM_C_PROTOTYPES is expanded from...\nconfigure.in:2076: the top level\nautom4te: /opt/spack/opt/spack/linux-debian11-haswell/gcc-10.2.1/m4-1.4.19-ipucwtdzo2x7ygrkhx4hwalacgh3rjot/bin/m4 failed with exit status: 1",
        "post_context": "autoreconf: aclocal failed with exit status: 1\n",
        "add_date": "2022-02-03T09:18:09.550933Z",
        "modify_date": "2022-02-03T09:18:09.550955Z",
        "label": "build-error",
        "spack-monitor-label": "error"
    },
    {
        "id": 18479,
        "phase": 51610,
        "source_file": "(None,)",
        "source_line_no": 0,
        "line_no": 16,
        "repeat_count": 0,
        "start": 10,
        "end": 19,
        "text": "aclocal: error: /opt/spack/opt/spack/linux-debian11-broadwell/gcc-11.2.0/autoconf-2.69-eddk7odk3inx32wyorct5biazb344ws6/bin/autom4te failed with exit status: 1",
        "pre_context": "autoreconf: running: aclocal -I /opt/spack/opt/spack/linux-debian11-broadwell/gcc-11.2.0/automake-1.16.3-s2rukktfxm3qdb36gpvjxmhd2yxhfaie/share/aclocal -I /opt/spack/opt/spack/linux-debian11-broadwell/gcc-11.2.0/libtool-2.4.6-7nkhl23mazozmfkx4ujbe4net5dj2qsn/share/aclocal --force\naclocal: warning: autoconf input should be named 'configure.ac', not 'configure.in'\nconfigure.in:2076: error: automatic de-ANSI-fication support has been removed\n/opt/spack/opt/spack/linux-debian11-broadwell/gcc-11.2.0/automake-1.16.3-s2rukktfxm3qdb36gpvjxmhd2yxhfaie/share/aclocal-1.16/obsolete.m4:26: AM_C_PROTOTYPES is expanded from...\nconfigure.in:2076: the top level\nautom4te: /opt/spack/opt/spack/linux-debian11-broadwell/gcc-11.2.0/m4-1.4.19-z3spjmavssbfap7rrudlo5gpzpmhenlj/bin/m4 failed with exit status: 1",
        "post_context": "autoreconf: aclocal failed with exit status: 1\n",
        "add_date": "2022-02-03T09:18:09.670552Z",
        "modify_date": "2022-02-03T09:18:09.670570Z",
        "label": "build-error",
        "spack-monitor-label": "error"
    },
    {
        "id": 18481,
        "phase": 51653,
        "source_file": "(None,)",
        "source_line_no": 0,
        "line_no": 16,
        "repeat_count": 0,
        "start": 10,
        "end": 19,
        "text": "aclocal: error: /opt/spack/opt/spack/linux-debian10-icelake/gcc-9.4.0/autoconf-2.69-6uxp6m6ugnf6hmo7sob2uau3da6mwyf3/bin/autom4te failed with exit status: 1",
        "pre_context": "autoreconf: running: aclocal -I /opt/spack/opt/spack/linux-debian10-icelake/gcc-9.4.0/automake-1.16.3-bqnvyzxqhvizobdjyez2djsz4bfcwdo4/share/aclocal -I /opt/spack/opt/spack/linux-debian10-icelake/gcc-9.4.0/libtool-2.4.6-nbfafppnmsnjjjcxz2ugu46ak7nvshuz/share/aclocal --force\naclocal: warning: autoconf input should be named 'configure.ac', not 'configure.in'\nconfigure.in:2076: error: automatic de-ANSI-fication support has been removed\n/opt/spack/opt/spack/linux-debian10-icelake/gcc-9.4.0/automake-1.16.3-bqnvyzxqhvizobdjyez2djsz4bfcwdo4/share/aclocal-1.16/obsolete.m4:26: AM_C_PROTOTYPES is expanded from...\nconfigure.in:2076: the top level\nautom4te: /opt/spack/opt/spack/linux-debian10-icelake/gcc-9.4.0/m4-1.4.19-mapmvg3zhb4tzhtpcba4l5gfvh7zg47v/bin/m4 failed with exit status: 1",
        "post_context": "autoreconf: aclocal failed with exit status: 1\n",
        "add_date": "2022-02-03T09:18:09.901020Z",
        "modify_date": "2022-02-03T09:18:09.901037Z",
        "label": "build-error",
        "spack-monitor-label": "error"
    },
    {
        "id": 14284,
        "phase": 46031,
        "source_file": "(None,)",
        "source_line_no": 0,
        "line_no": 91,
        "repeat_count": 0,
        "start": 85,
        "end": 98,
        "text": "checking for C compiler flag --param max-inline-insns=100000... no/error: gcc: error: unrecognized command-line option '--param=max-inline-insns=100000'; did you mean '--param=max-inline-insns-auto='?",
        "pre_context": "checking for strings.h... yes\nchecking for inttypes.h... yes\nchecking for stdint.h... yes\nchecking for unistd.h... yes\nchecking size of void *... 8\nchecking for C compiler flag --param max-inline-insns-single=35000... yes",
        "post_context": "checking for C compiler flag --param inline-unit-growth=10000... yes\nchecking for C compiler flag --param large-function-growth=200000... yes\nchecking for C compiler flag -Winline... yes\nchecking for buggy -Winline... ok\nchecking for working C99 printf specifiers... yes\nchecking for C compiler flag -Wall... yes",
        "add_date": "2022-02-03T08:39:04.278011Z",
        "modify_date": "2022-02-03T08:39:04.278026Z",
        "label": "build-error",
        "spack-monitor-label": "error"
    },
    {
        "id": 14291,
        "phase": 46071,
        "source_file": "(None,)",
        "source_line_no": 0,
        "line_no": 92,
        "repeat_count": 0,
        "start": 86,
        "end": 99,
        "text": "checking for C compiler flag --param max-inline-insns=100000... no/error: gcc: error: unrecognized command-line option '--param=max-inline-insns=100000'; did you mean '--param=max-inline-insns-auto='?",
        "pre_context": "checking for strings.h... yes\nchecking for inttypes.h... yes\nchecking for stdint.h... yes\nchecking for unistd.h... yes\nchecking size of void *... 8\nchecking for C compiler flag --param max-inline-insns-single=35000... yes",
        "post_context": "checking for C compiler flag --param inline-unit-growth=10000... yes\nchecking for C compiler flag --param large-function-growth=200000... yes\nchecking for C compiler flag -Winline... yes\nchecking for buggy -Winline... ok\nchecking for working C99 printf specifiers... yes\nchecking for C compiler flag -Wall... yes",
        "add_date": "2022-02-03T08:39:04.454787Z",
        "modify_date": "2022-02-03T08:39:04.454802Z",
        "label": "build-error",
        "spack-monitor-label": "error"
    },
    {
        "id": 14306,
        "phase": 46286,
        "source_file": "(None,)",
        "source_line_no": 0,
        "line_no": 91,
        "repeat_count": 0,
        "start": 85,
        "end": 98,
        "text": "checking for C compiler flag --param max-inline-insns=100000... no/error: gcc-10: error: unrecognized command-line option '--param=max-inline-insns=100000'; did you mean '--param=max-inline-insns-auto='?",
        "pre_context": "checking for strings.h... yes\nchecking for inttypes.h... yes\nchecking for stdint.h... yes\nchecking for unistd.h... yes\nchecking size of void *... 8\nchecking for C compiler flag --param max-inline-insns-single=35000... yes",
        "post_context": "checking for C compiler flag --param inline-unit-growth=10000... yes\nchecking for C compiler flag --param large-function-growth=200000... yes\nchecking for C compiler flag -Winline... yes\nchecking for buggy -Winline... ok\nchecking for working C99 printf specifiers... yes\nchecking for C compiler flag -Wall... yes",
        "add_date": "2022-02-03T08:39:56.706773Z",
        "modify_date": "2022-02-03T08:39:56.706786Z",
        "label": "build-error",
        "spack-monitor-label": "error"
    },
    {
        "id": 14299,
        "phase": 46317,
        "source_file": "(None,)",
        "source_line_no": 0,
        "line_no": 91,
        "repeat_count": 0,
        "start": 85,
        "end": 98,
        "text": "checking for C compiler flag --param max-inline-insns=100000... no/error: gcc: error: unrecognized command-line option '--param=max-inline-insns=100000'; did you mean '--param=max-inline-insns-auto='?",
        "pre_context": "checking for strings.h... yes\nchecking for inttypes.h... yes\nchecking for stdint.h... yes\nchecking for unistd.h... yes\nchecking size of void *... 8\nchecking for C compiler flag --param max-inline-insns-single=35000... yes",
        "post_context": "checking for C compiler flag --param inline-unit-growth=10000... yes\nchecking for C compiler flag --param large-function-growth=200000... yes\nchecking for C compiler flag -Winline... yes\nchecking for buggy -Winline... ok\nchecking for working C99 printf specifiers... yes\nchecking for C compiler flag -Wall... yes",
        "add_date": "2022-02-03T08:39:56.248805Z",
        "modify_date": "2022-02-03T08:39:56.248818Z",
        "label": "build-error",
        "spack-monitor-label": "error"
    },
    {
        "id": 17573,
        "phase": 48610,
        "source_file": "(None,)",
        "source_line_no": 0,
        "line_no": 16,
        "repeat_count": 0,
        "start": 10,
        "end": 19,
        "text": "aclocal: error: /opt/spack/opt/spack/linux-ubuntu20.04-x86_64_v4/clang-10.0.0/autoconf-2.69-3gtpzpat33py2aytzwofeijldbqadfam/bin/autom4te failed with exit status: 1",
        "pre_context": "autoreconf: running: aclocal -I /opt/spack/opt/spack/linux-ubuntu20.04-x86_64_v4/clang-10.0.0/automake-1.16.3-z43synbhh6uirrhfigkpa5wrfuk6dlow/share/aclocal -I /opt/spack/opt/spack/linux-ubuntu20.04-x86_64_v4/clang-10.0.0/libtool-2.4.6-iefvemxq3bjvy7eyb6obgvq7wivxoyfx/share/aclocal --force\naclocal: warning: autoconf input should be named 'configure.ac', not 'configure.in'\nconfigure.in:2076: error: automatic de-ANSI-fication support has been removed\n/opt/spack/opt/spack/linux-ubuntu20.04-x86_64_v4/clang-10.0.0/automake-1.16.3-z43synbhh6uirrhfigkpa5wrfuk6dlow/share/aclocal-1.16/obsolete.m4:26: AM_C_PROTOTYPES is expanded from...\nconfigure.in:2076: the top level\nautom4te: /opt/spack/opt/spack/linux-ubuntu20.04-x86_64_v4/clang-10.0.0/m4-1.4.19-4vwzck6gccaqq72qia4fdvyabo43oioi/bin/m4 failed with exit status: 1",
        "post_context": "autoreconf: aclocal failed with exit status: 1\n",
        "add_date": "2022-02-03T08:40:37.853473Z",
        "modify_date": "2022-02-03T08:40:37.853494Z",
        "label": "build-error",
        "spack-monitor-label": "error"
    },
    {
        "id": 17579,
        "phase": 48658,
        "source_file": "(None,)",
        "source_line_no": 0,
        "line_no": 16,
        "repeat_count": 0,
        "start": 10,
        "end": 19,
        "text": "aclocal: error: /opt/spack/opt/spack/linux-ubuntu18.04-x86_64_v4/gcc-7.5.0/autoconf-2.69-5ithltgjlyegorbec6fmaxzddnzgki3u/bin/autom4te failed with exit status: 1",
        "pre_context": "autoreconf: running: aclocal -I /opt/spack/opt/spack/linux-ubuntu18.04-x86_64_v4/gcc-7.5.0/automake-1.16.3-5i3wzchddtpcxzwgrgexeepofs2wdcd7/share/aclocal -I /opt/spack/opt/spack/linux-ubuntu18.04-x86_64_v4/gcc-7.5.0/libtool-2.4.6-y5x7cemyxge2btdqjkvgr37a5fdzauwt/share/aclocal --force\naclocal: warning: autoconf input should be named 'configure.ac', not 'configure.in'\nconfigure.in:2076: error: automatic de-ANSI-fication support has been removed\n/opt/spack/opt/spack/linux-ubuntu18.04-x86_64_v4/gcc-7.5.0/automake-1.16.3-5i3wzchddtpcxzwgrgexeepofs2wdcd7/share/aclocal-1.16/obsolete.m4:26: AM_C_PROTOTYPES is expanded from...\nconfigure.in:2076: the top level\nautom4te: /opt/spack/opt/spack/linux-ubuntu18.04-x86_64_v4/gcc-7.5.0/m4-1.4.19-h7jubqh2jmo5afovggeke3r4jnwajiri/bin/m4 failed with exit status: 1",
        "post_context": "autoreconf: aclocal failed with exit status: 1\n",
        "add_date": "2022-02-03T08:40:37.920455Z",
        "modify_date": "2022-02-03T08:40:37.920476Z",
        "label": "build-error",
        "spack-monitor-label": "error"
    },
    {
        "id": 17595,
        "phase": 49078,
        "source_file": "(None,)",
        "source_line_no": 0,
        "line_no": 16,
        "repeat_count": 0,
        "start": 10,
        "end": 19,
        "text": "aclocal: error: /opt/spack/opt/spack/linux-debian9-x86_64_v4/gcc-6.3.0/autoconf-2.69-pjg2vzqaahu27k56vpw4rkllnuhuucl7/bin/autom4te failed with exit status: 1",
        "pre_context": "autoreconf: running: aclocal -I /opt/spack/opt/spack/linux-debian9-x86_64_v4/gcc-6.3.0/automake-1.16.3-hopfqygcu6jdolcuesdios7ejmzotctd/share/aclocal -I /opt/spack/opt/spack/linux-debian9-x86_64_v4/gcc-6.3.0/libtool-2.4.6-3mp6hjktxewvkwqjv5uoeigc3evlshkb/share/aclocal --force\naclocal: warning: autoconf input should be named 'configure.ac', not 'configure.in'\nconfigure.in:2076: error: automatic de-ANSI-fication support has been removed\n/opt/spack/opt/spack/linux-debian9-x86_64_v4/gcc-6.3.0/automake-1.16.3-hopfqygcu6jdolcuesdios7ejmzotctd/share/aclocal-1.16/obsolete.m4:26: AM_C_PROTOTYPES is expanded from...\nconfigure.in:2076: the top level\nautom4te: /opt/spack/opt/spack/linux-debian9-x86_64_v4/gcc-6.3.0/m4-1.4.19-5hcjsp2c6ndtvl6l5yir6y26svxb2k5o/bin/m4 failed with exit status: 1",
        "post_context": "autoreconf: aclocal failed with exit status: 1\n",
        "add_date": "2022-02-03T08:40:38.468778Z",
        "modify_date": "2022-02-03T08:40:38.468822Z",
        "label": "build-error",
        "spack-monitor-label": "error"
    },
    {
        "id": 17601,
        "phase": 49153,
        "source_file": "(None,)",
        "source_line_no": 0,
        "line_no": 16,
        "repeat_count": 0,
        "start": 10,
        "end": 19,
        "text": "aclocal: error: /opt/spack/opt/spack/linux-debian10-haswell/clang-7.0.1/autoconf-2.69-chphzewhq32kkr44uh36zo2lteuqrnre/bin/autom4te failed with exit status: 1",
        "pre_context": "autoreconf: running: aclocal -I /opt/spack/opt/spack/linux-debian10-haswell/clang-7.0.1/automake-1.16.3-mx6xqigaitbxkzfjlsjzwuejor6ljrez/share/aclocal -I /opt/spack/opt/spack/linux-debian10-haswell/clang-7.0.1/libtool-2.4.6-5bnwhfa63u5jd6a7vseapvxdvhlju3sp/share/aclocal --force\naclocal: warning: autoconf input should be named 'configure.ac', not 'configure.in'\nconfigure.in:2076: error: automatic de-ANSI-fication support has been removed\n/opt/spack/opt/spack/linux-debian10-haswell/clang-7.0.1/automake-1.16.3-mx6xqigaitbxkzfjlsjzwuejor6ljrez/share/aclocal-1.16/obsolete.m4:26: AM_C_PROTOTYPES is expanded from...\nconfigure.in:2076: the top level\nautom4te: /opt/spack/opt/spack/linux-debian10-haswell/clang-7.0.1/m4-1.4.19-wstkjvdeqim4tddaabtu3l2gxv4lgmdc/bin/m4 failed with exit status: 1",
        "post_context": "autoreconf: aclocal failed with exit status: 1\n",
        "add_date": "2022-02-03T08:40:38.604798Z",
        "modify_date": "2022-02-03T08:40:38.604811Z",
        "label": "build-error",
        "spack-monitor-label": "error"
    },
    {
        "id": 17547,
        "phase": 48282,
        "source_file": "(None,)",
        "source_line_no": 0,
        "line_no": 16,
        "repeat_count": 0,
        "start": 10,
        "end": 19,
        "text": "aclocal: error: /opt/spack/opt/spack/linux-centos7-haswell/gcc-4.8.5/autoconf-2.69-d5z47eccjcwfln6ej2p3dll2u5kxvepf/bin/autom4te failed with exit status: 1",
        "pre_context": "autoreconf: running: aclocal -I /opt/spack/opt/spack/linux-centos7-haswell/gcc-4.8.5/automake-1.16.3-hxaopryfdkbgni2udtbrrao2siatcs74/share/aclocal -I /opt/spack/opt/spack/linux-centos7-haswell/gcc-4.8.5/libtool-2.4.6-pvzlnpx6r6p7c435ybhcpwpx5vxqrjic/share/aclocal --force\naclocal: warning: autoconf input should be named 'configure.ac', not 'configure.in'\nconfigure.in:2076: error: automatic de-ANSI-fication support has been removed\n/opt/spack/opt/spack/linux-centos7-haswell/gcc-4.8.5/automake-1.16.3-hxaopryfdkbgni2udtbrrao2siatcs74/share/aclocal-1.16/obsolete.m4:26: AM_C_PROTOTYPES is expanded from...\nconfigure.in:2076: the top level\nautom4te: /opt/spack/opt/spack/linux-centos7-haswell/gcc-4.8.5/m4-1.4.19-wvhvi42rnsv6d7yxtmtzfgmfihphcwjx/bin/m4 failed with exit status: 1",
        "post_context": "autoreconf: aclocal failed with exit status: 1\n",
        "add_date": "2022-02-03T08:40:36.714540Z",
        "modify_date": "2022-02-03T08:40:36.714554Z",
        "label": "build-error",
        "spack-monitor-label": "error"
    },
    {
        "id": 17549,
        "phase": 48403,
        "source_file": "(None,)",
        "source_line_no": 0,
        "line_no": 16,
        "repeat_count": 0,
        "start": 10,
        "end": 19,
        "text": "aclocal: error: /opt/spack/opt/spack/linux-centos7-x86_64/clang-3.4.2/autoconf-2.69-iiornvj67fxgtpvqbwxtk6dl6vrzfhlz/bin/autom4te failed with exit status: 1",
        "pre_context": "autoreconf: running: aclocal -I /opt/spack/opt/spack/linux-centos7-x86_64/clang-3.4.2/automake-1.16.3-2j4w7eemaecqfkvhwkhaem5kchws57l5/share/aclocal -I /opt/spack/opt/spack/linux-centos7-x86_64/clang-3.4.2/libtool-2.4.6-ih6i4xccrwjyuxsb22jwg4vgjoaifkux/share/aclocal --force\naclocal: warning: autoconf input should be named 'configure.ac', not 'configure.in'\nconfigure.in:2076: error: automatic de-ANSI-fication support has been removed\n/opt/spack/opt/spack/linux-centos7-x86_64/clang-3.4.2/automake-1.16.3-2j4w7eemaecqfkvhwkhaem5kchws57l5/share/aclocal-1.16/obsolete.m4:26: AM_C_PROTOTYPES is expanded from...\nconfigure.in:2076: the top level\nautom4te: /opt/spack/opt/spack/linux-centos7-x86_64/clang-3.4.2/m4-1.4.19-r2p6heldsogqvdn7fx7zyxisgy7szvpp/bin/m4 failed with exit status: 1",
        "post_context": "autoreconf: aclocal failed with exit status: 1\n",
        "add_date": "2022-02-03T08:40:36.750879Z",
        "modify_date": "2022-02-03T08:40:36.750892Z",
        "label": "build-error",
        "spack-monitor-label": "error"
    },
    {
        "id": 17567,
        "phase": 48569,
        "source_file": "(None,)",
        "source_line_no": 0,
        "line_no": 16,
        "repeat_count": 0,
        "start": 10,
        "end": 19,
        "text": "aclocal: error: /opt/spack/opt/spack/linux-centos8-x86_64_v4/gcc-8.4.1/autoconf-2.69-enqkushsr2hkyewvnmikrwfjqikv6ayr/bin/autom4te failed with exit status: 1",
        "pre_context": "autoreconf: running: aclocal -I /opt/spack/opt/spack/linux-centos8-x86_64_v4/gcc-8.4.1/automake-1.16.3-tn5dzcxayg2b2umun32iiufkit5efesq/share/aclocal -I /opt/spack/opt/spack/linux-centos8-x86_64_v4/gcc-8.4.1/libtool-2.4.6-2niimmnped7mm7lcidx42eon23gty3ht/share/aclocal --force\naclocal: warning: autoconf input should be named 'configure.ac', not 'configure.in'\nconfigure.in:2076: error: automatic de-ANSI-fication support has been removed\n/opt/spack/opt/spack/linux-centos8-x86_64_v4/gcc-8.4.1/automake-1.16.3-tn5dzcxayg2b2umun32iiufkit5efesq/share/aclocal-1.16/obsolete.m4:26: AM_C_PROTOTYPES is expanded from...\nconfigure.in:2076: the top level\nautom4te: /opt/spack/opt/spack/linux-centos8-x86_64_v4/gcc-8.4.1/m4-1.4.19-yz5ufnukabhdvmjkcko7jmcmfgc7bzmz/bin/m4 failed with exit status: 1",
        "post_context": "autoreconf: aclocal failed with exit status: 1\n",
        "add_date": "2022-02-03T08:40:37.635952Z",
        "modify_date": "2022-02-03T08:40:37.635964Z",
        "label": "build-error",
        "spack-monitor-label": "error"
    },
    {
        "id": 17563,
        "phase": 48507,
        "source_file": "(None,)",
        "source_line_no": 0,
        "line_no": 16,
        "repeat_count": 0,
        "start": 10,
        "end": 19,
        "text": "aclocal: error: /opt/spack/opt/spack/linux-fedora35-x86_64_v4/gcc-11.2.1/autoconf-2.69-tmh7i3u6qh3xnhimzeokjwmtepkr633q/bin/autom4te failed with exit status: 1",
        "pre_context": "autoreconf: running: aclocal -I /opt/spack/opt/spack/linux-fedora35-x86_64_v4/gcc-11.2.1/automake-1.16.3-p4rtnjipidjbxfq3dpgmugdwfrwirk5g/share/aclocal -I /opt/spack/opt/spack/linux-fedora35-x86_64_v4/gcc-11.2.1/libtool-2.4.6-2odhwpul3dj2zqlyaknur6efiweugiej/share/aclocal --force\naclocal: warning: autoconf input should be named 'configure.ac', not 'configure.in'\nconfigure.in:2076: error: automatic de-ANSI-fication support has been removed\n/opt/spack/opt/spack/linux-fedora35-x86_64_v4/gcc-11.2.1/automake-1.16.3-p4rtnjipidjbxfq3dpgmugdwfrwirk5g/share/aclocal-1.16/obsolete.m4:26: AM_C_PROTOTYPES is expanded from...\nconfigure.in:2076: the top level\nautom4te: /opt/spack/opt/spack/linux-fedora35-x86_64_v4/gcc-11.2.1/m4-1.4.19-ikwo444axnwaainlanmvduzt7jeejzpi/bin/m4 failed with exit status: 1",
        "post_context": "autoreconf: aclocal failed with exit status: 1\n",
        "add_date": "2022-02-03T08:40:37.591082Z",
        "modify_date": "2022-02-03T08:40:37.591096Z",
        "label": "build-error",
        "spack-monitor-label": "error"
    },
    {
        "id": 17565,
        "phase": 48404,
        "source_file": "(None,)",
        "source_line_no": 0,
        "line_no": 16,
        "repeat_count": 0,
        "start": 10,
        "end": 19,
        "text": "aclocal: error: /opt/spack/opt/spack/linux-fedora35-x86_64_v4/clang-13.0.0/autoconf-2.69-uh7rkxhhttbndmqve26biqxsyrj7rz24/bin/autom4te failed with exit status: 1",
        "pre_context": "autoreconf: running: aclocal -I /opt/spack/opt/spack/linux-fedora35-x86_64_v4/clang-13.0.0/automake-1.16.3-yqwoavwhvgfmkr4pngo4bfzr5b66pv7n/share/aclocal -I /opt/spack/opt/spack/linux-fedora35-x86_64_v4/clang-13.0.0/libtool-2.4.6-rvnt72ukocz52chyyemrhcujkzm6m4n6/share/aclocal --force\naclocal: warning: autoconf input should be named 'configure.ac', not 'configure.in'\nconfigure.in:2076: error: automatic de-ANSI-fication support has been removed\n/opt/spack/opt/spack/linux-fedora35-x86_64_v4/clang-13.0.0/automake-1.16.3-yqwoavwhvgfmkr4pngo4bfzr5b66pv7n/share/aclocal-1.16/obsolete.m4:26: AM_C_PROTOTYPES is expanded from...\nconfigure.in:2076: the top level\nautom4te: /opt/spack/opt/spack/linux-fedora35-x86_64_v4/clang-13.0.0/m4-1.4.19-cz3ar4iprgs3te2opv2xl7gi3zquhsew/bin/m4 failed with exit status: 1",
        "post_context": "autoreconf: aclocal failed with exit status: 1\n",
        "add_date": "2022-02-03T08:40:37.606947Z",
        "modify_date": "2022-02-03T08:40:37.606962Z",
        "label": "build-error",
        "spack-monitor-label": "error"
    },
    {
        "id": 17569,
        "phase": 48558,
        "source_file": "(None,)",
        "source_line_no": 0,
        "line_no": 16,
        "repeat_count": 0,
        "start": 10,
        "end": 19,
        "text": "aclocal: error: /opt/spack/opt/spack/linux-ubuntu18.04-broadwell/clang-6.0.0/autoconf-2.69-qiprn46ofba3l2c5tblwjxcagididqym/bin/autom4te failed with exit status: 1",
        "pre_context": "autoreconf: running: aclocal -I /opt/spack/opt/spack/linux-ubuntu18.04-broadwell/clang-6.0.0/automake-1.16.3-yewata7sdnsuypfx3qwo53shwiyl2fr5/share/aclocal -I /opt/spack/opt/spack/linux-ubuntu18.04-broadwell/clang-6.0.0/libtool-2.4.6-doqn53aiehjfrzxw6z5jbic5qpnurxk5/share/aclocal --force\naclocal: warning: autoconf input should be named 'configure.ac', not 'configure.in'\nconfigure.in:2076: error: automatic de-ANSI-fication support has been removed\n/opt/spack/opt/spack/linux-ubuntu18.04-broadwell/clang-6.0.0/automake-1.16.3-yewata7sdnsuypfx3qwo53shwiyl2fr5/share/aclocal-1.16/obsolete.m4:26: AM_C_PROTOTYPES is expanded from...\nconfigure.in:2076: the top level\nautom4te: /opt/spack/opt/spack/linux-ubuntu18.04-broadwell/clang-6.0.0/m4-1.4.19-tojyowcx6ffvl7swfbunwzcwguscg25v/bin/m4 failed with exit status: 1",
        "post_context": "autoreconf: aclocal failed with exit status: 1\n",
        "add_date": "2022-02-03T08:40:37.665449Z",
        "modify_date": "2022-02-03T08:40:37.665463Z",
        "label": "build-error",
        "spack-monitor-label": "error"
    },
    {
        "id": 17571,
        "phase": 48565,
        "source_file": "(None,)",
        "source_line_no": 0,
        "line_no": 16,
        "repeat_count": 0,
        "start": 10,
        "end": 19,
        "text": "aclocal: error: /opt/spack/opt/spack/linux-centos8-haswell/clang-11.0.1/autoconf-2.69-b2suv2obh3zt42ivu7sgbh2o6qoac2ij/bin/autom4te failed with exit status: 1",
        "pre_context": "autoreconf: running: aclocal -I /opt/spack/opt/spack/linux-centos8-haswell/clang-11.0.1/automake-1.16.3-e4bv54jmvvkt5ue3g6brgk3t2pk3pqbr/share/aclocal -I /opt/spack/opt/spack/linux-centos8-haswell/clang-11.0.1/libtool-2.4.6-vnk2lhwykiql6wvm62ot2442qkpudxkt/share/aclocal --force\naclocal: warning: autoconf input should be named 'configure.ac', not 'configure.in'\nconfigure.in:2076: error: automatic de-ANSI-fication support has been removed\n/opt/spack/opt/spack/linux-centos8-haswell/clang-11.0.1/automake-1.16.3-e4bv54jmvvkt5ue3g6brgk3t2pk3pqbr/share/aclocal-1.16/obsolete.m4:26: AM_C_PROTOTYPES is expanded from...\nconfigure.in:2076: the top level\nautom4te: /opt/spack/opt/spack/linux-centos8-haswell/clang-11.0.1/m4-1.4.19-hpc25veokfbwg4xx6nj46m4xfklbivyi/bin/m4 failed with exit status: 1",
        "post_context": "autoreconf: aclocal failed with exit status: 1\n",
        "add_date": "2022-02-03T08:40:37.683511Z",
        "modify_date": "2022-02-03T08:40:37.683524Z",
        "label": "build-error",
        "spack-monitor-label": "error"
    },
    {
        "id": 17575,
        "phase": 48651,
        "source_file": "(None,)",
        "source_line_no": 0,
        "line_no": 16,
        "repeat_count": 0,
        "start": 10,
        "end": 19,
        "text": "aclocal: error: /opt/spack/opt/spack/linux-ubuntu20.04-x86_64_v4/gcc-9.3.0/autoconf-2.69-rzw6yt5cclmgzfckee6aebm3iqqdlap7/bin/autom4te failed with exit status: 1",
        "pre_context": "autoreconf: running: aclocal -I /opt/spack/opt/spack/linux-ubuntu20.04-x86_64_v4/gcc-9.3.0/automake-1.16.3-kmlcakq7zyz4y56k7i7mtq2s4yoddp77/share/aclocal -I /opt/spack/opt/spack/linux-ubuntu20.04-x86_64_v4/gcc-9.3.0/libtool-2.4.6-gvzaaetarlhueklxc7zsfsh57ly4uu2l/share/aclocal --force\naclocal: warning: autoconf input should be named 'configure.ac', not 'configure.in'\nconfigure.in:2076: error: automatic de-ANSI-fication support has been removed\n/opt/spack/opt/spack/linux-ubuntu20.04-x86_64_v4/gcc-9.3.0/automake-1.16.3-kmlcakq7zyz4y56k7i7mtq2s4yoddp77/share/aclocal-1.16/obsolete.m4:26: AM_C_PROTOTYPES is expanded from...\nconfigure.in:2076: the top level\nautom4te: /opt/spack/opt/spack/linux-ubuntu20.04-x86_64_v4/gcc-9.3.0/m4-1.4.19-bncrmk3qsdrcrfaa3dtnq73anrvivgni/bin/m4 failed with exit status: 1",
        "post_context": "autoreconf: aclocal failed with exit status: 1\n",
        "add_date": "2022-02-03T08:40:37.881053Z",
        "modify_date": "2022-02-03T08:40:37.881070Z",
        "label": "build-error",
        "spack-monitor-label": "error"
    },
    {
        "id": 17577,
        "phase": 48802,
        "source_file": "(None,)",
        "source_line_no": 0,
        "line_no": 16,
        "repeat_count": 0,
        "start": 10,
        "end": 19,
        "text": "aclocal: error: /opt/spack/opt/spack/linux-debian11-x86_64_v4/gcc-10.2.1/autoconf-2.69-3ctpykn6cdu5x2e7hfvdkhgv7eg2yuf5/bin/autom4te failed with exit status: 1",
        "pre_context": "autoreconf: running: aclocal -I /opt/spack/opt/spack/linux-debian11-x86_64_v4/gcc-10.2.1/automake-1.16.3-iejwytnlobmw2neso2rtvekpmnxxmehn/share/aclocal -I /opt/spack/opt/spack/linux-debian11-x86_64_v4/gcc-10.2.1/libtool-2.4.6-6khlhtceh3aa5vfs4ihgustvpqfbt77r/share/aclocal --force\naclocal: warning: autoconf input should be named 'configure.ac', not 'configure.in'\nconfigure.in:2076: error: automatic de-ANSI-fication support has been removed\n/opt/spack/opt/spack/linux-debian11-x86_64_v4/gcc-10.2.1/automake-1.16.3-iejwytnlobmw2neso2rtvekpmnxxmehn/share/aclocal-1.16/obsolete.m4:26: AM_C_PROTOTYPES is expanded from...\nconfigure.in:2076: the top level\nautom4te: /opt/spack/opt/spack/linux-debian11-x86_64_v4/gcc-10.2.1/m4-1.4.19-gsqly3ri7w3vv6su2ljog25tvddhwjbu/bin/m4 failed with exit status: 1",
        "post_context": "autoreconf: aclocal failed with exit status: 1\n",
        "add_date": "2022-02-03T08:40:37.905810Z",
        "modify_date": "2022-02-03T08:40:37.905831Z",
        "label": "build-error",
        "spack-monitor-label": "error"
    },
    {
        "id": 17581,
        "phase": 48807,
        "source_file": "(None,)",
        "source_line_no": 0,
        "line_no": 16,
        "repeat_count": 0,
        "start": 10,
        "end": 19,
        "text": "aclocal: error: /opt/spack/opt/spack/linux-debian10-haswell/gcc-8.3.0/autoconf-2.69-rlzdj4u3kpddzrnh4q2yusdcn5ov4j5k/bin/autom4te failed with exit status: 1",
        "pre_context": "autoreconf: running: aclocal -I /opt/spack/opt/spack/linux-debian10-haswell/gcc-8.3.0/automake-1.16.3-hthjblpxlclhuwkzgubevzhc6rx2nnfi/share/aclocal -I /opt/spack/opt/spack/linux-debian10-haswell/gcc-8.3.0/libtool-2.4.6-6dvanwa23rtnfbub2gh4gpprlowinry6/share/aclocal --force\naclocal: warning: autoconf input should be named 'configure.ac', not 'configure.in'\nconfigure.in:2076: error: automatic de-ANSI-fication support has been removed\n/opt/spack/opt/spack/linux-debian10-haswell/gcc-8.3.0/automake-1.16.3-hthjblpxlclhuwkzgubevzhc6rx2nnfi/share/aclocal-1.16/obsolete.m4:26: AM_C_PROTOTYPES is expanded from...\nconfigure.in:2076: the top level\nautom4te: /opt/spack/opt/spack/linux-debian10-haswell/gcc-8.3.0/m4-1.4.19-wdums3liy4jak7d75ggnibdclwt45576/bin/m4 failed with exit status: 1",
        "post_context": "autoreconf: aclocal failed with exit status: 1\n",
        "add_date": "2022-02-03T08:40:38.030104Z",
        "modify_date": "2022-02-03T08:40:38.030119Z",
        "label": "build-error",
        "spack-monitor-label": "error"
    },
    {
        "id": 17584,
        "phase": 48861,
        "source_file": "(None,)",
        "source_line_no": 0,
        "line_no": 16,
        "repeat_count": 0,
        "start": 10,
        "end": 19,
        "text": "aclocal: error: /opt/spack/opt/spack/linux-debian8-x86_64_v3/gcc-4.9.2/autoconf-2.69-wrsxnoifclkhfemdmmhkxcx7cvurnffs/bin/autom4te failed with exit status: 1",
        "pre_context": "autoreconf: running: aclocal -I /opt/spack/opt/spack/linux-debian8-x86_64_v3/gcc-4.9.2/automake-1.16.3-lf43tcxxkwyac6yzw6pkuxdpqn4pockp/share/aclocal -I /opt/spack/opt/spack/linux-debian8-x86_64_v3/gcc-4.9.2/libtool-2.4.6-2kr3hl3tqg67ekwe3wyqa2ushg37wglw/share/aclocal --force\naclocal: warning: autoconf input should be named 'configure.ac', not 'configure.in'\nconfigure.in:2076: error: automatic de-ANSI-fication support has been removed\n/opt/spack/opt/spack/linux-debian8-x86_64_v3/gcc-4.9.2/automake-1.16.3-lf43tcxxkwyac6yzw6pkuxdpqn4pockp/share/aclocal-1.16/obsolete.m4:26: AM_C_PROTOTYPES is expanded from...\nconfigure.in:2076: the top level\nautom4te: /opt/spack/opt/spack/linux-debian8-x86_64_v3/gcc-4.9.2/m4-1.4.19-iofoxb2s4glg76yn73qik7fvyegubltd/bin/m4 failed with exit status: 1",
        "post_context": "autoreconf: aclocal failed with exit status: 1\n",
        "add_date": "2022-02-03T08:40:38.234972Z",
        "modify_date": "2022-02-03T08:40:38.234987Z",
        "label": "build-error",
        "spack-monitor-label": "error"
    },
    {
        "id": 17587,
        "phase": 48956,
        "source_file": "(None,)",
        "source_line_no": 0,
        "line_no": 16,
        "repeat_count": 0,
        "start": 10,
        "end": 19,
        "text": "aclocal: error: /opt/spack/opt/spack/linux-debian11-x86_64_v4/gcc-11.2.0/autoconf-2.69-66o236wpjrc22iiz2rrmrbszem2hgfhh/bin/autom4te failed with exit status: 1",
        "pre_context": "autoreconf: running: aclocal -I /opt/spack/opt/spack/linux-debian11-x86_64_v4/gcc-11.2.0/automake-1.16.3-mzva7fxtzxmg4o4ua2i4crhw2dwsoeny/share/aclocal -I /opt/spack/opt/spack/linux-debian11-x86_64_v4/gcc-11.2.0/libtool-2.4.6-ptkihkwapprcx2jipzcm7gypjo2pd2bv/share/aclocal --force\naclocal: warning: autoconf input should be named 'configure.ac', not 'configure.in'\nconfigure.in:2076: error: automatic de-ANSI-fication support has been removed\n/opt/spack/opt/spack/linux-debian11-x86_64_v4/gcc-11.2.0/automake-1.16.3-mzva7fxtzxmg4o4ua2i4crhw2dwsoeny/share/aclocal-1.16/obsolete.m4:26: AM_C_PROTOTYPES is expanded from...\nconfigure.in:2076: the top level\nautom4te: /opt/spack/opt/spack/linux-debian11-x86_64_v4/gcc-11.2.0/m4-1.4.19-5odrcp5k4asiuyclxav3dkrljyk2mkap/bin/m4 failed with exit status: 1",
        "post_context": "autoreconf: aclocal failed with exit status: 1\n",
        "add_date": "2022-02-03T08:40:38.329134Z",
        "modify_date": "2022-02-03T08:40:38.329156Z",
        "label": "build-error",
        "spack-monitor-label": "error"
    },
    {
        "id": 17589,
        "phase": 48832,
        "source_file": "(None,)",
        "source_line_no": 0,
        "line_no": 16,
        "repeat_count": 0,
        "start": 10,
        "end": 19,
        "text": "aclocal: error: /opt/spack/opt/spack/linux-debian10-x86_64_v4/gcc-10.3.0/autoconf-2.69-y2cqljsll4h5734t2ly6uhj66ezcq7t3/bin/autom4te failed with exit status: 1",
        "pre_context": "autoreconf: running: aclocal -I /opt/spack/opt/spack/linux-debian10-x86_64_v4/gcc-10.3.0/automake-1.16.3-ufwfrtgobldy7sa4kftkrvoenot56rr6/share/aclocal -I /opt/spack/opt/spack/linux-debian10-x86_64_v4/gcc-10.3.0/libtool-2.4.6-ybk2k7aht6kjjctm3bvtdcdfufyrzeyu/share/aclocal --force\naclocal: warning: autoconf input should be named 'configure.ac', not 'configure.in'\nconfigure.in:2076: error: automatic de-ANSI-fication support has been removed\n/opt/spack/opt/spack/linux-debian10-x86_64_v4/gcc-10.3.0/automake-1.16.3-ufwfrtgobldy7sa4kftkrvoenot56rr6/share/aclocal-1.16/obsolete.m4:26: AM_C_PROTOTYPES is expanded from...\nconfigure.in:2076: the top level\nautom4te: /opt/spack/opt/spack/linux-debian10-x86_64_v4/gcc-10.3.0/m4-1.4.19-ikcdqrrbvbl6bulswmg6iqqixkdunscc/bin/m4 failed with exit status: 1",
        "post_context": "autoreconf: aclocal failed with exit status: 1\n",
        "add_date": "2022-02-03T08:40:38.347994Z",
        "modify_date": "2022-02-03T08:40:38.348006Z",
        "label": "build-error",
        "spack-monitor-label": "error"
    },
    {
        "id": 17591,
        "phase": 49030,
        "source_file": "(None,)",
        "source_line_no": 0,
        "line_no": 16,
        "repeat_count": 0,
        "start": 10,
        "end": 19,
        "text": "aclocal: error: /opt/spack/opt/spack/linux-debian11-haswell/clang-11.0.1/autoconf-2.69-caqowjegr4xm5asqdiq6sllsr7jpxha5/bin/autom4te failed with exit status: 1",
        "pre_context": "autoreconf: running: aclocal -I /opt/spack/opt/spack/linux-debian11-haswell/clang-11.0.1/automake-1.16.3-z372lyvxzgeytk7tb4t2ft6rpkcufulf/share/aclocal -I /opt/spack/opt/spack/linux-debian11-haswell/clang-11.0.1/libtool-2.4.6-76hxk2ucienoaqky2njuydfhrjjp2iv6/share/aclocal --force\naclocal: warning: autoconf input should be named 'configure.ac', not 'configure.in'\nconfigure.in:2076: error: automatic de-ANSI-fication support has been removed\n/opt/spack/opt/spack/linux-debian11-haswell/clang-11.0.1/automake-1.16.3-z372lyvxzgeytk7tb4t2ft6rpkcufulf/share/aclocal-1.16/obsolete.m4:26: AM_C_PROTOTYPES is expanded from...\nconfigure.in:2076: the top level\nautom4te: /opt/spack/opt/spack/linux-debian11-haswell/clang-11.0.1/m4-1.4.19-zopryercvhqk47ga33wmyngzbtj3pxur/bin/m4 failed with exit status: 1",
        "post_context": "autoreconf: aclocal failed with exit status: 1\n",
        "add_date": "2022-02-03T08:40:38.401148Z",
        "modify_date": "2022-02-03T08:40:38.401162Z",
        "label": "build-error",
        "spack-monitor-label": "error"
    },
    {
        "id": 17593,
        "phase": 49015,
        "source_file": "(None,)",
        "source_line_no": 0,
        "line_no": 16,
        "repeat_count": 0,
        "start": 10,
        "end": 19,
        "text": "aclocal: error: /opt/spack/opt/spack/linux-debian9-x86_64/clang-3.8.1/autoconf-2.69-3gpm4s7skzvjjryhjtseosc4ulrcdqbl/bin/autom4te failed with exit status: 1",
        "pre_context": "autoreconf: running: aclocal -I /opt/spack/opt/spack/linux-debian9-x86_64/clang-3.8.1/automake-1.16.3-xucyvfg4mzldtv5exf5pufrob7laknsu/share/aclocal -I /opt/spack/opt/spack/linux-debian9-x86_64/clang-3.8.1/libtool-2.4.6-vb5ehngik7hohzbb5d34vzhocqwjxoyd/share/aclocal --force\naclocal: warning: autoconf input should be named 'configure.ac', not 'configure.in'\nconfigure.in:2076: error: automatic de-ANSI-fication support has been removed\n/opt/spack/opt/spack/linux-debian9-x86_64/clang-3.8.1/automake-1.16.3-xucyvfg4mzldtv5exf5pufrob7laknsu/share/aclocal-1.16/obsolete.m4:26: AM_C_PROTOTYPES is expanded from...\nconfigure.in:2076: the top level\nautom4te: /opt/spack/opt/spack/linux-debian9-x86_64/clang-3.8.1/m4-1.4.19-vokme3kfndqb5jhb2ymxtvw2u4dourt5/bin/m4 failed with exit status: 1",
        "post_context": "autoreconf: aclocal failed with exit status: 1\n",
        "add_date": "2022-02-03T08:40:38.415730Z",
        "modify_date": "2022-02-03T08:40:38.415744Z",
        "label": "build-error",
        "spack-monitor-label": "error"
    },
    {
        "id": 17597,
        "phase": 49228,
        "source_file": "(None,)",
        "source_line_no": 0,
        "line_no": 16,
        "repeat_count": 0,
        "start": 10,
        "end": 19,
        "text": "aclocal: error: /opt/spack/opt/spack/linux-debian9-haswell/gcc-7.3.0/autoconf-2.69-glj4672gr7gfjoyczhhkwzxtm6wdljud/bin/autom4te failed with exit status: 1",
        "pre_context": "autoreconf: running: aclocal -I /opt/spack/opt/spack/linux-debian9-haswell/gcc-7.3.0/automake-1.16.3-3g3c2mzwkf3mpnonyhogfz6xc6tzdecd/share/aclocal -I /opt/spack/opt/spack/linux-debian9-haswell/gcc-7.3.0/libtool-2.4.6-jkshwi6opnacfdxaqzg22tispqh4cz7z/share/aclocal --force\naclocal: warning: autoconf input should be named 'configure.ac', not 'configure.in'\nconfigure.in:2076: error: automatic de-ANSI-fication support has been removed\n/opt/spack/opt/spack/linux-debian9-haswell/gcc-7.3.0/automake-1.16.3-3g3c2mzwkf3mpnonyhogfz6xc6tzdecd/share/aclocal-1.16/obsolete.m4:26: AM_C_PROTOTYPES is expanded from...\nconfigure.in:2076: the top level\nautom4te: /opt/spack/opt/spack/linux-debian9-haswell/gcc-7.3.0/m4-1.4.19-kyk6zogwj3xgpdflcsmdk7tl5sju2ijm/bin/m4 failed with exit status: 1",
        "post_context": "autoreconf: aclocal failed with exit status: 1\n",
        "add_date": "2022-02-03T08:40:38.558603Z",
        "modify_date": "2022-02-03T08:40:38.558617Z",
        "label": "build-error",
        "spack-monitor-label": "error"
    },
    {
        "id": 17599,
        "phase": 49109,
        "source_file": "(None,)",
        "source_line_no": 0,
        "line_no": 16,
        "repeat_count": 0,
        "start": 10,
        "end": 19,
        "text": "aclocal: error: /opt/spack/opt/spack/linux-debian10-haswell/gcc-9.4.0/autoconf-2.69-lq422izvsx5cefh6hlu37lmguyycjdog/bin/autom4te failed with exit status: 1",
        "pre_context": "autoreconf: running: aclocal -I /opt/spack/opt/spack/linux-debian10-haswell/gcc-9.4.0/automake-1.16.3-35nwvxrq6i6wt24bf62z5wuyfnfaf7xq/share/aclocal -I /opt/spack/opt/spack/linux-debian10-haswell/gcc-9.4.0/libtool-2.4.6-fqebqsg2g63vnfz7tjzci5ngwk5q4qgs/share/aclocal --force\naclocal: warning: autoconf input should be named 'configure.ac', not 'configure.in'\nconfigure.in:2076: error: automatic de-ANSI-fication support has been removed\n/opt/spack/opt/spack/linux-debian10-haswell/gcc-9.4.0/automake-1.16.3-35nwvxrq6i6wt24bf62z5wuyfnfaf7xq/share/aclocal-1.16/obsolete.m4:26: AM_C_PROTOTYPES is expanded from...\nconfigure.in:2076: the top level\nautom4te: /opt/spack/opt/spack/linux-debian10-haswell/gcc-9.4.0/m4-1.4.19-mtxzcsnlelvbax2ynrvil37p7fst7ftn/bin/m4 failed with exit status: 1",
        "post_context": "autoreconf: aclocal failed with exit status: 1\n",
        "add_date": "2022-02-03T08:40:38.579050Z",
        "modify_date": "2022-02-03T08:40:38.579064Z",
        "label": "build-error",
        "spack-monitor-label": "error"
    },
    {
        "id": 17604,
        "phase": 49057,
        "source_file": "(None,)",
        "source_line_no": 0,
        "line_no": 16,
        "repeat_count": 0,
        "start": 10,
        "end": 19,
        "text": "aclocal: error: /opt/spack/opt/spack/linux-debian8-x86_64_v3/gcc-4.9.4/autoconf-2.69-t2ecc2o6pjsfj4ptb72olrx6h5oaqo5d/bin/autom4te failed with exit status: 1",
        "pre_context": "autoreconf: running: aclocal -I /opt/spack/opt/spack/linux-debian8-x86_64_v3/gcc-4.9.4/automake-1.16.3-ac2axbybwg3nxdduzlmph64cyfs2if2h/share/aclocal -I /opt/spack/opt/spack/linux-debian8-x86_64_v3/gcc-4.9.4/libtool-2.4.6-b6mvegyfdo7wycofatwcvwkq52sgepqr/share/aclocal --force\naclocal: warning: autoconf input should be named 'configure.ac', not 'configure.in'\nconfigure.in:2076: error: automatic de-ANSI-fication support has been removed\n/opt/spack/opt/spack/linux-debian8-x86_64_v3/gcc-4.9.4/automake-1.16.3-ac2axbybwg3nxdduzlmph64cyfs2if2h/share/aclocal-1.16/obsolete.m4:26: AM_C_PROTOTYPES is expanded from...\nconfigure.in:2076: the top level\nautom4te: /opt/spack/opt/spack/linux-debian8-x86_64_v3/gcc-4.9.4/m4-1.4.19-lxkcwrbomgh25rm3ard2g423dbfepgql/bin/m4 failed with exit status: 1",
        "post_context": "autoreconf: aclocal failed with exit status: 1\n",
        "add_date": "2022-02-03T08:40:38.766386Z",
        "modify_date": "2022-02-03T08:40:38.766413Z",
        "label": "build-error",
        "spack-monitor-label": "error"
    },
    {
        "id": 17607,
        "phase": 49089,
        "source_file": "(None,)",
        "source_line_no": 0,
        "line_no": 16,
        "repeat_count": 0,
        "start": 10,
        "end": 19,
        "text": "aclocal: error: /opt/spack/opt/spack/linux-debian9-x86_64_v4/gcc-8.1.0/autoconf-2.69-p4jsngfrlrofnlj75bnzydn2aoyutuc3/bin/autom4te failed with exit status: 1",
        "pre_context": "autoreconf: running: aclocal -I /opt/spack/opt/spack/linux-debian9-x86_64_v4/gcc-8.1.0/automake-1.16.3-6z2itdbqecp2n7eeonpah4etjxc5xyrd/share/aclocal -I /opt/spack/opt/spack/linux-debian9-x86_64_v4/gcc-8.1.0/libtool-2.4.6-nwnirvcufkvsy6obz5jgumnlnq4x2oie/share/aclocal --force\naclocal: warning: autoconf input should be named 'configure.ac', not 'configure.in'\nconfigure.in:2076: error: automatic de-ANSI-fication support has been removed\n/opt/spack/opt/spack/linux-debian9-x86_64_v4/gcc-8.1.0/automake-1.16.3-6z2itdbqecp2n7eeonpah4etjxc5xyrd/share/aclocal-1.16/obsolete.m4:26: AM_C_PROTOTYPES is expanded from...\nconfigure.in:2076: the top level\nautom4te: /opt/spack/opt/spack/linux-debian9-x86_64_v4/gcc-8.1.0/m4-1.4.19-pp6suig2htyvgrdkiw4hrapz4y6bake6/bin/m4 failed with exit status: 1",
        "post_context": "autoreconf: aclocal failed with exit status: 1\n",
        "add_date": "2022-02-03T08:40:38.878930Z",
        "modify_date": "2022-02-03T08:40:38.878946Z",
        "label": "build-error",
        "spack-monitor-label": "error"
    },
    {
        "id": 17609,
        "phase": 49266,
        "source_file": "(None,)",
        "source_line_no": 0,
        "line_no": 16,
        "repeat_count": 0,
        "start": 10,
        "end": 19,
        "text": "aclocal: error: /opt/spack/opt/spack/linux-debian9-haswell/gcc-6.3.0/autoconf-2.69-rdux27u75hbfeouygtyddi4t4rnm7uoz/bin/autom4te failed with exit status: 1",
        "pre_context": "autoreconf: running: aclocal -I /opt/spack/opt/spack/linux-debian9-haswell/gcc-6.3.0/automake-1.16.3-opi25cnp6pomsa4bxdco5lts43cudqyc/share/aclocal -I /opt/spack/opt/spack/linux-debian9-haswell/gcc-6.3.0/libtool-2.4.6-6pjiz5a37z3otug62itohgtuabdlhrgc/share/aclocal --force\naclocal: warning: autoconf input should be named 'configure.ac', not 'configure.in'\nconfigure.in:2076: error: automatic de-ANSI-fication support has been removed\n/opt/spack/opt/spack/linux-debian9-haswell/gcc-6.3.0/automake-1.16.3-opi25cnp6pomsa4bxdco5lts43cudqyc/share/aclocal-1.16/obsolete.m4:26: AM_C_PROTOTYPES is expanded from...\nconfigure.in:2076: the top level\nautom4te: /opt/spack/opt/spack/linux-debian9-haswell/gcc-6.3.0/m4-1.4.19-ijvj4edy5mgb4viyadncst43hzx4kwsp/bin/m4 failed with exit status: 1",
        "post_context": "autoreconf: aclocal failed with exit status: 1\n",
        "add_date": "2022-02-03T08:40:38.922958Z",
        "modify_date": "2022-02-03T08:40:38.922971Z",
        "label": "build-error",
        "spack-monitor-label": "error"
    },
    {
        "id": 17611,
        "phase": 49301,
        "source_file": "(None,)",
        "source_line_no": 0,
        "line_no": 16,
        "repeat_count": 0,
        "start": 10,
        "end": 19,
        "text": "aclocal: error: /opt/spack/opt/spack/linux-debian10-x86_64_v4/gcc-8.3.0/autoconf-2.69-fvzsj4phn7hv6ljb45hjtt36kosio2mw/bin/autom4te failed with exit status: 1",
        "pre_context": "autoreconf: running: aclocal -I /opt/spack/opt/spack/linux-debian10-x86_64_v4/gcc-8.3.0/automake-1.16.3-q5vkemhlqhilzw4b4x74m4wp7o5v5ffe/share/aclocal -I /opt/spack/opt/spack/linux-debian10-x86_64_v4/gcc-8.3.0/libtool-2.4.6-kcct6iol6bwbrcnbnc4hanki6gxmxq5j/share/aclocal --force\naclocal: warning: autoconf input should be named 'configure.ac', not 'configure.in'\nconfigure.in:2076: error: automatic de-ANSI-fication support has been removed\n/opt/spack/opt/spack/linux-debian10-x86_64_v4/gcc-8.3.0/automake-1.16.3-q5vkemhlqhilzw4b4x74m4wp7o5v5ffe/share/aclocal-1.16/obsolete.m4:26: AM_C_PROTOTYPES is expanded from...\nconfigure.in:2076: the top level\nautom4te: /opt/spack/opt/spack/linux-debian10-x86_64_v4/gcc-8.3.0/m4-1.4.19-oawukni5eih2ydw4budj2sixqqlxpcwq/bin/m4 failed with exit status: 1",
        "post_context": "autoreconf: aclocal failed with exit status: 1\n",
        "add_date": "2022-02-03T08:40:39.001362Z",
        "modify_date": "2022-02-03T08:40:39.001377Z",
        "label": "build-error",
        "spack-monitor-label": "error"
    },
    {
        "id": 18465,
        "phase": 51395,
        "source_file": "(None,)",
        "source_line_no": 0,
        "line_no": 16,
        "repeat_count": 0,
        "start": 10,
        "end": 19,
        "text": "aclocal: error: /opt/spack/opt/spack/linux-centos8-icelake/clang-11.0.1/autoconf-2.69-ekkly7zxtpvmxaepkzwbme3loethheye/bin/autom4te failed with exit status: 1",
        "pre_context": "autoreconf: running: aclocal -I /opt/spack/opt/spack/linux-centos8-icelake/clang-11.0.1/automake-1.16.3-p4ccb6nx7vbsxbw5fgbbmcjxbnhh2mhe/share/aclocal -I /opt/spack/opt/spack/linux-centos8-icelake/clang-11.0.1/libtool-2.4.6-azptw2xcapvuuyqmcjodcork3suziope/share/aclocal --force\naclocal: warning: autoconf input should be named 'configure.ac', not 'configure.in'\nconfigure.in:2076: error: automatic de-ANSI-fication support has been removed\n/opt/spack/opt/spack/linux-centos8-icelake/clang-11.0.1/automake-1.16.3-p4ccb6nx7vbsxbw5fgbbmcjxbnhh2mhe/share/aclocal-1.16/obsolete.m4:26: AM_C_PROTOTYPES is expanded from...\nconfigure.in:2076: the top level\nautom4te: /opt/spack/opt/spack/linux-centos8-icelake/clang-11.0.1/m4-1.4.19-rtyktp56kkjqnyaxs22lmzlh2py7t7xk/bin/m4 failed with exit status: 1",
        "post_context": "autoreconf: aclocal failed with exit status: 1\n",
        "add_date": "2022-02-03T09:18:09.263154Z",
        "modify_date": "2022-02-03T09:18:09.263167Z",
        "label": "build-error",
        "spack-monitor-label": "error"
    },
    {
        "id": 18471,
        "phase": 48791,
        "source_file": "(None,)",
        "source_line_no": 0,
        "line_no": 16,
        "repeat_count": 0,
        "start": 10,
        "end": 19,
        "text": "aclocal: error: /opt/spack/opt/spack/linux-debian10-x86_64_v4/clang-7.0.1/autoconf-2.69-4y47aisahvtfriw773bfnwkmptb7waue/bin/autom4te failed with exit status: 1",
        "pre_context": "autoreconf: running: aclocal -I /opt/spack/opt/spack/linux-debian10-x86_64_v4/clang-7.0.1/automake-1.16.3-536kd6zb5xldbpu6qqgdcwshfrlb2inn/share/aclocal -I /opt/spack/opt/spack/linux-debian10-x86_64_v4/clang-7.0.1/libtool-2.4.6-epixju5kcpcthoiol2ai5moiu5fm4s5v/share/aclocal --force\naclocal: warning: autoconf input should be named 'configure.ac', not 'configure.in'\nconfigure.in:2076: error: automatic de-ANSI-fication support has been removed\n/opt/spack/opt/spack/linux-debian10-x86_64_v4/clang-7.0.1/automake-1.16.3-536kd6zb5xldbpu6qqgdcwshfrlb2inn/share/aclocal-1.16/obsolete.m4:26: AM_C_PROTOTYPES is expanded from...\nconfigure.in:2076: the top level\nautom4te: /opt/spack/opt/spack/linux-debian10-x86_64_v4/clang-7.0.1/m4-1.4.19-em46kbdmfbabklrqrumfitzzkoe5oafl/bin/m4 failed with exit status: 1",
        "post_context": "autoreconf: aclocal failed with exit status: 1\n",
        "add_date": "2022-02-03T09:18:09.480343Z",
        "modify_date": "2022-02-03T09:18:09.480356Z",
        "label": "build-error",
        "spack-monitor-label": "error"
    },
    {
        "id": 18477,
        "phase": 51545,
        "source_file": "(None,)",
        "source_line_no": 0,
        "line_no": 16,
        "repeat_count": 0,
        "start": 10,
        "end": 19,
        "text": "aclocal: error: /opt/spack/opt/spack/linux-debian9-x86_64_v4/gcc-7.3.0/autoconf-2.69-aspqxex4cx3bv43fpuzwsffbx22y64ds/bin/autom4te failed with exit status: 1",
        "pre_context": "autoreconf: running: aclocal -I /opt/spack/opt/spack/linux-debian9-x86_64_v4/gcc-7.3.0/automake-1.16.3-qzydr4wli6664mat3ymi4s5b7evw3mpx/share/aclocal -I /opt/spack/opt/spack/linux-debian9-x86_64_v4/gcc-7.3.0/libtool-2.4.6-omwmhhuwnkllkrogyc5aavgjmmqf2r42/share/aclocal --force\naclocal: warning: autoconf input should be named 'configure.ac', not 'configure.in'\nconfigure.in:2076: error: automatic de-ANSI-fication support has been removed\n/opt/spack/opt/spack/linux-debian9-x86_64_v4/gcc-7.3.0/automake-1.16.3-qzydr4wli6664mat3ymi4s5b7evw3mpx/share/aclocal-1.16/obsolete.m4:26: AM_C_PROTOTYPES is expanded from...\nconfigure.in:2076: the top level\nautom4te: /opt/spack/opt/spack/linux-debian9-x86_64_v4/gcc-7.3.0/m4-1.4.19-o3rpa3sxlaaycmaqtw5ckv665qdcebnb/bin/m4 failed with exit status: 1",
        "post_context": "autoreconf: aclocal failed with exit status: 1\n",
        "add_date": "2022-02-03T09:18:09.651098Z",
        "modify_date": "2022-02-03T09:18:09.651120Z",
        "label": "build-error",
        "spack-monitor-label": "error"
    },
    {
        "id": 18461,
        "phase": 51371,
        "source_file": "(None,)",
        "source_line_no": 0,
        "line_no": 16,
        "repeat_count": 0,
        "start": 10,
        "end": 19,
        "text": "aclocal: error: /opt/spack/opt/spack/linux-centos7-x86_64_v3/gcc-4.8.5/autoconf-2.69-acnt34pl2ewxh33jeqialrstxbwc3dkp/bin/autom4te failed with exit status: 1",
        "pre_context": "autoreconf: running: aclocal -I /opt/spack/opt/spack/linux-centos7-x86_64_v3/gcc-4.8.5/automake-1.16.3-tbryx42ch3zdnkvvovahm7wrjeyhc5rm/share/aclocal -I /opt/spack/opt/spack/linux-centos7-x86_64_v3/gcc-4.8.5/libtool-2.4.6-vnk2p7rweq5zlaf5gm7pybbkef3a22gu/share/aclocal --force\naclocal: warning: autoconf input should be named 'configure.ac', not 'configure.in'\nconfigure.in:2076: error: automatic de-ANSI-fication support has been removed\n/opt/spack/opt/spack/linux-centos7-x86_64_v3/gcc-4.8.5/automake-1.16.3-tbryx42ch3zdnkvvovahm7wrjeyhc5rm/share/aclocal-1.16/obsolete.m4:26: AM_C_PROTOTYPES is expanded from...\nconfigure.in:2076: the top level\nautom4te: /opt/spack/opt/spack/linux-centos7-x86_64_v3/gcc-4.8.5/m4-1.4.19-bfd3oxkf2zl53jouwhojkwbb2ubfaoj6/bin/m4 failed with exit status: 1",
        "post_context": "autoreconf: aclocal failed with exit status: 1\n",
        "add_date": "2022-02-03T09:18:09.181487Z",
        "modify_date": "2022-02-03T09:18:09.181500Z",
        "label": "build-error",
        "spack-monitor-label": "error"
    },
    {
        "id": 18463,
        "phase": 51392,
        "source_file": "(None,)",
        "source_line_no": 0,
        "line_no": 16,
        "repeat_count": 0,
        "start": 10,
        "end": 19,
        "text": "aclocal: error: /opt/spack/opt/spack/linux-centos7-x86_64/clang-3.4.2/autoconf-2.69-iiornvj67fxgtpvqbwxtk6dl6vrzfhlz/bin/autom4te failed with exit status: 1",
        "pre_context": "autoreconf: running: aclocal -I /opt/spack/opt/spack/linux-centos7-x86_64/clang-3.4.2/automake-1.16.3-2j4w7eemaecqfkvhwkhaem5kchws57l5/share/aclocal -I /opt/spack/opt/spack/linux-centos7-x86_64/clang-3.4.2/libtool-2.4.6-ih6i4xccrwjyuxsb22jwg4vgjoaifkux/share/aclocal --force\naclocal: warning: autoconf input should be named 'configure.ac', not 'configure.in'\nconfigure.in:2076: error: automatic de-ANSI-fication support has been removed\n/opt/spack/opt/spack/linux-centos7-x86_64/clang-3.4.2/automake-1.16.3-2j4w7eemaecqfkvhwkhaem5kchws57l5/share/aclocal-1.16/obsolete.m4:26: AM_C_PROTOTYPES is expanded from...\nconfigure.in:2076: the top level\nautom4te: /opt/spack/opt/spack/linux-centos7-x86_64/clang-3.4.2/m4-1.4.19-r2p6heldsogqvdn7fx7zyxisgy7szvpp/bin/m4 failed with exit status: 1",
        "post_context": "autoreconf: aclocal failed with exit status: 1\n",
        "add_date": "2022-02-03T09:18:09.241775Z",
        "modify_date": "2022-02-03T09:18:09.241788Z",
        "label": "build-error",
        "spack-monitor-label": "error"
    },
    {
        "id": 18467,
        "phase": 51484,
        "source_file": "(None,)",
        "source_line_no": 0,
        "line_no": 16,
        "repeat_count": 0,
        "start": 10,
        "end": 19,
        "text": "aclocal: error: /opt/spack/opt/spack/linux-debian11-x86_64_v4/clang-11.0.1/autoconf-2.69-gru2yq5kkf66behfxcfjuk4l3eewkiy3/bin/autom4te failed with exit status: 1",
        "pre_context": "autoreconf: running: aclocal -I /opt/spack/opt/spack/linux-debian11-x86_64_v4/clang-11.0.1/automake-1.16.3-6i6nulda6m64kv7vo2qesje2ii62u6l7/share/aclocal -I /opt/spack/opt/spack/linux-debian11-x86_64_v4/clang-11.0.1/libtool-2.4.6-dmw2ygn4hqtx6og7tpqzrizixwicg2tm/share/aclocal --force\naclocal: warning: autoconf input should be named 'configure.ac', not 'configure.in'\nconfigure.in:2076: error: automatic de-ANSI-fication support has been removed\n/opt/spack/opt/spack/linux-debian11-x86_64_v4/clang-11.0.1/automake-1.16.3-6i6nulda6m64kv7vo2qesje2ii62u6l7/share/aclocal-1.16/obsolete.m4:26: AM_C_PROTOTYPES is expanded from...\nconfigure.in:2076: the top level\nautom4te: /opt/spack/opt/spack/linux-debian11-x86_64_v4/clang-11.0.1/m4-1.4.19-qwnoecqlifulgiwhkoetj5t2tsyubzgt/bin/m4 failed with exit status: 1",
        "post_context": "autoreconf: aclocal failed with exit status: 1\n",
        "add_date": "2022-02-03T09:18:09.346568Z",
        "modify_date": "2022-02-03T09:18:09.346583Z",
        "label": "build-error",
        "spack-monitor-label": "error"
    },
    {
        "id": 18469,
        "phase": 51446,
        "source_file": "(None,)",
        "source_line_no": 0,
        "line_no": 16,
        "repeat_count": 0,
        "start": 10,
        "end": 19,
        "text": "aclocal: error: /opt/spack/opt/spack/linux-ubuntu18.04-haswell/clang-6.0.0/autoconf-2.69-oumlasqgnwv43hdwccr4rsbd7xdq2hnm/bin/autom4te failed with exit status: 1",
        "pre_context": "autoreconf: running: aclocal -I /opt/spack/opt/spack/linux-ubuntu18.04-haswell/clang-6.0.0/automake-1.16.3-h66hgsinu3bg4jcghw3n2qjol6eblkwr/share/aclocal -I /opt/spack/opt/spack/linux-ubuntu18.04-haswell/clang-6.0.0/libtool-2.4.6-l6gortr53gsw3hdt2il4afsz6fsega57/share/aclocal --force\naclocal: warning: autoconf input should be named 'configure.ac', not 'configure.in'\nconfigure.in:2076: error: automatic de-ANSI-fication support has been removed\n/opt/spack/opt/spack/linux-ubuntu18.04-haswell/clang-6.0.0/automake-1.16.3-h66hgsinu3bg4jcghw3n2qjol6eblkwr/share/aclocal-1.16/obsolete.m4:26: AM_C_PROTOTYPES is expanded from...\nconfigure.in:2076: the top level\nautom4te: /opt/spack/opt/spack/linux-ubuntu18.04-haswell/clang-6.0.0/m4-1.4.19-mpb6hhe3rtoog55eka5ul3b7h4irulod/bin/m4 failed with exit status: 1",
        "post_context": "autoreconf: aclocal failed with exit status: 1\n",
        "add_date": "2022-02-03T09:18:09.429161Z",
        "modify_date": "2022-02-03T09:18:09.429175Z",
        "label": "build-error",
        "spack-monitor-label": "error"
    },
    {
        "id": 18473,
        "phase": 51597,
        "source_file": "(None,)",
        "source_line_no": 0,
        "line_no": 16,
        "repeat_count": 0,
        "start": 10,
        "end": 19,
        "text": "aclocal: error: /opt/spack/opt/spack/linux-debian9-skylake_avx512/gcc-6.3.0/autoconf-2.69-ewjcauyjnfrupbkv2zpgk5upuyowohnu/bin/autom4te failed with exit status: 1",
        "pre_context": "autoreconf: running: aclocal -I /opt/spack/opt/spack/linux-debian9-skylake_avx512/gcc-6.3.0/automake-1.16.3-4ot3qmljcpsup5xz3mxzf5ih2pawubru/share/aclocal -I /opt/spack/opt/spack/linux-debian9-skylake_avx512/gcc-6.3.0/libtool-2.4.6-yq5oqdh7a7agefh4thzcxzmarnwtwftv/share/aclocal --force\naclocal: warning: autoconf input should be named 'configure.ac', not 'configure.in'\nconfigure.in:2076: error: automatic de-ANSI-fication support has been removed\n/opt/spack/opt/spack/linux-debian9-skylake_avx512/gcc-6.3.0/automake-1.16.3-4ot3qmljcpsup5xz3mxzf5ih2pawubru/share/aclocal-1.16/obsolete.m4:26: AM_C_PROTOTYPES is expanded from...\nconfigure.in:2076: the top level\nautom4te: /opt/spack/opt/spack/linux-debian9-skylake_avx512/gcc-6.3.0/m4-1.4.19-qqbnijnn7foul36vxfgwgeudv4dlfhr7/bin/m4 failed with exit status: 1",
        "post_context": "autoreconf: aclocal failed with exit status: 1\n",
        "add_date": "2022-02-03T09:18:09.519095Z",
        "modify_date": "2022-02-03T09:18:09.519117Z",
        "label": "build-error",
        "spack-monitor-label": "error"
    },
    {
        "id": 18475,
        "phase": 51494,
        "source_file": "(None,)",
        "source_line_no": 0,
        "line_no": 16,
        "repeat_count": 0,
        "start": 10,
        "end": 19,
        "text": "aclocal: error: /opt/spack/opt/spack/linux-debian11-haswell/gcc-10.2.1/autoconf-2.69-r5pgrl54w4ch4jyw3ecajiydrsgbvrfb/bin/autom4te failed with exit status: 1",
        "pre_context": "autoreconf: running: aclocal -I /opt/spack/opt/spack/linux-debian11-haswell/gcc-10.2.1/automake-1.16.3-trywtd24rjbt4q74uewthoj6ihs4qpp4/share/aclocal -I /opt/spack/opt/spack/linux-debian11-haswell/gcc-10.2.1/libtool-2.4.6-aiv2kybarb5cfn3asu4lxh4g7go6iusd/share/aclocal --force\naclocal: warning: autoconf input should be named 'configure.ac', not 'configure.in'\nconfigure.in:2076: error: automatic de-ANSI-fication support has been removed\n/opt/spack/opt/spack/linux-debian11-haswell/gcc-10.2.1/automake-1.16.3-trywtd24rjbt4q74uewthoj6ihs4qpp4/share/aclocal-1.16/obsolete.m4:26: AM_C_PROTOTYPES is expanded from...\nconfigure.in:2076: the top level\nautom4te: /opt/spack/opt/spack/linux-debian11-haswell/gcc-10.2.1/m4-1.4.19-ipucwtdzo2x7ygrkhx4hwalacgh3rjot/bin/m4 failed with exit status: 1",
        "post_context": "autoreconf: aclocal failed with exit status: 1\n",
        "add_date": "2022-02-03T09:18:09.550933Z",
        "modify_date": "2022-02-03T09:18:09.550955Z",
        "label": "build-error",
        "spack-monitor-label": "error"
    },
    {
        "id": 18479,
        "phase": 51610,
        "source_file": "(None,)",
        "source_line_no": 0,
        "line_no": 16,
        "repeat_count": 0,
        "start": 10,
        "end": 19,
        "text": "aclocal: error: /opt/spack/opt/spack/linux-debian11-broadwell/gcc-11.2.0/autoconf-2.69-eddk7odk3inx32wyorct5biazb344ws6/bin/autom4te failed with exit status: 1",
        "pre_context": "autoreconf: running: aclocal -I /opt/spack/opt/spack/linux-debian11-broadwell/gcc-11.2.0/automake-1.16.3-s2rukktfxm3qdb36gpvjxmhd2yxhfaie/share/aclocal -I /opt/spack/opt/spack/linux-debian11-broadwell/gcc-11.2.0/libtool-2.4.6-7nkhl23mazozmfkx4ujbe4net5dj2qsn/share/aclocal --force\naclocal: warning: autoconf input should be named 'configure.ac', not 'configure.in'\nconfigure.in:2076: error: automatic de-ANSI-fication support has been removed\n/opt/spack/opt/spack/linux-debian11-broadwell/gcc-11.2.0/automake-1.16.3-s2rukktfxm3qdb36gpvjxmhd2yxhfaie/share/aclocal-1.16/obsolete.m4:26: AM_C_PROTOTYPES is expanded from...\nconfigure.in:2076: the top level\nautom4te: /opt/spack/opt/spack/linux-debian11-broadwell/gcc-11.2.0/m4-1.4.19-z3spjmavssbfap7rrudlo5gpzpmhenlj/bin/m4 failed with exit status: 1",
        "post_context": "autoreconf: aclocal failed with exit status: 1\n",
        "add_date": "2022-02-03T09:18:09.670552Z",
        "modify_date": "2022-02-03T09:18:09.670570Z",
        "label": "build-error",
        "spack-monitor-label": "error"
    },
    {
        "id": 18481,
        "phase": 51653,
        "source_file": "(None,)",
        "source_line_no": 0,
        "line_no": 16,
        "repeat_count": 0,
        "start": 10,
        "end": 19,
        "text": "aclocal: error: /opt/spack/opt/spack/linux-debian10-icelake/gcc-9.4.0/autoconf-2.69-6uxp6m6ugnf6hmo7sob2uau3da6mwyf3/bin/autom4te failed with exit status: 1",
        "pre_context": "autoreconf: running: aclocal -I /opt/spack/opt/spack/linux-debian10-icelake/gcc-9.4.0/automake-1.16.3-bqnvyzxqhvizobdjyez2djsz4bfcwdo4/share/aclocal -I /opt/spack/opt/spack/linux-debian10-icelake/gcc-9.4.0/libtool-2.4.6-nbfafppnmsnjjjcxz2ugu46ak7nvshuz/share/aclocal --force\naclocal: warning: autoconf input should be named 'configure.ac', not 'configure.in'\nconfigure.in:2076: error: automatic de-ANSI-fication support has been removed\n/opt/spack/opt/spack/linux-debian10-icelake/gcc-9.4.0/automake-1.16.3-bqnvyzxqhvizobdjyez2djsz4bfcwdo4/share/aclocal-1.16/obsolete.m4:26: AM_C_PROTOTYPES is expanded from...\nconfigure.in:2076: the top level\nautom4te: /opt/spack/opt/spack/linux-debian10-icelake/gcc-9.4.0/m4-1.4.19-mapmvg3zhb4tzhtpcba4l5gfvh7zg47v/bin/m4 failed with exit status: 1",
        "post_context": "autoreconf: aclocal failed with exit status: 1\n",
        "add_date": "2022-02-03T09:18:09.901020Z",
        "modify_date": "2022-02-03T09:18:09.901037Z",
        "label": "build-error",
        "spack-monitor-label": "error"
    },
    {
        "phase": "N/A",
        "source_file": "",
        "source_line_no": 0,
        "line_no": 1070,
        "repeat_count": 0,
        "start": 1064,
        "end": 1077,
        "text": ">> 15    aclocal: error: autom4te failed with exit status: 63",
        "pre_context": "           wszebflwonqof6clc3t/share/aclocal-1.16/init.m4:29: AM_INIT_AUTOMAKE\n           is expanded from...\n  >> 13    configure.ac:14: the top level\n     14    autom4te: /p/vast1/koparasy/BUILD/spack_cluster_installer/quartz/adi\n           os/spack_env_dir/linux-rhel7-broadwell/gcc-8.3.1/m4-1.4.19-4qzdeqdkj\n           b5xc6wjpzcx4dj7dqgjh6ul/bin/m4 failed with exit status: 63",
        "post_context": "     16    autoreconf: aclocal failed with exit status: 63\n\nSee build log for details:\n  /var/tmp/koparasy/spack-stage/spack-stage-adios-develop-kk7k2udpsjexirtzucrrleufze5hlexd/spack-build-out.txt\n\nTraceback (most recent call last):",
        "id": 175328,
        "label": "dinos-error"
    },
    {
        "phase": "N/A",
        "source_file": "",
        "source_line_no": 0,
        "line_no": 979,
        "repeat_count": 0,
        "start": 973,
        "end": 986,
        "text": ">> 15    aclocal: error: autom4te failed with exit status: 63",
        "pre_context": "           wszebflwonqof6clc3t/share/aclocal-1.16/init.m4:29: AM_INIT_AUTOMAKE\n           is expanded from...\n  >> 13    configure.ac:14: the top level\n     14    autom4te: /p/vast1/koparasy/BUILD/spack_cluster_installer/quartz/adi\n           os/spack_env_dir/linux-rhel7-broadwell/gcc-8.3.1/m4-1.4.19-4qzdeqdkj\n           b5xc6wjpzcx4dj7dqgjh6ul/bin/m4 failed with exit status: 63",
        "post_context": "     16    autoreconf: aclocal failed with exit status: 63\n\nSee build log for details:\n  /var/tmp/koparasy/spack-stage/spack-stage-adios-1.10.0-sd5iiwfdy5vyqczmpve2npidiyo52hke/spack-build-out.txt\n\nTraceback (most recent call last):",
        "id": 175331,
        "label": "dinos-error"
    },
    {
        "phase": "N/A",
        "source_file": "",
        "source_line_no": 0,
        "line_no": 1043,
        "repeat_count": 0,
        "start": 1037,
        "end": 1050,
        "text": ">> 15    aclocal: error: autom4te failed with exit status: 63",
        "pre_context": "           wszebflwonqof6clc3t/share/aclocal-1.16/init.m4:29: AM_INIT_AUTOMAKE\n           is expanded from...\n  >> 13    configure.ac:14: the top level\n     14    autom4te: /p/vast1/koparasy/BUILD/spack_cluster_installer/quartz/adi\n           os/spack_env_dir/linux-rhel7-broadwell/gcc-8.3.1/m4-1.4.19-4qzdeqdkj\n           b5xc6wjpzcx4dj7dqgjh6ul/bin/m4 failed with exit status: 63",
        "post_context": "     16    autoreconf: aclocal failed with exit status: 63\n\nSee build log for details:\n  /var/tmp/koparasy/spack-stage/spack-stage-adios-1.13.0-moom46hmhbf22d5otsqu5tkvqfxmmgnr/spack-build-out.txt\n\nTraceback (most recent call last):",
        "id": 175337,
        "label": "dinos-error"
    },
    {
        "phase": "N/A",
        "source_file": "",
        "source_line_no": 0,
        "line_no": 1033,
        "repeat_count": 0,
        "start": 1027,
        "end": 1040,
        "text": ">> 15    aclocal: error: autom4te failed with exit status: 63",
        "pre_context": "           wszebflwonqof6clc3t/share/aclocal-1.16/init.m4:29: AM_INIT_AUTOMAKE\n           is expanded from...\n  >> 13    configure.ac:14: the top level\n     14    autom4te: /p/vast1/koparasy/BUILD/spack_cluster_installer/quartz/adi\n           os/spack_env_dir/linux-rhel7-broadwell/gcc-8.3.1/m4-1.4.19-4qzdeqdkj\n           b5xc6wjpzcx4dj7dqgjh6ul/bin/m4 failed with exit status: 63",
        "post_context": "     16    autoreconf: aclocal failed with exit status: 63\n\nSee build log for details:\n  /var/tmp/koparasy/spack-stage/spack-stage-adios-1.13.1-wjwtrv7kgot3ibgob6u4xdnm2fhfzufu/spack-build-out.txt\n\nTraceback (most recent call last):",
        "id": 175342,
        "label": "dinos-error"
    },
    {
        "phase": "N/A",
        "source_file": "",
        "source_line_no": 0,
        "line_no": 1054,
        "repeat_count": 0,
        "start": 1048,
        "end": 1061,
        "text": ">> 15    aclocal: error: autom4te failed with exit status: 63",
        "pre_context": "           wszebflwonqof6clc3t/share/aclocal-1.16/init.m4:29: AM_INIT_AUTOMAKE\n           is expanded from...\n  >> 13    configure.ac:14: the top level\n     14    autom4te: /p/vast1/koparasy/BUILD/spack_cluster_installer/quartz/adi\n           os/spack_env_dir/linux-rhel7-broadwell/gcc-8.3.1/m4-1.4.19-4qzdeqdkj\n           b5xc6wjpzcx4dj7dqgjh6ul/bin/m4 failed with exit status: 63",
        "post_context": "     16    autoreconf: aclocal failed with exit status: 63\n\nSee build log for details:\n  /var/tmp/koparasy/spack-stage/spack-stage-adios-1.13.0-z42mgrljoqrnyuurvqvwngwwfd4mvgfp/spack-build-out.txt\n\nTraceback (most recent call last):",
        "id": 175344,
        "label": "dinos-error"
    },
    {
        "phase": "N/A",
        "source_file": "",
        "source_line_no": 0,
        "line_no": 1055,
        "repeat_count": 0,
        "start": 1049,
        "end": 1062,
        "text": ">> 15    aclocal: error: autom4te failed with exit status: 63",
        "pre_context": "           wszebflwonqof6clc3t/share/aclocal-1.16/init.m4:29: AM_INIT_AUTOMAKE\n           is expanded from...\n  >> 13    configure.ac:14: the top level\n     14    autom4te: /p/vast1/koparasy/BUILD/spack_cluster_installer/quartz/adi\n           os/spack_env_dir/linux-rhel7-broadwell/gcc-8.3.1/m4-1.4.19-4qzdeqdkj\n           b5xc6wjpzcx4dj7dqgjh6ul/bin/m4 failed with exit status: 63",
        "post_context": "     16    autoreconf: aclocal failed with exit status: 63\n\nSee build log for details:\n  /var/tmp/koparasy/spack-stage/spack-stage-adios-1.13.0-zevkddkjcegvpfyiswsrcq2u5fzungxu/spack-build-out.txt\n\nTraceback (most recent call last):",
        "id": 175356,
        "label": "dinos-error"
    },
    {
        "phase": "N/A",
        "source_file": "            e.h",
        "source_line_no": "5",
        "line_no": 778,
        "repeat_count": 0,
        "start": 772,
        "end": 785,
        "text": "e.h:53:26: error: 'Vector' does not name a type; did you mean 'Vec4",
        "pre_context": "            verride\n     128                              ^~~~~~\n     129                              scalbl\n  >> 130    /p/vast1/koparasy/BUILD/spack_cluster_installer/quartz/ascent/spack\n            _env_dir/linux-rhel7-broadwell/gcc-8.3.1/vtk-m-1.6.0-b77d27rzqzlu7f\n            mbn6ao6vzpnwkzwlib/include/vtkm-1.6/vtkm/cont/ImplicitFunctionHandl",
        "post_context": "            ui'?\n     131       VTKM_EXEC_CONT virtual Vector Gradient(const Vector& point) cons\n            t override\n     132                              ^~~~~~\n     133                              Vec4ui\n  >> 134    /p/vast1/koparasy/BUILD/spack_cluster_installer/quartz/ascent/spack",
        "id": 197789,
        "label": "dinos-error"
    },
    {
        "phase": "N/A",
        "source_file": "            e.h",
        "source_line_no": "5",
        "line_no": 789,
        "repeat_count": 0,
        "start": 783,
        "end": 796,
        "text": "e.h:53:26: error: 'Vector' does not name a type; did you mean 'Vec4",
        "pre_context": "            verride\n     123                              ^~~~~~\n     124                              scalbl\n  >> 125    /p/vast1/koparasy/BUILD/spack_cluster_installer/quartz/ascent/spack\n            _env_dir/linux-rhel7-broadwell/gcc-8.3.1/vtk-m-1.6.0-b77d27rzqzlu7f\n            mbn6ao6vzpnwkzwlib/include/vtkm-1.6/vtkm/cont/ImplicitFunctionHandl",
        "post_context": "            ui'?\n     126       VTKM_EXEC_CONT virtual Vector Gradient(const Vector& point) cons\n            t override\n     127                              ^~~~~~\n     128                              Vec4ui\n  >> 129    /p/vast1/koparasy/BUILD/spack_cluster_installer/quartz/ascent/spack",
        "id": 197834,
        "label": "dinos-error"
    },
    {
        "phase": "N/A",
        "source_file": "            e.h",
        "source_line_no": "5",
        "line_no": 769,
        "repeat_count": 0,
        "start": 763,
        "end": 776,
        "text": "e.h:53:26: error: 'Vector' does not name a type; did you mean 'Vec4",
        "pre_context": "            verride\n     121                              ^~~~~~\n     122                              scalbl\n  >> 123    /p/vast1/koparasy/BUILD/spack_cluster_installer/quartz/ascent/spack\n            _env_dir/linux-rhel7-broadwell/gcc-8.3.1/vtk-m-1.6.0-b77d27rzqzlu7f\n            mbn6ao6vzpnwkzwlib/include/vtkm-1.6/vtkm/cont/ImplicitFunctionHandl",
        "post_context": "            ui'?\n     124       VTKM_EXEC_CONT virtual Vector Gradient(const Vector& point) cons\n            t override\n     125                              ^~~~~~\n     126                              Vec4ui\n  >> 127    /p/vast1/koparasy/BUILD/spack_cluster_installer/quartz/ascent/spack",
        "id": 197867,
        "label": "dinos-error"
    },
    {
        "phase": "N/A",
        "source_file": "            e.h",
        "source_line_no": "5",
        "line_no": 762,
        "repeat_count": 0,
        "start": 756,
        "end": 769,
        "text": "e.h:53:26: error: 'Vector' does not name a type; did you mean 'Vec4",
        "pre_context": "            verride\n     122                              ^~~~~~\n     123                              scalbl\n  >> 124    /p/vast1/koparasy/BUILD/spack_cluster_installer/quartz/ascent/spack\n            _env_dir/linux-rhel7-broadwell/gcc-8.3.1/vtk-m-1.6.0-b77d27rzqzlu7f\n            mbn6ao6vzpnwkzwlib/include/vtkm-1.6/vtkm/cont/ImplicitFunctionHandl",
        "post_context": "            ui'?\n     125       VTKM_EXEC_CONT virtual Vector Gradient(const Vector& point) cons\n            t override\n     126                              ^~~~~~\n     127                              Vec4ui\n  >> 128    /p/vast1/koparasy/BUILD/spack_cluster_installer/quartz/ascent/spack",
        "id": 197902,
        "label": "dinos-error"
    },
    {
        "phase": "N/A",
        "source_file": "            e.h",
        "source_line_no": "5",
        "line_no": 794,
        "repeat_count": 0,
        "start": 788,
        "end": 801,
        "text": "e.h:53:26: error: 'Vector' does not name a type; did you mean 'Vec4",
        "pre_context": "            verride\n     121                              ^~~~~~\n     122                              scalbl\n  >> 123    /p/vast1/koparasy/BUILD/spack_cluster_installer/quartz/ascent/spack\n            _env_dir/linux-rhel7-broadwell/gcc-8.3.1/vtk-m-1.6.0-b77d27rzqzlu7f\n            mbn6ao6vzpnwkzwlib/include/vtkm-1.6/vtkm/cont/ImplicitFunctionHandl",
        "post_context": "            ui'?\n     124       VTKM_EXEC_CONT virtual Vector Gradient(const Vector& point) cons\n            t override\n     125                              ^~~~~~\n     126                              Vec4ui\n  >> 127    /p/vast1/koparasy/BUILD/spack_cluster_installer/quartz/ascent/spack",
        "id": 197944,
        "label": "dinos-error"
    },
    {
        "phase": "N/A",
        "source_file": "            e.h",
        "source_line_no": "5",
        "line_no": 761,
        "repeat_count": 0,
        "start": 755,
        "end": 768,
        "text": "e.h:53:26: error: 'Vector' does not name a type; did you mean 'Vec4",
        "pre_context": "            verride\n     120                              ^~~~~~\n     121                              scalbl\n  >> 122    /p/vast1/koparasy/BUILD/spack_cluster_installer/quartz/ascent/spack\n            _env_dir/linux-rhel7-broadwell/gcc-8.3.1/vtk-m-1.6.0-b77d27rzqzlu7f\n            mbn6ao6vzpnwkzwlib/include/vtkm-1.6/vtkm/cont/ImplicitFunctionHandl",
        "post_context": "            ui'?\n     123       VTKM_EXEC_CONT virtual Vector Gradient(const Vector& point) cons\n            t override\n     124                              ^~~~~~\n     125                              Vec4ui\n  >> 126    /p/vast1/koparasy/BUILD/spack_cluster_installer/quartz/ascent/spack",
        "id": 197980,
        "label": "dinos-error"
    },
    {
        "phase": "N/A",
        "source_file": "            e.h",
        "source_line_no": "5",
        "line_no": 768,
        "repeat_count": 0,
        "start": 762,
        "end": 775,
        "text": "e.h:53:26: error: 'Vector' does not name a type; did you mean 'Vec4",
        "pre_context": "            verride\n     133                              ^~~~~~\n     134                              scalbl\n  >> 135    /p/vast1/koparasy/BUILD/spack_cluster_installer/quartz/ascent/spack\n            _env_dir/linux-rhel7-broadwell/gcc-8.3.1/vtk-m-1.6.0-b77d27rzqzlu7f\n            mbn6ao6vzpnwkzwlib/include/vtkm-1.6/vtkm/cont/ImplicitFunctionHandl",
        "post_context": "            ui'?\n     136       VTKM_EXEC_CONT virtual Vector Gradient(const Vector& point) cons\n            t override\n     137                              ^~~~~~\n     138                              Vec4ui\n  >> 139    /p/vast1/koparasy/BUILD/spack_cluster_installer/quartz/ascent/spack",
        "id": 198032,
        "label": "dinos-error"
    },
    {
        "phase": "N/A",
        "source_file": "            e.h",
        "source_line_no": "5",
        "line_no": 816,
        "repeat_count": 0,
        "start": 810,
        "end": 823,
        "text": "e.h:53:26: error: 'Vector' does not name a type; did you mean 'Vec4",
        "pre_context": "            verride\n     125                              ^~~~~~\n     126                              scalbl\n  >> 127    /p/vast1/koparasy/BUILD/spack_cluster_installer/quartz/ascent/spack\n            _env_dir/linux-rhel7-broadwell/gcc-8.3.1/vtk-m-1.6.0-b77d27rzqzlu7f\n            mbn6ao6vzpnwkzwlib/include/vtkm-1.6/vtkm/cont/ImplicitFunctionHandl",
        "post_context": "            ui'?\n     128       VTKM_EXEC_CONT virtual Vector Gradient(const Vector& point) cons\n            t override\n     129                              ^~~~~~\n     130                              Vec4ui\n  >> 131    /p/vast1/koparasy/BUILD/spack_cluster_installer/quartz/ascent/spack",
        "id": 198056,
        "label": "dinos-error"
    },
    {
        "phase": "N/A",
        "source_file": "            e.h",
        "source_line_no": "5",
        "line_no": 788,
        "repeat_count": 0,
        "start": 782,
        "end": 795,
        "text": "e.h:53:26: error: 'Vector' does not name a type; did you mean 'Vec4",
        "pre_context": "            verride\n     123                              ^~~~~~\n     124                              scalbl\n  >> 125    /p/vast1/koparasy/BUILD/spack_cluster_installer/quartz/ascent/spack\n            _env_dir/linux-rhel7-broadwell/gcc-8.3.1/vtk-m-1.6.0-b77d27rzqzlu7f\n            mbn6ao6vzpnwkzwlib/include/vtkm-1.6/vtkm/cont/ImplicitFunctionHandl",
        "post_context": "            ui'?\n     126       VTKM_EXEC_CONT virtual Vector Gradient(const Vector& point) cons\n            t override\n     127                              ^~~~~~\n     128                              Vec4ui\n  >> 129    /p/vast1/koparasy/BUILD/spack_cluster_installer/quartz/ascent/spack",
        "id": 198089,
        "label": "dinos-error"
    },
    {
        "phase": "N/A",
        "source_file": "            e.h",
        "source_line_no": "5",
        "line_no": 794,
        "repeat_count": 0,
        "start": 788,
        "end": 801,
        "text": "e.h:53:26: error: 'Vector' does not name a type; did you mean 'Vec4",
        "pre_context": "            verride\n     118                              ^~~~~~\n     119                              scalbl\n  >> 120    /p/vast1/koparasy/BUILD/spack_cluster_installer/quartz/ascent/spack\n            _env_dir/linux-rhel7-broadwell/gcc-8.3.1/vtk-m-1.6.0-b77d27rzqzlu7f\n            mbn6ao6vzpnwkzwlib/include/vtkm-1.6/vtkm/cont/ImplicitFunctionHandl",
        "post_context": "            ui'?\n     121       VTKM_EXEC_CONT virtual Vector Gradient(const Vector& point) cons\n            t override\n     122                              ^~~~~~\n     123                              Vec4ui\n  >> 124    /p/vast1/koparasy/BUILD/spack_cluster_installer/quartz/ascent/spack",
        "id": 198122,
        "label": "dinos-error"
    },
    {
        "phase": "N/A",
        "source_file": "            e.h",
        "source_line_no": "5",
        "line_no": 764,
        "repeat_count": 0,
        "start": 758,
        "end": 771,
        "text": "e.h:53:26: error: 'Vector' does not name a type; did you mean 'Vec4",
        "pre_context": "            verride\n     123                              ^~~~~~\n     124                              scalbl\n  >> 125    /p/vast1/koparasy/BUILD/spack_cluster_installer/quartz/ascent/spack\n            _env_dir/linux-rhel7-broadwell/gcc-8.3.1/vtk-m-1.6.0-b77d27rzqzlu7f\n            mbn6ao6vzpnwkzwlib/include/vtkm-1.6/vtkm/cont/ImplicitFunctionHandl",
        "post_context": "            ui'?\n     126       VTKM_EXEC_CONT virtual Vector Gradient(const Vector& point) cons\n            t override\n     127                              ^~~~~~\n     128                              Vec4ui\n  >> 129    /p/vast1/koparasy/BUILD/spack_cluster_installer/quartz/ascent/spack",
        "id": 198158,
        "label": "dinos-error"
    },
    {
        "phase": "N/A",
        "source_file": "            e.h",
        "source_line_no": "5",
        "line_no": 765,
        "repeat_count": 0,
        "start": 759,
        "end": 772,
        "text": "e.h:53:26: error: 'Vector' does not name a type; did you mean 'Vec4",
        "pre_context": "            verride\n     120                              ^~~~~~\n     121                              scalbl\n  >> 122    /p/vast1/koparasy/BUILD/spack_cluster_installer/quartz/ascent/spack\n            _env_dir/linux-rhel7-broadwell/gcc-8.3.1/vtk-m-1.6.0-b77d27rzqzlu7f\n            mbn6ao6vzpnwkzwlib/include/vtkm-1.6/vtkm/cont/ImplicitFunctionHandl",
        "post_context": "            ui'?\n     123       VTKM_EXEC_CONT virtual Vector Gradient(const Vector& point) cons\n            t override\n     124                              ^~~~~~\n     125                              Vec4ui\n  >> 126    /p/vast1/koparasy/BUILD/spack_cluster_installer/quartz/ascent/spack",
        "id": 198212,
        "label": "dinos-error"
    },
    {
        "phase": "N/A",
        "source_file": "            e.h",
        "source_line_no": "5",
        "line_no": 764,
        "repeat_count": 0,
        "start": 758,
        "end": 771,
        "text": "e.h:53:26: error: 'Vector' does not name a type; did you mean 'Vec4",
        "pre_context": "            verride\n     125                              ^~~~~~\n     126                              scalbl\n  >> 127    /p/vast1/koparasy/BUILD/spack_cluster_installer/quartz/ascent/spack\n            _env_dir/linux-rhel7-broadwell/gcc-8.3.1/vtk-m-1.6.0-b77d27rzqzlu7f\n            mbn6ao6vzpnwkzwlib/include/vtkm-1.6/vtkm/cont/ImplicitFunctionHandl",
        "post_context": "            ui'?\n     128       VTKM_EXEC_CONT virtual Vector Gradient(const Vector& point) cons\n            t override\n     129                              ^~~~~~\n     130                              Vec4ui\n  >> 131    /p/vast1/koparasy/BUILD/spack_cluster_installer/quartz/ascent/spack",
        "id": 198248,
        "label": "dinos-error"
    },
    {
        "phase": "N/A",
        "source_file": "            e.h",
        "source_line_no": "5",
        "line_no": 789,
        "repeat_count": 0,
        "start": 783,
        "end": 796,
        "text": "e.h:53:26: error: 'Vector' does not name a type; did you mean 'Vec4",
        "pre_context": "            verride\n     123                              ^~~~~~\n     124                              scalbl\n  >> 125    /p/vast1/koparasy/BUILD/spack_cluster_installer/quartz/ascent/spack\n            _env_dir/linux-rhel7-broadwell/gcc-8.3.1/vtk-m-1.6.0-b77d27rzqzlu7f\n            mbn6ao6vzpnwkzwlib/include/vtkm-1.6/vtkm/cont/ImplicitFunctionHandl",
        "post_context": "            ui'?\n     126       VTKM_EXEC_CONT virtual Vector Gradient(const Vector& point) cons\n            t override\n     127                              ^~~~~~\n     128                              Vec4ui\n  >> 129    /p/vast1/koparasy/BUILD/spack_cluster_installer/quartz/ascent/spack",
        "id": 198296,
        "label": "dinos-error"
    },
    {
        "phase": "N/A",
        "source_file": "            e.h",
        "source_line_no": "5",
        "line_no": 788,
        "repeat_count": 0,
        "start": 782,
        "end": 795,
        "text": "e.h:53:26: error: 'Vector' does not name a type; did you mean 'Vec4",
        "pre_context": "            verride\n     125                              ^~~~~~\n     126                              scalbl\n  >> 127    /p/vast1/koparasy/BUILD/spack_cluster_installer/quartz/ascent/spack\n            _env_dir/linux-rhel7-broadwell/gcc-8.3.1/vtk-m-1.6.0-b77d27rzqzlu7f\n            mbn6ao6vzpnwkzwlib/include/vtkm-1.6/vtkm/cont/ImplicitFunctionHandl",
        "post_context": "            ui'?\n     128       VTKM_EXEC_CONT virtual Vector Gradient(const Vector& point) cons\n            t override\n     129                              ^~~~~~\n     130                              Vec4ui\n  >> 131    /p/vast1/koparasy/BUILD/spack_cluster_installer/quartz/ascent/spack",
        "id": 198365,
        "label": "dinos-error"
    },
    {
        "phase": "N/A",
        "source_file": "            e.h",
        "source_line_no": "5",
        "line_no": 788,
        "repeat_count": 0,
        "start": 782,
        "end": 795,
        "text": "e.h:53:26: error: 'Vector' does not name a type; did you mean 'Vec4",
        "pre_context": "            verride\n     120                              ^~~~~~\n     121                              scalbl\n  >> 122    /p/vast1/koparasy/BUILD/spack_cluster_installer/quartz/ascent/spack\n            _env_dir/linux-rhel7-broadwell/gcc-8.3.1/vtk-m-1.6.0-b77d27rzqzlu7f\n            mbn6ao6vzpnwkzwlib/include/vtkm-1.6/vtkm/cont/ImplicitFunctionHandl",
        "post_context": "            ui'?\n     123       VTKM_EXEC_CONT virtual Vector Gradient(const Vector& point) cons\n            t override\n     124                              ^~~~~~\n     125                              Vec4ui\n  >> 126    /p/vast1/koparasy/BUILD/spack_cluster_installer/quartz/ascent/spack",
        "id": 198404,
        "label": "dinos-error"
    },
    {
        "phase": "N/A",
        "source_file": "            e.h",
        "source_line_no": "5",
        "line_no": 761,
        "repeat_count": 0,
        "start": 755,
        "end": 768,
        "text": "e.h:53:26: error: 'Vector' does not name a type; did you mean 'Vec4",
        "pre_context": "            verride\n     122                              ^~~~~~\n     123                              scalbl\n  >> 124    /p/vast1/koparasy/BUILD/spack_cluster_installer/quartz/ascent/spack\n            _env_dir/linux-rhel7-broadwell/gcc-8.3.1/vtk-m-1.6.0-b77d27rzqzlu7f\n            mbn6ao6vzpnwkzwlib/include/vtkm-1.6/vtkm/cont/ImplicitFunctionHandl",
        "post_context": "            ui'?\n     125       VTKM_EXEC_CONT virtual Vector Gradient(const Vector& point) cons\n            t override\n     126                              ^~~~~~\n     127                              Vec4ui\n  >> 128    /p/vast1/koparasy/BUILD/spack_cluster_installer/quartz/ascent/spack",
        "id": 198435,
        "label": "dinos-error"
    },
    {
        "phase": "N/A",
        "source_file": "            e.h",
        "source_line_no": "5",
        "line_no": 761,
        "repeat_count": 0,
        "start": 755,
        "end": 768,
        "text": "e.h:53:26: error: 'Vector' does not name a type; did you mean 'Vec4",
        "pre_context": "            verride\n     120                              ^~~~~~\n     121                              scalbl\n  >> 122    /p/vast1/koparasy/BUILD/spack_cluster_installer/quartz/ascent/spack\n            _env_dir/linux-rhel7-broadwell/gcc-8.3.1/vtk-m-1.6.0-b77d27rzqzlu7f\n            mbn6ao6vzpnwkzwlib/include/vtkm-1.6/vtkm/cont/ImplicitFunctionHandl",
        "post_context": "            ui'?\n     123       VTKM_EXEC_CONT virtual Vector Gradient(const Vector& point) cons\n            t override\n     124                              ^~~~~~\n     125                              Vec4ui\n  >> 126    /p/vast1/koparasy/BUILD/spack_cluster_installer/quartz/ascent/spack",
        "id": 198471,
        "label": "dinos-error"
    },
    {
        "phase": "N/A",
        "source_file": "            e.h",
        "source_line_no": "5",
        "line_no": 769,
        "repeat_count": 0,
        "start": 763,
        "end": 776,
        "text": "e.h:53:26: error: 'Vector' does not name a type; did you mean 'Vec4",
        "pre_context": "            verride\n     121                              ^~~~~~\n     122                              scalbl\n  >> 123    /p/vast1/koparasy/BUILD/spack_cluster_installer/quartz/ascent/spack\n            _env_dir/linux-rhel7-broadwell/gcc-8.3.1/vtk-m-1.6.0-b77d27rzqzlu7f\n            mbn6ao6vzpnwkzwlib/include/vtkm-1.6/vtkm/cont/ImplicitFunctionHandl",
        "post_context": "            ui'?\n     124       VTKM_EXEC_CONT virtual Vector Gradient(const Vector& point) cons\n            t override\n     125                              ^~~~~~\n     126                              Vec4ui\n  >> 127    /p/vast1/koparasy/BUILD/spack_cluster_installer/quartz/ascent/spack",
        "id": 198549,
        "label": "dinos-error"
    },
    {
        "phase": "N/A",
        "source_file": "            e.h",
        "source_line_no": "5",
        "line_no": 788,
        "repeat_count": 0,
        "start": 782,
        "end": 795,
        "text": "e.h:53:26: error: 'Vector' does not name a type; did you mean 'Vec4",
        "pre_context": "            verride\n     123                              ^~~~~~\n     124                              scalbl\n  >> 125    /p/vast1/koparasy/BUILD/spack_cluster_installer/quartz/ascent/spack\n            _env_dir/linux-rhel7-broadwell/gcc-8.3.1/vtk-m-1.6.0-b77d27rzqzlu7f\n            mbn6ao6vzpnwkzwlib/include/vtkm-1.6/vtkm/cont/ImplicitFunctionHandl",
        "post_context": "            ui'?\n     126       VTKM_EXEC_CONT virtual Vector Gradient(const Vector& point) cons\n            t override\n     127                              ^~~~~~\n     128                              Vec4ui\n  >> 129    /p/vast1/koparasy/BUILD/spack_cluster_installer/quartz/ascent/spack",
        "id": 198582,
        "label": "dinos-error"
    },
    {
        "phase": "N/A",
        "source_file": "            e.h",
        "source_line_no": "5",
        "line_no": 764,
        "repeat_count": 0,
        "start": 758,
        "end": 771,
        "text": "e.h:53:26: error: 'Vector' does not name a type; did you mean 'Vec4",
        "pre_context": "            verride\n     123                              ^~~~~~\n     124                              scalbl\n  >> 125    /p/vast1/koparasy/BUILD/spack_cluster_installer/quartz/ascent/spack\n            _env_dir/linux-rhel7-broadwell/gcc-8.3.1/vtk-m-1.6.0-b77d27rzqzlu7f\n            mbn6ao6vzpnwkzwlib/include/vtkm-1.6/vtkm/cont/ImplicitFunctionHandl",
        "post_context": "            ui'?\n     126       VTKM_EXEC_CONT virtual Vector Gradient(const Vector& point) cons\n            t override\n     127                              ^~~~~~\n     128                              Vec4ui\n  >> 129    /p/vast1/koparasy/BUILD/spack_cluster_installer/quartz/ascent/spack",
        "id": 198629,
        "label": "dinos-error"
    },
    {
        "phase": "N/A",
        "source_file": "            e.h",
        "source_line_no": "5",
        "line_no": 788,
        "repeat_count": 0,
        "start": 782,
        "end": 795,
        "text": "e.h:53:26: error: 'Vector' does not name a type; did you mean 'Vec4",
        "pre_context": "            verride\n     123                              ^~~~~~\n     124                              scalbl\n  >> 125    /p/vast1/koparasy/BUILD/spack_cluster_installer/quartz/ascent/spack\n            _env_dir/linux-rhel7-broadwell/gcc-8.3.1/vtk-m-1.6.0-b77d27rzqzlu7f\n            mbn6ao6vzpnwkzwlib/include/vtkm-1.6/vtkm/cont/ImplicitFunctionHandl",
        "post_context": "            ui'?\n     126       VTKM_EXEC_CONT virtual Vector Gradient(const Vector& point) cons\n            t override\n     127                              ^~~~~~\n     128                              Vec4ui\n  >> 129    /p/vast1/koparasy/BUILD/spack_cluster_installer/quartz/ascent/spack",
        "id": 198657,
        "label": "dinos-error"
    },
    {
        "phase": "N/A",
        "source_file": "            e.h",
        "source_line_no": "5",
        "line_no": 764,
        "repeat_count": 0,
        "start": 758,
        "end": 771,
        "text": "e.h:53:26: error: 'Vector' does not name a type; did you mean 'Vec4",
        "pre_context": "            verride\n     125                              ^~~~~~\n     126                              scalbl\n  >> 127    /p/vast1/koparasy/BUILD/spack_cluster_installer/quartz/ascent/spack\n            _env_dir/linux-rhel7-broadwell/gcc-8.3.1/vtk-m-1.6.0-b77d27rzqzlu7f\n            mbn6ao6vzpnwkzwlib/include/vtkm-1.6/vtkm/cont/ImplicitFunctionHandl",
        "post_context": "            ui'?\n     128       VTKM_EXEC_CONT virtual Vector Gradient(const Vector& point) cons\n            t override\n     129                              ^~~~~~\n     130                              Vec4ui\n  >> 131    /p/vast1/koparasy/BUILD/spack_cluster_installer/quartz/ascent/spack",
        "id": 198690,
        "label": "dinos-error"
    },
    {
        "phase": "N/A",
        "source_file": "            e.h",
        "source_line_no": "5",
        "line_no": 764,
        "repeat_count": 0,
        "start": 758,
        "end": 771,
        "text": "e.h:53:26: error: 'Vector' does not name a type; did you mean 'Vec4",
        "pre_context": "            verride\n     123                              ^~~~~~\n     124                              scalbl\n  >> 125    /p/vast1/koparasy/BUILD/spack_cluster_installer/quartz/ascent/spack\n            _env_dir/linux-rhel7-broadwell/gcc-8.3.1/vtk-m-1.6.0-b77d27rzqzlu7f\n            mbn6ao6vzpnwkzwlib/include/vtkm-1.6/vtkm/cont/ImplicitFunctionHandl",
        "post_context": "            ui'?\n     126       VTKM_EXEC_CONT virtual Vector Gradient(const Vector& point) cons\n            t override\n     127                              ^~~~~~\n     128                              Vec4ui\n  >> 129    /p/vast1/koparasy/BUILD/spack_cluster_installer/quartz/ascent/spack",
        "id": 198723,
        "label": "dinos-error"
    },
    {
        "phase": "N/A",
        "source_file": "            e.h",
        "source_line_no": "5",
        "line_no": 788,
        "repeat_count": 0,
        "start": 782,
        "end": 795,
        "text": "e.h:53:26: error: 'Vector' does not name a type; did you mean 'Vec4",
        "pre_context": "            verride\n     123                              ^~~~~~\n     124                              scalbl\n  >> 125    /p/vast1/koparasy/BUILD/spack_cluster_installer/quartz/ascent/spack\n            _env_dir/linux-rhel7-broadwell/gcc-8.3.1/vtk-m-1.6.0-b77d27rzqzlu7f\n            mbn6ao6vzpnwkzwlib/include/vtkm-1.6/vtkm/cont/ImplicitFunctionHandl",
        "post_context": "            ui'?\n     126       VTKM_EXEC_CONT virtual Vector Gradient(const Vector& point) cons\n            t override\n     127                              ^~~~~~\n     128                              Vec4ui\n  >> 129    /p/vast1/koparasy/BUILD/spack_cluster_installer/quartz/ascent/spack",
        "id": 198747,
        "label": "dinos-error"
    },
    {
        "phase": "N/A",
        "source_file": "            e.h",
        "source_line_no": "5",
        "line_no": 788,
        "repeat_count": 0,
        "start": 782,
        "end": 795,
        "text": "e.h:53:26: error: 'Vector' does not name a type; did you mean 'Vec4",
        "pre_context": "            verride\n     125                              ^~~~~~\n     126                              scalbl\n  >> 127    /p/vast1/koparasy/BUILD/spack_cluster_installer/quartz/ascent/spack\n            _env_dir/linux-rhel7-broadwell/gcc-8.3.1/vtk-m-1.6.0-b77d27rzqzlu7f\n            mbn6ao6vzpnwkzwlib/include/vtkm-1.6/vtkm/cont/ImplicitFunctionHandl",
        "post_context": "            ui'?\n     128       VTKM_EXEC_CONT virtual Vector Gradient(const Vector& point) cons\n            t override\n     129                              ^~~~~~\n     130                              Vec4ui\n  >> 131    /p/vast1/koparasy/BUILD/spack_cluster_installer/quartz/ascent/spack",
        "id": 198783,
        "label": "dinos-error"
    },
    {
        "phase": "N/A",
        "source_file": "            e.h",
        "source_line_no": "5",
        "line_no": 764,
        "repeat_count": 0,
        "start": 758,
        "end": 771,
        "text": "e.h:53:26: error: 'Vector' does not name a type; did you mean 'Vec4",
        "pre_context": "            verride\n     125                              ^~~~~~\n     126                              scalbl\n  >> 127    /p/vast1/koparasy/BUILD/spack_cluster_installer/quartz/ascent/spack\n            _env_dir/linux-rhel7-broadwell/gcc-8.3.1/vtk-m-1.6.0-b77d27rzqzlu7f\n            mbn6ao6vzpnwkzwlib/include/vtkm-1.6/vtkm/cont/ImplicitFunctionHandl",
        "post_context": "            ui'?\n     128       VTKM_EXEC_CONT virtual Vector Gradient(const Vector& point) cons\n            t override\n     129                              ^~~~~~\n     130                              Vec4ui\n  >> 131    /p/vast1/koparasy/BUILD/spack_cluster_installer/quartz/ascent/spack",
        "id": 198841,
        "label": "dinos-error"
    },
    {
        "phase": "N/A",
        "source_file": "            e.h",
        "source_line_no": "5",
        "line_no": 768,
        "repeat_count": 0,
        "start": 762,
        "end": 775,
        "text": "e.h:53:26: error: 'Vector' does not name a type; did you mean 'Vec4",
        "pre_context": "            verride\n     121                              ^~~~~~\n     122                              scalbl\n  >> 123    /p/vast1/koparasy/BUILD/spack_cluster_installer/quartz/ascent/spack\n            _env_dir/linux-rhel7-broadwell/gcc-8.3.1/vtk-m-1.6.0-b77d27rzqzlu7f\n            mbn6ao6vzpnwkzwlib/include/vtkm-1.6/vtkm/cont/ImplicitFunctionHandl",
        "post_context": "            ui'?\n     124       VTKM_EXEC_CONT virtual Vector Gradient(const Vector& point) cons\n            t override\n     125                              ^~~~~~\n     126                              Vec4ui\n  >> 127    /p/vast1/koparasy/BUILD/spack_cluster_installer/quartz/ascent/spack",
        "id": 198885,
        "label": "dinos-error"
    },
    {
        "phase": "N/A",
        "source_file": "            e.h",
        "source_line_no": "5",
        "line_no": 764,
        "repeat_count": 0,
        "start": 758,
        "end": 771,
        "text": "e.h:53:26: error: 'Vector' does not name a type; did you mean 'Vec4",
        "pre_context": "            verride\n     125                              ^~~~~~\n     126                              scalbl\n  >> 127    /p/vast1/koparasy/BUILD/spack_cluster_installer/quartz/ascent/spack\n            _env_dir/linux-rhel7-broadwell/gcc-8.3.1/vtk-m-1.6.0-b77d27rzqzlu7f\n            mbn6ao6vzpnwkzwlib/include/vtkm-1.6/vtkm/cont/ImplicitFunctionHandl",
        "post_context": "            ui'?\n     128       VTKM_EXEC_CONT virtual Vector Gradient(const Vector& point) cons\n            t override\n     129                              ^~~~~~\n     130                              Vec4ui\n  >> 131    /p/vast1/koparasy/BUILD/spack_cluster_installer/quartz/ascent/spack",
        "id": 198918,
        "label": "dinos-error"
    },
    {
        "phase": "N/A",
        "source_file": "            e.h",
        "source_line_no": "5",
        "line_no": 764,
        "repeat_count": 0,
        "start": 758,
        "end": 771,
        "text": "e.h:53:26: error: 'Vector' does not name a type; did you mean 'Vec4",
        "pre_context": "            verride\n     123                              ^~~~~~\n     124                              scalbl\n  >> 125    /p/vast1/koparasy/BUILD/spack_cluster_installer/quartz/ascent/spack\n            _env_dir/linux-rhel7-broadwell/gcc-8.3.1/vtk-m-1.6.0-b77d27rzqzlu7f\n            mbn6ao6vzpnwkzwlib/include/vtkm-1.6/vtkm/cont/ImplicitFunctionHandl",
        "post_context": "            ui'?\n     126       VTKM_EXEC_CONT virtual Vector Gradient(const Vector& point) cons\n            t override\n     127                              ^~~~~~\n     128                              Vec4ui\n  >> 129    /p/vast1/koparasy/BUILD/spack_cluster_installer/quartz/ascent/spack",
        "id": 198946,
        "label": "dinos-error"
    },
    {
        "phase": "N/A",
        "source_file": "            e.h",
        "source_line_no": "5",
        "line_no": 764,
        "repeat_count": 0,
        "start": 758,
        "end": 771,
        "text": "e.h:53:26: error: 'Vector' does not name a type; did you mean 'Vec4",
        "pre_context": "            verride\n     125                              ^~~~~~\n     126                              scalbl\n  >> 127    /p/vast1/koparasy/BUILD/spack_cluster_installer/quartz/ascent/spack\n            _env_dir/linux-rhel7-broadwell/gcc-8.3.1/vtk-m-1.6.0-b77d27rzqzlu7f\n            mbn6ao6vzpnwkzwlib/include/vtkm-1.6/vtkm/cont/ImplicitFunctionHandl",
        "post_context": "            ui'?\n     128       VTKM_EXEC_CONT virtual Vector Gradient(const Vector& point) cons\n            t override\n     129                              ^~~~~~\n     130                              Vec4ui\n  >> 131    /p/vast1/koparasy/BUILD/spack_cluster_installer/quartz/ascent/spack",
        "id": 198986,
        "label": "dinos-error"
    },
    {
        "phase": "N/A",
        "source_file": "            e.h",
        "source_line_no": "5",
        "line_no": 668,
        "repeat_count": 0,
        "start": 662,
        "end": 675,
        "text": "e.h:53:26: error: 'Vector' does not name a type; did you mean 'Vec4",
        "pre_context": "            verride\n     123                              ^~~~~~\n     124                              scalbl\n  >> 125    /p/vast1/koparasy/BUILD/spack_cluster_installer/quartz/ascent/spack\n            _env_dir/linux-rhel7-broadwell/gcc-8.3.1/vtk-m-1.6.0-b77d27rzqzlu7f\n            mbn6ao6vzpnwkzwlib/include/vtkm-1.6/vtkm/cont/ImplicitFunctionHandl",
        "post_context": "            ui'?\n     126       VTKM_EXEC_CONT virtual Vector Gradient(const Vector& point) cons\n            t override\n     127                              ^~~~~~\n     128                              Vec4ui\n  >> 129    /p/vast1/koparasy/BUILD/spack_cluster_installer/quartz/ascent/spack",
        "id": 199019,
        "label": "dinos-error"
    },
    {
        "phase": "N/A",
        "source_file": "            e.h",
        "source_line_no": "5",
        "line_no": 769,
        "repeat_count": 0,
        "start": 763,
        "end": 776,
        "text": "e.h:53:26: error: 'Vector' does not name a type; did you mean 'Vec4",
        "pre_context": "            verride\n     121                              ^~~~~~\n     122                              scalbl\n  >> 123    /p/vast1/koparasy/BUILD/spack_cluster_installer/quartz/ascent/spack\n            _env_dir/linux-rhel7-broadwell/gcc-8.3.1/vtk-m-1.6.0-b77d27rzqzlu7f\n            mbn6ao6vzpnwkzwlib/include/vtkm-1.6/vtkm/cont/ImplicitFunctionHandl",
        "post_context": "            ui'?\n     124       VTKM_EXEC_CONT virtual Vector Gradient(const Vector& point) cons\n            t override\n     125                              ^~~~~~\n     126                              Vec4ui\n  >> 127    /p/vast1/koparasy/BUILD/spack_cluster_installer/quartz/ascent/spack",
        "id": 199065,
        "label": "dinos-error"
    },
    {
        "phase": "N/A",
        "source_file": "            e.h",
        "source_line_no": "5",
        "line_no": 765,
        "repeat_count": 0,
        "start": 759,
        "end": 772,
        "text": "e.h:53:26: error: 'Vector' does not name a type; did you mean 'Vec4",
        "pre_context": "            verride\n     123                              ^~~~~~\n     124                              scalbl\n  >> 125    /p/vast1/koparasy/BUILD/spack_cluster_installer/quartz/ascent/spack\n            _env_dir/linux-rhel7-broadwell/gcc-8.3.1/vtk-m-1.6.0-b77d27rzqzlu7f\n            mbn6ao6vzpnwkzwlib/include/vtkm-1.6/vtkm/cont/ImplicitFunctionHandl",
        "post_context": "            ui'?\n     126       VTKM_EXEC_CONT virtual Vector Gradient(const Vector& point) cons\n            t override\n     127                              ^~~~~~\n     128                              Vec4ui\n  >> 129    /p/vast1/koparasy/BUILD/spack_cluster_installer/quartz/ascent/spack",
        "id": 199131,
        "label": "dinos-error"
    },
    {
        "phase": "N/A",
        "source_file": "            e.h",
        "source_line_no": "5",
        "line_no": 788,
        "repeat_count": 0,
        "start": 782,
        "end": 795,
        "text": "e.h:53:26: error: 'Vector' does not name a type; did you mean 'Vec4",
        "pre_context": "            verride\n     123                              ^~~~~~\n     124                              scalbl\n  >> 125    /p/vast1/koparasy/BUILD/spack_cluster_installer/quartz/ascent/spack\n            _env_dir/linux-rhel7-broadwell/gcc-8.3.1/vtk-m-1.6.0-b77d27rzqzlu7f\n            mbn6ao6vzpnwkzwlib/include/vtkm-1.6/vtkm/cont/ImplicitFunctionHandl",
        "post_context": "            ui'?\n     126       VTKM_EXEC_CONT virtual Vector Gradient(const Vector& point) cons\n            t override\n     127                              ^~~~~~\n     128                              Vec4ui\n  >> 129    /p/vast1/koparasy/BUILD/spack_cluster_installer/quartz/ascent/spack",
        "id": 199168,
        "label": "dinos-error"
    },
    {
        "phase": "N/A",
        "source_file": "            e.h",
        "source_line_no": "5",
        "line_no": 764,
        "repeat_count": 0,
        "start": 758,
        "end": 771,
        "text": "e.h:53:26: error: 'Vector' does not name a type; did you mean 'Vec4",
        "pre_context": "            verride\n     123                              ^~~~~~\n     124                              scalbl\n  >> 125    /p/vast1/koparasy/BUILD/spack_cluster_installer/quartz/ascent/spack\n            _env_dir/linux-rhel7-broadwell/gcc-8.3.1/vtk-m-1.6.0-b77d27rzqzlu7f\n            mbn6ao6vzpnwkzwlib/include/vtkm-1.6/vtkm/cont/ImplicitFunctionHandl",
        "post_context": "            ui'?\n     126       VTKM_EXEC_CONT virtual Vector Gradient(const Vector& point) cons\n            t override\n     127                              ^~~~~~\n     128                              Vec4ui\n  >> 129    /p/vast1/koparasy/BUILD/spack_cluster_installer/quartz/ascent/spack",
        "id": 199216,
        "label": "dinos-error"
    },
    {
        "phase": "N/A",
        "source_file": "            e.h",
        "source_line_no": "5",
        "line_no": 788,
        "repeat_count": 0,
        "start": 782,
        "end": 795,
        "text": "e.h:53:26: error: 'Vector' does not name a type; did you mean 'Vec4",
        "pre_context": "            verride\n     123                              ^~~~~~\n     124                              scalbl\n  >> 125    /p/vast1/koparasy/BUILD/spack_cluster_installer/quartz/ascent/spack\n            _env_dir/linux-rhel7-broadwell/gcc-8.3.1/vtk-m-1.6.0-b77d27rzqzlu7f\n            mbn6ao6vzpnwkzwlib/include/vtkm-1.6/vtkm/cont/ImplicitFunctionHandl",
        "post_context": "            ui'?\n     126       VTKM_EXEC_CONT virtual Vector Gradient(const Vector& point) cons\n            t override\n     127                              ^~~~~~\n     128                              Vec4ui\n  >> 129    /p/vast1/koparasy/BUILD/spack_cluster_installer/quartz/ascent/spack",
        "id": 199249,
        "label": "dinos-error"
    },
    {
        "phase": "N/A",
        "source_file": "            e.h",
        "source_line_no": "5",
        "line_no": 764,
        "repeat_count": 0,
        "start": 758,
        "end": 771,
        "text": "e.h:53:26: error: 'Vector' does not name a type; did you mean 'Vec4",
        "pre_context": "            verride\n     123                              ^~~~~~\n     124                              scalbl\n  >> 125    /p/vast1/koparasy/BUILD/spack_cluster_installer/quartz/ascent/spack\n            _env_dir/linux-rhel7-broadwell/gcc-8.3.1/vtk-m-1.6.0-b77d27rzqzlu7f\n            mbn6ao6vzpnwkzwlib/include/vtkm-1.6/vtkm/cont/ImplicitFunctionHandl",
        "post_context": "            ui'?\n     126       VTKM_EXEC_CONT virtual Vector Gradient(const Vector& point) cons\n            t override\n     127                              ^~~~~~\n     128                              Vec4ui\n  >> 129    /p/vast1/koparasy/BUILD/spack_cluster_installer/quartz/ascent/spack",
        "id": 199273,
        "label": "dinos-error"
    },
    {
        "phase": "N/A",
        "source_file": "            e.h",
        "source_line_no": "5",
        "line_no": 764,
        "repeat_count": 0,
        "start": 758,
        "end": 771,
        "text": "e.h:53:26: error: 'Vector' does not name a type; did you mean 'Vec4",
        "pre_context": "            verride\n     120                              ^~~~~~\n     121                              scalbl\n  >> 122    /p/vast1/koparasy/BUILD/spack_cluster_installer/quartz/ascent/spack\n            _env_dir/linux-rhel7-broadwell/gcc-8.3.1/vtk-m-1.6.0-b77d27rzqzlu7f\n            mbn6ao6vzpnwkzwlib/include/vtkm-1.6/vtkm/cont/ImplicitFunctionHandl",
        "post_context": "            ui'?\n     123       VTKM_EXEC_CONT virtual Vector Gradient(const Vector& point) cons\n            t override\n     124                              ^~~~~~\n     125                              Vec4ui\n  >> 126    /p/vast1/koparasy/BUILD/spack_cluster_installer/quartz/ascent/spack",
        "id": 199318,
        "label": "dinos-error"
    },
    {
        "phase": "N/A",
        "source_file": "            e.h",
        "source_line_no": "5",
        "line_no": 769,
        "repeat_count": 0,
        "start": 763,
        "end": 776,
        "text": "e.h:53:26: error: 'Vector' does not name a type; did you mean 'Vec4",
        "pre_context": "            verride\n     133                              ^~~~~~\n     134                              scalbl\n  >> 135    /p/vast1/koparasy/BUILD/spack_cluster_installer/quartz/ascent/spack\n            _env_dir/linux-rhel7-broadwell/gcc-8.3.1/vtk-m-1.6.0-b77d27rzqzlu7f\n            mbn6ao6vzpnwkzwlib/include/vtkm-1.6/vtkm/cont/ImplicitFunctionHandl",
        "post_context": "            ui'?\n     136       VTKM_EXEC_CONT virtual Vector Gradient(const Vector& point) cons\n            t override\n     137                              ^~~~~~\n     138                              Vec4ui\n  >> 139    /p/vast1/koparasy/BUILD/spack_cluster_installer/quartz/ascent/spack",
        "id": 199354,
        "label": "dinos-error"
    },
    {
        "phase": "N/A",
        "source_file": "            e.h",
        "source_line_no": "5",
        "line_no": 769,
        "repeat_count": 0,
        "start": 763,
        "end": 776,
        "text": "e.h:53:26: error: 'Vector' does not name a type; did you mean 'Vec4",
        "pre_context": "            verride\n     121                              ^~~~~~\n     122                              scalbl\n  >> 123    /p/vast1/koparasy/BUILD/spack_cluster_installer/quartz/ascent/spack\n            _env_dir/linux-rhel7-broadwell/gcc-8.3.1/vtk-m-1.6.0-b77d27rzqzlu7f\n            mbn6ao6vzpnwkzwlib/include/vtkm-1.6/vtkm/cont/ImplicitFunctionHandl",
        "post_context": "            ui'?\n     124       VTKM_EXEC_CONT virtual Vector Gradient(const Vector& point) cons\n            t override\n     125                              ^~~~~~\n     126                              Vec4ui\n  >> 127    /p/vast1/koparasy/BUILD/spack_cluster_installer/quartz/ascent/spack",
        "id": 199389,
        "label": "dinos-error"
    },
    {
        "phase": "N/A",
        "source_file": "            e.h",
        "source_line_no": "5",
        "line_no": 765,
        "repeat_count": 0,
        "start": 759,
        "end": 772,
        "text": "e.h:53:26: error: 'Vector' does not name a type; did you mean 'Vec4",
        "pre_context": "            verride\n     123                              ^~~~~~\n     124                              scalbl\n  >> 125    /p/vast1/koparasy/BUILD/spack_cluster_installer/quartz/ascent/spack\n            _env_dir/linux-rhel7-broadwell/gcc-8.3.1/vtk-m-1.6.0-b77d27rzqzlu7f\n            mbn6ao6vzpnwkzwlib/include/vtkm-1.6/vtkm/cont/ImplicitFunctionHandl",
        "post_context": "            ui'?\n     126       VTKM_EXEC_CONT virtual Vector Gradient(const Vector& point) cons\n            t override\n     127                              ^~~~~~\n     128                              Vec4ui\n  >> 129    /p/vast1/koparasy/BUILD/spack_cluster_installer/quartz/ascent/spack",
        "id": 199413,
        "label": "dinos-error"
    },
    {
        "phase": "N/A",
        "source_file": "            e.h",
        "source_line_no": "5",
        "line_no": 789,
        "repeat_count": 0,
        "start": 783,
        "end": 796,
        "text": "e.h:53:26: error: 'Vector' does not name a type; did you mean 'Vec4",
        "pre_context": "            verride\n     123                              ^~~~~~\n     124                              scalbl\n  >> 125    /p/vast1/koparasy/BUILD/spack_cluster_installer/quartz/ascent/spack\n            _env_dir/linux-rhel7-broadwell/gcc-8.3.1/vtk-m-1.6.0-b77d27rzqzlu7f\n            mbn6ao6vzpnwkzwlib/include/vtkm-1.6/vtkm/cont/ImplicitFunctionHandl",
        "post_context": "            ui'?\n     126       VTKM_EXEC_CONT virtual Vector Gradient(const Vector& point) cons\n            t override\n     127                              ^~~~~~\n     128                              Vec4ui\n  >> 129    /p/vast1/koparasy/BUILD/spack_cluster_installer/quartz/ascent/spack",
        "id": 199437,
        "label": "dinos-error"
    },
    {
        "phase": "N/A",
        "source_file": "            e.h",
        "source_line_no": "5",
        "line_no": 764,
        "repeat_count": 0,
        "start": 758,
        "end": 771,
        "text": "e.h:53:26: error: 'Vector' does not name a type; did you mean 'Vec4",
        "pre_context": "            verride\n     122                              ^~~~~~\n     123                              scalbl\n  >> 124    /p/vast1/koparasy/BUILD/spack_cluster_installer/quartz/ascent/spack\n            _env_dir/linux-rhel7-broadwell/gcc-8.3.1/vtk-m-1.6.0-b77d27rzqzlu7f\n            mbn6ao6vzpnwkzwlib/include/vtkm-1.6/vtkm/cont/ImplicitFunctionHandl",
        "post_context": "            ui'?\n     125       VTKM_EXEC_CONT virtual Vector Gradient(const Vector& point) cons\n            t override\n     126                              ^~~~~~\n     127                              Vec4ui\n  >> 128    /p/vast1/koparasy/BUILD/spack_cluster_installer/quartz/ascent/spack",
        "id": 199494,
        "label": "dinos-error"
    },
    {
        "phase": "N/A",
        "source_file": "            e.h",
        "source_line_no": "5",
        "line_no": 788,
        "repeat_count": 0,
        "start": 782,
        "end": 795,
        "text": "e.h:53:26: error: 'Vector' does not name a type; did you mean 'Vec4",
        "pre_context": "            verride\n     123                              ^~~~~~\n     124                              scalbl\n  >> 125    /p/vast1/koparasy/BUILD/spack_cluster_installer/quartz/ascent/spack\n            _env_dir/linux-rhel7-broadwell/gcc-8.3.1/vtk-m-1.6.0-b77d27rzqzlu7f\n            mbn6ao6vzpnwkzwlib/include/vtkm-1.6/vtkm/cont/ImplicitFunctionHandl",
        "post_context": "            ui'?\n     126       VTKM_EXEC_CONT virtual Vector Gradient(const Vector& point) cons\n            t override\n     127                              ^~~~~~\n     128                              Vec4ui\n  >> 129    /p/vast1/koparasy/BUILD/spack_cluster_installer/quartz/ascent/spack",
        "id": 199521,
        "label": "dinos-error"
    },
    {
        "phase": "N/A",
        "source_file": "            e.h",
        "source_line_no": "5",
        "line_no": 788,
        "repeat_count": 0,
        "start": 782,
        "end": 795,
        "text": "e.h:53:26: error: 'Vector' does not name a type; did you mean 'Vec4",
        "pre_context": "            verride\n     123                              ^~~~~~\n     124                              scalbl\n  >> 125    /p/vast1/koparasy/BUILD/spack_cluster_installer/quartz/ascent/spack\n            _env_dir/linux-rhel7-broadwell/gcc-8.3.1/vtk-m-1.6.0-b77d27rzqzlu7f\n            mbn6ao6vzpnwkzwlib/include/vtkm-1.6/vtkm/cont/ImplicitFunctionHandl",
        "post_context": "            ui'?\n     126       VTKM_EXEC_CONT virtual Vector Gradient(const Vector& point) cons\n            t override\n     127                              ^~~~~~\n     128                              Vec4ui\n  >> 129    /p/vast1/koparasy/BUILD/spack_cluster_installer/quartz/ascent/spack",
        "id": 199560,
        "label": "dinos-error"
    },
    {
        "phase": "N/A",
        "source_file": "            e.h",
        "source_line_no": "5",
        "line_no": 764,
        "repeat_count": 0,
        "start": 758,
        "end": 771,
        "text": "e.h:53:26: error: 'Vector' does not name a type; did you mean 'Vec4",
        "pre_context": "            verride\n     123                              ^~~~~~\n     124                              scalbl\n  >> 125    /p/vast1/koparasy/BUILD/spack_cluster_installer/quartz/ascent/spack\n            _env_dir/linux-rhel7-broadwell/gcc-8.3.1/vtk-m-1.6.0-b77d27rzqzlu7f\n            mbn6ao6vzpnwkzwlib/include/vtkm-1.6/vtkm/cont/ImplicitFunctionHandl",
        "post_context": "            ui'?\n     126       VTKM_EXEC_CONT virtual Vector Gradient(const Vector& point) cons\n            t override\n     127                              ^~~~~~\n     128                              Vec4ui\n  >> 129    /p/vast1/koparasy/BUILD/spack_cluster_installer/quartz/ascent/spack",
        "id": 199586,
        "label": "dinos-error"
    },
    {
        "phase": "N/A",
        "source_file": "            e.h",
        "source_line_no": "5",
        "line_no": 768,
        "repeat_count": 0,
        "start": 762,
        "end": 775,
        "text": "e.h:53:26: error: 'Vector' does not name a type; did you mean 'Vec4",
        "pre_context": "            verride\n     121                              ^~~~~~\n     122                              scalbl\n  >> 123    /p/vast1/koparasy/BUILD/spack_cluster_installer/quartz/ascent/spack\n            _env_dir/linux-rhel7-broadwell/gcc-8.3.1/vtk-m-1.6.0-b77d27rzqzlu7f\n            mbn6ao6vzpnwkzwlib/include/vtkm-1.6/vtkm/cont/ImplicitFunctionHandl",
        "post_context": "            ui'?\n     124       VTKM_EXEC_CONT virtual Vector Gradient(const Vector& point) cons\n            t override\n     125                              ^~~~~~\n     126                              Vec4ui\n  >> 127    /p/vast1/koparasy/BUILD/spack_cluster_installer/quartz/ascent/spack",
        "id": 199616,
        "label": "dinos-error"
    },
    {
        "phase": "N/A",
        "source_file": "            e.h",
        "source_line_no": "5",
        "line_no": 788,
        "repeat_count": 0,
        "start": 782,
        "end": 795,
        "text": "e.h:53:26: error: 'Vector' does not name a type; did you mean 'Vec4",
        "pre_context": "            verride\n     125                              ^~~~~~\n     126                              scalbl\n  >> 127    /p/vast1/koparasy/BUILD/spack_cluster_installer/quartz/ascent/spack\n            _env_dir/linux-rhel7-broadwell/gcc-8.3.1/vtk-m-1.6.0-b77d27rzqzlu7f\n            mbn6ao6vzpnwkzwlib/include/vtkm-1.6/vtkm/cont/ImplicitFunctionHandl",
        "post_context": "            ui'?\n     128       VTKM_EXEC_CONT virtual Vector Gradient(const Vector& point) cons\n            t override\n     129                              ^~~~~~\n     130                              Vec4ui\n  >> 131    /p/vast1/koparasy/BUILD/spack_cluster_installer/quartz/ascent/spack",
        "id": 199649,
        "label": "dinos-error"
    },
    {
        "phase": "N/A",
        "source_file": "            e.h",
        "source_line_no": "5",
        "line_no": 788,
        "repeat_count": 0,
        "start": 782,
        "end": 795,
        "text": "e.h:53:26: error: 'Vector' does not name a type; did you mean 'Vec4",
        "pre_context": "            verride\n     120                              ^~~~~~\n     121                              scalbl\n  >> 122    /p/vast1/koparasy/BUILD/spack_cluster_installer/quartz/ascent/spack\n            _env_dir/linux-rhel7-broadwell/gcc-8.3.1/vtk-m-1.6.0-b77d27rzqzlu7f\n            mbn6ao6vzpnwkzwlib/include/vtkm-1.6/vtkm/cont/ImplicitFunctionHandl",
        "post_context": "            ui'?\n     123       VTKM_EXEC_CONT virtual Vector Gradient(const Vector& point) cons\n            t override\n     124                              ^~~~~~\n     125                              Vec4ui\n  >> 126    /p/vast1/koparasy/BUILD/spack_cluster_installer/quartz/ascent/spack",
        "id": 199703,
        "label": "dinos-error"
    },
    {
        "phase": "N/A",
        "source_file": "            e.h",
        "source_line_no": "5",
        "line_no": 788,
        "repeat_count": 0,
        "start": 782,
        "end": 795,
        "text": "e.h:53:26: error: 'Vector' does not name a type; did you mean 'Vec4",
        "pre_context": "            verride\n     125                              ^~~~~~\n     126                              scalbl\n  >> 127    /p/vast1/koparasy/BUILD/spack_cluster_installer/quartz/ascent/spack\n            _env_dir/linux-rhel7-broadwell/gcc-8.3.1/vtk-m-1.6.0-b77d27rzqzlu7f\n            mbn6ao6vzpnwkzwlib/include/vtkm-1.6/vtkm/cont/ImplicitFunctionHandl",
        "post_context": "            ui'?\n     128       VTKM_EXEC_CONT virtual Vector Gradient(const Vector& point) cons\n            t override\n     129                              ^~~~~~\n     130                              Vec4ui\n  >> 131    /p/vast1/koparasy/BUILD/spack_cluster_installer/quartz/ascent/spack",
        "id": 199746,
        "label": "dinos-error"
    },
    {
        "phase": "N/A",
        "source_file": "            e.h",
        "source_line_no": "5",
        "line_no": 698,
        "repeat_count": 0,
        "start": 692,
        "end": 705,
        "text": "e.h:53:26: error: 'Vector' does not name a type; did you mean 'Vec4",
        "pre_context": "            verride\n     121                              ^~~~~~\n     122                              scalbl\n  >> 123    /p/vast1/koparasy/BUILD/spack_cluster_installer/quartz/ascent/spack\n            _env_dir/linux-rhel7-broadwell/gcc-8.3.1/vtk-m-1.6.0-b77d27rzqzlu7f\n            mbn6ao6vzpnwkzwlib/include/vtkm-1.6/vtkm/cont/ImplicitFunctionHandl",
        "post_context": "            ui'?\n     124       VTKM_EXEC_CONT virtual Vector Gradient(const Vector& point) cons\n            t override\n     125                              ^~~~~~\n     126                              Vec4ui\n  >> 127    /p/vast1/koparasy/BUILD/spack_cluster_installer/quartz/ascent/spack",
        "id": 199777,
        "label": "dinos-error"
    },
    {
        "phase": "N/A",
        "source_file": "            e.h",
        "source_line_no": "5",
        "line_no": 788,
        "repeat_count": 0,
        "start": 782,
        "end": 795,
        "text": "e.h:53:26: error: 'Vector' does not name a type; did you mean 'Vec4",
        "pre_context": "            verride\n     123                              ^~~~~~\n     124                              scalbl\n  >> 125    /p/vast1/koparasy/BUILD/spack_cluster_installer/quartz/ascent/spack\n            _env_dir/linux-rhel7-broadwell/gcc-8.3.1/vtk-m-1.6.0-b77d27rzqzlu7f\n            mbn6ao6vzpnwkzwlib/include/vtkm-1.6/vtkm/cont/ImplicitFunctionHandl",
        "post_context": "            ui'?\n     126       VTKM_EXEC_CONT virtual Vector Gradient(const Vector& point) cons\n            t override\n     127                              ^~~~~~\n     128                              Vec4ui\n  >> 129    /p/vast1/koparasy/BUILD/spack_cluster_installer/quartz/ascent/spack",
        "id": 199810,
        "label": "dinos-error"
    },
    {
        "phase": "N/A",
        "source_file": "            e.h",
        "source_line_no": "5",
        "line_no": 788,
        "repeat_count": 0,
        "start": 782,
        "end": 795,
        "text": "e.h:53:26: error: 'Vector' does not name a type; did you mean 'Vec4",
        "pre_context": "            verride\n     123                              ^~~~~~\n     124                              scalbl\n  >> 125    /p/vast1/koparasy/BUILD/spack_cluster_installer/quartz/ascent/spack\n            _env_dir/linux-rhel7-broadwell/gcc-8.3.1/vtk-m-1.6.0-b77d27rzqzlu7f\n            mbn6ao6vzpnwkzwlib/include/vtkm-1.6/vtkm/cont/ImplicitFunctionHandl",
        "post_context": "            ui'?\n     126       VTKM_EXEC_CONT virtual Vector Gradient(const Vector& point) cons\n            t override\n     127                              ^~~~~~\n     128                              Vec4ui\n  >> 129    /p/vast1/koparasy/BUILD/spack_cluster_installer/quartz/ascent/spack",
        "id": 199852,
        "label": "dinos-error"
    },
    {
        "phase": "N/A",
        "source_file": "            e.h",
        "source_line_no": "5",
        "line_no": 788,
        "repeat_count": 0,
        "start": 782,
        "end": 795,
        "text": "e.h:53:26: error: 'Vector' does not name a type; did you mean 'Vec4",
        "pre_context": "            verride\n     123                              ^~~~~~\n     124                              scalbl\n  >> 125    /p/vast1/koparasy/BUILD/spack_cluster_installer/quartz/ascent/spack\n            _env_dir/linux-rhel7-broadwell/gcc-8.3.1/vtk-m-1.6.0-b77d27rzqzlu7f\n            mbn6ao6vzpnwkzwlib/include/vtkm-1.6/vtkm/cont/ImplicitFunctionHandl",
        "post_context": "            ui'?\n     126       VTKM_EXEC_CONT virtual Vector Gradient(const Vector& point) cons\n            t override\n     127                              ^~~~~~\n     128                              Vec4ui\n  >> 129    /p/vast1/koparasy/BUILD/spack_cluster_installer/quartz/ascent/spack",
        "id": 199921,
        "label": "dinos-error"
    },
    {
        "phase": "N/A",
        "source_file": "            e.h",
        "source_line_no": "5",
        "line_no": 769,
        "repeat_count": 0,
        "start": 763,
        "end": 776,
        "text": "e.h:53:26: error: 'Vector' does not name a type; did you mean 'Vec4",
        "pre_context": "            verride\n     133                              ^~~~~~\n     134                              scalbl\n  >> 135    /p/vast1/koparasy/BUILD/spack_cluster_installer/quartz/ascent/spack\n            _env_dir/linux-rhel7-broadwell/gcc-8.3.1/vtk-m-1.6.0-b77d27rzqzlu7f\n            mbn6ao6vzpnwkzwlib/include/vtkm-1.6/vtkm/cont/ImplicitFunctionHandl",
        "post_context": "            ui'?\n     136       VTKM_EXEC_CONT virtual Vector Gradient(const Vector& point) cons\n            t override\n     137                              ^~~~~~\n     138                              Vec4ui\n  >> 139    /p/vast1/koparasy/BUILD/spack_cluster_installer/quartz/ascent/spack",
        "id": 199954,
        "label": "dinos-error"
    },
    {
        "phase": "N/A",
        "source_file": "            e.h",
        "source_line_no": "5",
        "line_no": 697,
        "repeat_count": 0,
        "start": 691,
        "end": 704,
        "text": "e.h:53:26: error: 'Vector' does not name a type; did you mean 'Vec4",
        "pre_context": "            verride\n     121                              ^~~~~~\n     122                              scalbl\n  >> 123    /p/vast1/koparasy/BUILD/spack_cluster_installer/quartz/ascent/spack\n            _env_dir/linux-rhel7-broadwell/gcc-8.3.1/vtk-m-1.6.0-b77d27rzqzlu7f\n            mbn6ao6vzpnwkzwlib/include/vtkm-1.6/vtkm/cont/ImplicitFunctionHandl",
        "post_context": "            ui'?\n     124       VTKM_EXEC_CONT virtual Vector Gradient(const Vector& point) cons\n            t override\n     125                              ^~~~~~\n     126                              Vec4ui\n  >> 127    /p/vast1/koparasy/BUILD/spack_cluster_installer/quartz/ascent/spack",
        "id": 199991,
        "label": "dinos-error"
    },
    {
        "phase": "N/A",
        "source_file": "            e.h",
        "source_line_no": "5",
        "line_no": 764,
        "repeat_count": 0,
        "start": 758,
        "end": 771,
        "text": "e.h:53:26: error: 'Vector' does not name a type; did you mean 'Vec4",
        "pre_context": "            verride\n     125                              ^~~~~~\n     126                              scalbl\n  >> 127    /p/vast1/koparasy/BUILD/spack_cluster_installer/quartz/ascent/spack\n            _env_dir/linux-rhel7-broadwell/gcc-8.3.1/vtk-m-1.6.0-b77d27rzqzlu7f\n            mbn6ao6vzpnwkzwlib/include/vtkm-1.6/vtkm/cont/ImplicitFunctionHandl",
        "post_context": "            ui'?\n     128       VTKM_EXEC_CONT virtual Vector Gradient(const Vector& point) cons\n            t override\n     129                              ^~~~~~\n     130                              Vec4ui\n  >> 131    /p/vast1/koparasy/BUILD/spack_cluster_installer/quartz/ascent/spack",
        "id": 200024,
        "label": "dinos-error"
    },
    {
        "phase": "N/A",
        "source_file": "            e.h",
        "source_line_no": "5",
        "line_no": 764,
        "repeat_count": 0,
        "start": 758,
        "end": 771,
        "text": "e.h:53:26: error: 'Vector' does not name a type; did you mean 'Vec4",
        "pre_context": "            verride\n     125                              ^~~~~~\n     126                              scalbl\n  >> 127    /p/vast1/koparasy/BUILD/spack_cluster_installer/quartz/ascent/spack\n            _env_dir/linux-rhel7-broadwell/gcc-8.3.1/vtk-m-1.6.0-b77d27rzqzlu7f\n            mbn6ao6vzpnwkzwlib/include/vtkm-1.6/vtkm/cont/ImplicitFunctionHandl",
        "post_context": "            ui'?\n     128       VTKM_EXEC_CONT virtual Vector Gradient(const Vector& point) cons\n            t override\n     129                              ^~~~~~\n     130                              Vec4ui\n  >> 131    /p/vast1/koparasy/BUILD/spack_cluster_installer/quartz/ascent/spack",
        "id": 200060,
        "label": "dinos-error"
    },
    {
        "phase": "N/A",
        "source_file": "            e.h",
        "source_line_no": "5",
        "line_no": 764,
        "repeat_count": 0,
        "start": 758,
        "end": 771,
        "text": "e.h:53:26: error: 'Vector' does not name a type; did you mean 'Vec4",
        "pre_context": "            verride\n     125                              ^~~~~~\n     126                              scalbl\n  >> 127    /p/vast1/koparasy/BUILD/spack_cluster_installer/quartz/ascent/spack\n            _env_dir/linux-rhel7-broadwell/gcc-8.3.1/vtk-m-1.6.0-b77d27rzqzlu7f\n            mbn6ao6vzpnwkzwlib/include/vtkm-1.6/vtkm/cont/ImplicitFunctionHandl",
        "post_context": "            ui'?\n     128       VTKM_EXEC_CONT virtual Vector Gradient(const Vector& point) cons\n            t override\n     129                              ^~~~~~\n     130                              Vec4ui\n  >> 131    /p/vast1/koparasy/BUILD/spack_cluster_installer/quartz/ascent/spack",
        "id": 200093,
        "label": "dinos-error"
    },
    {
        "phase": "N/A",
        "source_file": "            e.h",
        "source_line_no": "5",
        "line_no": 764,
        "repeat_count": 0,
        "start": 758,
        "end": 771,
        "text": "e.h:53:26: error: 'Vector' does not name a type; did you mean 'Vec4",
        "pre_context": "            verride\n     125                              ^~~~~~\n     126                              scalbl\n  >> 127    /p/vast1/koparasy/BUILD/spack_cluster_installer/quartz/ascent/spack\n            _env_dir/linux-rhel7-broadwell/gcc-8.3.1/vtk-m-1.6.0-b77d27rzqzlu7f\n            mbn6ao6vzpnwkzwlib/include/vtkm-1.6/vtkm/cont/ImplicitFunctionHandl",
        "post_context": "            ui'?\n     128       VTKM_EXEC_CONT virtual Vector Gradient(const Vector& point) cons\n            t override\n     129                              ^~~~~~\n     130                              Vec4ui\n  >> 131    /p/vast1/koparasy/BUILD/spack_cluster_installer/quartz/ascent/spack",
        "id": 200130,
        "label": "dinos-error"
    },
    {
        "phase": "N/A",
        "source_file": "            e.h",
        "source_line_no": "5",
        "line_no": 764,
        "repeat_count": 0,
        "start": 758,
        "end": 771,
        "text": "e.h:53:26: error: 'Vector' does not name a type; did you mean 'Vec4",
        "pre_context": "            verride\n     125                              ^~~~~~\n     126                              scalbl\n  >> 127    /p/vast1/koparasy/BUILD/spack_cluster_installer/quartz/ascent/spack\n            _env_dir/linux-rhel7-broadwell/gcc-8.3.1/vtk-m-1.6.0-b77d27rzqzlu7f\n            mbn6ao6vzpnwkzwlib/include/vtkm-1.6/vtkm/cont/ImplicitFunctionHandl",
        "post_context": "            ui'?\n     128       VTKM_EXEC_CONT virtual Vector Gradient(const Vector& point) cons\n            t override\n     129                              ^~~~~~\n     130                              Vec4ui\n  >> 131    /p/vast1/koparasy/BUILD/spack_cluster_installer/quartz/ascent/spack",
        "id": 200166,
        "label": "dinos-error"
    },
    {
        "phase": "N/A",
        "source_file": "            e.h",
        "source_line_no": "5",
        "line_no": 771,
        "repeat_count": 0,
        "start": 765,
        "end": 778,
        "text": "e.h:53:26: error: 'Vector' does not name a type; did you mean 'Vec4",
        "pre_context": "            verride\n     127                              ^~~~~~\n     128                              scalbl\n  >> 129    /p/vast1/koparasy/BUILD/spack_cluster_installer/quartz/ascent/spack\n            _env_dir/linux-rhel7-broadwell/gcc-8.3.1/vtk-m-1.6.0-b77d27rzqzlu7f\n            mbn6ao6vzpnwkzwlib/include/vtkm-1.6/vtkm/cont/ImplicitFunctionHandl",
        "post_context": "            ui'?\n     130       VTKM_EXEC_CONT virtual Vector Gradient(const Vector& point) cons\n            t override\n     131                              ^~~~~~\n     132                              Vec4ui\n  >> 133    /p/vast1/koparasy/BUILD/spack_cluster_installer/quartz/ascent/spack",
        "id": 200207,
        "label": "dinos-error"
    },
    {
        "phase": "N/A",
        "source_file": "            e.h",
        "source_line_no": "5",
        "line_no": 788,
        "repeat_count": 0,
        "start": 782,
        "end": 795,
        "text": "e.h:53:26: error: 'Vector' does not name a type; did you mean 'Vec4",
        "pre_context": "            verride\n     123                              ^~~~~~\n     124                              scalbl\n  >> 125    /p/vast1/koparasy/BUILD/spack_cluster_installer/quartz/ascent/spack\n            _env_dir/linux-rhel7-broadwell/gcc-8.3.1/vtk-m-1.6.0-b77d27rzqzlu7f\n            mbn6ao6vzpnwkzwlib/include/vtkm-1.6/vtkm/cont/ImplicitFunctionHandl",
        "post_context": "            ui'?\n     126       VTKM_EXEC_CONT virtual Vector Gradient(const Vector& point) cons\n            t override\n     127                              ^~~~~~\n     128                              Vec4ui\n  >> 129    /p/vast1/koparasy/BUILD/spack_cluster_installer/quartz/ascent/spack",
        "id": 200244,
        "label": "dinos-error"
    },
    {
        "phase": "N/A",
        "source_file": "            e.h",
        "source_line_no": "5",
        "line_no": 764,
        "repeat_count": 0,
        "start": 758,
        "end": 771,
        "text": "e.h:53:26: error: 'Vector' does not name a type; did you mean 'Vec4",
        "pre_context": "            verride\n     123                              ^~~~~~\n     124                              scalbl\n  >> 125    /p/vast1/koparasy/BUILD/spack_cluster_installer/quartz/ascent/spack\n            _env_dir/linux-rhel7-broadwell/gcc-8.3.1/vtk-m-1.6.0-b77d27rzqzlu7f\n            mbn6ao6vzpnwkzwlib/include/vtkm-1.6/vtkm/cont/ImplicitFunctionHandl",
        "post_context": "            ui'?\n     126       VTKM_EXEC_CONT virtual Vector Gradient(const Vector& point) cons\n            t override\n     127                              ^~~~~~\n     128                              Vec4ui\n  >> 129    /p/vast1/koparasy/BUILD/spack_cluster_installer/quartz/ascent/spack",
        "id": 200280,
        "label": "dinos-error"
    },
    {
        "phase": "N/A",
        "source_file": "            e.h",
        "source_line_no": "5",
        "line_no": 788,
        "repeat_count": 0,
        "start": 782,
        "end": 795,
        "text": "e.h:53:26: error: 'Vector' does not name a type; did you mean 'Vec4",
        "pre_context": "            verride\n     120                              ^~~~~~\n     121                              scalbl\n  >> 122    /p/vast1/koparasy/BUILD/spack_cluster_installer/quartz/ascent/spack\n            _env_dir/linux-rhel7-broadwell/gcc-8.3.1/vtk-m-1.6.0-b77d27rzqzlu7f\n            mbn6ao6vzpnwkzwlib/include/vtkm-1.6/vtkm/cont/ImplicitFunctionHandl",
        "post_context": "            ui'?\n     123       VTKM_EXEC_CONT virtual Vector Gradient(const Vector& point) cons\n            t override\n     124                              ^~~~~~\n     125                              Vec4ui\n  >> 126    /p/vast1/koparasy/BUILD/spack_cluster_installer/quartz/ascent/spack",
        "id": 200322,
        "label": "dinos-error"
    },
    {
        "phase": "N/A",
        "source_file": "            e.h",
        "source_line_no": "5",
        "line_no": 761,
        "repeat_count": 0,
        "start": 755,
        "end": 768,
        "text": "e.h:53:26: error: 'Vector' does not name a type; did you mean 'Vec4",
        "pre_context": "            verride\n     122                              ^~~~~~\n     123                              scalbl\n  >> 124    /p/vast1/koparasy/BUILD/spack_cluster_installer/quartz/ascent/spack\n            _env_dir/linux-rhel7-broadwell/gcc-8.3.1/vtk-m-1.6.0-b77d27rzqzlu7f\n            mbn6ao6vzpnwkzwlib/include/vtkm-1.6/vtkm/cont/ImplicitFunctionHandl",
        "post_context": "            ui'?\n     125       VTKM_EXEC_CONT virtual Vector Gradient(const Vector& point) cons\n            t override\n     126                              ^~~~~~\n     127                              Vec4ui\n  >> 128    /p/vast1/koparasy/BUILD/spack_cluster_installer/quartz/ascent/spack",
        "id": 200349,
        "label": "dinos-error"
    },
    {
        "phase": "N/A",
        "source_file": "            e.h",
        "source_line_no": "5",
        "line_no": 687,
        "repeat_count": 0,
        "start": 681,
        "end": 694,
        "text": "e.h:53:26: error: 'Vector' does not name a type; did you mean 'Vec4",
        "pre_context": "            verride\n     120                              ^~~~~~\n     121                              scalbl\n  >> 122    /p/vast1/koparasy/BUILD/spack_cluster_installer/quartz/ascent/spack\n            _env_dir/linux-rhel7-broadwell/gcc-8.3.1/vtk-m-1.6.0-b77d27rzqzlu7f\n            mbn6ao6vzpnwkzwlib/include/vtkm-1.6/vtkm/cont/ImplicitFunctionHandl",
        "post_context": "            ui'?\n     123       VTKM_EXEC_CONT virtual Vector Gradient(const Vector& point) cons\n            t override\n     124                              ^~~~~~\n     125                              Vec4ui\n  >> 126    /p/vast1/koparasy/BUILD/spack_cluster_installer/quartz/ascent/spack",
        "id": 200385,
        "label": "dinos-error"
    },
    {
        "phase": "N/A",
        "source_file": "            e.h",
        "source_line_no": "5",
        "line_no": 672,
        "repeat_count": 0,
        "start": 666,
        "end": 679,
        "text": "e.h:53:26: error: 'Vector' does not name a type; did you mean 'Vec4",
        "pre_context": "            verride\n     133                              ^~~~~~\n     134                              scalbl\n  >> 135    /p/vast1/koparasy/BUILD/spack_cluster_installer/quartz/ascent/spack\n            _env_dir/linux-rhel7-broadwell/gcc-8.3.1/vtk-m-1.6.0-b77d27rzqzlu7f\n            mbn6ao6vzpnwkzwlib/include/vtkm-1.6/vtkm/cont/ImplicitFunctionHandl",
        "post_context": "            ui'?\n     136       VTKM_EXEC_CONT virtual Vector Gradient(const Vector& point) cons\n            t override\n     137                              ^~~~~~\n     138                              Vec4ui\n  >> 139    /p/vast1/koparasy/BUILD/spack_cluster_installer/quartz/ascent/spack",
        "id": 200424,
        "label": "dinos-error"
    },
    {
        "phase": "N/A",
        "source_file": "            e.h",
        "source_line_no": "5",
        "line_no": 788,
        "repeat_count": 0,
        "start": 782,
        "end": 795,
        "text": "e.h:53:26: error: 'Vector' does not name a type; did you mean 'Vec4",
        "pre_context": "            verride\n     120                              ^~~~~~\n     121                              scalbl\n  >> 122    /p/vast1/koparasy/BUILD/spack_cluster_installer/quartz/ascent/spack\n            _env_dir/linux-rhel7-broadwell/gcc-8.3.1/vtk-m-1.6.0-b77d27rzqzlu7f\n            mbn6ao6vzpnwkzwlib/include/vtkm-1.6/vtkm/cont/ImplicitFunctionHandl",
        "post_context": "            ui'?\n     123       VTKM_EXEC_CONT virtual Vector Gradient(const Vector& point) cons\n            t override\n     124                              ^~~~~~\n     125                              Vec4ui\n  >> 126    /p/vast1/koparasy/BUILD/spack_cluster_installer/quartz/ascent/spack",
        "id": 200502,
        "label": "dinos-error"
    },
    {
        "phase": "N/A",
        "source_file": "            e.h",
        "source_line_no": "5",
        "line_no": 691,
        "repeat_count": 0,
        "start": 685,
        "end": 698,
        "text": "e.h:53:26: error: 'Vector' does not name a type; did you mean 'Vec4",
        "pre_context": "            verride\n     120                              ^~~~~~\n     121                              scalbl\n  >> 122    /p/vast1/koparasy/BUILD/spack_cluster_installer/quartz/ascent/spack\n            _env_dir/linux-rhel7-broadwell/gcc-8.3.1/vtk-m-1.6.0-b77d27rzqzlu7f\n            mbn6ao6vzpnwkzwlib/include/vtkm-1.6/vtkm/cont/ImplicitFunctionHandl",
        "post_context": "            ui'?\n     123       VTKM_EXEC_CONT virtual Vector Gradient(const Vector& point) cons\n            t override\n     124                              ^~~~~~\n     125                              Vec4ui\n  >> 126    /p/vast1/koparasy/BUILD/spack_cluster_installer/quartz/ascent/spack",
        "id": 200546,
        "label": "dinos-error"
    },
    {
        "phase": "N/A",
        "source_file": "            e.h",
        "source_line_no": "5",
        "line_no": 768,
        "repeat_count": 0,
        "start": 762,
        "end": 775,
        "text": "e.h:53:26: error: 'Vector' does not name a type; did you mean 'Vec4",
        "pre_context": "            verride\n     133                              ^~~~~~\n     134                              scalbl\n  >> 135    /p/vast1/koparasy/BUILD/spack_cluster_installer/quartz/ascent/spack\n            _env_dir/linux-rhel7-broadwell/gcc-8.3.1/vtk-m-1.6.0-b77d27rzqzlu7f\n            mbn6ao6vzpnwkzwlib/include/vtkm-1.6/vtkm/cont/ImplicitFunctionHandl",
        "post_context": "            ui'?\n     136       VTKM_EXEC_CONT virtual Vector Gradient(const Vector& point) cons\n            t override\n     137                              ^~~~~~\n     138                              Vec4ui\n  >> 139    /p/vast1/koparasy/BUILD/spack_cluster_installer/quartz/ascent/spack",
        "id": 200582,
        "label": "dinos-error"
    },
    {
        "phase": "N/A",
        "source_file": "            e.h",
        "source_line_no": "5",
        "line_no": 768,
        "repeat_count": 0,
        "start": 762,
        "end": 775,
        "text": "e.h:53:26: error: 'Vector' does not name a type; did you mean 'Vec4",
        "pre_context": "            verride\n     121                              ^~~~~~\n     122                              scalbl\n  >> 123    /p/vast1/koparasy/BUILD/spack_cluster_installer/quartz/ascent/spack\n            _env_dir/linux-rhel7-broadwell/gcc-8.3.1/vtk-m-1.6.0-b77d27rzqzlu7f\n            mbn6ao6vzpnwkzwlib/include/vtkm-1.6/vtkm/cont/ImplicitFunctionHandl",
        "post_context": "            ui'?\n     124       VTKM_EXEC_CONT virtual Vector Gradient(const Vector& point) cons\n            t override\n     125                              ^~~~~~\n     126                              Vec4ui\n  >> 127    /p/vast1/koparasy/BUILD/spack_cluster_installer/quartz/ascent/spack",
        "id": 200617,
        "label": "dinos-error"
    },
    {
        "phase": "N/A",
        "source_file": "            e.h",
        "source_line_no": "5",
        "line_no": 794,
        "repeat_count": 0,
        "start": 788,
        "end": 801,
        "text": "e.h:53:26: error: 'Vector' does not name a type; did you mean 'Vec4",
        "pre_context": "            verride\n     133                              ^~~~~~\n     134                              scalbl\n  >> 135    /p/vast1/koparasy/BUILD/spack_cluster_installer/quartz/ascent/spack\n            _env_dir/linux-rhel7-broadwell/gcc-8.3.1/vtk-m-1.6.0-b77d27rzqzlu7f\n            mbn6ao6vzpnwkzwlib/include/vtkm-1.6/vtkm/cont/ImplicitFunctionHandl",
        "post_context": "            ui'?\n     136       VTKM_EXEC_CONT virtual Vector Gradient(const Vector& point) cons\n            t override\n     137                              ^~~~~~\n     138                              Vec4ui\n  >> 139    /p/vast1/koparasy/BUILD/spack_cluster_installer/quartz/ascent/spack",
        "id": 200641,
        "label": "dinos-error"
    },
    {
        "phase": "N/A",
        "source_file": "            e.h",
        "source_line_no": "5",
        "line_no": 788,
        "repeat_count": 0,
        "start": 782,
        "end": 795,
        "text": "e.h:53:26: error: 'Vector' does not name a type; did you mean 'Vec4",
        "pre_context": "            verride\n     123                              ^~~~~~\n     124                              scalbl\n  >> 125    /p/vast1/koparasy/BUILD/spack_cluster_installer/quartz/ascent/spack\n            _env_dir/linux-rhel7-broadwell/gcc-8.3.1/vtk-m-1.6.0-b77d27rzqzlu7f\n            mbn6ao6vzpnwkzwlib/include/vtkm-1.6/vtkm/cont/ImplicitFunctionHandl",
        "post_context": "            ui'?\n     126       VTKM_EXEC_CONT virtual Vector Gradient(const Vector& point) cons\n            t override\n     127                              ^~~~~~\n     128                              Vec4ui\n  >> 129    /p/vast1/koparasy/BUILD/spack_cluster_installer/quartz/ascent/spack",
        "id": 200679,
        "label": "dinos-error"
    },
    {
        "phase": "N/A",
        "source_file": "            e.h",
        "source_line_no": "5",
        "line_no": 764,
        "repeat_count": 0,
        "start": 758,
        "end": 771,
        "text": "e.h:53:26: error: 'Vector' does not name a type; did you mean 'Vec4",
        "pre_context": "            verride\n     125                              ^~~~~~\n     126                              scalbl\n  >> 127    /p/vast1/koparasy/BUILD/spack_cluster_installer/quartz/ascent/spack\n            _env_dir/linux-rhel7-broadwell/gcc-8.3.1/vtk-m-1.6.0-b77d27rzqzlu7f\n            mbn6ao6vzpnwkzwlib/include/vtkm-1.6/vtkm/cont/ImplicitFunctionHandl",
        "post_context": "            ui'?\n     128       VTKM_EXEC_CONT virtual Vector Gradient(const Vector& point) cons\n            t override\n     129                              ^~~~~~\n     130                              Vec4ui\n  >> 131    /p/vast1/koparasy/BUILD/spack_cluster_installer/quartz/ascent/spack",
        "id": 200703,
        "label": "dinos-error"
    },
    {
        "phase": "N/A",
        "source_file": "            e.h",
        "source_line_no": "5",
        "line_no": 792,
        "repeat_count": 0,
        "start": 786,
        "end": 799,
        "text": "e.h:53:26: error: 'Vector' does not name a type; did you mean 'Vec4",
        "pre_context": "            verride\n     122                              ^~~~~~\n     123                              scalbl\n  >> 124    /p/vast1/koparasy/BUILD/spack_cluster_installer/quartz/ascent/spack\n            _env_dir/linux-rhel7-broadwell/gcc-8.3.1/vtk-m-1.6.0-b77d27rzqzlu7f\n            mbn6ao6vzpnwkzwlib/include/vtkm-1.6/vtkm/cont/ImplicitFunctionHandl",
        "post_context": "            ui'?\n     125       VTKM_EXEC_CONT virtual Vector Gradient(const Vector& point) cons\n            t override\n     126                              ^~~~~~\n     127                              Vec4ui\n  >> 128    /p/vast1/koparasy/BUILD/spack_cluster_installer/quartz/ascent/spack",
        "id": 200746,
        "label": "dinos-error"
    },
    {
        "phase": "N/A",
        "source_file": "            e.h",
        "source_line_no": "5",
        "line_no": 794,
        "repeat_count": 0,
        "start": 788,
        "end": 801,
        "text": "e.h:53:26: error: 'Vector' does not name a type; did you mean 'Vec4",
        "pre_context": "            verride\n     133                              ^~~~~~\n     134                              scalbl\n  >> 135    /p/vast1/koparasy/BUILD/spack_cluster_installer/quartz/ascent/spack\n            _env_dir/linux-rhel7-broadwell/gcc-8.3.1/vtk-m-1.6.0-b77d27rzqzlu7f\n            mbn6ao6vzpnwkzwlib/include/vtkm-1.6/vtkm/cont/ImplicitFunctionHandl",
        "post_context": "            ui'?\n     136       VTKM_EXEC_CONT virtual Vector Gradient(const Vector& point) cons\n            t override\n     137                              ^~~~~~\n     138                              Vec4ui\n  >> 139    /p/vast1/koparasy/BUILD/spack_cluster_installer/quartz/ascent/spack",
        "id": 200782,
        "label": "dinos-error"
    },
    {
        "phase": "N/A",
        "source_file": "            e.h",
        "source_line_no": "5",
        "line_no": 795,
        "repeat_count": 0,
        "start": 789,
        "end": 802,
        "text": "e.h:53:26: error: 'Vector' does not name a type; did you mean 'Vec4",
        "pre_context": "            verride\n     133                              ^~~~~~\n     134                              scalbl\n  >> 135    /p/vast1/koparasy/BUILD/spack_cluster_installer/quartz/ascent/spack\n            _env_dir/linux-rhel7-broadwell/gcc-8.3.1/vtk-m-1.6.0-b77d27rzqzlu7f\n            mbn6ao6vzpnwkzwlib/include/vtkm-1.6/vtkm/cont/ImplicitFunctionHandl",
        "post_context": "            ui'?\n     136       VTKM_EXEC_CONT virtual Vector Gradient(const Vector& point) cons\n            t override\n     137                              ^~~~~~\n     138                              Vec4ui\n  >> 139    /p/vast1/koparasy/BUILD/spack_cluster_installer/quartz/ascent/spack",
        "id": 200815,
        "label": "dinos-error"
    },
    {
        "phase": "N/A",
        "source_file": "            e.h",
        "source_line_no": "5",
        "line_no": 788,
        "repeat_count": 0,
        "start": 782,
        "end": 795,
        "text": "e.h:53:26: error: 'Vector' does not name a type; did you mean 'Vec4",
        "pre_context": "            verride\n     123                              ^~~~~~\n     124                              scalbl\n  >> 125    /p/vast1/koparasy/BUILD/spack_cluster_installer/quartz/ascent/spack\n            _env_dir/linux-rhel7-broadwell/gcc-8.3.1/vtk-m-1.6.0-b77d27rzqzlu7f\n            mbn6ao6vzpnwkzwlib/include/vtkm-1.6/vtkm/cont/ImplicitFunctionHandl",
        "post_context": "            ui'?\n     126       VTKM_EXEC_CONT virtual Vector Gradient(const Vector& point) cons\n            t override\n     127                              ^~~~~~\n     128                              Vec4ui\n  >> 129    /p/vast1/koparasy/BUILD/spack_cluster_installer/quartz/ascent/spack",
        "id": 200848,
        "label": "dinos-error"
    },
    {
        "phase": "N/A",
        "source_file": "            e.h",
        "source_line_no": "5",
        "line_no": 765,
        "repeat_count": 0,
        "start": 759,
        "end": 772,
        "text": "e.h:53:26: error: 'Vector' does not name a type; did you mean 'Vec4",
        "pre_context": "            verride\n     118                              ^~~~~~\n     119                              scalbl\n  >> 120    /p/vast1/koparasy/BUILD/spack_cluster_installer/quartz/ascent/spack\n            _env_dir/linux-rhel7-broadwell/gcc-8.3.1/vtk-m-1.6.0-b77d27rzqzlu7f\n            mbn6ao6vzpnwkzwlib/include/vtkm-1.6/vtkm/cont/ImplicitFunctionHandl",
        "post_context": "            ui'?\n     121       VTKM_EXEC_CONT virtual Vector Gradient(const Vector& point) cons\n            t override\n     122                              ^~~~~~\n     123                              Vec4ui\n  >> 124    /p/vast1/koparasy/BUILD/spack_cluster_installer/quartz/ascent/spack",
        "id": 200916,
        "label": "dinos-error"
    },
    {
        "phase": "N/A",
        "source_file": "            e.h",
        "source_line_no": "5",
        "line_no": 794,
        "repeat_count": 0,
        "start": 788,
        "end": 801,
        "text": "e.h:53:26: error: 'Vector' does not name a type; did you mean 'Vec4",
        "pre_context": "            verride\n     133                              ^~~~~~\n     134                              scalbl\n  >> 135    /p/vast1/koparasy/BUILD/spack_cluster_installer/quartz/ascent/spack\n            _env_dir/linux-rhel7-broadwell/gcc-8.3.1/vtk-m-1.6.0-b77d27rzqzlu7f\n            mbn6ao6vzpnwkzwlib/include/vtkm-1.6/vtkm/cont/ImplicitFunctionHandl",
        "post_context": "            ui'?\n     136       VTKM_EXEC_CONT virtual Vector Gradient(const Vector& point) cons\n            t override\n     137                              ^~~~~~\n     138                              Vec4ui\n  >> 139    /p/vast1/koparasy/BUILD/spack_cluster_installer/quartz/ascent/spack",
        "id": 200947,
        "label": "dinos-error"
    },
    {
        "phase": "N/A",
        "source_file": "            e.h",
        "source_line_no": "5",
        "line_no": 794,
        "repeat_count": 0,
        "start": 788,
        "end": 801,
        "text": "e.h:53:26: error: 'Vector' does not name a type; did you mean 'Vec4",
        "pre_context": "            verride\n     121                              ^~~~~~\n     122                              scalbl\n  >> 123    /p/vast1/koparasy/BUILD/spack_cluster_installer/quartz/ascent/spack\n            _env_dir/linux-rhel7-broadwell/gcc-8.3.1/vtk-m-1.6.0-b77d27rzqzlu7f\n            mbn6ao6vzpnwkzwlib/include/vtkm-1.6/vtkm/cont/ImplicitFunctionHandl",
        "post_context": "            ui'?\n     124       VTKM_EXEC_CONT virtual Vector Gradient(const Vector& point) cons\n            t override\n     125                              ^~~~~~\n     126                              Vec4ui\n  >> 127    /p/vast1/koparasy/BUILD/spack_cluster_installer/quartz/ascent/spack",
        "id": 200980,
        "label": "dinos-error"
    },
    {
        "phase": "N/A",
        "source_file": "            e.h",
        "source_line_no": "5",
        "line_no": 765,
        "repeat_count": 0,
        "start": 759,
        "end": 772,
        "text": "e.h:53:26: error: 'Vector' does not name a type; did you mean 'Vec4",
        "pre_context": "            verride\n     118                              ^~~~~~\n     119                              scalbl\n  >> 120    /p/vast1/koparasy/BUILD/spack_cluster_installer/quartz/ascent/spack\n            _env_dir/linux-rhel7-broadwell/gcc-8.3.1/vtk-m-1.6.0-b77d27rzqzlu7f\n            mbn6ao6vzpnwkzwlib/include/vtkm-1.6/vtkm/cont/ImplicitFunctionHandl",
        "post_context": "            ui'?\n     121       VTKM_EXEC_CONT virtual Vector Gradient(const Vector& point) cons\n            t override\n     122                              ^~~~~~\n     123                              Vec4ui\n  >> 124    /p/vast1/koparasy/BUILD/spack_cluster_installer/quartz/ascent/spack",
        "id": 201023,
        "label": "dinos-error"
    },
    {
        "phase": "N/A",
        "source_file": "            e.h",
        "source_line_no": "5",
        "line_no": 764,
        "repeat_count": 0,
        "start": 758,
        "end": 771,
        "text": "e.h:53:26: error: 'Vector' does not name a type; did you mean 'Vec4",
        "pre_context": "            verride\n     123                              ^~~~~~\n     124                              scalbl\n  >> 125    /p/vast1/koparasy/BUILD/spack_cluster_installer/quartz/ascent/spack\n            _env_dir/linux-rhel7-broadwell/gcc-8.3.1/vtk-m-1.6.0-b77d27rzqzlu7f\n            mbn6ao6vzpnwkzwlib/include/vtkm-1.6/vtkm/cont/ImplicitFunctionHandl",
        "post_context": "            ui'?\n     126       VTKM_EXEC_CONT virtual Vector Gradient(const Vector& point) cons\n            t override\n     127                              ^~~~~~\n     128                              Vec4ui\n  >> 129    /p/vast1/koparasy/BUILD/spack_cluster_installer/quartz/ascent/spack",
        "id": 201053,
        "label": "dinos-error"
    },
    {
        "phase": "N/A",
        "source_file": "            e.h",
        "source_line_no": "5",
        "line_no": 788,
        "repeat_count": 0,
        "start": 782,
        "end": 795,
        "text": "e.h:53:26: error: 'Vector' does not name a type; did you mean 'Vec4",
        "pre_context": "            verride\n     123                              ^~~~~~\n     124                              scalbl\n  >> 125    /p/vast1/koparasy/BUILD/spack_cluster_installer/quartz/ascent/spack\n            _env_dir/linux-rhel7-broadwell/gcc-8.3.1/vtk-m-1.6.0-b77d27rzqzlu7f\n            mbn6ao6vzpnwkzwlib/include/vtkm-1.6/vtkm/cont/ImplicitFunctionHandl",
        "post_context": "            ui'?\n     126       VTKM_EXEC_CONT virtual Vector Gradient(const Vector& point) cons\n            t override\n     127                              ^~~~~~\n     128                              Vec4ui\n  >> 129    /p/vast1/koparasy/BUILD/spack_cluster_installer/quartz/ascent/spack",
        "id": 201090,
        "label": "dinos-error"
    },
    {
        "phase": "N/A",
        "source_file": "            e.h",
        "source_line_no": "5",
        "line_no": 764,
        "repeat_count": 0,
        "start": 758,
        "end": 771,
        "text": "e.h:53:26: error: 'Vector' does not name a type; did you mean 'Vec4",
        "pre_context": "            verride\n     120                              ^~~~~~\n     121                              scalbl\n  >> 122    /p/vast1/koparasy/BUILD/spack_cluster_installer/quartz/ascent/spack\n            _env_dir/linux-rhel7-broadwell/gcc-8.3.1/vtk-m-1.6.0-b77d27rzqzlu7f\n            mbn6ao6vzpnwkzwlib/include/vtkm-1.6/vtkm/cont/ImplicitFunctionHandl",
        "post_context": "            ui'?\n     123       VTKM_EXEC_CONT virtual Vector Gradient(const Vector& point) cons\n            t override\n     124                              ^~~~~~\n     125                              Vec4ui\n  >> 126    /p/vast1/koparasy/BUILD/spack_cluster_installer/quartz/ascent/spack",
        "id": 201123,
        "label": "dinos-error"
    },
    {
        "phase": "N/A",
        "source_file": "            e.h",
        "source_line_no": "5",
        "line_no": 764,
        "repeat_count": 0,
        "start": 758,
        "end": 771,
        "text": "e.h:53:26: error: 'Vector' does not name a type; did you mean 'Vec4",
        "pre_context": "            verride\n     123                              ^~~~~~\n     124                              scalbl\n  >> 125    /p/vast1/koparasy/BUILD/spack_cluster_installer/quartz/ascent/spack\n            _env_dir/linux-rhel7-broadwell/gcc-8.3.1/vtk-m-1.6.0-b77d27rzqzlu7f\n            mbn6ao6vzpnwkzwlib/include/vtkm-1.6/vtkm/cont/ImplicitFunctionHandl",
        "post_context": "            ui'?\n     126       VTKM_EXEC_CONT virtual Vector Gradient(const Vector& point) cons\n            t override\n     127                              ^~~~~~\n     128                              Vec4ui\n  >> 129    /p/vast1/koparasy/BUILD/spack_cluster_installer/quartz/ascent/spack",
        "id": 201167,
        "label": "dinos-error"
    },
    {
        "phase": "N/A",
        "source_file": "            e.h",
        "source_line_no": "5",
        "line_no": 764,
        "repeat_count": 0,
        "start": 758,
        "end": 771,
        "text": "e.h:53:26: error: 'Vector' does not name a type; did you mean 'Vec4",
        "pre_context": "            verride\n     122                              ^~~~~~\n     123                              scalbl\n  >> 124    /p/vast1/koparasy/BUILD/spack_cluster_installer/quartz/ascent/spack\n            _env_dir/linux-rhel7-broadwell/gcc-8.3.1/vtk-m-1.6.0-b77d27rzqzlu7f\n            mbn6ao6vzpnwkzwlib/include/vtkm-1.6/vtkm/cont/ImplicitFunctionHandl",
        "post_context": "            ui'?\n     125       VTKM_EXEC_CONT virtual Vector Gradient(const Vector& point) cons\n            t override\n     126                              ^~~~~~\n     127                              Vec4ui\n  >> 128    /p/vast1/koparasy/BUILD/spack_cluster_installer/quartz/ascent/spack",
        "id": 201195,
        "label": "dinos-error"
    },
    {
        "phase": "N/A",
        "source_file": "            e.h",
        "source_line_no": "5",
        "line_no": 692,
        "repeat_count": 0,
        "start": 686,
        "end": 699,
        "text": "e.h:53:26: error: 'Vector' does not name a type; did you mean 'Vec4",
        "pre_context": "            verride\n     123                              ^~~~~~\n     124                              scalbl\n  >> 125    /p/vast1/koparasy/BUILD/spack_cluster_installer/quartz/ascent/spack\n            _env_dir/linux-rhel7-broadwell/gcc-8.3.1/vtk-m-1.6.0-b77d27rzqzlu7f\n            mbn6ao6vzpnwkzwlib/include/vtkm-1.6/vtkm/cont/ImplicitFunctionHandl",
        "post_context": "            ui'?\n     126       VTKM_EXEC_CONT virtual Vector Gradient(const Vector& point) cons\n            t override\n     127                              ^~~~~~\n     128                              Vec4ui\n  >> 129    /p/vast1/koparasy/BUILD/spack_cluster_installer/quartz/ascent/spack",
        "id": 201231,
        "label": "dinos-error"
    },
    {
        "phase": "N/A",
        "source_file": "            e.h",
        "source_line_no": "5",
        "line_no": 769,
        "repeat_count": 0,
        "start": 763,
        "end": 776,
        "text": "e.h:53:26: error: 'Vector' does not name a type; did you mean 'Vec4",
        "pre_context": "            verride\n     121                              ^~~~~~\n     122                              scalbl\n  >> 123    /p/vast1/koparasy/BUILD/spack_cluster_installer/quartz/ascent/spack\n            _env_dir/linux-rhel7-broadwell/gcc-8.3.1/vtk-m-1.6.0-b77d27rzqzlu7f\n            mbn6ao6vzpnwkzwlib/include/vtkm-1.6/vtkm/cont/ImplicitFunctionHandl",
        "post_context": "            ui'?\n     124       VTKM_EXEC_CONT virtual Vector Gradient(const Vector& point) cons\n            t override\n     125                              ^~~~~~\n     126                              Vec4ui\n  >> 127    /p/vast1/koparasy/BUILD/spack_cluster_installer/quartz/ascent/spack",
        "id": 201255,
        "label": "dinos-error"
    },
    {
        "phase": "N/A",
        "source_file": "            e.h",
        "source_line_no": "5",
        "line_no": 794,
        "repeat_count": 0,
        "start": 788,
        "end": 801,
        "text": "e.h:53:26: error: 'Vector' does not name a type; did you mean 'Vec4",
        "pre_context": "            verride\n     133                              ^~~~~~\n     134                              scalbl\n  >> 135    /p/vast1/koparasy/BUILD/spack_cluster_installer/quartz/ascent/spack\n            _env_dir/linux-rhel7-broadwell/gcc-8.3.1/vtk-m-1.6.0-b77d27rzqzlu7f\n            mbn6ao6vzpnwkzwlib/include/vtkm-1.6/vtkm/cont/ImplicitFunctionHandl",
        "post_context": "            ui'?\n     136       VTKM_EXEC_CONT virtual Vector Gradient(const Vector& point) cons\n            t override\n     137                              ^~~~~~\n     138                              Vec4ui\n  >> 139    /p/vast1/koparasy/BUILD/spack_cluster_installer/quartz/ascent/spack",
        "id": 201288,
        "label": "dinos-error"
    },
    {
        "phase": "N/A",
        "source_file": "            e.h",
        "source_line_no": "5",
        "line_no": 663,
        "repeat_count": 0,
        "start": 657,
        "end": 670,
        "text": "e.h:53:26: error: 'Vector' does not name a type; did you mean 'Vec4",
        "pre_context": "            verride\n     118                              ^~~~~~\n     119                              scalbl\n  >> 120    /p/vast1/koparasy/BUILD/spack_cluster_installer/quartz/ascent/spack\n            _env_dir/linux-rhel7-broadwell/gcc-8.3.1/vtk-m-1.6.0-b77d27rzqzlu7f\n            mbn6ao6vzpnwkzwlib/include/vtkm-1.6/vtkm/cont/ImplicitFunctionHandl",
        "post_context": "            ui'?\n     121       VTKM_EXEC_CONT virtual Vector Gradient(const Vector& point) cons\n            t override\n     122                              ^~~~~~\n     123                              Vec4ui\n  >> 124    /p/vast1/koparasy/BUILD/spack_cluster_installer/quartz/ascent/spack",
        "id": 201321,
        "label": "dinos-error"
    },
    {
        "phase": "N/A",
        "source_file": "            e.h",
        "source_line_no": "5",
        "line_no": 768,
        "repeat_count": 0,
        "start": 762,
        "end": 775,
        "text": "e.h:53:26: error: 'Vector' does not name a type; did you mean 'Vec4",
        "pre_context": "            verride\n     130                              ^~~~~~\n     131                              scalbl\n  >> 132    /p/vast1/koparasy/BUILD/spack_cluster_installer/quartz/ascent/spack\n            _env_dir/linux-rhel7-broadwell/gcc-8.3.1/vtk-m-1.6.0-b77d27rzqzlu7f\n            mbn6ao6vzpnwkzwlib/include/vtkm-1.6/vtkm/cont/ImplicitFunctionHandl",
        "post_context": "            ui'?\n     133       VTKM_EXEC_CONT virtual Vector Gradient(const Vector& point) cons\n            t override\n     134                              ^~~~~~\n     135                              Vec4ui\n  >> 136    /p/vast1/koparasy/BUILD/spack_cluster_installer/quartz/ascent/spack",
        "id": 201357,
        "label": "dinos-error"
    },
    {
        "phase": "N/A",
        "source_file": "            e.h",
        "source_line_no": "5",
        "line_no": 788,
        "repeat_count": 0,
        "start": 782,
        "end": 795,
        "text": "e.h:53:26: error: 'Vector' does not name a type; did you mean 'Vec4",
        "pre_context": "            verride\n     123                              ^~~~~~\n     124                              scalbl\n  >> 125    /p/vast1/koparasy/BUILD/spack_cluster_installer/quartz/ascent/spack\n            _env_dir/linux-rhel7-broadwell/gcc-8.3.1/vtk-m-1.6.0-b77d27rzqzlu7f\n            mbn6ao6vzpnwkzwlib/include/vtkm-1.6/vtkm/cont/ImplicitFunctionHandl",
        "post_context": "            ui'?\n     126       VTKM_EXEC_CONT virtual Vector Gradient(const Vector& point) cons\n            t override\n     127                              ^~~~~~\n     128                              Vec4ui\n  >> 129    /p/vast1/koparasy/BUILD/spack_cluster_installer/quartz/ascent/spack",
        "id": 201397,
        "label": "dinos-error"
    },
    {
        "phase": "N/A",
        "source_file": "            e.h",
        "source_line_no": "5",
        "line_no": 788,
        "repeat_count": 0,
        "start": 782,
        "end": 795,
        "text": "e.h:53:26: error: 'Vector' does not name a type; did you mean 'Vec4",
        "pre_context": "            verride\n     123                              ^~~~~~\n     124                              scalbl\n  >> 125    /p/vast1/koparasy/BUILD/spack_cluster_installer/quartz/ascent/spack\n            _env_dir/linux-rhel7-broadwell/gcc-8.3.1/vtk-m-1.6.0-b77d27rzqzlu7f\n            mbn6ao6vzpnwkzwlib/include/vtkm-1.6/vtkm/cont/ImplicitFunctionHandl",
        "post_context": "            ui'?\n     126       VTKM_EXEC_CONT virtual Vector Gradient(const Vector& point) cons\n            t override\n     127                              ^~~~~~\n     128                              Vec4ui\n  >> 129    /p/vast1/koparasy/BUILD/spack_cluster_installer/quartz/ascent/spack",
        "id": 201438,
        "label": "dinos-error"
    },
    {
        "phase": "N/A",
        "source_file": "            e.h",
        "source_line_no": "5",
        "line_no": 768,
        "repeat_count": 0,
        "start": 762,
        "end": 775,
        "text": "e.h:53:26: error: 'Vector' does not name a type; did you mean 'Vec4",
        "pre_context": "            verride\n     133                              ^~~~~~\n     134                              scalbl\n  >> 135    /p/vast1/koparasy/BUILD/spack_cluster_installer/quartz/ascent/spack\n            _env_dir/linux-rhel7-broadwell/gcc-8.3.1/vtk-m-1.6.0-b77d27rzqzlu7f\n            mbn6ao6vzpnwkzwlib/include/vtkm-1.6/vtkm/cont/ImplicitFunctionHandl",
        "post_context": "            ui'?\n     136       VTKM_EXEC_CONT virtual Vector Gradient(const Vector& point) cons\n            t override\n     137                              ^~~~~~\n     138                              Vec4ui\n  >> 139    /p/vast1/koparasy/BUILD/spack_cluster_installer/quartz/ascent/spack",
        "id": 201478,
        "label": "dinos-error"
    },
    {
        "phase": "N/A",
        "source_file": "            e.h",
        "source_line_no": "5",
        "line_no": 769,
        "repeat_count": 0,
        "start": 763,
        "end": 776,
        "text": "e.h:53:26: error: 'Vector' does not name a type; did you mean 'Vec4",
        "pre_context": "            verride\n     133                              ^~~~~~\n     134                              scalbl\n  >> 135    /p/vast1/koparasy/BUILD/spack_cluster_installer/quartz/ascent/spack\n            _env_dir/linux-rhel7-broadwell/gcc-8.3.1/vtk-m-1.6.0-b77d27rzqzlu7f\n            mbn6ao6vzpnwkzwlib/include/vtkm-1.6/vtkm/cont/ImplicitFunctionHandl",
        "post_context": "            ui'?\n     136       VTKM_EXEC_CONT virtual Vector Gradient(const Vector& point) cons\n            t override\n     137                              ^~~~~~\n     138                              Vec4ui\n  >> 139    /p/vast1/koparasy/BUILD/spack_cluster_installer/quartz/ascent/spack",
        "id": 201502,
        "label": "dinos-error"
    },
    {
        "phase": "N/A",
        "source_file": "            e.h",
        "source_line_no": "5",
        "line_no": 768,
        "repeat_count": 0,
        "start": 762,
        "end": 775,
        "text": "e.h:53:26: error: 'Vector' does not name a type; did you mean 'Vec4",
        "pre_context": "            verride\n     133                              ^~~~~~\n     134                              scalbl\n  >> 135    /p/vast1/koparasy/BUILD/spack_cluster_installer/quartz/ascent/spack\n            _env_dir/linux-rhel7-broadwell/gcc-8.3.1/vtk-m-1.6.0-b77d27rzqzlu7f\n            mbn6ao6vzpnwkzwlib/include/vtkm-1.6/vtkm/cont/ImplicitFunctionHandl",
        "post_context": "            ui'?\n     136       VTKM_EXEC_CONT virtual Vector Gradient(const Vector& point) cons\n            t override\n     137                              ^~~~~~\n     138                              Vec4ui\n  >> 139    /p/vast1/koparasy/BUILD/spack_cluster_installer/quartz/ascent/spack",
        "id": 201538,
        "label": "dinos-error"
    }
]