[
    {
        "id": 14235,
        "phase": 43912,
        "source_file": "/tmp/root/spack-stage/spack-stage-flux-core-0.15.0-gcjhr5pbatdrq2twomcbiqbk4duibgsb/spack-src/src/shell/builtins.c",
        "source_line_no": 2,
        "line_no": 1513,
        "repeat_count": 0,
        "start": 1507,
        "end": 1520,
        "text": "/tmp/root/spack-stage/spack-stage-flux-core-0.15.0-gcjhr5pbatdrq2twomcbiqbk4duibgsb/spack-src/src/shell/builtins.c:23:52: error: missing field 'validate' initializer [-Werror,-Wmissing-field-initializers]",
        "pre_context": "depbase=`echo rc.o | sed 's|[^/]*$|.deps/&|;s|\\.o$||'`;\\\n/opt/spack/lib/spack/env/clang/clang -DHAVE_CONFIG_H -I. -I/tmp/root/spack-stage/spack-stage-flux-core-0.15.0-gcjhr5pbatdrq2twomcbiqbk4duibgsb/spack-src/src/shell -I../../config  -I/tmp/root/spack-stage/spack-stage-flux-core-0.15.0-gcjhr5pbatdrq2twomcbiqbk4duibgsb/spack-src -I/tmp/root/spack-stage/spack-stage-flux-core-0.15.0-gcjhr5pbatdrq2twomcbiqbk4duibgsb/spack-src/src/include -I../../src/common/libflux -I/opt/spack/opt/spack/linux-centos7-x86_64/clang-3.4.2/czmq-4.1.1-y4w7ljveixwjlscsacqeajln2d2puhas/include -I/opt/spack/opt/spack/linux-centos7-x86_64/clang-3.4.2/libzmq-4.3.3-3y72pddnbs76ixhvmpq52evvtjaj6hlq/include -I/opt/spack/opt/spack/linux-centos7-x86_64/clang-3.4.2/libsodium-1.0.18-qieo5z5xpj2bernx3iaeuhvqigyhy7ak/include -I/opt/spack/opt/spack/linux-centos7-x86_64/clang-3.4.2/libbsd-0.11.3-7uupkr4bfo35toda245pf7ohtseowhhc/include      -Wall -Werror -Werror=missing-field-initializers -Wno-strict-aliasing -Wno-error=deprecated-declarations  -g -O2 -MT rc.o -MD -MP -MF $depbase.Tpo -c -o rc.o /tmp/root/spack-stage/spack-stage-flux-core-0.15.0-gcjhr5pbatdrq2twomcbiqbk4duibgsb/spack-src/src/shell/rc.c &&\\\nmv -f $depbase.Tpo $depbase.Po\ndepbase=`echo builtins.o | sed 's|[^/]*$|.deps/&|;s|\\.o$||'`;\\\n/opt/spack/lib/spack/env/clang/clang -DHAVE_CONFIG_H -I. -I/tmp/root/spack-stage/spack-stage-flux-core-0.15.0-gcjhr5pbatdrq2twomcbiqbk4duibgsb/spack-src/src/shell -I../../config  -I/tmp/root/spack-stage/spack-stage-flux-core-0.15.0-gcjhr5pbatdrq2twomcbiqbk4duibgsb/spack-src -I/tmp/root/spack-stage/spack-stage-flux-core-0.15.0-gcjhr5pbatdrq2twomcbiqbk4duibgsb/spack-src/src/include -I../../src/common/libflux -I/opt/spack/opt/spack/linux-centos7-x86_64/clang-3.4.2/czmq-4.1.1-y4w7ljveixwjlscsacqeajln2d2puhas/include -I/opt/spack/opt/spack/linux-centos7-x86_64/clang-3.4.2/libzmq-4.3.3-3y72pddnbs76ixhvmpq52evvtjaj6hlq/include -I/opt/spack/opt/spack/linux-centos7-x86_64/clang-3.4.2/libsodium-1.0.18-qieo5z5xpj2bernx3iaeuhvqigyhy7ak/include -I/opt/spack/opt/spack/linux-centos7-x86_64/clang-3.4.2/libbsd-0.11.3-7uupkr4bfo35toda245pf7ohtseowhhc/include      -Wall -Werror -Werror=missing-field-initializers -Wno-strict-aliasing -Wno-error=deprecated-declarations  -g -O2 -MT builtins.o -MD -MP -MF $depbase.Tpo -c -o builtins.o /tmp/root/spack-stage/spack-stage-flux-core-0.15.0-gcjhr5pbatdrq2twomcbiqbk4duibgsb/spack-src/src/shell/builtins.c &&\\\nmv -f $depbase.Tpo $depbase.Po",
        "post_context": "static struct shell_builtin builtin_list_end = { 0 };\n                                                   ^\n1 error generated.\nmake[2]: *** [builtins.o] Error 1\nmake[2]: *** Waiting for unfinished jobs....\nmake[2]: Leaving directory `/tmp/root/spack-stage/spack-stage-flux-core-0.15.0-gcjhr5pbatdrq2twomcbiqbk4duibgsb/spack-src/spack-build/src/shell'",
        "add_date": "2022-02-03T08:13:33.348284Z",
        "modify_date": "2022-02-03T08:13:33.348329Z",
        "label": "build-error",
        "spack-monitor-label": "error"
    },
    {
        "id": 14256,
        "phase": 44889,
        "source_file": "/tmp/root/spack-stage/spack-stage-flux-core-0.15.0-dx6s4cpurrgrlzgoficl2ldrxisyhzn5/spack-src/src/shell/builtins.c",
        "source_line_no": 2,
        "line_no": 1537,
        "repeat_count": 0,
        "start": 1531,
        "end": 1544,
        "text": "/tmp/root/spack-stage/spack-stage-flux-core-0.15.0-dx6s4cpurrgrlzgoficl2ldrxisyhzn5/spack-src/src/shell/builtins.c:23:52: error: missing field 'validate' initializer [-Werror,-Wmissing-field-initializers]",
        "pre_context": "depbase=`echo rc.o | sed 's|[^/]*$|.deps/&|;s|\\.o$||'`;\\\n/opt/spack/lib/spack/env/clang/clang -DHAVE_CONFIG_H -I. -I/tmp/root/spack-stage/spack-stage-flux-core-0.15.0-dx6s4cpurrgrlzgoficl2ldrxisyhzn5/spack-src/src/shell -I../../config  -I/tmp/root/spack-stage/spack-stage-flux-core-0.15.0-dx6s4cpurrgrlzgoficl2ldrxisyhzn5/spack-src -I/tmp/root/spack-stage/spack-stage-flux-core-0.15.0-dx6s4cpurrgrlzgoficl2ldrxisyhzn5/spack-src/src/include -I../../src/common/libflux -I/opt/spack/opt/spack/linux-debian9-x86_64/clang-3.8.1/czmq-4.1.1-eagl4qoxuvczc62xn33poqi2uv6h3qi4/include -I/opt/spack/opt/spack/linux-debian9-x86_64/clang-3.8.1/libzmq-4.3.3-hytymoo6hheredl373zmldqwh5xhnl3e/include -I/opt/spack/opt/spack/linux-debian9-x86_64/clang-3.8.1/libsodium-1.0.18-3yhpq2on4d6lfnk6h5zu2v3lg7x23z6w/include -I/opt/spack/opt/spack/linux-debian9-x86_64/clang-3.8.1/libbsd-0.11.3-fhm7gfuf2l6cp7f7couniuguekspml73/include      -Wall -Werror -Werror=missing-field-initializers -Wno-strict-aliasing -Wno-error=deprecated-declarations  -g -O2 -MT rc.o -MD -MP -MF $depbase.Tpo -c -o rc.o /tmp/root/spack-stage/spack-stage-flux-core-0.15.0-dx6s4cpurrgrlzgoficl2ldrxisyhzn5/spack-src/src/shell/rc.c &&\\\nmv -f $depbase.Tpo $depbase.Po\ndepbase=`echo builtins.o | sed 's|[^/]*$|.deps/&|;s|\\.o$||'`;\\\n/opt/spack/lib/spack/env/clang/clang -DHAVE_CONFIG_H -I. -I/tmp/root/spack-stage/spack-stage-flux-core-0.15.0-dx6s4cpurrgrlzgoficl2ldrxisyhzn5/spack-src/src/shell -I../../config  -I/tmp/root/spack-stage/spack-stage-flux-core-0.15.0-dx6s4cpurrgrlzgoficl2ldrxisyhzn5/spack-src -I/tmp/root/spack-stage/spack-stage-flux-core-0.15.0-dx6s4cpurrgrlzgoficl2ldrxisyhzn5/spack-src/src/include -I../../src/common/libflux -I/opt/spack/opt/spack/linux-debian9-x86_64/clang-3.8.1/czmq-4.1.1-eagl4qoxuvczc62xn33poqi2uv6h3qi4/include -I/opt/spack/opt/spack/linux-debian9-x86_64/clang-3.8.1/libzmq-4.3.3-hytymoo6hheredl373zmldqwh5xhnl3e/include -I/opt/spack/opt/spack/linux-debian9-x86_64/clang-3.8.1/libsodium-1.0.18-3yhpq2on4d6lfnk6h5zu2v3lg7x23z6w/include -I/opt/spack/opt/spack/linux-debian9-x86_64/clang-3.8.1/libbsd-0.11.3-fhm7gfuf2l6cp7f7couniuguekspml73/include      -Wall -Werror -Werror=missing-field-initializers -Wno-strict-aliasing -Wno-error=deprecated-declarations  -g -O2 -MT builtins.o -MD -MP -MF $depbase.Tpo -c -o builtins.o /tmp/root/spack-stage/spack-stage-flux-core-0.15.0-dx6s4cpurrgrlzgoficl2ldrxisyhzn5/spack-src/src/shell/builtins.c &&\\\nmv -f $depbase.Tpo $depbase.Po",
        "post_context": "static struct shell_builtin builtin_list_end = { 0 };\n                                                   ^\n1 error generated.\nMakefile:1213: recipe for target 'builtins.o' failed\nmake[2]: *** [builtins.o] Error 1\nmake[2]: *** Waiting for unfinished jobs....",
        "add_date": "2022-02-03T08:27:57.669090Z",
        "modify_date": "2022-02-03T08:27:57.669137Z",
        "label": "build-error",
        "spack-monitor-label": "error"
    },
    {
        "id": 14295,
        "phase": 46184,
        "source_file": "/tmp/root/spack-stage/spack-stage-flux-core-0.15.0-dx6s4cpurrgrlzgoficl2ldrxisyhzn5/spack-src/src/shell/builtins.c",
        "source_line_no": 2,
        "line_no": 1537,
        "repeat_count": 0,
        "start": 1531,
        "end": 1544,
        "text": "/tmp/root/spack-stage/spack-stage-flux-core-0.15.0-dx6s4cpurrgrlzgoficl2ldrxisyhzn5/spack-src/src/shell/builtins.c:23:52: error: missing field 'validate' initializer [-Werror,-Wmissing-field-initializers]",
        "pre_context": "depbase=`echo rc.o | sed 's|[^/]*$|.deps/&|;s|\\.o$||'`;\\\n/opt/spack/lib/spack/env/clang/clang -DHAVE_CONFIG_H -I. -I/tmp/root/spack-stage/spack-stage-flux-core-0.15.0-dx6s4cpurrgrlzgoficl2ldrxisyhzn5/spack-src/src/shell -I../../config  -I/tmp/root/spack-stage/spack-stage-flux-core-0.15.0-dx6s4cpurrgrlzgoficl2ldrxisyhzn5/spack-src -I/tmp/root/spack-stage/spack-stage-flux-core-0.15.0-dx6s4cpurrgrlzgoficl2ldrxisyhzn5/spack-src/src/include -I../../src/common/libflux -I/opt/spack/opt/spack/linux-debian9-x86_64/clang-3.8.1/czmq-4.1.1-eagl4qoxuvczc62xn33poqi2uv6h3qi4/include -I/opt/spack/opt/spack/linux-debian9-x86_64/clang-3.8.1/libzmq-4.3.3-hytymoo6hheredl373zmldqwh5xhnl3e/include -I/opt/spack/opt/spack/linux-debian9-x86_64/clang-3.8.1/libsodium-1.0.18-3yhpq2on4d6lfnk6h5zu2v3lg7x23z6w/include -I/opt/spack/opt/spack/linux-debian9-x86_64/clang-3.8.1/libbsd-0.11.3-fhm7gfuf2l6cp7f7couniuguekspml73/include      -Wall -Werror -Werror=missing-field-initializers -Wno-strict-aliasing -Wno-error=deprecated-declarations  -g -O2 -MT rc.o -MD -MP -MF $depbase.Tpo -c -o rc.o /tmp/root/spack-stage/spack-stage-flux-core-0.15.0-dx6s4cpurrgrlzgoficl2ldrxisyhzn5/spack-src/src/shell/rc.c &&\\\nmv -f $depbase.Tpo $depbase.Po\ndepbase=`echo builtins.o | sed 's|[^/]*$|.deps/&|;s|\\.o$||'`;\\\n/opt/spack/lib/spack/env/clang/clang -DHAVE_CONFIG_H -I. -I/tmp/root/spack-stage/spack-stage-flux-core-0.15.0-dx6s4cpurrgrlzgoficl2ldrxisyhzn5/spack-src/src/shell -I../../config  -I/tmp/root/spack-stage/spack-stage-flux-core-0.15.0-dx6s4cpurrgrlzgoficl2ldrxisyhzn5/spack-src -I/tmp/root/spack-stage/spack-stage-flux-core-0.15.0-dx6s4cpurrgrlzgoficl2ldrxisyhzn5/spack-src/src/include -I../../src/common/libflux -I/opt/spack/opt/spack/linux-debian9-x86_64/clang-3.8.1/czmq-4.1.1-eagl4qoxuvczc62xn33poqi2uv6h3qi4/include -I/opt/spack/opt/spack/linux-debian9-x86_64/clang-3.8.1/libzmq-4.3.3-hytymoo6hheredl373zmldqwh5xhnl3e/include -I/opt/spack/opt/spack/linux-debian9-x86_64/clang-3.8.1/libsodium-1.0.18-3yhpq2on4d6lfnk6h5zu2v3lg7x23z6w/include -I/opt/spack/opt/spack/linux-debian9-x86_64/clang-3.8.1/libbsd-0.11.3-fhm7gfuf2l6cp7f7couniuguekspml73/include      -Wall -Werror -Werror=missing-field-initializers -Wno-strict-aliasing -Wno-error=deprecated-declarations  -g -O2 -MT builtins.o -MD -MP -MF $depbase.Tpo -c -o builtins.o /tmp/root/spack-stage/spack-stage-flux-core-0.15.0-dx6s4cpurrgrlzgoficl2ldrxisyhzn5/spack-src/src/shell/builtins.c &&\\\nmv -f $depbase.Tpo $depbase.Po",
        "post_context": "static struct shell_builtin builtin_list_end = { 0 };\n                                                   ^\n1 error generated.\nMakefile:1213: recipe for target 'builtins.o' failed\nmake[2]: *** [builtins.o] Error 1\nmake[2]: *** Waiting for unfinished jobs....",
        "add_date": "2022-02-03T08:39:56.033848Z",
        "modify_date": "2022-02-03T08:39:56.033896Z",
        "label": "build-error",
        "spack-monitor-label": "error"
    },
    {
        "id": 14235,
        "phase": 43912,
        "source_file": "/tmp/root/spack-stage/spack-stage-flux-core-0.15.0-gcjhr5pbatdrq2twomcbiqbk4duibgsb/spack-src/src/shell/builtins.c",
        "source_line_no": 2,
        "line_no": 1513,
        "repeat_count": 0,
        "start": 1507,
        "end": 1520,
        "text": "/tmp/root/spack-stage/spack-stage-flux-core-0.15.0-gcjhr5pbatdrq2twomcbiqbk4duibgsb/spack-src/src/shell/builtins.c:23:52: error: missing field 'validate' initializer [-Werror,-Wmissing-field-initializers]",
        "pre_context": "depbase=`echo rc.o | sed 's|[^/]*$|.deps/&|;s|\\.o$||'`;\\\n/opt/spack/lib/spack/env/clang/clang -DHAVE_CONFIG_H -I. -I/tmp/root/spack-stage/spack-stage-flux-core-0.15.0-gcjhr5pbatdrq2twomcbiqbk4duibgsb/spack-src/src/shell -I../../config  -I/tmp/root/spack-stage/spack-stage-flux-core-0.15.0-gcjhr5pbatdrq2twomcbiqbk4duibgsb/spack-src -I/tmp/root/spack-stage/spack-stage-flux-core-0.15.0-gcjhr5pbatdrq2twomcbiqbk4duibgsb/spack-src/src/include -I../../src/common/libflux -I/opt/spack/opt/spack/linux-centos7-x86_64/clang-3.4.2/czmq-4.1.1-y4w7ljveixwjlscsacqeajln2d2puhas/include -I/opt/spack/opt/spack/linux-centos7-x86_64/clang-3.4.2/libzmq-4.3.3-3y72pddnbs76ixhvmpq52evvtjaj6hlq/include -I/opt/spack/opt/spack/linux-centos7-x86_64/clang-3.4.2/libsodium-1.0.18-qieo5z5xpj2bernx3iaeuhvqigyhy7ak/include -I/opt/spack/opt/spack/linux-centos7-x86_64/clang-3.4.2/libbsd-0.11.3-7uupkr4bfo35toda245pf7ohtseowhhc/include      -Wall -Werror -Werror=missing-field-initializers -Wno-strict-aliasing -Wno-error=deprecated-declarations  -g -O2 -MT rc.o -MD -MP -MF $depbase.Tpo -c -o rc.o /tmp/root/spack-stage/spack-stage-flux-core-0.15.0-gcjhr5pbatdrq2twomcbiqbk4duibgsb/spack-src/src/shell/rc.c &&\\\nmv -f $depbase.Tpo $depbase.Po\ndepbase=`echo builtins.o | sed 's|[^/]*$|.deps/&|;s|\\.o$||'`;\\\n/opt/spack/lib/spack/env/clang/clang -DHAVE_CONFIG_H -I. -I/tmp/root/spack-stage/spack-stage-flux-core-0.15.0-gcjhr5pbatdrq2twomcbiqbk4duibgsb/spack-src/src/shell -I../../config  -I/tmp/root/spack-stage/spack-stage-flux-core-0.15.0-gcjhr5pbatdrq2twomcbiqbk4duibgsb/spack-src -I/tmp/root/spack-stage/spack-stage-flux-core-0.15.0-gcjhr5pbatdrq2twomcbiqbk4duibgsb/spack-src/src/include -I../../src/common/libflux -I/opt/spack/opt/spack/linux-centos7-x86_64/clang-3.4.2/czmq-4.1.1-y4w7ljveixwjlscsacqeajln2d2puhas/include -I/opt/spack/opt/spack/linux-centos7-x86_64/clang-3.4.2/libzmq-4.3.3-3y72pddnbs76ixhvmpq52evvtjaj6hlq/include -I/opt/spack/opt/spack/linux-centos7-x86_64/clang-3.4.2/libsodium-1.0.18-qieo5z5xpj2bernx3iaeuhvqigyhy7ak/include -I/opt/spack/opt/spack/linux-centos7-x86_64/clang-3.4.2/libbsd-0.11.3-7uupkr4bfo35toda245pf7ohtseowhhc/include      -Wall -Werror -Werror=missing-field-initializers -Wno-strict-aliasing -Wno-error=deprecated-declarations  -g -O2 -MT builtins.o -MD -MP -MF $depbase.Tpo -c -o builtins.o /tmp/root/spack-stage/spack-stage-flux-core-0.15.0-gcjhr5pbatdrq2twomcbiqbk4duibgsb/spack-src/src/shell/builtins.c &&\\\nmv -f $depbase.Tpo $depbase.Po",
        "post_context": "static struct shell_builtin builtin_list_end = { 0 };\n                                                   ^\n1 error generated.\nmake[2]: *** [builtins.o] Error 1\nmake[2]: *** Waiting for unfinished jobs....\nmake[2]: Leaving directory `/tmp/root/spack-stage/spack-stage-flux-core-0.15.0-gcjhr5pbatdrq2twomcbiqbk4duibgsb/spack-src/spack-build/src/shell'",
        "add_date": "2022-02-03T08:13:33.348284Z",
        "modify_date": "2022-02-03T08:13:33.348329Z",
        "label": "build-error",
        "spack-monitor-label": "error"
    },
    {
        "id": 14256,
        "phase": 44889,
        "source_file": "/tmp/root/spack-stage/spack-stage-flux-core-0.15.0-dx6s4cpurrgrlzgoficl2ldrxisyhzn5/spack-src/src/shell/builtins.c",
        "source_line_no": 2,
        "line_no": 1537,
        "repeat_count": 0,
        "start": 1531,
        "end": 1544,
        "text": "/tmp/root/spack-stage/spack-stage-flux-core-0.15.0-dx6s4cpurrgrlzgoficl2ldrxisyhzn5/spack-src/src/shell/builtins.c:23:52: error: missing field 'validate' initializer [-Werror,-Wmissing-field-initializers]",
        "pre_context": "depbase=`echo rc.o | sed 's|[^/]*$|.deps/&|;s|\\.o$||'`;\\\n/opt/spack/lib/spack/env/clang/clang -DHAVE_CONFIG_H -I. -I/tmp/root/spack-stage/spack-stage-flux-core-0.15.0-dx6s4cpurrgrlzgoficl2ldrxisyhzn5/spack-src/src/shell -I../../config  -I/tmp/root/spack-stage/spack-stage-flux-core-0.15.0-dx6s4cpurrgrlzgoficl2ldrxisyhzn5/spack-src -I/tmp/root/spack-stage/spack-stage-flux-core-0.15.0-dx6s4cpurrgrlzgoficl2ldrxisyhzn5/spack-src/src/include -I../../src/common/libflux -I/opt/spack/opt/spack/linux-debian9-x86_64/clang-3.8.1/czmq-4.1.1-eagl4qoxuvczc62xn33poqi2uv6h3qi4/include -I/opt/spack/opt/spack/linux-debian9-x86_64/clang-3.8.1/libzmq-4.3.3-hytymoo6hheredl373zmldqwh5xhnl3e/include -I/opt/spack/opt/spack/linux-debian9-x86_64/clang-3.8.1/libsodium-1.0.18-3yhpq2on4d6lfnk6h5zu2v3lg7x23z6w/include -I/opt/spack/opt/spack/linux-debian9-x86_64/clang-3.8.1/libbsd-0.11.3-fhm7gfuf2l6cp7f7couniuguekspml73/include      -Wall -Werror -Werror=missing-field-initializers -Wno-strict-aliasing -Wno-error=deprecated-declarations  -g -O2 -MT rc.o -MD -MP -MF $depbase.Tpo -c -o rc.o /tmp/root/spack-stage/spack-stage-flux-core-0.15.0-dx6s4cpurrgrlzgoficl2ldrxisyhzn5/spack-src/src/shell/rc.c &&\\\nmv -f $depbase.Tpo $depbase.Po\ndepbase=`echo builtins.o | sed 's|[^/]*$|.deps/&|;s|\\.o$||'`;\\\n/opt/spack/lib/spack/env/clang/clang -DHAVE_CONFIG_H -I. -I/tmp/root/spack-stage/spack-stage-flux-core-0.15.0-dx6s4cpurrgrlzgoficl2ldrxisyhzn5/spack-src/src/shell -I../../config  -I/tmp/root/spack-stage/spack-stage-flux-core-0.15.0-dx6s4cpurrgrlzgoficl2ldrxisyhzn5/spack-src -I/tmp/root/spack-stage/spack-stage-flux-core-0.15.0-dx6s4cpurrgrlzgoficl2ldrxisyhzn5/spack-src/src/include -I../../src/common/libflux -I/opt/spack/opt/spack/linux-debian9-x86_64/clang-3.8.1/czmq-4.1.1-eagl4qoxuvczc62xn33poqi2uv6h3qi4/include -I/opt/spack/opt/spack/linux-debian9-x86_64/clang-3.8.1/libzmq-4.3.3-hytymoo6hheredl373zmldqwh5xhnl3e/include -I/opt/spack/opt/spack/linux-debian9-x86_64/clang-3.8.1/libsodium-1.0.18-3yhpq2on4d6lfnk6h5zu2v3lg7x23z6w/include -I/opt/spack/opt/spack/linux-debian9-x86_64/clang-3.8.1/libbsd-0.11.3-fhm7gfuf2l6cp7f7couniuguekspml73/include      -Wall -Werror -Werror=missing-field-initializers -Wno-strict-aliasing -Wno-error=deprecated-declarations  -g -O2 -MT builtins.o -MD -MP -MF $depbase.Tpo -c -o builtins.o /tmp/root/spack-stage/spack-stage-flux-core-0.15.0-dx6s4cpurrgrlzgoficl2ldrxisyhzn5/spack-src/src/shell/builtins.c &&\\\nmv -f $depbase.Tpo $depbase.Po",
        "post_context": "static struct shell_builtin builtin_list_end = { 0 };\n                                                   ^\n1 error generated.\nMakefile:1213: recipe for target 'builtins.o' failed\nmake[2]: *** [builtins.o] Error 1\nmake[2]: *** Waiting for unfinished jobs....",
        "add_date": "2022-02-03T08:27:57.669090Z",
        "modify_date": "2022-02-03T08:27:57.669137Z",
        "label": "build-error",
        "spack-monitor-label": "error"
    },
    {
        "id": 14295,
        "phase": 46184,
        "source_file": "/tmp/root/spack-stage/spack-stage-flux-core-0.15.0-dx6s4cpurrgrlzgoficl2ldrxisyhzn5/spack-src/src/shell/builtins.c",
        "source_line_no": 2,
        "line_no": 1537,
        "repeat_count": 0,
        "start": 1531,
        "end": 1544,
        "text": "/tmp/root/spack-stage/spack-stage-flux-core-0.15.0-dx6s4cpurrgrlzgoficl2ldrxisyhzn5/spack-src/src/shell/builtins.c:23:52: error: missing field 'validate' initializer [-Werror,-Wmissing-field-initializers]",
        "pre_context": "depbase=`echo rc.o | sed 's|[^/]*$|.deps/&|;s|\\.o$||'`;\\\n/opt/spack/lib/spack/env/clang/clang -DHAVE_CONFIG_H -I. -I/tmp/root/spack-stage/spack-stage-flux-core-0.15.0-dx6s4cpurrgrlzgoficl2ldrxisyhzn5/spack-src/src/shell -I../../config  -I/tmp/root/spack-stage/spack-stage-flux-core-0.15.0-dx6s4cpurrgrlzgoficl2ldrxisyhzn5/spack-src -I/tmp/root/spack-stage/spack-stage-flux-core-0.15.0-dx6s4cpurrgrlzgoficl2ldrxisyhzn5/spack-src/src/include -I../../src/common/libflux -I/opt/spack/opt/spack/linux-debian9-x86_64/clang-3.8.1/czmq-4.1.1-eagl4qoxuvczc62xn33poqi2uv6h3qi4/include -I/opt/spack/opt/spack/linux-debian9-x86_64/clang-3.8.1/libzmq-4.3.3-hytymoo6hheredl373zmldqwh5xhnl3e/include -I/opt/spack/opt/spack/linux-debian9-x86_64/clang-3.8.1/libsodium-1.0.18-3yhpq2on4d6lfnk6h5zu2v3lg7x23z6w/include -I/opt/spack/opt/spack/linux-debian9-x86_64/clang-3.8.1/libbsd-0.11.3-fhm7gfuf2l6cp7f7couniuguekspml73/include      -Wall -Werror -Werror=missing-field-initializers -Wno-strict-aliasing -Wno-error=deprecated-declarations  -g -O2 -MT rc.o -MD -MP -MF $depbase.Tpo -c -o rc.o /tmp/root/spack-stage/spack-stage-flux-core-0.15.0-dx6s4cpurrgrlzgoficl2ldrxisyhzn5/spack-src/src/shell/rc.c &&\\\nmv -f $depbase.Tpo $depbase.Po\ndepbase=`echo builtins.o | sed 's|[^/]*$|.deps/&|;s|\\.o$||'`;\\\n/opt/spack/lib/spack/env/clang/clang -DHAVE_CONFIG_H -I. -I/tmp/root/spack-stage/spack-stage-flux-core-0.15.0-dx6s4cpurrgrlzgoficl2ldrxisyhzn5/spack-src/src/shell -I../../config  -I/tmp/root/spack-stage/spack-stage-flux-core-0.15.0-dx6s4cpurrgrlzgoficl2ldrxisyhzn5/spack-src -I/tmp/root/spack-stage/spack-stage-flux-core-0.15.0-dx6s4cpurrgrlzgoficl2ldrxisyhzn5/spack-src/src/include -I../../src/common/libflux -I/opt/spack/opt/spack/linux-debian9-x86_64/clang-3.8.1/czmq-4.1.1-eagl4qoxuvczc62xn33poqi2uv6h3qi4/include -I/opt/spack/opt/spack/linux-debian9-x86_64/clang-3.8.1/libzmq-4.3.3-hytymoo6hheredl373zmldqwh5xhnl3e/include -I/opt/spack/opt/spack/linux-debian9-x86_64/clang-3.8.1/libsodium-1.0.18-3yhpq2on4d6lfnk6h5zu2v3lg7x23z6w/include -I/opt/spack/opt/spack/linux-debian9-x86_64/clang-3.8.1/libbsd-0.11.3-fhm7gfuf2l6cp7f7couniuguekspml73/include      -Wall -Werror -Werror=missing-field-initializers -Wno-strict-aliasing -Wno-error=deprecated-declarations  -g -O2 -MT builtins.o -MD -MP -MF $depbase.Tpo -c -o builtins.o /tmp/root/spack-stage/spack-stage-flux-core-0.15.0-dx6s4cpurrgrlzgoficl2ldrxisyhzn5/spack-src/src/shell/builtins.c &&\\\nmv -f $depbase.Tpo $depbase.Po",
        "post_context": "static struct shell_builtin builtin_list_end = { 0 };\n                                                   ^\n1 error generated.\nMakefile:1213: recipe for target 'builtins.o' failed\nmake[2]: *** [builtins.o] Error 1\nmake[2]: *** Waiting for unfinished jobs....",
        "add_date": "2022-02-03T08:39:56.033848Z",
        "modify_date": "2022-02-03T08:39:56.033896Z",
        "label": "build-error",
        "spack-monitor-label": "error"
    }
]