[
    {
        "phase": "N/A",
        "source_file": "",
        "source_line_no": 0,
        "line_no": 912,
        "repeat_count": 0,
        "start": 906,
        "end": 919,
        "text": ">> 2831    numpy/random/entropy.c:20741:273: error: macro \"__Pyx_PyCode_New\"",
        "pre_context": "             py/core/src/common -Ibuild/src.linux-x86_64-3.9/numpy/core/src/npy\n             math -c'\n     2827    extra options: '-U__GNUC_GNU_INLINE__ -std=c99 -msse2'\n     2828    gcc: numpy/random/entropy.c\n     2829    gcc: numpy/random/src/entropy/entropy.c\n     2830    numpy/random/entropy.c: In function '__Pyx_InitCachedConstants':",
        "post_context": "             requires 16 arguments, but only 15 given\n     2832    20741 |   __pyx_codeobj__31 = (PyObject*)__Pyx_PyCode_New(2, 0, 14\n             , 0, CO_OPTIMIZED|CO_NEWLOCALS, __pyx_empty_bytes, __pyx_empty_tup\n             le, __pyx_empty_tuple, __pyx_tuple__30, __pyx_empty_tuple, __pyx_e\n             mpty_tuple, __pyx_kp_s_entropy_pyx, __pyx_n_s_seed_by_array, 27, _\n             _pyx_empty_bytes); if (unlikely(!__pyx_codeobj__31)) __PYX_ERR(0,",
        "id": 191306,
        "label": "dinos-error"
    },
    {
        "phase": "N/A",
        "source_file": "",
        "source_line_no": 0,
        "line_no": 930,
        "repeat_count": 0,
        "start": 924,
        "end": 937,
        "text": ">> 2837    numpy/random/entropy.c:20741:34: error: '__Pyx_PyCode_New' undecla",
        "pre_context": "                             ^\n     2834    numpy/random/entropy.c:317: note: macro \"__Pyx_PyCode_New\" defined\n              here\n     2835      317 |   #define __Pyx_PyCode_New(a, p, k, l, s, f, code, c, n, v\n             , fv, cell, fn, name, fline, lnos)\\\n     2836          |",
        "post_context": "             red (first use in this function); did you mean 'PyCode_New'?\n     2838    20741 |   __pyx_codeobj__31 = (PyObject*)__Pyx_PyCode_New(2, 0, 14\n             , 0, CO_OPTIMIZED|CO_NEWLOCALS, __pyx_empty_bytes, __pyx_empty_tup\n             le, __pyx_empty_tuple, __pyx_tuple__30, __pyx_empty_tuple, __pyx_e\n             mpty_tuple, __pyx_kp_s_entropy_pyx, __pyx_n_s_seed_by_array, 27, _\n             _pyx_empty_bytes); if (unlikely(!__pyx_codeobj__31)) __PYX_ERR(0,",
        "id": 191307,
        "label": "dinos-error"
    },
    {
        "phase": "N/A",
        "source_file": "",
        "source_line_no": 0,
        "line_no": 942,
        "repeat_count": 0,
        "start": 936,
        "end": 949,
        "text": ">> 2842    numpy/random/entropy.c:20753:273: error: macro \"__Pyx_PyCode_New\"",
        "pre_context": "             _pyx_empty_bytes); if (unlikely(!__pyx_codeobj__31)) __PYX_ERR(0,\n             27, __pyx_L1_error)\n     2839          |                                  ^~~~~~~~~~~~~~~~\n     2840          |                                  PyCode_New\n     2841    numpy/random/entropy.c:20741:34: note: each undeclared identifier\n             is reported only once for each function it appears in",
        "post_context": "             requires 16 arguments, but only 15 given\n     2843    20753 |   __pyx_codeobj__33 = (PyObject*)__Pyx_PyCode_New(2, 0, 6,\n              0, CO_OPTIMIZED|CO_NEWLOCALS, __pyx_empty_bytes, __pyx_empty_tupl\n             e, __pyx_empty_tuple, __pyx_tuple__32, __pyx_empty_tuple, __pyx_em\n             pty_tuple, __pyx_kp_s_entropy_pyx, __pyx_n_s_random_entropy, 95, _\n             _pyx_empty_bytes); if (unlikely(!__pyx_codeobj__33)) __PYX_ERR(0,",
        "id": 191308,
        "label": "dinos-error"
    },
    {
        "phase": "N/A",
        "source_file": "",
        "source_line_no": 0,
        "line_no": 960,
        "repeat_count": 0,
        "start": 954,
        "end": 967,
        "text": ">> 2848    numpy/random/entropy.c:20818:276: error: macro \"__Pyx_PyCode_New\"",
        "pre_context": "                             ^\n     2845    numpy/random/entropy.c:317: note: macro \"__Pyx_PyCode_New\" defined\n              here\n     2846      317 |   #define __Pyx_PyCode_New(a, p, k, l, s, f, code, c, n, v\n             , fv, cell, fn, name, fline, lnos)\\\n     2847          |",
        "post_context": "             requires 16 arguments, but only 15 given\n     2849    20818 |   __pyx_codeobj__40 = (PyObject*)__Pyx_PyCode_New(3, 0, 5,\n              0, CO_OPTIMIZED|CO_NEWLOCALS, __pyx_empty_bytes, __pyx_empty_tupl\n             e, __pyx_empty_tuple, __pyx_tuple__39, __pyx_empty_tuple, __pyx_em\n             pty_tuple, __pyx_kp_s_stringsource, __pyx_n_s_pyx_unpickle_Enum, 1\n             , __pyx_empty_bytes); if (unlikely(!__pyx_codeobj__40)) __PYX_ERR(",
        "id": 191309,
        "label": "dinos-error"
    },
    {
        "phase": "N/A",
        "source_file": "",
        "source_line_no": 0,
        "line_no": 997,
        "repeat_count": 0,
        "start": 991,
        "end": 1004,
        "text": ">> 2974    numpy/random/entropy.c:23700:5: error: macro \"__Pyx_PyCode_New\" re",
        "pre_context": "     2971      551 | Py_DEPRECATED(3.3) PyAPI_FUNC(PyObject*) PyUnicode_FromUni\n             code(\n     2972          |                                          ^~~~~~~~~~~~~~~~~\n             ~~~~\n     2973    numpy/random/entropy.c: In function '__Pyx_CreateCodeObjectForTrac\n             eback':",
        "post_context": "             quires 16 arguments, but only 15 given\n     2975    23700 |     );\n     2976          |     ^\n     2977    numpy/random/entropy.c:317: note: macro \"__Pyx_PyCode_New\" defined\n              here\n     2978      317 |   #define __Pyx_PyCode_New(a, p, k, l, s, f, code, c, n, v",
        "id": 191310,
        "label": "dinos-error"
    },
    {
        "phase": "N/A",
        "source_file": "",
        "source_line_no": 0,
        "line_no": 1006,
        "repeat_count": 0,
        "start": 1000,
        "end": 1013,
        "text": ">> 2980    numpy/random/entropy.c:23684:15: error: '__Pyx_PyCode_New' undecla",
        "pre_context": "     2976          |     ^\n     2977    numpy/random/entropy.c:317: note: macro \"__Pyx_PyCode_New\" defined\n              here\n     2978      317 |   #define __Pyx_PyCode_New(a, p, k, l, s, f, code, c, n, v\n             , fv, cell, fn, name, fline, lnos)\\\n     2979          |",
        "post_context": "             red (first use in this function); did you mean 'PyCode_New'?\n     2981    23684 |     py_code = __Pyx_PyCode_New(\n     2982          |               ^~~~~~~~~~~~~~~~\n     2983          |               PyCode_New\n  >> 2984    error: Command \"/p/vast1/koparasy/BUILD/head/spack/lib/spack/env/g\n             cc/gcc -Wno-unused-result -Wsign-compare -DNDEBUG -g -fwrapv -O3 -",
        "id": 191311,
        "label": "dinos-error"
    },
    {
        "phase": "N/A",
        "source_file": "",
        "source_line_no": 0,
        "line_no": 1395,
        "repeat_count": 0,
        "start": 1389,
        "end": 1402,
        "text": ">> 3705    src/mpi4py.MPI.c:160852:19: error: 'PyTypeObject' {aka 'struct _ty",
        "pre_context": "             k_cluster_installer/quartz/py-libensemble/spack_env_dir/linux-rhel\n             7-broadwell/gcc-9.3.1/python-3.9.9-3o76m4utiyrsvuxwx2ytcv7sd3g35si\n             6/include/python3.9 -c src/MPI.c -o build/temp.linux-x86_64-3.9/sr\n             c/MPI.o\n     3703    In file included from src/MPI.c:4:\n     3704    src/mpi4py.MPI.c: In function '__Pyx_modinit_type_init_code':",
        "post_context": "             peobject'} has no member named 'tp_print'\n     3706    160852 |   PyMPIStatus_Type.tp_print = 0;\n     3707           |                   ^\n  >> 3708    src/mpi4py.MPI.c:160859:21: error: 'PyTypeObject' {aka 'struct _ty\n             peobject'} has no member named 'tp_print'\n     3709    160859 |   PyMPIDatatype_Type.tp_print = 0;",
        "id": 192724,
        "label": "dinos-error"
    },
    {
        "phase": "N/A",
        "source_file": "",
        "source_line_no": 0,
        "line_no": 1399,
        "repeat_count": 0,
        "start": 1393,
        "end": 1406,
        "text": ">> 3708    src/mpi4py.MPI.c:160859:21: error: 'PyTypeObject' {aka 'struct _ty",
        "pre_context": "     3703    In file included from src/MPI.c:4:\n     3704    src/mpi4py.MPI.c: In function '__Pyx_modinit_type_init_code':\n  >> 3705    src/mpi4py.MPI.c:160852:19: error: 'PyTypeObject' {aka 'struct _ty\n             peobject'} has no member named 'tp_print'\n     3706    160852 |   PyMPIStatus_Type.tp_print = 0;\n     3707           |                   ^",
        "post_context": "             peobject'} has no member named 'tp_print'\n     3709    160859 |   PyMPIDatatype_Type.tp_print = 0;\n     3710           |                     ^\n  >> 3711    src/mpi4py.MPI.c:160866:20: error: 'PyTypeObject' {aka 'struct _ty\n             peobject'} has no member named 'tp_print'\n     3712    160866 |   PyMPIRequest_Type.tp_print = 0;",
        "id": 192725,
        "label": "dinos-error"
    },
    {
        "phase": "N/A",
        "source_file": "",
        "source_line_no": 0,
        "line_no": 1403,
        "repeat_count": 0,
        "start": 1397,
        "end": 1410,
        "text": ">> 3711    src/mpi4py.MPI.c:160866:20: error: 'PyTypeObject' {aka 'struct _ty",
        "pre_context": "     3706    160852 |   PyMPIStatus_Type.tp_print = 0;\n     3707           |                   ^\n  >> 3708    src/mpi4py.MPI.c:160859:21: error: 'PyTypeObject' {aka 'struct _ty\n             peobject'} has no member named 'tp_print'\n     3709    160859 |   PyMPIDatatype_Type.tp_print = 0;\n     3710           |                     ^",
        "post_context": "             peobject'} has no member named 'tp_print'\n     3712    160866 |   PyMPIRequest_Type.tp_print = 0;\n     3713           |                    ^\n  >> 3714    src/mpi4py.MPI.c:160874:21: error: 'PyTypeObject' {aka 'struct _ty\n             peobject'} has no member named 'tp_print'\n     3715    160874 |   PyMPIPrequest_Type.tp_print = 0;",
        "id": 192726,
        "label": "dinos-error"
    },
    {
        "phase": "N/A",
        "source_file": "",
        "source_line_no": 0,
        "line_no": 1407,
        "repeat_count": 0,
        "start": 1401,
        "end": 1414,
        "text": ">> 3714    src/mpi4py.MPI.c:160874:21: error: 'PyTypeObject' {aka 'struct _ty",
        "pre_context": "     3709    160859 |   PyMPIDatatype_Type.tp_print = 0;\n     3710           |                     ^\n  >> 3711    src/mpi4py.MPI.c:160866:20: error: 'PyTypeObject' {aka 'struct _ty\n             peobject'} has no member named 'tp_print'\n     3712    160866 |   PyMPIRequest_Type.tp_print = 0;\n     3713           |                    ^",
        "post_context": "             peobject'} has no member named 'tp_print'\n     3715    160874 |   PyMPIPrequest_Type.tp_print = 0;\n     3716           |                     ^\n  >> 3717    src/mpi4py.MPI.c:160882:21: error: 'PyTypeObject' {aka 'struct _ty\n             peobject'} has no member named 'tp_print'\n     3718    160882 |   PyMPIGrequest_Type.tp_print = 0;",
        "id": 192727,
        "label": "dinos-error"
    },
    {
        "phase": "N/A",
        "source_file": "",
        "source_line_no": 0,
        "line_no": 1411,
        "repeat_count": 0,
        "start": 1405,
        "end": 1418,
        "text": ">> 3717    src/mpi4py.MPI.c:160882:21: error: 'PyTypeObject' {aka 'struct _ty",
        "pre_context": "     3712    160866 |   PyMPIRequest_Type.tp_print = 0;\n     3713           |                    ^\n  >> 3714    src/mpi4py.MPI.c:160874:21: error: 'PyTypeObject' {aka 'struct _ty\n             peobject'} has no member named 'tp_print'\n     3715    160874 |   PyMPIPrequest_Type.tp_print = 0;\n     3716           |                     ^",
        "post_context": "             peobject'} has no member named 'tp_print'\n     3718    160882 |   PyMPIGrequest_Type.tp_print = 0;\n     3719           |                     ^\n  >> 3720    src/mpi4py.MPI.c:160889:20: error: 'PyTypeObject' {aka 'struct _ty\n             peobject'} has no member named 'tp_print'\n     3721    160889 |   PyMPIMessage_Type.tp_print = 0;",
        "id": 192728,
        "label": "dinos-error"
    },
    {
        "phase": "N/A",
        "source_file": "",
        "source_line_no": 0,
        "line_no": 1415,
        "repeat_count": 0,
        "start": 1409,
        "end": 1422,
        "text": ">> 3720    src/mpi4py.MPI.c:160889:20: error: 'PyTypeObject' {aka 'struct _ty",
        "pre_context": "     3715    160874 |   PyMPIPrequest_Type.tp_print = 0;\n     3716           |                     ^\n  >> 3717    src/mpi4py.MPI.c:160882:21: error: 'PyTypeObject' {aka 'struct _ty\n             peobject'} has no member named 'tp_print'\n     3718    160882 |   PyMPIGrequest_Type.tp_print = 0;\n     3719           |                     ^",
        "post_context": "             peobject'} has no member named 'tp_print'\n     3721    160889 |   PyMPIMessage_Type.tp_print = 0;\n     3722           |                    ^\n  >> 3723    src/mpi4py.MPI.c:160896:15: error: 'PyTypeObject' {aka 'struct _ty\n             peobject'} has no member named 'tp_print'\n     3724    160896 |   PyMPIOp_Type.tp_print = 0;",
        "id": 192729,
        "label": "dinos-error"
    },
    {
        "phase": "N/A",
        "source_file": "",
        "source_line_no": 0,
        "line_no": 1419,
        "repeat_count": 0,
        "start": 1413,
        "end": 1426,
        "text": ">> 3723    src/mpi4py.MPI.c:160896:15: error: 'PyTypeObject' {aka 'struct _ty",
        "pre_context": "     3718    160882 |   PyMPIGrequest_Type.tp_print = 0;\n     3719           |                     ^\n  >> 3720    src/mpi4py.MPI.c:160889:20: error: 'PyTypeObject' {aka 'struct _ty\n             peobject'} has no member named 'tp_print'\n     3721    160889 |   PyMPIMessage_Type.tp_print = 0;\n     3722           |                    ^",
        "post_context": "             peobject'} has no member named 'tp_print'\n     3724    160896 |   PyMPIOp_Type.tp_print = 0;\n     3725           |               ^\n  >> 3726    src/mpi4py.MPI.c:160903:18: error: 'PyTypeObject' {aka 'struct _ty\n             peobject'} has no member named 'tp_print'\n     3727    160903 |   PyMPIGroup_Type.tp_print = 0;",
        "id": 192730,
        "label": "dinos-error"
    },
    {
        "phase": "N/A",
        "source_file": "",
        "source_line_no": 0,
        "line_no": 1423,
        "repeat_count": 0,
        "start": 1417,
        "end": 1430,
        "text": ">> 3726    src/mpi4py.MPI.c:160903:18: error: 'PyTypeObject' {aka 'struct _ty",
        "pre_context": "     3721    160889 |   PyMPIMessage_Type.tp_print = 0;\n     3722           |                    ^\n  >> 3723    src/mpi4py.MPI.c:160896:15: error: 'PyTypeObject' {aka 'struct _ty\n             peobject'} has no member named 'tp_print'\n     3724    160896 |   PyMPIOp_Type.tp_print = 0;\n     3725           |               ^",
        "post_context": "             peobject'} has no member named 'tp_print'\n     3727    160903 |   PyMPIGroup_Type.tp_print = 0;\n     3728           |                  ^\n  >> 3729    src/mpi4py.MPI.c:160910:17: error: 'PyTypeObject' {aka 'struct _ty\n             peobject'} has no member named 'tp_print'\n     3730    160910 |   PyMPIInfo_Type.tp_print = 0;",
        "id": 192731,
        "label": "dinos-error"
    },
    {
        "phase": "N/A",
        "source_file": "",
        "source_line_no": 0,
        "line_no": 1427,
        "repeat_count": 0,
        "start": 1421,
        "end": 1434,
        "text": ">> 3729    src/mpi4py.MPI.c:160910:17: error: 'PyTypeObject' {aka 'struct _ty",
        "pre_context": "     3724    160896 |   PyMPIOp_Type.tp_print = 0;\n     3725           |               ^\n  >> 3726    src/mpi4py.MPI.c:160903:18: error: 'PyTypeObject' {aka 'struct _ty\n             peobject'} has no member named 'tp_print'\n     3727    160903 |   PyMPIGroup_Type.tp_print = 0;\n     3728           |                  ^",
        "post_context": "             peobject'} has no member named 'tp_print'\n     3730    160910 |   PyMPIInfo_Type.tp_print = 0;\n     3731           |                 ^\n  >> 3732    src/mpi4py.MPI.c:160917:23: error: 'PyTypeObject' {aka 'struct _ty\n             peobject'} has no member named 'tp_print'\n     3733    160917 |   PyMPIErrhandler_Type.tp_print = 0;",
        "id": 192732,
        "label": "dinos-error"
    },
    {
        "phase": "N/A",
        "source_file": "",
        "source_line_no": 0,
        "line_no": 1431,
        "repeat_count": 0,
        "start": 1425,
        "end": 1438,
        "text": ">> 3732    src/mpi4py.MPI.c:160917:23: error: 'PyTypeObject' {aka 'struct _ty",
        "pre_context": "     3727    160903 |   PyMPIGroup_Type.tp_print = 0;\n     3728           |                  ^\n  >> 3729    src/mpi4py.MPI.c:160910:17: error: 'PyTypeObject' {aka 'struct _ty\n             peobject'} has no member named 'tp_print'\n     3730    160910 |   PyMPIInfo_Type.tp_print = 0;\n     3731           |                 ^",
        "post_context": "             peobject'} has no member named 'tp_print'\n     3733    160917 |   PyMPIErrhandler_Type.tp_print = 0;\n     3734           |                       ^\n  >> 3735    src/mpi4py.MPI.c:160924:17: error: 'PyTypeObject' {aka 'struct _ty\n             peobject'} has no member named 'tp_print'\n     3736    160924 |   PyMPIComm_Type.tp_print = 0;",
        "id": 192733,
        "label": "dinos-error"
    },
    {
        "phase": "N/A",
        "source_file": "",
        "source_line_no": 0,
        "line_no": 1435,
        "repeat_count": 0,
        "start": 1429,
        "end": 1442,
        "text": ">> 3735    src/mpi4py.MPI.c:160924:17: error: 'PyTypeObject' {aka 'struct _ty",
        "pre_context": "     3730    160910 |   PyMPIInfo_Type.tp_print = 0;\n     3731           |                 ^\n  >> 3732    src/mpi4py.MPI.c:160917:23: error: 'PyTypeObject' {aka 'struct _ty\n             peobject'} has no member named 'tp_print'\n     3733    160917 |   PyMPIErrhandler_Type.tp_print = 0;\n     3734           |                       ^",
        "post_context": "             peobject'} has no member named 'tp_print'\n     3736    160924 |   PyMPIComm_Type.tp_print = 0;\n     3737           |                 ^\n  >> 3738    src/mpi4py.MPI.c:160932:22: error: 'PyTypeObject' {aka 'struct _ty\n             peobject'} has no member named 'tp_print'\n     3739    160932 |   PyMPIIntracomm_Type.tp_print = 0;",
        "id": 192734,
        "label": "dinos-error"
    },
    {
        "phase": "N/A",
        "source_file": "",
        "source_line_no": 0,
        "line_no": 1439,
        "repeat_count": 0,
        "start": 1433,
        "end": 1446,
        "text": ">> 3738    src/mpi4py.MPI.c:160932:22: error: 'PyTypeObject' {aka 'struct _ty",
        "pre_context": "     3733    160917 |   PyMPIErrhandler_Type.tp_print = 0;\n     3734           |                       ^\n  >> 3735    src/mpi4py.MPI.c:160924:17: error: 'PyTypeObject' {aka 'struct _ty\n             peobject'} has no member named 'tp_print'\n     3736    160924 |   PyMPIComm_Type.tp_print = 0;\n     3737           |                 ^",
        "post_context": "             peobject'} has no member named 'tp_print'\n     3739    160932 |   PyMPIIntracomm_Type.tp_print = 0;\n     3740           |                      ^\n  >> 3741    src/mpi4py.MPI.c:160940:21: error: 'PyTypeObject' {aka 'struct _ty\n             peobject'} has no member named 'tp_print'\n     3742    160940 |   PyMPITopocomm_Type.tp_print = 0;",
        "id": 192735,
        "label": "dinos-error"
    },
    {
        "phase": "N/A",
        "source_file": "",
        "source_line_no": 0,
        "line_no": 1443,
        "repeat_count": 0,
        "start": 1437,
        "end": 1450,
        "text": ">> 3741    src/mpi4py.MPI.c:160940:21: error: 'PyTypeObject' {aka 'struct _ty",
        "pre_context": "     3736    160924 |   PyMPIComm_Type.tp_print = 0;\n     3737           |                 ^\n  >> 3738    src/mpi4py.MPI.c:160932:22: error: 'PyTypeObject' {aka 'struct _ty\n             peobject'} has no member named 'tp_print'\n     3739    160932 |   PyMPIIntracomm_Type.tp_print = 0;\n     3740           |                      ^",
        "post_context": "             peobject'} has no member named 'tp_print'\n     3742    160940 |   PyMPITopocomm_Type.tp_print = 0;\n     3743           |                     ^\n  >> 3744    src/mpi4py.MPI.c:160948:21: error: 'PyTypeObject' {aka 'struct _ty\n             peobject'} has no member named 'tp_print'\n     3745    160948 |   PyMPICartcomm_Type.tp_print = 0;",
        "id": 192736,
        "label": "dinos-error"
    },
    {
        "phase": "N/A",
        "source_file": "",
        "source_line_no": 0,
        "line_no": 1447,
        "repeat_count": 0,
        "start": 1441,
        "end": 1454,
        "text": ">> 3744    src/mpi4py.MPI.c:160948:21: error: 'PyTypeObject' {aka 'struct _ty",
        "pre_context": "     3739    160932 |   PyMPIIntracomm_Type.tp_print = 0;\n     3740           |                      ^\n  >> 3741    src/mpi4py.MPI.c:160940:21: error: 'PyTypeObject' {aka 'struct _ty\n             peobject'} has no member named 'tp_print'\n     3742    160940 |   PyMPITopocomm_Type.tp_print = 0;\n     3743           |                     ^",
        "post_context": "             peobject'} has no member named 'tp_print'\n     3745    160948 |   PyMPICartcomm_Type.tp_print = 0;\n     3746           |                     ^\n  >> 3747    src/mpi4py.MPI.c:160956:22: error: 'PyTypeObject' {aka 'struct _ty\n             peobject'} has no member named 'tp_print'\n     3748    160956 |   PyMPIGraphcomm_Type.tp_print = 0;",
        "id": 192737,
        "label": "dinos-error"
    },
    {
        "phase": "N/A",
        "source_file": "",
        "source_line_no": 0,
        "line_no": 1451,
        "repeat_count": 0,
        "start": 1445,
        "end": 1458,
        "text": ">> 3747    src/mpi4py.MPI.c:160956:22: error: 'PyTypeObject' {aka 'struct _ty",
        "pre_context": "     3742    160940 |   PyMPITopocomm_Type.tp_print = 0;\n     3743           |                     ^\n  >> 3744    src/mpi4py.MPI.c:160948:21: error: 'PyTypeObject' {aka 'struct _ty\n             peobject'} has no member named 'tp_print'\n     3745    160948 |   PyMPICartcomm_Type.tp_print = 0;\n     3746           |                     ^",
        "post_context": "             peobject'} has no member named 'tp_print'\n     3748    160956 |   PyMPIGraphcomm_Type.tp_print = 0;\n     3749           |                      ^\n  >> 3750    src/mpi4py.MPI.c:160964:26: error: 'PyTypeObject' {aka 'struct _ty\n             peobject'} has no member named 'tp_print'\n     3751    160964 |   PyMPIDistgraphcomm_Type.tp_print = 0;",
        "id": 192738,
        "label": "dinos-error"
    },
    {
        "phase": "N/A",
        "source_file": "",
        "source_line_no": 0,
        "line_no": 1455,
        "repeat_count": 0,
        "start": 1449,
        "end": 1462,
        "text": ">> 3750    src/mpi4py.MPI.c:160964:26: error: 'PyTypeObject' {aka 'struct _ty",
        "pre_context": "     3745    160948 |   PyMPICartcomm_Type.tp_print = 0;\n     3746           |                     ^\n  >> 3747    src/mpi4py.MPI.c:160956:22: error: 'PyTypeObject' {aka 'struct _ty\n             peobject'} has no member named 'tp_print'\n     3748    160956 |   PyMPIGraphcomm_Type.tp_print = 0;\n     3749           |                      ^",
        "post_context": "             peobject'} has no member named 'tp_print'\n     3751    160964 |   PyMPIDistgraphcomm_Type.tp_print = 0;\n     3752           |                          ^\n  >> 3753    src/mpi4py.MPI.c:160972:22: error: 'PyTypeObject' {aka 'struct _ty\n             peobject'} has no member named 'tp_print'\n     3754    160972 |   PyMPIIntercomm_Type.tp_print = 0;",
        "id": 192739,
        "label": "dinos-error"
    },
    {
        "phase": "N/A",
        "source_file": "",
        "source_line_no": 0,
        "line_no": 1459,
        "repeat_count": 0,
        "start": 1453,
        "end": 1466,
        "text": ">> 3753    src/mpi4py.MPI.c:160972:22: error: 'PyTypeObject' {aka 'struct _ty",
        "pre_context": "     3748    160956 |   PyMPIGraphcomm_Type.tp_print = 0;\n     3749           |                      ^\n  >> 3750    src/mpi4py.MPI.c:160964:26: error: 'PyTypeObject' {aka 'struct _ty\n             peobject'} has no member named 'tp_print'\n     3751    160964 |   PyMPIDistgraphcomm_Type.tp_print = 0;\n     3752           |                          ^",
        "post_context": "             peobject'} has no member named 'tp_print'\n     3754    160972 |   PyMPIIntercomm_Type.tp_print = 0;\n     3755           |                      ^\n  >> 3756    src/mpi4py.MPI.c:160979:16: error: 'PyTypeObject' {aka 'struct _ty\n             peobject'} has no member named 'tp_print'\n     3757    160979 |   PyMPIWin_Type.tp_print = 0;",
        "id": 192740,
        "label": "dinos-error"
    },
    {
        "phase": "N/A",
        "source_file": "",
        "source_line_no": 0,
        "line_no": 1463,
        "repeat_count": 0,
        "start": 1457,
        "end": 1470,
        "text": ">> 3756    src/mpi4py.MPI.c:160979:16: error: 'PyTypeObject' {aka 'struct _ty",
        "pre_context": "     3751    160964 |   PyMPIDistgraphcomm_Type.tp_print = 0;\n     3752           |                          ^\n  >> 3753    src/mpi4py.MPI.c:160972:22: error: 'PyTypeObject' {aka 'struct _ty\n             peobject'} has no member named 'tp_print'\n     3754    160972 |   PyMPIIntercomm_Type.tp_print = 0;\n     3755           |                      ^",
        "post_context": "             peobject'} has no member named 'tp_print'\n     3757    160979 |   PyMPIWin_Type.tp_print = 0;\n     3758           |                ^\n  >> 3759    src/mpi4py.MPI.c:160986:17: error: 'PyTypeObject' {aka 'struct _ty\n             peobject'} has no member named 'tp_print'\n     3760    160986 |   PyMPIFile_Type.tp_print = 0;",
        "id": 192741,
        "label": "dinos-error"
    },
    {
        "phase": "N/A",
        "source_file": "",
        "source_line_no": 0,
        "line_no": 1467,
        "repeat_count": 0,
        "start": 1461,
        "end": 1474,
        "text": ">> 3759    src/mpi4py.MPI.c:160986:17: error: 'PyTypeObject' {aka 'struct _ty",
        "pre_context": "     3754    160972 |   PyMPIIntercomm_Type.tp_print = 0;\n     3755           |                      ^\n  >> 3756    src/mpi4py.MPI.c:160979:16: error: 'PyTypeObject' {aka 'struct _ty\n             peobject'} has no member named 'tp_print'\n     3757    160979 |   PyMPIWin_Type.tp_print = 0;\n     3758           |                ^",
        "post_context": "             peobject'} has no member named 'tp_print'\n     3760    160986 |   PyMPIFile_Type.tp_print = 0;\n     3761           |                 ^\n  >> 3762    src/mpi4py.MPI.c:160993:33: error: 'PyTypeObject' {aka 'struct _ty\n             peobject'} has no member named 'tp_print'\n     3763    160993 |   __pyx_type_6mpi4py_3MPI_memory.tp_print = 0;",
        "id": 192742,
        "label": "dinos-error"
    },
    {
        "phase": "N/A",
        "source_file": "",
        "source_line_no": 0,
        "line_no": 1471,
        "repeat_count": 0,
        "start": 1465,
        "end": 1478,
        "text": ">> 3762    src/mpi4py.MPI.c:160993:33: error: 'PyTypeObject' {aka 'struct _ty",
        "pre_context": "     3757    160979 |   PyMPIWin_Type.tp_print = 0;\n     3758           |                ^\n  >> 3759    src/mpi4py.MPI.c:160986:17: error: 'PyTypeObject' {aka 'struct _ty\n             peobject'} has no member named 'tp_print'\n     3760    160986 |   PyMPIFile_Type.tp_print = 0;\n     3761           |                 ^",
        "post_context": "             peobject'} has no member named 'tp_print'\n     3763    160993 |   __pyx_type_6mpi4py_3MPI_memory.tp_print = 0;\n     3764           |                                 ^\n  >> 3765    src/mpi4py.MPI.c:161000:33: error: 'PyTypeObject' {aka 'struct _ty\n             peobject'} has no member named 'tp_print'\n     3766    161000 |   __pyx_type_6mpi4py_3MPI__p_mem.tp_print = 0;",
        "id": 192743,
        "label": "dinos-error"
    },
    {
        "phase": "N/A",
        "source_file": "",
        "source_line_no": 0,
        "line_no": 1475,
        "repeat_count": 0,
        "start": 1469,
        "end": 1482,
        "text": ">> 3765    src/mpi4py.MPI.c:161000:33: error: 'PyTypeObject' {aka 'struct _ty",
        "pre_context": "     3760    160986 |   PyMPIFile_Type.tp_print = 0;\n     3761           |                 ^\n  >> 3762    src/mpi4py.MPI.c:160993:33: error: 'PyTypeObject' {aka 'struct _ty\n             peobject'} has no member named 'tp_print'\n     3763    160993 |   __pyx_type_6mpi4py_3MPI_memory.tp_print = 0;\n     3764           |                                 ^",
        "post_context": "             peobject'} has no member named 'tp_print'\n     3766    161000 |   __pyx_type_6mpi4py_3MPI__p_mem.tp_print = 0;\n     3767           |                                 ^\n  >> 3768    src/mpi4py.MPI.c:161010:34: error: 'PyTypeObject' {aka 'struct _ty\n             peobject'} has no member named 'tp_print'\n     3769    161010 |   __pyx_type_6mpi4py_3MPI__p_greq.tp_print = 0;",
        "id": 192744,
        "label": "dinos-error"
    },
    {
        "phase": "N/A",
        "source_file": "",
        "source_line_no": 0,
        "line_no": 1479,
        "repeat_count": 0,
        "start": 1473,
        "end": 1486,
        "text": ">> 3768    src/mpi4py.MPI.c:161010:34: error: 'PyTypeObject' {aka 'struct _ty",
        "pre_context": "     3763    160993 |   __pyx_type_6mpi4py_3MPI_memory.tp_print = 0;\n     3764           |                                 ^\n  >> 3765    src/mpi4py.MPI.c:161000:33: error: 'PyTypeObject' {aka 'struct _ty\n             peobject'} has no member named 'tp_print'\n     3766    161000 |   __pyx_type_6mpi4py_3MPI__p_mem.tp_print = 0;\n     3767           |                                 ^",
        "post_context": "             peobject'} has no member named 'tp_print'\n     3769    161010 |   __pyx_type_6mpi4py_3MPI__p_greq.tp_print = 0;\n     3770           |                                  ^\n  >> 3771    src/mpi4py.MPI.c:161021:37: error: 'PyTypeObject' {aka 'struct _ty\n             peobject'} has no member named 'tp_print'\n     3772    161021 |   __pyx_type_6mpi4py_3MPI__p_datarep.tp_print = 0;",
        "id": 192745,
        "label": "dinos-error"
    },
    {
        "phase": "N/A",
        "source_file": "",
        "source_line_no": 0,
        "line_no": 1483,
        "repeat_count": 0,
        "start": 1477,
        "end": 1490,
        "text": ">> 3771    src/mpi4py.MPI.c:161021:37: error: 'PyTypeObject' {aka 'struct _ty",
        "pre_context": "     3766    161000 |   __pyx_type_6mpi4py_3MPI__p_mem.tp_print = 0;\n     3767           |                                 ^\n  >> 3768    src/mpi4py.MPI.c:161010:34: error: 'PyTypeObject' {aka 'struct _ty\n             peobject'} has no member named 'tp_print'\n     3769    161010 |   __pyx_type_6mpi4py_3MPI__p_greq.tp_print = 0;\n     3770           |                                  ^",
        "post_context": "             peobject'} has no member named 'tp_print'\n     3772    161021 |   __pyx_type_6mpi4py_3MPI__p_datarep.tp_print = 0;\n     3773           |                                     ^\n  >> 3774    src/mpi4py.MPI.c:161028:36: error: 'PyTypeObject' {aka 'struct _ty\n             peobject'} has no member named 'tp_print'\n     3775    161028 |   __pyx_type_6mpi4py_3MPI__p_keyval.tp_print = 0;",
        "id": 192746,
        "label": "dinos-error"
    },
    {
        "phase": "N/A",
        "source_file": "",
        "source_line_no": 0,
        "line_no": 1487,
        "repeat_count": 0,
        "start": 1481,
        "end": 1494,
        "text": ">> 3774    src/mpi4py.MPI.c:161028:36: error: 'PyTypeObject' {aka 'struct _ty",
        "pre_context": "     3769    161010 |   __pyx_type_6mpi4py_3MPI__p_greq.tp_print = 0;\n     3770           |                                  ^\n  >> 3771    src/mpi4py.MPI.c:161021:37: error: 'PyTypeObject' {aka 'struct _ty\n             peobject'} has no member named 'tp_print'\n     3772    161021 |   __pyx_type_6mpi4py_3MPI__p_datarep.tp_print = 0;\n     3773           |                                     ^",
        "post_context": "             peobject'} has no member named 'tp_print'\n     3775    161028 |   __pyx_type_6mpi4py_3MPI__p_keyval.tp_print = 0;\n     3776           |                                    ^\n  >> 3777    src/mpi4py.MPI.c:161034:37: error: 'PyTypeObject' {aka 'struct _ty\n             peobject'} has no member named 'tp_print'\n     3778    161034 |   __pyx_type_6mpi4py_3MPI__p_message.tp_print = 0;",
        "id": 192747,
        "label": "dinos-error"
    },
    {
        "phase": "N/A",
        "source_file": "",
        "source_line_no": 0,
        "line_no": 1491,
        "repeat_count": 0,
        "start": 1485,
        "end": 1498,
        "text": ">> 3777    src/mpi4py.MPI.c:161034:37: error: 'PyTypeObject' {aka 'struct _ty",
        "pre_context": "     3772    161021 |   __pyx_type_6mpi4py_3MPI__p_datarep.tp_print = 0;\n     3773           |                                     ^\n  >> 3774    src/mpi4py.MPI.c:161028:36: error: 'PyTypeObject' {aka 'struct _ty\n             peobject'} has no member named 'tp_print'\n     3775    161028 |   __pyx_type_6mpi4py_3MPI__p_keyval.tp_print = 0;\n     3776           |                                    ^",
        "post_context": "             peobject'} has no member named 'tp_print'\n     3778    161034 |   __pyx_type_6mpi4py_3MPI__p_message.tp_print = 0;\n     3779           |                                     ^\n  >> 3780    src/mpi4py.MPI.c:161043:37: error: 'PyTypeObject' {aka 'struct _ty\n             peobject'} has no member named 'tp_print'\n     3781    161043 |   __pyx_type_6mpi4py_3MPI__p_msg_p2p.tp_print = 0;",
        "id": 192748,
        "label": "dinos-error"
    },
    {
        "phase": "N/A",
        "source_file": "",
        "source_line_no": 0,
        "line_no": 1495,
        "repeat_count": 0,
        "start": 1489,
        "end": 1502,
        "text": ">> 3780    src/mpi4py.MPI.c:161043:37: error: 'PyTypeObject' {aka 'struct _ty",
        "pre_context": "     3775    161028 |   __pyx_type_6mpi4py_3MPI__p_keyval.tp_print = 0;\n     3776           |                                    ^\n  >> 3777    src/mpi4py.MPI.c:161034:37: error: 'PyTypeObject' {aka 'struct _ty\n             peobject'} has no member named 'tp_print'\n     3778    161034 |   __pyx_type_6mpi4py_3MPI__p_message.tp_print = 0;\n     3779           |                                     ^",
        "post_context": "             peobject'} has no member named 'tp_print'\n     3781    161043 |   __pyx_type_6mpi4py_3MPI__p_msg_p2p.tp_print = 0;\n     3782           |                                     ^\n  >> 3783    src/mpi4py.MPI.c:161068:37: error: 'PyTypeObject' {aka 'struct _ty\n             peobject'} has no member named 'tp_print'\n     3784    161068 |   __pyx_type_6mpi4py_3MPI__p_msg_cco.tp_print = 0;",
        "id": 192749,
        "label": "dinos-error"
    },
    {
        "phase": "N/A",
        "source_file": "",
        "source_line_no": 0,
        "line_no": 1499,
        "repeat_count": 0,
        "start": 1493,
        "end": 1506,
        "text": ">> 3783    src/mpi4py.MPI.c:161068:37: error: 'PyTypeObject' {aka 'struct _ty",
        "pre_context": "     3778    161034 |   __pyx_type_6mpi4py_3MPI__p_message.tp_print = 0;\n     3779           |                                     ^\n  >> 3780    src/mpi4py.MPI.c:161043:37: error: 'PyTypeObject' {aka 'struct _ty\n             peobject'} has no member named 'tp_print'\n     3781    161043 |   __pyx_type_6mpi4py_3MPI__p_msg_p2p.tp_print = 0;\n     3782           |                                     ^",
        "post_context": "             peobject'} has no member named 'tp_print'\n     3784    161068 |   __pyx_type_6mpi4py_3MPI__p_msg_cco.tp_print = 0;\n     3785           |                                     ^\n  >> 3786    src/mpi4py.MPI.c:161078:38: error: 'PyTypeObject' {aka 'struct _ty\n             peobject'} has no member named 'tp_print'\n     3787    161078 |   __pyx_type_6mpi4py_3MPI__p_msg_ccow.tp_print = 0;",
        "id": 192750,
        "label": "dinos-error"
    },
    {
        "phase": "N/A",
        "source_file": "",
        "source_line_no": 0,
        "line_no": 1503,
        "repeat_count": 0,
        "start": 1497,
        "end": 1510,
        "text": ">> 3786    src/mpi4py.MPI.c:161078:38: error: 'PyTypeObject' {aka 'struct _ty",
        "pre_context": "     3781    161043 |   __pyx_type_6mpi4py_3MPI__p_msg_p2p.tp_print = 0;\n     3782           |                                     ^\n  >> 3783    src/mpi4py.MPI.c:161068:37: error: 'PyTypeObject' {aka 'struct _ty\n             peobject'} has no member named 'tp_print'\n     3784    161068 |   __pyx_type_6mpi4py_3MPI__p_msg_cco.tp_print = 0;\n     3785           |                                     ^",
        "post_context": "             peobject'} has no member named 'tp_print'\n     3787    161078 |   __pyx_type_6mpi4py_3MPI__p_msg_ccow.tp_print = 0;\n     3788           |                                      ^\n  >> 3789    src/mpi4py.MPI.c:161096:37: error: 'PyTypeObject' {aka 'struct _ty\n             peobject'} has no member named 'tp_print'\n     3790    161096 |   __pyx_type_6mpi4py_3MPI__p_msg_rma.tp_print = 0;",
        "id": 192751,
        "label": "dinos-error"
    },
    {
        "phase": "N/A",
        "source_file": "",
        "source_line_no": 0,
        "line_no": 1507,
        "repeat_count": 0,
        "start": 1501,
        "end": 1514,
        "text": ">> 3789    src/mpi4py.MPI.c:161096:37: error: 'PyTypeObject' {aka 'struct _ty",
        "pre_context": "     3784    161068 |   __pyx_type_6mpi4py_3MPI__p_msg_cco.tp_print = 0;\n     3785           |                                     ^\n  >> 3786    src/mpi4py.MPI.c:161078:38: error: 'PyTypeObject' {aka 'struct _ty\n             peobject'} has no member named 'tp_print'\n     3787    161078 |   __pyx_type_6mpi4py_3MPI__p_msg_ccow.tp_print = 0;\n     3788           |                                      ^",
        "post_context": "             peobject'} has no member named 'tp_print'\n     3790    161096 |   __pyx_type_6mpi4py_3MPI__p_msg_rma.tp_print = 0;\n     3791           |                                     ^\n  >> 3792    src/mpi4py.MPI.c:161106:36: error: 'PyTypeObject' {aka 'struct _ty\n             peobject'} has no member named 'tp_print'\n     3793    161106 |   __pyx_type_6mpi4py_3MPI__p_msg_io.tp_print = 0;",
        "id": 192752,
        "label": "dinos-error"
    },
    {
        "phase": "N/A",
        "source_file": "",
        "source_line_no": 0,
        "line_no": 1511,
        "repeat_count": 0,
        "start": 1505,
        "end": 1518,
        "text": ">> 3792    src/mpi4py.MPI.c:161106:36: error: 'PyTypeObject' {aka 'struct _ty",
        "pre_context": "     3787    161078 |   __pyx_type_6mpi4py_3MPI__p_msg_ccow.tp_print = 0;\n     3788           |                                      ^\n  >> 3789    src/mpi4py.MPI.c:161096:37: error: 'PyTypeObject' {aka 'struct _ty\n             peobject'} has no member named 'tp_print'\n     3790    161096 |   __pyx_type_6mpi4py_3MPI__p_msg_rma.tp_print = 0;\n     3791           |                                     ^",
        "post_context": "             peobject'} has no member named 'tp_print'\n     3793    161106 |   __pyx_type_6mpi4py_3MPI__p_msg_io.tp_print = 0;\n     3794           |                                    ^\n  >> 3795    src/mpi4py.MPI.c:161122:33: error: 'PyTypeObject' {aka 'struct _ty\n             peobject'} has no member named 'tp_print'\n     3796    161122 |   __pyx_type_6mpi4py_3MPI_Pickle.tp_print = 0;",
        "id": 192753,
        "label": "dinos-error"
    },
    {
        "phase": "N/A",
        "source_file": "",
        "source_line_no": 0,
        "line_no": 1515,
        "repeat_count": 0,
        "start": 1509,
        "end": 1522,
        "text": ">> 3795    src/mpi4py.MPI.c:161122:33: error: 'PyTypeObject' {aka 'struct _ty",
        "pre_context": "     3790    161096 |   __pyx_type_6mpi4py_3MPI__p_msg_rma.tp_print = 0;\n     3791           |                                     ^\n  >> 3792    src/mpi4py.MPI.c:161106:36: error: 'PyTypeObject' {aka 'struct _ty\n             peobject'} has no member named 'tp_print'\n     3793    161106 |   __pyx_type_6mpi4py_3MPI__p_msg_io.tp_print = 0;\n     3794           |                                    ^",
        "post_context": "             peobject'} has no member named 'tp_print'\n     3796    161122 |   __pyx_type_6mpi4py_3MPI_Pickle.tp_print = 0;\n     3797           |                                 ^\n     3798    src/mpi4py.MPI.c: In function '__Pyx_ParseOptionalKeywords':\n     3799    src/mpi4py.MPI.c:174013:21: warning: '_PyUnicode_get_wstr_length'\n             is deprecated [-Wdeprecated-declarations]",
        "id": 192754,
        "label": "dinos-error"
    },
    {
        "phase": "N/A",
        "source_file": "",
        "source_line_no": 0,
        "line_no": 916,
        "repeat_count": 0,
        "start": 910,
        "end": 923,
        "text": ">> 2831    numpy/random/entropy.c:20741:273: error: macro \"__Pyx_PyCode_New\"",
        "pre_context": "             py/core/src/common -Ibuild/src.linux-x86_64-3.9/numpy/core/src/npy\n             math -c'\n     2827    extra options: '-U__GNUC_GNU_INLINE__ -std=c99 -msse2'\n     2828    gcc: numpy/random/entropy.c\n     2829    gcc: numpy/random/src/entropy/entropy.c\n     2830    numpy/random/entropy.c: In function '__Pyx_InitCachedConstants':",
        "post_context": "             requires 16 arguments, but only 15 given\n     2832    20741 |   __pyx_codeobj__31 = (PyObject*)__Pyx_PyCode_New(2, 0, 14\n             , 0, CO_OPTIMIZED|CO_NEWLOCALS, __pyx_empty_bytes, __pyx_empty_tup\n             le, __pyx_empty_tuple, __pyx_tuple__30, __pyx_empty_tuple, __pyx_e\n             mpty_tuple, __pyx_kp_s_entropy_pyx, __pyx_n_s_seed_by_array, 27, _\n             _pyx_empty_bytes); if (unlikely(!__pyx_codeobj__31)) __PYX_ERR(0,",
        "id": 193616,
        "label": "dinos-error"
    },
    {
        "phase": "N/A",
        "source_file": "",
        "source_line_no": 0,
        "line_no": 934,
        "repeat_count": 0,
        "start": 928,
        "end": 941,
        "text": ">> 2837    numpy/random/entropy.c:20741:34: error: '__Pyx_PyCode_New' undecla",
        "pre_context": "                             ^\n     2834    numpy/random/entropy.c:317: note: macro \"__Pyx_PyCode_New\" defined\n              here\n     2835      317 |   #define __Pyx_PyCode_New(a, p, k, l, s, f, code, c, n, v\n             , fv, cell, fn, name, fline, lnos)\\\n     2836          |",
        "post_context": "             red (first use in this function); did you mean 'PyCode_New'?\n     2838    20741 |   __pyx_codeobj__31 = (PyObject*)__Pyx_PyCode_New(2, 0, 14\n             , 0, CO_OPTIMIZED|CO_NEWLOCALS, __pyx_empty_bytes, __pyx_empty_tup\n             le, __pyx_empty_tuple, __pyx_tuple__30, __pyx_empty_tuple, __pyx_e\n             mpty_tuple, __pyx_kp_s_entropy_pyx, __pyx_n_s_seed_by_array, 27, _\n             _pyx_empty_bytes); if (unlikely(!__pyx_codeobj__31)) __PYX_ERR(0,",
        "id": 193617,
        "label": "dinos-error"
    },
    {
        "phase": "N/A",
        "source_file": "",
        "source_line_no": 0,
        "line_no": 946,
        "repeat_count": 0,
        "start": 940,
        "end": 953,
        "text": ">> 2842    numpy/random/entropy.c:20753:273: error: macro \"__Pyx_PyCode_New\"",
        "pre_context": "             _pyx_empty_bytes); if (unlikely(!__pyx_codeobj__31)) __PYX_ERR(0,\n             27, __pyx_L1_error)\n     2839          |                                  ^~~~~~~~~~~~~~~~\n     2840          |                                  PyCode_New\n     2841    numpy/random/entropy.c:20741:34: note: each undeclared identifier\n             is reported only once for each function it appears in",
        "post_context": "             requires 16 arguments, but only 15 given\n     2843    20753 |   __pyx_codeobj__33 = (PyObject*)__Pyx_PyCode_New(2, 0, 6,\n              0, CO_OPTIMIZED|CO_NEWLOCALS, __pyx_empty_bytes, __pyx_empty_tupl\n             e, __pyx_empty_tuple, __pyx_tuple__32, __pyx_empty_tuple, __pyx_em\n             pty_tuple, __pyx_kp_s_entropy_pyx, __pyx_n_s_random_entropy, 95, _\n             _pyx_empty_bytes); if (unlikely(!__pyx_codeobj__33)) __PYX_ERR(0,",
        "id": 193618,
        "label": "dinos-error"
    },
    {
        "phase": "N/A",
        "source_file": "",
        "source_line_no": 0,
        "line_no": 964,
        "repeat_count": 0,
        "start": 958,
        "end": 971,
        "text": ">> 2848    numpy/random/entropy.c:20818:276: error: macro \"__Pyx_PyCode_New\"",
        "pre_context": "                             ^\n     2845    numpy/random/entropy.c:317: note: macro \"__Pyx_PyCode_New\" defined\n              here\n     2846      317 |   #define __Pyx_PyCode_New(a, p, k, l, s, f, code, c, n, v\n             , fv, cell, fn, name, fline, lnos)\\\n     2847          |",
        "post_context": "             requires 16 arguments, but only 15 given\n     2849    20818 |   __pyx_codeobj__40 = (PyObject*)__Pyx_PyCode_New(3, 0, 5,\n              0, CO_OPTIMIZED|CO_NEWLOCALS, __pyx_empty_bytes, __pyx_empty_tupl\n             e, __pyx_empty_tuple, __pyx_tuple__39, __pyx_empty_tuple, __pyx_em\n             pty_tuple, __pyx_kp_s_stringsource, __pyx_n_s_pyx_unpickle_Enum, 1\n             , __pyx_empty_bytes); if (unlikely(!__pyx_codeobj__40)) __PYX_ERR(",
        "id": 193619,
        "label": "dinos-error"
    },
    {
        "phase": "N/A",
        "source_file": "",
        "source_line_no": 0,
        "line_no": 1001,
        "repeat_count": 0,
        "start": 995,
        "end": 1008,
        "text": ">> 2974    numpy/random/entropy.c:23700:5: error: macro \"__Pyx_PyCode_New\" re",
        "pre_context": "     2971      551 | Py_DEPRECATED(3.3) PyAPI_FUNC(PyObject*) PyUnicode_FromUni\n             code(\n     2972          |                                          ^~~~~~~~~~~~~~~~~\n             ~~~~\n     2973    numpy/random/entropy.c: In function '__Pyx_CreateCodeObjectForTrac\n             eback':",
        "post_context": "             quires 16 arguments, but only 15 given\n     2975    23700 |     );\n     2976          |     ^\n     2977    numpy/random/entropy.c:317: note: macro \"__Pyx_PyCode_New\" defined\n              here\n     2978      317 |   #define __Pyx_PyCode_New(a, p, k, l, s, f, code, c, n, v",
        "id": 193620,
        "label": "dinos-error"
    },
    {
        "phase": "N/A",
        "source_file": "",
        "source_line_no": 0,
        "line_no": 1010,
        "repeat_count": 0,
        "start": 1004,
        "end": 1017,
        "text": ">> 2980    numpy/random/entropy.c:23684:15: error: '__Pyx_PyCode_New' undecla",
        "pre_context": "     2976          |     ^\n     2977    numpy/random/entropy.c:317: note: macro \"__Pyx_PyCode_New\" defined\n              here\n     2978      317 |   #define __Pyx_PyCode_New(a, p, k, l, s, f, code, c, n, v\n             , fv, cell, fn, name, fline, lnos)\\\n     2979          |",
        "post_context": "             red (first use in this function); did you mean 'PyCode_New'?\n     2981    23684 |     py_code = __Pyx_PyCode_New(\n     2982          |               ^~~~~~~~~~~~~~~~\n     2983          |               PyCode_New\n  >> 2984    error: Command \"/p/vast1/koparasy/BUILD/head/spack/lib/spack/env/g\n             cc/gcc -Wno-unused-result -Wsign-compare -DNDEBUG -g -fwrapv -O3 -",
        "id": 193621,
        "label": "dinos-error"
    },
    {
        "phase": "N/A",
        "source_file": "",
        "source_line_no": 0,
        "line_no": 857,
        "repeat_count": 0,
        "start": 851,
        "end": 864,
        "text": ">> 2411    numpy/random/entropy.c:20741:273: error: macro \"__Pyx_PyCode_New\"",
        "pre_context": "             /numpy/core/src/npymath -Ibuild/src.linux-x86_64-3.8/numpy/core/sr\n             c/common -Ibuild/src.linux-x86_64-3.8/numpy/core/src/npymath -c'\n     2407    extra options: '-U__GNUC_GNU_INLINE__ -std=c99 -msse2'\n     2408    gcc: numpy/random/entropy.c\n     2409    gcc: numpy/random/src/entropy/entropy.c\n     2410    numpy/random/entropy.c: In function '__Pyx_InitCachedConstants':",
        "post_context": "             requires 16 arguments, but only 15 given\n     2412    20741 |   __pyx_codeobj__31 = (PyObject*)__Pyx_PyCode_New(2, 0, 14\n             , 0, CO_OPTIMIZED|CO_NEWLOCALS, __pyx_empty_bytes, __pyx_empty_tup\n             le, __pyx_empty_tuple, __pyx_tuple__30, __pyx_empty_tuple, __pyx_e\n             mpty_tuple, __pyx_kp_s_entropy_pyx, __pyx_n_s_seed_by_array, 27, _\n             _pyx_empty_bytes); if (unlikely(!__pyx_codeobj__31)) __PYX_ERR(0,",
        "id": 194679,
        "label": "dinos-error"
    },
    {
        "phase": "N/A",
        "source_file": "",
        "source_line_no": 0,
        "line_no": 875,
        "repeat_count": 0,
        "start": 869,
        "end": 882,
        "text": ">> 2417    numpy/random/entropy.c:20741:34: error: '__Pyx_PyCode_New' undecla",
        "pre_context": "                             ^\n     2414    numpy/random/entropy.c:317: note: macro \"__Pyx_PyCode_New\" defined\n              here\n     2415      317 |   #define __Pyx_PyCode_New(a, p, k, l, s, f, code, c, n, v\n             , fv, cell, fn, name, fline, lnos)\\\n     2416          |",
        "post_context": "             red (first use in this function); did you mean 'PyCode_New'?\n     2418    20741 |   __pyx_codeobj__31 = (PyObject*)__Pyx_PyCode_New(2, 0, 14\n             , 0, CO_OPTIMIZED|CO_NEWLOCALS, __pyx_empty_bytes, __pyx_empty_tup\n             le, __pyx_empty_tuple, __pyx_tuple__30, __pyx_empty_tuple, __pyx_e\n             mpty_tuple, __pyx_kp_s_entropy_pyx, __pyx_n_s_seed_by_array, 27, _\n             _pyx_empty_bytes); if (unlikely(!__pyx_codeobj__31)) __PYX_ERR(0,",
        "id": 194680,
        "label": "dinos-error"
    },
    {
        "phase": "N/A",
        "source_file": "",
        "source_line_no": 0,
        "line_no": 887,
        "repeat_count": 0,
        "start": 881,
        "end": 894,
        "text": ">> 2422    numpy/random/entropy.c:20753:273: error: macro \"__Pyx_PyCode_New\"",
        "pre_context": "             _pyx_empty_bytes); if (unlikely(!__pyx_codeobj__31)) __PYX_ERR(0,\n             27, __pyx_L1_error)\n     2419          |                                  ^~~~~~~~~~~~~~~~\n     2420          |                                  PyCode_New\n     2421    numpy/random/entropy.c:20741:34: note: each undeclared identifier\n             is reported only once for each function it appears in",
        "post_context": "             requires 16 arguments, but only 15 given\n     2423    20753 |   __pyx_codeobj__33 = (PyObject*)__Pyx_PyCode_New(2, 0, 6,\n              0, CO_OPTIMIZED|CO_NEWLOCALS, __pyx_empty_bytes, __pyx_empty_tupl\n             e, __pyx_empty_tuple, __pyx_tuple__32, __pyx_empty_tuple, __pyx_em\n             pty_tuple, __pyx_kp_s_entropy_pyx, __pyx_n_s_random_entropy, 95, _\n             _pyx_empty_bytes); if (unlikely(!__pyx_codeobj__33)) __PYX_ERR(0,",
        "id": 194681,
        "label": "dinos-error"
    },
    {
        "phase": "N/A",
        "source_file": "",
        "source_line_no": 0,
        "line_no": 905,
        "repeat_count": 0,
        "start": 899,
        "end": 912,
        "text": ">> 2428    numpy/random/entropy.c:20818:276: error: macro \"__Pyx_PyCode_New\"",
        "pre_context": "                             ^\n     2425    numpy/random/entropy.c:317: note: macro \"__Pyx_PyCode_New\" defined\n              here\n     2426      317 |   #define __Pyx_PyCode_New(a, p, k, l, s, f, code, c, n, v\n             , fv, cell, fn, name, fline, lnos)\\\n     2427          |",
        "post_context": "             requires 16 arguments, but only 15 given\n     2429    20818 |   __pyx_codeobj__40 = (PyObject*)__Pyx_PyCode_New(3, 0, 5,\n              0, CO_OPTIMIZED|CO_NEWLOCALS, __pyx_empty_bytes, __pyx_empty_tupl\n             e, __pyx_empty_tuple, __pyx_tuple__39, __pyx_empty_tuple, __pyx_em\n             pty_tuple, __pyx_kp_s_stringsource, __pyx_n_s_pyx_unpickle_Enum, 1\n             , __pyx_empty_bytes); if (unlikely(!__pyx_codeobj__40)) __PYX_ERR(",
        "id": 194682,
        "label": "dinos-error"
    },
    {
        "phase": "N/A",
        "source_file": "",
        "source_line_no": 0,
        "line_no": 925,
        "repeat_count": 0,
        "start": 919,
        "end": 932,
        "text": ">> 2435    numpy/random/entropy.c:23700:5: error: macro \"__Pyx_PyCode_New\" re",
        "pre_context": "              here\n     2432      317 |   #define __Pyx_PyCode_New(a, p, k, l, s, f, code, c, n, v\n             , fv, cell, fn, name, fline, lnos)\\\n     2433          |\n     2434    numpy/random/entropy.c: In function '__Pyx_CreateCodeObjectForTrac\n             eback':",
        "post_context": "             quires 16 arguments, but only 15 given\n     2436    23700 |     );\n     2437          |     ^\n     2438    numpy/random/entropy.c:317: note: macro \"__Pyx_PyCode_New\" defined\n              here\n     2439      317 |   #define __Pyx_PyCode_New(a, p, k, l, s, f, code, c, n, v",
        "id": 194683,
        "label": "dinos-error"
    },
    {
        "phase": "N/A",
        "source_file": "",
        "source_line_no": 0,
        "line_no": 934,
        "repeat_count": 0,
        "start": 928,
        "end": 941,
        "text": ">> 2441    numpy/random/entropy.c:23684:15: error: '__Pyx_PyCode_New' undecla",
        "pre_context": "     2437          |     ^\n     2438    numpy/random/entropy.c:317: note: macro \"__Pyx_PyCode_New\" defined\n              here\n     2439      317 |   #define __Pyx_PyCode_New(a, p, k, l, s, f, code, c, n, v\n             , fv, cell, fn, name, fline, lnos)\\\n     2440          |",
        "post_context": "             red (first use in this function); did you mean 'PyCode_New'?\n     2442    23684 |     py_code = __Pyx_PyCode_New(\n     2443          |               ^~~~~~~~~~~~~~~~\n     2444          |               PyCode_New\n     2445    Running from numpy source directory.\n  >> 2446    /p/vast1/koparasy/BUILD/spack_cluster_installer/quartz/nrm/spack_e",
        "id": 194684,
        "label": "dinos-error"
    },
    {
        "phase": "N/A",
        "source_file": "",
        "source_line_no": 0,
        "line_no": 857,
        "repeat_count": 0,
        "start": 851,
        "end": 864,
        "text": ">> 2411    numpy/random/entropy.c:20741:273: error: macro \"__Pyx_PyCode_New\"",
        "pre_context": "             /numpy/core/src/npymath -Ibuild/src.linux-x86_64-3.8/numpy/core/sr\n             c/common -Ibuild/src.linux-x86_64-3.8/numpy/core/src/npymath -c'\n     2407    extra options: '-U__GNUC_GNU_INLINE__ -std=c99 -msse2'\n     2408    gcc: numpy/random/entropy.c\n     2409    gcc: numpy/random/src/entropy/entropy.c\n     2410    numpy/random/entropy.c: In function '__Pyx_InitCachedConstants':",
        "post_context": "             requires 16 arguments, but only 15 given\n     2412    20741 |   __pyx_codeobj__31 = (PyObject*)__Pyx_PyCode_New(2, 0, 14\n             , 0, CO_OPTIMIZED|CO_NEWLOCALS, __pyx_empty_bytes, __pyx_empty_tup\n             le, __pyx_empty_tuple, __pyx_tuple__30, __pyx_empty_tuple, __pyx_e\n             mpty_tuple, __pyx_kp_s_entropy_pyx, __pyx_n_s_seed_by_array, 27, _\n             _pyx_empty_bytes); if (unlikely(!__pyx_codeobj__31)) __PYX_ERR(0,",
        "id": 194694,
        "label": "dinos-error"
    },
    {
        "phase": "N/A",
        "source_file": "",
        "source_line_no": 0,
        "line_no": 875,
        "repeat_count": 0,
        "start": 869,
        "end": 882,
        "text": ">> 2417    numpy/random/entropy.c:20741:34: error: '__Pyx_PyCode_New' undecla",
        "pre_context": "                             ^\n     2414    numpy/random/entropy.c:317: note: macro \"__Pyx_PyCode_New\" defined\n              here\n     2415      317 |   #define __Pyx_PyCode_New(a, p, k, l, s, f, code, c, n, v\n             , fv, cell, fn, name, fline, lnos)\\\n     2416          |",
        "post_context": "             red (first use in this function); did you mean 'PyCode_New'?\n     2418    20741 |   __pyx_codeobj__31 = (PyObject*)__Pyx_PyCode_New(2, 0, 14\n             , 0, CO_OPTIMIZED|CO_NEWLOCALS, __pyx_empty_bytes, __pyx_empty_tup\n             le, __pyx_empty_tuple, __pyx_tuple__30, __pyx_empty_tuple, __pyx_e\n             mpty_tuple, __pyx_kp_s_entropy_pyx, __pyx_n_s_seed_by_array, 27, _\n             _pyx_empty_bytes); if (unlikely(!__pyx_codeobj__31)) __PYX_ERR(0,",
        "id": 194695,
        "label": "dinos-error"
    },
    {
        "phase": "N/A",
        "source_file": "",
        "source_line_no": 0,
        "line_no": 887,
        "repeat_count": 0,
        "start": 881,
        "end": 894,
        "text": ">> 2422    numpy/random/entropy.c:20753:273: error: macro \"__Pyx_PyCode_New\"",
        "pre_context": "             _pyx_empty_bytes); if (unlikely(!__pyx_codeobj__31)) __PYX_ERR(0,\n             27, __pyx_L1_error)\n     2419          |                                  ^~~~~~~~~~~~~~~~\n     2420          |                                  PyCode_New\n     2421    numpy/random/entropy.c:20741:34: note: each undeclared identifier\n             is reported only once for each function it appears in",
        "post_context": "             requires 16 arguments, but only 15 given\n     2423    20753 |   __pyx_codeobj__33 = (PyObject*)__Pyx_PyCode_New(2, 0, 6,\n              0, CO_OPTIMIZED|CO_NEWLOCALS, __pyx_empty_bytes, __pyx_empty_tupl\n             e, __pyx_empty_tuple, __pyx_tuple__32, __pyx_empty_tuple, __pyx_em\n             pty_tuple, __pyx_kp_s_entropy_pyx, __pyx_n_s_random_entropy, 95, _\n             _pyx_empty_bytes); if (unlikely(!__pyx_codeobj__33)) __PYX_ERR(0,",
        "id": 194696,
        "label": "dinos-error"
    },
    {
        "phase": "N/A",
        "source_file": "",
        "source_line_no": 0,
        "line_no": 905,
        "repeat_count": 0,
        "start": 899,
        "end": 912,
        "text": ">> 2428    numpy/random/entropy.c:20818:276: error: macro \"__Pyx_PyCode_New\"",
        "pre_context": "                             ^\n     2425    numpy/random/entropy.c:317: note: macro \"__Pyx_PyCode_New\" defined\n              here\n     2426      317 |   #define __Pyx_PyCode_New(a, p, k, l, s, f, code, c, n, v\n             , fv, cell, fn, name, fline, lnos)\\\n     2427          |",
        "post_context": "             requires 16 arguments, but only 15 given\n     2429    20818 |   __pyx_codeobj__40 = (PyObject*)__Pyx_PyCode_New(3, 0, 5,\n              0, CO_OPTIMIZED|CO_NEWLOCALS, __pyx_empty_bytes, __pyx_empty_tupl\n             e, __pyx_empty_tuple, __pyx_tuple__39, __pyx_empty_tuple, __pyx_em\n             pty_tuple, __pyx_kp_s_stringsource, __pyx_n_s_pyx_unpickle_Enum, 1\n             , __pyx_empty_bytes); if (unlikely(!__pyx_codeobj__40)) __PYX_ERR(",
        "id": 194697,
        "label": "dinos-error"
    },
    {
        "phase": "N/A",
        "source_file": "",
        "source_line_no": 0,
        "line_no": 925,
        "repeat_count": 0,
        "start": 919,
        "end": 932,
        "text": ">> 2435    numpy/random/entropy.c:23700:5: error: macro \"__Pyx_PyCode_New\" re",
        "pre_context": "              here\n     2432      317 |   #define __Pyx_PyCode_New(a, p, k, l, s, f, code, c, n, v\n             , fv, cell, fn, name, fline, lnos)\\\n     2433          |\n     2434    numpy/random/entropy.c: In function '__Pyx_CreateCodeObjectForTrac\n             eback':",
        "post_context": "             quires 16 arguments, but only 15 given\n     2436    23700 |     );\n     2437          |     ^\n     2438    numpy/random/entropy.c:317: note: macro \"__Pyx_PyCode_New\" defined\n              here\n     2439      317 |   #define __Pyx_PyCode_New(a, p, k, l, s, f, code, c, n, v",
        "id": 194698,
        "label": "dinos-error"
    },
    {
        "phase": "N/A",
        "source_file": "",
        "source_line_no": 0,
        "line_no": 934,
        "repeat_count": 0,
        "start": 928,
        "end": 941,
        "text": ">> 2441    numpy/random/entropy.c:23684:15: error: '__Pyx_PyCode_New' undecla",
        "pre_context": "     2437          |     ^\n     2438    numpy/random/entropy.c:317: note: macro \"__Pyx_PyCode_New\" defined\n              here\n     2439      317 |   #define __Pyx_PyCode_New(a, p, k, l, s, f, code, c, n, v\n             , fv, cell, fn, name, fline, lnos)\\\n     2440          |",
        "post_context": "             red (first use in this function); did you mean 'PyCode_New'?\n     2442    23684 |     py_code = __Pyx_PyCode_New(\n     2443          |               ^~~~~~~~~~~~~~~~\n     2444          |               PyCode_New\n     2445    Running from numpy source directory.\n  >> 2446    /p/vast1/koparasy/BUILD/spack_cluster_installer/quartz/nrm/spack_e",
        "id": 194699,
        "label": "dinos-error"
    },
    {
        "phase": "N/A",
        "source_file": "",
        "source_line_no": 0,
        "line_no": 904,
        "repeat_count": 0,
        "start": 898,
        "end": 911,
        "text": ">> 2831    numpy/random/entropy.c:20741:273: error: macro \"__Pyx_PyCode_New\"",
        "pre_context": "             core/src/common -Ibuild/src.linux-x86_64-3.9/numpy/core/src/npymat\n             h -c'\n     2827    extra options: '-U__GNUC_GNU_INLINE__ -std=c99 -msse2'\n     2828    gcc: numpy/random/entropy.c\n     2829    gcc: numpy/random/src/entropy/entropy.c\n     2830    numpy/random/entropy.c: In function '__Pyx_InitCachedConstants':",
        "post_context": "             requires 16 arguments, but only 15 given\n     2832    20741 |   __pyx_codeobj__31 = (PyObject*)__Pyx_PyCode_New(2, 0, 14\n             , 0, CO_OPTIMIZED|CO_NEWLOCALS, __pyx_empty_bytes, __pyx_empty_tup\n             le, __pyx_empty_tuple, __pyx_tuple__30, __pyx_empty_tuple, __pyx_e\n             mpty_tuple, __pyx_kp_s_entropy_pyx, __pyx_n_s_seed_by_array, 27, _\n             _pyx_empty_bytes); if (unlikely(!__pyx_codeobj__31)) __PYX_ERR(0,",
        "id": 196390,
        "label": "dinos-error"
    },
    {
        "phase": "N/A",
        "source_file": "",
        "source_line_no": 0,
        "line_no": 922,
        "repeat_count": 0,
        "start": 916,
        "end": 929,
        "text": ">> 2837    numpy/random/entropy.c:20741:34: error: '__Pyx_PyCode_New' undecla",
        "pre_context": "                             ^\n     2834    numpy/random/entropy.c:317: note: macro \"__Pyx_PyCode_New\" defined\n              here\n     2835      317 |   #define __Pyx_PyCode_New(a, p, k, l, s, f, code, c, n, v\n             , fv, cell, fn, name, fline, lnos)\\\n     2836          |",
        "post_context": "             red (first use in this function); did you mean 'PyCode_New'?\n     2838    20741 |   __pyx_codeobj__31 = (PyObject*)__Pyx_PyCode_New(2, 0, 14\n             , 0, CO_OPTIMIZED|CO_NEWLOCALS, __pyx_empty_bytes, __pyx_empty_tup\n             le, __pyx_empty_tuple, __pyx_tuple__30, __pyx_empty_tuple, __pyx_e\n             mpty_tuple, __pyx_kp_s_entropy_pyx, __pyx_n_s_seed_by_array, 27, _\n             _pyx_empty_bytes); if (unlikely(!__pyx_codeobj__31)) __PYX_ERR(0,",
        "id": 196391,
        "label": "dinos-error"
    },
    {
        "phase": "N/A",
        "source_file": "",
        "source_line_no": 0,
        "line_no": 934,
        "repeat_count": 0,
        "start": 928,
        "end": 941,
        "text": ">> 2842    numpy/random/entropy.c:20753:273: error: macro \"__Pyx_PyCode_New\"",
        "pre_context": "             _pyx_empty_bytes); if (unlikely(!__pyx_codeobj__31)) __PYX_ERR(0,\n             27, __pyx_L1_error)\n     2839          |                                  ^~~~~~~~~~~~~~~~\n     2840          |                                  PyCode_New\n     2841    numpy/random/entropy.c:20741:34: note: each undeclared identifier\n             is reported only once for each function it appears in",
        "post_context": "             requires 16 arguments, but only 15 given\n     2843    20753 |   __pyx_codeobj__33 = (PyObject*)__Pyx_PyCode_New(2, 0, 6,\n              0, CO_OPTIMIZED|CO_NEWLOCALS, __pyx_empty_bytes, __pyx_empty_tupl\n             e, __pyx_empty_tuple, __pyx_tuple__32, __pyx_empty_tuple, __pyx_em\n             pty_tuple, __pyx_kp_s_entropy_pyx, __pyx_n_s_random_entropy, 95, _\n             _pyx_empty_bytes); if (unlikely(!__pyx_codeobj__33)) __PYX_ERR(0,",
        "id": 196392,
        "label": "dinos-error"
    },
    {
        "phase": "N/A",
        "source_file": "",
        "source_line_no": 0,
        "line_no": 952,
        "repeat_count": 0,
        "start": 946,
        "end": 959,
        "text": ">> 2848    numpy/random/entropy.c:20818:276: error: macro \"__Pyx_PyCode_New\"",
        "pre_context": "                             ^\n     2845    numpy/random/entropy.c:317: note: macro \"__Pyx_PyCode_New\" defined\n              here\n     2846      317 |   #define __Pyx_PyCode_New(a, p, k, l, s, f, code, c, n, v\n             , fv, cell, fn, name, fline, lnos)\\\n     2847          |",
        "post_context": "             requires 16 arguments, but only 15 given\n     2849    20818 |   __pyx_codeobj__40 = (PyObject*)__Pyx_PyCode_New(3, 0, 5,\n              0, CO_OPTIMIZED|CO_NEWLOCALS, __pyx_empty_bytes, __pyx_empty_tupl\n             e, __pyx_empty_tuple, __pyx_tuple__39, __pyx_empty_tuple, __pyx_em\n             pty_tuple, __pyx_kp_s_stringsource, __pyx_n_s_pyx_unpickle_Enum, 1\n             , __pyx_empty_bytes); if (unlikely(!__pyx_codeobj__40)) __PYX_ERR(",
        "id": 196393,
        "label": "dinos-error"
    },
    {
        "phase": "N/A",
        "source_file": "",
        "source_line_no": 0,
        "line_no": 989,
        "repeat_count": 0,
        "start": 983,
        "end": 996,
        "text": ">> 2974    numpy/random/entropy.c:23700:5: error: macro \"__Pyx_PyCode_New\" re",
        "pre_context": "     2971      551 | Py_DEPRECATED(3.3) PyAPI_FUNC(PyObject*) PyUnicode_FromUni\n             code(\n     2972          |                                          ^~~~~~~~~~~~~~~~~\n             ~~~~\n     2973    numpy/random/entropy.c: In function '__Pyx_CreateCodeObjectForTrac\n             eback':",
        "post_context": "             quires 16 arguments, but only 15 given\n     2975    23700 |     );\n     2976          |     ^\n     2977    numpy/random/entropy.c:317: note: macro \"__Pyx_PyCode_New\" defined\n              here\n     2978      317 |   #define __Pyx_PyCode_New(a, p, k, l, s, f, code, c, n, v",
        "id": 196394,
        "label": "dinos-error"
    },
    {
        "phase": "N/A",
        "source_file": "",
        "source_line_no": 0,
        "line_no": 998,
        "repeat_count": 0,
        "start": 992,
        "end": 1005,
        "text": ">> 2980    numpy/random/entropy.c:23684:15: error: '__Pyx_PyCode_New' undecla",
        "pre_context": "     2976          |     ^\n     2977    numpy/random/entropy.c:317: note: macro \"__Pyx_PyCode_New\" defined\n              here\n     2978      317 |   #define __Pyx_PyCode_New(a, p, k, l, s, f, code, c, n, v\n             , fv, cell, fn, name, fline, lnos)\\\n     2979          |",
        "post_context": "             red (first use in this function); did you mean 'PyCode_New'?\n     2981    23684 |     py_code = __Pyx_PyCode_New(\n     2982          |               ^~~~~~~~~~~~~~~~\n     2983          |               PyCode_New\n  >> 2984    error: Command \"/p/vast1/koparasy/BUILD/head/spack/lib/spack/env/g\n             cc/gcc -Wno-unused-result -Wsign-compare -DNDEBUG -g -fwrapv -O3 -",
        "id": 196395,
        "label": "dinos-error"
    },
    {
        "phase": "N/A",
        "source_file": "",
        "source_line_no": 0,
        "line_no": 879,
        "repeat_count": 0,
        "start": 873,
        "end": 886,
        "text": ">> 2829    numpy/random/entropy.c:20741:273: error: macro \"__Pyx_PyCode_New\"",
        "pre_context": "             e/src/common -Ibuild/src.linux-x86_64-3.9/numpy/core/src/npymath -\n             c'\n     2825    extra options: '-U__GNUC_GNU_INLINE__ -std=c99 -msse2'\n     2826    gcc: numpy/random/entropy.c\n     2827    gcc: numpy/random/src/entropy/entropy.c\n     2828    numpy/random/entropy.c: In function '__Pyx_InitCachedConstants':",
        "post_context": "             requires 16 arguments, but only 15 given\n     2830    20741 |   __pyx_codeobj__31 = (PyObject*)__Pyx_PyCode_New(2, 0, 14\n             , 0, CO_OPTIMIZED|CO_NEWLOCALS, __pyx_empty_bytes, __pyx_empty_tup\n             le, __pyx_empty_tuple, __pyx_tuple__30, __pyx_empty_tuple, __pyx_e\n             mpty_tuple, __pyx_kp_s_entropy_pyx, __pyx_n_s_seed_by_array, 27, _\n             _pyx_empty_bytes); if (unlikely(!__pyx_codeobj__31)) __PYX_ERR(0,",
        "id": 196979,
        "label": "dinos-error"
    },
    {
        "phase": "N/A",
        "source_file": "",
        "source_line_no": 0,
        "line_no": 897,
        "repeat_count": 0,
        "start": 891,
        "end": 904,
        "text": ">> 2835    numpy/random/entropy.c:20741:34: error: '__Pyx_PyCode_New' undecla",
        "pre_context": "                             ^\n     2832    numpy/random/entropy.c:317: note: macro \"__Pyx_PyCode_New\" defined\n              here\n     2833      317 |   #define __Pyx_PyCode_New(a, p, k, l, s, f, code, c, n, v\n             , fv, cell, fn, name, fline, lnos)\\\n     2834          |",
        "post_context": "             red (first use in this function); did you mean 'PyCode_New'?\n     2836    20741 |   __pyx_codeobj__31 = (PyObject*)__Pyx_PyCode_New(2, 0, 14\n             , 0, CO_OPTIMIZED|CO_NEWLOCALS, __pyx_empty_bytes, __pyx_empty_tup\n             le, __pyx_empty_tuple, __pyx_tuple__30, __pyx_empty_tuple, __pyx_e\n             mpty_tuple, __pyx_kp_s_entropy_pyx, __pyx_n_s_seed_by_array, 27, _\n             _pyx_empty_bytes); if (unlikely(!__pyx_codeobj__31)) __PYX_ERR(0,",
        "id": 196980,
        "label": "dinos-error"
    },
    {
        "phase": "N/A",
        "source_file": "",
        "source_line_no": 0,
        "line_no": 909,
        "repeat_count": 0,
        "start": 903,
        "end": 916,
        "text": ">> 2840    numpy/random/entropy.c:20753:273: error: macro \"__Pyx_PyCode_New\"",
        "pre_context": "             _pyx_empty_bytes); if (unlikely(!__pyx_codeobj__31)) __PYX_ERR(0,\n             27, __pyx_L1_error)\n     2837          |                                  ^~~~~~~~~~~~~~~~\n     2838          |                                  PyCode_New\n     2839    numpy/random/entropy.c:20741:34: note: each undeclared identifier\n             is reported only once for each function it appears in",
        "post_context": "             requires 16 arguments, but only 15 given\n     2841    20753 |   __pyx_codeobj__33 = (PyObject*)__Pyx_PyCode_New(2, 0, 6,\n              0, CO_OPTIMIZED|CO_NEWLOCALS, __pyx_empty_bytes, __pyx_empty_tupl\n             e, __pyx_empty_tuple, __pyx_tuple__32, __pyx_empty_tuple, __pyx_em\n             pty_tuple, __pyx_kp_s_entropy_pyx, __pyx_n_s_random_entropy, 95, _\n             _pyx_empty_bytes); if (unlikely(!__pyx_codeobj__33)) __PYX_ERR(0,",
        "id": 196981,
        "label": "dinos-error"
    },
    {
        "phase": "N/A",
        "source_file": "",
        "source_line_no": 0,
        "line_no": 927,
        "repeat_count": 0,
        "start": 921,
        "end": 934,
        "text": ">> 2846    numpy/random/entropy.c:20818:276: error: macro \"__Pyx_PyCode_New\"",
        "pre_context": "                             ^\n     2843    numpy/random/entropy.c:317: note: macro \"__Pyx_PyCode_New\" defined\n              here\n     2844      317 |   #define __Pyx_PyCode_New(a, p, k, l, s, f, code, c, n, v\n             , fv, cell, fn, name, fline, lnos)\\\n     2845          |",
        "post_context": "             requires 16 arguments, but only 15 given\n     2847    20818 |   __pyx_codeobj__40 = (PyObject*)__Pyx_PyCode_New(3, 0, 5,\n              0, CO_OPTIMIZED|CO_NEWLOCALS, __pyx_empty_bytes, __pyx_empty_tupl\n             e, __pyx_empty_tuple, __pyx_tuple__39, __pyx_empty_tuple, __pyx_em\n             pty_tuple, __pyx_kp_s_stringsource, __pyx_n_s_pyx_unpickle_Enum, 1\n             , __pyx_empty_bytes); if (unlikely(!__pyx_codeobj__40)) __PYX_ERR(",
        "id": 196982,
        "label": "dinos-error"
    },
    {
        "phase": "N/A",
        "source_file": "",
        "source_line_no": 0,
        "line_no": 964,
        "repeat_count": 0,
        "start": 958,
        "end": 971,
        "text": ">> 2972    numpy/random/entropy.c:23700:5: error: macro \"__Pyx_PyCode_New\" re",
        "pre_context": "     2969      551 | Py_DEPRECATED(3.3) PyAPI_FUNC(PyObject*) PyUnicode_FromUni\n             code(\n     2970          |                                          ^~~~~~~~~~~~~~~~~\n             ~~~~\n     2971    numpy/random/entropy.c: In function '__Pyx_CreateCodeObjectForTrac\n             eback':",
        "post_context": "             quires 16 arguments, but only 15 given\n     2973    23700 |     );\n     2974          |     ^\n     2975    numpy/random/entropy.c:317: note: macro \"__Pyx_PyCode_New\" defined\n              here\n     2976      317 |   #define __Pyx_PyCode_New(a, p, k, l, s, f, code, c, n, v",
        "id": 196983,
        "label": "dinos-error"
    },
    {
        "phase": "N/A",
        "source_file": "",
        "source_line_no": 0,
        "line_no": 973,
        "repeat_count": 0,
        "start": 967,
        "end": 980,
        "text": ">> 2978    numpy/random/entropy.c:23684:15: error: '__Pyx_PyCode_New' undecla",
        "pre_context": "     2974          |     ^\n     2975    numpy/random/entropy.c:317: note: macro \"__Pyx_PyCode_New\" defined\n              here\n     2976      317 |   #define __Pyx_PyCode_New(a, p, k, l, s, f, code, c, n, v\n             , fv, cell, fn, name, fline, lnos)\\\n     2977          |",
        "post_context": "             red (first use in this function); did you mean 'PyCode_New'?\n     2979    23684 |     py_code = __Pyx_PyCode_New(\n     2980          |               ^~~~~~~~~~~~~~~~\n     2981          |               PyCode_New\n  >> 2982    error: Command \"/p/vast1/koparasy/BUILD/head/spack/lib/spack/env/g\n             cc/gcc -Wno-unused-result -Wsign-compare -DNDEBUG -g -fwrapv -O3 -",
        "id": 196984,
        "label": "dinos-error"
    },
    {
        "phase": "N/A",
        "source_file": "",
        "source_line_no": 0,
        "line_no": 879,
        "repeat_count": 0,
        "start": 873,
        "end": 886,
        "text": ">> 2829    numpy/random/entropy.c:20741:273: error: macro \"__Pyx_PyCode_New\"",
        "pre_context": "             e/src/common -Ibuild/src.linux-x86_64-3.9/numpy/core/src/npymath -\n             c'\n     2825    extra options: '-U__GNUC_GNU_INLINE__ -std=c99 -msse2'\n     2826    gcc: numpy/random/entropy.c\n     2827    gcc: numpy/random/src/entropy/entropy.c\n     2828    numpy/random/entropy.c: In function '__Pyx_InitCachedConstants':",
        "post_context": "             requires 16 arguments, but only 15 given\n     2830    20741 |   __pyx_codeobj__31 = (PyObject*)__Pyx_PyCode_New(2, 0, 14\n             , 0, CO_OPTIMIZED|CO_NEWLOCALS, __pyx_empty_bytes, __pyx_empty_tup\n             le, __pyx_empty_tuple, __pyx_tuple__30, __pyx_empty_tuple, __pyx_e\n             mpty_tuple, __pyx_kp_s_entropy_pyx, __pyx_n_s_seed_by_array, 27, _\n             _pyx_empty_bytes); if (unlikely(!__pyx_codeobj__31)) __PYX_ERR(0,",
        "id": 197191,
        "label": "dinos-error"
    },
    {
        "phase": "N/A",
        "source_file": "",
        "source_line_no": 0,
        "line_no": 897,
        "repeat_count": 0,
        "start": 891,
        "end": 904,
        "text": ">> 2835    numpy/random/entropy.c:20741:34: error: '__Pyx_PyCode_New' undecla",
        "pre_context": "                             ^\n     2832    numpy/random/entropy.c:317: note: macro \"__Pyx_PyCode_New\" defined\n              here\n     2833      317 |   #define __Pyx_PyCode_New(a, p, k, l, s, f, code, c, n, v\n             , fv, cell, fn, name, fline, lnos)\\\n     2834          |",
        "post_context": "             red (first use in this function); did you mean 'PyCode_New'?\n     2836    20741 |   __pyx_codeobj__31 = (PyObject*)__Pyx_PyCode_New(2, 0, 14\n             , 0, CO_OPTIMIZED|CO_NEWLOCALS, __pyx_empty_bytes, __pyx_empty_tup\n             le, __pyx_empty_tuple, __pyx_tuple__30, __pyx_empty_tuple, __pyx_e\n             mpty_tuple, __pyx_kp_s_entropy_pyx, __pyx_n_s_seed_by_array, 27, _\n             _pyx_empty_bytes); if (unlikely(!__pyx_codeobj__31)) __PYX_ERR(0,",
        "id": 197192,
        "label": "dinos-error"
    },
    {
        "phase": "N/A",
        "source_file": "",
        "source_line_no": 0,
        "line_no": 909,
        "repeat_count": 0,
        "start": 903,
        "end": 916,
        "text": ">> 2840    numpy/random/entropy.c:20753:273: error: macro \"__Pyx_PyCode_New\"",
        "pre_context": "             _pyx_empty_bytes); if (unlikely(!__pyx_codeobj__31)) __PYX_ERR(0,\n             27, __pyx_L1_error)\n     2837          |                                  ^~~~~~~~~~~~~~~~\n     2838          |                                  PyCode_New\n     2839    numpy/random/entropy.c:20741:34: note: each undeclared identifier\n             is reported only once for each function it appears in",
        "post_context": "             requires 16 arguments, but only 15 given\n     2841    20753 |   __pyx_codeobj__33 = (PyObject*)__Pyx_PyCode_New(2, 0, 6,\n              0, CO_OPTIMIZED|CO_NEWLOCALS, __pyx_empty_bytes, __pyx_empty_tupl\n             e, __pyx_empty_tuple, __pyx_tuple__32, __pyx_empty_tuple, __pyx_em\n             pty_tuple, __pyx_kp_s_entropy_pyx, __pyx_n_s_random_entropy, 95, _\n             _pyx_empty_bytes); if (unlikely(!__pyx_codeobj__33)) __PYX_ERR(0,",
        "id": 197193,
        "label": "dinos-error"
    },
    {
        "phase": "N/A",
        "source_file": "",
        "source_line_no": 0,
        "line_no": 927,
        "repeat_count": 0,
        "start": 921,
        "end": 934,
        "text": ">> 2846    numpy/random/entropy.c:20818:276: error: macro \"__Pyx_PyCode_New\"",
        "pre_context": "                             ^\n     2843    numpy/random/entropy.c:317: note: macro \"__Pyx_PyCode_New\" defined\n              here\n     2844      317 |   #define __Pyx_PyCode_New(a, p, k, l, s, f, code, c, n, v\n             , fv, cell, fn, name, fline, lnos)\\\n     2845          |",
        "post_context": "             requires 16 arguments, but only 15 given\n     2847    20818 |   __pyx_codeobj__40 = (PyObject*)__Pyx_PyCode_New(3, 0, 5,\n              0, CO_OPTIMIZED|CO_NEWLOCALS, __pyx_empty_bytes, __pyx_empty_tupl\n             e, __pyx_empty_tuple, __pyx_tuple__39, __pyx_empty_tuple, __pyx_em\n             pty_tuple, __pyx_kp_s_stringsource, __pyx_n_s_pyx_unpickle_Enum, 1\n             , __pyx_empty_bytes); if (unlikely(!__pyx_codeobj__40)) __PYX_ERR(",
        "id": 197194,
        "label": "dinos-error"
    },
    {
        "phase": "N/A",
        "source_file": "",
        "source_line_no": 0,
        "line_no": 964,
        "repeat_count": 0,
        "start": 958,
        "end": 971,
        "text": ">> 2972    numpy/random/entropy.c:23700:5: error: macro \"__Pyx_PyCode_New\" re",
        "pre_context": "     2969      551 | Py_DEPRECATED(3.3) PyAPI_FUNC(PyObject*) PyUnicode_FromUni\n             code(\n     2970          |                                          ^~~~~~~~~~~~~~~~~\n             ~~~~\n     2971    numpy/random/entropy.c: In function '__Pyx_CreateCodeObjectForTrac\n             eback':",
        "post_context": "             quires 16 arguments, but only 15 given\n     2973    23700 |     );\n     2974          |     ^\n     2975    numpy/random/entropy.c:317: note: macro \"__Pyx_PyCode_New\" defined\n              here\n     2976      317 |   #define __Pyx_PyCode_New(a, p, k, l, s, f, code, c, n, v",
        "id": 197195,
        "label": "dinos-error"
    },
    {
        "phase": "N/A",
        "source_file": "",
        "source_line_no": 0,
        "line_no": 973,
        "repeat_count": 0,
        "start": 967,
        "end": 980,
        "text": ">> 2978    numpy/random/entropy.c:23684:15: error: '__Pyx_PyCode_New' undecla",
        "pre_context": "     2974          |     ^\n     2975    numpy/random/entropy.c:317: note: macro \"__Pyx_PyCode_New\" defined\n              here\n     2976      317 |   #define __Pyx_PyCode_New(a, p, k, l, s, f, code, c, n, v\n             , fv, cell, fn, name, fline, lnos)\\\n     2977          |",
        "post_context": "             red (first use in this function); did you mean 'PyCode_New'?\n     2979    23684 |     py_code = __Pyx_PyCode_New(\n     2980          |               ^~~~~~~~~~~~~~~~\n     2981          |               PyCode_New\n  >> 2982    error: Command \"/p/vast1/koparasy/BUILD/head/spack/lib/spack/env/g\n             cc/gcc -Wno-unused-result -Wsign-compare -DNDEBUG -g -fwrapv -O3 -",
        "id": 197196,
        "label": "dinos-error"
    },
    {
        "phase": "N/A",
        "source_file": "",
        "source_line_no": 0,
        "line_no": 900,
        "repeat_count": 0,
        "start": 894,
        "end": 907,
        "text": ">> 2831    numpy/random/entropy.c:20741:273: error: macro \"__Pyx_PyCode_New\"",
        "pre_context": "             e/src/common -Ibuild/src.linux-x86_64-3.9/numpy/core/src/npymath -\n             c'\n     2827    extra options: '-U__GNUC_GNU_INLINE__ -std=c99 -msse2'\n     2828    gcc: numpy/random/entropy.c\n     2829    gcc: numpy/random/src/entropy/entropy.c\n     2830    numpy/random/entropy.c: In function '__Pyx_InitCachedConstants':",
        "post_context": "             requires 16 arguments, but only 15 given\n     2832    20741 |   __pyx_codeobj__31 = (PyObject*)__Pyx_PyCode_New(2, 0, 14\n             , 0, CO_OPTIMIZED|CO_NEWLOCALS, __pyx_empty_bytes, __pyx_empty_tup\n             le, __pyx_empty_tuple, __pyx_tuple__30, __pyx_empty_tuple, __pyx_e\n             mpty_tuple, __pyx_kp_s_entropy_pyx, __pyx_n_s_seed_by_array, 27, _\n             _pyx_empty_bytes); if (unlikely(!__pyx_codeobj__31)) __PYX_ERR(0,",
        "id": 197577,
        "label": "dinos-error"
    },
    {
        "phase": "N/A",
        "source_file": "",
        "source_line_no": 0,
        "line_no": 918,
        "repeat_count": 0,
        "start": 912,
        "end": 925,
        "text": ">> 2837    numpy/random/entropy.c:20741:34: error: '__Pyx_PyCode_New' undecla",
        "pre_context": "                             ^\n     2834    numpy/random/entropy.c:317: note: macro \"__Pyx_PyCode_New\" defined\n              here\n     2835      317 |   #define __Pyx_PyCode_New(a, p, k, l, s, f, code, c, n, v\n             , fv, cell, fn, name, fline, lnos)\\\n     2836          |",
        "post_context": "             red (first use in this function); did you mean 'PyCode_New'?\n     2838    20741 |   __pyx_codeobj__31 = (PyObject*)__Pyx_PyCode_New(2, 0, 14\n             , 0, CO_OPTIMIZED|CO_NEWLOCALS, __pyx_empty_bytes, __pyx_empty_tup\n             le, __pyx_empty_tuple, __pyx_tuple__30, __pyx_empty_tuple, __pyx_e\n             mpty_tuple, __pyx_kp_s_entropy_pyx, __pyx_n_s_seed_by_array, 27, _\n             _pyx_empty_bytes); if (unlikely(!__pyx_codeobj__31)) __PYX_ERR(0,",
        "id": 197578,
        "label": "dinos-error"
    },
    {
        "phase": "N/A",
        "source_file": "",
        "source_line_no": 0,
        "line_no": 930,
        "repeat_count": 0,
        "start": 924,
        "end": 937,
        "text": ">> 2842    numpy/random/entropy.c:20753:273: error: macro \"__Pyx_PyCode_New\"",
        "pre_context": "             _pyx_empty_bytes); if (unlikely(!__pyx_codeobj__31)) __PYX_ERR(0,\n             27, __pyx_L1_error)\n     2839          |                                  ^~~~~~~~~~~~~~~~\n     2840          |                                  PyCode_New\n     2841    numpy/random/entropy.c:20741:34: note: each undeclared identifier\n             is reported only once for each function it appears in",
        "post_context": "             requires 16 arguments, but only 15 given\n     2843    20753 |   __pyx_codeobj__33 = (PyObject*)__Pyx_PyCode_New(2, 0, 6,\n              0, CO_OPTIMIZED|CO_NEWLOCALS, __pyx_empty_bytes, __pyx_empty_tupl\n             e, __pyx_empty_tuple, __pyx_tuple__32, __pyx_empty_tuple, __pyx_em\n             pty_tuple, __pyx_kp_s_entropy_pyx, __pyx_n_s_random_entropy, 95, _\n             _pyx_empty_bytes); if (unlikely(!__pyx_codeobj__33)) __PYX_ERR(0,",
        "id": 197579,
        "label": "dinos-error"
    },
    {
        "phase": "N/A",
        "source_file": "",
        "source_line_no": 0,
        "line_no": 948,
        "repeat_count": 0,
        "start": 942,
        "end": 955,
        "text": ">> 2848    numpy/random/entropy.c:20818:276: error: macro \"__Pyx_PyCode_New\"",
        "pre_context": "                             ^\n     2845    numpy/random/entropy.c:317: note: macro \"__Pyx_PyCode_New\" defined\n              here\n     2846      317 |   #define __Pyx_PyCode_New(a, p, k, l, s, f, code, c, n, v\n             , fv, cell, fn, name, fline, lnos)\\\n     2847          |",
        "post_context": "             requires 16 arguments, but only 15 given\n     2849    20818 |   __pyx_codeobj__40 = (PyObject*)__Pyx_PyCode_New(3, 0, 5,\n              0, CO_OPTIMIZED|CO_NEWLOCALS, __pyx_empty_bytes, __pyx_empty_tupl\n             e, __pyx_empty_tuple, __pyx_tuple__39, __pyx_empty_tuple, __pyx_em\n             pty_tuple, __pyx_kp_s_stringsource, __pyx_n_s_pyx_unpickle_Enum, 1\n             , __pyx_empty_bytes); if (unlikely(!__pyx_codeobj__40)) __PYX_ERR(",
        "id": 197580,
        "label": "dinos-error"
    },
    {
        "phase": "N/A",
        "source_file": "",
        "source_line_no": 0,
        "line_no": 985,
        "repeat_count": 0,
        "start": 979,
        "end": 992,
        "text": ">> 2974    numpy/random/entropy.c:23700:5: error: macro \"__Pyx_PyCode_New\" re",
        "pre_context": "     2971      551 | Py_DEPRECATED(3.3) PyAPI_FUNC(PyObject*) PyUnicode_FromUni\n             code(\n     2972          |                                          ^~~~~~~~~~~~~~~~~\n             ~~~~\n     2973    numpy/random/entropy.c: In function '__Pyx_CreateCodeObjectForTrac\n             eback':",
        "post_context": "             quires 16 arguments, but only 15 given\n     2975    23700 |     );\n     2976          |     ^\n     2977    numpy/random/entropy.c:317: note: macro \"__Pyx_PyCode_New\" defined\n              here\n     2978      317 |   #define __Pyx_PyCode_New(a, p, k, l, s, f, code, c, n, v",
        "id": 197581,
        "label": "dinos-error"
    },
    {
        "phase": "N/A",
        "source_file": "",
        "source_line_no": 0,
        "line_no": 994,
        "repeat_count": 0,
        "start": 988,
        "end": 1001,
        "text": ">> 2980    numpy/random/entropy.c:23684:15: error: '__Pyx_PyCode_New' undecla",
        "pre_context": "     2976          |     ^\n     2977    numpy/random/entropy.c:317: note: macro \"__Pyx_PyCode_New\" defined\n              here\n     2978      317 |   #define __Pyx_PyCode_New(a, p, k, l, s, f, code, c, n, v\n             , fv, cell, fn, name, fline, lnos)\\\n     2979          |",
        "post_context": "             red (first use in this function); did you mean 'PyCode_New'?\n     2981    23684 |     py_code = __Pyx_PyCode_New(\n     2982          |               ^~~~~~~~~~~~~~~~\n     2983          |               PyCode_New\n  >> 2984    error: Command \"/p/vast1/koparasy/BUILD/head/spack/lib/spack/env/g\n             cc/gcc -Wno-unused-result -Wsign-compare -DNDEBUG -g -fwrapv -O3 -",
        "id": 197582,
        "label": "dinos-error"
    }
]