[
    {
        "id": 428,
        "phase": 1958,
        "source_file": "vtls/openssl.c",
        "source_line_no": 2,
        "line_no": 561,
        "repeat_count": 0,
        "start": 555,
        "end": 568,
        "text": "vtls/openssl.c:2369:9: error: libtool: compile:  /opt/spack/lib/spack/env/clang/clang -DHAVE_CONFIG_H -I../include/curl -I../include -I../include -I../lib -I../lib -DBUILDING_LIBCURL -DCURL_HIDDEN_SYMBOLS -I/opt/spack/opt/spack/linux-debian11-x86_64_v4/clang-11.0.1/zlib-1.2.11-mtrj34k6qvjjf3v4pw2slgrhjdqjui5z/include -I/opt/spack/opt/spack/linux-debian11-x86_64_v4/clang-11.0.1/openssl-1.1.1l-v5tpipulukicd2tcgvgxnjcrp3y6l6sn/include -fvisibility=hidden -Qunused-arguments -Os -MT vtls/libcurl_la-gtls.lo -MD -MP -MF vtls/.deps/libcurl_la-gtls.Tpo -c vtls/gtls.c  -fPIC -DPIC -o vtls/libcurl_la-gtls.o >/dev/null 2>&1",
        "pre_context": "vtls/openssl.c:2235:56: note: expanded from macro 'print_pubkey_BN'\n    pubkey_show(data, mem, _num, #_type, #_name, pubkey->pkey._type->_name); \\\n                                                 ~~~~~~^\n/opt/spack/opt/spack/linux-debian11-x86_64_v4/clang-11.0.1/openssl-1.1.1l-v5tpipulukicd2tcgvgxnjcrp3y6l6sn/include/openssl/ossl_typ.h:93:16: note: forward declaration of 'struct evp_pkey_st'\ntypedef struct evp_pkey_st EVP_PKEY;\n               ^",
        "post_context": "incomplete definition of type 'struct evp_pkey_st'\n        print_pubkey_BN(rsa, p, i);\n        ^~~~~~~~~~~~~~~~~~~~~~~~~~\nvtls/openssl.c:2234:12: note: expanded from macro 'print_pubkey_BN'\n  if(pubkey->pkey._type->_name) { \\\n     ~~~~~~^",
        "add_date": "2022-02-02T20:20:29.171881Z",
        "modify_date": "2022-02-02T20:20:29.171909Z",
        "label": "build-error",
        "spack-monitor-label": "error"
    },
    {
        "id": 21992,
        "phase": 62193,
        "source_file": "bignum.c",
        "source_line_no": 2,
        "line_no": 38,
        "repeat_count": 0,
        "start": 32,
        "end": 45,
        "text": "bignum.c:2285:5: error: 'for' loop initial declarations are only allowed in C99 or C11 mode",
        "pre_context": "make: *** [mbedtls_test] Error 2\nmake: *** Waiting for unfinished jobs....\n  CC    base64.c\n  CC    bignum.c\n  CC    blowfish.c\nbignum.c: In function 'mpi_select':",
        "post_context": "     for( size_t i = 0; i < T_size; i++ )\n     ^\nbignum.c:2285:5: note: use option -std=c99, -std=gnu99, -std=c11 or -std=gnu11 to compile your code\nMakefile:274: recipe for target 'bignum.o' failed\nmake[1]: *** [bignum.o] Error 1\nmake[1]: *** Waiting for unfinished jobs....",
        "add_date": "2022-02-03T10:30:19.002551Z",
        "modify_date": "2022-02-03T10:30:19.002565Z",
        "label": "build-error",
        "spack-monitor-label": "error"
    },
    {
        "id": 4414,
        "phase": 15789,
        "source_file": "x86_64/Gtrace.c",
        "source_line_no": 2,
        "line_no": 178,
        "repeat_count": 0,
        "start": 172,
        "end": 185,
        "text": "x86_64/Gtrace.c:238:3: error: 'for' loop initial declarations are only allowed in C99 or C11 mode",
        "pre_context": "/bin/bash ../libtool  --tag=CC   --mode=compile /opt/spack/lib/spack/env/gcc/gcc -DHAVE_CONFIG_H -I. -I../include  -I../include -I../include/tdep-x86_64 -I. -D_GNU_SOURCE -DNDEBUG  -g -O2 -fexceptions -Wall -Wsign-compare -D__EXTENSIONS__ -MT x86_64/Ltrace.lo -MD -MP -MF $depbase.Tpo -c -o x86_64/Ltrace.lo x86_64/Ltrace.c &&\\\nmv -f $depbase.Tpo $depbase.Plo\nlibtool: compile:  /opt/spack/lib/spack/env/gcc/gcc -DHAVE_CONFIG_H -I. -I../include -I../include -I../include/tdep-x86_64 -I. -D_GNU_SOURCE -DNDEBUG -g -O2 -fexceptions -Wall -Wsign-compare -D__EXTENSIONS__ -MT x86_64/Ltrace.lo -MD -MP -MF x86_64/.deps/Ltrace.Tpo -c x86_64/Ltrace.c  -fPIC -DPIC -o x86_64/.libs/Ltrace.o\nlibtool: compile:  /opt/spack/lib/spack/env/gcc/gcc -DHAVE_CONFIG_H -I. -I../include -I../include -I../include/tdep-x86_64 -I. -D_GNU_SOURCE -DNDEBUG -g -O2 -fexceptions -Wall -Wsign-compare -D__EXTENSIONS__ -MT x86_64/Lstep.lo -MD -MP -MF x86_64/.deps/Lstep.Tpo -c x86_64/Lstep.c -o x86_64/Lstep.o >/dev/null 2>&1\nIn file included from x86_64/Ltrace.c:4:0:\nx86_64/Gtrace.c: In function 'trace_init_addr':",
        "post_context": "   for(int i = 0; i < DWARF_NUM_PRESERVED_REGS; i++) {\n   ^\nx86_64/Gtrace.c:238:3: note: use option -std=c99, -std=gnu99, -std=c11 or -std=gnu11 to compile your code\nMakefile:4113: recipe for target 'x86_64/Ltrace.lo' failed\nmake[2]: *** [x86_64/Ltrace.lo] Error 1\nmake[2]: *** Waiting for unfinished jobs....",
        "add_date": "2022-02-02T22:00:51.814060Z",
        "modify_date": "2022-02-02T22:00:51.814108Z",
        "label": "build-error",
        "spack-monitor-label": "error"
    },
    {
        "id": 4418,
        "phase": 15998,
        "source_file": "x86_64/Gtrace.c",
        "source_line_no": 2,
        "line_no": 178,
        "repeat_count": 0,
        "start": 172,
        "end": 185,
        "text": "x86_64/Gtrace.c:238:3: error: 'for' loop initial declarations are only allowed in C99 or C11 mode",
        "pre_context": "/bin/bash ../libtool  --tag=CC   --mode=compile /opt/spack/lib/spack/env/gcc/gcc -DHAVE_CONFIG_H -I. -I../include  -I../include -I../include/tdep-x86_64 -I. -D_GNU_SOURCE -DNDEBUG  -g -O2 -fexceptions -Wall -Wsign-compare -D__EXTENSIONS__ -MT x86_64/Ltrace.lo -MD -MP -MF $depbase.Tpo -c -o x86_64/Ltrace.lo x86_64/Ltrace.c &&\\\nmv -f $depbase.Tpo $depbase.Plo\nlibtool: compile:  /opt/spack/lib/spack/env/gcc/gcc -DHAVE_CONFIG_H -I. -I../include -I../include -I../include/tdep-x86_64 -I. -D_GNU_SOURCE -DNDEBUG -g -O2 -fexceptions -Wall -Wsign-compare -D__EXTENSIONS__ -MT x86_64/Lstep.lo -MD -MP -MF x86_64/.deps/Lstep.Tpo -c x86_64/Lstep.c -o x86_64/Lstep.o >/dev/null 2>&1\nlibtool: compile:  /opt/spack/lib/spack/env/gcc/gcc -DHAVE_CONFIG_H -I. -I../include -I../include -I../include/tdep-x86_64 -I. -D_GNU_SOURCE -DNDEBUG -g -O2 -fexceptions -Wall -Wsign-compare -D__EXTENSIONS__ -MT x86_64/Ltrace.lo -MD -MP -MF x86_64/.deps/Ltrace.Tpo -c x86_64/Ltrace.c  -fPIC -DPIC -o x86_64/.libs/Ltrace.o\nIn file included from x86_64/Ltrace.c:4:0:\nx86_64/Gtrace.c: In function 'trace_init_addr':",
        "post_context": "   for(int i = 0; i < DWARF_NUM_PRESERVED_REGS; i++) {\n   ^\nx86_64/Gtrace.c:238:3: note: use option -std=c99, -std=gnu99, -std=c11 or -std=gnu11 to compile your code\ndepbase=`echo x86_64/getcontext.lo | sed 's|[^/]*$|.deps/&|;s|\\.lo$||'`;\\\n/bin/bash ../libtool  --tag=CC   --mode=compile /opt/spack/lib/spack/env/gcc/gcc -DHAVE_CONFIG_H -I. -I../include  -I../include -I../include/tdep-x86_64 -I. -D_GNU_SOURCE -DNDEBUG -I../include -I../include/tdep-x86_64 -I. -g -O2  -D_GNU_SOURCE -DNDEBUG -MT x86_64/getcontext.lo -MD -MP -MF $depbase.Tpo -c -o x86_64/getcontext.lo x86_64/getcontext.S &&\\\nmv -f $depbase.Tpo $depbase.Plo",
        "add_date": "2022-02-02T22:00:52.355096Z",
        "modify_date": "2022-02-02T22:00:52.355144Z",
        "label": "build-error",
        "spack-monitor-label": "error"
    },
    {
        "id": 10931,
        "phase": 38668,
        "source_file": "/tmp/root/spack-stage/spack-stage-bolt-main-kugfhoudygfgwdji33hbf6cxehe2ph7j/spack-src/runtime/src/kmp.h",
        "source_line_no": 2,
        "line_no": 2739,
        "repeat_count": 0,
        "start": 2733,
        "end": 2746,
        "text": "/tmp/root/spack-stage/spack-stage-bolt-main-kugfhoudygfgwdji33hbf6cxehe2ph7j/spack-src/runtime/src/kmp.h:2489:24: error: member 'kmp_base_task_team_t kmp_task_team::tt' with copy assignment operator not allowed in union",
        "pre_context": "                 ^\nIn file included from /tmp/root/spack-stage/spack-stage-bolt-main-kugfhoudygfgwdji33hbf6cxehe2ph7j/spack-src/runtime/src/kmp_alloc.cpp:13:0:\n/tmp/root/spack-stage/spack-stage-bolt-main-kugfhoudygfgwdji33hbf6cxehe2ph7j/spack-src/runtime/src/kmp.h:2489:24: error: member 'kmp_base_task_team_t kmp_task_team::tt' with constructor not allowed in union\n   kmp_base_task_team_t tt;\n                        ^\n/tmp/root/spack-stage/spack-stage-bolt-main-kugfhoudygfgwdji33hbf6cxehe2ph7j/spack-src/runtime/src/kmp.h:2489:24: error: member 'kmp_base_task_team_t kmp_task_team::tt' with destructor not allowed in union",
        "post_context": "/usr/include/c++/4.8.2/atomic:491:7: error: 'constexpr' does not name a type\n       constexpr atomic(__integral_type __i) noexcept : __base_type(__i) { }\n       ^\n/usr/include/c++/4.8.2/atomic:491:7: note: C++11 'constexpr' only available with -std=c++11 or -std=gnu++11\n/tmp/root/spack-stage/spack-stage-bolt-main-kugfhoudygfgwdji33hbf6cxehe2ph7j/spack-src/runtime/src/kmp.h:2689:19: error: member 'kmp_base_info_t kmp_info::th' with constructor not allowed in union\n   kmp_base_info_t th;",
        "add_date": "2022-02-03T08:09:33.266840Z",
        "modify_date": "2022-02-03T08:09:33.266852Z",
        "label": "build-error",
        "spack-monitor-label": "error"
    },
    {
        "id": 11106,
        "phase": 38668,
        "source_file": "/tmp/root/spack-stage/spack-stage-bolt-main-kugfhoudygfgwdji33hbf6cxehe2ph7j/spack-src/runtime/src/kmp.h",
        "source_line_no": 2,
        "line_no": 3298,
        "repeat_count": 0,
        "start": 3292,
        "end": 3305,
        "text": "/tmp/root/spack-stage/spack-stage-bolt-main-kugfhoudygfgwdji33hbf6cxehe2ph7j/spack-src/runtime/src/kmp.h:2489:24: error: member 'kmp_base_task_team_t kmp_task_team::tt' with copy assignment operator not allowed in union",
        "pre_context": " ^\nIn file included from /tmp/root/spack-stage/spack-stage-bolt-main-kugfhoudygfgwdji33hbf6cxehe2ph7j/spack-src/runtime/src/kmp_atomic.cpp:14:0:\n/tmp/root/spack-stage/spack-stage-bolt-main-kugfhoudygfgwdji33hbf6cxehe2ph7j/spack-src/runtime/src/kmp.h:2489:24: error: member 'kmp_base_task_team_t kmp_task_team::tt' with constructor not allowed in union\n   kmp_base_task_team_t tt;\n                        ^\n/tmp/root/spack-stage/spack-stage-bolt-main-kugfhoudygfgwdji33hbf6cxehe2ph7j/spack-src/runtime/src/kmp.h:2489:24: error: member 'kmp_base_task_team_t kmp_task_team::tt' with destructor not allowed in union",
        "post_context": "/tmp/root/spack-stage/spack-stage-bolt-main-kugfhoudygfgwdji33hbf6cxehe2ph7j/spack-src/runtime/src/kmp.h:2689:19: error: member 'kmp_base_info_t kmp_info::th' with constructor not allowed in union\n   kmp_base_info_t th;\n                   ^\n/tmp/root/spack-stage/spack-stage-bolt-main-kugfhoudygfgwdji33hbf6cxehe2ph7j/spack-src/runtime/src/kmp.h:2689:19: error: member 'kmp_base_info_t kmp_info::th' with destructor not allowed in union\n/tmp/root/spack-stage/spack-stage-bolt-main-kugfhoudygfgwdji33hbf6cxehe2ph7j/spack-src/runtime/src/kmp.h:2689:19: error: member 'kmp_base_info_t kmp_info::th' with copy assignment operator not allowed in union\n/tmp/root/spack-stage/spack-stage-bolt-main-kugfhoudygfgwdji33hbf6cxehe2ph7j/spack-src/runtime/src/kmp.h:2836:19: error: member 'kmp_base_team_t kmp_team::t' with constructor not allowed in union",
        "add_date": "2022-02-03T08:09:33.549226Z",
        "modify_date": "2022-02-03T08:09:33.549244Z",
        "label": "build-error",
        "spack-monitor-label": "error"
    },
    {
        "id": 12403,
        "phase": 38678,
        "source_file": "/tmp/root/spack-stage/spack-stage-bolt-2.0-byzflrr5s7xufzkym3qhjexvdmfstzk5/spack-src/runtime/src/kmp.h",
        "source_line_no": 2,
        "line_no": 3140,
        "repeat_count": 0,
        "start": 3134,
        "end": 3147,
        "text": "/tmp/root/spack-stage/spack-stage-bolt-2.0-byzflrr5s7xufzkym3qhjexvdmfstzk5/spack-src/runtime/src/kmp.h:2390:24: error: member 'kmp_base_task_team_t kmp_task_team::tt' with copy assignment operator not allowed in union",
        "pre_context": " ^\nIn file included from /tmp/root/spack-stage/spack-stage-bolt-2.0-byzflrr5s7xufzkym3qhjexvdmfstzk5/spack-src/runtime/src/kmp_atomic.cpp:14:0:\n/tmp/root/spack-stage/spack-stage-bolt-2.0-byzflrr5s7xufzkym3qhjexvdmfstzk5/spack-src/runtime/src/kmp.h:2390:24: error: member 'kmp_base_task_team_t kmp_task_team::tt' with constructor not allowed in union\n   kmp_base_task_team_t tt;\n                        ^\n/tmp/root/spack-stage/spack-stage-bolt-2.0-byzflrr5s7xufzkym3qhjexvdmfstzk5/spack-src/runtime/src/kmp.h:2390:24: error: member 'kmp_base_task_team_t kmp_task_team::tt' with destructor not allowed in union",
        "post_context": "/tmp/root/spack-stage/spack-stage-bolt-2.0-byzflrr5s7xufzkym3qhjexvdmfstzk5/spack-src/runtime/src/kmp.h:2590:19: error: member 'kmp_base_info_t kmp_info::th' with constructor not allowed in union\n   kmp_base_info_t th;\n                   ^\n/tmp/root/spack-stage/spack-stage-bolt-2.0-byzflrr5s7xufzkym3qhjexvdmfstzk5/spack-src/runtime/src/kmp.h:2590:19: error: member 'kmp_base_info_t kmp_info::th' with destructor not allowed in union\n/tmp/root/spack-stage/spack-stage-bolt-2.0-byzflrr5s7xufzkym3qhjexvdmfstzk5/spack-src/runtime/src/kmp.h:2590:19: error: member 'kmp_base_info_t kmp_info::th' with copy assignment operator not allowed in union\nIn file included from /tmp/root/spack-stage/spack-stage-bolt-2.0-byzflrr5s7xufzkym3qhjexvdmfstzk5/spack-src/runtime/src/kmp.h:117:0,",
        "add_date": "2022-02-03T08:09:39.842091Z",
        "modify_date": "2022-02-03T08:09:39.842106Z",
        "label": "build-error",
        "spack-monitor-label": "error"
    },
    {
        "id": 12417,
        "phase": 38678,
        "source_file": "/tmp/root/spack-stage/spack-stage-bolt-2.0-byzflrr5s7xufzkym3qhjexvdmfstzk5/spack-src/runtime/src/kmp.h",
        "source_line_no": 2,
        "line_no": 3179,
        "repeat_count": 0,
        "start": 3173,
        "end": 3186,
        "text": "/tmp/root/spack-stage/spack-stage-bolt-2.0-byzflrr5s7xufzkym3qhjexvdmfstzk5/spack-src/runtime/src/kmp.h:2390:24: error: member 'kmp_base_task_team_t kmp_task_team::tt' with copy assignment operator not allowed in union",
        "pre_context": " ^\nIn file included from /tmp/root/spack-stage/spack-stage-bolt-2.0-byzflrr5s7xufzkym3qhjexvdmfstzk5/spack-src/runtime/src/kmp_alloc.cpp:13:0:\n/tmp/root/spack-stage/spack-stage-bolt-2.0-byzflrr5s7xufzkym3qhjexvdmfstzk5/spack-src/runtime/src/kmp.h:2390:24: error: member 'kmp_base_task_team_t kmp_task_team::tt' with constructor not allowed in union\n   kmp_base_task_team_t tt;\n                        ^\n/tmp/root/spack-stage/spack-stage-bolt-2.0-byzflrr5s7xufzkym3qhjexvdmfstzk5/spack-src/runtime/src/kmp.h:2390:24: error: member 'kmp_base_task_team_t kmp_task_team::tt' with destructor not allowed in union",
        "post_context": "/tmp/root/spack-stage/spack-stage-bolt-2.0-byzflrr5s7xufzkym3qhjexvdmfstzk5/spack-src/runtime/src/kmp.h:2590:19: error: member 'kmp_base_info_t kmp_info::th' with constructor not allowed in union\n   kmp_base_info_t th;\n                   ^\n/tmp/root/spack-stage/spack-stage-bolt-2.0-byzflrr5s7xufzkym3qhjexvdmfstzk5/spack-src/runtime/src/kmp.h:2590:19: error: member 'kmp_base_info_t kmp_info::th' with destructor not allowed in union\n/tmp/root/spack-stage/spack-stage-bolt-2.0-byzflrr5s7xufzkym3qhjexvdmfstzk5/spack-src/runtime/src/kmp.h:2590:19: error: member 'kmp_base_info_t kmp_info::th' with copy assignment operator not allowed in union\n/tmp/root/spack-stage/spack-stage-bolt-2.0-byzflrr5s7xufzkym3qhjexvdmfstzk5/spack-src/runtime/src/kmp.h:2737:19: error: member 'kmp_base_team_t kmp_team::t' with constructor not allowed in union",
        "add_date": "2022-02-03T08:09:39.865217Z",
        "modify_date": "2022-02-03T08:09:39.865231Z",
        "label": "build-error",
        "spack-monitor-label": "error"
    },
    {
        "id": 10931,
        "phase": 38668,
        "source_file": "/tmp/root/spack-stage/spack-stage-bolt-main-kugfhoudygfgwdji33hbf6cxehe2ph7j/spack-src/runtime/src/kmp.h",
        "source_line_no": 2,
        "line_no": 2739,
        "repeat_count": 0,
        "start": 2733,
        "end": 2746,
        "text": "/tmp/root/spack-stage/spack-stage-bolt-main-kugfhoudygfgwdji33hbf6cxehe2ph7j/spack-src/runtime/src/kmp.h:2489:24: error: member 'kmp_base_task_team_t kmp_task_team::tt' with copy assignment operator not allowed in union",
        "pre_context": "                 ^\nIn file included from /tmp/root/spack-stage/spack-stage-bolt-main-kugfhoudygfgwdji33hbf6cxehe2ph7j/spack-src/runtime/src/kmp_alloc.cpp:13:0:\n/tmp/root/spack-stage/spack-stage-bolt-main-kugfhoudygfgwdji33hbf6cxehe2ph7j/spack-src/runtime/src/kmp.h:2489:24: error: member 'kmp_base_task_team_t kmp_task_team::tt' with constructor not allowed in union\n   kmp_base_task_team_t tt;\n                        ^\n/tmp/root/spack-stage/spack-stage-bolt-main-kugfhoudygfgwdji33hbf6cxehe2ph7j/spack-src/runtime/src/kmp.h:2489:24: error: member 'kmp_base_task_team_t kmp_task_team::tt' with destructor not allowed in union",
        "post_context": "/usr/include/c++/4.8.2/atomic:491:7: error: 'constexpr' does not name a type\n       constexpr atomic(__integral_type __i) noexcept : __base_type(__i) { }\n       ^\n/usr/include/c++/4.8.2/atomic:491:7: note: C++11 'constexpr' only available with -std=c++11 or -std=gnu++11\n/tmp/root/spack-stage/spack-stage-bolt-main-kugfhoudygfgwdji33hbf6cxehe2ph7j/spack-src/runtime/src/kmp.h:2689:19: error: member 'kmp_base_info_t kmp_info::th' with constructor not allowed in union\n   kmp_base_info_t th;",
        "add_date": "2022-02-03T08:09:33.266840Z",
        "modify_date": "2022-02-03T08:09:33.266852Z",
        "label": "build-error",
        "spack-monitor-label": "error"
    },
    {
        "id": 11106,
        "phase": 38668,
        "source_file": "/tmp/root/spack-stage/spack-stage-bolt-main-kugfhoudygfgwdji33hbf6cxehe2ph7j/spack-src/runtime/src/kmp.h",
        "source_line_no": 2,
        "line_no": 3298,
        "repeat_count": 0,
        "start": 3292,
        "end": 3305,
        "text": "/tmp/root/spack-stage/spack-stage-bolt-main-kugfhoudygfgwdji33hbf6cxehe2ph7j/spack-src/runtime/src/kmp.h:2489:24: error: member 'kmp_base_task_team_t kmp_task_team::tt' with copy assignment operator not allowed in union",
        "pre_context": " ^\nIn file included from /tmp/root/spack-stage/spack-stage-bolt-main-kugfhoudygfgwdji33hbf6cxehe2ph7j/spack-src/runtime/src/kmp_atomic.cpp:14:0:\n/tmp/root/spack-stage/spack-stage-bolt-main-kugfhoudygfgwdji33hbf6cxehe2ph7j/spack-src/runtime/src/kmp.h:2489:24: error: member 'kmp_base_task_team_t kmp_task_team::tt' with constructor not allowed in union\n   kmp_base_task_team_t tt;\n                        ^\n/tmp/root/spack-stage/spack-stage-bolt-main-kugfhoudygfgwdji33hbf6cxehe2ph7j/spack-src/runtime/src/kmp.h:2489:24: error: member 'kmp_base_task_team_t kmp_task_team::tt' with destructor not allowed in union",
        "post_context": "/tmp/root/spack-stage/spack-stage-bolt-main-kugfhoudygfgwdji33hbf6cxehe2ph7j/spack-src/runtime/src/kmp.h:2689:19: error: member 'kmp_base_info_t kmp_info::th' with constructor not allowed in union\n   kmp_base_info_t th;\n                   ^\n/tmp/root/spack-stage/spack-stage-bolt-main-kugfhoudygfgwdji33hbf6cxehe2ph7j/spack-src/runtime/src/kmp.h:2689:19: error: member 'kmp_base_info_t kmp_info::th' with destructor not allowed in union\n/tmp/root/spack-stage/spack-stage-bolt-main-kugfhoudygfgwdji33hbf6cxehe2ph7j/spack-src/runtime/src/kmp.h:2689:19: error: member 'kmp_base_info_t kmp_info::th' with copy assignment operator not allowed in union\n/tmp/root/spack-stage/spack-stage-bolt-main-kugfhoudygfgwdji33hbf6cxehe2ph7j/spack-src/runtime/src/kmp.h:2836:19: error: member 'kmp_base_team_t kmp_team::t' with constructor not allowed in union",
        "add_date": "2022-02-03T08:09:33.549226Z",
        "modify_date": "2022-02-03T08:09:33.549244Z",
        "label": "build-error",
        "spack-monitor-label": "error"
    },
    {
        "id": 12403,
        "phase": 38678,
        "source_file": "/tmp/root/spack-stage/spack-stage-bolt-2.0-byzflrr5s7xufzkym3qhjexvdmfstzk5/spack-src/runtime/src/kmp.h",
        "source_line_no": 2,
        "line_no": 3140,
        "repeat_count": 0,
        "start": 3134,
        "end": 3147,
        "text": "/tmp/root/spack-stage/spack-stage-bolt-2.0-byzflrr5s7xufzkym3qhjexvdmfstzk5/spack-src/runtime/src/kmp.h:2390:24: error: member 'kmp_base_task_team_t kmp_task_team::tt' with copy assignment operator not allowed in union",
        "pre_context": " ^\nIn file included from /tmp/root/spack-stage/spack-stage-bolt-2.0-byzflrr5s7xufzkym3qhjexvdmfstzk5/spack-src/runtime/src/kmp_atomic.cpp:14:0:\n/tmp/root/spack-stage/spack-stage-bolt-2.0-byzflrr5s7xufzkym3qhjexvdmfstzk5/spack-src/runtime/src/kmp.h:2390:24: error: member 'kmp_base_task_team_t kmp_task_team::tt' with constructor not allowed in union\n   kmp_base_task_team_t tt;\n                        ^\n/tmp/root/spack-stage/spack-stage-bolt-2.0-byzflrr5s7xufzkym3qhjexvdmfstzk5/spack-src/runtime/src/kmp.h:2390:24: error: member 'kmp_base_task_team_t kmp_task_team::tt' with destructor not allowed in union",
        "post_context": "/tmp/root/spack-stage/spack-stage-bolt-2.0-byzflrr5s7xufzkym3qhjexvdmfstzk5/spack-src/runtime/src/kmp.h:2590:19: error: member 'kmp_base_info_t kmp_info::th' with constructor not allowed in union\n   kmp_base_info_t th;\n                   ^\n/tmp/root/spack-stage/spack-stage-bolt-2.0-byzflrr5s7xufzkym3qhjexvdmfstzk5/spack-src/runtime/src/kmp.h:2590:19: error: member 'kmp_base_info_t kmp_info::th' with destructor not allowed in union\n/tmp/root/spack-stage/spack-stage-bolt-2.0-byzflrr5s7xufzkym3qhjexvdmfstzk5/spack-src/runtime/src/kmp.h:2590:19: error: member 'kmp_base_info_t kmp_info::th' with copy assignment operator not allowed in union\nIn file included from /tmp/root/spack-stage/spack-stage-bolt-2.0-byzflrr5s7xufzkym3qhjexvdmfstzk5/spack-src/runtime/src/kmp.h:117:0,",
        "add_date": "2022-02-03T08:09:39.842091Z",
        "modify_date": "2022-02-03T08:09:39.842106Z",
        "label": "build-error",
        "spack-monitor-label": "error"
    },
    {
        "id": 12417,
        "phase": 38678,
        "source_file": "/tmp/root/spack-stage/spack-stage-bolt-2.0-byzflrr5s7xufzkym3qhjexvdmfstzk5/spack-src/runtime/src/kmp.h",
        "source_line_no": 2,
        "line_no": 3179,
        "repeat_count": 0,
        "start": 3173,
        "end": 3186,
        "text": "/tmp/root/spack-stage/spack-stage-bolt-2.0-byzflrr5s7xufzkym3qhjexvdmfstzk5/spack-src/runtime/src/kmp.h:2390:24: error: member 'kmp_base_task_team_t kmp_task_team::tt' with copy assignment operator not allowed in union",
        "pre_context": " ^\nIn file included from /tmp/root/spack-stage/spack-stage-bolt-2.0-byzflrr5s7xufzkym3qhjexvdmfstzk5/spack-src/runtime/src/kmp_alloc.cpp:13:0:\n/tmp/root/spack-stage/spack-stage-bolt-2.0-byzflrr5s7xufzkym3qhjexvdmfstzk5/spack-src/runtime/src/kmp.h:2390:24: error: member 'kmp_base_task_team_t kmp_task_team::tt' with constructor not allowed in union\n   kmp_base_task_team_t tt;\n                        ^\n/tmp/root/spack-stage/spack-stage-bolt-2.0-byzflrr5s7xufzkym3qhjexvdmfstzk5/spack-src/runtime/src/kmp.h:2390:24: error: member 'kmp_base_task_team_t kmp_task_team::tt' with destructor not allowed in union",
        "post_context": "/tmp/root/spack-stage/spack-stage-bolt-2.0-byzflrr5s7xufzkym3qhjexvdmfstzk5/spack-src/runtime/src/kmp.h:2590:19: error: member 'kmp_base_info_t kmp_info::th' with constructor not allowed in union\n   kmp_base_info_t th;\n                   ^\n/tmp/root/spack-stage/spack-stage-bolt-2.0-byzflrr5s7xufzkym3qhjexvdmfstzk5/spack-src/runtime/src/kmp.h:2590:19: error: member 'kmp_base_info_t kmp_info::th' with destructor not allowed in union\n/tmp/root/spack-stage/spack-stage-bolt-2.0-byzflrr5s7xufzkym3qhjexvdmfstzk5/spack-src/runtime/src/kmp.h:2590:19: error: member 'kmp_base_info_t kmp_info::th' with copy assignment operator not allowed in union\n/tmp/root/spack-stage/spack-stage-bolt-2.0-byzflrr5s7xufzkym3qhjexvdmfstzk5/spack-src/runtime/src/kmp.h:2737:19: error: member 'kmp_base_team_t kmp_team::t' with constructor not allowed in union",
        "add_date": "2022-02-03T08:09:39.865217Z",
        "modify_date": "2022-02-03T08:09:39.865231Z",
        "label": "build-error",
        "spack-monitor-label": "error"
    },
    {
        "phase": "N/A",
        "source_file": "            2478",
        "source_line_no": "2",
        "line_no": 438,
        "repeat_count": 0,
        "start": 432,
        "end": 445,
        "text": "2478:28: error: template argument for 'template<class> class std::a",
        "pre_context": "             In function 'bool Realm::find_fastest_path(Realm::Memory, Realm::M\n            emory, Realm::CustomSerdezID, Realm::ReductionOpID, size_t, const s\n            td::vector<long unsigned int>*, const std::vector<long unsigned int\n            >*, Realm::MemPathInfo&, bool)':\n  >> 105    /var/tmp/koparasy/spack-stage/spack-stage-legion-stable-wizcv527pbd\n            r32fkhuwtkzi5blpbwmao/spack-src/runtime/realm/transfer/transfer.cc:",
        "post_context": "            llocator' uses local type 'Realm::find_fastest_path(Realm::Memory,\n            Realm::Memory, Realm::CustomSerdezID, Realm::ReductionOpID, size_t,\n             const std::vector<long unsigned int>*, const std::vector<long unsi\n            gned int>*, Realm::MemPathInfo&, bool)::PartialPath'\n     106         std::vector<PartialPath> partials;\n     107                                ^",
        "id": 61948,
        "label": "dinos-error"
    },
    {
        "phase": "N/A",
        "source_file": "            2478",
        "source_line_no": "2",
        "line_no": 362,
        "repeat_count": 0,
        "start": 356,
        "end": 369,
        "text": "2478:28: error: template argument for 'template<class> class std::a",
        "pre_context": "             In function 'bool Realm::find_fastest_path(Realm::Memory, Realm::M\n            emory, Realm::CustomSerdezID, Realm::ReductionOpID, size_t, const s\n            td::vector<long unsigned int>*, const std::vector<long unsigned int\n            >*, Realm::MemPathInfo&, bool)':\n  >> 82     /var/tmp/koparasy/spack-stage/spack-stage-legion-master-oxkeryabs6f\n            5yvpzdwisejyhaqlow3dx/spack-src/runtime/realm/transfer/transfer.cc:",
        "post_context": "            llocator' uses local type 'Realm::find_fastest_path(Realm::Memory,\n            Realm::Memory, Realm::CustomSerdezID, Realm::ReductionOpID, size_t,\n             const std::vector<long unsigned int>*, const std::vector<long unsi\n            gned int>*, Realm::MemPathInfo&, bool)::PartialPath'\n     83          std::vector<PartialPath> partials;\n     84                                 ^",
        "id": 61994,
        "label": "dinos-error"
    },
    {
        "phase": "N/A",
        "source_file": "            2478",
        "source_line_no": "2",
        "line_no": 375,
        "repeat_count": 0,
        "start": 369,
        "end": 382,
        "text": "2478:28: error: template argument for 'template<class> class std::a",
        "pre_context": "             In function 'bool Realm::find_fastest_path(Realm::Memory, Realm::M\n            emory, Realm::CustomSerdezID, Realm::ReductionOpID, size_t, const s\n            td::vector<long unsigned int>*, const std::vector<long unsigned int\n            >*, Realm::MemPathInfo&, bool)':\n  >> 79     /var/tmp/koparasy/spack-stage/spack-stage-legion-stable-wizcv527pbd\n            r32fkhuwtkzi5blpbwmao/spack-src/runtime/realm/transfer/transfer.cc:",
        "post_context": "            llocator' uses local type 'Realm::find_fastest_path(Realm::Memory,\n            Realm::Memory, Realm::CustomSerdezID, Realm::ReductionOpID, size_t,\n             const std::vector<long unsigned int>*, const std::vector<long unsi\n            gned int>*, Realm::MemPathInfo&, bool)::PartialPath'\n     80          std::vector<PartialPath> partials;\n     81                                 ^",
        "id": 62045,
        "label": "dinos-error"
    },
    {
        "phase": "N/A",
        "source_file": "            2478",
        "source_line_no": "2",
        "line_no": 375,
        "repeat_count": 0,
        "start": 369,
        "end": 382,
        "text": "2478:28: error: template argument for 'template<class> class std::a",
        "pre_context": "             In function 'bool Realm::find_fastest_path(Realm::Memory, Realm::M\n            emory, Realm::CustomSerdezID, Realm::ReductionOpID, size_t, const s\n            td::vector<long unsigned int>*, const std::vector<long unsigned int\n            >*, Realm::MemPathInfo&, bool)':\n  >> 58     /var/tmp/koparasy/spack-stage/spack-stage-legion-master-oxkeryabs6f\n            5yvpzdwisejyhaqlow3dx/spack-src/runtime/realm/transfer/transfer.cc:",
        "post_context": "            llocator' uses local type 'Realm::find_fastest_path(Realm::Memory,\n            Realm::Memory, Realm::CustomSerdezID, Realm::ReductionOpID, size_t,\n             const std::vector<long unsigned int>*, const std::vector<long unsi\n            gned int>*, Realm::MemPathInfo&, bool)::PartialPath'\n     59          std::vector<PartialPath> partials;\n     60                                 ^",
        "id": 62107,
        "label": "dinos-error"
    },
    {
        "phase": "N/A",
        "source_file": "            2478",
        "source_line_no": "2",
        "line_no": 471,
        "repeat_count": 0,
        "start": 465,
        "end": 478,
        "text": "2478:28: error: template argument for 'template<class> class std::a",
        "pre_context": "             In function 'bool Realm::find_fastest_path(Realm::Memory, Realm::M\n            emory, Realm::CustomSerdezID, Realm::ReductionOpID, size_t, const s\n            td::vector<long unsigned int>*, const std::vector<long unsigned int\n            >*, Realm::MemPathInfo&, bool)':\n  >> 84     /var/tmp/koparasy/spack-stage/spack-stage-legion-stable-wizcv527pbd\n            r32fkhuwtkzi5blpbwmao/spack-src/runtime/realm/transfer/transfer.cc:",
        "post_context": "            llocator' uses local type 'Realm::find_fastest_path(Realm::Memory,\n            Realm::Memory, Realm::CustomSerdezID, Realm::ReductionOpID, size_t,\n             const std::vector<long unsigned int>*, const std::vector<long unsi\n            gned int>*, Realm::MemPathInfo&, bool)::PartialPath'\n     85          std::vector<PartialPath> partials;\n     86                                 ^",
        "id": 62158,
        "label": "dinos-error"
    },
    {
        "phase": "N/A",
        "source_file": "            2478",
        "source_line_no": "2",
        "line_no": 439,
        "repeat_count": 0,
        "start": 433,
        "end": 446,
        "text": "2478:28: error: template argument for 'template<class> class std::a",
        "pre_context": "             In function 'bool Realm::find_fastest_path(Realm::Memory, Realm::M\n            emory, Realm::CustomSerdezID, Realm::ReductionOpID, size_t, const s\n            td::vector<long unsigned int>*, const std::vector<long unsigned int\n            >*, Realm::MemPathInfo&, bool)':\n  >> 82     /var/tmp/koparasy/spack-stage/spack-stage-legion-master-oxkeryabs6f\n            5yvpzdwisejyhaqlow3dx/spack-src/runtime/realm/transfer/transfer.cc:",
        "post_context": "            llocator' uses local type 'Realm::find_fastest_path(Realm::Memory,\n            Realm::Memory, Realm::CustomSerdezID, Realm::ReductionOpID, size_t,\n             const std::vector<long unsigned int>*, const std::vector<long unsi\n            gned int>*, Realm::MemPathInfo&, bool)::PartialPath'\n     83          std::vector<PartialPath> partials;\n     84                                 ^",
        "id": 62209,
        "label": "dinos-error"
    },
    {
        "phase": "N/A",
        "source_file": "            2478",
        "source_line_no": "2",
        "line_no": 484,
        "repeat_count": 0,
        "start": 478,
        "end": 491,
        "text": "2478:28: error: template argument for 'template<class> class std::a",
        "pre_context": "             In function 'bool Realm::find_fastest_path(Realm::Memory, Realm::M\n            emory, Realm::CustomSerdezID, Realm::ReductionOpID, size_t, const s\n            td::vector<long unsigned int>*, const std::vector<long unsigned int\n            >*, Realm::MemPathInfo&, bool)':\n  >> 58     /var/tmp/koparasy/spack-stage/spack-stage-legion-stable-wizcv527pbd\n            r32fkhuwtkzi5blpbwmao/spack-src/runtime/realm/transfer/transfer.cc:",
        "post_context": "            llocator' uses local type 'Realm::find_fastest_path(Realm::Memory,\n            Realm::Memory, Realm::CustomSerdezID, Realm::ReductionOpID, size_t,\n             const std::vector<long unsigned int>*, const std::vector<long unsi\n            gned int>*, Realm::MemPathInfo&, bool)::PartialPath'\n     59          std::vector<PartialPath> partials;\n     60                                 ^",
        "id": 62362,
        "label": "dinos-error"
    },
    {
        "phase": "N/A",
        "source_file": "            2478",
        "source_line_no": "2",
        "line_no": 454,
        "repeat_count": 0,
        "start": 448,
        "end": 461,
        "text": "2478:28: error: template argument for 'template<class> class std::a",
        "pre_context": "             In function 'bool Realm::find_fastest_path(Realm::Memory, Realm::M\n            emory, Realm::CustomSerdezID, Realm::ReductionOpID, size_t, const s\n            td::vector<long unsigned int>*, const std::vector<long unsigned int\n            >*, Realm::MemPathInfo&, bool)':\n  >> 80     /var/tmp/koparasy/spack-stage/spack-stage-legion-master-oxkeryabs6f\n            5yvpzdwisejyhaqlow3dx/spack-src/runtime/realm/transfer/transfer.cc:",
        "post_context": "            llocator' uses local type 'Realm::find_fastest_path(Realm::Memory,\n            Realm::Memory, Realm::CustomSerdezID, Realm::ReductionOpID, size_t,\n             const std::vector<long unsigned int>*, const std::vector<long unsi\n            gned int>*, Realm::MemPathInfo&, bool)::PartialPath'\n     81          std::vector<PartialPath> partials;\n     82                                 ^",
        "id": 62413,
        "label": "dinos-error"
    },
    {
        "phase": "N/A",
        "source_file": "            2478",
        "source_line_no": "2",
        "line_no": 432,
        "repeat_count": 0,
        "start": 426,
        "end": 439,
        "text": "2478:28: error: template argument for 'template<class> class std::a",
        "pre_context": "             In function 'bool Realm::find_fastest_path(Realm::Memory, Realm::M\n            emory, Realm::CustomSerdezID, Realm::ReductionOpID, size_t, const s\n            td::vector<long unsigned int>*, const std::vector<long unsigned int\n            >*, Realm::MemPathInfo&, bool)':\n  >> 79     /var/tmp/koparasy/spack-stage/spack-stage-legion-master-oxkeryabs6f\n            5yvpzdwisejyhaqlow3dx/spack-src/runtime/realm/transfer/transfer.cc:",
        "post_context": "            llocator' uses local type 'Realm::find_fastest_path(Realm::Memory,\n            Realm::Memory, Realm::CustomSerdezID, Realm::ReductionOpID, size_t,\n             const std::vector<long unsigned int>*, const std::vector<long unsi\n            gned int>*, Realm::MemPathInfo&, bool)::PartialPath'\n     80          std::vector<PartialPath> partials;\n     81                                 ^",
        "id": 62566,
        "label": "dinos-error"
    },
    {
        "phase": "N/A",
        "source_file": "            2478",
        "source_line_no": "2",
        "line_no": 482,
        "repeat_count": 0,
        "start": 476,
        "end": 489,
        "text": "2478:28: error: template argument for 'template<class> class std::a",
        "pre_context": "             In function 'bool Realm::find_fastest_path(Realm::Memory, Realm::M\n            emory, Realm::CustomSerdezID, Realm::ReductionOpID, size_t, const s\n            td::vector<long unsigned int>*, const std::vector<long unsigned int\n            >*, Realm::MemPathInfo&, bool)':\n  >> 124    /var/tmp/koparasy/spack-stage/spack-stage-legion-master-oxkeryabs6f\n            5yvpzdwisejyhaqlow3dx/spack-src/runtime/realm/transfer/transfer.cc:",
        "post_context": "            llocator' uses local type 'Realm::find_fastest_path(Realm::Memory,\n            Realm::Memory, Realm::CustomSerdezID, Realm::ReductionOpID, size_t,\n             const std::vector<long unsigned int>*, const std::vector<long unsi\n            gned int>*, Realm::MemPathInfo&, bool)::PartialPath'\n     125         std::vector<PartialPath> partials;\n     126                                ^",
        "id": 62633,
        "label": "dinos-error"
    },
    {
        "phase": "N/A",
        "source_file": "            2478",
        "source_line_no": "2",
        "line_no": 385,
        "repeat_count": 0,
        "start": 379,
        "end": 392,
        "text": "2478:28: error: template argument for 'template<class> class std::a",
        "pre_context": "             In function 'bool Realm::find_fastest_path(Realm::Memory, Realm::M\n            emory, Realm::CustomSerdezID, Realm::ReductionOpID, size_t, const s\n            td::vector<long unsigned int>*, const std::vector<long unsigned int\n            >*, Realm::MemPathInfo&, bool)':\n  >> 79     /var/tmp/koparasy/spack-stage/spack-stage-legion-master-oxkeryabs6f\n            5yvpzdwisejyhaqlow3dx/spack-src/runtime/realm/transfer/transfer.cc:",
        "post_context": "            llocator' uses local type 'Realm::find_fastest_path(Realm::Memory,\n            Realm::Memory, Realm::CustomSerdezID, Realm::ReductionOpID, size_t,\n             const std::vector<long unsigned int>*, const std::vector<long unsi\n            gned int>*, Realm::MemPathInfo&, bool)::PartialPath'\n     80          std::vector<PartialPath> partials;\n     81                                 ^",
        "id": 62679,
        "label": "dinos-error"
    },
    {
        "phase": "N/A",
        "source_file": "            2478",
        "source_line_no": "2",
        "line_no": 404,
        "repeat_count": 0,
        "start": 398,
        "end": 411,
        "text": "2478:28: error: template argument for 'template<class> class std::a",
        "pre_context": "             In function 'bool Realm::find_fastest_path(Realm::Memory, Realm::M\n            emory, Realm::CustomSerdezID, Realm::ReductionOpID, size_t, const s\n            td::vector<long unsigned int>*, const std::vector<long unsigned int\n            >*, Realm::MemPathInfo&, bool)':\n  >> 80     /var/tmp/koparasy/spack-stage/spack-stage-legion-master-oxkeryabs6f\n            5yvpzdwisejyhaqlow3dx/spack-src/runtime/realm/transfer/transfer.cc:",
        "post_context": "            llocator' uses local type 'Realm::find_fastest_path(Realm::Memory,\n            Realm::Memory, Realm::CustomSerdezID, Realm::ReductionOpID, size_t,\n             const std::vector<long unsigned int>*, const std::vector<long unsi\n            gned int>*, Realm::MemPathInfo&, bool)::PartialPath'\n     81          std::vector<PartialPath> partials;\n     82                                 ^",
        "id": 62730,
        "label": "dinos-error"
    },
    {
        "phase": "N/A",
        "source_file": "            2478",
        "source_line_no": "2",
        "line_no": 376,
        "repeat_count": 0,
        "start": 370,
        "end": 383,
        "text": "2478:28: error: template argument for 'template<class> class std::a",
        "pre_context": "             In function 'bool Realm::find_fastest_path(Realm::Memory, Realm::M\n            emory, Realm::CustomSerdezID, Realm::ReductionOpID, size_t, const s\n            td::vector<long unsigned int>*, const std::vector<long unsigned int\n            >*, Realm::MemPathInfo&, bool)':\n  >> 80     /var/tmp/koparasy/spack-stage/spack-stage-legion-stable-wizcv527pbd\n            r32fkhuwtkzi5blpbwmao/spack-src/runtime/realm/transfer/transfer.cc:",
        "post_context": "            llocator' uses local type 'Realm::find_fastest_path(Realm::Memory,\n            Realm::Memory, Realm::CustomSerdezID, Realm::ReductionOpID, size_t,\n             const std::vector<long unsigned int>*, const std::vector<long unsi\n            gned int>*, Realm::MemPathInfo&, bool)::PartialPath'\n     81          std::vector<PartialPath> partials;\n     82                                 ^",
        "id": 62781,
        "label": "dinos-error"
    },
    {
        "phase": "N/A",
        "source_file": "            2478",
        "source_line_no": "2",
        "line_no": 395,
        "repeat_count": 0,
        "start": 389,
        "end": 402,
        "text": "2478:28: error: template argument for 'template<class> class std::a",
        "pre_context": "             In function 'bool Realm::find_fastest_path(Realm::Memory, Realm::M\n            emory, Realm::CustomSerdezID, Realm::ReductionOpID, size_t, const s\n            td::vector<long unsigned int>*, const std::vector<long unsigned int\n            >*, Realm::MemPathInfo&, bool)':\n  >> 79     /var/tmp/koparasy/spack-stage/spack-stage-legion-master-oxkeryabs6f\n            5yvpzdwisejyhaqlow3dx/spack-src/runtime/realm/transfer/transfer.cc:",
        "post_context": "            llocator' uses local type 'Realm::find_fastest_path(Realm::Memory,\n            Realm::Memory, Realm::CustomSerdezID, Realm::ReductionOpID, size_t,\n             const std::vector<long unsigned int>*, const std::vector<long unsi\n            gned int>*, Realm::MemPathInfo&, bool)::PartialPath'\n     80          std::vector<PartialPath> partials;\n     81                                 ^",
        "id": 62854,
        "label": "dinos-error"
    },
    {
        "phase": "N/A",
        "source_file": "            2478",
        "source_line_no": "2",
        "line_no": 489,
        "repeat_count": 0,
        "start": 483,
        "end": 496,
        "text": "2478:28: error: template argument for 'template<class> class std::a",
        "pre_context": "             In function 'bool Realm::find_fastest_path(Realm::Memory, Realm::M\n            emory, Realm::CustomSerdezID, Realm::ReductionOpID, size_t, const s\n            td::vector<long unsigned int>*, const std::vector<long unsigned int\n            >*, Realm::MemPathInfo&, bool)':\n  >> 127    /var/tmp/koparasy/spack-stage/spack-stage-legion-stable-wizcv527pbd\n            r32fkhuwtkzi5blpbwmao/spack-src/runtime/realm/transfer/transfer.cc:",
        "post_context": "            llocator' uses local type 'Realm::find_fastest_path(Realm::Memory,\n            Realm::Memory, Realm::CustomSerdezID, Realm::ReductionOpID, size_t,\n             const std::vector<long unsigned int>*, const std::vector<long unsi\n            gned int>*, Realm::MemPathInfo&, bool)::PartialPath'\n     128         std::vector<PartialPath> partials;\n     129                                ^",
        "id": 62961,
        "label": "dinos-error"
    },
    {
        "phase": "N/A",
        "source_file": "            2478",
        "source_line_no": "2",
        "line_no": 394,
        "repeat_count": 0,
        "start": 388,
        "end": 401,
        "text": "2478:28: error: template argument for 'template<class> class std::a",
        "pre_context": "             In function 'bool Realm::find_fastest_path(Realm::Memory, Realm::M\n            emory, Realm::CustomSerdezID, Realm::ReductionOpID, size_t, const s\n            td::vector<long unsigned int>*, const std::vector<long unsigned int\n            >*, Realm::MemPathInfo&, bool)':\n  >> 58     /var/tmp/koparasy/spack-stage/spack-stage-legion-master-oxkeryabs6f\n            5yvpzdwisejyhaqlow3dx/spack-src/runtime/realm/transfer/transfer.cc:",
        "post_context": "            llocator' uses local type 'Realm::find_fastest_path(Realm::Memory,\n            Realm::Memory, Realm::CustomSerdezID, Realm::ReductionOpID, size_t,\n             const std::vector<long unsigned int>*, const std::vector<long unsi\n            gned int>*, Realm::MemPathInfo&, bool)::PartialPath'\n     59          std::vector<PartialPath> partials;\n     60                                 ^",
        "id": 63007,
        "label": "dinos-error"
    },
    {
        "phase": "N/A",
        "source_file": "            2478",
        "source_line_no": "2",
        "line_no": 423,
        "repeat_count": 0,
        "start": 417,
        "end": 430,
        "text": "2478:28: error: template argument for 'template<class> class std::a",
        "pre_context": "             In function 'bool Realm::find_fastest_path(Realm::Memory, Realm::M\n            emory, Realm::CustomSerdezID, Realm::ReductionOpID, size_t, const s\n            td::vector<long unsigned int>*, const std::vector<long unsigned int\n            >*, Realm::MemPathInfo&, bool)':\n  >> 80     /var/tmp/koparasy/spack-stage/spack-stage-legion-stable-wizcv527pbd\n            r32fkhuwtkzi5blpbwmao/spack-src/runtime/realm/transfer/transfer.cc:",
        "post_context": "            llocator' uses local type 'Realm::find_fastest_path(Realm::Memory,\n            Realm::Memory, Realm::CustomSerdezID, Realm::ReductionOpID, size_t,\n             const std::vector<long unsigned int>*, const std::vector<long unsi\n            gned int>*, Realm::MemPathInfo&, bool)::PartialPath'\n     81          std::vector<PartialPath> partials;\n     82                                 ^",
        "id": 63058,
        "label": "dinos-error"
    },
    {
        "phase": "N/A",
        "source_file": "            2478",
        "source_line_no": "2",
        "line_no": 404,
        "repeat_count": 0,
        "start": 398,
        "end": 411,
        "text": "2478:28: error: template argument for 'template<class> class std::a",
        "pre_context": "             In function 'bool Realm::find_fastest_path(Realm::Memory, Realm::M\n            emory, Realm::CustomSerdezID, Realm::ReductionOpID, size_t, const s\n            td::vector<long unsigned int>*, const std::vector<long unsigned int\n            >*, Realm::MemPathInfo&, bool)':\n  >> 80     /var/tmp/koparasy/spack-stage/spack-stage-legion-stable-wizcv527pbd\n            r32fkhuwtkzi5blpbwmao/spack-src/runtime/realm/transfer/transfer.cc:",
        "post_context": "            llocator' uses local type 'Realm::find_fastest_path(Realm::Memory,\n            Realm::Memory, Realm::CustomSerdezID, Realm::ReductionOpID, size_t,\n             const std::vector<long unsigned int>*, const std::vector<long unsi\n            gned int>*, Realm::MemPathInfo&, bool)::PartialPath'\n     81          std::vector<PartialPath> partials;\n     82                                 ^",
        "id": 63273,
        "label": "dinos-error"
    },
    {
        "phase": "N/A",
        "source_file": "            2478",
        "source_line_no": "2",
        "line_no": 482,
        "repeat_count": 0,
        "start": 476,
        "end": 489,
        "text": "2478:28: error: template argument for 'template<class> class std::a",
        "pre_context": "             In function 'bool Realm::find_fastest_path(Realm::Memory, Realm::M\n            emory, Realm::CustomSerdezID, Realm::ReductionOpID, size_t, const s\n            td::vector<long unsigned int>*, const std::vector<long unsigned int\n            >*, Realm::MemPathInfo&, bool)':\n  >> 79     /var/tmp/koparasy/spack-stage/spack-stage-legion-stable-wizcv527pbd\n            r32fkhuwtkzi5blpbwmao/spack-src/runtime/realm/transfer/transfer.cc:",
        "post_context": "            llocator' uses local type 'Realm::find_fastest_path(Realm::Memory,\n            Realm::Memory, Realm::CustomSerdezID, Realm::ReductionOpID, size_t,\n             const std::vector<long unsigned int>*, const std::vector<long unsi\n            gned int>*, Realm::MemPathInfo&, bool)::PartialPath'\n     80          std::vector<PartialPath> partials;\n     81                                 ^",
        "id": 63324,
        "label": "dinos-error"
    },
    {
        "phase": "N/A",
        "source_file": "            2478",
        "source_line_no": "2",
        "line_no": 385,
        "repeat_count": 0,
        "start": 379,
        "end": 392,
        "text": "2478:28: error: template argument for 'template<class> class std::a",
        "pre_context": "             In function 'bool Realm::find_fastest_path(Realm::Memory, Realm::M\n            emory, Realm::CustomSerdezID, Realm::ReductionOpID, size_t, const s\n            td::vector<long unsigned int>*, const std::vector<long unsigned int\n            >*, Realm::MemPathInfo&, bool)':\n  >> 82     /var/tmp/koparasy/spack-stage/spack-stage-legion-stable-wizcv527pbd\n            r32fkhuwtkzi5blpbwmao/spack-src/runtime/realm/transfer/transfer.cc:",
        "post_context": "            llocator' uses local type 'Realm::find_fastest_path(Realm::Memory,\n            Realm::Memory, Realm::CustomSerdezID, Realm::ReductionOpID, size_t,\n             const std::vector<long unsigned int>*, const std::vector<long unsi\n            gned int>*, Realm::MemPathInfo&, bool)::PartialPath'\n     83          std::vector<PartialPath> partials;\n     84                                 ^",
        "id": 63375,
        "label": "dinos-error"
    },
    {
        "phase": "N/A",
        "source_file": "            2478",
        "source_line_no": "2",
        "line_no": 394,
        "repeat_count": 0,
        "start": 388,
        "end": 401,
        "text": "2478:28: error: template argument for 'template<class> class std::a",
        "pre_context": "             In function 'bool Realm::find_fastest_path(Realm::Memory, Realm::M\n            emory, Realm::CustomSerdezID, Realm::ReductionOpID, size_t, const s\n            td::vector<long unsigned int>*, const std::vector<long unsigned int\n            >*, Realm::MemPathInfo&, bool)':\n  >> 80     /var/tmp/koparasy/spack-stage/spack-stage-legion-master-oxkeryabs6f\n            5yvpzdwisejyhaqlow3dx/spack-src/runtime/realm/transfer/transfer.cc:",
        "post_context": "            llocator' uses local type 'Realm::find_fastest_path(Realm::Memory,\n            Realm::Memory, Realm::CustomSerdezID, Realm::ReductionOpID, size_t,\n             const std::vector<long unsigned int>*, const std::vector<long unsi\n            gned int>*, Realm::MemPathInfo&, bool)::PartialPath'\n     81          std::vector<PartialPath> partials;\n     82                                 ^",
        "id": 63437,
        "label": "dinos-error"
    },
    {
        "phase": "N/A",
        "source_file": "            2478",
        "source_line_no": "2",
        "line_no": 426,
        "repeat_count": 0,
        "start": 420,
        "end": 433,
        "text": "2478:28: error: template argument for 'template<class> class std::a",
        "pre_context": "             In function 'bool Realm::find_fastest_path(Realm::Memory, Realm::M\n            emory, Realm::CustomSerdezID, Realm::ReductionOpID, size_t, const s\n            td::vector<long unsigned int>*, const std::vector<long unsigned int\n            >*, Realm::MemPathInfo&, bool)':\n  >> 80     /var/tmp/koparasy/spack-stage/spack-stage-legion-stable-wizcv527pbd\n            r32fkhuwtkzi5blpbwmao/spack-src/runtime/realm/transfer/transfer.cc:",
        "post_context": "            llocator' uses local type 'Realm::find_fastest_path(Realm::Memory,\n            Realm::Memory, Realm::CustomSerdezID, Realm::ReductionOpID, size_t,\n             const std::vector<long unsigned int>*, const std::vector<long unsi\n            gned int>*, Realm::MemPathInfo&, bool)::PartialPath'\n     81          std::vector<PartialPath> partials;\n     82                                 ^",
        "id": 63652,
        "label": "dinos-error"
    },
    {
        "phase": "N/A",
        "source_file": "            2478",
        "source_line_no": "2",
        "line_no": 463,
        "repeat_count": 0,
        "start": 457,
        "end": 470,
        "text": "2478:28: error: template argument for 'template<class> class std::a",
        "pre_context": "             In function 'bool Realm::find_fastest_path(Realm::Memory, Realm::M\n            emory, Realm::CustomSerdezID, Realm::ReductionOpID, size_t, const s\n            td::vector<long unsigned int>*, const std::vector<long unsigned int\n            >*, Realm::MemPathInfo&, bool)':\n  >> 81     /var/tmp/koparasy/spack-stage/spack-stage-legion-stable-wizcv527pbd\n            r32fkhuwtkzi5blpbwmao/spack-src/runtime/realm/transfer/transfer.cc:",
        "post_context": "            llocator' uses local type 'Realm::find_fastest_path(Realm::Memory,\n            Realm::Memory, Realm::CustomSerdezID, Realm::ReductionOpID, size_t,\n             const std::vector<long unsigned int>*, const std::vector<long unsi\n            gned int>*, Realm::MemPathInfo&, bool)::PartialPath'\n     82          std::vector<PartialPath> partials;\n     83                                 ^",
        "id": 63703,
        "label": "dinos-error"
    },
    {
        "phase": "N/A",
        "source_file": "            2478",
        "source_line_no": "2",
        "line_no": 464,
        "repeat_count": 0,
        "start": 458,
        "end": 471,
        "text": "2478:28: error: template argument for 'template<class> class std::a",
        "pre_context": "             In function 'bool Realm::find_fastest_path(Realm::Memory, Realm::M\n            emory, Realm::CustomSerdezID, Realm::ReductionOpID, size_t, const s\n            td::vector<long unsigned int>*, const std::vector<long unsigned int\n            >*, Realm::MemPathInfo&, bool)':\n  >> 80     /var/tmp/koparasy/spack-stage/spack-stage-legion-master-oxkeryabs6f\n            5yvpzdwisejyhaqlow3dx/spack-src/runtime/realm/transfer/transfer.cc:",
        "post_context": "            llocator' uses local type 'Realm::find_fastest_path(Realm::Memory,\n            Realm::Memory, Realm::CustomSerdezID, Realm::ReductionOpID, size_t,\n             const std::vector<long unsigned int>*, const std::vector<long unsi\n            gned int>*, Realm::MemPathInfo&, bool)::PartialPath'\n     81          std::vector<PartialPath> partials;\n     82                                 ^",
        "id": 63754,
        "label": "dinos-error"
    },
    {
        "phase": "N/A",
        "source_file": "            2478",
        "source_line_no": "2",
        "line_no": 455,
        "repeat_count": 0,
        "start": 449,
        "end": 462,
        "text": "2478:28: error: template argument for 'template<class> class std::a",
        "pre_context": "             In function 'bool Realm::find_fastest_path(Realm::Memory, Realm::M\n            emory, Realm::CustomSerdezID, Realm::ReductionOpID, size_t, const s\n            td::vector<long unsigned int>*, const std::vector<long unsigned int\n            >*, Realm::MemPathInfo&, bool)':\n  >> 82     /var/tmp/koparasy/spack-stage/spack-stage-legion-master-oxkeryabs6f\n            5yvpzdwisejyhaqlow3dx/spack-src/runtime/realm/transfer/transfer.cc:",
        "post_context": "            llocator' uses local type 'Realm::find_fastest_path(Realm::Memory,\n            Realm::Memory, Realm::CustomSerdezID, Realm::ReductionOpID, size_t,\n             const std::vector<long unsigned int>*, const std::vector<long unsi\n            gned int>*, Realm::MemPathInfo&, bool)::PartialPath'\n     83          std::vector<PartialPath> partials;\n     84                                 ^",
        "id": 63805,
        "label": "dinos-error"
    },
    {
        "phase": "N/A",
        "source_file": "            2478",
        "source_line_no": "2",
        "line_no": 446,
        "repeat_count": 0,
        "start": 440,
        "end": 453,
        "text": "2478:28: error: template argument for 'template<class> class std::a",
        "pre_context": "             In function 'bool Realm::find_fastest_path(Realm::Memory, Realm::M\n            emory, Realm::CustomSerdezID, Realm::ReductionOpID, size_t, const s\n            td::vector<long unsigned int>*, const std::vector<long unsigned int\n            >*, Realm::MemPathInfo&, bool)':\n  >> 82     /var/tmp/koparasy/spack-stage/spack-stage-legion-stable-wizcv527pbd\n            r32fkhuwtkzi5blpbwmao/spack-src/runtime/realm/transfer/transfer.cc:",
        "post_context": "            llocator' uses local type 'Realm::find_fastest_path(Realm::Memory,\n            Realm::Memory, Realm::CustomSerdezID, Realm::ReductionOpID, size_t,\n             const std::vector<long unsigned int>*, const std::vector<long unsi\n            gned int>*, Realm::MemPathInfo&, bool)::PartialPath'\n     83          std::vector<PartialPath> partials;\n     84                                 ^",
        "id": 63856,
        "label": "dinos-error"
    },
    {
        "phase": "N/A",
        "source_file": "            2478",
        "source_line_no": "2",
        "line_no": 457,
        "repeat_count": 0,
        "start": 451,
        "end": 464,
        "text": "2478:28: error: template argument for 'template<class> class std::a",
        "pre_context": "             In function 'bool Realm::find_fastest_path(Realm::Memory, Realm::M\n            emory, Realm::CustomSerdezID, Realm::ReductionOpID, size_t, const s\n            td::vector<long unsigned int>*, const std::vector<long unsigned int\n            >*, Realm::MemPathInfo&, bool)':\n  >> 82     /var/tmp/koparasy/spack-stage/spack-stage-legion-master-oxkeryabs6f\n            5yvpzdwisejyhaqlow3dx/spack-src/runtime/realm/transfer/transfer.cc:",
        "post_context": "            llocator' uses local type 'Realm::find_fastest_path(Realm::Memory,\n            Realm::Memory, Realm::CustomSerdezID, Realm::ReductionOpID, size_t,\n             const std::vector<long unsigned int>*, const std::vector<long unsi\n            gned int>*, Realm::MemPathInfo&, bool)::PartialPath'\n     83          std::vector<PartialPath> partials;\n     84                                 ^",
        "id": 63918,
        "label": "dinos-error"
    },
    {
        "phase": "N/A",
        "source_file": "            2478",
        "source_line_no": "2",
        "line_no": 433,
        "repeat_count": 0,
        "start": 427,
        "end": 440,
        "text": "2478:28: error: template argument for 'template<class> class std::a",
        "pre_context": "             In function 'bool Realm::find_fastest_path(Realm::Memory, Realm::M\n            emory, Realm::CustomSerdezID, Realm::ReductionOpID, size_t, const s\n            td::vector<long unsigned int>*, const std::vector<long unsigned int\n            >*, Realm::MemPathInfo&, bool)':\n  >> 84     /var/tmp/koparasy/spack-stage/spack-stage-legion-master-oxkeryabs6f\n            5yvpzdwisejyhaqlow3dx/spack-src/runtime/realm/transfer/transfer.cc:",
        "post_context": "            llocator' uses local type 'Realm::find_fastest_path(Realm::Memory,\n            Realm::Memory, Realm::CustomSerdezID, Realm::ReductionOpID, size_t,\n             const std::vector<long unsigned int>*, const std::vector<long unsi\n            gned int>*, Realm::MemPathInfo&, bool)::PartialPath'\n     85          std::vector<PartialPath> partials;\n     86                                 ^",
        "id": 63969,
        "label": "dinos-error"
    },
    {
        "phase": "N/A",
        "source_file": "            2478",
        "source_line_no": "2",
        "line_no": 510,
        "repeat_count": 0,
        "start": 504,
        "end": 517,
        "text": "2478:28: error: template argument for 'template<class> class std::a",
        "pre_context": "             In function 'bool Realm::find_fastest_path(Realm::Memory, Realm::M\n            emory, Realm::CustomSerdezID, Realm::ReductionOpID, size_t, const s\n            td::vector<long unsigned int>*, const std::vector<long unsigned int\n            >*, Realm::MemPathInfo&, bool)':\n  >> 127    /var/tmp/koparasy/spack-stage/spack-stage-legion-stable-wizcv527pbd\n            r32fkhuwtkzi5blpbwmao/spack-src/runtime/realm/transfer/transfer.cc:",
        "post_context": "            llocator' uses local type 'Realm::find_fastest_path(Realm::Memory,\n            Realm::Memory, Realm::CustomSerdezID, Realm::ReductionOpID, size_t,\n             const std::vector<long unsigned int>*, const std::vector<long unsi\n            gned int>*, Realm::MemPathInfo&, bool)::PartialPath'\n     128         std::vector<PartialPath> partials;\n     129                                ^",
        "id": 64025,
        "label": "dinos-error"
    },
    {
        "phase": "N/A",
        "source_file": "            2478",
        "source_line_no": "2",
        "line_no": 531,
        "repeat_count": 0,
        "start": 525,
        "end": 538,
        "text": "2478:28: error: template argument for 'template<class> class std::a",
        "pre_context": "             In function 'bool Realm::find_fastest_path(Realm::Memory, Realm::M\n            emory, Realm::CustomSerdezID, Realm::ReductionOpID, size_t, const s\n            td::vector<long unsigned int>*, const std::vector<long unsigned int\n            >*, Realm::MemPathInfo&, bool)':\n  >> 126    /var/tmp/koparasy/spack-stage/spack-stage-legion-master-oxkeryabs6f\n            5yvpzdwisejyhaqlow3dx/spack-src/runtime/realm/transfer/transfer.cc:",
        "post_context": "            llocator' uses local type 'Realm::find_fastest_path(Realm::Memory,\n            Realm::Memory, Realm::CustomSerdezID, Realm::ReductionOpID, size_t,\n             const std::vector<long unsigned int>*, const std::vector<long unsi\n            gned int>*, Realm::MemPathInfo&, bool)::PartialPath'\n     127         std::vector<PartialPath> partials;\n     128                                ^",
        "id": 64076,
        "label": "dinos-error"
    },
    {
        "phase": "N/A",
        "source_file": "            2478",
        "source_line_no": "2",
        "line_no": 418,
        "repeat_count": 0,
        "start": 412,
        "end": 425,
        "text": "2478:28: error: template argument for 'template<class> class std::a",
        "pre_context": "             In function 'bool Realm::find_fastest_path(Realm::Memory, Realm::M\n            emory, Realm::CustomSerdezID, Realm::ReductionOpID, size_t, const s\n            td::vector<long unsigned int>*, const std::vector<long unsigned int\n            >*, Realm::MemPathInfo&, bool)':\n  >> 82     /var/tmp/koparasy/spack-stage/spack-stage-legion-stable-wizcv527pbd\n            r32fkhuwtkzi5blpbwmao/spack-src/runtime/realm/transfer/transfer.cc:",
        "post_context": "            llocator' uses local type 'Realm::find_fastest_path(Realm::Memory,\n            Realm::Memory, Realm::CustomSerdezID, Realm::ReductionOpID, size_t,\n             const std::vector<long unsigned int>*, const std::vector<long unsi\n            gned int>*, Realm::MemPathInfo&, bool)::PartialPath'\n     83          std::vector<PartialPath> partials;\n     84                                 ^",
        "id": 64144,
        "label": "dinos-error"
    },
    {
        "phase": "N/A",
        "source_file": "            2478",
        "source_line_no": "2",
        "line_no": 402,
        "repeat_count": 0,
        "start": 396,
        "end": 409,
        "text": "2478:28: error: template argument for 'template<class> class std::a",
        "pre_context": "             In function 'bool Realm::find_fastest_path(Realm::Memory, Realm::M\n            emory, Realm::CustomSerdezID, Realm::ReductionOpID, size_t, const s\n            td::vector<long unsigned int>*, const std::vector<long unsigned int\n            >*, Realm::MemPathInfo&, bool)':\n  >> 58     /var/tmp/koparasy/spack-stage/spack-stage-legion-master-oxkeryabs6f\n            5yvpzdwisejyhaqlow3dx/spack-src/runtime/realm/transfer/transfer.cc:",
        "post_context": "            llocator' uses local type 'Realm::find_fastest_path(Realm::Memory,\n            Realm::Memory, Realm::CustomSerdezID, Realm::ReductionOpID, size_t,\n             const std::vector<long unsigned int>*, const std::vector<long unsi\n            gned int>*, Realm::MemPathInfo&, bool)::PartialPath'\n     59          std::vector<PartialPath> partials;\n     60                                 ^",
        "id": 64257,
        "label": "dinos-error"
    },
    {
        "phase": "N/A",
        "source_file": "            2478",
        "source_line_no": "2",
        "line_no": 388,
        "repeat_count": 0,
        "start": 382,
        "end": 395,
        "text": "2478:28: error: template argument for 'template<class> class std::a",
        "pre_context": "             In function 'bool Realm::find_fastest_path(Realm::Memory, Realm::M\n            emory, Realm::CustomSerdezID, Realm::ReductionOpID, size_t, const s\n            td::vector<long unsigned int>*, const std::vector<long unsigned int\n            >*, Realm::MemPathInfo&, bool)':\n  >> 82     /var/tmp/koparasy/spack-stage/spack-stage-legion-master-oxkeryabs6f\n            5yvpzdwisejyhaqlow3dx/spack-src/runtime/realm/transfer/transfer.cc:",
        "post_context": "            llocator' uses local type 'Realm::find_fastest_path(Realm::Memory,\n            Realm::Memory, Realm::CustomSerdezID, Realm::ReductionOpID, size_t,\n             const std::vector<long unsigned int>*, const std::vector<long unsi\n            gned int>*, Realm::MemPathInfo&, bool)::PartialPath'\n     83          std::vector<PartialPath> partials;\n     84                                 ^",
        "id": 64308,
        "label": "dinos-error"
    },
    {
        "phase": "N/A",
        "source_file": "            2478",
        "source_line_no": "2",
        "line_no": 445,
        "repeat_count": 0,
        "start": 439,
        "end": 452,
        "text": "2478:28: error: template argument for 'template<class> class std::a",
        "pre_context": "             In function 'bool Realm::find_fastest_path(Realm::Memory, Realm::M\n            emory, Realm::CustomSerdezID, Realm::ReductionOpID, size_t, const s\n            td::vector<long unsigned int>*, const std::vector<long unsigned int\n            >*, Realm::MemPathInfo&, bool)':\n  >> 82     /var/tmp/koparasy/spack-stage/spack-stage-legion-master-oxkeryabs6f\n            5yvpzdwisejyhaqlow3dx/spack-src/runtime/realm/transfer/transfer.cc:",
        "post_context": "            llocator' uses local type 'Realm::find_fastest_path(Realm::Memory,\n            Realm::Memory, Realm::CustomSerdezID, Realm::ReductionOpID, size_t,\n             const std::vector<long unsigned int>*, const std::vector<long unsi\n            gned int>*, Realm::MemPathInfo&, bool)::PartialPath'\n     83          std::vector<PartialPath> partials;\n     84                                 ^",
        "id": 64421,
        "label": "dinos-error"
    },
    {
        "phase": "N/A",
        "source_file": "            2478",
        "source_line_no": "2",
        "line_no": 393,
        "repeat_count": 0,
        "start": 387,
        "end": 400,
        "text": "2478:28: error: template argument for 'template<class> class std::a",
        "pre_context": "             In function 'bool Realm::find_fastest_path(Realm::Memory, Realm::M\n            emory, Realm::CustomSerdezID, Realm::ReductionOpID, size_t, const s\n            td::vector<long unsigned int>*, const std::vector<long unsigned int\n            >*, Realm::MemPathInfo&, bool)':\n  >> 79     /var/tmp/koparasy/spack-stage/spack-stage-legion-master-oxkeryabs6f\n            5yvpzdwisejyhaqlow3dx/spack-src/runtime/realm/transfer/transfer.cc:",
        "post_context": "            llocator' uses local type 'Realm::find_fastest_path(Realm::Memory,\n            Realm::Memory, Realm::CustomSerdezID, Realm::ReductionOpID, size_t,\n             const std::vector<long unsigned int>*, const std::vector<long unsi\n            gned int>*, Realm::MemPathInfo&, bool)::PartialPath'\n     80          std::vector<PartialPath> partials;\n     81                                 ^",
        "id": 64472,
        "label": "dinos-error"
    },
    {
        "phase": "N/A",
        "source_file": "            2478",
        "source_line_no": "2",
        "line_no": 392,
        "repeat_count": 0,
        "start": 386,
        "end": 399,
        "text": "2478:28: error: template argument for 'template<class> class std::a",
        "pre_context": "             In function 'bool Realm::find_fastest_path(Realm::Memory, Realm::M\n            emory, Realm::CustomSerdezID, Realm::ReductionOpID, size_t, const s\n            td::vector<long unsigned int>*, const std::vector<long unsigned int\n            >*, Realm::MemPathInfo&, bool)':\n  >> 57     /var/tmp/koparasy/spack-stage/spack-stage-legion-stable-wizcv527pbd\n            r32fkhuwtkzi5blpbwmao/spack-src/runtime/realm/transfer/transfer.cc:",
        "post_context": "            llocator' uses local type 'Realm::find_fastest_path(Realm::Memory,\n            Realm::Memory, Realm::CustomSerdezID, Realm::ReductionOpID, size_t,\n             const std::vector<long unsigned int>*, const std::vector<long unsi\n            gned int>*, Realm::MemPathInfo&, bool)::PartialPath'\n     58          std::vector<PartialPath> partials;\n     59                                 ^",
        "id": 64523,
        "label": "dinos-error"
    },
    {
        "phase": "N/A",
        "source_file": "            2478",
        "source_line_no": "2",
        "line_no": 392,
        "repeat_count": 0,
        "start": 386,
        "end": 399,
        "text": "2478:28: error: template argument for 'template<class> class std::a",
        "pre_context": "             In function 'bool Realm::find_fastest_path(Realm::Memory, Realm::M\n            emory, Realm::CustomSerdezID, Realm::ReductionOpID, size_t, const s\n            td::vector<long unsigned int>*, const std::vector<long unsigned int\n            >*, Realm::MemPathInfo&, bool)':\n  >> 82     /var/tmp/koparasy/spack-stage/spack-stage-legion-stable-wizcv527pbd\n            r32fkhuwtkzi5blpbwmao/spack-src/runtime/realm/transfer/transfer.cc:",
        "post_context": "            llocator' uses local type 'Realm::find_fastest_path(Realm::Memory,\n            Realm::Memory, Realm::CustomSerdezID, Realm::ReductionOpID, size_t,\n             const std::vector<long unsigned int>*, const std::vector<long unsi\n            gned int>*, Realm::MemPathInfo&, bool)::PartialPath'\n     83          std::vector<PartialPath> partials;\n     84                                 ^",
        "id": 64574,
        "label": "dinos-error"
    },
    {
        "phase": "N/A",
        "source_file": "            2478",
        "source_line_no": "2",
        "line_no": 366,
        "repeat_count": 0,
        "start": 360,
        "end": 373,
        "text": "2478:28: error: template argument for 'template<class> class std::a",
        "pre_context": "             In function 'bool Realm::find_fastest_path(Realm::Memory, Realm::M\n            emory, Realm::CustomSerdezID, Realm::ReductionOpID, size_t, const s\n            td::vector<long unsigned int>*, const std::vector<long unsigned int\n            >*, Realm::MemPathInfo&, bool)':\n  >> 82     /var/tmp/koparasy/spack-stage/spack-stage-legion-master-oxkeryabs6f\n            5yvpzdwisejyhaqlow3dx/spack-src/runtime/realm/transfer/transfer.cc:",
        "post_context": "            llocator' uses local type 'Realm::find_fastest_path(Realm::Memory,\n            Realm::Memory, Realm::CustomSerdezID, Realm::ReductionOpID, size_t,\n             const std::vector<long unsigned int>*, const std::vector<long unsi\n            gned int>*, Realm::MemPathInfo&, bool)::PartialPath'\n     83          std::vector<PartialPath> partials;\n     84                                 ^",
        "id": 64625,
        "label": "dinos-error"
    },
    {
        "phase": "N/A",
        "source_file": "            2478",
        "source_line_no": "2",
        "line_no": 383,
        "repeat_count": 0,
        "start": 377,
        "end": 390,
        "text": "2478:28: error: template argument for 'template<class> class std::a",
        "pre_context": "             In function 'bool Realm::find_fastest_path(Realm::Memory, Realm::M\n            emory, Realm::CustomSerdezID, Realm::ReductionOpID, size_t, const s\n            td::vector<long unsigned int>*, const std::vector<long unsigned int\n            >*, Realm::MemPathInfo&, bool)':\n  >> 82     /var/tmp/koparasy/spack-stage/spack-stage-legion-master-oxkeryabs6f\n            5yvpzdwisejyhaqlow3dx/spack-src/runtime/realm/transfer/transfer.cc:",
        "post_context": "            llocator' uses local type 'Realm::find_fastest_path(Realm::Memory,\n            Realm::Memory, Realm::CustomSerdezID, Realm::ReductionOpID, size_t,\n             const std::vector<long unsigned int>*, const std::vector<long unsi\n            gned int>*, Realm::MemPathInfo&, bool)::PartialPath'\n     83          std::vector<PartialPath> partials;\n     84                                 ^",
        "id": 64676,
        "label": "dinos-error"
    },
    {
        "phase": "N/A",
        "source_file": "            2478",
        "source_line_no": "2",
        "line_no": 368,
        "repeat_count": 0,
        "start": 362,
        "end": 375,
        "text": "2478:28: error: template argument for 'template<class> class std::a",
        "pre_context": "             In function 'bool Realm::find_fastest_path(Realm::Memory, Realm::M\n            emory, Realm::CustomSerdezID, Realm::ReductionOpID, size_t, const s\n            td::vector<long unsigned int>*, const std::vector<long unsigned int\n            >*, Realm::MemPathInfo&, bool)':\n  >> 58     /var/tmp/koparasy/spack-stage/spack-stage-legion-stable-wizcv527pbd\n            r32fkhuwtkzi5blpbwmao/spack-src/runtime/realm/transfer/transfer.cc:",
        "post_context": "            llocator' uses local type 'Realm::find_fastest_path(Realm::Memory,\n            Realm::Memory, Realm::CustomSerdezID, Realm::ReductionOpID, size_t,\n             const std::vector<long unsigned int>*, const std::vector<long unsi\n            gned int>*, Realm::MemPathInfo&, bool)::PartialPath'\n     59          std::vector<PartialPath> partials;\n     60                                 ^",
        "id": 64727,
        "label": "dinos-error"
    },
    {
        "phase": "N/A",
        "source_file": "            2478",
        "source_line_no": "2",
        "line_no": 383,
        "repeat_count": 0,
        "start": 377,
        "end": 390,
        "text": "2478:28: error: template argument for 'template<class> class std::a",
        "pre_context": "             In function 'bool Realm::find_fastest_path(Realm::Memory, Realm::M\n            emory, Realm::CustomSerdezID, Realm::ReductionOpID, size_t, const s\n            td::vector<long unsigned int>*, const std::vector<long unsigned int\n            >*, Realm::MemPathInfo&, bool)':\n  >> 79     /var/tmp/koparasy/spack-stage/spack-stage-legion-stable-wizcv527pbd\n            r32fkhuwtkzi5blpbwmao/spack-src/runtime/realm/transfer/transfer.cc:",
        "post_context": "            llocator' uses local type 'Realm::find_fastest_path(Realm::Memory,\n            Realm::Memory, Realm::CustomSerdezID, Realm::ReductionOpID, size_t,\n             const std::vector<long unsigned int>*, const std::vector<long unsi\n            gned int>*, Realm::MemPathInfo&, bool)::PartialPath'\n     80          std::vector<PartialPath> partials;\n     81                                 ^",
        "id": 64778,
        "label": "dinos-error"
    },
    {
        "phase": "N/A",
        "source_file": "            2478",
        "source_line_no": "2",
        "line_no": 475,
        "repeat_count": 0,
        "start": 469,
        "end": 482,
        "text": "2478:28: error: template argument for 'template<class> class std::a",
        "pre_context": "             In function 'bool Realm::find_fastest_path(Realm::Memory, Realm::M\n            emory, Realm::CustomSerdezID, Realm::ReductionOpID, size_t, const s\n            td::vector<long unsigned int>*, const std::vector<long unsigned int\n            >*, Realm::MemPathInfo&, bool)':\n  >> 80     /var/tmp/koparasy/spack-stage/spack-stage-legion-stable-wizcv527pbd\n            r32fkhuwtkzi5blpbwmao/spack-src/runtime/realm/transfer/transfer.cc:",
        "post_context": "            llocator' uses local type 'Realm::find_fastest_path(Realm::Memory,\n            Realm::Memory, Realm::CustomSerdezID, Realm::ReductionOpID, size_t,\n             const std::vector<long unsigned int>*, const std::vector<long unsi\n            gned int>*, Realm::MemPathInfo&, bool)::PartialPath'\n     81          std::vector<PartialPath> partials;\n     82                                 ^",
        "id": 64829,
        "label": "dinos-error"
    },
    {
        "phase": "N/A",
        "source_file": "            2478",
        "source_line_no": "2",
        "line_no": 472,
        "repeat_count": 0,
        "start": 466,
        "end": 479,
        "text": "2478:28: error: template argument for 'template<class> class std::a",
        "pre_context": "             In function 'bool Realm::find_fastest_path(Realm::Memory, Realm::M\n            emory, Realm::CustomSerdezID, Realm::ReductionOpID, size_t, const s\n            td::vector<long unsigned int>*, const std::vector<long unsigned int\n            >*, Realm::MemPathInfo&, bool)':\n  >> 84     /var/tmp/koparasy/spack-stage/spack-stage-legion-stable-wizcv527pbd\n            r32fkhuwtkzi5blpbwmao/spack-src/runtime/realm/transfer/transfer.cc:",
        "post_context": "            llocator' uses local type 'Realm::find_fastest_path(Realm::Memory,\n            Realm::Memory, Realm::CustomSerdezID, Realm::ReductionOpID, size_t,\n             const std::vector<long unsigned int>*, const std::vector<long unsi\n            gned int>*, Realm::MemPathInfo&, bool)::PartialPath'\n     85          std::vector<PartialPath> partials;\n     86                                 ^",
        "id": 64880,
        "label": "dinos-error"
    },
    {
        "phase": "N/A",
        "source_file": "            2478",
        "source_line_no": "2",
        "line_no": 545,
        "repeat_count": 0,
        "start": 539,
        "end": 552,
        "text": "2478:28: error: template argument for 'template<class> class std::a",
        "pre_context": "             In function 'bool Realm::find_fastest_path(Realm::Memory, Realm::M\n            emory, Realm::CustomSerdezID, Realm::ReductionOpID, size_t, const s\n            td::vector<long unsigned int>*, const std::vector<long unsigned int\n            >*, Realm::MemPathInfo&, bool)':\n  >> 123    /var/tmp/koparasy/spack-stage/spack-stage-legion-master-oxkeryabs6f\n            5yvpzdwisejyhaqlow3dx/spack-src/runtime/realm/transfer/transfer.cc:",
        "post_context": "            llocator' uses local type 'Realm::find_fastest_path(Realm::Memory,\n            Realm::Memory, Realm::CustomSerdezID, Realm::ReductionOpID, size_t,\n             const std::vector<long unsigned int>*, const std::vector<long unsi\n            gned int>*, Realm::MemPathInfo&, bool)::PartialPath'\n     124         std::vector<PartialPath> partials;\n     125                                ^",
        "id": 64947,
        "label": "dinos-error"
    },
    {
        "phase": "N/A",
        "source_file": "            2478",
        "source_line_no": "2",
        "line_no": 459,
        "repeat_count": 0,
        "start": 453,
        "end": 466,
        "text": "2478:28: error: template argument for 'template<class> class std::a",
        "pre_context": "             In function 'bool Realm::find_fastest_path(Realm::Memory, Realm::M\n            emory, Realm::CustomSerdezID, Realm::ReductionOpID, size_t, const s\n            td::vector<long unsigned int>*, const std::vector<long unsigned int\n            >*, Realm::MemPathInfo&, bool)':\n  >> 80     /var/tmp/koparasy/spack-stage/spack-stage-legion-master-oxkeryabs6f\n            5yvpzdwisejyhaqlow3dx/spack-src/runtime/realm/transfer/transfer.cc:",
        "post_context": "            llocator' uses local type 'Realm::find_fastest_path(Realm::Memory,\n            Realm::Memory, Realm::CustomSerdezID, Realm::ReductionOpID, size_t,\n             const std::vector<long unsigned int>*, const std::vector<long unsi\n            gned int>*, Realm::MemPathInfo&, bool)::PartialPath'\n     81          std::vector<PartialPath> partials;\n     82                                 ^",
        "id": 65044,
        "label": "dinos-error"
    },
    {
        "phase": "N/A",
        "source_file": "            2478",
        "source_line_no": "2",
        "line_no": 463,
        "repeat_count": 0,
        "start": 457,
        "end": 470,
        "text": "2478:28: error: template argument for 'template<class> class std::a",
        "pre_context": "             In function 'bool Realm::find_fastest_path(Realm::Memory, Realm::M\n            emory, Realm::CustomSerdezID, Realm::ReductionOpID, size_t, const s\n            td::vector<long unsigned int>*, const std::vector<long unsigned int\n            >*, Realm::MemPathInfo&, bool)':\n  >> 82     /var/tmp/koparasy/spack-stage/spack-stage-legion-master-oxkeryabs6f\n            5yvpzdwisejyhaqlow3dx/spack-src/runtime/realm/transfer/transfer.cc:",
        "post_context": "            llocator' uses local type 'Realm::find_fastest_path(Realm::Memory,\n            Realm::Memory, Realm::CustomSerdezID, Realm::ReductionOpID, size_t,\n             const std::vector<long unsigned int>*, const std::vector<long unsi\n            gned int>*, Realm::MemPathInfo&, bool)::PartialPath'\n     83          std::vector<PartialPath> partials;\n     84                                 ^",
        "id": 65095,
        "label": "dinos-error"
    },
    {
        "phase": "N/A",
        "source_file": "            2478",
        "source_line_no": "2",
        "line_no": 444,
        "repeat_count": 0,
        "start": 438,
        "end": 451,
        "text": "2478:28: error: template argument for 'template<class> class std::a",
        "pre_context": "             In function 'bool Realm::find_fastest_path(Realm::Memory, Realm::M\n            emory, Realm::CustomSerdezID, Realm::ReductionOpID, size_t, const s\n            td::vector<long unsigned int>*, const std::vector<long unsigned int\n            >*, Realm::MemPathInfo&, bool)':\n  >> 79     /var/tmp/koparasy/spack-stage/spack-stage-legion-master-oxkeryabs6f\n            5yvpzdwisejyhaqlow3dx/spack-src/runtime/realm/transfer/transfer.cc:",
        "post_context": "            llocator' uses local type 'Realm::find_fastest_path(Realm::Memory,\n            Realm::Memory, Realm::CustomSerdezID, Realm::ReductionOpID, size_t,\n             const std::vector<long unsigned int>*, const std::vector<long unsi\n            gned int>*, Realm::MemPathInfo&, bool)::PartialPath'\n     80          std::vector<PartialPath> partials;\n     81                                 ^",
        "id": 65197,
        "label": "dinos-error"
    },
    {
        "phase": "N/A",
        "source_file": "            2478",
        "source_line_no": "2",
        "line_no": 413,
        "repeat_count": 0,
        "start": 407,
        "end": 420,
        "text": "2478:28: error: template argument for 'template<class> class std::a",
        "pre_context": "             In function 'bool Realm::find_fastest_path(Realm::Memory, Realm::M\n            emory, Realm::CustomSerdezID, Realm::ReductionOpID, size_t, const s\n            td::vector<long unsigned int>*, const std::vector<long unsigned int\n            >*, Realm::MemPathInfo&, bool)':\n  >> 80     /var/tmp/koparasy/spack-stage/spack-stage-legion-stable-wizcv527pbd\n            r32fkhuwtkzi5blpbwmao/spack-src/runtime/realm/transfer/transfer.cc:",
        "post_context": "            llocator' uses local type 'Realm::find_fastest_path(Realm::Memory,\n            Realm::Memory, Realm::CustomSerdezID, Realm::ReductionOpID, size_t,\n             const std::vector<long unsigned int>*, const std::vector<long unsi\n            gned int>*, Realm::MemPathInfo&, bool)::PartialPath'\n     81          std::vector<PartialPath> partials;\n     82                                 ^",
        "id": 65350,
        "label": "dinos-error"
    },
    {
        "phase": "N/A",
        "source_file": "            2478",
        "source_line_no": "2",
        "line_no": 495,
        "repeat_count": 0,
        "start": 489,
        "end": 502,
        "text": "2478:28: error: template argument for 'template<class> class std::a",
        "pre_context": "             In function 'bool Realm::find_fastest_path(Realm::Memory, Realm::M\n            emory, Realm::CustomSerdezID, Realm::ReductionOpID, size_t, const s\n            td::vector<long unsigned int>*, const std::vector<long unsigned int\n            >*, Realm::MemPathInfo&, bool)':\n  >> 124    /var/tmp/koparasy/spack-stage/spack-stage-legion-stable-wizcv527pbd\n            r32fkhuwtkzi5blpbwmao/spack-src/runtime/realm/transfer/transfer.cc:",
        "post_context": "            llocator' uses local type 'Realm::find_fastest_path(Realm::Memory,\n            Realm::Memory, Realm::CustomSerdezID, Realm::ReductionOpID, size_t,\n             const std::vector<long unsigned int>*, const std::vector<long unsi\n            gned int>*, Realm::MemPathInfo&, bool)::PartialPath'\n     125         std::vector<PartialPath> partials;\n     126                                ^",
        "id": 65417,
        "label": "dinos-error"
    },
    {
        "phase": "N/A",
        "source_file": "            2478",
        "source_line_no": "2",
        "line_no": 398,
        "repeat_count": 0,
        "start": 392,
        "end": 405,
        "text": "2478:28: error: template argument for 'template<class> class std::a",
        "pre_context": "             In function 'bool Realm::find_fastest_path(Realm::Memory, Realm::M\n            emory, Realm::CustomSerdezID, Realm::ReductionOpID, size_t, const s\n            td::vector<long unsigned int>*, const std::vector<long unsigned int\n            >*, Realm::MemPathInfo&, bool)':\n  >> 82     /var/tmp/koparasy/spack-stage/spack-stage-legion-master-oxkeryabs6f\n            5yvpzdwisejyhaqlow3dx/spack-src/runtime/realm/transfer/transfer.cc:",
        "post_context": "            llocator' uses local type 'Realm::find_fastest_path(Realm::Memory,\n            Realm::Memory, Realm::CustomSerdezID, Realm::ReductionOpID, size_t,\n             const std::vector<long unsigned int>*, const std::vector<long unsi\n            gned int>*, Realm::MemPathInfo&, bool)::PartialPath'\n     83          std::vector<PartialPath> partials;\n     84                                 ^",
        "id": 65525,
        "label": "dinos-error"
    },
    {
        "phase": "N/A",
        "source_file": "            2478",
        "source_line_no": "2",
        "line_no": 402,
        "repeat_count": 0,
        "start": 396,
        "end": 409,
        "text": "2478:28: error: template argument for 'template<class> class std::a",
        "pre_context": "             In function 'bool Realm::find_fastest_path(Realm::Memory, Realm::M\n            emory, Realm::CustomSerdezID, Realm::ReductionOpID, size_t, const s\n            td::vector<long unsigned int>*, const std::vector<long unsigned int\n            >*, Realm::MemPathInfo&, bool)':\n  >> 80     /var/tmp/koparasy/spack-stage/spack-stage-legion-stable-wizcv527pbd\n            r32fkhuwtkzi5blpbwmao/spack-src/runtime/realm/transfer/transfer.cc:",
        "post_context": "            llocator' uses local type 'Realm::find_fastest_path(Realm::Memory,\n            Realm::Memory, Realm::CustomSerdezID, Realm::ReductionOpID, size_t,\n             const std::vector<long unsigned int>*, const std::vector<long unsi\n            gned int>*, Realm::MemPathInfo&, bool)::PartialPath'\n     81          std::vector<PartialPath> partials;\n     82                                 ^",
        "id": 65576,
        "label": "dinos-error"
    },
    {
        "phase": "N/A",
        "source_file": "            2478",
        "source_line_no": "2",
        "line_no": 439,
        "repeat_count": 0,
        "start": 433,
        "end": 446,
        "text": "2478:28: error: template argument for 'template<class> class std::a",
        "pre_context": "             In function 'bool Realm::find_fastest_path(Realm::Memory, Realm::M\n            emory, Realm::CustomSerdezID, Realm::ReductionOpID, size_t, const s\n            td::vector<long unsigned int>*, const std::vector<long unsigned int\n            >*, Realm::MemPathInfo&, bool)':\n  >> 80     /var/tmp/koparasy/spack-stage/spack-stage-legion-stable-wizcv527pbd\n            r32fkhuwtkzi5blpbwmao/spack-src/runtime/realm/transfer/transfer.cc:",
        "post_context": "            llocator' uses local type 'Realm::find_fastest_path(Realm::Memory,\n            Realm::Memory, Realm::CustomSerdezID, Realm::ReductionOpID, size_t,\n             const std::vector<long unsigned int>*, const std::vector<long unsi\n            gned int>*, Realm::MemPathInfo&, bool)::PartialPath'\n     81          std::vector<PartialPath> partials;\n     82                                 ^",
        "id": 65638,
        "label": "dinos-error"
    },
    {
        "phase": "N/A",
        "source_file": "            2478",
        "source_line_no": "2",
        "line_no": 458,
        "repeat_count": 0,
        "start": 452,
        "end": 465,
        "text": "2478:28: error: template argument for 'template<class> class std::a",
        "pre_context": "             In function 'bool Realm::find_fastest_path(Realm::Memory, Realm::M\n            emory, Realm::CustomSerdezID, Realm::ReductionOpID, size_t, const s\n            td::vector<long unsigned int>*, const std::vector<long unsigned int\n            >*, Realm::MemPathInfo&, bool)':\n  >> 82     /var/tmp/koparasy/spack-stage/spack-stage-legion-stable-wizcv527pbd\n            r32fkhuwtkzi5blpbwmao/spack-src/runtime/realm/transfer/transfer.cc:",
        "post_context": "            llocator' uses local type 'Realm::find_fastest_path(Realm::Memory,\n            Realm::Memory, Realm::CustomSerdezID, Realm::ReductionOpID, size_t,\n             const std::vector<long unsigned int>*, const std::vector<long unsi\n            gned int>*, Realm::MemPathInfo&, bool)::PartialPath'\n     83          std::vector<PartialPath> partials;\n     84                                 ^",
        "id": 65722,
        "label": "dinos-error"
    },
    {
        "phase": "N/A",
        "source_file": "            2478",
        "source_line_no": "2",
        "line_no": 398,
        "repeat_count": 0,
        "start": 392,
        "end": 405,
        "text": "2478:28: error: template argument for 'template<class> class std::a",
        "pre_context": "             In function 'bool Realm::find_fastest_path(Realm::Memory, Realm::M\n            emory, Realm::CustomSerdezID, Realm::ReductionOpID, size_t, const s\n            td::vector<long unsigned int>*, const std::vector<long unsigned int\n            >*, Realm::MemPathInfo&, bool)':\n  >> 59     /var/tmp/koparasy/spack-stage/spack-stage-legion-master-oxkeryabs6f\n            5yvpzdwisejyhaqlow3dx/spack-src/runtime/realm/transfer/transfer.cc:",
        "post_context": "            llocator' uses local type 'Realm::find_fastest_path(Realm::Memory,\n            Realm::Memory, Realm::CustomSerdezID, Realm::ReductionOpID, size_t,\n             const std::vector<long unsigned int>*, const std::vector<long unsi\n            gned int>*, Realm::MemPathInfo&, bool)::PartialPath'\n     60          std::vector<PartialPath> partials;\n     61                                 ^",
        "id": 65824,
        "label": "dinos-error"
    },
    {
        "phase": "N/A",
        "source_file": "            2478",
        "source_line_no": "2",
        "line_no": 529,
        "repeat_count": 0,
        "start": 523,
        "end": 536,
        "text": "2478:28: error: template argument for 'template<class> class std::a",
        "pre_context": "             In function 'bool Realm::find_fastest_path(Realm::Memory, Realm::M\n            emory, Realm::CustomSerdezID, Realm::ReductionOpID, size_t, const s\n            td::vector<long unsigned int>*, const std::vector<long unsigned int\n            >*, Realm::MemPathInfo&, bool)':\n  >> 123    /var/tmp/koparasy/spack-stage/spack-stage-legion-stable-wizcv527pbd\n            r32fkhuwtkzi5blpbwmao/spack-src/runtime/realm/transfer/transfer.cc:",
        "post_context": "            llocator' uses local type 'Realm::find_fastest_path(Realm::Memory,\n            Realm::Memory, Realm::CustomSerdezID, Realm::ReductionOpID, size_t,\n             const std::vector<long unsigned int>*, const std::vector<long unsi\n            gned int>*, Realm::MemPathInfo&, bool)::PartialPath'\n     124         std::vector<PartialPath> partials;\n     125                                ^",
        "id": 65931,
        "label": "dinos-error"
    },
    {
        "phase": "N/A",
        "source_file": "            2478",
        "source_line_no": "2",
        "line_no": 550,
        "repeat_count": 0,
        "start": 544,
        "end": 557,
        "text": "2478:28: error: template argument for 'template<class> class std::a",
        "pre_context": "             In function 'bool Realm::find_fastest_path(Realm::Memory, Realm::M\n            emory, Realm::CustomSerdezID, Realm::ReductionOpID, size_t, const s\n            td::vector<long unsigned int>*, const std::vector<long unsigned int\n            >*, Realm::MemPathInfo&, bool)':\n  >> 125    /var/tmp/koparasy/spack-stage/spack-stage-legion-stable-wizcv527pbd\n            r32fkhuwtkzi5blpbwmao/spack-src/runtime/realm/transfer/transfer.cc:",
        "post_context": "            llocator' uses local type 'Realm::find_fastest_path(Realm::Memory,\n            Realm::Memory, Realm::CustomSerdezID, Realm::ReductionOpID, size_t,\n             const std::vector<long unsigned int>*, const std::vector<long unsi\n            gned int>*, Realm::MemPathInfo&, bool)::PartialPath'\n     126         std::vector<PartialPath> partials;\n     127                                ^",
        "id": 65982,
        "label": "dinos-error"
    },
    {
        "phase": "N/A",
        "source_file": "            2478",
        "source_line_no": "2",
        "line_no": 399,
        "repeat_count": 0,
        "start": 393,
        "end": 406,
        "text": "2478:28: error: template argument for 'template<class> class std::a",
        "pre_context": "             In function 'bool Realm::find_fastest_path(Realm::Memory, Realm::M\n            emory, Realm::CustomSerdezID, Realm::ReductionOpID, size_t, const s\n            td::vector<long unsigned int>*, const std::vector<long unsigned int\n            >*, Realm::MemPathInfo&, bool)':\n  >> 82     /var/tmp/koparasy/spack-stage/spack-stage-legion-stable-wizcv527pbd\n            r32fkhuwtkzi5blpbwmao/spack-src/runtime/realm/transfer/transfer.cc:",
        "post_context": "            llocator' uses local type 'Realm::find_fastest_path(Realm::Memory,\n            Realm::Memory, Realm::CustomSerdezID, Realm::ReductionOpID, size_t,\n             const std::vector<long unsigned int>*, const std::vector<long unsi\n            gned int>*, Realm::MemPathInfo&, bool)::PartialPath'\n     83          std::vector<PartialPath> partials;\n     84                                 ^",
        "id": 66028,
        "label": "dinos-error"
    },
    {
        "phase": "N/A",
        "source_file": "            2478",
        "source_line_no": "2",
        "line_no": 406,
        "repeat_count": 0,
        "start": 400,
        "end": 413,
        "text": "2478:28: error: template argument for 'template<class> class std::a",
        "pre_context": "             In function 'bool Realm::find_fastest_path(Realm::Memory, Realm::M\n            emory, Realm::CustomSerdezID, Realm::ReductionOpID, size_t, const s\n            td::vector<long unsigned int>*, const std::vector<long unsigned int\n            >*, Realm::MemPathInfo&, bool)':\n  >> 80     /var/tmp/koparasy/spack-stage/spack-stage-legion-stable-wizcv527pbd\n            r32fkhuwtkzi5blpbwmao/spack-src/runtime/realm/transfer/transfer.cc:",
        "post_context": "            llocator' uses local type 'Realm::find_fastest_path(Realm::Memory,\n            Realm::Memory, Realm::CustomSerdezID, Realm::ReductionOpID, size_t,\n             const std::vector<long unsigned int>*, const std::vector<long unsi\n            gned int>*, Realm::MemPathInfo&, bool)::PartialPath'\n     81          std::vector<PartialPath> partials;\n     82                                 ^",
        "id": 66079,
        "label": "dinos-error"
    },
    {
        "phase": "N/A",
        "source_file": "            2478",
        "source_line_no": "2",
        "line_no": 445,
        "repeat_count": 0,
        "start": 439,
        "end": 452,
        "text": "2478:28: error: template argument for 'template<class> class std::a",
        "pre_context": "             In function 'bool Realm::find_fastest_path(Realm::Memory, Realm::M\n            emory, Realm::CustomSerdezID, Realm::ReductionOpID, size_t, const s\n            td::vector<long unsigned int>*, const std::vector<long unsigned int\n            >*, Realm::MemPathInfo&, bool)':\n  >> 79     /var/tmp/koparasy/spack-stage/spack-stage-legion-stable-wizcv527pbd\n            r32fkhuwtkzi5blpbwmao/spack-src/runtime/realm/transfer/transfer.cc:",
        "post_context": "            llocator' uses local type 'Realm::find_fastest_path(Realm::Memory,\n            Realm::Memory, Realm::CustomSerdezID, Realm::ReductionOpID, size_t,\n             const std::vector<long unsigned int>*, const std::vector<long unsi\n            gned int>*, Realm::MemPathInfo&, bool)::PartialPath'\n     80          std::vector<PartialPath> partials;\n     81                                 ^",
        "id": 66243,
        "label": "dinos-error"
    },
    {
        "phase": "N/A",
        "source_file": "            2478",
        "source_line_no": "2",
        "line_no": 486,
        "repeat_count": 0,
        "start": 480,
        "end": 493,
        "text": "2478:28: error: template argument for 'template<class> class std::a",
        "pre_context": "             In function 'bool Realm::find_fastest_path(Realm::Memory, Realm::M\n            emory, Realm::CustomSerdezID, Realm::ReductionOpID, size_t, const s\n            td::vector<long unsigned int>*, const std::vector<long unsigned int\n            >*, Realm::MemPathInfo&, bool)':\n  >> 65     /var/tmp/koparasy/spack-stage/spack-stage-legion-master-oxkeryabs6f\n            5yvpzdwisejyhaqlow3dx/spack-src/runtime/realm/transfer/transfer.cc:",
        "post_context": "            llocator' uses local type 'Realm::find_fastest_path(Realm::Memory,\n            Realm::Memory, Realm::CustomSerdezID, Realm::ReductionOpID, size_t,\n             const std::vector<long unsigned int>*, const std::vector<long unsi\n            gned int>*, Realm::MemPathInfo&, bool)::PartialPath'\n     66          std::vector<PartialPath> partials;\n     67                                 ^",
        "id": 66295,
        "label": "dinos-error"
    },
    {
        "phase": "N/A",
        "source_file": "            2478",
        "source_line_no": "2",
        "line_no": 455,
        "repeat_count": 0,
        "start": 449,
        "end": 462,
        "text": "2478:28: error: template argument for 'template<class> class std::a",
        "pre_context": "             In function 'bool Realm::find_fastest_path(Realm::Memory, Realm::M\n            emory, Realm::CustomSerdezID, Realm::ReductionOpID, size_t, const s\n            td::vector<long unsigned int>*, const std::vector<long unsigned int\n            >*, Realm::MemPathInfo&, bool)':\n  >> 79     /var/tmp/koparasy/spack-stage/spack-stage-legion-stable-wizcv527pbd\n            r32fkhuwtkzi5blpbwmao/spack-src/runtime/realm/transfer/transfer.cc:",
        "post_context": "            llocator' uses local type 'Realm::find_fastest_path(Realm::Memory,\n            Realm::Memory, Realm::CustomSerdezID, Realm::ReductionOpID, size_t,\n             const std::vector<long unsigned int>*, const std::vector<long unsi\n            gned int>*, Realm::MemPathInfo&, bool)::PartialPath'\n     80          std::vector<PartialPath> partials;\n     81                                 ^",
        "id": 66368,
        "label": "dinos-error"
    },
    {
        "phase": "N/A",
        "source_file": "            2478",
        "source_line_no": "2",
        "line_no": 460,
        "repeat_count": 0,
        "start": 454,
        "end": 467,
        "text": "2478:28: error: template argument for 'template<class> class std::a",
        "pre_context": "             In function 'bool Realm::find_fastest_path(Realm::Memory, Realm::M\n            emory, Realm::CustomSerdezID, Realm::ReductionOpID, size_t, const s\n            td::vector<long unsigned int>*, const std::vector<long unsigned int\n            >*, Realm::MemPathInfo&, bool)':\n  >> 80     /var/tmp/koparasy/spack-stage/spack-stage-legion-stable-wizcv527pbd\n            r32fkhuwtkzi5blpbwmao/spack-src/runtime/realm/transfer/transfer.cc:",
        "post_context": "            llocator' uses local type 'Realm::find_fastest_path(Realm::Memory,\n            Realm::Memory, Realm::CustomSerdezID, Realm::ReductionOpID, size_t,\n             const std::vector<long unsigned int>*, const std::vector<long unsi\n            gned int>*, Realm::MemPathInfo&, bool)::PartialPath'\n     81          std::vector<PartialPath> partials;\n     82                                 ^",
        "id": 66645,
        "label": "dinos-error"
    },
    {
        "phase": "N/A",
        "source_file": "            2478",
        "source_line_no": "2",
        "line_no": 475,
        "repeat_count": 0,
        "start": 469,
        "end": 482,
        "text": "2478:28: error: template argument for 'template<class> class std::a",
        "pre_context": "             In function 'bool Realm::find_fastest_path(Realm::Memory, Realm::M\n            emory, Realm::CustomSerdezID, Realm::ReductionOpID, size_t, const s\n            td::vector<long unsigned int>*, const std::vector<long unsigned int\n            >*, Realm::MemPathInfo&, bool)':\n  >> 80     /var/tmp/koparasy/spack-stage/spack-stage-legion-master-oxkeryabs6f\n            5yvpzdwisejyhaqlow3dx/spack-src/runtime/realm/transfer/transfer.cc:",
        "post_context": "            llocator' uses local type 'Realm::find_fastest_path(Realm::Memory,\n            Realm::Memory, Realm::CustomSerdezID, Realm::ReductionOpID, size_t,\n             const std::vector<long unsigned int>*, const std::vector<long unsi\n            gned int>*, Realm::MemPathInfo&, bool)::PartialPath'\n     81          std::vector<PartialPath> partials;\n     82                                 ^",
        "id": 66696,
        "label": "dinos-error"
    },
    {
        "phase": "N/A",
        "source_file": "            2478",
        "source_line_no": "2",
        "line_no": 421,
        "repeat_count": 0,
        "start": 415,
        "end": 428,
        "text": "2478:28: error: template argument for 'template<class> class std::a",
        "pre_context": "             In function 'bool Realm::find_fastest_path(Realm::Memory, Realm::M\n            emory, Realm::CustomSerdezID, Realm::ReductionOpID, size_t, const s\n            td::vector<long unsigned int>*, const std::vector<long unsigned int\n            >*, Realm::MemPathInfo&, bool)':\n  >> 82     /var/tmp/koparasy/spack-stage/spack-stage-legion-master-oxkeryabs6f\n            5yvpzdwisejyhaqlow3dx/spack-src/runtime/realm/transfer/transfer.cc:",
        "post_context": "            llocator' uses local type 'Realm::find_fastest_path(Realm::Memory,\n            Realm::Memory, Realm::CustomSerdezID, Realm::ReductionOpID, size_t,\n             const std::vector<long unsigned int>*, const std::vector<long unsi\n            gned int>*, Realm::MemPathInfo&, bool)::PartialPath'\n     83          std::vector<PartialPath> partials;\n     84                                 ^",
        "id": 66798,
        "label": "dinos-error"
    },
    {
        "phase": "N/A",
        "source_file": "            2478",
        "source_line_no": "2",
        "line_no": 437,
        "repeat_count": 0,
        "start": 431,
        "end": 444,
        "text": "2478:28: error: template argument for 'template<class> class std::a",
        "pre_context": "             In function 'bool Realm::find_fastest_path(Realm::Memory, Realm::M\n            emory, Realm::CustomSerdezID, Realm::ReductionOpID, size_t, const s\n            td::vector<long unsigned int>*, const std::vector<long unsigned int\n            >*, Realm::MemPathInfo&, bool)':\n  >> 82     /var/tmp/koparasy/spack-stage/spack-stage-legion-master-oxkeryabs6f\n            5yvpzdwisejyhaqlow3dx/spack-src/runtime/realm/transfer/transfer.cc:",
        "post_context": "            llocator' uses local type 'Realm::find_fastest_path(Realm::Memory,\n            Realm::Memory, Realm::CustomSerdezID, Realm::ReductionOpID, size_t,\n             const std::vector<long unsigned int>*, const std::vector<long unsi\n            gned int>*, Realm::MemPathInfo&, bool)::PartialPath'\n     83          std::vector<PartialPath> partials;\n     84                                 ^",
        "id": 66860,
        "label": "dinos-error"
    },
    {
        "phase": "N/A",
        "source_file": "            2478",
        "source_line_no": "2",
        "line_no": 417,
        "repeat_count": 0,
        "start": 411,
        "end": 424,
        "text": "2478:28: error: template argument for 'template<class> class std::a",
        "pre_context": "             In function 'bool Realm::find_fastest_path(Realm::Memory, Realm::M\n            emory, Realm::CustomSerdezID, Realm::ReductionOpID, size_t, const s\n            td::vector<long unsigned int>*, const std::vector<long unsigned int\n            >*, Realm::MemPathInfo&, bool)':\n  >> 82     /var/tmp/koparasy/spack-stage/spack-stage-legion-master-oxkeryabs6f\n            5yvpzdwisejyhaqlow3dx/spack-src/runtime/realm/transfer/transfer.cc:",
        "post_context": "            llocator' uses local type 'Realm::find_fastest_path(Realm::Memory,\n            Realm::Memory, Realm::CustomSerdezID, Realm::ReductionOpID, size_t,\n             const std::vector<long unsigned int>*, const std::vector<long unsi\n            gned int>*, Realm::MemPathInfo&, bool)::PartialPath'\n     83          std::vector<PartialPath> partials;\n     84                                 ^",
        "id": 66973,
        "label": "dinos-error"
    },
    {
        "phase": "N/A",
        "source_file": "            2478",
        "source_line_no": "2",
        "line_no": 459,
        "repeat_count": 0,
        "start": 453,
        "end": 466,
        "text": "2478:28: error: template argument for 'template<class> class std::a",
        "pre_context": "             In function 'bool Realm::find_fastest_path(Realm::Memory, Realm::M\n            emory, Realm::CustomSerdezID, Realm::ReductionOpID, size_t, const s\n            td::vector<long unsigned int>*, const std::vector<long unsigned int\n            >*, Realm::MemPathInfo&, bool)':\n  >> 80     /var/tmp/koparasy/spack-stage/spack-stage-legion-master-oxkeryabs6f\n            5yvpzdwisejyhaqlow3dx/spack-src/runtime/realm/transfer/transfer.cc:",
        "post_context": "            llocator' uses local type 'Realm::find_fastest_path(Realm::Memory,\n            Realm::Memory, Realm::CustomSerdezID, Realm::ReductionOpID, size_t,\n             const std::vector<long unsigned int>*, const std::vector<long unsi\n            gned int>*, Realm::MemPathInfo&, bool)::PartialPath'\n     81          std::vector<PartialPath> partials;\n     82                                 ^",
        "id": 67046,
        "label": "dinos-error"
    },
    {
        "phase": "N/A",
        "source_file": "            2478",
        "source_line_no": "2",
        "line_no": 388,
        "repeat_count": 0,
        "start": 382,
        "end": 395,
        "text": "2478:28: error: template argument for 'template<class> class std::a",
        "pre_context": "             In function 'bool Realm::find_fastest_path(Realm::Memory, Realm::M\n            emory, Realm::CustomSerdezID, Realm::ReductionOpID, size_t, const s\n            td::vector<long unsigned int>*, const std::vector<long unsigned int\n            >*, Realm::MemPathInfo&, bool)':\n  >> 80     /var/tmp/koparasy/spack-stage/spack-stage-legion-stable-wizcv527pbd\n            r32fkhuwtkzi5blpbwmao/spack-src/runtime/realm/transfer/transfer.cc:",
        "post_context": "            llocator' uses local type 'Realm::find_fastest_path(Realm::Memory,\n            Realm::Memory, Realm::CustomSerdezID, Realm::ReductionOpID, size_t,\n             const std::vector<long unsigned int>*, const std::vector<long unsi\n            gned int>*, Realm::MemPathInfo&, bool)::PartialPath'\n     81          std::vector<PartialPath> partials;\n     82                                 ^",
        "id": 67119,
        "label": "dinos-error"
    },
    {
        "phase": "N/A",
        "source_file": "            2478",
        "source_line_no": "2",
        "line_no": 375,
        "repeat_count": 0,
        "start": 369,
        "end": 382,
        "text": "2478:28: error: template argument for 'template<class> class std::a",
        "pre_context": "             In function 'bool Realm::find_fastest_path(Realm::Memory, Realm::M\n            emory, Realm::CustomSerdezID, Realm::ReductionOpID, size_t, const s\n            td::vector<long unsigned int>*, const std::vector<long unsigned int\n            >*, Realm::MemPathInfo&, bool)':\n  >> 82     /var/tmp/koparasy/spack-stage/spack-stage-legion-master-oxkeryabs6f\n            5yvpzdwisejyhaqlow3dx/spack-src/runtime/realm/transfer/transfer.cc:",
        "post_context": "            llocator' uses local type 'Realm::find_fastest_path(Realm::Memory,\n            Realm::Memory, Realm::CustomSerdezID, Realm::ReductionOpID, size_t,\n             const std::vector<long unsigned int>*, const std::vector<long unsi\n            gned int>*, Realm::MemPathInfo&, bool)::PartialPath'\n     83          std::vector<PartialPath> partials;\n     84                                 ^",
        "id": 67170,
        "label": "dinos-error"
    },
    {
        "phase": "N/A",
        "source_file": "            2478",
        "source_line_no": "2",
        "line_no": 373,
        "repeat_count": 0,
        "start": 367,
        "end": 380,
        "text": "2478:28: error: template argument for 'template<class> class std::a",
        "pre_context": "             In function 'bool Realm::find_fastest_path(Realm::Memory, Realm::M\n            emory, Realm::CustomSerdezID, Realm::ReductionOpID, size_t, const s\n            td::vector<long unsigned int>*, const std::vector<long unsigned int\n            >*, Realm::MemPathInfo&, bool)':\n  >> 82     /var/tmp/koparasy/spack-stage/spack-stage-legion-master-oxkeryabs6f\n            5yvpzdwisejyhaqlow3dx/spack-src/runtime/realm/transfer/transfer.cc:",
        "post_context": "            llocator' uses local type 'Realm::find_fastest_path(Realm::Memory,\n            Realm::Memory, Realm::CustomSerdezID, Realm::ReductionOpID, size_t,\n             const std::vector<long unsigned int>*, const std::vector<long unsi\n            gned int>*, Realm::MemPathInfo&, bool)::PartialPath'\n     83          std::vector<PartialPath> partials;\n     84                                 ^",
        "id": 67294,
        "label": "dinos-error"
    },
    {
        "phase": "N/A",
        "source_file": "            2478",
        "source_line_no": "2",
        "line_no": 482,
        "repeat_count": 0,
        "start": 476,
        "end": 489,
        "text": "2478:28: error: template argument for 'template<class> class std::a",
        "pre_context": "             In function 'bool Realm::find_fastest_path(Realm::Memory, Realm::M\n            emory, Realm::CustomSerdezID, Realm::ReductionOpID, size_t, const s\n            td::vector<long unsigned int>*, const std::vector<long unsigned int\n            >*, Realm::MemPathInfo&, bool)':\n  >> 82     /var/tmp/koparasy/spack-stage/spack-stage-legion-stable-wizcv527pbd\n            r32fkhuwtkzi5blpbwmao/spack-src/runtime/realm/transfer/transfer.cc:",
        "post_context": "            llocator' uses local type 'Realm::find_fastest_path(Realm::Memory,\n            Realm::Memory, Realm::CustomSerdezID, Realm::ReductionOpID, size_t,\n             const std::vector<long unsigned int>*, const std::vector<long unsi\n            gned int>*, Realm::MemPathInfo&, bool)::PartialPath'\n     83          std::vector<PartialPath> partials;\n     84                                 ^",
        "id": 67345,
        "label": "dinos-error"
    },
    {
        "phase": "N/A",
        "source_file": "            2478",
        "source_line_no": "2",
        "line_no": 476,
        "repeat_count": 0,
        "start": 470,
        "end": 483,
        "text": "2478:28: error: template argument for 'template<class> class std::a",
        "pre_context": "             In function 'bool Realm::find_fastest_path(Realm::Memory, Realm::M\n            emory, Realm::CustomSerdezID, Realm::ReductionOpID, size_t, const s\n            td::vector<long unsigned int>*, const std::vector<long unsigned int\n            >*, Realm::MemPathInfo&, bool)':\n  >> 57     /var/tmp/koparasy/spack-stage/spack-stage-legion-stable-wizcv527pbd\n            r32fkhuwtkzi5blpbwmao/spack-src/runtime/realm/transfer/transfer.cc:",
        "post_context": "            llocator' uses local type 'Realm::find_fastest_path(Realm::Memory,\n            Realm::Memory, Realm::CustomSerdezID, Realm::ReductionOpID, size_t,\n             const std::vector<long unsigned int>*, const std::vector<long unsi\n            gned int>*, Realm::MemPathInfo&, bool)::PartialPath'\n     58          std::vector<PartialPath> partials;\n     59                                 ^",
        "id": 67396,
        "label": "dinos-error"
    },
    {
        "phase": "N/A",
        "source_file": "            2478",
        "source_line_no": "2",
        "line_no": 480,
        "repeat_count": 0,
        "start": 474,
        "end": 487,
        "text": "2478:28: error: template argument for 'template<class> class std::a",
        "pre_context": "             In function 'bool Realm::find_fastest_path(Realm::Memory, Realm::M\n            emory, Realm::CustomSerdezID, Realm::ReductionOpID, size_t, const s\n            td::vector<long unsigned int>*, const std::vector<long unsigned int\n            >*, Realm::MemPathInfo&, bool)':\n  >> 81     /var/tmp/koparasy/spack-stage/spack-stage-legion-master-oxkeryabs6f\n            5yvpzdwisejyhaqlow3dx/spack-src/runtime/realm/transfer/transfer.cc:",
        "post_context": "            llocator' uses local type 'Realm::find_fastest_path(Realm::Memory,\n            Realm::Memory, Realm::CustomSerdezID, Realm::ReductionOpID, size_t,\n             const std::vector<long unsigned int>*, const std::vector<long unsi\n            gned int>*, Realm::MemPathInfo&, bool)::PartialPath'\n     82          std::vector<PartialPath> partials;\n     83                                 ^",
        "id": 67600,
        "label": "dinos-error"
    },
    {
        "phase": "N/A",
        "source_file": "            2478",
        "source_line_no": "2",
        "line_no": 479,
        "repeat_count": 0,
        "start": 473,
        "end": 486,
        "text": "2478:28: error: template argument for 'template<class> class std::a",
        "pre_context": "             In function 'bool Realm::find_fastest_path(Realm::Memory, Realm::M\n            emory, Realm::CustomSerdezID, Realm::ReductionOpID, size_t, const s\n            td::vector<long unsigned int>*, const std::vector<long unsigned int\n            >*, Realm::MemPathInfo&, bool)':\n  >> 80     /var/tmp/koparasy/spack-stage/spack-stage-legion-master-oxkeryabs6f\n            5yvpzdwisejyhaqlow3dx/spack-src/runtime/realm/transfer/transfer.cc:",
        "post_context": "            llocator' uses local type 'Realm::find_fastest_path(Realm::Memory,\n            Realm::Memory, Realm::CustomSerdezID, Realm::ReductionOpID, size_t,\n             const std::vector<long unsigned int>*, const std::vector<long unsi\n            gned int>*, Realm::MemPathInfo&, bool)::PartialPath'\n     81          std::vector<PartialPath> partials;\n     82                                 ^",
        "id": 67651,
        "label": "dinos-error"
    },
    {
        "phase": "N/A",
        "source_file": "            2478",
        "source_line_no": "2",
        "line_no": 444,
        "repeat_count": 0,
        "start": 438,
        "end": 451,
        "text": "2478:28: error: template argument for 'template<class> class std::a",
        "pre_context": "             In function 'bool Realm::find_fastest_path(Realm::Memory, Realm::M\n            emory, Realm::CustomSerdezID, Realm::ReductionOpID, size_t, const s\n            td::vector<long unsigned int>*, const std::vector<long unsigned int\n            >*, Realm::MemPathInfo&, bool)':\n  >> 84     /var/tmp/koparasy/spack-stage/spack-stage-legion-stable-wizcv527pbd\n            r32fkhuwtkzi5blpbwmao/spack-src/runtime/realm/transfer/transfer.cc:",
        "post_context": "            llocator' uses local type 'Realm::find_fastest_path(Realm::Memory,\n            Realm::Memory, Realm::CustomSerdezID, Realm::ReductionOpID, size_t,\n             const std::vector<long unsigned int>*, const std::vector<long unsi\n            gned int>*, Realm::MemPathInfo&, bool)::PartialPath'\n     85          std::vector<PartialPath> partials;\n     86                                 ^",
        "id": 67753,
        "label": "dinos-error"
    },
    {
        "phase": "N/A",
        "source_file": "            2478",
        "source_line_no": "2",
        "line_no": 426,
        "repeat_count": 0,
        "start": 420,
        "end": 433,
        "text": "2478:28: error: template argument for 'template<class> class std::a",
        "pre_context": "             In function 'bool Realm::find_fastest_path(Realm::Memory, Realm::M\n            emory, Realm::CustomSerdezID, Realm::ReductionOpID, size_t, const s\n            td::vector<long unsigned int>*, const std::vector<long unsigned int\n            >*, Realm::MemPathInfo&, bool)':\n  >> 81     /var/tmp/koparasy/spack-stage/spack-stage-legion-master-oxkeryabs6f\n            5yvpzdwisejyhaqlow3dx/spack-src/runtime/realm/transfer/transfer.cc:",
        "post_context": "            llocator' uses local type 'Realm::find_fastest_path(Realm::Memory,\n            Realm::Memory, Realm::CustomSerdezID, Realm::ReductionOpID, size_t,\n             const std::vector<long unsigned int>*, const std::vector<long unsi\n            gned int>*, Realm::MemPathInfo&, bool)::PartialPath'\n     82          std::vector<PartialPath> partials;\n     83                                 ^",
        "id": 67855,
        "label": "dinos-error"
    },
    {
        "phase": "N/A",
        "source_file": "            2478",
        "source_line_no": "2",
        "line_no": 436,
        "repeat_count": 0,
        "start": 430,
        "end": 443,
        "text": "2478:28: error: template argument for 'template<class> class std::a",
        "pre_context": "             In function 'bool Realm::find_fastest_path(Realm::Memory, Realm::M\n            emory, Realm::CustomSerdezID, Realm::ReductionOpID, size_t, const s\n            td::vector<long unsigned int>*, const std::vector<long unsigned int\n            >*, Realm::MemPathInfo&, bool)':\n  >> 79     /var/tmp/koparasy/spack-stage/spack-stage-legion-stable-wizcv527pbd\n            r32fkhuwtkzi5blpbwmao/spack-src/runtime/realm/transfer/transfer.cc:",
        "post_context": "            llocator' uses local type 'Realm::find_fastest_path(Realm::Memory,\n            Realm::Memory, Realm::CustomSerdezID, Realm::ReductionOpID, size_t,\n             const std::vector<long unsigned int>*, const std::vector<long unsi\n            gned int>*, Realm::MemPathInfo&, bool)::PartialPath'\n     80          std::vector<PartialPath> partials;\n     81                                 ^",
        "id": 67906,
        "label": "dinos-error"
    },
    {
        "phase": "N/A",
        "source_file": "            2478",
        "source_line_no": "2",
        "line_no": 463,
        "repeat_count": 0,
        "start": 457,
        "end": 470,
        "text": "2478:28: error: template argument for 'template<class> class std::a",
        "pre_context": "             In function 'bool Realm::find_fastest_path(Realm::Memory, Realm::M\n            emory, Realm::CustomSerdezID, Realm::ReductionOpID, size_t, const s\n            td::vector<long unsigned int>*, const std::vector<long unsigned int\n            >*, Realm::MemPathInfo&, bool)':\n  >> 80     /var/tmp/koparasy/spack-stage/spack-stage-legion-stable-wizcv527pbd\n            r32fkhuwtkzi5blpbwmao/spack-src/runtime/realm/transfer/transfer.cc:",
        "post_context": "            llocator' uses local type 'Realm::find_fastest_path(Realm::Memory,\n            Realm::Memory, Realm::CustomSerdezID, Realm::ReductionOpID, size_t,\n             const std::vector<long unsigned int>*, const std::vector<long unsi\n            gned int>*, Realm::MemPathInfo&, bool)::PartialPath'\n     81          std::vector<PartialPath> partials;\n     82                                 ^",
        "id": 67979,
        "label": "dinos-error"
    },
    {
        "phase": "N/A",
        "source_file": "            bmogn3vtnh6chqjmick/spack-src/arraylist.c",
        "source_line_no": "4",
        "line_no": 145,
        "repeat_count": 0,
        "start": 139,
        "end": 152,
        "text": "bmogn3vtnh6chqjmick/spack-src/arraylist.c:48:29: error: implicit de",
        "pre_context": "            c /var/tmp/koparasy/spack-stage/spack-stage-json-c-0.15-htcooavb3jk\n            kqbmogn3vtnh6chqjmick/spack-src/arraylist.c\n     127    /var/tmp/koparasy/spack-stage/spack-stage-json-c-0.15-htcooavb3jkkq\n            bmogn3vtnh6chqjmick/spack-src/arraylist.c: In function 'array_list_\n            new2':\n  >> 128    /var/tmp/koparasy/spack-stage/spack-stage-json-c-0.15-htcooavb3jkkq",
        "post_context": "            claration of function 'malloc' [-Werror=implicit-function-declarati\n            on]\n     129       48 |  arr = (struct array_list *)malloc(sizeof(struct array_list\n            ));\n     130          |                             ^~~~~~\n  >> 131    /var/tmp/koparasy/spack-stage/spack-stage-json-c-0.15-htcooavb3jkkq",
        "id": 150835,
        "label": "dinos-error"
    },
    {
        "phase": "N/A",
        "source_file": "            bmogn3vtnh6chqjmick/spack-src/arraylist.c",
        "source_line_no": "9",
        "line_no": 186,
        "repeat_count": 0,
        "start": 180,
        "end": 193,
        "text": "bmogn3vtnh6chqjmick/spack-src/arraylist.c:97:12: error: implicit de",
        "pre_context": "            bmogn3vtnh6chqjmick/spack-src/arraylist.c:68:2: note: include '<std\n            lib.h>' or provide a declaration of 'free'\n     146    /var/tmp/koparasy/spack-stage/spack-stage-json-c-0.15-htcooavb3jkkq\n            bmogn3vtnh6chqjmick/spack-src/arraylist.c: In function 'array_list_\n            expand_internal':\n  >> 147    /var/tmp/koparasy/spack-stage/spack-stage-json-c-0.15-htcooavb3jkkq",
        "post_context": "            claration of function 'realloc' [-Werror=implicit-function-declarat\n            ion]\n     148       97 |  if (!(t = realloc(arr->array, new_size * sizeof(void *))))\n     149          |            ^~~~~~~\n  >> 150    /var/tmp/koparasy/spack-stage/spack-stage-json-c-0.15-htcooavb3jkkq\n            bmogn3vtnh6chqjmick/spack-src/arraylist.c:97:12: error: incompatibl",
        "id": 150840,
        "label": "dinos-error"
    },
    {
        "phase": "N/A",
        "source_file": "            bmogn3vtnh6chqjmick/spack-src/arraylist.c",
        "source_line_no": "1",
        "line_no": 212,
        "repeat_count": 0,
        "start": 206,
        "end": 219,
        "text": "bmogn3vtnh6chqjmick/spack-src/arraylist.c:143:3: error: implicit de",
        "pre_context": "            bmogn3vtnh6chqjmick/spack-src/arraylist.c:117:12: note: include '<s\n            tdlib.h>' or provide a declaration of 'realloc'\n     157    /var/tmp/koparasy/spack-stage/spack-stage-json-c-0.15-htcooavb3jkkq\n            bmogn3vtnh6chqjmick/spack-src/arraylist.c: In function 'array_list_\n            put_idx':\n  >> 158    /var/tmp/koparasy/spack-stage/spack-stage-json-c-0.15-htcooavb3jkkq",
        "post_context": "            claration of function 'memset' [-Werror=implicit-function-declarati\n            on]\n     159      143 |   memset(arr->array + arr->length, 0, (idx - arr->length) *\n             sizeof(void *));\n     160          |   ^~~~~~\n  >> 161    /var/tmp/koparasy/spack-stage/spack-stage-json-c-0.15-htcooavb3jkkq",
        "id": 150843,
        "label": "dinos-error"
    },
    {
        "phase": "N/A",
        "source_file": "            bmogn3vtnh6chqjmick/spack-src/arraylist.c",
        "source_line_no": "1",
        "line_no": 231,
        "repeat_count": 0,
        "start": 225,
        "end": 238,
        "text": "bmogn3vtnh6chqjmick/spack-src/arraylist.c:167:2: error: implicit de",
        "pre_context": "     164      +++ |+#include <string.h>\n     165       38 |\n     166    /var/tmp/koparasy/spack-stage/spack-stage-json-c-0.15-htcooavb3jkkq\n            bmogn3vtnh6chqjmick/spack-src/arraylist.c: In function 'array_list_\n            sort':\n  >> 167    /var/tmp/koparasy/spack-stage/spack-stage-json-c-0.15-htcooavb3jkkq",
        "post_context": "            claration of function 'qsort' [-Werror=implicit-function-declaratio\n            n]\n     168      167 |  qsort(arr->array, arr->length, sizeof(arr->array[0]), comp\n            ar);\n     169          |  ^~~~~\n     170    /var/tmp/koparasy/spack-stage/spack-stage-json-c-0.15-htcooavb3jkkq",
        "id": 150845,
        "label": "dinos-error"
    },
    {
        "phase": "N/A",
        "source_file": "            bmogn3vtnh6chqjmick/spack-src/arraylist.c",
        "source_line_no": "1",
        "line_no": 241,
        "repeat_count": 0,
        "start": 235,
        "end": 248,
        "text": "bmogn3vtnh6chqjmick/spack-src/arraylist.c:173:9: error: implicit de",
        "pre_context": "            ar);\n     169          |  ^~~~~\n     170    /var/tmp/koparasy/spack-stage/spack-stage-json-c-0.15-htcooavb3jkkq\n            bmogn3vtnh6chqjmick/spack-src/arraylist.c: In function 'array_list_\n            bsearch':\n  >> 171    /var/tmp/koparasy/spack-stage/spack-stage-json-c-0.15-htcooavb3jkkq",
        "post_context": "            claration of function 'bsearch' [-Werror=implicit-function-declarat\n            ion]\n     172      173 |  return bsearch(key, arr->array, arr->length, sizeof(arr->a\n            rray[0]), compar);\n     173          |         ^~~~~~~\n  >> 174    /var/tmp/koparasy/spack-stage/spack-stage-json-c-0.15-htcooavb3jkkq",
        "id": 150846,
        "label": "dinos-error"
    },
    {
        "phase": "N/A",
        "source_file": "            bmogn3vtnh6chqjmick/spack-src/arraylist.c",
        "source_line_no": "1",
        "line_no": 259,
        "repeat_count": 0,
        "start": 253,
        "end": 266,
        "text": "bmogn3vtnh6chqjmick/spack-src/arraylist.c:198:2: error: implicit de",
        "pre_context": "     176          |         ^~~~~~~~~~~~~~~~~~~~~~~~~~~~~~~~~~~~~~~~~~~~~~~~~~~\n            ~~~~~~~~~~~~~~~~~\n     177    /var/tmp/koparasy/spack-stage/spack-stage-json-c-0.15-htcooavb3jkkq\n            bmogn3vtnh6chqjmick/spack-src/arraylist.c: In function 'array_list_\n            del_idx':\n  >> 178    /var/tmp/koparasy/spack-stage/spack-stage-json-c-0.15-htcooavb3jkkq",
        "post_context": "            claration of function 'memmove' [-Werror=implicit-function-declarat\n            ion]\n     179      198 |  memmove(arr->array + idx, arr->array + stop, (arr->length\n            - stop) * sizeof(void *));\n     180          |  ^~~~~~~\n  >> 181    /var/tmp/koparasy/spack-stage/spack-stage-json-c-0.15-htcooavb3jkkq",
        "id": 150848,
        "label": "dinos-error"
    },
    {
        "phase": "N/A",
        "source_file": "            rBase.h",
        "source_line_no": "5",
        "line_no": 1413,
        "repeat_count": 0,
        "start": 1407,
        "end": 1420,
        "text": "rBase.h:594:56: error: no type named 'ScatterType' in 'class vtkh::",
        "pre_context": "     356    /tmp/koparasy/spack-stage/spack-stage-vtk-h-0.6.4-i2rag2tw7sgppxn43\n            e5idnwn7734ldyf/spack-src/src/vtkh/DataSet.cpp:647:44:   required f\n            rom here\n  >> 357    /p/vast1/koparasy/BUILD/spack_cluster_installer/quartz/ascent/spack\n            _env_dir/linux-rhel7-broadwell/gcc-8.3.1/vtk-m-1.6.0-b77d27rzqzlu7f\n            mbn6ao6vzpnwkzwlib/include/vtkm-1.6/vtkm/worklet/internal/Dispatche",
        "post_context": "            detail::MemSetWorklet<float>'\n     358       using ScatterType = typename WorkletType::ScatterType;\n     359                                                            ^\n  >> 360    /p/vast1/koparasy/BUILD/spack_cluster_installer/quartz/ascent/spack\n            _env_dir/linux-rhel7-broadwell/gcc-8.3.1/vtk-m-1.6.0-b77d27rzqzlu7f\n            mbn6ao6vzpnwkzwlib/include/vtkm-1.6/vtkm/worklet/internal/Dispatche",
        "id": 197814,
        "label": "dinos-error"
    },
    {
        "phase": "N/A",
        "source_file": "            rBase.h",
        "source_line_no": "5",
        "line_no": 1743,
        "repeat_count": 0,
        "start": 1737,
        "end": 1750,
        "text": "rBase.h:594:56: error: no type named 'ScatterType' in 'class vtkh::",
        "pre_context": "     421    /tmp/koparasy/spack-stage/spack-stage-vtk-h-0.6.4-i2rag2tw7sgppxn43\n            e5idnwn7734ldyf/spack-src/src/vtkh/DataSet.cpp:647:44:   required f\n            rom here\n  >> 422    /p/vast1/koparasy/BUILD/spack_cluster_installer/quartz/ascent/spack\n            _env_dir/linux-rhel7-broadwell/gcc-8.3.1/vtk-m-1.6.0-b77d27rzqzlu7f\n            mbn6ao6vzpnwkzwlib/include/vtkm-1.6/vtkm/worklet/internal/Dispatche",
        "post_context": "            detail::MemSetWorklet<float>'\n     423       using ScatterType = typename WorkletType::ScatterType;\n     424                                                            ^\n  >> 425    /p/vast1/koparasy/BUILD/spack_cluster_installer/quartz/ascent/spack\n            _env_dir/linux-rhel7-broadwell/gcc-8.3.1/vtk-m-1.6.0-b77d27rzqzlu7f\n            mbn6ao6vzpnwkzwlib/include/vtkm-1.6/vtkm/worklet/internal/Dispatche",
        "id": 197823,
        "label": "dinos-error"
    },
    {
        "phase": "N/A",
        "source_file": "            rBase.h",
        "source_line_no": "5",
        "line_no": 1523,
        "repeat_count": 0,
        "start": 1517,
        "end": 1530,
        "text": "rBase.h:594:56: error: no type named 'ScatterType' in 'class vtkh::",
        "pre_context": "     349    /tmp/koparasy/spack-stage/spack-stage-vtk-h-0.6.5-plk6ieh4qr3e3nqbr\n            ml26btv3caybd4y/spack-src/src/vtkh/DataSet.cpp:647:44:   required f\n            rom here\n  >> 350    /p/vast1/koparasy/BUILD/spack_cluster_installer/quartz/ascent/spack\n            _env_dir/linux-rhel7-broadwell/gcc-8.3.1/vtk-m-1.6.0-b77d27rzqzlu7f\n            mbn6ao6vzpnwkzwlib/include/vtkm-1.6/vtkm/worklet/internal/Dispatche",
        "post_context": "            detail::MemSetWorklet<float>'\n     351       using ScatterType = typename WorkletType::ScatterType;\n     352                                                            ^\n  >> 353    /p/vast1/koparasy/BUILD/spack_cluster_installer/quartz/ascent/spack\n            _env_dir/linux-rhel7-broadwell/gcc-8.3.1/vtk-m-1.6.0-b77d27rzqzlu7f\n            mbn6ao6vzpnwkzwlib/include/vtkm-1.6/vtkm/worklet/internal/Dispatche",
        "id": 197859,
        "label": "dinos-error"
    },
    {
        "phase": "N/A",
        "source_file": "            rBase.h",
        "source_line_no": "5",
        "line_no": 1586,
        "repeat_count": 0,
        "start": 1580,
        "end": 1593,
        "text": "rBase.h:594:56: error: no type named 'ScatterType' in 'class vtkh::",
        "pre_context": "     360    /tmp/koparasy/spack-stage/spack-stage-vtk-h-0.6.0-gyscg5lqhflfk2u4u\n            j2gdqj3zspnvyqi/spack-src/src/vtkh/DataSet.cpp:621:44:   required f\n            rom here\n  >> 361    /p/vast1/koparasy/BUILD/spack_cluster_installer/quartz/ascent/spack\n            _env_dir/linux-rhel7-broadwell/gcc-8.3.1/vtk-m-1.6.0-b77d27rzqzlu7f\n            mbn6ao6vzpnwkzwlib/include/vtkm-1.6/vtkm/worklet/internal/Dispatche",
        "post_context": "            detail::MemSetWorklet<float>'\n     362       using ScatterType = typename WorkletType::ScatterType;\n     363                                                            ^\n  >> 364    /p/vast1/koparasy/BUILD/spack_cluster_installer/quartz/ascent/spack\n            _env_dir/linux-rhel7-broadwell/gcc-8.3.1/vtk-m-1.6.0-b77d27rzqzlu7f\n            mbn6ao6vzpnwkzwlib/include/vtkm-1.6/vtkm/worklet/internal/Dispatche",
        "id": 197930,
        "label": "dinos-error"
    },
    {
        "phase": "N/A",
        "source_file": "            rBase.h",
        "source_line_no": "5",
        "line_no": 1640,
        "repeat_count": 0,
        "start": 1634,
        "end": 1647,
        "text": "rBase.h:594:56: error: no type named 'ScatterType' in 'class vtkh::",
        "pre_context": "     353    /tmp/koparasy/spack-stage/spack-stage-vtk-h-0.6.8-7gbtayitpnb3xhzvt\n            3xi6oxv5gbrrmr3/spack-src/src/vtkh/DataSet.cpp:647:44:   required f\n            rom here\n  >> 354    /p/vast1/koparasy/BUILD/spack_cluster_installer/quartz/ascent/spack\n            _env_dir/linux-rhel7-broadwell/gcc-8.3.1/vtk-m-1.6.0-b77d27rzqzlu7f\n            mbn6ao6vzpnwkzwlib/include/vtkm-1.6/vtkm/worklet/internal/Dispatche",
        "post_context": "            detail::MemSetWorklet<float>'\n     355       using ScatterType = typename WorkletType::ScatterType;\n     356                                                            ^\n  >> 357    /p/vast1/koparasy/BUILD/spack_cluster_installer/quartz/ascent/spack\n            _env_dir/linux-rhel7-broadwell/gcc-8.3.1/vtk-m-1.6.0-b77d27rzqzlu7f\n            mbn6ao6vzpnwkzwlib/include/vtkm-1.6/vtkm/worklet/internal/Dispatche",
        "id": 197969,
        "label": "dinos-error"
    },
    {
        "phase": "N/A",
        "source_file": "            rBase.h",
        "source_line_no": "5",
        "line_no": 1585,
        "repeat_count": 0,
        "start": 1579,
        "end": 1592,
        "text": "rBase.h:594:56: error: no type named 'ScatterType' in 'class vtkh::",
        "pre_context": "     358    /tmp/koparasy/spack-stage/spack-stage-vtk-h-0.6.0-gyscg5lqhflfk2u4u\n            j2gdqj3zspnvyqi/spack-src/src/vtkh/DataSet.cpp:621:44:   required f\n            rom here\n  >> 359    /p/vast1/koparasy/BUILD/spack_cluster_installer/quartz/ascent/spack\n            _env_dir/linux-rhel7-broadwell/gcc-8.3.1/vtk-m-1.6.0-b77d27rzqzlu7f\n            mbn6ao6vzpnwkzwlib/include/vtkm-1.6/vtkm/worklet/internal/Dispatche",
        "post_context": "            detail::MemSetWorklet<float>'\n     360       using ScatterType = typename WorkletType::ScatterType;\n     361                                                            ^\n  >> 362    /p/vast1/koparasy/BUILD/spack_cluster_installer/quartz/ascent/spack\n            _env_dir/linux-rhel7-broadwell/gcc-8.3.1/vtk-m-1.6.0-b77d27rzqzlu7f\n            mbn6ao6vzpnwkzwlib/include/vtkm-1.6/vtkm/worklet/internal/Dispatche",
        "id": 198008,
        "label": "dinos-error"
    },
    {
        "phase": "N/A",
        "source_file": "            rBase.h",
        "source_line_no": "5",
        "line_no": 1605,
        "repeat_count": 0,
        "start": 1599,
        "end": 1612,
        "text": "rBase.h:594:56: error: no type named 'ScatterType' in 'class vtkh::",
        "pre_context": "     352    /tmp/koparasy/spack-stage/spack-stage-vtk-h-0.6.2-56u7iwx4dhd5lrvhe\n            wcddpykjpby4jc5/spack-src/src/vtkh/DataSet.cpp:621:44:   required f\n            rom here\n  >> 353    /p/vast1/koparasy/BUILD/spack_cluster_installer/quartz/ascent/spack\n            _env_dir/linux-rhel7-broadwell/gcc-8.3.1/vtk-m-1.6.0-b77d27rzqzlu7f\n            mbn6ao6vzpnwkzwlib/include/vtkm-1.6/vtkm/worklet/internal/Dispatche",
        "post_context": "            detail::MemSetWorklet<float>'\n     354       using ScatterType = typename WorkletType::ScatterType;\n     355                                                            ^\n  >> 356    /p/vast1/koparasy/BUILD/spack_cluster_installer/quartz/ascent/spack\n            _env_dir/linux-rhel7-broadwell/gcc-8.3.1/vtk-m-1.6.0-b77d27rzqzlu7f\n            mbn6ao6vzpnwkzwlib/include/vtkm-1.6/vtkm/worklet/internal/Dispatche",
        "id": 198081,
        "label": "dinos-error"
    },
    {
        "phase": "N/A",
        "source_file": "            rBase.h",
        "source_line_no": "5",
        "line_no": 1622,
        "repeat_count": 0,
        "start": 1616,
        "end": 1629,
        "text": "rBase.h:594:56: error: no type named 'ScatterType' in 'class vtkh::",
        "pre_context": "     358    /tmp/koparasy/spack-stage/spack-stage-vtk-h-0.6.4-i2rag2tw7sgppxn43\n            e5idnwn7734ldyf/spack-src/src/vtkh/DataSet.cpp:647:44:   required f\n            rom here\n  >> 359    /p/vast1/koparasy/BUILD/spack_cluster_installer/quartz/ascent/spack\n            _env_dir/linux-rhel7-broadwell/gcc-8.3.1/vtk-m-1.6.0-b77d27rzqzlu7f\n            mbn6ao6vzpnwkzwlib/include/vtkm-1.6/vtkm/worklet/internal/Dispatche",
        "post_context": "            detail::MemSetWorklet<float>'\n     360       using ScatterType = typename WorkletType::ScatterType;\n     361                                                            ^\n  >> 362    /p/vast1/koparasy/BUILD/spack_cluster_installer/quartz/ascent/spack\n            _env_dir/linux-rhel7-broadwell/gcc-8.3.1/vtk-m-1.6.0-b77d27rzqzlu7f\n            mbn6ao6vzpnwkzwlib/include/vtkm-1.6/vtkm/worklet/internal/Dispatche",
        "id": 198114,
        "label": "dinos-error"
    },
    {
        "phase": "N/A",
        "source_file": "            rBase.h",
        "source_line_no": "5",
        "line_no": 1454,
        "repeat_count": 0,
        "start": 1448,
        "end": 1461,
        "text": "rBase.h:594:56: error: no type named 'ScatterType' in 'class vtkh::",
        "pre_context": "     334    /tmp/koparasy/spack-stage/spack-stage-vtk-h-0.6.1-vaw22hl5jcxw7fn2w\n            yvstdt5boodfwzr/spack-src/src/vtkh/DataSet.cpp:621:44:   required f\n            rom here\n  >> 335    /p/vast1/koparasy/BUILD/spack_cluster_installer/quartz/ascent/spack\n            _env_dir/linux-rhel7-broadwell/gcc-8.3.1/vtk-m-1.6.0-b77d27rzqzlu7f\n            mbn6ao6vzpnwkzwlib/include/vtkm-1.6/vtkm/worklet/internal/Dispatche",
        "post_context": "            detail::MemSetWorklet<float>'\n     336       using ScatterType = typename WorkletType::ScatterType;\n     337                                                            ^\n  >> 338    /p/vast1/koparasy/BUILD/spack_cluster_installer/quartz/ascent/spack\n            _env_dir/linux-rhel7-broadwell/gcc-8.3.1/vtk-m-1.6.0-b77d27rzqzlu7f\n            mbn6ao6vzpnwkzwlib/include/vtkm-1.6/vtkm/worklet/internal/Dispatche",
        "id": 198147,
        "label": "dinos-error"
    },
    {
        "phase": "N/A",
        "source_file": "            rBase.h",
        "source_line_no": "5",
        "line_no": 1532,
        "repeat_count": 0,
        "start": 1526,
        "end": 1539,
        "text": "rBase.h:594:56: error: no type named 'ScatterType' in 'class vtkh::",
        "pre_context": "     358    /tmp/koparasy/spack-stage/spack-stage-vtk-h-0.6.8-7gbtayitpnb3xhzvt\n            3xi6oxv5gbrrmr3/spack-src/src/vtkh/DataSet.cpp:647:44:   required f\n            rom here\n  >> 359    /p/vast1/koparasy/BUILD/spack_cluster_installer/quartz/ascent/spack\n            _env_dir/linux-rhel7-broadwell/gcc-8.3.1/vtk-m-1.6.0-b77d27rzqzlu7f\n            mbn6ao6vzpnwkzwlib/include/vtkm-1.6/vtkm/worklet/internal/Dispatche",
        "post_context": "            detail::MemSetWorklet<float>'\n     360       using ScatterType = typename WorkletType::ScatterType;\n     361                                                            ^\n  >> 362    /p/vast1/koparasy/BUILD/spack_cluster_installer/quartz/ascent/spack\n            _env_dir/linux-rhel7-broadwell/gcc-8.3.1/vtk-m-1.6.0-b77d27rzqzlu7f\n            mbn6ao6vzpnwkzwlib/include/vtkm-1.6/vtkm/worklet/internal/Dispatche",
        "id": 198183,
        "label": "dinos-error"
    },
    {
        "phase": "N/A",
        "source_file": "            rBase.h",
        "source_line_no": "5",
        "line_no": 1603,
        "repeat_count": 0,
        "start": 1597,
        "end": 1610,
        "text": "rBase.h:594:56: error: no type named 'ScatterType' in 'class vtkh::",
        "pre_context": "     358    /tmp/koparasy/spack-stage/spack-stage-vtk-h-0.6.1-vaw22hl5jcxw7fn2w\n            yvstdt5boodfwzr/spack-src/src/vtkh/DataSet.cpp:621:44:   required f\n            rom here\n  >> 359    /p/vast1/koparasy/BUILD/spack_cluster_installer/quartz/ascent/spack\n            _env_dir/linux-rhel7-broadwell/gcc-8.3.1/vtk-m-1.6.0-b77d27rzqzlu7f\n            mbn6ao6vzpnwkzwlib/include/vtkm-1.6/vtkm/worklet/internal/Dispatche",
        "post_context": "            detail::MemSetWorklet<float>'\n     360       using ScatterType = typename WorkletType::ScatterType;\n     361                                                            ^\n  >> 362    /p/vast1/koparasy/BUILD/spack_cluster_installer/quartz/ascent/spack\n            _env_dir/linux-rhel7-broadwell/gcc-8.3.1/vtk-m-1.6.0-b77d27rzqzlu7f\n            mbn6ao6vzpnwkzwlib/include/vtkm-1.6/vtkm/worklet/internal/Dispatche",
        "id": 198240,
        "label": "dinos-error"
    },
    {
        "phase": "N/A",
        "source_file": "            rBase.h",
        "source_line_no": "5",
        "line_no": 1598,
        "repeat_count": 0,
        "start": 1592,
        "end": 1605,
        "text": "rBase.h:594:56: error: no type named 'ScatterType' in 'class vtkh::",
        "pre_context": "     360    /tmp/koparasy/spack-stage/spack-stage-vtk-h-0.6.2-56u7iwx4dhd5lrvhe\n            wcddpykjpby4jc5/spack-src/src/vtkh/DataSet.cpp:621:44:   required f\n            rom here\n  >> 361    /p/vast1/koparasy/BUILD/spack_cluster_installer/quartz/ascent/spack\n            _env_dir/linux-rhel7-broadwell/gcc-8.3.1/vtk-m-1.6.0-b77d27rzqzlu7f\n            mbn6ao6vzpnwkzwlib/include/vtkm-1.6/vtkm/worklet/internal/Dispatche",
        "post_context": "            detail::MemSetWorklet<float>'\n     362       using ScatterType = typename WorkletType::ScatterType;\n     363                                                            ^\n  >> 364    /p/vast1/koparasy/BUILD/spack_cluster_installer/quartz/ascent/spack\n            _env_dir/linux-rhel7-broadwell/gcc-8.3.1/vtk-m-1.6.0-b77d27rzqzlu7f\n            mbn6ao6vzpnwkzwlib/include/vtkm-1.6/vtkm/worklet/internal/Dispatche",
        "id": 198273,
        "label": "dinos-error"
    },
    {
        "phase": "N/A",
        "source_file": "            rBase.h",
        "source_line_no": "5",
        "line_no": 1450,
        "repeat_count": 0,
        "start": 1444,
        "end": 1457,
        "text": "rBase.h:594:56: error: no type named 'ScatterType' in 'class vtkh::",
        "pre_context": "     349    /tmp/koparasy/spack-stage/spack-stage-vtk-h-0.6.7-dvru3jp2g27llexpd\n            w7f7wprol67zweh/spack-src/src/vtkh/DataSet.cpp:647:44:   required f\n            rom here\n  >> 350    /p/vast1/koparasy/BUILD/spack_cluster_installer/quartz/ascent/spack\n            _env_dir/linux-rhel7-broadwell/gcc-8.3.1/vtk-m-1.6.0-b77d27rzqzlu7f\n            mbn6ao6vzpnwkzwlib/include/vtkm-1.6/vtkm/worklet/internal/Dispatche",
        "post_context": "            detail::MemSetWorklet<float>'\n     351       using ScatterType = typename WorkletType::ScatterType;\n     352                                                            ^\n  >> 353    /p/vast1/koparasy/BUILD/spack_cluster_installer/quartz/ascent/spack\n            _env_dir/linux-rhel7-broadwell/gcc-8.3.1/vtk-m-1.6.0-b77d27rzqzlu7f\n            mbn6ao6vzpnwkzwlib/include/vtkm-1.6/vtkm/worklet/internal/Dispatche",
        "id": 198321,
        "label": "dinos-error"
    },
    {
        "phase": "N/A",
        "source_file": "            rBase.h",
        "source_line_no": "5",
        "line_no": 1844,
        "repeat_count": 0,
        "start": 1838,
        "end": 1851,
        "text": "rBase.h:594:56: error: no type named 'ScatterType' in 'class vtkh::",
        "pre_context": "     423    /tmp/koparasy/spack-stage/spack-stage-vtk-h-0.6.7-dvru3jp2g27llexpd\n            w7f7wprol67zweh/spack-src/src/vtkh/DataSet.cpp:647:44:   required f\n            rom here\n  >> 424    /p/vast1/koparasy/BUILD/spack_cluster_installer/quartz/ascent/spack\n            _env_dir/linux-rhel7-broadwell/gcc-8.3.1/vtk-m-1.6.0-b77d27rzqzlu7f\n            mbn6ao6vzpnwkzwlib/include/vtkm-1.6/vtkm/worklet/internal/Dispatche",
        "post_context": "            detail::MemSetWorklet<float>'\n     425       using ScatterType = typename WorkletType::ScatterType;\n     426                                                            ^\n  >> 427    /p/vast1/koparasy/BUILD/spack_cluster_installer/quartz/ascent/spack\n            _env_dir/linux-rhel7-broadwell/gcc-8.3.1/vtk-m-1.6.0-b77d27rzqzlu7f\n            mbn6ao6vzpnwkzwlib/include/vtkm-1.6/vtkm/worklet/internal/Dispatche",
        "id": 198330,
        "label": "dinos-error"
    },
    {
        "phase": "N/A",
        "source_file": "            rBase.h",
        "source_line_no": "5",
        "line_no": 1583,
        "repeat_count": 0,
        "start": 1577,
        "end": 1590,
        "text": "rBase.h:594:56: error: no type named 'ScatterType' in 'class vtkh::",
        "pre_context": "     357    /tmp/koparasy/spack-stage/spack-stage-vtk-h-0.6.8-7gbtayitpnb3xhzvt\n            3xi6oxv5gbrrmr3/spack-src/src/vtkh/DataSet.cpp:647:44:   required f\n            rom here\n  >> 358    /p/vast1/koparasy/BUILD/spack_cluster_installer/quartz/ascent/spack\n            _env_dir/linux-rhel7-broadwell/gcc-8.3.1/vtk-m-1.6.0-b77d27rzqzlu7f\n            mbn6ao6vzpnwkzwlib/include/vtkm-1.6/vtkm/worklet/internal/Dispatche",
        "post_context": "            detail::MemSetWorklet<float>'\n     359       using ScatterType = typename WorkletType::ScatterType;\n     360                                                            ^\n  >> 361    /p/vast1/koparasy/BUILD/spack_cluster_installer/quartz/ascent/spack\n            _env_dir/linux-rhel7-broadwell/gcc-8.3.1/vtk-m-1.6.0-b77d27rzqzlu7f\n            mbn6ao6vzpnwkzwlib/include/vtkm-1.6/vtkm/worklet/internal/Dispatche",
        "id": 198390,
        "label": "dinos-error"
    },
    {
        "phase": "N/A",
        "source_file": "            rBase.h",
        "source_line_no": "5",
        "line_no": 1514,
        "repeat_count": 0,
        "start": 1508,
        "end": 1521,
        "text": "rBase.h:594:56: error: no type named 'ScatterType' in 'class vtkh::",
        "pre_context": "     360    /tmp/koparasy/spack-stage/spack-stage-vtk-h-0.6.0-gyscg5lqhflfk2u4u\n            j2gdqj3zspnvyqi/spack-src/src/vtkh/DataSet.cpp:621:44:   required f\n            rom here\n  >> 361    /p/vast1/koparasy/BUILD/spack_cluster_installer/quartz/ascent/spack\n            _env_dir/linux-rhel7-broadwell/gcc-8.3.1/vtk-m-1.6.0-b77d27rzqzlu7f\n            mbn6ao6vzpnwkzwlib/include/vtkm-1.6/vtkm/worklet/internal/Dispatche",
        "post_context": "            detail::MemSetWorklet<float>'\n     362       using ScatterType = typename WorkletType::ScatterType;\n     363                                                            ^\n  >> 364    /p/vast1/koparasy/BUILD/spack_cluster_installer/quartz/ascent/spack\n            _env_dir/linux-rhel7-broadwell/gcc-8.3.1/vtk-m-1.6.0-b77d27rzqzlu7f\n            mbn6ao6vzpnwkzwlib/include/vtkm-1.6/vtkm/worklet/internal/Dispatche",
        "id": 198463,
        "label": "dinos-error"
    },
    {
        "phase": "N/A",
        "source_file": "            rBase.h",
        "source_line_no": "5",
        "line_no": 1413,
        "repeat_count": 0,
        "start": 1407,
        "end": 1420,
        "text": "rBase.h:594:56: error: no type named 'ScatterType' in 'class vtkh::",
        "pre_context": "     339    /tmp/koparasy/spack-stage/spack-stage-vtk-h-0.6.0-gyscg5lqhflfk2u4u\n            j2gdqj3zspnvyqi/spack-src/src/vtkh/DataSet.cpp:621:44:   required f\n            rom here\n  >> 340    /p/vast1/koparasy/BUILD/spack_cluster_installer/quartz/ascent/spack\n            _env_dir/linux-rhel7-broadwell/gcc-8.3.1/vtk-m-1.6.0-b77d27rzqzlu7f\n            mbn6ao6vzpnwkzwlib/include/vtkm-1.6/vtkm/worklet/internal/Dispatche",
        "post_context": "            detail::MemSetWorklet<float>'\n     341       using ScatterType = typename WorkletType::ScatterType;\n     342                                                            ^\n  >> 343    /p/vast1/koparasy/BUILD/spack_cluster_installer/quartz/ascent/spack\n            _env_dir/linux-rhel7-broadwell/gcc-8.3.1/vtk-m-1.6.0-b77d27rzqzlu7f\n            mbn6ao6vzpnwkzwlib/include/vtkm-1.6/vtkm/worklet/internal/Dispatche",
        "id": 198496,
        "label": "dinos-error"
    },
    {
        "phase": "N/A",
        "source_file": "            rBase.h",
        "source_line_no": "5",
        "line_no": 1622,
        "repeat_count": 0,
        "start": 1616,
        "end": 1629,
        "text": "rBase.h:594:56: error: no type named 'ScatterType' in 'class vtkh::",
        "pre_context": "     358    /tmp/koparasy/spack-stage/spack-stage-vtk-h-0.6.8-7gbtayitpnb3xhzvt\n            3xi6oxv5gbrrmr3/spack-src/src/vtkh/DataSet.cpp:647:44:   required f\n            rom here\n  >> 359    /p/vast1/koparasy/BUILD/spack_cluster_installer/quartz/ascent/spack\n            _env_dir/linux-rhel7-broadwell/gcc-8.3.1/vtk-m-1.6.0-b77d27rzqzlu7f\n            mbn6ao6vzpnwkzwlib/include/vtkm-1.6/vtkm/worklet/internal/Dispatche",
        "post_context": "            detail::MemSetWorklet<float>'\n     360       using ScatterType = typename WorkletType::ScatterType;\n     361                                                            ^\n  >> 362    /p/vast1/koparasy/BUILD/spack_cluster_installer/quartz/ascent/spack\n            _env_dir/linux-rhel7-broadwell/gcc-8.3.1/vtk-m-1.6.0-b77d27rzqzlu7f\n            mbn6ao6vzpnwkzwlib/include/vtkm-1.6/vtkm/worklet/internal/Dispatche",
        "id": 198607,
        "label": "dinos-error"
    },
    {
        "phase": "N/A",
        "source_file": "            rBase.h",
        "source_line_no": "5",
        "line_no": 1622,
        "repeat_count": 0,
        "start": 1616,
        "end": 1629,
        "text": "rBase.h:594:56: error: no type named 'ScatterType' in 'class vtkh::",
        "pre_context": "     358    /tmp/koparasy/spack-stage/spack-stage-vtk-h-0.6.5-plk6ieh4qr3e3nqbr\n            ml26btv3caybd4y/spack-src/src/vtkh/DataSet.cpp:647:44:   required f\n            rom here\n  >> 359    /p/vast1/koparasy/BUILD/spack_cluster_installer/quartz/ascent/spack\n            _env_dir/linux-rhel7-broadwell/gcc-8.3.1/vtk-m-1.6.0-b77d27rzqzlu7f\n            mbn6ao6vzpnwkzwlib/include/vtkm-1.6/vtkm/worklet/internal/Dispatche",
        "post_context": "            detail::MemSetWorklet<float>'\n     360       using ScatterType = typename WorkletType::ScatterType;\n     361                                                            ^\n  >> 362    /p/vast1/koparasy/BUILD/spack_cluster_installer/quartz/ascent/spack\n            _env_dir/linux-rhel7-broadwell/gcc-8.3.1/vtk-m-1.6.0-b77d27rzqzlu7f\n            mbn6ao6vzpnwkzwlib/include/vtkm-1.6/vtkm/worklet/internal/Dispatche",
        "id": 198682,
        "label": "dinos-error"
    },
    {
        "phase": "N/A",
        "source_file": "            rBase.h",
        "source_line_no": "5",
        "line_no": 1598,
        "repeat_count": 0,
        "start": 1592,
        "end": 1605,
        "text": "rBase.h:594:56: error: no type named 'ScatterType' in 'class vtkh::",
        "pre_context": "     360    /tmp/koparasy/spack-stage/spack-stage-vtk-h-0.6.4-i2rag2tw7sgppxn43\n            e5idnwn7734ldyf/spack-src/src/vtkh/DataSet.cpp:647:44:   required f\n            rom here\n  >> 361    /p/vast1/koparasy/BUILD/spack_cluster_installer/quartz/ascent/spack\n            _env_dir/linux-rhel7-broadwell/gcc-8.3.1/vtk-m-1.6.0-b77d27rzqzlu7f\n            mbn6ao6vzpnwkzwlib/include/vtkm-1.6/vtkm/worklet/internal/Dispatche",
        "post_context": "            detail::MemSetWorklet<float>'\n     362       using ScatterType = typename WorkletType::ScatterType;\n     363                                                            ^\n  >> 364    /p/vast1/koparasy/BUILD/spack_cluster_installer/quartz/ascent/spack\n            _env_dir/linux-rhel7-broadwell/gcc-8.3.1/vtk-m-1.6.0-b77d27rzqzlu7f\n            mbn6ao6vzpnwkzwlib/include/vtkm-1.6/vtkm/worklet/internal/Dispatche",
        "id": 198715,
        "label": "dinos-error"
    },
    {
        "phase": "N/A",
        "source_file": "            rBase.h",
        "source_line_no": "5",
        "line_no": 1447,
        "repeat_count": 0,
        "start": 1441,
        "end": 1454,
        "text": "rBase.h:594:56: error: no type named 'ScatterType' in 'class vtkh::",
        "pre_context": "     342    /tmp/koparasy/spack-stage/spack-stage-vtk-h-0.6.5-plk6ieh4qr3e3nqbr\n            ml26btv3caybd4y/spack-src/src/vtkh/DataSet.cpp:647:44:   required f\n            rom here\n  >> 343    /p/vast1/koparasy/BUILD/spack_cluster_installer/quartz/ascent/spack\n            _env_dir/linux-rhel7-broadwell/gcc-8.3.1/vtk-m-1.6.0-b77d27rzqzlu7f\n            mbn6ao6vzpnwkzwlib/include/vtkm-1.6/vtkm/worklet/internal/Dispatche",
        "post_context": "            detail::MemSetWorklet<float>'\n     344       using ScatterType = typename WorkletType::ScatterType;\n     345                                                            ^\n  >> 346    /p/vast1/koparasy/BUILD/spack_cluster_installer/quartz/ascent/spack\n            _env_dir/linux-rhel7-broadwell/gcc-8.3.1/vtk-m-1.6.0-b77d27rzqzlu7f\n            mbn6ao6vzpnwkzwlib/include/vtkm-1.6/vtkm/worklet/internal/Dispatche",
        "id": 198772,
        "label": "dinos-error"
    },
    {
        "phase": "N/A",
        "source_file": "            rBase.h",
        "source_line_no": "5",
        "line_no": 1376,
        "repeat_count": 0,
        "start": 1370,
        "end": 1383,
        "text": "rBase.h:594:56: error: no type named 'ScatterType' in 'class vtkh::",
        "pre_context": "     360    /tmp/koparasy/spack-stage/spack-stage-vtk-h-0.6.2-56u7iwx4dhd5lrvhe\n            wcddpykjpby4jc5/spack-src/src/vtkh/DataSet.cpp:621:44:   required f\n            rom here\n  >> 361    /p/vast1/koparasy/BUILD/spack_cluster_installer/quartz/ascent/spack\n            _env_dir/linux-rhel7-broadwell/gcc-8.3.1/vtk-m-1.6.0-b77d27rzqzlu7f\n            mbn6ao6vzpnwkzwlib/include/vtkm-1.6/vtkm/worklet/internal/Dispatche",
        "post_context": "            detail::MemSetWorklet<float>'\n     362       using ScatterType = typename WorkletType::ScatterType;\n     363                                                            ^\n  >> 364    /p/vast1/koparasy/BUILD/spack_cluster_installer/quartz/ascent/spack\n            _env_dir/linux-rhel7-broadwell/gcc-8.3.1/vtk-m-1.6.0-b77d27rzqzlu7f\n            mbn6ao6vzpnwkzwlib/include/vtkm-1.6/vtkm/worklet/internal/Dispatche",
        "id": 198808,
        "label": "dinos-error"
    },
    {
        "phase": "N/A",
        "source_file": "            rBase.h",
        "source_line_no": "5",
        "line_no": 1663,
        "repeat_count": 0,
        "start": 1657,
        "end": 1670,
        "text": "rBase.h:594:56: error: no type named 'ScatterType' in 'class vtkh::",
        "pre_context": "     421    /tmp/koparasy/spack-stage/spack-stage-vtk-h-0.6.2-56u7iwx4dhd5lrvhe\n            wcddpykjpby4jc5/spack-src/src/vtkh/DataSet.cpp:621:44:   required f\n            rom here\n  >> 422    /p/vast1/koparasy/BUILD/spack_cluster_installer/quartz/ascent/spack\n            _env_dir/linux-rhel7-broadwell/gcc-8.3.1/vtk-m-1.6.0-b77d27rzqzlu7f\n            mbn6ao6vzpnwkzwlib/include/vtkm-1.6/vtkm/worklet/internal/Dispatche",
        "post_context": "            detail::MemSetWorklet<float>'\n     423       using ScatterType = typename WorkletType::ScatterType;\n     424                                                            ^\n  >> 425    /p/vast1/koparasy/BUILD/spack_cluster_installer/quartz/ascent/spack\n            _env_dir/linux-rhel7-broadwell/gcc-8.3.1/vtk-m-1.6.0-b77d27rzqzlu7f\n            mbn6ao6vzpnwkzwlib/include/vtkm-1.6/vtkm/worklet/internal/Dispatche",
        "id": 198817,
        "label": "dinos-error"
    },
    {
        "phase": "N/A",
        "source_file": "            rBase.h",
        "source_line_no": "5",
        "line_no": 1614,
        "repeat_count": 0,
        "start": 1608,
        "end": 1621,
        "text": "rBase.h:594:56: error: no type named 'ScatterType' in 'class vtkh::",
        "pre_context": "     353    /tmp/koparasy/spack-stage/spack-stage-vtk-h-0.6.4-i2rag2tw7sgppxn43\n            e5idnwn7734ldyf/spack-src/src/vtkh/DataSet.cpp:647:44:   required f\n            rom here\n  >> 354    /p/vast1/koparasy/BUILD/spack_cluster_installer/quartz/ascent/spack\n            _env_dir/linux-rhel7-broadwell/gcc-8.3.1/vtk-m-1.6.0-b77d27rzqzlu7f\n            mbn6ao6vzpnwkzwlib/include/vtkm-1.6/vtkm/worklet/internal/Dispatche",
        "post_context": "            detail::MemSetWorklet<float>'\n     355       using ScatterType = typename WorkletType::ScatterType;\n     356                                                            ^\n  >> 357    /p/vast1/koparasy/BUILD/spack_cluster_installer/quartz/ascent/spack\n            _env_dir/linux-rhel7-broadwell/gcc-8.3.1/vtk-m-1.6.0-b77d27rzqzlu7f\n            mbn6ao6vzpnwkzwlib/include/vtkm-1.6/vtkm/worklet/internal/Dispatche",
        "id": 198910,
        "label": "dinos-error"
    },
    {
        "phase": "N/A",
        "source_file": "            rBase.h",
        "source_line_no": "5",
        "line_no": 1592,
        "repeat_count": 0,
        "start": 1586,
        "end": 1599,
        "text": "rBase.h:594:56: error: no type named 'ScatterType' in 'class vtkh::",
        "pre_context": "     358    /tmp/koparasy/spack-stage/spack-stage-vtk-h-0.6.7-dvru3jp2g27llexpd\n            w7f7wprol67zweh/spack-src/src/vtkh/DataSet.cpp:647:44:   required f\n            rom here\n  >> 359    /p/vast1/koparasy/BUILD/spack_cluster_installer/quartz/ascent/spack\n            _env_dir/linux-rhel7-broadwell/gcc-8.3.1/vtk-m-1.6.0-b77d27rzqzlu7f\n            mbn6ao6vzpnwkzwlib/include/vtkm-1.6/vtkm/worklet/internal/Dispatche",
        "post_context": "            detail::MemSetWorklet<float>'\n     360       using ScatterType = typename WorkletType::ScatterType;\n     361                                                            ^\n  >> 362    /p/vast1/koparasy/BUILD/spack_cluster_installer/quartz/ascent/spack\n            _env_dir/linux-rhel7-broadwell/gcc-8.3.1/vtk-m-1.6.0-b77d27rzqzlu7f\n            mbn6ao6vzpnwkzwlib/include/vtkm-1.6/vtkm/worklet/internal/Dispatche",
        "id": 198971,
        "label": "dinos-error"
    },
    {
        "phase": "N/A",
        "source_file": "            rBase.h",
        "source_line_no": "5",
        "line_no": 1598,
        "repeat_count": 0,
        "start": 1592,
        "end": 1605,
        "text": "rBase.h:594:56: error: no type named 'ScatterType' in 'class vtkh::",
        "pre_context": "     360    /tmp/koparasy/spack-stage/spack-stage-vtk-h-0.6.3-aadqprmapn4srccso\n            6kl5hc7uewlajvy/spack-src/src/vtkh/DataSet.cpp:621:44:   required f\n            rom here\n  >> 361    /p/vast1/koparasy/BUILD/spack_cluster_installer/quartz/ascent/spack\n            _env_dir/linux-rhel7-broadwell/gcc-8.3.1/vtk-m-1.6.0-b77d27rzqzlu7f\n            mbn6ao6vzpnwkzwlib/include/vtkm-1.6/vtkm/worklet/internal/Dispatche",
        "post_context": "            detail::MemSetWorklet<float>'\n     362       using ScatterType = typename WorkletType::ScatterType;\n     363                                                            ^\n  >> 364    /p/vast1/koparasy/BUILD/spack_cluster_installer/quartz/ascent/spack\n            _env_dir/linux-rhel7-broadwell/gcc-8.3.1/vtk-m-1.6.0-b77d27rzqzlu7f\n            mbn6ao6vzpnwkzwlib/include/vtkm-1.6/vtkm/worklet/internal/Dispatche",
        "id": 199011,
        "label": "dinos-error"
    },
    {
        "phase": "N/A",
        "source_file": "            rBase.h",
        "source_line_no": "5",
        "line_no": 1434,
        "repeat_count": 0,
        "start": 1428,
        "end": 1441,
        "text": "rBase.h:594:56: error: no type named 'ScatterType' in 'class vtkh::",
        "pre_context": "     359    /tmp/koparasy/spack-stage/spack-stage-vtk-h-0.6.4-i2rag2tw7sgppxn43\n            e5idnwn7734ldyf/spack-src/src/vtkh/DataSet.cpp:647:44:   required f\n            rom here\n  >> 360    /p/vast1/koparasy/BUILD/spack_cluster_installer/quartz/ascent/spack\n            _env_dir/linux-rhel7-broadwell/gcc-8.3.1/vtk-m-1.6.0-b77d27rzqzlu7f\n            mbn6ao6vzpnwkzwlib/include/vtkm-1.6/vtkm/worklet/internal/Dispatche",
        "post_context": "            detail::MemSetWorklet<float>'\n     361       using ScatterType = typename WorkletType::ScatterType;\n     362                                                            ^\n  >> 363    /p/vast1/koparasy/BUILD/spack_cluster_installer/quartz/ascent/spack\n            _env_dir/linux-rhel7-broadwell/gcc-8.3.1/vtk-m-1.6.0-b77d27rzqzlu7f\n            mbn6ao6vzpnwkzwlib/include/vtkm-1.6/vtkm/worklet/internal/Dispatche",
        "id": 199044,
        "label": "dinos-error"
    },
    {
        "phase": "N/A",
        "source_file": "            rBase.h",
        "source_line_no": "5",
        "line_no": 1598,
        "repeat_count": 0,
        "start": 1592,
        "end": 1605,
        "text": "rBase.h:594:56: error: no type named 'ScatterType' in 'class vtkh::",
        "pre_context": "     409    /tmp/koparasy/spack-stage/spack-stage-vtk-h-0.6.4-i2rag2tw7sgppxn43\n            e5idnwn7734ldyf/spack-src/src/vtkh/DataSet.cpp:647:44:   required f\n            rom here\n  >> 410    /p/vast1/koparasy/BUILD/spack_cluster_installer/quartz/ascent/spack\n            _env_dir/linux-rhel7-broadwell/gcc-8.3.1/vtk-m-1.6.0-b77d27rzqzlu7f\n            mbn6ao6vzpnwkzwlib/include/vtkm-1.6/vtkm/worklet/internal/Dispatche",
        "post_context": "            detail::MemSetWorklet<float>'\n     411       using ScatterType = typename WorkletType::ScatterType;\n     412                                                            ^\n  >> 413    /p/vast1/koparasy/BUILD/spack_cluster_installer/quartz/ascent/spack\n            _env_dir/linux-rhel7-broadwell/gcc-8.3.1/vtk-m-1.6.0-b77d27rzqzlu7f\n            mbn6ao6vzpnwkzwlib/include/vtkm-1.6/vtkm/worklet/internal/Dispatche",
        "id": 199051,
        "label": "dinos-error"
    },
    {
        "phase": "N/A",
        "source_file": "            rBase.h",
        "source_line_no": "5",
        "line_no": 1507,
        "repeat_count": 0,
        "start": 1501,
        "end": 1514,
        "text": "rBase.h:594:56: error: no type named 'ScatterType' in 'class vtkh::",
        "pre_context": "     344    /tmp/koparasy/spack-stage/spack-stage-vtk-h-0.6.4-i2rag2tw7sgppxn43\n            e5idnwn7734ldyf/spack-src/src/vtkh/DataSet.cpp:647:44:   required f\n            rom here\n  >> 345    /p/vast1/koparasy/BUILD/spack_cluster_installer/quartz/ascent/spack\n            _env_dir/linux-rhel7-broadwell/gcc-8.3.1/vtk-m-1.6.0-b77d27rzqzlu7f\n            mbn6ao6vzpnwkzwlib/include/vtkm-1.6/vtkm/worklet/internal/Dispatche",
        "post_context": "            detail::MemSetWorklet<float>'\n     346       using ScatterType = typename WorkletType::ScatterType;\n     347                                                            ^\n  >> 348    /p/vast1/koparasy/BUILD/spack_cluster_installer/quartz/ascent/spack\n            _env_dir/linux-rhel7-broadwell/gcc-8.3.1/vtk-m-1.6.0-b77d27rzqzlu7f\n            mbn6ao6vzpnwkzwlib/include/vtkm-1.6/vtkm/worklet/internal/Dispatche",
        "id": 199090,
        "label": "dinos-error"
    },
    {
        "phase": "N/A",
        "source_file": "            rBase.h",
        "source_line_no": "5",
        "line_no": 1599,
        "repeat_count": 0,
        "start": 1593,
        "end": 1606,
        "text": "rBase.h:594:56: error: no type named 'ScatterType' in 'class vtkh::",
        "pre_context": "     358    /tmp/koparasy/spack-stage/spack-stage-vtk-h-0.6.6-yseaodfh36z5epcf7\n            gc5uuho24fc2dy4/spack-src/src/vtkh/DataSet.cpp:647:44:   required f\n            rom here\n  >> 359    /p/vast1/koparasy/BUILD/spack_cluster_installer/quartz/ascent/spack\n            _env_dir/linux-rhel7-broadwell/gcc-8.3.1/vtk-m-1.6.0-b77d27rzqzlu7f\n            mbn6ao6vzpnwkzwlib/include/vtkm-1.6/vtkm/worklet/internal/Dispatche",
        "post_context": "            detail::MemSetWorklet<float>'\n     360       using ScatterType = typename WorkletType::ScatterType;\n     361                                                            ^\n  >> 362    /p/vast1/koparasy/BUILD/spack_cluster_installer/quartz/ascent/spack\n            _env_dir/linux-rhel7-broadwell/gcc-8.3.1/vtk-m-1.6.0-b77d27rzqzlu7f\n            mbn6ao6vzpnwkzwlib/include/vtkm-1.6/vtkm/worklet/internal/Dispatche",
        "id": 199156,
        "label": "dinos-error"
    },
    {
        "phase": "N/A",
        "source_file": "            rBase.h",
        "source_line_no": "5",
        "line_no": 1622,
        "repeat_count": 0,
        "start": 1616,
        "end": 1629,
        "text": "rBase.h:594:56: error: no type named 'ScatterType' in 'class vtkh::",
        "pre_context": "     358    /tmp/koparasy/spack-stage/spack-stage-vtk-h-0.6.7-dvru3jp2g27llexpd\n            w7f7wprol67zweh/spack-src/src/vtkh/DataSet.cpp:647:44:   required f\n            rom here\n  >> 359    /p/vast1/koparasy/BUILD/spack_cluster_installer/quartz/ascent/spack\n            _env_dir/linux-rhel7-broadwell/gcc-8.3.1/vtk-m-1.6.0-b77d27rzqzlu7f\n            mbn6ao6vzpnwkzwlib/include/vtkm-1.6/vtkm/worklet/internal/Dispatche",
        "post_context": "            detail::MemSetWorklet<float>'\n     360       using ScatterType = typename WorkletType::ScatterType;\n     361                                                            ^\n  >> 362    /p/vast1/koparasy/BUILD/spack_cluster_installer/quartz/ascent/spack\n            _env_dir/linux-rhel7-broadwell/gcc-8.3.1/vtk-m-1.6.0-b77d27rzqzlu7f\n            mbn6ao6vzpnwkzwlib/include/vtkm-1.6/vtkm/worklet/internal/Dispatche",
        "id": 199193,
        "label": "dinos-error"
    },
    {
        "phase": "N/A",
        "source_file": "            rBase.h",
        "source_line_no": "5",
        "line_no": 1423,
        "repeat_count": 0,
        "start": 1417,
        "end": 1430,
        "text": "rBase.h:594:56: error: no type named 'ScatterType' in 'class vtkh::",
        "pre_context": "     342    /tmp/koparasy/spack-stage/spack-stage-vtk-h-0.6.3-aadqprmapn4srccso\n            6kl5hc7uewlajvy/spack-src/src/vtkh/DataSet.cpp:621:44:   required f\n            rom here\n  >> 343    /p/vast1/koparasy/BUILD/spack_cluster_installer/quartz/ascent/spack\n            _env_dir/linux-rhel7-broadwell/gcc-8.3.1/vtk-m-1.6.0-b77d27rzqzlu7f\n            mbn6ao6vzpnwkzwlib/include/vtkm-1.6/vtkm/worklet/internal/Dispatche",
        "post_context": "            detail::MemSetWorklet<float>'\n     344       using ScatterType = typename WorkletType::ScatterType;\n     345                                                            ^\n  >> 346    /p/vast1/koparasy/BUILD/spack_cluster_installer/quartz/ascent/spack\n            _env_dir/linux-rhel7-broadwell/gcc-8.3.1/vtk-m-1.6.0-b77d27rzqzlu7f\n            mbn6ao6vzpnwkzwlib/include/vtkm-1.6/vtkm/worklet/internal/Dispatche",
        "id": 199241,
        "label": "dinos-error"
    },
    {
        "phase": "N/A",
        "source_file": "            rBase.h",
        "source_line_no": "5",
        "line_no": 1526,
        "repeat_count": 0,
        "start": 1520,
        "end": 1533,
        "text": "rBase.h:594:56: error: no type named 'ScatterType' in 'class vtkh::",
        "pre_context": "     349    /tmp/koparasy/spack-stage/spack-stage-vtk-h-0.6.7-dvru3jp2g27llexpd\n            w7f7wprol67zweh/spack-src/src/vtkh/DataSet.cpp:647:44:   required f\n            rom here\n  >> 350    /p/vast1/koparasy/BUILD/spack_cluster_installer/quartz/ascent/spack\n            _env_dir/linux-rhel7-broadwell/gcc-8.3.1/vtk-m-1.6.0-b77d27rzqzlu7f\n            mbn6ao6vzpnwkzwlib/include/vtkm-1.6/vtkm/worklet/internal/Dispatche",
        "post_context": "            detail::MemSetWorklet<float>'\n     351       using ScatterType = typename WorkletType::ScatterType;\n     352                                                            ^\n  >> 353    /p/vast1/koparasy/BUILD/spack_cluster_installer/quartz/ascent/spack\n            _env_dir/linux-rhel7-broadwell/gcc-8.3.1/vtk-m-1.6.0-b77d27rzqzlu7f\n            mbn6ao6vzpnwkzwlib/include/vtkm-1.6/vtkm/worklet/internal/Dispatche",
        "id": 199298,
        "label": "dinos-error"
    },
    {
        "phase": "N/A",
        "source_file": "            rBase.h",
        "source_line_no": "5",
        "line_no": 1461,
        "repeat_count": 0,
        "start": 1455,
        "end": 1468,
        "text": "rBase.h:594:56: error: no type named 'ScatterType' in 'class vtkh::",
        "pre_context": "     339    /tmp/koparasy/spack-stage/spack-stage-vtk-h-0.6.1-vaw22hl5jcxw7fn2w\n            yvstdt5boodfwzr/spack-src/src/vtkh/DataSet.cpp:621:44:   required f\n            rom here\n  >> 340    /p/vast1/koparasy/BUILD/spack_cluster_installer/quartz/ascent/spack\n            _env_dir/linux-rhel7-broadwell/gcc-8.3.1/vtk-m-1.6.0-b77d27rzqzlu7f\n            mbn6ao6vzpnwkzwlib/include/vtkm-1.6/vtkm/worklet/internal/Dispatche",
        "post_context": "            detail::MemSetWorklet<float>'\n     341       using ScatterType = typename WorkletType::ScatterType;\n     342                                                            ^\n  >> 343    /p/vast1/koparasy/BUILD/spack_cluster_installer/quartz/ascent/spack\n            _env_dir/linux-rhel7-broadwell/gcc-8.3.1/vtk-m-1.6.0-b77d27rzqzlu7f\n            mbn6ao6vzpnwkzwlib/include/vtkm-1.6/vtkm/worklet/internal/Dispatche",
        "id": 199343,
        "label": "dinos-error"
    },
    {
        "phase": "N/A",
        "source_file": "            rBase.h",
        "source_line_no": "5",
        "line_no": 1520,
        "repeat_count": 0,
        "start": 1514,
        "end": 1527,
        "text": "rBase.h:594:56: error: no type named 'ScatterType' in 'class vtkh::",
        "pre_context": "     359    /tmp/koparasy/spack-stage/spack-stage-vtk-h-0.6.6-yseaodfh36z5epcf7\n            gc5uuho24fc2dy4/spack-src/src/vtkh/DataSet.cpp:647:44:   required f\n            rom here\n  >> 360    /p/vast1/koparasy/BUILD/spack_cluster_installer/quartz/ascent/spack\n            _env_dir/linux-rhel7-broadwell/gcc-8.3.1/vtk-m-1.6.0-b77d27rzqzlu7f\n            mbn6ao6vzpnwkzwlib/include/vtkm-1.6/vtkm/worklet/internal/Dispatche",
        "post_context": "            detail::MemSetWorklet<float>'\n     361       using ScatterType = typename WorkletType::ScatterType;\n     362                                                            ^\n  >> 363    /p/vast1/koparasy/BUILD/spack_cluster_installer/quartz/ascent/spack\n            _env_dir/linux-rhel7-broadwell/gcc-8.3.1/vtk-m-1.6.0-b77d27rzqzlu7f\n            mbn6ao6vzpnwkzwlib/include/vtkm-1.6/vtkm/worklet/internal/Dispatche",
        "id": 199462,
        "label": "dinos-error"
    },
    {
        "phase": "N/A",
        "source_file": "            rBase.h",
        "source_line_no": "5",
        "line_no": 1752,
        "repeat_count": 0,
        "start": 1746,
        "end": 1759,
        "text": "rBase.h:594:56: error: no type named 'ScatterType' in 'class vtkh::",
        "pre_context": "     415    /tmp/koparasy/spack-stage/spack-stage-vtk-h-0.6.6-yseaodfh36z5epcf7\n            gc5uuho24fc2dy4/spack-src/src/vtkh/DataSet.cpp:647:44:   required f\n            rom here\n  >> 416    /p/vast1/koparasy/BUILD/spack_cluster_installer/quartz/ascent/spack\n            _env_dir/linux-rhel7-broadwell/gcc-8.3.1/vtk-m-1.6.0-b77d27rzqzlu7f\n            mbn6ao6vzpnwkzwlib/include/vtkm-1.6/vtkm/worklet/internal/Dispatche",
        "post_context": "            detail::MemSetWorklet<float>'\n     417       using ScatterType = typename WorkletType::ScatterType;\n     418                                                            ^\n  >> 419    /p/vast1/koparasy/BUILD/spack_cluster_installer/quartz/ascent/spack\n            _env_dir/linux-rhel7-broadwell/gcc-8.3.1/vtk-m-1.6.0-b77d27rzqzlu7f\n            mbn6ao6vzpnwkzwlib/include/vtkm-1.6/vtkm/worklet/internal/Dispatche",
        "id": 199469,
        "label": "dinos-error"
    },
    {
        "phase": "N/A",
        "source_file": "            rBase.h",
        "source_line_no": "5",
        "line_no": 1575,
        "repeat_count": 0,
        "start": 1569,
        "end": 1582,
        "text": "rBase.h:594:56: error: no type named 'ScatterType' in 'class vtkh::",
        "pre_context": "     353    /tmp/koparasy/spack-stage/spack-stage-vtk-h-0.6.5-plk6ieh4qr3e3nqbr\n            ml26btv3caybd4y/spack-src/src/vtkh/DataSet.cpp:647:44:   required f\n            rom here\n  >> 354    /p/vast1/koparasy/BUILD/spack_cluster_installer/quartz/ascent/spack\n            _env_dir/linux-rhel7-broadwell/gcc-8.3.1/vtk-m-1.6.0-b77d27rzqzlu7f\n            mbn6ao6vzpnwkzwlib/include/vtkm-1.6/vtkm/worklet/internal/Dispatche",
        "post_context": "            detail::MemSetWorklet<float>'\n     355       using ScatterType = typename WorkletType::ScatterType;\n     356                                                            ^\n  >> 357    /p/vast1/koparasy/BUILD/spack_cluster_installer/quartz/ascent/spack\n            _env_dir/linux-rhel7-broadwell/gcc-8.3.1/vtk-m-1.6.0-b77d27rzqzlu7f\n            mbn6ao6vzpnwkzwlib/include/vtkm-1.6/vtkm/worklet/internal/Dispatche",
        "id": 199641,
        "label": "dinos-error"
    },
    {
        "phase": "N/A",
        "source_file": "            rBase.h",
        "source_line_no": "5",
        "line_no": 1584,
        "repeat_count": 0,
        "start": 1578,
        "end": 1591,
        "text": "rBase.h:594:56: error: no type named 'ScatterType' in 'class vtkh::",
        "pre_context": "     356    /tmp/koparasy/spack-stage/spack-stage-vtk-h-0.6.2-56u7iwx4dhd5lrvhe\n            wcddpykjpby4jc5/spack-src/src/vtkh/DataSet.cpp:621:44:   required f\n            rom here\n  >> 357    /p/vast1/koparasy/BUILD/spack_cluster_installer/quartz/ascent/spack\n            _env_dir/linux-rhel7-broadwell/gcc-8.3.1/vtk-m-1.6.0-b77d27rzqzlu7f\n            mbn6ao6vzpnwkzwlib/include/vtkm-1.6/vtkm/worklet/internal/Dispatche",
        "post_context": "            detail::MemSetWorklet<float>'\n     358       using ScatterType = typename WorkletType::ScatterType;\n     359                                                            ^\n  >> 360    /p/vast1/koparasy/BUILD/spack_cluster_installer/quartz/ascent/spack\n            _env_dir/linux-rhel7-broadwell/gcc-8.3.1/vtk-m-1.6.0-b77d27rzqzlu7f\n            mbn6ao6vzpnwkzwlib/include/vtkm-1.6/vtkm/worklet/internal/Dispatche",
        "id": 199674,
        "label": "dinos-error"
    },
    {
        "phase": "N/A",
        "source_file": "            rBase.h",
        "source_line_no": "5",
        "line_no": 1505,
        "repeat_count": 0,
        "start": 1499,
        "end": 1512,
        "text": "rBase.h:594:56: error: no type named 'ScatterType' in 'class vtkh::",
        "pre_context": "     353    /tmp/koparasy/spack-stage/spack-stage-vtk-h-0.6.2-56u7iwx4dhd5lrvhe\n            wcddpykjpby4jc5/spack-src/src/vtkh/DataSet.cpp:621:44:   required f\n            rom here\n  >> 354    /p/vast1/koparasy/BUILD/spack_cluster_installer/quartz/ascent/spack\n            _env_dir/linux-rhel7-broadwell/gcc-8.3.1/vtk-m-1.6.0-b77d27rzqzlu7f\n            mbn6ao6vzpnwkzwlib/include/vtkm-1.6/vtkm/worklet/internal/Dispatche",
        "post_context": "            detail::MemSetWorklet<float>'\n     355       using ScatterType = typename WorkletType::ScatterType;\n     356                                                            ^\n  >> 357    /p/vast1/koparasy/BUILD/spack_cluster_installer/quartz/ascent/spack\n            _env_dir/linux-rhel7-broadwell/gcc-8.3.1/vtk-m-1.6.0-b77d27rzqzlu7f\n            mbn6ao6vzpnwkzwlib/include/vtkm-1.6/vtkm/worklet/internal/Dispatche",
        "id": 199802,
        "label": "dinos-error"
    },
    {
        "phase": "N/A",
        "source_file": "            rBase.h",
        "source_line_no": "5",
        "line_no": 1622,
        "repeat_count": 0,
        "start": 1616,
        "end": 1629,
        "text": "rBase.h:594:56: error: no type named 'ScatterType' in 'class vtkh::",
        "pre_context": "     358    /tmp/koparasy/spack-stage/spack-stage-vtk-h-0.6.8-7gbtayitpnb3xhzvt\n            3xi6oxv5gbrrmr3/spack-src/src/vtkh/DataSet.cpp:647:44:   required f\n            rom here\n  >> 359    /p/vast1/koparasy/BUILD/spack_cluster_installer/quartz/ascent/spack\n            _env_dir/linux-rhel7-broadwell/gcc-8.3.1/vtk-m-1.6.0-b77d27rzqzlu7f\n            mbn6ao6vzpnwkzwlib/include/vtkm-1.6/vtkm/worklet/internal/Dispatche",
        "post_context": "            detail::MemSetWorklet<float>'\n     360       using ScatterType = typename WorkletType::ScatterType;\n     361                                                            ^\n  >> 362    /p/vast1/koparasy/BUILD/spack_cluster_installer/quartz/ascent/spack\n            _env_dir/linux-rhel7-broadwell/gcc-8.3.1/vtk-m-1.6.0-b77d27rzqzlu7f\n            mbn6ao6vzpnwkzwlib/include/vtkm-1.6/vtkm/worklet/internal/Dispatche",
        "id": 199835,
        "label": "dinos-error"
    },
    {
        "phase": "N/A",
        "source_file": "            rBase.h",
        "source_line_no": "5",
        "line_no": 1414,
        "repeat_count": 0,
        "start": 1408,
        "end": 1421,
        "text": "rBase.h:594:56: error: no type named 'ScatterType' in 'class vtkh::",
        "pre_context": "     367    /tmp/koparasy/spack-stage/spack-stage-vtk-h-0.6.6-yseaodfh36z5epcf7\n            gc5uuho24fc2dy4/spack-src/src/vtkh/DataSet.cpp:647:44:   required f\n            rom here\n  >> 368    /p/vast1/koparasy/BUILD/spack_cluster_installer/quartz/ascent/spack\n            _env_dir/linux-rhel7-broadwell/gcc-8.3.1/vtk-m-1.6.0-b77d27rzqzlu7f\n            mbn6ao6vzpnwkzwlib/include/vtkm-1.6/vtkm/worklet/internal/Dispatche",
        "post_context": "            detail::MemSetWorklet<float>'\n     369       using ScatterType = typename WorkletType::ScatterType;\n     370                                                            ^\n  >> 371    /p/vast1/koparasy/BUILD/spack_cluster_installer/quartz/ascent/spack\n            _env_dir/linux-rhel7-broadwell/gcc-8.3.1/vtk-m-1.6.0-b77d27rzqzlu7f\n            mbn6ao6vzpnwkzwlib/include/vtkm-1.6/vtkm/worklet/internal/Dispatche",
        "id": 199880,
        "label": "dinos-error"
    },
    {
        "phase": "N/A",
        "source_file": "            rBase.h",
        "source_line_no": "5",
        "line_no": 1553,
        "repeat_count": 0,
        "start": 1547,
        "end": 1560,
        "text": "rBase.h:594:56: error: no type named 'ScatterType' in 'class vtkh::",
        "pre_context": "     404    /tmp/koparasy/spack-stage/spack-stage-vtk-h-0.6.6-yseaodfh36z5epcf7\n            gc5uuho24fc2dy4/spack-src/src/vtkh/DataSet.cpp:647:44:   required f\n            rom here\n  >> 405    /p/vast1/koparasy/BUILD/spack_cluster_installer/quartz/ascent/spack\n            _env_dir/linux-rhel7-broadwell/gcc-8.3.1/vtk-m-1.6.0-b77d27rzqzlu7f\n            mbn6ao6vzpnwkzwlib/include/vtkm-1.6/vtkm/worklet/internal/Dispatche",
        "post_context": "            detail::MemSetWorklet<float>'\n     406       using ScatterType = typename WorkletType::ScatterType;\n     407                                                            ^\n  >> 408    /p/vast1/koparasy/BUILD/spack_cluster_installer/quartz/ascent/spack\n            _env_dir/linux-rhel7-broadwell/gcc-8.3.1/vtk-m-1.6.0-b77d27rzqzlu7f\n            mbn6ao6vzpnwkzwlib/include/vtkm-1.6/vtkm/worklet/internal/Dispatche",
        "id": 199884,
        "label": "dinos-error"
    },
    {
        "phase": "N/A",
        "source_file": "            rBase.h",
        "source_line_no": "5",
        "line_no": 1485,
        "repeat_count": 0,
        "start": 1479,
        "end": 1492,
        "text": "rBase.h:594:56: error: no type named 'ScatterType' in 'class vtkh::",
        "pre_context": "     342    /tmp/koparasy/spack-stage/spack-stage-vtk-h-0.6.8-7gbtayitpnb3xhzvt\n            3xi6oxv5gbrrmr3/spack-src/src/vtkh/DataSet.cpp:647:44:   required f\n            rom here\n  >> 343    /p/vast1/koparasy/BUILD/spack_cluster_installer/quartz/ascent/spack\n            _env_dir/linux-rhel7-broadwell/gcc-8.3.1/vtk-m-1.6.0-b77d27rzqzlu7f\n            mbn6ao6vzpnwkzwlib/include/vtkm-1.6/vtkm/worklet/internal/Dispatche",
        "post_context": "            detail::MemSetWorklet<float>'\n     344       using ScatterType = typename WorkletType::ScatterType;\n     345                                                            ^\n  >> 346    /p/vast1/koparasy/BUILD/spack_cluster_installer/quartz/ascent/spack\n            _env_dir/linux-rhel7-broadwell/gcc-8.3.1/vtk-m-1.6.0-b77d27rzqzlu7f\n            mbn6ao6vzpnwkzwlib/include/vtkm-1.6/vtkm/worklet/internal/Dispatche",
        "id": 199946,
        "label": "dinos-error"
    },
    {
        "phase": "N/A",
        "source_file": "            rBase.h",
        "source_line_no": "5",
        "line_no": 1500,
        "repeat_count": 0,
        "start": 1494,
        "end": 1507,
        "text": "rBase.h:594:56: error: no type named 'ScatterType' in 'class vtkh::",
        "pre_context": "     358    /tmp/koparasy/spack-stage/spack-stage-vtk-h-0.6.2-56u7iwx4dhd5lrvhe\n            wcddpykjpby4jc5/spack-src/src/vtkh/DataSet.cpp:621:44:   required f\n            rom here\n  >> 359    /p/vast1/koparasy/BUILD/spack_cluster_installer/quartz/ascent/spack\n            _env_dir/linux-rhel7-broadwell/gcc-8.3.1/vtk-m-1.6.0-b77d27rzqzlu7f\n            mbn6ao6vzpnwkzwlib/include/vtkm-1.6/vtkm/worklet/internal/Dispatche",
        "post_context": "            detail::MemSetWorklet<float>'\n     360       using ScatterType = typename WorkletType::ScatterType;\n     361                                                            ^\n  >> 362    /p/vast1/koparasy/BUILD/spack_cluster_installer/quartz/ascent/spack\n            _env_dir/linux-rhel7-broadwell/gcc-8.3.1/vtk-m-1.6.0-b77d27rzqzlu7f\n            mbn6ao6vzpnwkzwlib/include/vtkm-1.6/vtkm/worklet/internal/Dispatche",
        "id": 199979,
        "label": "dinos-error"
    },
    {
        "phase": "N/A",
        "source_file": "            rBase.h",
        "source_line_no": "5",
        "line_no": 1399,
        "repeat_count": 0,
        "start": 1393,
        "end": 1406,
        "text": "rBase.h:594:56: error: no type named 'ScatterType' in 'class vtkh::",
        "pre_context": "     337    /tmp/koparasy/spack-stage/spack-stage-vtk-h-0.6.6-yseaodfh36z5epcf7\n            gc5uuho24fc2dy4/spack-src/src/vtkh/DataSet.cpp:647:44:   required f\n            rom here\n  >> 338    /p/vast1/koparasy/BUILD/spack_cluster_installer/quartz/ascent/spack\n            _env_dir/linux-rhel7-broadwell/gcc-8.3.1/vtk-m-1.6.0-b77d27rzqzlu7f\n            mbn6ao6vzpnwkzwlib/include/vtkm-1.6/vtkm/worklet/internal/Dispatche",
        "post_context": "            detail::MemSetWorklet<float>'\n     339       using ScatterType = typename WorkletType::ScatterType;\n     340                                                            ^\n  >> 341    /p/vast1/koparasy/BUILD/spack_cluster_installer/quartz/ascent/spack\n            _env_dir/linux-rhel7-broadwell/gcc-8.3.1/vtk-m-1.6.0-b77d27rzqzlu7f\n            mbn6ao6vzpnwkzwlib/include/vtkm-1.6/vtkm/worklet/internal/Dispatche",
        "id": 200016,
        "label": "dinos-error"
    },
    {
        "phase": "N/A",
        "source_file": "            rBase.h",
        "source_line_no": "5",
        "line_no": 1598,
        "repeat_count": 0,
        "start": 1592,
        "end": 1605,
        "text": "rBase.h:594:56: error: no type named 'ScatterType' in 'class vtkh::",
        "pre_context": "     360    /tmp/koparasy/spack-stage/spack-stage-vtk-h-0.6.7-dvru3jp2g27llexpd\n            w7f7wprol67zweh/spack-src/src/vtkh/DataSet.cpp:647:44:   required f\n            rom here\n  >> 361    /p/vast1/koparasy/BUILD/spack_cluster_installer/quartz/ascent/spack\n            _env_dir/linux-rhel7-broadwell/gcc-8.3.1/vtk-m-1.6.0-b77d27rzqzlu7f\n            mbn6ao6vzpnwkzwlib/include/vtkm-1.6/vtkm/worklet/internal/Dispatche",
        "post_context": "            detail::MemSetWorklet<float>'\n     362       using ScatterType = typename WorkletType::ScatterType;\n     363                                                            ^\n  >> 364    /p/vast1/koparasy/BUILD/spack_cluster_installer/quartz/ascent/spack\n            _env_dir/linux-rhel7-broadwell/gcc-8.3.1/vtk-m-1.6.0-b77d27rzqzlu7f\n            mbn6ao6vzpnwkzwlib/include/vtkm-1.6/vtkm/worklet/internal/Dispatche",
        "id": 200049,
        "label": "dinos-error"
    },
    {
        "phase": "N/A",
        "source_file": "            rBase.h",
        "source_line_no": "5",
        "line_no": 1598,
        "repeat_count": 0,
        "start": 1592,
        "end": 1605,
        "text": "rBase.h:594:56: error: no type named 'ScatterType' in 'class vtkh::",
        "pre_context": "     360    /tmp/koparasy/spack-stage/spack-stage-vtk-h-0.6.3-aadqprmapn4srccso\n            6kl5hc7uewlajvy/spack-src/src/vtkh/DataSet.cpp:621:44:   required f\n            rom here\n  >> 361    /p/vast1/koparasy/BUILD/spack_cluster_installer/quartz/ascent/spack\n            _env_dir/linux-rhel7-broadwell/gcc-8.3.1/vtk-m-1.6.0-b77d27rzqzlu7f\n            mbn6ao6vzpnwkzwlib/include/vtkm-1.6/vtkm/worklet/internal/Dispatche",
        "post_context": "            detail::MemSetWorklet<float>'\n     362       using ScatterType = typename WorkletType::ScatterType;\n     363                                                            ^\n  >> 364    /p/vast1/koparasy/BUILD/spack_cluster_installer/quartz/ascent/spack\n            _env_dir/linux-rhel7-broadwell/gcc-8.3.1/vtk-m-1.6.0-b77d27rzqzlu7f\n            mbn6ao6vzpnwkzwlib/include/vtkm-1.6/vtkm/worklet/internal/Dispatche",
        "id": 200085,
        "label": "dinos-error"
    },
    {
        "phase": "N/A",
        "source_file": "            rBase.h",
        "source_line_no": "5",
        "line_no": 1560,
        "repeat_count": 0,
        "start": 1554,
        "end": 1567,
        "text": "rBase.h:594:56: error: no type named 'ScatterType' in 'class vtkh::",
        "pre_context": "     360    /tmp/koparasy/spack-stage/spack-stage-vtk-h-0.6.2-56u7iwx4dhd5lrvhe\n            wcddpykjpby4jc5/spack-src/src/vtkh/DataSet.cpp:621:44:   required f\n            rom here\n  >> 361    /p/vast1/koparasy/BUILD/spack_cluster_installer/quartz/ascent/spack\n            _env_dir/linux-rhel7-broadwell/gcc-8.3.1/vtk-m-1.6.0-b77d27rzqzlu7f\n            mbn6ao6vzpnwkzwlib/include/vtkm-1.6/vtkm/worklet/internal/Dispatche",
        "post_context": "            detail::MemSetWorklet<float>'\n     362       using ScatterType = typename WorkletType::ScatterType;\n     363                                                            ^\n  >> 364    /p/vast1/koparasy/BUILD/spack_cluster_installer/quartz/ascent/spack\n            _env_dir/linux-rhel7-broadwell/gcc-8.3.1/vtk-m-1.6.0-b77d27rzqzlu7f\n            mbn6ao6vzpnwkzwlib/include/vtkm-1.6/vtkm/worklet/internal/Dispatche",
        "id": 200118,
        "label": "dinos-error"
    },
    {
        "phase": "N/A",
        "source_file": "            rBase.h",
        "source_line_no": "5",
        "line_no": 1598,
        "repeat_count": 0,
        "start": 1592,
        "end": 1605,
        "text": "rBase.h:594:56: error: no type named 'ScatterType' in 'class vtkh::",
        "pre_context": "     360    /tmp/koparasy/spack-stage/spack-stage-vtk-h-0.6.6-yseaodfh36z5epcf7\n            gc5uuho24fc2dy4/spack-src/src/vtkh/DataSet.cpp:647:44:   required f\n            rom here\n  >> 361    /p/vast1/koparasy/BUILD/spack_cluster_installer/quartz/ascent/spack\n            _env_dir/linux-rhel7-broadwell/gcc-8.3.1/vtk-m-1.6.0-b77d27rzqzlu7f\n            mbn6ao6vzpnwkzwlib/include/vtkm-1.6/vtkm/worklet/internal/Dispatche",
        "post_context": "            detail::MemSetWorklet<float>'\n     362       using ScatterType = typename WorkletType::ScatterType;\n     363                                                            ^\n  >> 364    /p/vast1/koparasy/BUILD/spack_cluster_installer/quartz/ascent/spack\n            _env_dir/linux-rhel7-broadwell/gcc-8.3.1/vtk-m-1.6.0-b77d27rzqzlu7f\n            mbn6ao6vzpnwkzwlib/include/vtkm-1.6/vtkm/worklet/internal/Dispatche",
        "id": 200155,
        "label": "dinos-error"
    },
    {
        "phase": "N/A",
        "source_file": "            rBase.h",
        "source_line_no": "5",
        "line_no": 1567,
        "repeat_count": 0,
        "start": 1561,
        "end": 1574,
        "text": "rBase.h:594:56: error: no type named 'ScatterType' in 'class vtkh::",
        "pre_context": "     363    /tmp/koparasy/spack-stage/spack-stage-vtk-h-0.6.3-aadqprmapn4srccso\n            6kl5hc7uewlajvy/spack-src/src/vtkh/DataSet.cpp:621:44:   required f\n            rom here\n  >> 364    /p/vast1/koparasy/BUILD/spack_cluster_installer/quartz/ascent/spack\n            _env_dir/linux-rhel7-broadwell/gcc-8.3.1/vtk-m-1.6.0-b77d27rzqzlu7f\n            mbn6ao6vzpnwkzwlib/include/vtkm-1.6/vtkm/worklet/internal/Dispatche",
        "post_context": "            detail::MemSetWorklet<float>'\n     365       using ScatterType = typename WorkletType::ScatterType;\n     366                                                            ^\n  >> 367    /p/vast1/koparasy/BUILD/spack_cluster_installer/quartz/ascent/spack\n            _env_dir/linux-rhel7-broadwell/gcc-8.3.1/vtk-m-1.6.0-b77d27rzqzlu7f\n            mbn6ao6vzpnwkzwlib/include/vtkm-1.6/vtkm/worklet/internal/Dispatche",
        "id": 200191,
        "label": "dinos-error"
    },
    {
        "phase": "N/A",
        "source_file": "            rBase.h",
        "source_line_no": "5",
        "line_no": 1769,
        "repeat_count": 0,
        "start": 1763,
        "end": 1776,
        "text": "rBase.h:594:56: error: no type named 'ScatterType' in 'class vtkh::",
        "pre_context": "     417    /tmp/koparasy/spack-stage/spack-stage-vtk-h-0.6.3-aadqprmapn4srccso\n            6kl5hc7uewlajvy/spack-src/src/vtkh/DataSet.cpp:621:44:   required f\n            rom here\n  >> 418    /p/vast1/koparasy/BUILD/spack_cluster_installer/quartz/ascent/spack\n            _env_dir/linux-rhel7-broadwell/gcc-8.3.1/vtk-m-1.6.0-b77d27rzqzlu7f\n            mbn6ao6vzpnwkzwlib/include/vtkm-1.6/vtkm/worklet/internal/Dispatche",
        "post_context": "            detail::MemSetWorklet<float>'\n     419       using ScatterType = typename WorkletType::ScatterType;\n     420                                                            ^\n  >> 421    /p/vast1/koparasy/BUILD/spack_cluster_installer/quartz/ascent/spack\n            _env_dir/linux-rhel7-broadwell/gcc-8.3.1/vtk-m-1.6.0-b77d27rzqzlu7f\n            mbn6ao6vzpnwkzwlib/include/vtkm-1.6/vtkm/worklet/internal/Dispatche",
        "id": 200199,
        "label": "dinos-error"
    },
    {
        "phase": "N/A",
        "source_file": "            rBase.h",
        "source_line_no": "5",
        "line_no": 1483,
        "repeat_count": 0,
        "start": 1477,
        "end": 1490,
        "text": "rBase.h:594:56: error: no type named 'ScatterType' in 'class vtkh::",
        "pre_context": "     351    /tmp/koparasy/spack-stage/spack-stage-vtk-h-0.6.7-dvru3jp2g27llexpd\n            w7f7wprol67zweh/spack-src/src/vtkh/DataSet.cpp:647:44:   required f\n            rom here\n  >> 352    /p/vast1/koparasy/BUILD/spack_cluster_installer/quartz/ascent/spack\n            _env_dir/linux-rhel7-broadwell/gcc-8.3.1/vtk-m-1.6.0-b77d27rzqzlu7f\n            mbn6ao6vzpnwkzwlib/include/vtkm-1.6/vtkm/worklet/internal/Dispatche",
        "post_context": "            detail::MemSetWorklet<float>'\n     353       using ScatterType = typename WorkletType::ScatterType;\n     354                                                            ^\n  >> 355    /p/vast1/koparasy/BUILD/spack_cluster_installer/quartz/ascent/spack\n            _env_dir/linux-rhel7-broadwell/gcc-8.3.1/vtk-m-1.6.0-b77d27rzqzlu7f\n            mbn6ao6vzpnwkzwlib/include/vtkm-1.6/vtkm/worklet/internal/Dispatche",
        "id": 200232,
        "label": "dinos-error"
    },
    {
        "phase": "N/A",
        "source_file": "            rBase.h",
        "source_line_no": "5",
        "line_no": 1622,
        "repeat_count": 0,
        "start": 1616,
        "end": 1629,
        "text": "rBase.h:594:56: error: no type named 'ScatterType' in 'class vtkh::",
        "pre_context": "     358    /tmp/koparasy/spack-stage/spack-stage-vtk-h-0.6.8-7gbtayitpnb3xhzvt\n            3xi6oxv5gbrrmr3/spack-src/src/vtkh/DataSet.cpp:647:44:   required f\n            rom here\n  >> 359    /p/vast1/koparasy/BUILD/spack_cluster_installer/quartz/ascent/spack\n            _env_dir/linux-rhel7-broadwell/gcc-8.3.1/vtk-m-1.6.0-b77d27rzqzlu7f\n            mbn6ao6vzpnwkzwlib/include/vtkm-1.6/vtkm/worklet/internal/Dispatche",
        "post_context": "            detail::MemSetWorklet<float>'\n     360       using ScatterType = typename WorkletType::ScatterType;\n     361                                                            ^\n  >> 362    /p/vast1/koparasy/BUILD/spack_cluster_installer/quartz/ascent/spack\n            _env_dir/linux-rhel7-broadwell/gcc-8.3.1/vtk-m-1.6.0-b77d27rzqzlu7f\n            mbn6ao6vzpnwkzwlib/include/vtkm-1.6/vtkm/worklet/internal/Dispatche",
        "id": 200269,
        "label": "dinos-error"
    },
    {
        "phase": "N/A",
        "source_file": "            rBase.h",
        "source_line_no": "5",
        "line_no": 1461,
        "repeat_count": 0,
        "start": 1455,
        "end": 1468,
        "text": "rBase.h:594:56: error: no type named 'ScatterType' in 'class vtkh::",
        "pre_context": "     342    /tmp/koparasy/spack-stage/spack-stage-vtk-h-0.6.8-7gbtayitpnb3xhzvt\n            3xi6oxv5gbrrmr3/spack-src/src/vtkh/DataSet.cpp:647:44:   required f\n            rom here\n  >> 343    /p/vast1/koparasy/BUILD/spack_cluster_installer/quartz/ascent/spack\n            _env_dir/linux-rhel7-broadwell/gcc-8.3.1/vtk-m-1.6.0-b77d27rzqzlu7f\n            mbn6ao6vzpnwkzwlib/include/vtkm-1.6/vtkm/worklet/internal/Dispatche",
        "post_context": "            detail::MemSetWorklet<float>'\n     344       using ScatterType = typename WorkletType::ScatterType;\n     345                                                            ^\n  >> 346    /p/vast1/koparasy/BUILD/spack_cluster_installer/quartz/ascent/spack\n            _env_dir/linux-rhel7-broadwell/gcc-8.3.1/vtk-m-1.6.0-b77d27rzqzlu7f\n            mbn6ao6vzpnwkzwlib/include/vtkm-1.6/vtkm/worklet/internal/Dispatche",
        "id": 200305,
        "label": "dinos-error"
    },
    {
        "phase": "N/A",
        "source_file": "            rBase.h",
        "source_line_no": "5",
        "line_no": 1585,
        "repeat_count": 0,
        "start": 1579,
        "end": 1592,
        "text": "rBase.h:594:56: error: no type named 'ScatterType' in 'class vtkh::",
        "pre_context": "     360    /tmp/koparasy/spack-stage/spack-stage-vtk-h-0.6.0-gyscg5lqhflfk2u4u\n            j2gdqj3zspnvyqi/spack-src/src/vtkh/DataSet.cpp:621:44:   required f\n            rom here\n  >> 361    /p/vast1/koparasy/BUILD/spack_cluster_installer/quartz/ascent/spack\n            _env_dir/linux-rhel7-broadwell/gcc-8.3.1/vtk-m-1.6.0-b77d27rzqzlu7f\n            mbn6ao6vzpnwkzwlib/include/vtkm-1.6/vtkm/worklet/internal/Dispatche",
        "post_context": "            detail::MemSetWorklet<float>'\n     362       using ScatterType = typename WorkletType::ScatterType;\n     363                                                            ^\n  >> 364    /p/vast1/koparasy/BUILD/spack_cluster_installer/quartz/ascent/spack\n            _env_dir/linux-rhel7-broadwell/gcc-8.3.1/vtk-m-1.6.0-b77d27rzqzlu7f\n            mbn6ao6vzpnwkzwlib/include/vtkm-1.6/vtkm/worklet/internal/Dispatche",
        "id": 200377,
        "label": "dinos-error"
    },
    {
        "phase": "N/A",
        "source_file": "            rBase.h",
        "source_line_no": "5",
        "line_no": 1511,
        "repeat_count": 0,
        "start": 1505,
        "end": 1518,
        "text": "rBase.h:594:56: error: no type named 'ScatterType' in 'class vtkh::",
        "pre_context": "     358    /tmp/koparasy/spack-stage/spack-stage-vtk-h-0.6.0-gyscg5lqhflfk2u4u\n            j2gdqj3zspnvyqi/spack-src/src/vtkh/DataSet.cpp:621:44:   required f\n            rom here\n  >> 359    /p/vast1/koparasy/BUILD/spack_cluster_installer/quartz/ascent/spack\n            _env_dir/linux-rhel7-broadwell/gcc-8.3.1/vtk-m-1.6.0-b77d27rzqzlu7f\n            mbn6ao6vzpnwkzwlib/include/vtkm-1.6/vtkm/worklet/internal/Dispatche",
        "post_context": "            detail::MemSetWorklet<float>'\n     360       using ScatterType = typename WorkletType::ScatterType;\n     361                                                            ^\n  >> 362    /p/vast1/koparasy/BUILD/spack_cluster_installer/quartz/ascent/spack\n            _env_dir/linux-rhel7-broadwell/gcc-8.3.1/vtk-m-1.6.0-b77d27rzqzlu7f\n            mbn6ao6vzpnwkzwlib/include/vtkm-1.6/vtkm/worklet/internal/Dispatche",
        "id": 200413,
        "label": "dinos-error"
    },
    {
        "phase": "N/A",
        "source_file": "            rBase.h",
        "source_line_no": "5",
        "line_no": 1430,
        "repeat_count": 0,
        "start": 1424,
        "end": 1437,
        "text": "rBase.h:594:56: error: no type named 'ScatterType' in 'class vtkh::",
        "pre_context": "     356    /tmp/koparasy/spack-stage/spack-stage-vtk-h-0.6.8-7gbtayitpnb3xhzvt\n            3xi6oxv5gbrrmr3/spack-src/src/vtkh/DataSet.cpp:647:44:   required f\n            rom here\n  >> 357    /p/vast1/koparasy/BUILD/spack_cluster_installer/quartz/ascent/spack\n            _env_dir/linux-rhel7-broadwell/gcc-8.3.1/vtk-m-1.6.0-b77d27rzqzlu7f\n            mbn6ao6vzpnwkzwlib/include/vtkm-1.6/vtkm/worklet/internal/Dispatche",
        "post_context": "            detail::MemSetWorklet<float>'\n     358       using ScatterType = typename WorkletType::ScatterType;\n     359                                                            ^\n  >> 360    /p/vast1/koparasy/BUILD/spack_cluster_installer/quartz/ascent/spack\n            _env_dir/linux-rhel7-broadwell/gcc-8.3.1/vtk-m-1.6.0-b77d27rzqzlu7f\n            mbn6ao6vzpnwkzwlib/include/vtkm-1.6/vtkm/worklet/internal/Dispatche",
        "id": 200449,
        "label": "dinos-error"
    },
    {
        "phase": "N/A",
        "source_file": "            rBase.h",
        "source_line_no": "5",
        "line_no": 1647,
        "repeat_count": 0,
        "start": 1641,
        "end": 1654,
        "text": "rBase.h:594:56: error: no type named 'ScatterType' in 'class vtkh::",
        "pre_context": "     358    /tmp/koparasy/spack-stage/spack-stage-vtk-h-0.6.1-vaw22hl5jcxw7fn2w\n            yvstdt5boodfwzr/spack-src/src/vtkh/DataSet.cpp:621:44:   required f\n            rom here\n  >> 359    /p/vast1/koparasy/BUILD/spack_cluster_installer/quartz/ascent/spack\n            _env_dir/linux-rhel7-broadwell/gcc-8.3.1/vtk-m-1.6.0-b77d27rzqzlu7f\n            mbn6ao6vzpnwkzwlib/include/vtkm-1.6/vtkm/worklet/internal/Dispatche",
        "post_context": "            detail::MemSetWorklet<float>'\n     360       using ScatterType = typename WorkletType::ScatterType;\n     361                                                            ^\n  >> 362    /p/vast1/koparasy/BUILD/spack_cluster_installer/quartz/ascent/spack\n            _env_dir/linux-rhel7-broadwell/gcc-8.3.1/vtk-m-1.6.0-b77d27rzqzlu7f\n            mbn6ao6vzpnwkzwlib/include/vtkm-1.6/vtkm/worklet/internal/Dispatche",
        "id": 200530,
        "label": "dinos-error"
    },
    {
        "phase": "N/A",
        "source_file": "            rBase.h",
        "source_line_no": "5",
        "line_no": 1529,
        "repeat_count": 0,
        "start": 1523,
        "end": 1536,
        "text": "rBase.h:594:56: error: no type named 'ScatterType' in 'class vtkh::",
        "pre_context": "     358    /tmp/koparasy/spack-stage/spack-stage-vtk-h-0.6.1-vaw22hl5jcxw7fn2w\n            yvstdt5boodfwzr/spack-src/src/vtkh/DataSet.cpp:621:44:   required f\n            rom here\n  >> 359    /p/vast1/koparasy/BUILD/spack_cluster_installer/quartz/ascent/spack\n            _env_dir/linux-rhel7-broadwell/gcc-8.3.1/vtk-m-1.6.0-b77d27rzqzlu7f\n            mbn6ao6vzpnwkzwlib/include/vtkm-1.6/vtkm/worklet/internal/Dispatche",
        "post_context": "            detail::MemSetWorklet<float>'\n     360       using ScatterType = typename WorkletType::ScatterType;\n     361                                                            ^\n  >> 362    /p/vast1/koparasy/BUILD/spack_cluster_installer/quartz/ascent/spack\n            _env_dir/linux-rhel7-broadwell/gcc-8.3.1/vtk-m-1.6.0-b77d27rzqzlu7f\n            mbn6ao6vzpnwkzwlib/include/vtkm-1.6/vtkm/worklet/internal/Dispatche",
        "id": 200574,
        "label": "dinos-error"
    },
    {
        "phase": "N/A",
        "source_file": "            rBase.h",
        "source_line_no": "5",
        "line_no": 1598,
        "repeat_count": 0,
        "start": 1592,
        "end": 1605,
        "text": "rBase.h:594:56: error: no type named 'ScatterType' in 'class vtkh::",
        "pre_context": "     360    /tmp/koparasy/spack-stage/spack-stage-vtk-h-0.6.6-yseaodfh36z5epcf7\n            gc5uuho24fc2dy4/spack-src/src/vtkh/DataSet.cpp:647:44:   required f\n            rom here\n  >> 361    /p/vast1/koparasy/BUILD/spack_cluster_installer/quartz/ascent/spack\n            _env_dir/linux-rhel7-broadwell/gcc-8.3.1/vtk-m-1.6.0-b77d27rzqzlu7f\n            mbn6ao6vzpnwkzwlib/include/vtkm-1.6/vtkm/worklet/internal/Dispatche",
        "post_context": "            detail::MemSetWorklet<float>'\n     362       using ScatterType = typename WorkletType::ScatterType;\n     363                                                            ^\n  >> 364    /p/vast1/koparasy/BUILD/spack_cluster_installer/quartz/ascent/spack\n            _env_dir/linux-rhel7-broadwell/gcc-8.3.1/vtk-m-1.6.0-b77d27rzqzlu7f\n            mbn6ao6vzpnwkzwlib/include/vtkm-1.6/vtkm/worklet/internal/Dispatche",
        "id": 200728,
        "label": "dinos-error"
    },
    {
        "phase": "N/A",
        "source_file": "            rBase.h",
        "source_line_no": "5",
        "line_no": 1517,
        "repeat_count": 0,
        "start": 1511,
        "end": 1524,
        "text": "rBase.h:594:56: error: no type named 'ScatterType' in 'class vtkh::",
        "pre_context": "     350    /tmp/koparasy/spack-stage/spack-stage-vtk-h-0.6.1-vaw22hl5jcxw7fn2w\n            yvstdt5boodfwzr/spack-src/src/vtkh/DataSet.cpp:621:44:   required f\n            rom here\n  >> 351    /p/vast1/koparasy/BUILD/spack_cluster_installer/quartz/ascent/spack\n            _env_dir/linux-rhel7-broadwell/gcc-8.3.1/vtk-m-1.6.0-b77d27rzqzlu7f\n            mbn6ao6vzpnwkzwlib/include/vtkm-1.6/vtkm/worklet/internal/Dispatche",
        "post_context": "            detail::MemSetWorklet<float>'\n     352       using ScatterType = typename WorkletType::ScatterType;\n     353                                                            ^\n  >> 354    /p/vast1/koparasy/BUILD/spack_cluster_installer/quartz/ascent/spack\n            _env_dir/linux-rhel7-broadwell/gcc-8.3.1/vtk-m-1.6.0-b77d27rzqzlu7f\n            mbn6ao6vzpnwkzwlib/include/vtkm-1.6/vtkm/worklet/internal/Dispatche",
        "id": 200774,
        "label": "dinos-error"
    },
    {
        "phase": "N/A",
        "source_file": "            rBase.h",
        "source_line_no": "5",
        "line_no": 1601,
        "repeat_count": 0,
        "start": 1595,
        "end": 1608,
        "text": "rBase.h:594:56: error: no type named 'ScatterType' in 'class vtkh::",
        "pre_context": "     365    /tmp/koparasy/spack-stage/spack-stage-vtk-h-0.6.5-plk6ieh4qr3e3nqbr\n            ml26btv3caybd4y/spack-src/src/vtkh/DataSet.cpp:647:44:   required f\n            rom here\n  >> 366    /p/vast1/koparasy/BUILD/spack_cluster_installer/quartz/ascent/spack\n            _env_dir/linux-rhel7-broadwell/gcc-8.3.1/vtk-m-1.6.0-b77d27rzqzlu7f\n            mbn6ao6vzpnwkzwlib/include/vtkm-1.6/vtkm/worklet/internal/Dispatche",
        "post_context": "            detail::MemSetWorklet<float>'\n     367       using ScatterType = typename WorkletType::ScatterType;\n     368                                                            ^\n  >> 369    /p/vast1/koparasy/BUILD/spack_cluster_installer/quartz/ascent/spack\n            _env_dir/linux-rhel7-broadwell/gcc-8.3.1/vtk-m-1.6.0-b77d27rzqzlu7f\n            mbn6ao6vzpnwkzwlib/include/vtkm-1.6/vtkm/worklet/internal/Dispatche",
        "id": 200807,
        "label": "dinos-error"
    },
    {
        "phase": "N/A",
        "source_file": "            rBase.h",
        "source_line_no": "5",
        "line_no": 1641,
        "repeat_count": 0,
        "start": 1635,
        "end": 1648,
        "text": "rBase.h:594:56: error: no type named 'ScatterType' in 'class vtkh::",
        "pre_context": "     365    /tmp/koparasy/spack-stage/spack-stage-vtk-h-0.6.4-i2rag2tw7sgppxn43\n            e5idnwn7734ldyf/spack-src/src/vtkh/DataSet.cpp:647:44:   required f\n            rom here\n  >> 366    /p/vast1/koparasy/BUILD/spack_cluster_installer/quartz/ascent/spack\n            _env_dir/linux-rhel7-broadwell/gcc-8.3.1/vtk-m-1.6.0-b77d27rzqzlu7f\n            mbn6ao6vzpnwkzwlib/include/vtkm-1.6/vtkm/worklet/internal/Dispatche",
        "post_context": "            detail::MemSetWorklet<float>'\n     367       using ScatterType = typename WorkletType::ScatterType;\n     368                                                            ^\n  >> 369    /p/vast1/koparasy/BUILD/spack_cluster_installer/quartz/ascent/spack\n            _env_dir/linux-rhel7-broadwell/gcc-8.3.1/vtk-m-1.6.0-b77d27rzqzlu7f\n            mbn6ao6vzpnwkzwlib/include/vtkm-1.6/vtkm/worklet/internal/Dispatche",
        "id": 200840,
        "label": "dinos-error"
    },
    {
        "phase": "N/A",
        "source_file": "            rBase.h",
        "source_line_no": "5",
        "line_no": 1447,
        "repeat_count": 0,
        "start": 1441,
        "end": 1454,
        "text": "rBase.h:594:56: error: no type named 'ScatterType' in 'class vtkh::",
        "pre_context": "     342    /tmp/koparasy/spack-stage/spack-stage-vtk-h-0.6.2-56u7iwx4dhd5lrvhe\n            wcddpykjpby4jc5/spack-src/src/vtkh/DataSet.cpp:621:44:   required f\n            rom here\n  >> 343    /p/vast1/koparasy/BUILD/spack_cluster_installer/quartz/ascent/spack\n            _env_dir/linux-rhel7-broadwell/gcc-8.3.1/vtk-m-1.6.0-b77d27rzqzlu7f\n            mbn6ao6vzpnwkzwlib/include/vtkm-1.6/vtkm/worklet/internal/Dispatche",
        "post_context": "            detail::MemSetWorklet<float>'\n     344       using ScatterType = typename WorkletType::ScatterType;\n     345                                                            ^\n  >> 346    /p/vast1/koparasy/BUILD/spack_cluster_installer/quartz/ascent/spack\n            _env_dir/linux-rhel7-broadwell/gcc-8.3.1/vtk-m-1.6.0-b77d27rzqzlu7f\n            mbn6ao6vzpnwkzwlib/include/vtkm-1.6/vtkm/worklet/internal/Dispatche",
        "id": 200873,
        "label": "dinos-error"
    },
    {
        "phase": "N/A",
        "source_file": "            rBase.h",
        "source_line_no": "5",
        "line_no": 1640,
        "repeat_count": 0,
        "start": 1634,
        "end": 1647,
        "text": "rBase.h:594:56: error: no type named 'ScatterType' in 'class vtkh::",
        "pre_context": "     365    /tmp/koparasy/spack-stage/spack-stage-vtk-h-0.6.3-aadqprmapn4srccso\n            6kl5hc7uewlajvy/spack-src/src/vtkh/DataSet.cpp:621:44:   required f\n            rom here\n  >> 366    /p/vast1/koparasy/BUILD/spack_cluster_installer/quartz/ascent/spack\n            _env_dir/linux-rhel7-broadwell/gcc-8.3.1/vtk-m-1.6.0-b77d27rzqzlu7f\n            mbn6ao6vzpnwkzwlib/include/vtkm-1.6/vtkm/worklet/internal/Dispatche",
        "post_context": "            detail::MemSetWorklet<float>'\n     367       using ScatterType = typename WorkletType::ScatterType;\n     368                                                            ^\n  >> 369    /p/vast1/koparasy/BUILD/spack_cluster_installer/quartz/ascent/spack\n            _env_dir/linux-rhel7-broadwell/gcc-8.3.1/vtk-m-1.6.0-b77d27rzqzlu7f\n            mbn6ao6vzpnwkzwlib/include/vtkm-1.6/vtkm/worklet/internal/Dispatche",
        "id": 200972,
        "label": "dinos-error"
    },
    {
        "phase": "N/A",
        "source_file": "            rBase.h",
        "source_line_no": "5",
        "line_no": 1640,
        "repeat_count": 0,
        "start": 1634,
        "end": 1647,
        "text": "rBase.h:594:56: error: no type named 'ScatterType' in 'class vtkh::",
        "pre_context": "     353    /tmp/koparasy/spack-stage/spack-stage-vtk-h-0.6.3-aadqprmapn4srccso\n            6kl5hc7uewlajvy/spack-src/src/vtkh/DataSet.cpp:621:44:   required f\n            rom here\n  >> 354    /p/vast1/koparasy/BUILD/spack_cluster_installer/quartz/ascent/spack\n            _env_dir/linux-rhel7-broadwell/gcc-8.3.1/vtk-m-1.6.0-b77d27rzqzlu7f\n            mbn6ao6vzpnwkzwlib/include/vtkm-1.6/vtkm/worklet/internal/Dispatche",
        "post_context": "            detail::MemSetWorklet<float>'\n     355       using ScatterType = typename WorkletType::ScatterType;\n     356                                                            ^\n  >> 357    /p/vast1/koparasy/BUILD/spack_cluster_installer/quartz/ascent/spack\n            _env_dir/linux-rhel7-broadwell/gcc-8.3.1/vtk-m-1.6.0-b77d27rzqzlu7f\n            mbn6ao6vzpnwkzwlib/include/vtkm-1.6/vtkm/worklet/internal/Dispatche",
        "id": 201005,
        "label": "dinos-error"
    },
    {
        "phase": "N/A",
        "source_file": "            rBase.h",
        "source_line_no": "5",
        "line_no": 1560,
        "repeat_count": 0,
        "start": 1554,
        "end": 1567,
        "text": "rBase.h:594:56: error: no type named 'ScatterType' in 'class vtkh::",
        "pre_context": "     352    /tmp/koparasy/spack-stage/spack-stage-vtk-h-0.6.4-i2rag2tw7sgppxn43\n            e5idnwn7734ldyf/spack-src/src/vtkh/DataSet.cpp:647:44:   required f\n            rom here\n  >> 353    /p/vast1/koparasy/BUILD/spack_cluster_installer/quartz/ascent/spack\n            _env_dir/linux-rhel7-broadwell/gcc-8.3.1/vtk-m-1.6.0-b77d27rzqzlu7f\n            mbn6ao6vzpnwkzwlib/include/vtkm-1.6/vtkm/worklet/internal/Dispatche",
        "post_context": "            detail::MemSetWorklet<float>'\n     354       using ScatterType = typename WorkletType::ScatterType;\n     355                                                            ^\n  >> 356    /p/vast1/koparasy/BUILD/spack_cluster_installer/quartz/ascent/spack\n            _env_dir/linux-rhel7-broadwell/gcc-8.3.1/vtk-m-1.6.0-b77d27rzqzlu7f\n            mbn6ao6vzpnwkzwlib/include/vtkm-1.6/vtkm/worklet/internal/Dispatche",
        "id": 201078,
        "label": "dinos-error"
    },
    {
        "phase": "N/A",
        "source_file": "            rBase.h",
        "source_line_no": "5",
        "line_no": 1617,
        "repeat_count": 0,
        "start": 1611,
        "end": 1624,
        "text": "rBase.h:594:56: error: no type named 'ScatterType' in 'class vtkh::",
        "pre_context": "     358    /tmp/koparasy/spack-stage/spack-stage-vtk-h-0.6.2-56u7iwx4dhd5lrvhe\n            wcddpykjpby4jc5/spack-src/src/vtkh/DataSet.cpp:621:44:   required f\n            rom here\n  >> 359    /p/vast1/koparasy/BUILD/spack_cluster_installer/quartz/ascent/spack\n            _env_dir/linux-rhel7-broadwell/gcc-8.3.1/vtk-m-1.6.0-b77d27rzqzlu7f\n            mbn6ao6vzpnwkzwlib/include/vtkm-1.6/vtkm/worklet/internal/Dispatche",
        "post_context": "            detail::MemSetWorklet<float>'\n     360       using ScatterType = typename WorkletType::ScatterType;\n     361                                                            ^\n  >> 362    /p/vast1/koparasy/BUILD/spack_cluster_installer/quartz/ascent/spack\n            _env_dir/linux-rhel7-broadwell/gcc-8.3.1/vtk-m-1.6.0-b77d27rzqzlu7f\n            mbn6ao6vzpnwkzwlib/include/vtkm-1.6/vtkm/worklet/internal/Dispatche",
        "id": 201115,
        "label": "dinos-error"
    },
    {
        "phase": "N/A",
        "source_file": "            rBase.h",
        "source_line_no": "5",
        "line_no": 1559,
        "repeat_count": 0,
        "start": 1553,
        "end": 1566,
        "text": "rBase.h:594:56: error: no type named 'ScatterType' in 'class vtkh::",
        "pre_context": "     349    /tmp/koparasy/spack-stage/spack-stage-vtk-h-0.6.1-vaw22hl5jcxw7fn2w\n            yvstdt5boodfwzr/spack-src/src/vtkh/DataSet.cpp:621:44:   required f\n            rom here\n  >> 350    /p/vast1/koparasy/BUILD/spack_cluster_installer/quartz/ascent/spack\n            _env_dir/linux-rhel7-broadwell/gcc-8.3.1/vtk-m-1.6.0-b77d27rzqzlu7f\n            mbn6ao6vzpnwkzwlib/include/vtkm-1.6/vtkm/worklet/internal/Dispatche",
        "post_context": "            detail::MemSetWorklet<float>'\n     351       using ScatterType = typename WorkletType::ScatterType;\n     352                                                            ^\n  >> 353    /p/vast1/koparasy/BUILD/spack_cluster_installer/quartz/ascent/spack\n            _env_dir/linux-rhel7-broadwell/gcc-8.3.1/vtk-m-1.6.0-b77d27rzqzlu7f\n            mbn6ao6vzpnwkzwlib/include/vtkm-1.6/vtkm/worklet/internal/Dispatche",
        "id": 201148,
        "label": "dinos-error"
    },
    {
        "phase": "N/A",
        "source_file": "            rBase.h",
        "source_line_no": "5",
        "line_no": 1602,
        "repeat_count": 0,
        "start": 1596,
        "end": 1609,
        "text": "rBase.h:594:56: error: no type named 'ScatterType' in 'class vtkh::",
        "pre_context": "     360    /tmp/koparasy/spack-stage/spack-stage-vtk-h-0.6.1-vaw22hl5jcxw7fn2w\n            yvstdt5boodfwzr/spack-src/src/vtkh/DataSet.cpp:621:44:   required f\n            rom here\n  >> 361    /p/vast1/koparasy/BUILD/spack_cluster_installer/quartz/ascent/spack\n            _env_dir/linux-rhel7-broadwell/gcc-8.3.1/vtk-m-1.6.0-b77d27rzqzlu7f\n            mbn6ao6vzpnwkzwlib/include/vtkm-1.6/vtkm/worklet/internal/Dispatche",
        "post_context": "            detail::MemSetWorklet<float>'\n     362       using ScatterType = typename WorkletType::ScatterType;\n     363                                                            ^\n  >> 364    /p/vast1/koparasy/BUILD/spack_cluster_installer/quartz/ascent/spack\n            _env_dir/linux-rhel7-broadwell/gcc-8.3.1/vtk-m-1.6.0-b77d27rzqzlu7f\n            mbn6ao6vzpnwkzwlib/include/vtkm-1.6/vtkm/worklet/internal/Dispatche",
        "id": 201223,
        "label": "dinos-error"
    },
    {
        "phase": "N/A",
        "source_file": "            rBase.h",
        "source_line_no": "5",
        "line_no": 1434,
        "repeat_count": 0,
        "start": 1428,
        "end": 1441,
        "text": "rBase.h:594:56: error: no type named 'ScatterType' in 'class vtkh::",
        "pre_context": "     337    /tmp/koparasy/spack-stage/spack-stage-vtk-h-0.6.3-aadqprmapn4srccso\n            6kl5hc7uewlajvy/spack-src/src/vtkh/DataSet.cpp:621:44:   required f\n            rom here\n  >> 338    /p/vast1/koparasy/BUILD/spack_cluster_installer/quartz/ascent/spack\n            _env_dir/linux-rhel7-broadwell/gcc-8.3.1/vtk-m-1.6.0-b77d27rzqzlu7f\n            mbn6ao6vzpnwkzwlib/include/vtkm-1.6/vtkm/worklet/internal/Dispatche",
        "post_context": "            detail::MemSetWorklet<float>'\n     339       using ScatterType = typename WorkletType::ScatterType;\n     340                                                            ^\n  >> 341    /p/vast1/koparasy/BUILD/spack_cluster_installer/quartz/ascent/spack\n            _env_dir/linux-rhel7-broadwell/gcc-8.3.1/vtk-m-1.6.0-b77d27rzqzlu7f\n            mbn6ao6vzpnwkzwlib/include/vtkm-1.6/vtkm/worklet/internal/Dispatche",
        "id": 201280,
        "label": "dinos-error"
    },
    {
        "phase": "N/A",
        "source_file": "            rBase.h",
        "source_line_no": "5",
        "line_no": 1463,
        "repeat_count": 0,
        "start": 1457,
        "end": 1470,
        "text": "rBase.h:594:56: error: no type named 'ScatterType' in 'class vtkh::",
        "pre_context": "     351    /tmp/koparasy/spack-stage/spack-stage-vtk-h-0.6.0-gyscg5lqhflfk2u4u\n            j2gdqj3zspnvyqi/spack-src/src/vtkh/DataSet.cpp:621:44:   required f\n            rom here\n  >> 352    /p/vast1/koparasy/BUILD/spack_cluster_installer/quartz/ascent/spack\n            _env_dir/linux-rhel7-broadwell/gcc-8.3.1/vtk-m-1.6.0-b77d27rzqzlu7f\n            mbn6ao6vzpnwkzwlib/include/vtkm-1.6/vtkm/worklet/internal/Dispatche",
        "post_context": "            detail::MemSetWorklet<float>'\n     353       using ScatterType = typename WorkletType::ScatterType;\n     354                                                            ^\n  >> 355    /p/vast1/koparasy/BUILD/spack_cluster_installer/quartz/ascent/spack\n            _env_dir/linux-rhel7-broadwell/gcc-8.3.1/vtk-m-1.6.0-b77d27rzqzlu7f\n            mbn6ao6vzpnwkzwlib/include/vtkm-1.6/vtkm/worklet/internal/Dispatche",
        "id": 201349,
        "label": "dinos-error"
    },
    {
        "phase": "N/A",
        "source_file": "            rBase.h",
        "source_line_no": "5",
        "line_no": 1618,
        "repeat_count": 0,
        "start": 1612,
        "end": 1625,
        "text": "rBase.h:594:56: error: no type named 'ScatterType' in 'class vtkh::",
        "pre_context": "     365    /tmp/koparasy/spack-stage/spack-stage-vtk-h-0.6.1-vaw22hl5jcxw7fn2w\n            yvstdt5boodfwzr/spack-src/src/vtkh/DataSet.cpp:621:44:   required f\n            rom here\n  >> 366    /p/vast1/koparasy/BUILD/spack_cluster_installer/quartz/ascent/spack\n            _env_dir/linux-rhel7-broadwell/gcc-8.3.1/vtk-m-1.6.0-b77d27rzqzlu7f\n            mbn6ao6vzpnwkzwlib/include/vtkm-1.6/vtkm/worklet/internal/Dispatche",
        "post_context": "            detail::MemSetWorklet<float>'\n     367       using ScatterType = typename WorkletType::ScatterType;\n     368                                                            ^\n  >> 369    /p/vast1/koparasy/BUILD/spack_cluster_installer/quartz/ascent/spack\n            _env_dir/linux-rhel7-broadwell/gcc-8.3.1/vtk-m-1.6.0-b77d27rzqzlu7f\n            mbn6ao6vzpnwkzwlib/include/vtkm-1.6/vtkm/worklet/internal/Dispatche",
        "id": 201385,
        "label": "dinos-error"
    },
    {
        "phase": "N/A",
        "source_file": "            rBase.h",
        "source_line_no": "5",
        "line_no": 1485,
        "repeat_count": 0,
        "start": 1479,
        "end": 1492,
        "text": "rBase.h:594:56: error: no type named 'ScatterType' in 'class vtkh::",
        "pre_context": "     342    /tmp/koparasy/spack-stage/spack-stage-vtk-h-0.6.5-plk6ieh4qr3e3nqbr\n            ml26btv3caybd4y/spack-src/src/vtkh/DataSet.cpp:647:44:   required f\n            rom here\n  >> 343    /p/vast1/koparasy/BUILD/spack_cluster_installer/quartz/ascent/spack\n            _env_dir/linux-rhel7-broadwell/gcc-8.3.1/vtk-m-1.6.0-b77d27rzqzlu7f\n            mbn6ao6vzpnwkzwlib/include/vtkm-1.6/vtkm/worklet/internal/Dispatche",
        "post_context": "            detail::MemSetWorklet<float>'\n     344       using ScatterType = typename WorkletType::ScatterType;\n     345                                                            ^\n  >> 346    /p/vast1/koparasy/BUILD/spack_cluster_installer/quartz/ascent/spack\n            _env_dir/linux-rhel7-broadwell/gcc-8.3.1/vtk-m-1.6.0-b77d27rzqzlu7f\n            mbn6ao6vzpnwkzwlib/include/vtkm-1.6/vtkm/worklet/internal/Dispatche",
        "id": 201422,
        "label": "dinos-error"
    },
    {
        "phase": "N/A",
        "source_file": "            rBase.h",
        "source_line_no": "5",
        "line_no": 1622,
        "repeat_count": 0,
        "start": 1616,
        "end": 1629,
        "text": "rBase.h:594:56: error: no type named 'ScatterType' in 'class vtkh::",
        "pre_context": "     358    /tmp/koparasy/spack-stage/spack-stage-vtk-h-0.6.4-i2rag2tw7sgppxn43\n            e5idnwn7734ldyf/spack-src/src/vtkh/DataSet.cpp:647:44:   required f\n            rom here\n  >> 359    /p/vast1/koparasy/BUILD/spack_cluster_installer/quartz/ascent/spack\n            _env_dir/linux-rhel7-broadwell/gcc-8.3.1/vtk-m-1.6.0-b77d27rzqzlu7f\n            mbn6ao6vzpnwkzwlib/include/vtkm-1.6/vtkm/worklet/internal/Dispatche",
        "post_context": "            detail::MemSetWorklet<float>'\n     360       using ScatterType = typename WorkletType::ScatterType;\n     361                                                            ^\n  >> 362    /p/vast1/koparasy/BUILD/spack_cluster_installer/quartz/ascent/spack\n            _env_dir/linux-rhel7-broadwell/gcc-8.3.1/vtk-m-1.6.0-b77d27rzqzlu7f\n            mbn6ao6vzpnwkzwlib/include/vtkm-1.6/vtkm/worklet/internal/Dispatche",
        "id": 201463,
        "label": "dinos-error"
    }
]